Package: 0xc
Fetcher: github
Source:  https://github.com/AdamNiederer/0xc.git

Updating /mnt/store/melpa/working/0xc/
Copying files (->) and directories (=>)
  from /mnt/store/melpa/working/0xc/
  to /tmp/0xcJd2Omd/0xc-20201025.2105
    0xc-live.el -> 0xc-live.el
    0xc.el -> 0xc.el
Created 0xc-20201025.2105.tar containing:
  0xc-20201025.2105/
  0xc-20201025.2105/0xc-live.el
  0xc-20201025.2105/0xc-pkg.el
  0xc-20201025.2105/0xc.el
Built 0xc in 3.782s, finished at Wed May 19 02:57:25 2021
 ✓ Success:
4.0K -rw-r--r-- 1 root root  399 May 19 02:57 packages/0xc-20201025.2105.entry
 20K -rw-r--r-- 1 root root  20K May 19 02:57 packages/0xc-20201025.2105.tar
4.0K -rw-r--r-- 1 root root 1.2K May 19 02:57 packages/0xc-badge.svg
4.0K -rw-r--r-- 1 root root  266 May 19 02:57 packages/0xc-readme.txt
