Package: ac-geiser
Fetcher: github
Source:  https://github.com/xiaohanyu/ac-geiser.git

Updating /mnt/store/melpa/working/ac-geiser/
Checking out origin/HEAD
Checking out 93818c936ee7e2f1ba1b315578bde363a7d43d05
Copying files (->) and directories (=>)
  from /mnt/store/melpa/working/ac-geiser/
  to /tmp/ac-geiser0vZ53h/ac-geiser-20200318.824
    ac-geiser-pkg.el -> ac-geiser-pkg.el
    ac-geiser.el -> ac-geiser.el
Created ac-geiser-20200318.824.tar containing:
  ac-geiser-20200318.824/
  ac-geiser-20200318.824/ac-geiser-pkg.el
  ac-geiser-20200318.824/ac-geiser.el
Built ac-geiser in 4.923s, finished at 2021-08-17T09:20:02+0000
 ✓ Success:
4.0K -rw-r--r-- 1 root root  205 Aug 17 09:20 packages/ac-geiser-20200318.824.entry
 12K -rw-r--r-- 1 root root  10K Aug 17 09:20 packages/ac-geiser-20200318.824.tar
4.0K -rw-r--r-- 1 root root 1.2K Aug 17 09:20 packages/ac-geiser-badge.svg
4.0K -rw-r--r-- 1 root root   68 Aug 17 09:20 packages/ac-geiser-readme.txt
