Package: affe
Fetcher: github
Source:  https://github.com/minad/affe.git

Updating /mnt/store/melpa/working/affe/
Checking out origin/HEAD
Checking out cc63708913fc5d16073bcb96f483c2e207151032
Copying files (->) and directories (=>)
  from /mnt/store/melpa/working/affe/
  to /tmp/affe0eIHkV/affe-20210812.1934
    affe-backend.el -> affe-backend.el
    affe.el -> affe.el
    affe.texi -> affe.texi
Created /tmp/affe0eIHkV/affe-20210812.1934/affe.info
Created affe-20210812.1934.tar containing:
  affe-20210812.1934/
  affe-20210812.1934/affe-backend.el
  affe-20210812.1934/affe-pkg.el
  affe-20210812.1934/affe.el
  affe-20210812.1934/affe.info
  affe-20210812.1934/dir
Built affe in 7.491s, finished at 2021-08-17T09:20:49+0000
 ✓ Success:
4.0K -rw-r--r-- 1 root root  299 Aug 17 09:20 packages/affe-20210812.1934.entry
 32K -rw-r--r-- 1 root root  30K Aug 17 09:20 packages/affe-20210812.1934.tar
4.0K -rw-r--r-- 1 root root 1.2K Aug 17 09:20 packages/affe-badge.svg
4.0K -rw-r--r-- 1 root root   36 Aug 17 09:20 packages/affe-readme.txt
