Package: agtags
Fetcher: github
Source:  https://github.com/vietor/agtags.git

Updating /mnt/store/melpa/working/agtags/
Copying files (->) and directories (=>)
  from /mnt/store/melpa/working/agtags/
  to /tmp/agtagsvZ03Ha/agtags-20200730.116
    agtags-xref.el -> agtags-xref.el
    agtags.el -> agtags.el
Created agtags-20200730.116.tar containing:
  agtags-20200730.116/
  agtags-20200730.116/agtags-pkg.el
  agtags-20200730.116/agtags-xref.el
  agtags-20200730.116/agtags.el
Built agtags in 4.756s, finished at Wed May 19 02:58:28 2021
 ✓ Success:
4.0K -rw-r--r-- 1 root root  339 May 19 02:58 packages/agtags-20200730.116.entry
 32K -rw-r--r-- 1 root root  30K May 19 02:58 packages/agtags-20200730.116.tar
4.0K -rw-r--r-- 1 root root 1.2K May 19 02:58 packages/agtags-badge.svg
4.0K -rw-r--r-- 1 root root  110 May 19 02:58 packages/agtags-readme.txt
