Package: aio
Fetcher: github
Source:  https://github.com/skeeto/emacs-aio.git

Updating /mnt/store/melpa/working/aio/
Copying files (->) and directories (=>)
  from /mnt/store/melpa/working/aio/
  to /tmp/aio5q4Yl1/aio-20200610.1904
    aio.el -> aio.el
    README.md -> README.md
    UNLICENSE -> UNLICENSE
Created aio-20200610.1904.tar containing:
  aio-20200610.1904/
  aio-20200610.1904/README.md
  aio-20200610.1904/UNLICENSE
  aio-20200610.1904/aio-pkg.el
  aio-20200610.1904/aio.el
Built aio in 4.350s, finished at Wed May 19 02:58:32 2021
 ✓ Success:
4.0K -rw-r--r-- 1 root root  353 May 19 02:58 packages/aio-20200610.1904.entry
 32K -rw-r--r-- 1 root root  30K May 19 02:58 packages/aio-20200610.1904.tar
4.0K -rw-r--r-- 1 root root 1.2K May 19 02:58 packages/aio-badge.svg
4.0K -rw-r--r-- 1 root root  703 May 19 02:58 packages/aio-readme.txt
