Package: airline-themes
Fetcher: github
Source:  https://github.com/AnthonyDiGirolamo/airline-themes.git

Updating /mnt/store/melpa/working/airline-themes/
Copying files (->) and directories (=>)
  from /mnt/store/melpa/working/airline-themes/
  to /tmp/airline-themesTMfytL/airline-themes-20200511.1543
    airline-alduin-theme.el -> airline-alduin-theme.el
    airline-angr-theme.el -> airline-angr-theme.el
    airline-atomic-theme.el -> airline-atomic-theme.el
    airline-ayu_dark-theme.el -> airline-ayu_dark-theme.el
    airline-ayu_light-theme.el -> airline-ayu_light-theme.el
    airline-ayu_mirage-theme.el -> airline-ayu_mirage-theme.el
    airline-badwolf-theme.el -> airline-badwolf-theme.el
    airline-base16-gui-dark-theme.el -> airline-base16-gui-dark-theme.el
    airline-base16-gui-light-theme.el -> airline-base16-gui-light-theme.el
    airline-base16-shell-dark-theme.el -> airline-base16-shell-dark-theme.el
    airline-base16-theme.el -> airline-base16-theme.el
    airline-base16_3024-theme.el -> airline-base16_3024-theme.el
    airline-base16_adwaita-theme.el -> airline-base16_adwaita-theme.el
    airline-base16_apathy-theme.el -> airline-base16_apathy-theme.el
    airline-base16_ashes-theme.el -> airline-base16_ashes-theme.el
    airline-base16_atelierdune-theme.el -> airline-base16_atelierdune-theme.el
    airline-base16_atelierforest-theme.el -> airline-base16_atelierforest-theme.el
    airline-base16_atelierheath-theme.el -> airline-base16_atelierheath-theme.el
    airline-base16_atelierlakeside-theme.el -> airline-base16_atelierlakeside-theme.el
    airline-base16_atelierseaside-theme.el -> airline-base16_atelierseaside-theme.el
    airline-base16_bespin-theme.el -> airline-base16_bespin-theme.el
    airline-base16_brewer-theme.el -> airline-base16_brewer-theme.el
    airline-base16_bright-theme.el -> airline-base16_bright-theme.el
    airline-base16_chalk-theme.el -> airline-base16_chalk-theme.el
    airline-base16_classic-theme.el -> airline-base16_classic-theme.el
    airline-base16_codeschool-theme.el -> airline-base16_codeschool-theme.el
    airline-base16_colors-theme.el -> airline-base16_colors-theme.el
    airline-base16_default-theme.el -> airline-base16_default-theme.el
    airline-base16_eighties-theme.el -> airline-base16_eighties-theme.el
    airline-base16_embers-theme.el -> airline-base16_embers-theme.el
    airline-base16_flat-theme.el -> airline-base16_flat-theme.el
    airline-base16_google-theme.el -> airline-base16_google-theme.el
    airline-base16_grayscale-theme.el -> airline-base16_grayscale-theme.el
    airline-base16_greenscreen-theme.el -> airline-base16_greenscreen-theme.el
    airline-base16_gruvbox_dark_hard-theme.el -> airline-base16_gruvbox_dark_hard-theme.el
    airline-base16_harmonic16-theme.el -> airline-base16_harmonic16-theme.el
    airline-base16_hopscotch-theme.el -> airline-base16_hopscotch-theme.el
    airline-base16_isotope-theme.el -> airline-base16_isotope-theme.el
    airline-base16_londontube-theme.el -> airline-base16_londontube-theme.el
    airline-base16_marrakesh-theme.el -> airline-base16_marrakesh-theme.el
    airline-base16_mocha-theme.el -> airline-base16_mocha-theme.el
    airline-base16_monokai-theme.el -> airline-base16_monokai-theme.el
    airline-base16_nord-theme.el -> airline-base16_nord-theme.el
    airline-base16_ocean-theme.el -> airline-base16_ocean-theme.el
    airline-base16_oceanicnext-theme.el -> airline-base16_oceanicnext-theme.el
    airline-base16_paraiso-theme.el -> airline-base16_paraiso-theme.el
    airline-base16_pop-theme.el -> airline-base16_pop-theme.el
    airline-base16_railscasts-theme.el -> airline-base16_railscasts-theme.el
    airline-base16_seti-theme.el -> airline-base16_seti-theme.el
    airline-base16_shapeshifter-theme.el -> airline-base16_shapeshifter-theme.el
    airline-base16_shell-theme.el -> airline-base16_shell-theme.el
    airline-base16_snazzy-theme.el -> airline-base16_snazzy-theme.el
    airline-base16_solarized-theme.el -> airline-base16_solarized-theme.el
    airline-base16_spacemacs-theme.el -> airline-base16_spacemacs-theme.el
    airline-base16_summerfruit-theme.el -> airline-base16_summerfruit-theme.el
    airline-base16_tomorrow-theme.el -> airline-base16_tomorrow-theme.el
    airline-base16_twilight-theme.el -> airline-base16_twilight-theme.el
    airline-base16_vim-theme.el -> airline-base16_vim-theme.el
    airline-base16color-theme.el -> airline-base16color-theme.el
    airline-behelit-theme.el -> airline-behelit-theme.el
    airline-biogoo-theme.el -> airline-biogoo-theme.el
    airline-bubblegum-theme.el -> airline-bubblegum-theme.el
    airline-cobalt2-theme.el -> airline-cobalt2-theme.el
    airline-cool-theme.el -> airline-cool-theme.el
    airline-dark-theme.el -> airline-dark-theme.el
    airline-dark_minimal-theme.el -> airline-dark_minimal-theme.el
    airline-desertink-theme.el -> airline-desertink-theme.el
    airline-deus-theme.el -> airline-deus-theme.el
    airline-distinguished-theme.el -> airline-distinguished-theme.el
    airline-doom-molokai-theme.el -> airline-doom-molokai-theme.el
    airline-doom-one-theme.el -> airline-doom-one-theme.el
    airline-durant-theme.el -> airline-durant-theme.el
    airline-fairyfloss-theme.el -> airline-fairyfloss-theme.el
    airline-fruit_punch-theme.el -> airline-fruit_punch-theme.el
    airline-gruvbox-dark-theme.el -> airline-gruvbox-dark-theme.el
    airline-hybrid-theme.el -> airline-hybrid-theme.el
    airline-hybridline-theme.el -> airline-hybridline-theme.el
    airline-jellybeans-theme.el -> airline-jellybeans-theme.el
    airline-jet-theme.el -> airline-jet-theme.el
    airline-kalisi-theme.el -> airline-kalisi-theme.el
    airline-kolor-theme.el -> airline-kolor-theme.el
    airline-laederon-theme.el -> airline-laederon-theme.el
    airline-light-theme.el -> airline-light-theme.el
    airline-lucius-theme.el -> airline-lucius-theme.el
    airline-luna-theme.el -> airline-luna-theme.el
    airline-minimalist-theme.el -> airline-minimalist-theme.el
    airline-molokai-theme.el -> airline-molokai-theme.el
    airline-monochrome-theme.el -> airline-monochrome-theme.el
    airline-murmur-theme.el -> airline-murmur-theme.el
    airline-night_owl-theme.el -> airline-night_owl-theme.el
    airline-onedark-theme.el -> airline-onedark-theme.el
    airline-ouo-theme.el -> airline-ouo-theme.el
    airline-owo-theme.el -> airline-owo-theme.el
    airline-papercolor-theme.el -> airline-papercolor-theme.el
    airline-peaksea-theme.el -> airline-peaksea-theme.el
    airline-powerlineish-theme.el -> airline-powerlineish-theme.el
    airline-qwq-theme.el -> airline-qwq-theme.el
    airline-raven-theme.el -> airline-raven-theme.el
    airline-ravenpower-theme.el -> airline-ravenpower-theme.el
    airline-seagull-theme.el -> airline-seagull-theme.el
    airline-serene-theme.el -> airline-serene-theme.el
    airline-sierra-theme.el -> airline-sierra-theme.el
    airline-silver-theme.el -> airline-silver-theme.el
    airline-simple-theme.el -> airline-simple-theme.el
    airline-soda-theme.el -> airline-soda-theme.el
    airline-sol-theme.el -> airline-sol-theme.el
    airline-solarized-alternate-gui-theme.el -> airline-solarized-alternate-gui-theme.el
    airline-solarized-gui-theme.el -> airline-solarized-gui-theme.el
    airline-solarized-theme.el -> airline-solarized-theme.el
    airline-solarized_flood-theme.el -> airline-solarized_flood-theme.el
    airline-term-theme.el -> airline-term-theme.el
    airline-term_light-theme.el -> airline-term_light-theme.el
    airline-themes.el -> airline-themes.el
    airline-tomorrow-theme.el -> airline-tomorrow-theme.el
    airline-ubaryd-theme.el -> airline-ubaryd-theme.el
    airline-understated-theme.el -> airline-understated-theme.el
    airline-violet-theme.el -> airline-violet-theme.el
    airline-wombat-theme.el -> airline-wombat-theme.el
    airline-xtermlight-theme.el -> airline-xtermlight-theme.el
    airline-zenburn-theme.el -> airline-zenburn-theme.el
Created airline-themes-20200511.1543.tar containing:
  airline-themes-20200511.1543/
  airline-themes-20200511.1543/airline-alduin-theme.el
  airline-themes-20200511.1543/airline-angr-theme.el
  airline-themes-20200511.1543/airline-atomic-theme.el
  airline-themes-20200511.1543/airline-ayu_dark-theme.el
  airline-themes-20200511.1543/airline-ayu_light-theme.el
  airline-themes-20200511.1543/airline-ayu_mirage-theme.el
  airline-themes-20200511.1543/airline-badwolf-theme.el
  airline-themes-20200511.1543/airline-base16-gui-dark-theme.el
  airline-themes-20200511.1543/airline-base16-gui-light-theme.el
  airline-themes-20200511.1543/airline-base16-shell-dark-theme.el
  airline-themes-20200511.1543/airline-base16-theme.el
  airline-themes-20200511.1543/airline-base16_3024-theme.el
  airline-themes-20200511.1543/airline-base16_adwaita-theme.el
  airline-themes-20200511.1543/airline-base16_apathy-theme.el
  airline-themes-20200511.1543/airline-base16_ashes-theme.el
  airline-themes-20200511.1543/airline-base16_atelierdune-theme.el
  airline-themes-20200511.1543/airline-base16_atelierforest-theme.el
  airline-themes-20200511.1543/airline-base16_atelierheath-theme.el
  airline-themes-20200511.1543/airline-base16_atelierlakeside-theme.el
  airline-themes-20200511.1543/airline-base16_atelierseaside-theme.el
  airline-themes-20200511.1543/airline-base16_bespin-theme.el
  airline-themes-20200511.1543/airline-base16_brewer-theme.el
  airline-themes-20200511.1543/airline-base16_bright-theme.el
  airline-themes-20200511.1543/airline-base16_chalk-theme.el
  airline-themes-20200511.1543/airline-base16_classic-theme.el
  airline-themes-20200511.1543/airline-base16_codeschool-theme.el
  airline-themes-20200511.1543/airline-base16_colors-theme.el
  airline-themes-20200511.1543/airline-base16_default-theme.el
  airline-themes-20200511.1543/airline-base16_eighties-theme.el
  airline-themes-20200511.1543/airline-base16_embers-theme.el
  airline-themes-20200511.1543/airline-base16_flat-theme.el
  airline-themes-20200511.1543/airline-base16_google-theme.el
  airline-themes-20200511.1543/airline-base16_grayscale-theme.el
  airline-themes-20200511.1543/airline-base16_greenscreen-theme.el
  airline-themes-20200511.1543/airline-base16_gruvbox_dark_hard-theme.el
  airline-themes-20200511.1543/airline-base16_harmonic16-theme.el
  airline-themes-20200511.1543/airline-base16_hopscotch-theme.el
  airline-themes-20200511.1543/airline-base16_isotope-theme.el
  airline-themes-20200511.1543/airline-base16_londontube-theme.el
  airline-themes-20200511.1543/airline-base16_marrakesh-theme.el
  airline-themes-20200511.1543/airline-base16_mocha-theme.el
  airline-themes-20200511.1543/airline-base16_monokai-theme.el
  airline-themes-20200511.1543/airline-base16_nord-theme.el
  airline-themes-20200511.1543/airline-base16_ocean-theme.el
  airline-themes-20200511.1543/airline-base16_oceanicnext-theme.el
  airline-themes-20200511.1543/airline-base16_paraiso-theme.el
  airline-themes-20200511.1543/airline-base16_pop-theme.el
  airline-themes-20200511.1543/airline-base16_railscasts-theme.el
  airline-themes-20200511.1543/airline-base16_seti-theme.el
  airline-themes-20200511.1543/airline-base16_shapeshifter-theme.el
  airline-themes-20200511.1543/airline-base16_shell-theme.el
  airline-themes-20200511.1543/airline-base16_snazzy-theme.el
  airline-themes-20200511.1543/airline-base16_solarized-theme.el
  airline-themes-20200511.1543/airline-base16_spacemacs-theme.el
  airline-themes-20200511.1543/airline-base16_summerfruit-theme.el
  airline-themes-20200511.1543/airline-base16_tomorrow-theme.el
  airline-themes-20200511.1543/airline-base16_twilight-theme.el
  airline-themes-20200511.1543/airline-base16_vim-theme.el
  airline-themes-20200511.1543/airline-base16color-theme.el
  airline-themes-20200511.1543/airline-behelit-theme.el
  airline-themes-20200511.1543/airline-biogoo-theme.el
  airline-themes-20200511.1543/airline-bubblegum-theme.el
  airline-themes-20200511.1543/airline-cobalt2-theme.el
  airline-themes-20200511.1543/airline-cool-theme.el
  airline-themes-20200511.1543/airline-dark-theme.el
  airline-themes-20200511.1543/airline-dark_minimal-theme.el
  airline-themes-20200511.1543/airline-desertink-theme.el
  airline-themes-20200511.1543/airline-deus-theme.el
  airline-themes-20200511.1543/airline-distinguished-theme.el
  airline-themes-20200511.1543/airline-doom-molokai-theme.el
  airline-themes-20200511.1543/airline-doom-one-theme.el
  airline-themes-20200511.1543/airline-durant-theme.el
  airline-themes-20200511.1543/airline-fairyfloss-theme.el
  airline-themes-20200511.1543/airline-fruit_punch-theme.el
  airline-themes-20200511.1543/airline-gruvbox-dark-theme.el
  airline-themes-20200511.1543/airline-hybrid-theme.el
  airline-themes-20200511.1543/airline-hybridline-theme.el
  airline-themes-20200511.1543/airline-jellybeans-theme.el
  airline-themes-20200511.1543/airline-jet-theme.el
  airline-themes-20200511.1543/airline-kalisi-theme.el
  airline-themes-20200511.1543/airline-kolor-theme.el
  airline-themes-20200511.1543/airline-laederon-theme.el
  airline-themes-20200511.1543/airline-light-theme.el
  airline-themes-20200511.1543/airline-lucius-theme.el
  airline-themes-20200511.1543/airline-luna-theme.el
  airline-themes-20200511.1543/airline-minimalist-theme.el
  airline-themes-20200511.1543/airline-molokai-theme.el
  airline-themes-20200511.1543/airline-monochrome-theme.el
  airline-themes-20200511.1543/airline-murmur-theme.el
  airline-themes-20200511.1543/airline-night_owl-theme.el
  airline-themes-20200511.1543/airline-onedark-theme.el
  airline-themes-20200511.1543/airline-ouo-theme.el
  airline-themes-20200511.1543/airline-owo-theme.el
  airline-themes-20200511.1543/airline-papercolor-theme.el
  airline-themes-20200511.1543/airline-peaksea-theme.el
  airline-themes-20200511.1543/airline-powerlineish-theme.el
  airline-themes-20200511.1543/airline-qwq-theme.el
  airline-themes-20200511.1543/airline-raven-theme.el
  airline-themes-20200511.1543/airline-ravenpower-theme.el
  airline-themes-20200511.1543/airline-seagull-theme.el
  airline-themes-20200511.1543/airline-serene-theme.el
  airline-themes-20200511.1543/airline-sierra-theme.el
  airline-themes-20200511.1543/airline-silver-theme.el
  airline-themes-20200511.1543/airline-simple-theme.el
  airline-themes-20200511.1543/airline-soda-theme.el
  airline-themes-20200511.1543/airline-sol-theme.el
  airline-themes-20200511.1543/airline-solarized-alternate-gui-theme.el
  airline-themes-20200511.1543/airline-solarized-gui-theme.el
  airline-themes-20200511.1543/airline-solarized-theme.el
  airline-themes-20200511.1543/airline-solarized_flood-theme.el
  airline-themes-20200511.1543/airline-term-theme.el
  airline-themes-20200511.1543/airline-term_light-theme.el
  airline-themes-20200511.1543/airline-themes-pkg.el
  airline-themes-20200511.1543/airline-themes.el
  airline-themes-20200511.1543/airline-tomorrow-theme.el
  airline-themes-20200511.1543/airline-ubaryd-theme.el
  airline-themes-20200511.1543/airline-understated-theme.el
  airline-themes-20200511.1543/airline-violet-theme.el
  airline-themes-20200511.1543/airline-wombat-theme.el
  airline-themes-20200511.1543/airline-xtermlight-theme.el
  airline-themes-20200511.1543/airline-zenburn-theme.el
Built airline-themes in 5.101s, finished at Wed May 19 02:58:34 2021
 ✓ Success:
4.0K -rw-r--r-- 1 root root  455 May 19 02:58 packages/airline-themes-20200511.1543.entry
412K -rw-r--r-- 1 root root 410K May 19 02:58 packages/airline-themes-20200511.1543.tar
4.0K -rw-r--r-- 1 root root 1.2K May 19 02:58 packages/airline-themes-badge.svg
4.0K -rw-r--r-- 1 root root  132 May 19 02:58 packages/airline-themes-readme.txt
