Package: airplay
Fetcher: github
Source:  https://github.com/gongo/airplay-el.git

Updating /mnt/store/melpa/working/airplay/
Copying files (->) and directories (=>)
  from /mnt/store/melpa/working/airplay/
  to /tmp/airplayQpu4EG/airplay-20130212.1226
    airplay-video-server.el -> airplay-video-server.el
    airplay.el -> airplay.el
Created airplay-20130212.1226.tar containing:
  airplay-20130212.1226/
  airplay-20130212.1226/airplay-pkg.el
  airplay-20130212.1226/airplay-video-server.el
  airplay-20130212.1226/airplay.el
Built airplay in 5.141s, finished at Wed May 19 02:58:35 2021
 ✓ Success:
4.0K -rw-r--r-- 1 root root  429 May 19 02:58 packages/airplay-20130212.1226.entry
 32K -rw-r--r-- 1 root root  30K May 19 02:58 packages/airplay-20130212.1226.tar
4.0K -rw-r--r-- 1 root root 1.2K May 19 02:58 packages/airplay-badge.svg
4.0K -rw-r--r-- 1 root root   29 May 19 02:58 packages/airplay-readme.txt
