Package: ample-theme
Fetcher: github
Source:  https://github.com/jordonbiondo/ample-theme.git

Updating /mnt/store/melpa/working/ample-theme/
Checking out origin/HEAD
Checking out f5a163626e04abda2d3c168f703c3f330f302a7c
Copying files (->) and directories (=>)
  from /mnt/store/melpa/working/ample-theme/
  to /tmp/ample-themepXyWRo/ample-theme-20180207.1745
    ample-flat-theme.el -> ample-flat-theme.el
    ample-light-theme.el -> ample-light-theme.el
    ample-theme.el -> ample-theme.el
Created ample-theme-20180207.1745.tar containing:
  ample-theme-20180207.1745/
  ample-theme-20180207.1745/ample-flat-theme.el
  ample-theme-20180207.1745/ample-light-theme.el
  ample-theme-20180207.1745/ample-theme-pkg.el
  ample-theme-20180207.1745/ample-theme.el
Built ample-theme in 4.633s, finished at 2021-08-17T09:21:20+0000
 ✓ Success:
4.0K -rw-r--r-- 1 root root  376 Aug 17 09:21 packages/ample-theme-20180207.1745.entry
160K -rw-r--r-- 1 root root 160K Aug 17 09:21 packages/ample-theme-20180207.1745.tar
4.0K -rw-r--r-- 1 root root 1.2K Aug 17 09:21 packages/ample-theme-badge.svg
4.0K -rw-r--r-- 1 root root 1.2K Aug 17 09:21 packages/ample-theme-readme.txt
