Package: ample-regexps
Fetcher: github
Source:  https://github.com/immerrr/ample-regexps.el.git

Updating /mnt/store/melpa/working/ample-regexps/
Checking out origin/HEAD
Checking out 153969ce547afe410b8986f01c9ed4087c9cd20b
Copying files (->) and directories (=>)
  from /mnt/store/melpa/working/ample-regexps/
  to /tmp/ample-regexps2oweQJ/ample-regexps-20200508.1021
    ample-regexps.el -> ample-regexps.el
    init-tryout.el -> init-tryout.el
Created ample-regexps-20200508.1021.tar containing:
  ample-regexps-20200508.1021/
  ample-regexps-20200508.1021/ample-regexps-pkg.el
  ample-regexps-20200508.1021/ample-regexps.el
  ample-regexps-20200508.1021/init-tryout.el
Built ample-regexps in 4.833s, finished at 2021-08-17T09:21:20+0000
 ✓ Success:
4.0K -rw-r--r-- 1 root root  298 Aug 17 09:21 packages/ample-regexps-20200508.1021.entry
 32K -rw-r--r-- 1 root root  30K Aug 17 09:21 packages/ample-regexps-20200508.1021.tar
4.0K -rw-r--r-- 1 root root 1.2K Aug 17 09:21 packages/ample-regexps-badge.svg
4.0K -rw-r--r-- 1 root root  556 Aug 17 09:21 packages/ample-regexps-readme.txt
