Package: anaconda-mode
Fetcher: github
Source:  https://github.com/pythonic-emacs/anaconda-mode.git

Updating /mnt/store/melpa/working/anaconda-mode/
Checking out origin/HEAD
Checking out 4f367c768a84465070c44327444b17015091d08d
Copying files (->) and directories (=>)
  from /mnt/store/melpa/working/anaconda-mode/
  to /tmp/anaconda-modevGNn4s/anaconda-mode-20210409.1536
    anaconda-mode.el -> anaconda-mode.el
    anaconda-mode.py -> anaconda-mode.py
Created anaconda-mode-20210409.1536.tar containing:
  anaconda-mode-20210409.1536/
  anaconda-mode-20210409.1536/anaconda-mode-pkg.el
  anaconda-mode-20210409.1536/anaconda-mode.el
  anaconda-mode-20210409.1536/anaconda-mode.py
Built anaconda-mode in 6.200s, finished at 2021-08-17T09:21:26+0000
 ✓ Success:
4.0K -rw-r--r-- 1 root root  462 Aug 17 09:21 packages/anaconda-mode-20210409.1536.entry
 40K -rw-r--r-- 1 root root  40K Aug 17 09:21 packages/anaconda-mode-20210409.1536.tar
4.0K -rw-r--r-- 1 root root 1.2K Aug 17 09:21 packages/anaconda-mode-badge.svg
4.0K -rw-r--r-- 1 root root   33 Aug 17 09:21 packages/anaconda-mode-readme.txt
