Package: angular-mode
Fetcher: github
Source:  https://github.com/emacsattic/angular-mode.git

Updating /mnt/store/melpa/working/angular-mode/
Checking out origin/HEAD
Checking out 8720cde86af0f1859ccc8580571e8d0ad1c52cff
Copying files (->) and directories (=>)
  from /mnt/store/melpa/working/angular-mode/
  to /tmp/angular-modemODQkb/angular-mode-20151201.2127
    angular-html-mode.el -> angular-html-mode.el
    angular-mode.el -> angular-mode.el
    snippets => snippets
Created angular-mode-20151201.2127.tar containing:
  angular-mode-20151201.2127/
  angular-mode-20151201.2127/angular-html-mode.el
  angular-mode-20151201.2127/angular-mode-pkg.el
  angular-mode-20151201.2127/angular-mode.el
  angular-mode-20151201.2127/snippets/
  angular-mode-20151201.2127/snippets/angular-html-mode/
  angular-mode-20151201.2127/snippets/angular-html-mode/ngclick
  angular-mode-20151201.2127/snippets/angular-mode/
  angular-mode-20151201.2127/snippets/angular-mode/config
  angular-mode-20151201.2127/snippets/angular-mode/controller
  angular-mode-20151201.2127/snippets/angular-mode/module
  angular-mode-20151201.2127/snippets/angular-mode/stateprovider
Built angular-mode in 6.066s, finished at 2021-08-17T09:21:33+0000
 ✓ Success:
4.0K -rw-r--r-- 1 root root  348 Aug 17 09:21 packages/angular-mode-20151201.2127.entry
 20K -rw-r--r-- 1 root root  20K Aug 17 09:21 packages/angular-mode-20151201.2127.tar
4.0K -rw-r--r-- 1 root root 1.2K Aug 17 09:21 packages/angular-mode-badge.svg
4.0K -rw-r--r-- 1 root root  128 Aug 17 09:21 packages/angular-mode-readme.txt
