Package: ansible
Fetcher: github
Source:  https://github.com/k1LoW/emacs-ansible.git

Updating /mnt/store/melpa/working/ansible/
Checking out origin/HEAD
Checking out 40af0d2bbb6c5bbcf7aa9269ac9a07e22622d263
Copying files (->) and directories (=>)
  from /mnt/store/melpa/working/ansible/
  to /tmp/ansibleT4QZjn/ansible-20210103.543
    ansible.el -> ansible.el
    snippets => snippets
    dict => dict
Created ansible-20210103.543.tar containing:
  ansible-20210103.543/
  ansible-20210103.543/ansible-pkg.el
  ansible-20210103.543/ansible.el
  ansible-20210103.543/dict/
  ansible-20210103.543/dict/ansible
  ansible-20210103.543/snippets/
  ansible-20210103.543/snippets/text-mode/
  ansible-20210103.543/snippets/text-mode/ansible/
  ansible-20210103.543/snippets/text-mode/ansible/a10/
  ansible-20210103.543/snippets/text-mode/ansible/a10/a10_server
  ansible-20210103.543/snippets/text-mode/ansible/a10/a10_service_group
  ansible-20210103.543/snippets/text-mode/ansible/a10/a10_virtual_server
  ansible-20210103.543/snippets/text-mode/ansible/amazon/
  ansible-20210103.543/snippets/text-mode/ansible/amazon/cloudformation
  ansible-20210103.543/snippets/text-mode/ansible/amazon/ec2
  ansible-20210103.543/snippets/text-mode/ansible/amazon/ec2_ami
  ansible-20210103.543/snippets/text-mode/ansible/amazon/ec2_ami_search
  ansible-20210103.543/snippets/text-mode/ansible/amazon/ec2_asg
  ansible-20210103.543/snippets/text-mode/ansible/amazon/ec2_eip
  ansible-20210103.543/snippets/text-mode/ansible/amazon/ec2_elb
  ansible-20210103.543/snippets/text-mode/ansible/amazon/ec2_elb_lb
  ansible-20210103.543/snippets/text-mode/ansible/amazon/ec2_facts
  ansible-20210103.543/snippets/text-mode/ansible/amazon/ec2_group
  ansible-20210103.543/snippets/text-mode/ansible/amazon/ec2_instance
  ansible-20210103.543/snippets/text-mode/ansible/amazon/ec2_instance_info
  ansible-20210103.543/snippets/text-mode/ansible/amazon/ec2_key
  ansible-20210103.543/snippets/text-mode/ansible/amazon/ec2_lc
  ansible-20210103.543/snippets/text-mode/ansible/amazon/ec2_metric_alarm
  ansible-20210103.543/snippets/text-mode/ansible/amazon/ec2_scaling_policy
  ansible-20210103.543/snippets/text-mode/ansible/amazon/ec2_snapshot
  ansible-20210103.543/snippets/text-mode/ansible/amazon/ec2_tag
  ansible-20210103.543/snippets/text-mode/ansible/amazon/ec2_vol
  ansible-20210103.543/snippets/text-mode/ansible/amazon/ec2_vpc
  ansible-20210103.543/snippets/text-mode/ansible/amazon/elasticache
  ansible-20210103.543/snippets/text-mode/ansible/amazon/rds
  ansible-20210103.543/snippets/text-mode/ansible/amazon/rds_param_group
  ansible-20210103.543/snippets/text-mode/ansible/amazon/rds_subnet_group
  ansible-20210103.543/snippets/text-mode/ansible/amazon/route53
  ansible-20210103.543/snippets/text-mode/ansible/amazon/s3
  ansible-20210103.543/snippets/text-mode/ansible/azure/
  ansible-20210103.543/snippets/text-mode/ansible/azure/azure
  ansible-20210103.543/snippets/text-mode/ansible/basics/
  ansible-20210103.543/snippets/text-mode/ansible/basics/get_url
  ansible-20210103.543/snippets/text-mode/ansible/basics/slurp
  ansible-20210103.543/snippets/text-mode/ansible/basics/uri
  ansible-20210103.543/snippets/text-mode/ansible/citrix/
  ansible-20210103.543/snippets/text-mode/ansible/citrix/netscaler
  ansible-20210103.543/snippets/text-mode/ansible/commands/
  ansible-20210103.543/snippets/text-mode/ansible/commands/command
  ansible-20210103.543/snippets/text-mode/ansible/commands/raw
  ansible-20210103.543/snippets/text-mode/ansible/commands/script
  ansible-20210103.543/snippets/text-mode/ansible/commands/shell
  ansible-20210103.543/snippets/text-mode/ansible/digital_ocean/
  ansible-20210103.543/snippets/text-mode/ansible/digital_ocean/digital_ocean
  ansible-20210103.543/snippets/text-mode/ansible/digital_ocean/digital_ocean_domain
  ansible-20210103.543/snippets/text-mode/ansible/digital_ocean/digital_ocean_sshkey
  ansible-20210103.543/snippets/text-mode/ansible/docker/
  ansible-20210103.543/snippets/text-mode/ansible/docker/_docker_image
  ansible-20210103.543/snippets/text-mode/ansible/docker/docker
  ansible-20210103.543/snippets/text-mode/ansible/f5/
  ansible-20210103.543/snippets/text-mode/ansible/f5/bigip_facts
  ansible-20210103.543/snippets/text-mode/ansible/f5/bigip_monitor_http
  ansible-20210103.543/snippets/text-mode/ansible/f5/bigip_monitor_tcp
  ansible-20210103.543/snippets/text-mode/ansible/f5/bigip_node
  ansible-20210103.543/snippets/text-mode/ansible/f5/bigip_pool
  ansible-20210103.543/snippets/text-mode/ansible/f5/bigip_pool_member
  ansible-20210103.543/snippets/text-mode/ansible/files/
  ansible-20210103.543/snippets/text-mode/ansible/files/acl
  ansible-20210103.543/snippets/text-mode/ansible/files/assemble
  ansible-20210103.543/snippets/text-mode/ansible/files/copy
  ansible-20210103.543/snippets/text-mode/ansible/files/fetch
  ansible-20210103.543/snippets/text-mode/ansible/files/file
  ansible-20210103.543/snippets/text-mode/ansible/files/ini_file
  ansible-20210103.543/snippets/text-mode/ansible/files/lineinfile
  ansible-20210103.543/snippets/text-mode/ansible/files/replace
  ansible-20210103.543/snippets/text-mode/ansible/files/stat
  ansible-20210103.543/snippets/text-mode/ansible/files/synchronize
  ansible-20210103.543/snippets/text-mode/ansible/files/template
  ansible-20210103.543/snippets/text-mode/ansible/files/unarchive
  ansible-20210103.543/snippets/text-mode/ansible/files/xattr
  ansible-20210103.543/snippets/text-mode/ansible/google/
  ansible-20210103.543/snippets/text-mode/ansible/google/gc_storage
  ansible-20210103.543/snippets/text-mode/ansible/google/gce
  ansible-20210103.543/snippets/text-mode/ansible/google/gce_lb
  ansible-20210103.543/snippets/text-mode/ansible/google/gce_net
  ansible-20210103.543/snippets/text-mode/ansible/google/gce_pd
  ansible-20210103.543/snippets/text-mode/ansible/helper/
  ansible-20210103.543/snippets/text-mode/ansible/helper/accelerate
  ansible-20210103.543/snippets/text-mode/ansible/helper/fireball
  ansible-20210103.543/snippets/text-mode/ansible/inventory/
  ansible-20210103.543/snippets/text-mode/ansible/inventory/add_host
  ansible-20210103.543/snippets/text-mode/ansible/inventory/group_by
  ansible-20210103.543/snippets/text-mode/ansible/language/
  ansible-20210103.543/snippets/text-mode/ansible/language/composer
  ansible-20210103.543/snippets/text-mode/ansible/language/cpanm
  ansible-20210103.543/snippets/text-mode/ansible/language/easy_install
  ansible-20210103.543/snippets/text-mode/ansible/language/gem
  ansible-20210103.543/snippets/text-mode/ansible/language/npm
  ansible-20210103.543/snippets/text-mode/ansible/language/pip
  ansible-20210103.543/snippets/text-mode/ansible/linode/
  ansible-20210103.543/snippets/text-mode/ansible/linode/linode
  ansible-20210103.543/snippets/text-mode/ansible/logic/
  ansible-20210103.543/snippets/text-mode/ansible/logic/assert
  ansible-20210103.543/snippets/text-mode/ansible/logic/async_status
  ansible-20210103.543/snippets/text-mode/ansible/logic/debug
  ansible-20210103.543/snippets/text-mode/ansible/logic/fail
  ansible-20210103.543/snippets/text-mode/ansible/logic/include_vars
  ansible-20210103.543/snippets/text-mode/ansible/logic/pause
  ansible-20210103.543/snippets/text-mode/ansible/logic/set_fact
  ansible-20210103.543/snippets/text-mode/ansible/logic/wait_for
  ansible-20210103.543/snippets/text-mode/ansible/messaging/
  ansible-20210103.543/snippets/text-mode/ansible/messaging/rabbitmq_parameter
  ansible-20210103.543/snippets/text-mode/ansible/messaging/rabbitmq_plugin
  ansible-20210103.543/snippets/text-mode/ansible/messaging/rabbitmq_policy
  ansible-20210103.543/snippets/text-mode/ansible/messaging/rabbitmq_user
  ansible-20210103.543/snippets/text-mode/ansible/messaging/rabbitmq_vhost
  ansible-20210103.543/snippets/text-mode/ansible/misc/
  ansible-20210103.543/snippets/text-mode/ansible/misc/mongodb_user
  ansible-20210103.543/snippets/text-mode/ansible/misc/ovirt
  ansible-20210103.543/snippets/text-mode/ansible/misc/redis
  ansible-20210103.543/snippets/text-mode/ansible/misc/riak
  ansible-20210103.543/snippets/text-mode/ansible/misc/virt
  ansible-20210103.543/snippets/text-mode/ansible/monitoring/
  ansible-20210103.543/snippets/text-mode/ansible/monitoring/airbrake_deployment
  ansible-20210103.543/snippets/text-mode/ansible/monitoring/bigpanda
  ansible-20210103.543/snippets/text-mode/ansible/monitoring/boundary_meter
  ansible-20210103.543/snippets/text-mode/ansible/monitoring/datadog_event
  ansible-20210103.543/snippets/text-mode/ansible/monitoring/librato_annotation
  ansible-20210103.543/snippets/text-mode/ansible/monitoring/logentries
  ansible-20210103.543/snippets/text-mode/ansible/monitoring/monit
  ansible-20210103.543/snippets/text-mode/ansible/monitoring/nagios
  ansible-20210103.543/snippets/text-mode/ansible/monitoring/newrelic_deployment
  ansible-20210103.543/snippets/text-mode/ansible/monitoring/pagerduty
  ansible-20210103.543/snippets/text-mode/ansible/monitoring/pingdom
  ansible-20210103.543/snippets/text-mode/ansible/monitoring/rollbar_deployment
  ansible-20210103.543/snippets/text-mode/ansible/monitoring/stackdriver
  ansible-20210103.543/snippets/text-mode/ansible/monitoring/zabbix_maintenance
  ansible-20210103.543/snippets/text-mode/ansible/mysql/
  ansible-20210103.543/snippets/text-mode/ansible/mysql/mysql_db
  ansible-20210103.543/snippets/text-mode/ansible/mysql/mysql_replication
  ansible-20210103.543/snippets/text-mode/ansible/mysql/mysql_user
  ansible-20210103.543/snippets/text-mode/ansible/mysql/mysql_variables
  ansible-20210103.543/snippets/text-mode/ansible/network/
  ansible-20210103.543/snippets/text-mode/ansible/network/dnsimple
  ansible-20210103.543/snippets/text-mode/ansible/network/dnsmadeeasy
  ansible-20210103.543/snippets/text-mode/ansible/network/lldp
  ansible-20210103.543/snippets/text-mode/ansible/network/openvswitch_bridge
  ansible-20210103.543/snippets/text-mode/ansible/network/openvswitch_port
  ansible-20210103.543/snippets/text-mode/ansible/notification/
  ansible-20210103.543/snippets/text-mode/ansible/notification/campfire
  ansible-20210103.543/snippets/text-mode/ansible/notification/flowdock
  ansible-20210103.543/snippets/text-mode/ansible/notification/grove
  ansible-20210103.543/snippets/text-mode/ansible/notification/hipchat
  ansible-20210103.543/snippets/text-mode/ansible/notification/irc
  ansible-20210103.543/snippets/text-mode/ansible/notification/jabber
  ansible-20210103.543/snippets/text-mode/ansible/notification/mail
  ansible-20210103.543/snippets/text-mode/ansible/notification/mqtt
  ansible-20210103.543/snippets/text-mode/ansible/notification/nexmo
  ansible-20210103.543/snippets/text-mode/ansible/notification/osx_say
  ansible-20210103.543/snippets/text-mode/ansible/notification/slack
  ansible-20210103.543/snippets/text-mode/ansible/notification/sns
  ansible-20210103.543/snippets/text-mode/ansible/notification/twilio
  ansible-20210103.543/snippets/text-mode/ansible/notification/typetalk
  ansible-20210103.543/snippets/text-mode/ansible/openstack/
  ansible-20210103.543/snippets/text-mode/ansible/openstack/glance_image
  ansible-20210103.543/snippets/text-mode/ansible/openstack/keystone_user
  ansible-20210103.543/snippets/text-mode/ansible/openstack/nova_compute
  ansible-20210103.543/snippets/text-mode/ansible/openstack/nova_keypair
  ansible-20210103.543/snippets/text-mode/ansible/openstack/quantum_floating_ip
  ansible-20210103.543/snippets/text-mode/ansible/openstack/quantum_floating_ip_associate
  ansible-20210103.543/snippets/text-mode/ansible/openstack/quantum_network
  ansible-20210103.543/snippets/text-mode/ansible/openstack/quantum_router
  ansible-20210103.543/snippets/text-mode/ansible/openstack/quantum_router_gateway
  ansible-20210103.543/snippets/text-mode/ansible/openstack/quantum_router_interface
  ansible-20210103.543/snippets/text-mode/ansible/openstack/quantum_subnet
  ansible-20210103.543/snippets/text-mode/ansible/os/
  ansible-20210103.543/snippets/text-mode/ansible/os/apt
  ansible-20210103.543/snippets/text-mode/ansible/os/apt_key
  ansible-20210103.543/snippets/text-mode/ansible/os/apt_repository
  ansible-20210103.543/snippets/text-mode/ansible/os/apt_rpm
  ansible-20210103.543/snippets/text-mode/ansible/os/homebrew
  ansible-20210103.543/snippets/text-mode/ansible/os/homebrew_cask
  ansible-20210103.543/snippets/text-mode/ansible/os/homebrew_tap
  ansible-20210103.543/snippets/text-mode/ansible/os/layman
  ansible-20210103.543/snippets/text-mode/ansible/os/macports
  ansible-20210103.543/snippets/text-mode/ansible/os/openbsd_pkg
  ansible-20210103.543/snippets/text-mode/ansible/os/opkg
  ansible-20210103.543/snippets/text-mode/ansible/os/pacman
  ansible-20210103.543/snippets/text-mode/ansible/os/pkgin
  ansible-20210103.543/snippets/text-mode/ansible/os/pkgng
  ansible-20210103.543/snippets/text-mode/ansible/os/pkgutil
  ansible-20210103.543/snippets/text-mode/ansible/os/portage
  ansible-20210103.543/snippets/text-mode/ansible/os/portinstall
  ansible-20210103.543/snippets/text-mode/ansible/os/redhat_subscription
  ansible-20210103.543/snippets/text-mode/ansible/os/rhn_channel
  ansible-20210103.543/snippets/text-mode/ansible/os/rhn_register
  ansible-20210103.543/snippets/text-mode/ansible/os/rpm_key
  ansible-20210103.543/snippets/text-mode/ansible/os/svr4pkg
  ansible-20210103.543/snippets/text-mode/ansible/os/swdepot
  ansible-20210103.543/snippets/text-mode/ansible/os/urpmi
  ansible-20210103.543/snippets/text-mode/ansible/os/yum
  ansible-20210103.543/snippets/text-mode/ansible/os/zypper
  ansible-20210103.543/snippets/text-mode/ansible/os/zypper_repository
  ansible-20210103.543/snippets/text-mode/ansible/postgresql/
  ansible-20210103.543/snippets/text-mode/ansible/postgresql/postgresql_db
  ansible-20210103.543/snippets/text-mode/ansible/postgresql/postgresql_privs
  ansible-20210103.543/snippets/text-mode/ansible/postgresql/postgresql_user
  ansible-20210103.543/snippets/text-mode/ansible/rackspace/
  ansible-20210103.543/snippets/text-mode/ansible/rackspace/rax
  ansible-20210103.543/snippets/text-mode/ansible/rackspace/rax_cbs
  ansible-20210103.543/snippets/text-mode/ansible/rackspace/rax_cbs_attachments
  ansible-20210103.543/snippets/text-mode/ansible/rackspace/rax_cdb
  ansible-20210103.543/snippets/text-mode/ansible/rackspace/rax_cdb_database
  ansible-20210103.543/snippets/text-mode/ansible/rackspace/rax_cdb_user
  ansible-20210103.543/snippets/text-mode/ansible/rackspace/rax_clb
  ansible-20210103.543/snippets/text-mode/ansible/rackspace/rax_clb_nodes
  ansible-20210103.543/snippets/text-mode/ansible/rackspace/rax_dns
  ansible-20210103.543/snippets/text-mode/ansible/rackspace/rax_dns_record
  ansible-20210103.543/snippets/text-mode/ansible/rackspace/rax_facts
  ansible-20210103.543/snippets/text-mode/ansible/rackspace/rax_files
  ansible-20210103.543/snippets/text-mode/ansible/rackspace/rax_files_objects
  ansible-20210103.543/snippets/text-mode/ansible/rackspace/rax_identity
  ansible-20210103.543/snippets/text-mode/ansible/rackspace/rax_keypair
  ansible-20210103.543/snippets/text-mode/ansible/rackspace/rax_meta
  ansible-20210103.543/snippets/text-mode/ansible/rackspace/rax_network
  ansible-20210103.543/snippets/text-mode/ansible/rackspace/rax_queue
  ansible-20210103.543/snippets/text-mode/ansible/rackspace/rax_scaling_group
  ansible-20210103.543/snippets/text-mode/ansible/rackspace/rax_scaling_policy
  ansible-20210103.543/snippets/text-mode/ansible/source_control/
  ansible-20210103.543/snippets/text-mode/ansible/source_control/bzr
  ansible-20210103.543/snippets/text-mode/ansible/source_control/git
  ansible-20210103.543/snippets/text-mode/ansible/source_control/github_hooks
  ansible-20210103.543/snippets/text-mode/ansible/source_control/hg
  ansible-20210103.543/snippets/text-mode/ansible/source_control/subversion
  ansible-20210103.543/snippets/text-mode/ansible/system/
  ansible-20210103.543/snippets/text-mode/ansible/system/alternatives
  ansible-20210103.543/snippets/text-mode/ansible/system/at
  ansible-20210103.543/snippets/text-mode/ansible/system/authorized_key
  ansible-20210103.543/snippets/text-mode/ansible/system/capabilities
  ansible-20210103.543/snippets/text-mode/ansible/system/cron
  ansible-20210103.543/snippets/text-mode/ansible/system/debconf
  ansible-20210103.543/snippets/text-mode/ansible/system/facter
  ansible-20210103.543/snippets/text-mode/ansible/system/filesystem
  ansible-20210103.543/snippets/text-mode/ansible/system/firewalld
  ansible-20210103.543/snippets/text-mode/ansible/system/getent
  ansible-20210103.543/snippets/text-mode/ansible/system/group
  ansible-20210103.543/snippets/text-mode/ansible/system/hostname
  ansible-20210103.543/snippets/text-mode/ansible/system/kernel_blacklist
  ansible-20210103.543/snippets/text-mode/ansible/system/locale_gen
  ansible-20210103.543/snippets/text-mode/ansible/system/lvg
  ansible-20210103.543/snippets/text-mode/ansible/system/lvol
  ansible-20210103.543/snippets/text-mode/ansible/system/modprobe
  ansible-20210103.543/snippets/text-mode/ansible/system/mount
  ansible-20210103.543/snippets/text-mode/ansible/system/ohai
  ansible-20210103.543/snippets/text-mode/ansible/system/open_iscsi
  ansible-20210103.543/snippets/text-mode/ansible/system/ping
  ansible-20210103.543/snippets/text-mode/ansible/system/seboolean
  ansible-20210103.543/snippets/text-mode/ansible/system/selinux
  ansible-20210103.543/snippets/text-mode/ansible/system/service
  ansible-20210103.543/snippets/text-mode/ansible/system/setup
  ansible-20210103.543/snippets/text-mode/ansible/system/sysctl
  ansible-20210103.543/snippets/text-mode/ansible/system/ufw
  ansible-20210103.543/snippets/text-mode/ansible/system/user
  ansible-20210103.543/snippets/text-mode/ansible/system/zfs
  ansible-20210103.543/snippets/text-mode/ansible/vmware/
  ansible-20210103.543/snippets/text-mode/ansible/vmware/vsphere_guest
  ansible-20210103.543/snippets/text-mode/ansible/web_infrastructure/
  ansible-20210103.543/snippets/text-mode/ansible/web_infrastructure/apache2_module
  ansible-20210103.543/snippets/text-mode/ansible/web_infrastructure/django_manage
  ansible-20210103.543/snippets/text-mode/ansible/web_infrastructure/ejabberd_user
  ansible-20210103.543/snippets/text-mode/ansible/web_infrastructure/htpasswd
  ansible-20210103.543/snippets/text-mode/ansible/web_infrastructure/jboss
  ansible-20210103.543/snippets/text-mode/ansible/web_infrastructure/jira
  ansible-20210103.543/snippets/text-mode/ansible/web_infrastructure/supervisorctl
  ansible-20210103.543/snippets/text-mode/ansible/windows/
  ansible-20210103.543/snippets/text-mode/ansible/windows/win_feature
  ansible-20210103.543/snippets/text-mode/ansible/windows/win_get_url
  ansible-20210103.543/snippets/text-mode/ansible/windows/win_group
  ansible-20210103.543/snippets/text-mode/ansible/windows/win_msi
  ansible-20210103.543/snippets/text-mode/ansible/windows/win_ping
  ansible-20210103.543/snippets/text-mode/ansible/windows/win_service
  ansible-20210103.543/snippets/text-mode/ansible/windows/win_stat
  ansible-20210103.543/snippets/text-mode/ansible/windows/win_user
  ansible-20210103.543/snippets/yaml-mode/
  ansible-20210103.543/snippets/yaml-mode/.yas-parents
Built ansible in 8.574s, finished at 2021-08-17T09:21:50+0000
 ✓ Success:
4.0K -rw-r--r-- 1 root root  423 Aug 17 09:21 packages/ansible-20210103.543.entry
300K -rw-r--r-- 1 root root 300K Aug 17 09:21 packages/ansible-20210103.543.tar
4.0K -rw-r--r-- 1 root root 1.2K Aug 17 09:21 packages/ansible-badge.svg
 16K -rw-r--r-- 1 root root  14K Aug 17 09:21 packages/ansible-doc-20160924.824.el
4.0K -rw-r--r-- 1 root root  407 Aug 17 09:21 packages/ansible-doc-20160924.824.entry
4.0K -rw-r--r-- 1 root root 1.2K Aug 17 09:21 packages/ansible-doc-badge.svg
4.0K -rw-r--r-- 1 root root  272 Aug 17 09:21 packages/ansible-doc-readme.txt
4.0K -rw-r--r-- 1 root root  627 Aug 17 09:21 packages/ansible-doc.log
4.0K -rw-r--r-- 1 root root   46 Aug 17 09:21 packages/ansible-readme.txt
 16K -rw-r--r-- 1 root root  14K Aug 17 09:21 packages/ansible-vault-20200305.2240.el
4.0K -rw-r--r-- 1 root root  362 Aug 17 09:21 packages/ansible-vault-20200305.2240.entry
4.0K -rw-r--r-- 1 root root 1.2K Aug 17 09:21 packages/ansible-vault-badge.svg
   0 -rw-r--r-- 1 root root    0 Aug 17 09:21 packages/ansible-vault-readme.txt
4.0K -rw-r--r-- 1 root root  642 Aug 17 09:21 packages/ansible-vault.log
