Package: apel
Fetcher: github
Source:  https://github.com/wanderlust/apel.git

Updating /mnt/store/melpa/working/apel/
Checking out origin/apel-wl
Checking out 4e3269b6e702db2dba48cf560563ac883e81e3bf
Copying files (->) and directories (=>)
  from /mnt/store/melpa/working/apel/
  to /tmp/apelZc3Amk/apel-20201106.2221
    alist.el -> alist.el
    apel-ver.el -> apel-ver.el
    apel-pkg.el -> apel-pkg.el
    broken.el -> broken.el
    calist.el -> calist.el
    emu.el -> emu.el
    filename.el -> filename.el
    install.el -> install.el
    inv-23.el -> inv-23.el
    invisible.el -> invisible.el
    mcharset.el -> mcharset.el
    mcs-20.el -> mcs-20.el
    mcs-e20.el -> mcs-e20.el
    mule-caesar.el -> mule-caesar.el
    path-util.el -> path-util.el
    pccl-20.el -> pccl-20.el
    pccl.el -> pccl.el
    pces-20.el -> pces-20.el
    pces-e20.el -> pces-e20.el
    pces.el -> pces.el
    pcustom.el -> pcustom.el
    poe.el -> poe.el
    poem-e20.el -> poem-e20.el
    poem-e20_3.el -> poem-e20_3.el
    poem.el -> poem.el
    product.el -> product.el
    pym.el -> pym.el
    richtext.el -> richtext.el
    static.el -> static.el
Created apel-20201106.2221.tar containing:
  apel-20201106.2221/
  apel-20201106.2221/alist.el
  apel-20201106.2221/apel-pkg.el
  apel-20201106.2221/apel-ver.el
  apel-20201106.2221/broken.el
  apel-20201106.2221/calist.el
  apel-20201106.2221/emu.el
  apel-20201106.2221/filename.el
  apel-20201106.2221/install.el
  apel-20201106.2221/inv-23.el
  apel-20201106.2221/invisible.el
  apel-20201106.2221/mcharset.el
  apel-20201106.2221/mcs-20.el
  apel-20201106.2221/mcs-e20.el
  apel-20201106.2221/mule-caesar.el
  apel-20201106.2221/path-util.el
  apel-20201106.2221/pccl-20.el
  apel-20201106.2221/pccl.el
  apel-20201106.2221/pces-20.el
  apel-20201106.2221/pces-e20.el
  apel-20201106.2221/pces.el
  apel-20201106.2221/pcustom.el
  apel-20201106.2221/poe.el
  apel-20201106.2221/poem-e20.el
  apel-20201106.2221/poem-e20_3.el
  apel-20201106.2221/poem.el
  apel-20201106.2221/product.el
  apel-20201106.2221/pym.el
  apel-20201106.2221/richtext.el
  apel-20201106.2221/static.el
Built apel in 4.915s, finished at 2021-08-17T09:21:57+0000
 ✓ Success:
4.0K -rw-r--r-- 1 root root  211 Aug 17 09:21 packages/apel-20201106.2221.entry
152K -rw-r--r-- 1 root root 150K Aug 17 09:21 packages/apel-20201106.2221.tar
4.0K -rw-r--r-- 1 root root 1.2K Aug 17 09:21 packages/apel-badge.svg
