Package: apples-mode
Fetcher: github
Source:  https://github.com/tequilasunset/apples-mode.git

Updating /mnt/store/melpa/working/apples-mode/
Checking out origin/HEAD
Checking out 83a9ab0d6ba82496e2f7df386909b1a55701fccb
Copying files (->) and directories (=>)
  from /mnt/store/melpa/working/apples-mode/
  to /tmp/apples-modeNBJhuQ/apples-mode-20110121.418
    apples-mode.el -> apples-mode.el
    apples-mode => apples-mode
Created apples-mode-20110121.418.tar containing:
  apples-mode-20110121.418/
  apples-mode-20110121.418/apples-mode-pkg.el
  apples-mode-20110121.418/apples-mode.el
  apples-mode-20110121.418/apples-mode/
  apples-mode-20110121.418/apples-mode/comment
  apples-mode-20110121.418/apples-mode/considering
  apples-mode-20110121.418/apples-mode/considering-application-responses
  apples-mode-20110121.418/apples-mode/display-dialog
  apples-mode-20110121.418/apples-mode/if
  apples-mode-20110121.418/apples-mode/ignoring
  apples-mode-20110121.418/apples-mode/ignoring-application-responses
  apples-mode-20110121.418/apples-mode/on
  apples-mode-20110121.418/apples-mode/repeat
  apples-mode-20110121.418/apples-mode/repeat-until
  apples-mode-20110121.418/apples-mode/repeat-while
  apples-mode-20110121.418/apples-mode/repeat-with
  apples-mode-20110121.418/apples-mode/tell-application
  apples-mode-20110121.418/apples-mode/tell-application-to-activate
  apples-mode-20110121.418/apples-mode/try
  apples-mode-20110121.418/apples-mode/using-terms-from-application
  apples-mode-20110121.418/apples-mode/with-timeout-of-seconds
  apples-mode-20110121.418/apples-mode/with-transaction
Built apples-mode in 4.741s, finished at 2021-08-17T09:22:01+0000
 ✓ Success:
4.0K -rw-r--r-- 1 root root  361 Aug 17 09:22 packages/apples-mode-20110121.418.entry
 80K -rw-r--r-- 1 root root  80K Aug 17 09:22 packages/apples-mode-20110121.418.tar
4.0K -rw-r--r-- 1 root root 1.2K Aug 17 09:22 packages/apples-mode-badge.svg
4.0K -rw-r--r-- 1 root root  903 Aug 17 09:22 packages/apples-mode-readme.txt
