Package: archive-rpm
Fetcher: github
Source:  https://github.com/legoscia/archive-rpm.git

Updating /mnt/store/melpa/working/archive-rpm/
Checking out origin/HEAD
Checking out 59f83caebbd2f92fd634f6968e6d17b50ffa3dc7
Copying files (->) and directories (=>)
  from /mnt/store/melpa/working/archive-rpm/
  to /tmp/archive-rpmbk3Mnv/archive-rpm-20180706.1232
    archive-cpio.el -> archive-cpio.el
    archive-rpm-pkg.el -> archive-rpm-pkg.el
    archive-rpm.el -> archive-rpm.el
Created archive-rpm-20180706.1232.tar containing:
  archive-rpm-20180706.1232/
  archive-rpm-20180706.1232/archive-cpio.el
  archive-rpm-20180706.1232/archive-rpm-pkg.el
  archive-rpm-20180706.1232/archive-rpm.el
Built archive-rpm in 4.326s, finished at 2021-08-17T09:22:09+0000
 ✓ Success:
4.0K -rw-r--r-- 1 root root  342 Aug 17 09:22 packages/archive-rpm-20180706.1232.entry
 32K -rw-r--r-- 1 root root  30K Aug 17 09:22 packages/archive-rpm-20180706.1232.tar
4.0K -rw-r--r-- 1 root root 1.2K Aug 17 09:22 packages/archive-rpm-badge.svg
4.0K -rw-r--r-- 1 root root  269 Aug 17 09:22 packages/archive-rpm-readme.txt
