Package: arduino-mode
Fetcher: github
Source:  https://github.com/stardiviner/arduino-mode.git

Updating /mnt/store/melpa/working/arduino-mode/
Checking out origin/HEAD
Checking out d7c87812c205bc01c8c8a7ab02f201b6138c7e57
Copying files (->) and directories (=>)
  from /mnt/store/melpa/working/arduino-mode/
  to /tmp/arduino-modeturZKx/arduino-mode-20210527.1341
    arduino-mode-init.el -> arduino-mode-init.el
    arduino-mode.el -> arduino-mode.el
    ede-arduino.el -> ede-arduino.el
    flycheck-arduino.el -> flycheck-arduino.el
    ob-arduino.el -> ob-arduino.el
Created arduino-mode-20210527.1341.tar containing:
  arduino-mode-20210527.1341/
  arduino-mode-20210527.1341/arduino-mode-init.el
  arduino-mode-20210527.1341/arduino-mode-pkg.el
  arduino-mode-20210527.1341/arduino-mode.el
  arduino-mode-20210527.1341/ede-arduino.el
  arduino-mode-20210527.1341/flycheck-arduino.el
  arduino-mode-20210527.1341/ob-arduino.el
Built arduino-mode in 4.306s, finished at 2021-08-17T09:22:10+0000
 ✓ Success:
4.0K -rw-r--r-- 1 root root  355 Aug 17 09:22 packages/arduino-mode-20210527.1341.entry
 60K -rw-r--r-- 1 root root  60K Aug 17 09:22 packages/arduino-mode-20210527.1341.tar
4.0K -rw-r--r-- 1 root root 1.2K Aug 17 09:22 packages/arduino-mode-badge.svg
4.0K -rw-r--r-- 1 root root   95 Aug 17 09:22 packages/arduino-mode-readme.txt
