Package: assess
Fetcher: github
Source:  https://github.com/phillord/assess.git

Updating /mnt/store/melpa/working/assess/
Copying files (->) and directories (=>)
  from /mnt/store/melpa/working/assess/
  to /tmp/assessBKA2HL/assess-20200211.1817
    assess-call.el -> assess-call.el
    assess-discover.el -> assess-discover.el
    assess-robot.el -> assess-robot.el
    assess.el -> assess.el
Created assess-20200211.1817.tar containing:
  assess-20200211.1817/
  assess-20200211.1817/assess-call.el
  assess-20200211.1817/assess-discover.el
  assess-20200211.1817/assess-pkg.el
  assess-20200211.1817/assess-robot.el
  assess-20200211.1817/assess.el
Built assess in 3.663s, finished at Wed May 19 02:59:45 2021
 ✓ Success:
4.0K -rw-r--r-- 1 root root  297 May 19 02:59 packages/assess-20200211.1817.entry
 60K -rw-r--r-- 1 root root  60K May 19 02:59 packages/assess-20200211.1817.tar
4.0K -rw-r--r-- 1 root root 1.2K May 19 02:59 packages/assess-badge.svg
4.0K -rw-r--r-- 1 root root  837 May 19 02:59 packages/assess-readme.txt
