Package: auto-complete-rst
Fetcher: github
Source:  https://github.com/tkf/auto-complete-rst.git

Updating /mnt/store/melpa/working/auto-complete-rst/
Checking out origin/HEAD
Checking out 4803ce41a96224e6fa54e6741a5b5f40ebed7351
Copying files (->) and directories (=>)
  from /mnt/store/melpa/working/auto-complete-rst/
  to /tmp/auto-complete-rst0s7pxq/auto-complete-rst-20140225.944
    auto-complete-rst.el -> auto-complete-rst.el
    genesource.py -> genesource.py
Created auto-complete-rst-20140225.944.tar containing:
  auto-complete-rst-20140225.944/
  auto-complete-rst-20140225.944/auto-complete-rst-pkg.el
  auto-complete-rst-20140225.944/auto-complete-rst.el
  auto-complete-rst-20140225.944/genesource.py
Built auto-complete-rst in 4.414s, finished at 2021-08-17T09:22:47+0000
 ✓ Success:
4.0K -rw-r--r-- 1 root root  349 Aug 17 09:22 packages/auto-complete-rst-20140225.944.entry
 20K -rw-r--r-- 1 root root  20K Aug 17 09:22 packages/auto-complete-rst-20140225.944.tar
4.0K -rw-r--r-- 1 root root 1.2K Aug 17 09:22 packages/auto-complete-rst-badge.svg
4.0K -rw-r--r-- 1 root root   60 Aug 17 09:22 packages/auto-complete-rst-readme.txt
