Package: autocrypt
Fetcher: git
Source:  https://git.sr.ht/~zge/autocrypt

Updating /mnt/store/melpa/working/autocrypt/
Copying files (->) and directories (=>)
  from /mnt/store/melpa/working/autocrypt/
  to /tmp/autocryptYglwVj/autocrypt-20210412.1127
    autocrypt-gnus.el -> autocrypt-gnus.el
    autocrypt-message.el -> autocrypt-message.el
    autocrypt-mu4e.el -> autocrypt-mu4e.el
    autocrypt-rmail.el -> autocrypt-rmail.el
    autocrypt.el -> autocrypt.el
Created autocrypt-20210412.1127.tar containing:
  autocrypt-20210412.1127/
  autocrypt-20210412.1127/autocrypt-gnus.el
  autocrypt-20210412.1127/autocrypt-message.el
  autocrypt-20210412.1127/autocrypt-mu4e.el
  autocrypt-20210412.1127/autocrypt-pkg.el
  autocrypt-20210412.1127/autocrypt-rmail.el
  autocrypt-20210412.1127/autocrypt.el
Built autocrypt in 3.605s, finished at Wed May 19 03:00:31 2021
 ✓ Success:
4.0K -rw-r--r-- 1 root root  388 May 19 03:00 packages/autocrypt-20210412.1127.entry
 40K -rw-r--r-- 1 root root  40K May 19 03:00 packages/autocrypt-20210412.1127.tar
4.0K -rw-r--r-- 1 root root 1.2K May 19 03:00 packages/autocrypt-badge.svg
4.0K -rw-r--r-- 1 root root  259 May 19 03:00 packages/autocrypt-readme.txt
