Package: auto-complete
Fetcher: github
Source:  https://github.com/auto-complete/auto-complete.git

Updating /mnt/store/melpa/working/auto-complete/
Checking out origin/HEAD
Checking out aafd3f566a8002a1e9b3e197721a2660c0a835ff
Copying files (->) and directories (=>)
  from /mnt/store/melpa/working/auto-complete/
  to /tmp/auto-complete7djDKf/auto-complete-20201213.1255
    auto-complete-config.el -> auto-complete-config.el
    auto-complete-pkg.el -> auto-complete-pkg.el
    auto-complete.el -> auto-complete.el
    dict => dict
Created auto-complete-20201213.1255.tar containing:
  auto-complete-20201213.1255/
  auto-complete-20201213.1255/auto-complete-config.el
  auto-complete-20201213.1255/auto-complete-pkg.el
  auto-complete-20201213.1255/auto-complete.el
  auto-complete-20201213.1255/dict/
  auto-complete-20201213.1255/dict/ada-mode
  auto-complete-20201213.1255/dict/c++-mode
  auto-complete-20201213.1255/dict/c-mode
  auto-complete-20201213.1255/dict/caml-mode
  auto-complete-20201213.1255/dict/clojure-mode
  auto-complete-20201213.1255/dict/clojurescript-mode
  auto-complete-20201213.1255/dict/coq-mode
  auto-complete-20201213.1255/dict/css-mode
  auto-complete-20201213.1255/dict/erlang-mode
  auto-complete-20201213.1255/dict/ess-julia-mode
  auto-complete-20201213.1255/dict/go-mode
  auto-complete-20201213.1255/dict/haskell-mode
  auto-complete-20201213.1255/dict/java-mode
  auto-complete-20201213.1255/dict/js-mode
  auto-complete-20201213.1255/dict/julia-mode
  auto-complete-20201213.1255/dict/lua-mode
  auto-complete-20201213.1255/dict/nim-mode
  auto-complete-20201213.1255/dict/objc-mode
  auto-complete-20201213.1255/dict/octave-mode
  auto-complete-20201213.1255/dict/php-mode
  auto-complete-20201213.1255/dict/python-mode
  auto-complete-20201213.1255/dict/qml-mode
  auto-complete-20201213.1255/dict/ruby-mode
  auto-complete-20201213.1255/dict/scala-mode
  auto-complete-20201213.1255/dict/scheme-mode
  auto-complete-20201213.1255/dict/sclang-mode
  auto-complete-20201213.1255/dict/sh-mode
  auto-complete-20201213.1255/dict/swift-mode
  auto-complete-20201213.1255/dict/tcl-mode
  auto-complete-20201213.1255/dict/ts-mode
  auto-complete-20201213.1255/dict/tuareg-mode
  auto-complete-20201213.1255/dict/verilog-mode
Built auto-complete in 4.755s, finished at 2021-08-17T09:22:39+0000
 ✓ Success:
4.0K -rw-r--r-- 1 root root  415 Aug 17 09:22 packages/auto-complete-20201213.1255.entry
332K -rw-r--r-- 1 root root 330K Aug 17 09:22 packages/auto-complete-20201213.1255.tar
8.0K -rw-r--r-- 1 root root 7.4K Aug 17 05:50 packages/auto-complete-auctex-20140223.1758.el
4.0K -rw-r--r-- 1 root root  349 Aug 17 05:50 packages/auto-complete-auctex-20140223.1758.entry
4.0K -rw-r--r-- 1 root root 1.2K Aug 17 05:50 packages/auto-complete-auctex-badge.svg
4.0K -rw-r--r-- 1 root root  103 Aug 17 05:50 packages/auto-complete-auctex-readme.txt
4.0K -rw-r--r-- 1 root root  190 Aug 17 09:22 packages/auto-complete-auctex.log
4.0K -rw-r--r-- 1 root root 1.2K Aug 17 09:22 packages/auto-complete-badge.svg
8.0K -rw-r--r-- 1 root root 6.3K Aug 17 05:50 packages/auto-complete-c-headers-20150912.323.el
4.0K -rw-r--r-- 1 root root  366 Aug 17 05:50 packages/auto-complete-c-headers-20150912.323.entry
4.0K -rw-r--r-- 1 root root 1.2K Aug 17 05:50 packages/auto-complete-c-headers-badge.svg
4.0K -rw-r--r-- 1 root root   82 Aug 17 05:50 packages/auto-complete-c-headers-readme.txt
4.0K -rw-r--r-- 1 root root  195 Aug 17 09:22 packages/auto-complete-c-headers.log
4.0K -rw-r--r-- 1 root root 3.7K Aug 17 05:50 packages/auto-complete-chunk-20140225.946.el
4.0K -rw-r--r-- 1 root root  357 Aug 17 05:50 packages/auto-complete-chunk-20140225.946.entry
4.0K -rw-r--r-- 1 root root 1.2K Aug 17 05:50 packages/auto-complete-chunk-badge.svg
4.0K -rw-r--r-- 1 root root  282 Aug 17 05:50 packages/auto-complete-chunk-readme.txt
4.0K -rw-r--r-- 1 root root  157 Aug 17 09:22 packages/auto-complete-chunk.log
 16K -rw-r--r-- 1 root root  16K Aug 17 05:50 packages/auto-complete-clang-20140409.752.el
4.0K -rw-r--r-- 1 root root  452 Aug 17 05:50 packages/auto-complete-clang-20140409.752.entry
 24K -rw-r--r-- 1 root root  24K Aug 17 05:50 packages/auto-complete-clang-async-20130526.1514.el
4.0K -rw-r--r-- 1 root root  232 Aug 17 05:50 packages/auto-complete-clang-async-20130526.1514.entry
4.0K -rw-r--r-- 1 root root 1.2K Aug 17 05:50 packages/auto-complete-clang-async-badge.svg
4.0K -rw-r--r-- 1 root root  129 Aug 17 05:50 packages/auto-complete-clang-async-readme.txt
   0 -rw-r--r-- 1 root root    0 Aug 17 09:22 packages/auto-complete-clang-async.log
4.0K -rw-r--r-- 1 root root 1.2K Aug 17 05:50 packages/auto-complete-clang-badge.svg
4.0K -rw-r--r-- 1 root root  128 Aug 17 05:50 packages/auto-complete-clang-readme.txt
4.0K -rw-r--r-- 1 root root  162 Aug 17 09:22 packages/auto-complete-clang.log
4.0K -rw-r--r-- 1 root root 1.6K Aug 17 05:50 packages/auto-complete-distel-20180827.1344.el
4.0K -rw-r--r-- 1 root root  461 Aug 17 05:50 packages/auto-complete-distel-20180827.1344.entry
4.0K -rw-r--r-- 1 root root 1.2K Aug 17 05:50 packages/auto-complete-distel-badge.svg
4.0K -rw-r--r-- 1 root root  422 Aug 17 05:50 packages/auto-complete-distel-readme.txt
   0 -rw-r--r-- 1 root root    0 Aug 17 09:22 packages/auto-complete-distel.log
8.0K -rw-r--r-- 1 root root 7.8K Aug 17 05:50 packages/auto-complete-exuberant-ctags-20140320.724.el
4.0K -rw-r--r-- 1 root root  429 Aug 17 05:50 packages/auto-complete-exuberant-ctags-20140320.724.entry
4.0K -rw-r--r-- 1 root root 1.2K Aug 17 05:50 packages/auto-complete-exuberant-ctags-badge.svg
4.0K -rw-r--r-- 1 root root  506 Aug 17 05:50 packages/auto-complete-exuberant-ctags-readme.txt
   0 -rw-r--r-- 1 root root    0 Aug 17 09:22 packages/auto-complete-exuberant-ctags.log
 36K -rw-r--r-- 1 root root  34K Aug 17 05:50 packages/auto-complete-nxml-20140221.458.el
4.0K -rw-r--r-- 1 root root  458 Aug 17 05:50 packages/auto-complete-nxml-20140221.458.entry
4.0K -rw-r--r-- 1 root root 1.2K Aug 17 05:50 packages/auto-complete-nxml-badge.svg
4.0K -rw-r--r-- 1 root root  148 Aug 17 05:50 packages/auto-complete-nxml-readme.txt
4.0K -rw-r--r-- 1 root root  674 Aug 17 05:50 packages/auto-complete-nxml.log
8.0K -rw-r--r-- 1 root root 6.6K Aug 17 05:50 packages/auto-complete-pcmp-20140227.651.el
4.0K -rw-r--r-- 1 root root  523 Aug 17 05:50 packages/auto-complete-pcmp-20140227.651.entry
4.0K -rw-r--r-- 1 root root 1.2K Aug 17 05:50 packages/auto-complete-pcmp-badge.svg
4.0K -rw-r--r-- 1 root root  273 Aug 17 05:50 packages/auto-complete-pcmp-readme.txt
4.0K -rw-r--r-- 1 root root  674 Aug 17 05:50 packages/auto-complete-pcmp.log
4.0K -rw-r--r-- 1 root root  355 Aug 17 09:22 packages/auto-complete-readme.txt
4.0K -rw-r--r-- 1 root root  349 Aug 17 05:50 packages/auto-complete-rst-20140225.944.entry
 20K -rw-r--r-- 1 root root  20K Aug 17 05:50 packages/auto-complete-rst-20140225.944.tar
4.0K -rw-r--r-- 1 root root 1.2K Aug 17 05:50 packages/auto-complete-rst-badge.svg
4.0K -rw-r--r-- 1 root root   60 Aug 17 05:50 packages/auto-complete-rst-readme.txt
4.0K -rw-r--r-- 1 root root 1.2K Aug 17 05:50 packages/auto-complete-rst.log
 16K -rw-r--r-- 1 root root  13K Aug 17 05:50 packages/auto-complete-sage-20160514.751.el
4.0K -rw-r--r-- 1 root root  505 Aug 17 05:50 packages/auto-complete-sage-20160514.751.entry
4.0K -rw-r--r-- 1 root root 1.2K Aug 17 05:50 packages/auto-complete-sage-badge.svg
4.0K -rw-r--r-- 1 root root  158 Aug 17 05:50 packages/auto-complete-sage-readme.txt
4.0K -rw-r--r-- 1 root root  677 Aug 17 05:50 packages/auto-complete-sage.log
