Package: avk-emacs-themes
Fetcher: github
Source:  https://github.com/avkoval/avk-emacs-themes.git

Updating /mnt/store/melpa/working/avk-emacs-themes/
Copying files (->) and directories (=>)
  from /mnt/store/melpa/working/avk-emacs-themes/
  to /tmp/avk-emacs-themesY0hPhh/avk-emacs-themes-20210507.1127
    avk-darkblue-white-theme.el -> avk-darkblue-white-theme.el
    avk-darkblue-yellow-theme.el -> avk-darkblue-yellow-theme.el
    avk-daylight-theme.el -> avk-daylight-theme.el
    avk-emacs-themes-pkg.el -> avk-emacs-themes-pkg.el
    avk-emacs-themes.el -> avk-emacs-themes.el
Created avk-emacs-themes-20210507.1127.tar containing:
  avk-emacs-themes-20210507.1127/
  avk-emacs-themes-20210507.1127/avk-darkblue-white-theme.el
  avk-emacs-themes-20210507.1127/avk-darkblue-yellow-theme.el
  avk-emacs-themes-20210507.1127/avk-daylight-theme.el
  avk-emacs-themes-20210507.1127/avk-emacs-themes-pkg.el
  avk-emacs-themes-20210507.1127/avk-emacs-themes.el
Built avk-emacs-themes in 4.221s, finished at Wed May 19 03:00:37 2021
 ✓ Success:
4.0K -rw-r--r-- 1 root root  362 May 19 03:00 packages/avk-emacs-themes-20210507.1127.entry
 52K -rw-r--r-- 1 root root  50K May 19 03:00 packages/avk-emacs-themes-20210507.1127.tar
4.0K -rw-r--r-- 1 root root 1.2K May 19 03:00 packages/avk-emacs-themes-badge.svg
4.0K -rw-r--r-- 1 root root   41 May 19 03:00 packages/avk-emacs-themes-readme.txt
