Package: avy-migemo
Fetcher: github
Source:  https://github.com/momomo5717/avy-migemo.git

Updating /mnt/store/melpa/working/avy-migemo/
Checking out origin/HEAD
Checking out 922a6dd82c0bfa316b0fbb56a9d4dd4ffa5707e7
Copying files (->) and directories (=>)
  from /mnt/store/melpa/working/avy-migemo/
  to /tmp/avy-migemooGAK12/avy-migemo-20180716.1455
    avy-migemo-e.g.counsel.el -> avy-migemo-e.g.counsel.el
    avy-migemo-e.g.ivy.el -> avy-migemo-e.g.ivy.el
    avy-migemo-e.g.swiper.el -> avy-migemo-e.g.swiper.el
    avy-migemo-e.g.zzz-to-char.el -> avy-migemo-e.g.zzz-to-char.el
    avy-migemo.el -> avy-migemo.el
Created avy-migemo-20180716.1455.tar containing:
  avy-migemo-20180716.1455/
  avy-migemo-20180716.1455/avy-migemo-e.g.counsel.el
  avy-migemo-20180716.1455/avy-migemo-e.g.ivy.el
  avy-migemo-20180716.1455/avy-migemo-e.g.swiper.el
  avy-migemo-20180716.1455/avy-migemo-e.g.zzz-to-char.el
  avy-migemo-20180716.1455/avy-migemo-pkg.el
  avy-migemo-20180716.1455/avy-migemo.el
Built avy-migemo in 4.111s, finished at 2021-08-17T09:23:17+0000
 ✓ Success:
4.0K -rw-r--r-- 1 root root  387 Aug 17 09:23 packages/avy-migemo-20180716.1455.entry
 80K -rw-r--r-- 1 root root  80K Aug 17 09:23 packages/avy-migemo-20180716.1455.tar
4.0K -rw-r--r-- 1 root root 1.2K Aug 17 09:23 packages/avy-migemo-badge.svg
4.0K -rw-r--r-- 1 root root 1.6K Aug 17 09:23 packages/avy-migemo-readme.txt
