Package: avy
Fetcher: github
Source:  https://github.com/abo-abo/avy.git

Updating /mnt/store/melpa/working/avy/
Checking out origin/HEAD
Checking out e92cb37457b43336b765630dbfbea8ba4be601fa
Built avy in 5.078s, finished at 2021-08-17T09:23:15+0000
 ✓ Success:
 84K -rw-r--r-- 1 root root  83K Aug 17 09:23 packages/avy-20201226.1734.el
4.0K -rw-r--r-- 1 root root  430 Aug 17 09:23 packages/avy-20201226.1734.entry
4.0K -rw-r--r-- 1 root root 1.2K Aug 17 09:23 packages/avy-badge.svg
8.0K -rw-r--r-- 1 root root 4.2K Aug 17 05:51 packages/avy-embark-collect-20210125.2115.el
4.0K -rw-r--r-- 1 root root  499 Aug 17 05:51 packages/avy-embark-collect-20210125.2115.entry
4.0K -rw-r--r-- 1 root root 1.2K Aug 17 05:51 packages/avy-embark-collect-badge.svg
4.0K -rw-r--r-- 1 root root  185 Aug 17 05:51 packages/avy-embark-collect-readme.txt
4.0K -rw-r--r-- 1 root root  172 Aug 17 09:23 packages/avy-embark-collect.log
 12K -rw-r--r-- 1 root root 9.2K Aug 17 05:51 packages/avy-flycheck-20160720.1500.el
4.0K -rw-r--r-- 1 root root  489 Aug 17 05:51 packages/avy-flycheck-20160720.1500.entry
4.0K -rw-r--r-- 1 root root 1.2K Aug 17 05:51 packages/avy-flycheck-badge.svg
4.0K -rw-r--r-- 1 root root  796 Aug 17 05:51 packages/avy-flycheck-readme.txt
4.0K -rw-r--r-- 1 root root  222 Aug 17 09:23 packages/avy-flycheck.log
8.0K -rw-r--r-- 1 root root 6.5K Aug 17 05:51 packages/avy-menu-20210321.1732.el
4.0K -rw-r--r-- 1 root root  409 Aug 17 05:51 packages/avy-menu-20210321.1732.entry
4.0K -rw-r--r-- 1 root root 1.2K Aug 17 05:51 packages/avy-menu-badge.svg
4.0K -rw-r--r-- 1 root root  184 Aug 17 05:51 packages/avy-menu-readme.txt
4.0K -rw-r--r-- 1 root root  152 Aug 17 09:23 packages/avy-menu.log
4.0K -rw-r--r-- 1 root root  387 Aug 17 05:51 packages/avy-migemo-20180716.1455.entry
 80K -rw-r--r-- 1 root root  80K Aug 17 05:51 packages/avy-migemo-20180716.1455.tar
4.0K -rw-r--r-- 1 root root 1.2K Aug 17 05:51 packages/avy-migemo-badge.svg
4.0K -rw-r--r-- 1 root root 1.6K Aug 17 05:51 packages/avy-migemo-readme.txt
4.0K -rw-r--r-- 1 root root  137 Aug 17 09:23 packages/avy-migemo.log
4.0K -rw-r--r-- 1 root root 1.2K Aug 17 09:23 packages/avy-readme.txt
8.0K -rw-r--r-- 1 root root 7.0K Aug 17 05:51 packages/avy-zap-20190801.329.el
4.0K -rw-r--r-- 1 root root  350 Aug 17 05:51 packages/avy-zap-20190801.329.entry
4.0K -rw-r--r-- 1 root root 1.2K Aug 17 05:51 packages/avy-zap-badge.svg
4.0K -rw-r--r-- 1 root root 3.1K Aug 17 05:51 packages/avy-zap-readme.txt
4.0K -rw-r--r-- 1 root root  129 Aug 17 09:23 packages/avy-zap.log
