Package: axiom-environment
Fetcher: git
Source:  https://bitbucket.org/pdo/axiom-environment

Updating /mnt/store/melpa/working/axiom-environment/
Checking out origin/HEAD
Checking out 7d72e6319b98b334f74b78f3d4151e92fb7dcbad
Copying files (->) and directories (=>)
  from /mnt/store/melpa/working/axiom-environment/
  to /tmp/axiom-environmentjQoc6f/axiom-environment-20210714.1912
    axiom-base.el -> axiom-base.el
    axiom-boot-mode.el -> axiom-boot-mode.el
    axiom-buffer-menu.el -> axiom-buffer-menu.el
    axiom-environment.el -> axiom-environment.el
    axiom-help-mode.el -> axiom-help-mode.el
    axiom-input-mode.el -> axiom-input-mode.el
    axiom-process-mode.el -> axiom-process-mode.el
    axiom-selector.el -> axiom-selector.el
    axiom-spad-mode.el -> axiom-spad-mode.el
    data/axiom-standard-category-info.el -> data/axiom-standard-category-info.el
    data/axiom-standard-domain-info.el -> data/axiom-standard-domain-info.el
    data/axiom-standard-operation-info.el -> data/axiom-standard-operation-info.el
    data/axiom-standard-package-info.el -> data/axiom-standard-package-info.el
    data/fricas-standard-category-info.el -> data/fricas-standard-category-info.el
    data/fricas-standard-domain-info.el -> data/fricas-standard-domain-info.el
    data/fricas-standard-operation-info.el -> data/fricas-standard-operation-info.el
    data/fricas-standard-package-info.el -> data/fricas-standard-package-info.el
    data/openaxiom-standard-category-info.el -> data/openaxiom-standard-category-info.el
    data/openaxiom-standard-domain-info.el -> data/openaxiom-standard-domain-info.el
    data/openaxiom-standard-operation-info.el -> data/openaxiom-standard-operation-info.el
    data/openaxiom-standard-package-info.el -> data/openaxiom-standard-package-info.el
    themes/axiom-on-gcl-theme.el -> themes/axiom-on-gcl-theme.el
    themes/fricas-on-ccl-theme.el -> themes/fricas-on-ccl-theme.el
    themes/fricas-on-sbcl-theme.el -> themes/fricas-on-sbcl-theme.el
    themes/openaxiom-on-sbcl-theme.el -> themes/openaxiom-on-sbcl-theme.el
Created axiom-environment-20210714.1912.tar containing:
  axiom-environment-20210714.1912/
  axiom-environment-20210714.1912/axiom-base.el
  axiom-environment-20210714.1912/axiom-boot-mode.el
  axiom-environment-20210714.1912/axiom-buffer-menu.el
  axiom-environment-20210714.1912/axiom-environment-pkg.el
  axiom-environment-20210714.1912/axiom-environment.el
  axiom-environment-20210714.1912/axiom-help-mode.el
  axiom-environment-20210714.1912/axiom-input-mode.el
  axiom-environment-20210714.1912/axiom-process-mode.el
  axiom-environment-20210714.1912/axiom-selector.el
  axiom-environment-20210714.1912/axiom-spad-mode.el
  axiom-environment-20210714.1912/data/
  axiom-environment-20210714.1912/data/axiom-standard-category-info.el
  axiom-environment-20210714.1912/data/axiom-standard-domain-info.el
  axiom-environment-20210714.1912/data/axiom-standard-operation-info.el
  axiom-environment-20210714.1912/data/axiom-standard-package-info.el
  axiom-environment-20210714.1912/data/fricas-standard-category-info.el
  axiom-environment-20210714.1912/data/fricas-standard-domain-info.el
  axiom-environment-20210714.1912/data/fricas-standard-operation-info.el
  axiom-environment-20210714.1912/data/fricas-standard-package-info.el
  axiom-environment-20210714.1912/data/openaxiom-standard-category-info.el
  axiom-environment-20210714.1912/data/openaxiom-standard-domain-info.el
  axiom-environment-20210714.1912/data/openaxiom-standard-operation-info.el
  axiom-environment-20210714.1912/data/openaxiom-standard-package-info.el
  axiom-environment-20210714.1912/themes/
  axiom-environment-20210714.1912/themes/axiom-on-gcl-theme.el
  axiom-environment-20210714.1912/themes/fricas-on-ccl-theme.el
  axiom-environment-20210714.1912/themes/fricas-on-sbcl-theme.el
  axiom-environment-20210714.1912/themes/openaxiom-on-sbcl-theme.el
Built axiom-environment in 4.502s, finished at 2021-08-17T09:23:23+0000
 ✓ Success:
4.0K -rw-r--r-- 1 root root  372 Aug 17 09:23 packages/axiom-environment-20210714.1912.entry
300K -rw-r--r-- 1 root root 300K Aug 17 09:23 packages/axiom-environment-20210714.1912.tar
4.0K -rw-r--r-- 1 root root 1.2K Aug 17 09:23 packages/axiom-environment-badge.svg
4.0K -rw-r--r-- 1 root root 1.6K Aug 17 09:23 packages/axiom-environment-readme.txt
