Package: ayu-theme
Fetcher: github
Source:  https://github.com/vutran1710/Ayu-Theme-Emacs.git

Updating /mnt/store/melpa/working/ayu-theme/
Copying files (->) and directories (=>)
  from /mnt/store/melpa/working/ayu-theme/
  to /tmp/ayu-themekGSrR7/ayu-theme-20200521.1157
    ayu-dark-theme.el -> ayu-dark-theme.el
    ayu-grey-theme.el -> ayu-grey-theme.el
    ayu-light-theme.el -> ayu-light-theme.el
    ayu-theme.el -> ayu-theme.el
Created ayu-theme-20200521.1157.tar containing:
  ayu-theme-20200521.1157/
  ayu-theme-20200521.1157/ayu-dark-theme.el
  ayu-theme-20200521.1157/ayu-grey-theme.el
  ayu-theme-20200521.1157/ayu-light-theme.el
  ayu-theme-20200521.1157/ayu-theme-pkg.el
  ayu-theme-20200521.1157/ayu-theme.el
Built ayu-theme in 4.195s, finished at Wed May 19 03:00:49 2021
 ✓ Success:
4.0K -rw-r--r-- 1 root root  326 May 19 03:00 packages/ayu-theme-20200521.1157.entry
 20K -rw-r--r-- 1 root root  20K May 19 03:00 packages/ayu-theme-20200521.1157.tar
4.0K -rw-r--r-- 1 root root 1.2K May 19 03:00 packages/ayu-theme-badge.svg
4.0K -rw-r--r-- 1 root root   74 May 19 03:00 packages/ayu-theme-readme.txt
