Package: bbyac
Fetcher: github
Source:  https://github.com/baohaojun/bbyac.git

Updating /mnt/store/melpa/working/bbyac/
Checking out origin/HEAD
Checking out 9f0de9cad13801891ffb590dc09f51ff9a7cb225
Copying files (->) and directories (=>)
  from /mnt/store/melpa/working/bbyac/
  to /tmp/bbyacaI0b0j/bbyac-20180206.1441
    bbyac.el -> bbyac.el
    c++.bbyac -> c++.bbyac
    java.bbyac -> java.bbyac
    js2.bbyac -> js2.bbyac
    lua.bbyac -> lua.bbyac
    ruby.bbyac -> ruby.bbyac
Created bbyac-20180206.1441.tar containing:
  bbyac-20180206.1441/
  bbyac-20180206.1441/bbyac-pkg.el
  bbyac-20180206.1441/bbyac.el
  bbyac-20180206.1441/c++.bbyac
  bbyac-20180206.1441/java.bbyac
  bbyac-20180206.1441/js2.bbyac
  bbyac-20180206.1441/lua.bbyac
  bbyac-20180206.1441/ruby.bbyac
Built bbyac in 4.870s, finished at 2021-08-17T09:23:56+0000
 ✓ Success:
4.0K -rw-r--r-- 1 root root  378 Aug 17 09:23 packages/bbyac-20180206.1441.entry
 40K -rw-r--r-- 1 root root  40K Aug 17 09:23 packages/bbyac-20180206.1441.tar
4.0K -rw-r--r-- 1 root root 1.2K Aug 17 09:23 packages/bbyac-badge.svg
4.0K -rw-r--r-- 1 root root  565 Aug 17 09:23 packages/bbyac-readme.txt
