Package: beeminder
Fetcher: github
Source:  https://github.com/Sodaware/beeminder.el.git

Updating /mnt/store/melpa/working/beeminder/
Copying files (->) and directories (=>)
  from /mnt/store/melpa/working/beeminder/
  to /tmp/beeminderHb4vs0/beeminder-20201227.1533
    beeminder-api.el -> beeminder-api.el
    beeminder-client-faces.el -> beeminder-client-faces.el
    beeminder-client.el -> beeminder-client.el
    beeminder-org.el -> beeminder-org.el
    beeminder-settings.el -> beeminder-settings.el
    beeminder.el -> beeminder.el
Created beeminder-20201227.1533.tar containing:
  beeminder-20201227.1533/
  beeminder-20201227.1533/beeminder-api.el
  beeminder-20201227.1533/beeminder-client-faces.el
  beeminder-20201227.1533/beeminder-client.el
  beeminder-20201227.1533/beeminder-org.el
  beeminder-20201227.1533/beeminder-pkg.el
  beeminder-20201227.1533/beeminder-settings.el
  beeminder-20201227.1533/beeminder.el
Built beeminder in 3.972s, finished at Wed May 19 03:01:28 2021
 ✓ Success:
4.0K -rw-r--r-- 1 root root  435 May 19 03:01 packages/beeminder-20201227.1533.entry
 60K -rw-r--r-- 1 root root  60K May 19 03:01 packages/beeminder-20201227.1533.tar
4.0K -rw-r--r-- 1 root root 1.2K May 19 03:01 packages/beeminder-badge.svg
4.0K -rw-r--r-- 1 root root 2.2K May 19 03:01 packages/beeminder-readme.txt
