Package: bibretrieve
Fetcher: github
Source:  https://github.com/pzorin/bibretrieve.git

Updating /mnt/store/melpa/working/bibretrieve/
Copying files (->) and directories (=>)
  from /mnt/store/melpa/working/bibretrieve/
  to /tmp/bibretrievejQmazI/bibretrieve-20191124.1855
    bibretrieve-base.el -> bibretrieve-base.el
    bibretrieve.el -> bibretrieve.el
Created bibretrieve-20191124.1855.tar containing:
  bibretrieve-20191124.1855/
  bibretrieve-20191124.1855/bibretrieve-base.el
  bibretrieve-20191124.1855/bibretrieve-pkg.el
  bibretrieve-20191124.1855/bibretrieve.el
Built bibretrieve in 8.604s, finished at Wed May 19 03:01:56 2021
 ✓ Success:
4.0K -rw-r--r-- 1 root root  451 May 19 03:01 packages/bibretrieve-20191124.1855.entry
 32K -rw-r--r-- 1 root root  30K May 19 03:01 packages/bibretrieve-20191124.1855.tar
4.0K -rw-r--r-- 1 root root 1.2K May 19 03:01 packages/bibretrieve-badge.svg
4.0K -rw-r--r-- 1 root root 1.3K May 19 03:01 packages/bibretrieve-readme.txt
