Package: bibtex-actions
Fetcher: github
Source:  https://github.com/bdarcus/bibtex-actions.git

Updating /mnt/store/melpa/working/bibtex-actions/
Checking out origin/HEAD
Checking out 22136167a110c88c9cdbe89cd19abfc94f4788e8
Copying files (->) and directories (=>)
  from /mnt/store/melpa/working/bibtex-actions/
  to /tmp/bibtex-actionsWYvjva/bibtex-actions-20210814.1705
    bibtex-actions.el -> bibtex-actions.el
    oc-bibtex-actions.el -> oc-bibtex-actions.el
Created bibtex-actions-20210814.1705.tar containing:
  bibtex-actions-20210814.1705/
  bibtex-actions-20210814.1705/bibtex-actions-pkg.el
  bibtex-actions-20210814.1705/bibtex-actions.el
  bibtex-actions-20210814.1705/oc-bibtex-actions.el
Built bibtex-actions in 5.782s, finished at 2021-08-17T09:24:20+0000
 ✓ Success:
4.0K -rw-r--r-- 1 root root  402 Aug 17 09:24 packages/bibtex-actions-20210814.1705.entry
 56K -rw-r--r-- 1 root root  50K Aug 17 09:24 packages/bibtex-actions-20210814.1705.tar
4.0K -rw-r--r-- 1 root root 1.2K Aug 17 09:24 packages/bibtex-actions-badge.svg
4.0K -rw-r--r-- 1 root root  414 Aug 17 09:24 packages/bibtex-actions-readme.txt
