Package: binder
Fetcher: github
Source:  https://github.com/rnkn/binder.git

Updating /mnt/store/melpa/working/binder/
Copying files (->) and directories (=>)
  from /mnt/store/melpa/working/binder/
  to /tmp/binderSQ3u5h/binder-20210131.1227
    binder-tutorial.el -> binder-tutorial.el
    binder.el -> binder.el
Created binder-20210131.1227.tar containing:
  binder-20210131.1227/
  binder-20210131.1227/binder-pkg.el
  binder-20210131.1227/binder-tutorial.el
  binder-20210131.1227/binder.el
Built binder in 4.094s, finished at Wed May 19 03:02:19 2021
 ✓ Success:
4.0K -rw-r--r-- 1 root root  404 May 19 03:02 packages/binder-20210131.1227.entry
 72K -rw-r--r-- 1 root root  70K May 19 03:02 packages/binder-20210131.1227.tar
4.0K -rw-r--r-- 1 root root 1.2K May 19 03:02 packages/binder-badge.svg
8.0K -rw-r--r-- 1 root root 7.3K May 19 03:02 packages/binder-readme.txt
