Package: blgrep
Fetcher: github
Source:  https://github.com/ataka/blgrep.git

Updating /mnt/store/melpa/working/blgrep/
Checking out origin/HEAD
Checking out 605beda210610a5829750a987f5fcebea97af546
Copying files (->) and directories (=>)
  from /mnt/store/melpa/working/blgrep/
  to /tmp/blgrepoLlVxE/blgrep-20150401.1416
    blg-2ch.el -> blg-2ch.el
    blg-autoloads.el -> blg-autoloads.el
    blg-bib.el -> blg-bib.el
    blg-cc.el -> blg-cc.el
    blg-changelog.el -> blg-changelog.el
    blg-css.el -> blg-css.el
    blg-elisp.el -> blg-elisp.el
    blg-outline.el -> blg-outline.el
    blgrep.el -> blgrep.el
    clgrep.el -> clgrep.el
Created blgrep-20150401.1416.tar containing:
  blgrep-20150401.1416/
  blgrep-20150401.1416/blg-2ch.el
  blgrep-20150401.1416/blg-autoloads.el
  blgrep-20150401.1416/blg-bib.el
  blgrep-20150401.1416/blg-cc.el
  blgrep-20150401.1416/blg-changelog.el
  blgrep-20150401.1416/blg-css.el
  blgrep-20150401.1416/blg-elisp.el
  blgrep-20150401.1416/blg-outline.el
  blgrep-20150401.1416/blgrep-pkg.el
  blgrep-20150401.1416/blgrep.el
  blgrep-20150401.1416/clgrep.el
Built blgrep in 4.534s, finished at 2021-08-17T09:24:36+0000
 ✓ Success:
4.0K -rw-r--r-- 1 root root  306 Aug 17 09:24 packages/blgrep-20150401.1416.entry
 80K -rw-r--r-- 1 root root  80K Aug 17 09:24 packages/blgrep-20150401.1416.tar
4.0K -rw-r--r-- 1 root root 1.2K Aug 17 09:24 packages/blgrep-badge.svg
   0 -rw-r--r-- 1 root root    0 Aug 17 09:24 packages/blgrep-readme.txt
