Package: blog-minimal
Fetcher: github
Source:  https://github.com/thiefuniverse/blog-minimal.git

Updating /mnt/store/melpa/working/blog-minimal/
Checking out origin/HEAD
Checking out 356c878322258159021eecdd15757e11cf02e335
Copying files (->) and directories (=>)
  from /mnt/store/melpa/working/blog-minimal/
  to /tmp/blog-minimalIArACN/blog-minimal-20181021.849
    blog-minimal-utils.el -> blog-minimal-utils.el
    blog-minimal-vars.el -> blog-minimal-vars.el
    blog-minimal.el -> blog-minimal.el
    media => media
    templates => templates
    about.org -> about.org
Created blog-minimal-20181021.849.tar containing:
  blog-minimal-20181021.849/
  blog-minimal-20181021.849/about.org
  blog-minimal-20181021.849/blog-minimal-pkg.el
  blog-minimal-20181021.849/blog-minimal-utils.el
  blog-minimal-20181021.849/blog-minimal-vars.el
  blog-minimal-20181021.849/blog-minimal.el
  blog-minimal-20181021.849/media/
  blog-minimal-20181021.849/media/img/
  blog-minimal-20181021.849/media/img/avatar1.png
  blog-minimal-20181021.849/media/img/avatar10.png
  blog-minimal-20181021.849/media/img/avatar3.png
  blog-minimal-20181021.849/media/img/avatar4.png
  blog-minimal-20181021.849/media/img/avatar5.png
  blog-minimal-20181021.849/media/img/avatar6.png
  blog-minimal-20181021.849/media/img/avatar7.png
  blog-minimal-20181021.849/media/img/avatar8.png
  blog-minimal-20181021.849/media/img/avatar9.png
  blog-minimal-20181021.849/media/img/github.png
  blog-minimal-20181021.849/media/img/keywords.png
  blog-minimal-20181021.849/media/img/mail.png
  blog-minimal-20181021.849/media/img/to_home.png
  blog-minimal-20181021.849/media/javascripts/
  blog-minimal-20181021.849/media/javascripts/scale.fix.js
  blog-minimal-20181021.849/media/stylesheets/
  blog-minimal-20181021.849/media/stylesheets/pygment_trac.css
  blog-minimal-20181021.849/media/stylesheets/styles.css
  blog-minimal-20181021.849/media/stylesheets/styles.css~
  blog-minimal-20181021.849/templates/
  blog-minimal-20181021.849/templates/404.mustache
  blog-minimal-20181021.849/templates/about.mustache
  blog-minimal-20181021.849/templates/blog-article.mustache
  blog-minimal-20181021.849/templates/blog-comment.mustache
  blog-minimal-20181021.849/templates/blog-content.mustache
  blog-minimal-20181021.849/templates/blog-index.mustache
  blog-minimal-20181021.849/templates/content-title.mustache
  blog-minimal-20181021.849/templates/footer.mustache
  blog-minimal-20181021.849/templates/header.mustache
  blog-minimal-20181021.849/templates/main-index.mustache
  blog-minimal-20181021.849/templates/nav.mustache
  blog-minimal-20181021.849/templates/person-zone.mustache
  blog-minimal-20181021.849/templates/self-info.mustache
Built blog-minimal in 4.454s, finished at 2021-08-17T09:24:43+0000
 ✓ Success:
4.0K -rw-r--r-- 1 root root  478 Aug 17 09:24 packages/blog-minimal-20181021.849.entry
8.9M -rw-r--r-- 1 root root 8.9M Aug 17 09:24 packages/blog-minimal-20181021.849.tar
4.0K -rw-r--r-- 1 root root 1.2K Aug 17 09:24 packages/blog-minimal-badge.svg
4.0K -rw-r--r-- 1 root root  278 Aug 17 09:24 packages/blog-minimal-readme.txt
