Package: bm
Fetcher: github
Source:  https://github.com/joodland/bm.git

Updating /mnt/store/melpa/working/bm/
Checking out origin/HEAD
Checking out 9a31c61f44e6f1033ca43bd7f3eb33ffdb2ca595
Copying files (->) and directories (=>)
  from /mnt/store/melpa/working/bm/
  to /tmp/bm3xog6L/bm-20210421.1351
    bm-sync.el -> bm-sync.el
    bm.el -> bm.el
Created bm-20210421.1351.tar containing:
  bm-20210421.1351/
  bm-20210421.1351/bm-pkg.el
  bm-20210421.1351/bm-sync.el
  bm-20210421.1351/bm.el
Built bm in 4.720s, finished at 2021-08-17T09:24:45+0000
 ✓ Success:
4.0K -rw-r--r-- 1 root root  365 Aug 17 09:24 packages/bm-20210421.1351.entry
 72K -rw-r--r-- 1 root root  70K Aug 17 09:24 packages/bm-20210421.1351.tar
4.0K -rw-r--r-- 1 root root 1.2K Aug 17 09:24 packages/bm-badge.svg
8.0K -rw-r--r-- 1 root root 7.7K Aug 17 09:24 packages/bm-readme.txt
