Package: bnf-mode
Fetcher: github
Source:  https://github.com/sergeyklay/bnf-mode.git

Updating /mnt/store/melpa/working/bnf-mode/
Copying files (->) and directories (=>)
  from /mnt/store/melpa/working/bnf-mode/
  to /tmp/bnf-mode8DLjpB/bnf-mode-20200323.1348
    bnf-mode.el -> bnf-mode.el
    dir -> dir
    bnf-mode.info -> bnf-mode.info
    bnf-mode.texi -> bnf-mode.texi
Created bnf-mode-20200323.1348.tar containing:
  bnf-mode-20200323.1348/
  bnf-mode-20200323.1348/bnf-mode-pkg.el
  bnf-mode-20200323.1348/bnf-mode.el
  bnf-mode-20200323.1348/bnf-mode.info
  bnf-mode-20200323.1348/dir
Built bnf-mode in 4.298s, finished at Wed May 19 03:02:39 2021
 ✓ Success:
4.0K -rw-r--r-- 1 root root  408 May 19 03:02 packages/bnf-mode-20200323.1348.entry
 32K -rw-r--r-- 1 root root  30K May 19 03:02 packages/bnf-mode-20200323.1348.tar
4.0K -rw-r--r-- 1 root root 1.2K May 19 03:02 packages/bnf-mode-badge.svg
4.0K -rw-r--r-- 1 root root  221 May 19 03:02 packages/bnf-mode-readme.txt
