Package: bongo
Fetcher: github
Source:  https://github.com/dbrock/bongo.git

Updating /mnt/store/melpa/working/bongo/
Checking out origin/HEAD
Checking out 9e9629090262bba6d0003dabe5a375e47a4477f1
Copying files (->) and directories (=>)
  from /mnt/store/melpa/working/bongo/
  to /tmp/bongoNDrVHE/bongo-20201002.1020
    bongo.el -> bongo.el
    lastfm-submit.el -> lastfm-submit.el
    bongo.texi -> bongo.texi
    images => images
    tree-from-tags.rb -> tree-from-tags.rb
Created /tmp/bongoNDrVHE/bongo-20201002.1020/bongo.info
Created bongo-20201002.1020.tar containing:
  bongo-20201002.1020/
  bongo-20201002.1020/bongo-pkg.el
  bongo-20201002.1020/bongo.el
  bongo-20201002.1020/bongo.info
  bongo-20201002.1020/dir
  bongo-20201002.1020/images/
  bongo-20201002.1020/images/action-track-icon.png
  bongo-20201002.1020/images/audio-cd-track-icon.png
  bongo-20201002.1020/images/bongo-logo.pbm
  bongo-20201002.1020/images/collapsed-header-icon.png
  bongo-20201002.1020/images/expanded-header-icon.png
  bongo-20201002.1020/images/local-audio-file-track-icon.png
  bongo-20201002.1020/images/local-video-file-track-icon.png
  bongo-20201002.1020/images/track-mark-icon.png
  bongo-20201002.1020/images/unknown-local-file-track-icon.png
  bongo-20201002.1020/images/uri-track-icon.png
  bongo-20201002.1020/lastfm-submit.el
  bongo-20201002.1020/tree-from-tags.rb
Built bongo in 21.274s, finished at 2021-08-17T09:25:06+0000
 ✓ Success:
4.0K -rw-r--r-- 1 root root  163 Aug 17 09:25 packages/bongo-20201002.1020.entry
540K -rw-r--r-- 1 root root 540K Aug 17 09:25 packages/bongo-20201002.1020.tar
4.0K -rw-r--r-- 1 root root 1.2K Aug 17 09:25 packages/bongo-badge.svg
4.0K -rw-r--r-- 1 root root  151 Aug 17 09:25 packages/bongo-readme.txt
