Package: boogie-friends
Fetcher: github
Source:  https://github.com/boogie-org/boogie-friends.git

Updating /mnt/store/melpa/working/boogie-friends/
Copying files (->) and directories (=>)
  from /mnt/store/melpa/working/boogie-friends/
  to /tmp/boogie-friendshjubeh/boogie-friends-20210323.1836
  ! emacs/boogie-friends-pkg.el -> boogie-friends-pkg.el
  ! emacs/boogie-friends.el -> boogie-friends.el
  ! emacs/boogie-mode.el -> boogie-mode.el
  ! emacs/dafny-docs.el -> dafny-docs.el
  ! emacs/dafny-mode.el -> dafny-mode.el
  ! emacs/inferior-dafny.el -> inferior-dafny.el
  ! emacs/z3-smt2-mode.el -> z3-smt2-mode.el
  ! emacs/etc => etc
Created boogie-friends-20210323.1836.tar containing:
  boogie-friends-20210323.1836/
  boogie-friends-20210323.1836/boogie-friends-pkg.el
  boogie-friends-20210323.1836/boogie-friends.el
  boogie-friends-20210323.1836/boogie-mode.el
  boogie-friends-20210323.1836/dafny-docs.el
  boogie-friends-20210323.1836/dafny-mode.el
  boogie-friends-20210323.1836/etc/
  boogie-friends-20210323.1836/etc/dafny-attributes
  boogie-friends-20210323.1836/etc/dafny-docs.html.gz
  boogie-friends-20210323.1836/etc/dafny-snippets
  boogie-friends-20210323.1836/inferior-dafny.el
  boogie-friends-20210323.1836/z3-smt2-mode.el
Built boogie-friends in 4.682s, finished at Wed May 19 03:02:45 2021
 ✓ Success:
4.0K -rw-r--r-- 1 root root  572 May 19 03:02 packages/boogie-friends-20210323.1836.entry
120K -rw-r--r-- 1 root root 120K May 19 03:02 packages/boogie-friends-20210323.1836.tar
4.0K -rw-r--r-- 1 root root 1.2K May 19 03:02 packages/boogie-friends-badge.svg
4.0K -rw-r--r-- 1 root root  931 May 19 03:02 packages/boogie-friends-readme.txt
