Package: boon
Fetcher: github
Source:  https://github.com/jyp/boon.git

Updating /mnt/store/melpa/working/boon/
Checking out origin/HEAD
Checking out db1cbdcdfb3ea246d0d0090534d998f7c9c19f4f
Copying files (->) and directories (=>)
  from /mnt/store/melpa/working/boon/
  to /tmp/boon42hZy7/boon-20210518.1244
    boon-arguments.el -> boon-arguments.el
    boon-colemak.el -> boon-colemak.el
    boon-core.el -> boon-core.el
    boon-dvorak.el -> boon-dvorak.el
    boon-emacs.el -> boon-emacs.el
    boon-hl.el -> boon-hl.el
    boon-keys.el -> boon-keys.el
    boon-loaddefs.el -> boon-loaddefs.el
    boon-main.el -> boon-main.el
    boon-moves.el -> boon-moves.el
    boon-pkg.el -> boon-pkg.el
    boon-powerline.el -> boon-powerline.el
    boon-qwerty.el -> boon-qwerty.el
    boon-qwertz.el -> boon-qwertz.el
    boon-regs.el -> boon-regs.el
    boon-search.el -> boon-search.el
    boon-spaceline.el -> boon-spaceline.el
    boon-tutorial.el -> boon-tutorial.el
    boon-utils.el -> boon-utils.el
    boon-workman.el -> boon-workman.el
    boon.el -> boon.el
Created boon-20210518.1244.tar containing:
  boon-20210518.1244/
  boon-20210518.1244/boon-arguments.el
  boon-20210518.1244/boon-colemak.el
  boon-20210518.1244/boon-core.el
  boon-20210518.1244/boon-dvorak.el
  boon-20210518.1244/boon-emacs.el
  boon-20210518.1244/boon-hl.el
  boon-20210518.1244/boon-keys.el
  boon-20210518.1244/boon-loaddefs.el
  boon-20210518.1244/boon-main.el
  boon-20210518.1244/boon-moves.el
  boon-20210518.1244/boon-pkg.el
  boon-20210518.1244/boon-powerline.el
  boon-20210518.1244/boon-qwerty.el
  boon-20210518.1244/boon-qwertz.el
  boon-20210518.1244/boon-regs.el
  boon-20210518.1244/boon-search.el
  boon-20210518.1244/boon-spaceline.el
  boon-20210518.1244/boon-tutorial.el
  boon-20210518.1244/boon-utils.el
  boon-20210518.1244/boon-workman.el
  boon-20210518.1244/boon.el
Built boon in 10.177s, finished at 2021-08-17T09:25:04+0000
 ✓ Success:
4.0K -rw-r--r-- 1 root root  266 Aug 17 09:25 packages/boon-20210518.1244.entry
160K -rw-r--r-- 1 root root 160K Aug 17 09:25 packages/boon-20210518.1244.tar
4.0K -rw-r--r-- 1 root root 1.2K Aug 17 09:25 packages/boon-badge.svg
4.0K -rw-r--r-- 1 root root  211 Aug 17 09:25 packages/boon-readme.txt
