Package: borg
Fetcher: github
Source:  https://github.com/emacscollective/borg.git

Updating /mnt/store/melpa/working/borg/
Checking out origin/HEAD
Checking out 018d5334b4c9af297799f0644e09946a13d55edd
Copying files (->) and directories (=>)
  from /mnt/store/melpa/working/borg/
  to /tmp/borgn9VGGU/borg-20210812.1005
    borg-elpa.el -> borg-elpa.el
    borg.el -> borg.el
    borg.texi -> borg.texi
    borg.mk -> borg.mk
Created /tmp/borgn9VGGU/borg-20210812.1005/borg.info
Created borg-20210812.1005.tar containing:
  borg-20210812.1005/
  borg-20210812.1005/borg-elpa.el
  borg-20210812.1005/borg-pkg.el
  borg-20210812.1005/borg.el
  borg-20210812.1005/borg.info
  borg-20210812.1005/borg.mk
  borg-20210812.1005/dir
Built borg in 23.816s, finished at 2021-08-17T09:25:18+0000
 ✓ Success:
4.0K -rw-r--r-- 1 root root  397 Aug 17 09:25 packages/borg-20210812.1005.entry
120K -rw-r--r-- 1 root root 120K Aug 17 09:25 packages/borg-20210812.1005.tar
4.0K -rw-r--r-- 1 root root 1.2K Aug 17 09:25 packages/borg-badge.svg
4.0K -rw-r--r-- 1 root root  462 Aug 17 09:25 packages/borg-readme.txt
