Package: bpr
Fetcher: github
Source:  https://github.com/ilya-babanov/emacs-bpr.git

Updating /mnt/store/melpa/working/bpr/
Copying files (->) and directories (=>)
  from /mnt/store/melpa/working/bpr/
  to /tmp/bprnHbh3j/bpr-20180220.1844
    bpr.el -> bpr.el
    test-bpr.el -> test-bpr.el
Created bpr-20180220.1844.tar containing:
  bpr-20180220.1844/
  bpr-20180220.1844/bpr-pkg.el
  bpr-20180220.1844/bpr.el
  bpr-20180220.1844/test-bpr.el
Built bpr in 4.189s, finished at Wed May 19 03:02:52 2021
 ✓ Success:
4.0K -rw-r--r-- 1 root root  395 May 19 03:02 packages/bpr-20180220.1844.entry
 32K -rw-r--r-- 1 root root  30K May 19 03:02 packages/bpr-20180220.1844.tar
4.0K -rw-r--r-- 1 root root 1.2K May 19 03:02 packages/bpr-badge.svg
4.0K -rw-r--r-- 1 root root  146 May 19 03:02 packages/bpr-readme.txt
