Package: brf
Fetcher: git
Source:  https://bitbucket.org/MikeWoolley/brf-mode

Updating /mnt/store/melpa/working/brf/
Checking out origin/HEAD
Checking out 9e66643e1153133508bb1d63a21f3bd8f46908fd
Copying files (->) and directories (=>)
  from /mnt/store/melpa/working/brf/
  to /tmp/brf5S37k3/brf-20210509.1534
    brf-bookmark.el -> brf-bookmark.el
    brf-compat.el -> brf-compat.el
    brf-editing.el -> brf-editing.el
    brf-marking.el -> brf-marking.el
    brf-menu.el -> brf-menu.el
    brf-movement.el -> brf-movement.el
    brf-undo.el -> brf-undo.el
    brf-window.el -> brf-window.el
    brf.el -> brf.el
    brf-mode.info -> brf-mode.info
Created brf-20210509.1534.tar containing:
  brf-20210509.1534/
  brf-20210509.1534/brf-bookmark.el
  brf-20210509.1534/brf-compat.el
  brf-20210509.1534/brf-editing.el
  brf-20210509.1534/brf-marking.el
  brf-20210509.1534/brf-menu.el
  brf-20210509.1534/brf-mode.info
  brf-20210509.1534/brf-movement.el
  brf-20210509.1534/brf-pkg.el
  brf-20210509.1534/brf-undo.el
  brf-20210509.1534/brf-window.el
  brf-20210509.1534/brf.el
  brf-20210509.1534/dir
Built brf in 8.068s, finished at 2021-08-17T09:25:24+0000
 ✓ Success:
4.0K -rw-r--r-- 1 root root  425 Aug 17 09:25 packages/brf-20210509.1534.entry
100K -rw-r--r-- 1 root root 100K Aug 17 09:25 packages/brf-20210509.1534.tar
4.0K -rw-r--r-- 1 root root 1.2K Aug 17 09:25 packages/brf-badge.svg
4.0K -rw-r--r-- 1 root root  505 Aug 17 09:25 packages/brf-readme.txt
