Package: bufler
Fetcher: github
Source:  https://github.com/alphapapa/bufler.el.git

Updating /mnt/store/melpa/working/bufler/
Copying files (->) and directories (=>)
  from /mnt/store/melpa/working/bufler/
  to /tmp/buflerO0KDMH/bufler-20201226.2149
    bufler-group-tree.el -> bufler-group-tree.el
    bufler-workspace-tabs.el -> bufler-workspace-tabs.el
    bufler-workspace.el -> bufler-workspace.el
    bufler.el -> bufler.el
    bufler.info -> bufler.info
Created bufler-20201226.2149.tar containing:
  bufler-20201226.2149/
  bufler-20201226.2149/bufler-group-tree.el
  bufler-20201226.2149/bufler-pkg.el
  bufler-20201226.2149/bufler-workspace-tabs.el
  bufler-20201226.2149/bufler-workspace.el
  bufler-20201226.2149/bufler.el
  bufler-20201226.2149/bufler.info
  bufler-20201226.2149/dir
Built bufler in 3.717s, finished at Wed May 19 03:03:15 2021
 ✓ Success:
4.0K -rw-r--r-- 1 root root  497 May 19 03:03 packages/bufler-20201226.2149.entry
120K -rw-r--r-- 1 root root 120K May 19 03:03 packages/bufler-20201226.2149.tar
4.0K -rw-r--r-- 1 root root 1.2K May 19 03:03 packages/bufler-badge.svg
4.0K -rw-r--r-- 1 root root  575 May 19 03:03 packages/bufler-readme.txt
