Package: bui
Fetcher: github
Source:  https://github.com/alezost/bui.el.git

Updating /mnt/store/melpa/working/bui/
Copying files (->) and directories (=>)
  from /mnt/store/melpa/working/bui/
  to /tmp/buiPvZeFs/bui-20210108.1141
    bui-button.el -> bui-button.el
    bui-core.el -> bui-core.el
    bui-entry.el -> bui-entry.el
    bui-history.el -> bui-history.el
    bui-info.el -> bui-info.el
    bui-list.el -> bui-list.el
    bui-utils.el -> bui-utils.el
    bui.el -> bui.el
Created bui-20210108.1141.tar containing:
  bui-20210108.1141/
  bui-20210108.1141/bui-button.el
  bui-20210108.1141/bui-core.el
  bui-20210108.1141/bui-entry.el
  bui-20210108.1141/bui-history.el
  bui-20210108.1141/bui-info.el
  bui-20210108.1141/bui-list.el
  bui-20210108.1141/bui-pkg.el
  bui-20210108.1141/bui-utils.el
  bui-20210108.1141/bui.el
Built bui in 4.007s, finished at Wed May 19 03:03:20 2021
 ✓ Success:
4.0K -rw-r--r-- 1 root root  368 May 19 03:03 packages/bui-20210108.1141.entry
112K -rw-r--r-- 1 root root 110K May 19 03:03 packages/bui-20210108.1141.tar
4.0K -rw-r--r-- 1 root root 1.2K May 19 03:03 packages/bui-badge.svg
4.0K -rw-r--r-- 1 root root  584 May 19 03:03 packages/bui-readme.txt
