Package: build-farm
Fetcher: github
Source:  https://github.com/alezost/build-farm.el.git

Updating /mnt/store/melpa/working/build-farm/
Copying files (->) and directories (=>)
  from /mnt/store/melpa/working/build-farm/
  to /tmp/build-farmxcIRJw/build-farm-20181218.2002
    build-farm-build.el -> build-farm-build.el
    build-farm-evaluation.el -> build-farm-evaluation.el
    build-farm-jobset.el -> build-farm-jobset.el
    build-farm-popup.el -> build-farm-popup.el
    build-farm-project.el -> build-farm-project.el
    build-farm-url.el -> build-farm-url.el
    build-farm-utils.el -> build-farm-utils.el
    build-farm.el -> build-farm.el
Created build-farm-20181218.2002.tar containing:
  build-farm-20181218.2002/
  build-farm-20181218.2002/build-farm-build.el
  build-farm-20181218.2002/build-farm-evaluation.el
  build-farm-20181218.2002/build-farm-jobset.el
  build-farm-20181218.2002/build-farm-pkg.el
  build-farm-20181218.2002/build-farm-popup.el
  build-farm-20181218.2002/build-farm-project.el
  build-farm-20181218.2002/build-farm-url.el
  build-farm-20181218.2002/build-farm-utils.el
  build-farm-20181218.2002/build-farm.el
Built build-farm in 3.809s, finished at Wed May 19 03:03:21 2021
 ✓ Success:
4.0K -rw-r--r-- 1 root root  475 May 19 03:03 packages/build-farm-20181218.2002.entry
100K -rw-r--r-- 1 root root 100K May 19 03:03 packages/build-farm-20181218.2002.tar
4.0K -rw-r--r-- 1 root root 1.2K May 19 03:03 packages/build-farm-badge.svg
4.0K -rw-r--r-- 1 root root  905 May 19 03:03 packages/build-farm-readme.txt
