Package: c-c-combo
Fetcher: github
Source:  https://github.com/CestDiego/c-c-combo.el.git

Updating /mnt/store/melpa/working/c-c-combo/
Checking out origin/HEAD
Checking out a261a833499a7fdc29610863b3aafc74818770ba
Copying files (->) and directories (=>)
  from /mnt/store/melpa/working/c-c-combo/
  to /tmp/c-c-comboTvCBnz/c-c-combo-20151224.255
    c-c-combo.el -> c-c-combo.el
    fatality.wav -> fatality.wav
    flawless_spree.wav -> flawless_spree.wav
    stop_this_modafoca.wav -> stop_this_modafoca.wav
    unstoppable.wav -> unstoppable.wav
Created c-c-combo-20151224.255.tar containing:
  c-c-combo-20151224.255/
  c-c-combo-20151224.255/c-c-combo-pkg.el
  c-c-combo-20151224.255/c-c-combo.el
  c-c-combo-20151224.255/fatality.wav
  c-c-combo-20151224.255/flawless_spree.wav
  c-c-combo-20151224.255/stop_this_modafoca.wav
  c-c-combo-20151224.255/unstoppable.wav
Built c-c-combo in 5.131s, finished at 2021-08-17T09:26:05+0000
 ✓ Success:
4.0K -rw-r--r-- 1 root root  349 Aug 17 09:26 packages/c-c-combo-20151224.255.entry
1.6M -rw-r--r-- 1 root root 1.6M Aug 17 09:26 packages/c-c-combo-20151224.255.tar
4.0K -rw-r--r-- 1 root root 1.2K Aug 17 09:26 packages/c-c-combo-badge.svg
4.0K -rw-r--r-- 1 root root   61 Aug 17 09:26 packages/c-c-combo-readme.txt
