Package: c0-mode
Fetcher: github
Source:  https://github.com/catern/c0-mode.git

Updating /mnt/store/melpa/working/c0-mode/
Checking out origin/HEAD
Checking out c214093c36864d6208fcb9e6a72413ed17ed5d60
Copying files (->) and directories (=>)
  from /mnt/store/melpa/working/c0-mode/
  to /tmp/c0-mode0IG7Yc/c0-mode-20151110.1852
    c0-allman.el -> c0-allman.el
    c0-mode.el -> c0-mode.el
Created c0-mode-20151110.1852.tar containing:
  c0-mode-20151110.1852/
  c0-mode-20151110.1852/c0-allman.el
  c0-mode-20151110.1852/c0-mode-pkg.el
  c0-mode-20151110.1852/c0-mode.el
Built c0-mode in 4.370s, finished at 2021-08-17T09:26:06+0000
 ✓ Success:
4.0K -rw-r--r-- 1 root root  289 Aug 17 09:26 packages/c0-mode-20151110.1852.entry
 20K -rw-r--r-- 1 root root  20K Aug 17 09:26 packages/c0-mode-20151110.1852.tar
4.0K -rw-r--r-- 1 root root 1.2K Aug 17 09:26 packages/c0-mode-badge.svg
4.0K -rw-r--r-- 1 root root  281 Aug 17 09:26 packages/c0-mode-readme.txt
