Package: cacoo
Fetcher: github
Source:  https://github.com/kiwanami/emacs-cacoo.git

Updating /mnt/store/melpa/working/cacoo/
Copying files (->) and directories (=>)
  from /mnt/store/melpa/working/cacoo/
  to /tmp/cacooXe0dse/cacoo-20120319.2359
    cacoo-pkg.el -> cacoo-pkg.el
    cacoo-plugins.el -> cacoo-plugins.el
    cacoo.el -> cacoo.el
Created cacoo-20120319.2359.tar containing:
  cacoo-20120319.2359/
  cacoo-20120319.2359/cacoo-pkg.el
  cacoo-20120319.2359/cacoo-plugins.el
  cacoo-20120319.2359/cacoo.el
Built cacoo in 5.267s, finished at Wed May 19 03:03:39 2021
 ✓ Success:
4.0K -rw-r--r-- 1 root root  393 May 19 03:03 packages/cacoo-20120319.2359.entry
 92K -rw-r--r-- 1 root root  90K May 19 03:03 packages/cacoo-20120319.2359.tar
4.0K -rw-r--r-- 1 root root 1.2K May 19 03:03 packages/cacoo-badge.svg
4.0K -rw-r--r-- 1 root root 1.1K May 19 03:03 packages/cacoo-readme.txt
