Package: cal-china-x
Fetcher: github
Source:  https://github.com/xwl/cal-china-x.git

Updating /mnt/store/melpa/working/cal-china-x/
Checking out origin/HEAD
Checking out 94005e678a1d2522b7a00299779f40c5c77286b8
Copying files (->) and directories (=>)
  from /mnt/store/melpa/working/cal-china-x/
  to /tmp/cal-china-xqodywe/cal-china-x-20200924.1837
    cal-china-x.el -> cal-china-x.el
    jieqi.txt -> jieqi.txt
Created cal-china-x-20200924.1837.tar containing:
  cal-china-x-20200924.1837/
  cal-china-x-20200924.1837/cal-china-x-pkg.el
  cal-china-x-20200924.1837/cal-china-x.el
  cal-china-x-20200924.1837/jieqi.txt
Built cal-china-x in 4.417s, finished at 2021-08-17T09:26:13+0000
 ✓ Success:
4.0K -rw-r--r-- 1 root root  382 Aug 17 09:26 packages/cal-china-x-20200924.1837.entry
172K -rw-r--r-- 1 root root 170K Aug 17 09:26 packages/cal-china-x-20200924.1837.tar
4.0K -rw-r--r-- 1 root root 1.2K Aug 17 09:26 packages/cal-china-x-badge.svg
4.0K -rw-r--r-- 1 root root  993 Aug 17 09:26 packages/cal-china-x-readme.txt
