Package: calfw
Fetcher: github
Source:  https://github.com/kiwanami/emacs-calfw.git

Updating /mnt/store/melpa/working/calfw/
Built calfw in 4.254s, finished at Wed May 19 03:03:43 2021
 ✓ Success:
116K -rw-r--r-- 1 root root 114K May 19 03:03 packages/calfw-20180118.45.el
4.0K -rw-r--r-- 1 root root  342 May 19 03:03 packages/calfw-20180118.45.entry
4.0K -rw-r--r-- 1 root root 1.2K May 19 03:03 packages/calfw-badge.svg
8.0K -rw-r--r-- 1 root root 7.1K May 18 23:49 packages/calfw-cal-20170320.1206.el
4.0K -rw-r--r-- 1 root root  313 May 18 23:49 packages/calfw-cal-20170320.1206.entry
4.0K -rw-r--r-- 1 root root 1.2K May 18 23:49 packages/calfw-cal-badge.svg
4.0K -rw-r--r-- 1 root root  223 May 18 23:49 packages/calfw-cal-readme.txt
4.0K -rw-r--r-- 1 root root  134 May 19 03:03 packages/calfw-cal.log
4.0K -rw-r--r-- 1 root root  356 May 18 23:49 packages/calfw-gcal-20120111.1000.entry
 20K -rw-r--r-- 1 root root  20K May 18 23:49 packages/calfw-gcal-20120111.1000.tar
4.0K -rw-r--r-- 1 root root 1.2K May 18 23:49 packages/calfw-gcal-badge.svg
4.0K -rw-r--r-- 1 root root  186 May 18 23:49 packages/calfw-gcal-readme.txt
   0 -rw-r--r-- 1 root root    0 May 19 03:03 packages/calfw-gcal.log
 12K -rw-r--r-- 1 root root 8.8K May 18 23:49 packages/calfw-howm-20170704.4.el
4.0K -rw-r--r-- 1 root root  311 May 18 23:49 packages/calfw-howm-20170704.4.entry
4.0K -rw-r--r-- 1 root root 1.2K May 18 23:49 packages/calfw-howm-badge.svg
4.0K -rw-r--r-- 1 root root  429 May 18 23:49 packages/calfw-howm-readme.txt
   0 -rw-r--r-- 1 root root    0 May 19 03:03 packages/calfw-howm.log
 12K -rw-r--r-- 1 root root  11K May 18 23:49 packages/calfw-ical-20150703.819.el
4.0K -rw-r--r-- 1 root root  320 May 18 23:49 packages/calfw-ical-20150703.819.entry
4.0K -rw-r--r-- 1 root root 1.2K May 18 23:49 packages/calfw-ical-badge.svg
4.0K -rw-r--r-- 1 root root  406 May 18 23:49 packages/calfw-ical-readme.txt
   0 -rw-r--r-- 1 root root    0 May 19 03:03 packages/calfw-ical.log
 20K -rw-r--r-- 1 root root  19K May 18 23:49 packages/calfw-org-20160303.258.el
4.0K -rw-r--r-- 1 root root  317 May 18 23:49 packages/calfw-org-20160303.258.entry
4.0K -rw-r--r-- 1 root root 1.2K May 18 23:49 packages/calfw-org-badge.svg
4.0K -rw-r--r-- 1 root root  283 May 18 23:49 packages/calfw-org-readme.txt
   0 -rw-r--r-- 1 root root    0 May 19 03:03 packages/calfw-org.log
4.0K -rw-r--r-- 1 root root  254 May 19 03:03 packages/calfw-readme.txt
