Package: calibredb
Fetcher: github
Source:  https://github.com/chenyanming/calibredb.el.git

Updating /mnt/store/melpa/working/calibredb/
Checking out origin/HEAD
Checking out cb93563d0ec9e0c653210bc574f9546d1e7db437
Copying files (->) and directories (=>)
  from /mnt/store/melpa/working/calibredb/
  to /tmp/calibredbFWeHEU/calibredb-20210603.323
    calibredb-annotation.el -> calibredb-annotation.el
    calibredb-core.el -> calibredb-core.el
    calibredb-faces.el -> calibredb-faces.el
    calibredb-helm.el -> calibredb-helm.el
    calibredb-ivy.el -> calibredb-ivy.el
    calibredb-library.el -> calibredb-library.el
    calibredb-org.el -> calibredb-org.el
    calibredb-search.el -> calibredb-search.el
    calibredb-show.el -> calibredb-show.el
    calibredb-transient.el -> calibredb-transient.el
    calibredb-utils.el -> calibredb-utils.el
    calibredb.el -> calibredb.el
Created calibredb-20210603.323.tar containing:
  calibredb-20210603.323/
  calibredb-20210603.323/calibredb-annotation.el
  calibredb-20210603.323/calibredb-core.el
  calibredb-20210603.323/calibredb-faces.el
  calibredb-20210603.323/calibredb-helm.el
  calibredb-20210603.323/calibredb-ivy.el
  calibredb-20210603.323/calibredb-library.el
  calibredb-20210603.323/calibredb-org.el
  calibredb-20210603.323/calibredb-pkg.el
  calibredb-20210603.323/calibredb-search.el
  calibredb-20210603.323/calibredb-show.el
  calibredb-20210603.323/calibredb-transient.el
  calibredb-20210603.323/calibredb-utils.el
  calibredb-20210603.323/calibredb.el
Built calibredb in 4.660s, finished at 2021-08-17T09:26:22+0000
 ✓ Success:
4.0K -rw-r--r-- 1 root root  457 Aug 17 09:26 packages/calibredb-20210603.323.entry
200K -rw-r--r-- 1 root root 200K Aug 17 09:26 packages/calibredb-20210603.323.tar
4.0K -rw-r--r-- 1 root root 1.2K Aug 17 09:26 packages/calibredb-badge.svg
4.0K -rw-r--r-- 1 root root  381 Aug 17 09:26 packages/calibredb-readme.txt
