Package: capture
Fetcher: github
Source:  https://github.com/pashinin/capture.el.git

Updating /mnt/store/melpa/working/capture/
Copying files (->) and directories (=>)
  from /mnt/store/melpa/working/capture/
  to /tmp/capturepzyzx5/capture-20130828.1644
  ! src/capture-functions.el -> capture-functions.el
  ! src/capture-helpers.el -> capture-helpers.el
  ! src/capture-keys.el -> capture-keys.el
  ! src/capture-ui.el -> capture-ui.el
  ! src/capture-vars.el -> capture-vars.el
  ! src/capture.el -> capture.el
Created capture-20130828.1644.tar containing:
  capture-20130828.1644/
  capture-20130828.1644/capture-functions.el
  capture-20130828.1644/capture-helpers.el
  capture-20130828.1644/capture-keys.el
  capture-20130828.1644/capture-pkg.el
  capture-20130828.1644/capture-ui.el
  capture-20130828.1644/capture-vars.el
  capture-20130828.1644/capture.el
Built capture in 4.151s, finished at Wed May 19 03:03:55 2021
 ✓ Success:
4.0K -rw-r--r-- 1 root root  283 May 19 03:03 packages/capture-20130828.1644.entry
 40K -rw-r--r-- 1 root root  40K May 19 03:03 packages/capture-20130828.1644.tar
4.0K -rw-r--r-- 1 root root 1.2K May 19 03:03 packages/capture-badge.svg
4.0K -rw-r--r-- 1 root root  649 May 19 03:03 packages/capture-readme.txt
