Package: cargo
Fetcher: github
Source:  https://github.com/kwrooijen/cargo.el.git

Updating /mnt/store/melpa/working/cargo/
Checking out origin/HEAD
Checking out 794f902bb84437afcc5d677d4a7a996c1f98359b
Copying files (->) and directories (=>)
  from /mnt/store/melpa/working/cargo/
  to /tmp/cargouqdSBb/cargo-20210813.721
    cargo-process.el -> cargo-process.el
    cargo.el -> cargo.el
Created cargo-20210813.721.tar containing:
  cargo-20210813.721/
  cargo-20210813.721/cargo-pkg.el
  cargo-20210813.721/cargo-process.el
  cargo-20210813.721/cargo.el
Built cargo in 4.966s, finished at 2021-08-17T09:26:29+0000
 ✓ Success:
4.0K -rw-r--r-- 1 root root  301 Aug 17 09:26 packages/cargo-20210813.721.entry
 40K -rw-r--r-- 1 root root  40K Aug 17 09:26 packages/cargo-20210813.721.tar
4.0K -rw-r--r-- 1 root root 1.2K Aug 17 09:26 packages/cargo-badge.svg
 12K -rw-r--r-- 1 root root  12K Aug 17 05:54 packages/cargo-mode-20210605.1003.el
4.0K -rw-r--r-- 1 root root  414 Aug 17 05:54 packages/cargo-mode-20210605.1003.entry
4.0K -rw-r--r-- 1 root root 1.2K Aug 17 05:54 packages/cargo-mode-badge.svg
4.0K -rw-r--r-- 1 root root  801 Aug 17 05:54 packages/cargo-mode-readme.txt
4.0K -rw-r--r-- 1 root root  160 Aug 17 09:26 packages/cargo-mode.log
4.0K -rw-r--r-- 1 root root 1008 Aug 17 09:26 packages/cargo-readme.txt
