Package: cask
Fetcher: github
Source:  https://github.com/cask/cask.git

Updating /mnt/store/melpa/working/cask/
Copying files (->) and directories (=>)
  from /mnt/store/melpa/working/cask/
  to /tmp/casklOU0u4/cask-20210424.125
    cask.el -> cask.el
    cask-bootstrap.el -> cask-bootstrap.el
Created cask-20210424.125.tar containing:
  cask-20210424.125/
  cask-20210424.125/cask-bootstrap.el
  cask-20210424.125/cask-pkg.el
  cask-20210424.125/cask.el
Built cask in 4.593s, finished at Wed May 19 03:04:01 2021
 ✓ Success:
 40K -rw-r--r-- 1 root root  39K Jun 29  2019 packages/cask-20181107.942.el
4.0K -rw-r--r-- 1 root root  506 May 19 03:04 packages/cask-20210424.125.entry
 52K -rw-r--r-- 1 root root  50K May 19 03:04 packages/cask-20210424.125.tar
4.0K -rw-r--r-- 1 root root 1.2K May 19 03:04 packages/cask-badge.svg
4.0K -rw-r--r-- 1 root root 3.2K May 19 03:04 packages/cask-mode-20160410.1449.el
4.0K -rw-r--r-- 1 root root  297 May 19 03:04 packages/cask-mode-20160410.1449.entry
4.0K -rw-r--r-- 1 root root 1.2K May 18 23:49 packages/cask-mode-badge.svg
4.0K -rw-r--r-- 1 root root  117 May 19 03:04 packages/cask-mode-readme.txt
4.0K -rw-r--r-- 1 root root  131 May 19 03:03 packages/cask-mode.log
4.0K -rw-r--r-- 1 root root  574 May 19 03:04 packages/cask-package-toolset-20170921.2256.entry
 40K -rw-r--r-- 1 root root  40K May 19 03:04 packages/cask-package-toolset-20170921.2256.tar
4.0K -rw-r--r-- 1 root root 1.2K May 18 23:49 packages/cask-package-toolset-badge.svg
4.0K -rw-r--r-- 1 root root  276 May 19 03:04 packages/cask-package-toolset-readme.txt
4.0K -rw-r--r-- 1 root root 1.5K May 19 03:04 packages/cask-package-toolset.log
4.0K -rw-r--r-- 1 root root   95 May 19 03:04 packages/cask-readme.txt
