Package: ccls
Fetcher: github
Source:  https://github.com/MaskRay/emacs-ccls.git

Updating /mnt/store/melpa/working/ccls/
Checking out origin/HEAD
Checking out 675a5704c14a27931e835a431beea3631d92e8e6
Copying files (->) and directories (=>)
  from /mnt/store/melpa/working/ccls/
  to /tmp/cclsT6cTpe/ccls-20200820.308
    ccls-call-hierarchy.el -> ccls-call-hierarchy.el
    ccls-code-lens.el -> ccls-code-lens.el
    ccls-common.el -> ccls-common.el
    ccls-inheritance-hierarchy.el -> ccls-inheritance-hierarchy.el
    ccls-member-hierarchy.el -> ccls-member-hierarchy.el
    ccls-semantic-highlight.el -> ccls-semantic-highlight.el
    ccls-tree.el -> ccls-tree.el
    ccls.el -> ccls.el
Created ccls-20200820.308.tar containing:
  ccls-20200820.308/
  ccls-20200820.308/ccls-call-hierarchy.el
  ccls-20200820.308/ccls-code-lens.el
  ccls-20200820.308/ccls-common.el
  ccls-20200820.308/ccls-inheritance-hierarchy.el
  ccls-20200820.308/ccls-member-hierarchy.el
  ccls-20200820.308/ccls-pkg.el
  ccls-20200820.308/ccls-semantic-highlight.el
  ccls-20200820.308/ccls-tree.el
  ccls-20200820.308/ccls.el
Built ccls in 4.327s, finished at 2021-08-17T09:26:41+0000
 ✓ Success:
4.0K -rw-r--r-- 1 root root  379 Aug 17 09:26 packages/ccls-20200820.308.entry
 72K -rw-r--r-- 1 root root  70K Aug 17 09:26 packages/ccls-20200820.308.tar
4.0K -rw-r--r-- 1 root root 1.2K Aug 17 09:26 packages/ccls-badge.svg
4.0K -rw-r--r-- 1 root root  122 Aug 17 09:26 packages/ccls-readme.txt
