Package: cfn-mode
Fetcher: gitlab
Source:  https://gitlab.com/worr/cfn-mode.git

Updating /mnt/store/melpa/working/cfn-mode/
Checking out origin/HEAD
Checking out a4ca40978e680f9edc86c141e696e0ae57c63533
Copying files (->) and directories (=>)
  from /mnt/store/melpa/working/cfn-mode/
  to /tmp/cfn-modeVZDgif/cfn-mode-20210129.2037
  ! cfn-mode/cfn-mode.el -> cfn-mode.el
  ! cfn-mode/cfn-properties.dat -> cfn-properties.dat
  ! cfn-mode/cfn-resources.dat -> cfn-resources.dat
Created cfn-mode-20210129.2037.tar containing:
  cfn-mode-20210129.2037/
  cfn-mode-20210129.2037/cfn-mode-pkg.el
  cfn-mode-20210129.2037/cfn-mode.el
  cfn-mode-20210129.2037/cfn-properties.dat
  cfn-mode-20210129.2037/cfn-resources.dat
Built cfn-mode in 4.481s, finished at 2021-08-17T09:26:56+0000
 ✓ Success:
4.0K -rw-r--r-- 1 root root  451 Aug 17 09:26 packages/cfn-mode-20210129.2037.entry
 40K -rw-r--r-- 1 root root  40K Aug 17 09:26 packages/cfn-mode-20210129.2037.tar
4.0K -rw-r--r-- 1 root root 1.2K Aug 17 09:26 packages/cfn-mode-badge.svg
4.0K -rw-r--r-- 1 root root   48 Aug 17 09:26 packages/cfn-mode-readme.txt
