Package: chee
Fetcher: github
Source:  https://github.com/eikek/chee.git

Updating /mnt/store/melpa/working/chee/
Checking out origin/HEAD
Checking out 669ff9ee429f24c3c2d03b83d9cb9aec5f86bb8b
Copying files (->) and directories (=>)
  from /mnt/store/melpa/working/chee/
  to /tmp/cheeuJR7w1/chee-20171123.2233
  ! emacs/chee-dired.el -> chee-dired.el
  ! emacs/chee-helm.el -> chee-helm.el
  ! emacs/chee-minor.el -> chee-minor.el
  ! emacs/chee-proc.el -> chee-proc.el
  ! emacs/chee-query.el -> chee-query.el
  ! emacs/chee-settings.el -> chee-settings.el
  ! emacs/chee-utils.el -> chee-utils.el
  ! emacs/chee.el -> chee.el
Created chee-20171123.2233.tar containing:
  chee-20171123.2233/
  chee-20171123.2233/chee-dired.el
  chee-20171123.2233/chee-helm.el
  chee-20171123.2233/chee-minor.el
  chee-20171123.2233/chee-pkg.el
  chee-20171123.2233/chee-proc.el
  chee-20171123.2233/chee-query.el
  chee-20171123.2233/chee-settings.el
  chee-20171123.2233/chee-utils.el
  chee-20171123.2233/chee.el
Built chee in 4.474s, finished at 2021-08-17T09:27:09+0000
 ✓ Success:
4.0K -rw-r--r-- 1 root root  282 Aug 17 09:27 packages/chee-20171123.2233.entry
 60K -rw-r--r-- 1 root root  60K Aug 17 09:27 packages/chee-20171123.2233.tar
4.0K -rw-r--r-- 1 root root 1.2K Aug 17 09:27 packages/chee-badge.svg
4.0K -rw-r--r-- 1 root root  570 Aug 17 09:27 packages/chee-readme.txt
