Package: chinese-yasdcv
Fetcher: github
Source:  https://github.com/tumashu/chinese-yasdcv.git

Updating /mnt/store/melpa/working/chinese-yasdcv/
Checking out origin/HEAD
Checking out 5ab830daf1273d5a5cddcb94b56a9737f12d996f
Copying files (->) and directories (=>)
  from /mnt/store/melpa/working/chinese-yasdcv/
  to /tmp/chinese-yasdcvHUbVPr/chinese-yasdcv-20171015.144
    chinese-yasdcv.el -> chinese-yasdcv.el
    yasdcv.el -> yasdcv.el
Created chinese-yasdcv-20171015.144.tar containing:
  chinese-yasdcv-20171015.144/
  chinese-yasdcv-20171015.144/chinese-yasdcv-pkg.el
  chinese-yasdcv-20171015.144/chinese-yasdcv.el
  chinese-yasdcv-20171015.144/yasdcv.el
Built chinese-yasdcv in 4.415s, finished at 2021-08-17T09:27:17+0000
 ✓ Success:
4.0K -rw-r--r-- 1 root root  402 Aug 17 09:27 packages/chinese-yasdcv-20171015.144.entry
 20K -rw-r--r-- 1 root root  20K Aug 17 09:27 packages/chinese-yasdcv-20171015.144.tar
4.0K -rw-r--r-- 1 root root 1.2K Aug 17 09:27 packages/chinese-yasdcv-badge.svg
4.0K -rw-r--r-- 1 root root   88 Aug 17 09:27 packages/chinese-yasdcv-readme.txt
