Package: chinese-wbim
Fetcher: github
Source:  https://github.com/zilongshanren/chinese-wbim.git

Updating /mnt/store/melpa/working/chinese-wbim/
Checking out origin/HEAD
Checking out 5d496364b0b6bbaaf0f9b37e5a6d260d4994f260
Copying files (->) and directories (=>)
  from /mnt/store/melpa/working/chinese-wbim/
  to /tmp/chinese-wbimV9GwDN/chinese-wbim-20190727.854
    chinese-wbim-cj-chars.el -> chinese-wbim-cj-chars.el
    chinese-wbim-cj.el -> chinese-wbim-cj.el
    chinese-wbim-eb-map.el -> chinese-wbim-eb-map.el
    chinese-wbim-eb.el -> chinese-wbim-eb.el
    chinese-wbim-extra.el -> chinese-wbim-extra.el
    chinese-wbim-pkg.el -> chinese-wbim-pkg.el
    chinese-wbim-py.el -> chinese-wbim-py.el
    chinese-wbim-table.el -> chinese-wbim-table.el
    chinese-wbim-wb-gb2312.el -> chinese-wbim-wb-gb2312.el
    chinese-wbim-wb-gbk.el -> chinese-wbim-wb-gbk.el
    chinese-wbim-wb.el -> chinese-wbim-wb.el
    chinese-wbim.el -> chinese-wbim.el
    wb.txt -> wb.txt
    wbpy.txt -> wbpy.txt
Created chinese-wbim-20190727.854.tar containing:
  chinese-wbim-20190727.854/
  chinese-wbim-20190727.854/chinese-wbim-cj-chars.el
  chinese-wbim-20190727.854/chinese-wbim-cj.el
  chinese-wbim-20190727.854/chinese-wbim-eb-map.el
  chinese-wbim-20190727.854/chinese-wbim-eb.el
  chinese-wbim-20190727.854/chinese-wbim-extra.el
  chinese-wbim-20190727.854/chinese-wbim-pkg.el
  chinese-wbim-20190727.854/chinese-wbim-py.el
  chinese-wbim-20190727.854/chinese-wbim-table.el
  chinese-wbim-20190727.854/chinese-wbim-wb-gb2312.el
  chinese-wbim-20190727.854/chinese-wbim-wb-gbk.el
  chinese-wbim-20190727.854/chinese-wbim-wb.el
  chinese-wbim-20190727.854/chinese-wbim.el
  chinese-wbim-20190727.854/wb.txt
  chinese-wbim-20190727.854/wbpy.txt
Built chinese-wbim in 4.850s, finished at 2021-08-17T09:27:16+0000
 ✓ Success:
4.0K -rw-r--r-- 1 root root  373 Aug 17 09:27 packages/chinese-wbim-20190727.854.entry
1.9M -rw-r--r-- 1 root root 1.9M Aug 17 09:27 packages/chinese-wbim-20190727.854.tar
4.0K -rw-r--r-- 1 root root 1.2K Aug 17 09:27 packages/chinese-wbim-badge.svg
4.0K -rw-r--r-- 1 root root  192 Aug 17 09:27 packages/chinese-wbim-readme.txt
