Package: choice-program
Fetcher: github
Source:  https://github.com/plandes/choice-program.git

Updating /mnt/store/melpa/working/choice-program/
Checking out origin/HEAD
Checking out b8b1b6c5568f8778783454d5747912487c8e69b8
Copying files (->) and directories (=>)
  from /mnt/store/melpa/working/choice-program/
  to /tmp/choice-programTpwkyV/choice-program-20201217.1751
    choice-program-complete.el -> choice-program-complete.el
    choice-program.el -> choice-program.el
Created choice-program-20201217.1751.tar containing:
  choice-program-20201217.1751/
  choice-program-20201217.1751/choice-program-complete.el
  choice-program-20201217.1751/choice-program-pkg.el
  choice-program-20201217.1751/choice-program.el
Built choice-program in 5.462s, finished at 2021-08-17T09:27:20+0000
 ✓ Success:
4.0K -rw-r--r-- 1 root root  359 Aug 17 09:27 packages/choice-program-20201217.1751.entry
 20K -rw-r--r-- 1 root root  20K Aug 17 09:27 packages/choice-program-20201217.1751.tar
4.0K -rw-r--r-- 1 root root 1.2K Aug 17 09:27 packages/choice-program-badge.svg
4.0K -rw-r--r-- 1 root root   90 Aug 17 09:27 packages/choice-program-readme.txt
