Package: chronos
Fetcher: github
Source:  https://github.com/dxknight/chronos.git

Updating /mnt/store/melpa/working/chronos/
Copying files (->) and directories (=>)
  from /mnt/store/melpa/working/chronos/
  to /tmp/chronosp25r9a/chronos-20150602.1529
    chronos.el -> chronos.el
    chronos.info -> chronos.info
Created chronos-20150602.1529.tar containing:
  chronos-20150602.1529/
  chronos-20150602.1529/chronos-pkg.el
  chronos-20150602.1529/chronos.el
  chronos-20150602.1529/chronos.info
  chronos-20150602.1529/dir
Built chronos in 3.465s, finished at Wed May 19 03:04:47 2021
 ✓ Success:
4.0K -rw-r--r-- 1 root root  347 May 19 03:04 packages/chronos-20150602.1529.entry
 80K -rw-r--r-- 1 root root  80K May 19 03:04 packages/chronos-20150602.1529.tar
4.0K -rw-r--r-- 1 root root 1.2K May 19 03:04 packages/chronos-badge.svg
4.0K -rw-r--r-- 1 root root  881 May 19 03:04 packages/chronos-readme.txt
