Package: chronometrist
Fetcher: git
Source:  https://tildegit.org/contrapunctus/chronometrist.git

Updating /mnt/store/melpa/working/chronometrist/
Copying files (->) and directories (=>)
  from /mnt/store/melpa/working/chronometrist/
  to /tmp/chronometristBBAiUS/chronometrist-20210507.923
  ! doc/manual.info -> manual.info
  ! elisp/chronometrist-diary-view.el -> chronometrist-diary-view.el
  ! elisp/chronometrist.el -> chronometrist.el
  ! elisp/chronometrist.org -> chronometrist.org
Created chronometrist-20210507.923.tar containing:
  chronometrist-20210507.923/
  chronometrist-20210507.923/chronometrist-diary-view.el
  chronometrist-20210507.923/chronometrist-pkg.el
  chronometrist-20210507.923/chronometrist.el
  chronometrist-20210507.923/chronometrist.org
  chronometrist-20210507.923/dir
  chronometrist-20210507.923/manual.info
Built chronometrist in 3.090s, finished at Wed May 19 03:04:45 2021
 ✓ Success:
4.0K -rw-r--r-- 1 root root  485 May 19 03:04 packages/chronometrist-20210507.923.entry
172K -rw-r--r-- 1 root root 170K May 19 03:04 packages/chronometrist-20210507.923.tar
4.0K -rw-r--r-- 1 root root 1.2K May 19 03:04 packages/chronometrist-badge.svg
 12K -rw-r--r-- 1 root root  12K May 18 23:50 packages/chronometrist-goal-20210510.1831.el
4.0K -rw-r--r-- 1 root root  531 May 18 23:50 packages/chronometrist-goal-20210510.1831.entry
4.0K -rw-r--r-- 1 root root 1.2K May 18 23:50 packages/chronometrist-goal-badge.svg
4.0K -rw-r--r-- 1 root root  153 May 18 23:50 packages/chronometrist-goal-readme.txt
4.0K -rw-r--r-- 1 root root  163 May 19 03:04 packages/chronometrist-goal.log
4.0K -rw-r--r-- 1 root root  446 May 18 23:50 packages/chronometrist-key-values-20210514.827.entry
 72K -rw-r--r-- 1 root root  70K May 18 23:50 packages/chronometrist-key-values-20210514.827.tar
4.0K -rw-r--r-- 1 root root 1.2K May 18 23:50 packages/chronometrist-key-values-badge.svg
4.0K -rw-r--r-- 1 root root  379 May 18 23:50 packages/chronometrist-key-values-readme.txt
4.0K -rw-r--r-- 1 root root  170 May 19 03:04 packages/chronometrist-key-values.log
4.0K -rw-r--r-- 1 root root 2.0K May 19 03:04 packages/chronometrist-readme.txt
