Package: chronometrist-key-values
Fetcher: git
Source:  https://tildegit.org/contrapunctus/chronometrist.git

Updating /mnt/store/melpa/working/chronometrist-key-values/
Checking out origin/dev
Checking out 524ba9592fc7095209e380392915b376f75bec00
Copying files (->) and directories (=>)
  from /mnt/store/melpa/working/chronometrist-key-values/
  to /tmp/chronometrist-key-valuesjAJKpu/chronometrist-key-values-20210617.1707
  ! elisp/chronometrist-key-values.el -> chronometrist-key-values.el
  ! elisp/chronometrist-spark.el -> chronometrist-spark.el
  ! elisp/chronometrist-key-values.org -> chronometrist-key-values.org
  ! elisp/chronometrist-spark.org -> chronometrist-spark.org
Created chronometrist-key-values-20210617.1707.tar containing:
  chronometrist-key-values-20210617.1707/
  chronometrist-key-values-20210617.1707/chronometrist-key-values-pkg.el
  chronometrist-key-values-20210617.1707/chronometrist-key-values.el
  chronometrist-key-values-20210617.1707/chronometrist-key-values.org
  chronometrist-key-values-20210617.1707/chronometrist-spark.el
  chronometrist-key-values-20210617.1707/chronometrist-spark.org
Built chronometrist-key-values in 4.669s, finished at 2021-08-17T09:27:22+0000
 ✓ Success:
4.0K -rw-r--r-- 1 root root  448 Aug 17 09:27 packages/chronometrist-key-values-20210617.1707.entry
 72K -rw-r--r-- 1 root root  70K Aug 17 09:27 packages/chronometrist-key-values-20210617.1707.tar
4.0K -rw-r--r-- 1 root root 1.2K Aug 17 09:27 packages/chronometrist-key-values-badge.svg
4.0K -rw-r--r-- 1 root root  329 Aug 17 09:27 packages/chronometrist-key-values-readme.txt
