Package: cider
Fetcher: github
Source:  https://github.com/clojure-emacs/cider.git

Updating /mnt/store/melpa/working/cider/
Copying files (->) and directories (=>)
  from /mnt/store/melpa/working/cider/
  to /tmp/ciderEHveDd/cider-20210518.1038
    cider-apropos.el -> cider-apropos.el
    cider-browse-ns.el -> cider-browse-ns.el
    cider-browse-spec.el -> cider-browse-spec.el
    cider-cheatsheet.el -> cider-cheatsheet.el
    cider-classpath.el -> cider-classpath.el
    cider-client.el -> cider-client.el
    cider-clojuredocs.el -> cider-clojuredocs.el
    cider-common.el -> cider-common.el
    cider-compat.el -> cider-compat.el
    cider-completion.el -> cider-completion.el
    cider-connection.el -> cider-connection.el
    cider-debug.el -> cider-debug.el
    cider-doc.el -> cider-doc.el
    cider-eldoc.el -> cider-eldoc.el
    cider-eval.el -> cider-eval.el
    cider-find.el -> cider-find.el
    cider-format.el -> cider-format.el
    cider-inspector.el -> cider-inspector.el
    cider-macroexpansion.el -> cider-macroexpansion.el
    cider-mode.el -> cider-mode.el
    cider-ns.el -> cider-ns.el
    cider-overlays.el -> cider-overlays.el
    cider-popup.el -> cider-popup.el
    cider-profile.el -> cider-profile.el
    cider-repl-history.el -> cider-repl-history.el
    cider-repl.el -> cider-repl.el
    cider-resolve.el -> cider-resolve.el
    cider-scratch.el -> cider-scratch.el
    cider-selector.el -> cider-selector.el
    cider-stacktrace.el -> cider-stacktrace.el
    cider-test.el -> cider-test.el
    cider-tracing.el -> cider-tracing.el
    cider-util.el -> cider-util.el
    cider-xref.el -> cider-xref.el
    cider.el -> cider.el
    nrepl-client.el -> nrepl-client.el
    nrepl-dict.el -> nrepl-dict.el
Created cider-20210518.1038.tar containing:
  cider-20210518.1038/
  cider-20210518.1038/cider-apropos.el
  cider-20210518.1038/cider-browse-ns.el
  cider-20210518.1038/cider-browse-spec.el
  cider-20210518.1038/cider-cheatsheet.el
  cider-20210518.1038/cider-classpath.el
  cider-20210518.1038/cider-client.el
  cider-20210518.1038/cider-clojuredocs.el
  cider-20210518.1038/cider-common.el
  cider-20210518.1038/cider-compat.el
  cider-20210518.1038/cider-completion.el
  cider-20210518.1038/cider-connection.el
  cider-20210518.1038/cider-debug.el
  cider-20210518.1038/cider-doc.el
  cider-20210518.1038/cider-eldoc.el
  cider-20210518.1038/cider-eval.el
  cider-20210518.1038/cider-find.el
  cider-20210518.1038/cider-format.el
  cider-20210518.1038/cider-inspector.el
  cider-20210518.1038/cider-macroexpansion.el
  cider-20210518.1038/cider-mode.el
  cider-20210518.1038/cider-ns.el
  cider-20210518.1038/cider-overlays.el
  cider-20210518.1038/cider-pkg.el
  cider-20210518.1038/cider-popup.el
  cider-20210518.1038/cider-profile.el
  cider-20210518.1038/cider-repl-history.el
  cider-20210518.1038/cider-repl.el
  cider-20210518.1038/cider-resolve.el
  cider-20210518.1038/cider-scratch.el
  cider-20210518.1038/cider-selector.el
  cider-20210518.1038/cider-stacktrace.el
  cider-20210518.1038/cider-test.el
  cider-20210518.1038/cider-tracing.el
  cider-20210518.1038/cider-util.el
  cider-20210518.1038/cider-xref.el
  cider-20210518.1038/cider.el
  cider-20210518.1038/nrepl-client.el
  cider-20210518.1038/nrepl-dict.el
Built cider in 5.355s, finished at Wed May 19 03:04:51 2021
 ✓ Success:
4.0K -rw-r--r-- 1 root root  769 May 19 03:04 packages/cider-20210518.1038.entry
840K -rw-r--r-- 1 root root 840K May 19 03:04 packages/cider-20210518.1038.tar
4.0K -rw-r--r-- 1 root root 1.2K May 19 03:04 packages/cider-badge.svg
4.0K -rw-r--r-- 1 root root 3.1K May 19 03:04 packages/cider-decompile-20151122.537.el
4.0K -rw-r--r-- 1 root root  398 May 19 03:04 packages/cider-decompile-20151122.537.entry
4.0K -rw-r--r-- 1 root root 1.2K May 18 23:50 packages/cider-decompile-badge.svg
4.0K -rw-r--r-- 1 root root  350 May 19 03:04 packages/cider-decompile-readme.txt
4.0K -rw-r--r-- 1 root root  155 May 19 03:04 packages/cider-decompile.log
4.0K -rw-r--r-- 1 root root 2.6K May 19 03:04 packages/cider-eval-sexp-fu-20190311.2152.el
4.0K -rw-r--r-- 1 root root  430 May 19 03:04 packages/cider-eval-sexp-fu-20190311.2152.entry
4.0K -rw-r--r-- 1 root root 1.2K May 18 23:50 packages/cider-eval-sexp-fu-badge.svg
4.0K -rw-r--r-- 1 root root  132 May 19 03:04 packages/cider-eval-sexp-fu-readme.txt
4.0K -rw-r--r-- 1 root root  164 May 19 03:04 packages/cider-eval-sexp-fu.log
8.0K -rw-r--r-- 1 root root 7.0K May 18 23:50 packages/cider-hydra-20190816.1121.el
4.0K -rw-r--r-- 1 root root  440 May 18 23:50 packages/cider-hydra-20190816.1121.entry
4.0K -rw-r--r-- 1 root root 1.2K May 18 23:50 packages/cider-hydra-badge.svg
4.0K -rw-r--r-- 1 root root 1.3K May 18 23:50 packages/cider-hydra-readme.txt
4.0K -rw-r--r-- 1 root root  143 May 19 03:04 packages/cider-hydra.log
4.0K -rw-r--r-- 1 root root  568 May 19 03:04 packages/cider-readme.txt
