Package: citeproc
Fetcher: github
Source:  https://github.com/andras-simonyi/citeproc-el.git

Updating /mnt/store/melpa/working/citeproc/
Copying files (->) and directories (=>)
  from /mnt/store/melpa/working/citeproc/
  to /tmp/citeproctT2aoY/citeproc-20201031.1642
    citeproc-bibtex.el -> citeproc-bibtex.el
    citeproc-choose.el -> citeproc-choose.el
    citeproc-cite.el -> citeproc-cite.el
    citeproc-context.el -> citeproc-context.el
    citeproc-date.el -> citeproc-date.el
    citeproc-disamb.el -> citeproc-disamb.el
    citeproc-formatters.el -> citeproc-formatters.el
    citeproc-generic-elements.el -> citeproc-generic-elements.el
    citeproc-itemdata.el -> citeproc-itemdata.el
    citeproc-itemgetters.el -> citeproc-itemgetters.el
    citeproc-lib.el -> citeproc-lib.el
    citeproc-locale.el -> citeproc-locale.el
    citeproc-macro.el -> citeproc-macro.el
    citeproc-name.el -> citeproc-name.el
    citeproc-number.el -> citeproc-number.el
    citeproc-prange.el -> citeproc-prange.el
    citeproc-proc.el -> citeproc-proc.el
    citeproc-rt.el -> citeproc-rt.el
    citeproc-s.el -> citeproc-s.el
    citeproc-sort.el -> citeproc-sort.el
    citeproc-style.el -> citeproc-style.el
    citeproc-term.el -> citeproc-term.el
    citeproc.el -> citeproc.el
Created citeproc-20201031.1642.tar containing:
  citeproc-20201031.1642/
  citeproc-20201031.1642/citeproc-bibtex.el
  citeproc-20201031.1642/citeproc-choose.el
  citeproc-20201031.1642/citeproc-cite.el
  citeproc-20201031.1642/citeproc-context.el
  citeproc-20201031.1642/citeproc-date.el
  citeproc-20201031.1642/citeproc-disamb.el
  citeproc-20201031.1642/citeproc-formatters.el
  citeproc-20201031.1642/citeproc-generic-elements.el
  citeproc-20201031.1642/citeproc-itemdata.el
  citeproc-20201031.1642/citeproc-itemgetters.el
  citeproc-20201031.1642/citeproc-lib.el
  citeproc-20201031.1642/citeproc-locale.el
  citeproc-20201031.1642/citeproc-macro.el
  citeproc-20201031.1642/citeproc-name.el
  citeproc-20201031.1642/citeproc-number.el
  citeproc-20201031.1642/citeproc-pkg.el
  citeproc-20201031.1642/citeproc-prange.el
  citeproc-20201031.1642/citeproc-proc.el
  citeproc-20201031.1642/citeproc-rt.el
  citeproc-20201031.1642/citeproc-s.el
  citeproc-20201031.1642/citeproc-sort.el
  citeproc-20201031.1642/citeproc-style.el
  citeproc-20201031.1642/citeproc-term.el
  citeproc-20201031.1642/citeproc.el
Built citeproc in 5.672s, finished at Wed May 19 03:05:00 2021
 ✓ Success:
4.0K -rw-r--r-- 1 root root  541 May 19 03:05 packages/citeproc-20201031.1642.entry
212K -rw-r--r-- 1 root root 210K May 19 03:05 packages/citeproc-20201031.1642.tar
4.0K -rw-r--r-- 1 root root 1.2K May 19 03:05 packages/citeproc-badge.svg
4.0K -rw-r--r-- 1 root root  525 May 19 03:05 packages/citeproc-org-20200915.2009.entry
 72K -rw-r--r-- 1 root root  70K May 19 03:05 packages/citeproc-org-20200915.2009.tar
4.0K -rw-r--r-- 1 root root 1.2K May 18 23:50 packages/citeproc-org-badge.svg
4.0K -rw-r--r-- 1 root root  177 May 19 03:05 packages/citeproc-org-readme.txt
4.0K -rw-r--r-- 1 root root  803 May 19 03:05 packages/citeproc-org.log
4.0K -rw-r--r-- 1 root root  126 May 19 03:05 packages/citeproc-readme.txt
