Package: citre
Fetcher: github
Source:  https://github.com/universal-ctags/citre.git

Updating /mnt/store/melpa/working/citre/
Checking out origin/HEAD
Checking out 871847cb56ece4bb1d45eded6f2133e89799a768
Copying files (->) and directories (=>)
  from /mnt/store/melpa/working/citre/
  to /tmp/citre3De8MR/citre-20210816.1525
    citre-basic-tools.el -> citre-basic-tools.el
    citre-config.el -> citre-config.el
    citre-core-tables.el -> citre-core-tables.el
    citre-core.el -> citre-core.el
    citre-lang-c.el -> citre-lang-c.el
    citre-lang-fileref.el -> citre-lang-fileref.el
    citre-lang-verilog.el -> citre-lang-verilog.el
    citre-peek.el -> citre-peek.el
    citre-util.el -> citre-util.el
    citre.el -> citre.el
Created citre-20210816.1525.tar containing:
  citre-20210816.1525/
  citre-20210816.1525/citre-basic-tools.el
  citre-20210816.1525/citre-config.el
  citre-20210816.1525/citre-core-tables.el
  citre-20210816.1525/citre-core.el
  citre-20210816.1525/citre-lang-c.el
  citre-20210816.1525/citre-lang-fileref.el
  citre-20210816.1525/citre-lang-verilog.el
  citre-20210816.1525/citre-peek.el
  citre-20210816.1525/citre-pkg.el
  citre-20210816.1525/citre-util.el
  citre-20210816.1525/citre.el
Built citre in 5.030s, finished at 2021-08-17T09:27:38+0000
 ✓ Success:
4.0K -rw-r--r-- 1 root root  346 Aug 17 09:27 packages/citre-20210816.1525.entry
292K -rw-r--r-- 1 root root 290K Aug 17 09:27 packages/citre-20210816.1525.tar
4.0K -rw-r--r-- 1 root root 1.2K Aug 17 09:27 packages/citre-badge.svg
4.0K -rw-r--r-- 1 root root  525 Aug 17 09:27 packages/citre-readme.txt
