Package: cl-format
Fetcher: github
Source:  https://github.com/alvinfrancis/cl-format.git

Updating /mnt/store/melpa/working/cl-format/
Checking out origin/HEAD
Checking out 4380cb8009c47cc6d9098b383082b93b1aefa460
Copying files (->) and directories (=>)
  from /mnt/store/melpa/working/cl-format/
  to /tmp/cl-formatKF32qG/cl-format-20160413.45
    cl-format-builtins.el -> cl-format-builtins.el
    cl-format-def.el -> cl-format-def.el
    cl-format-pkg.el -> cl-format-pkg.el
    cl-format.el -> cl-format.el
    clisp-format.el -> clisp-format.el
Created cl-format-20160413.45.tar containing:
  cl-format-20160413.45/
  cl-format-20160413.45/cl-format-builtins.el
  cl-format-20160413.45/cl-format-def.el
  cl-format-20160413.45/cl-format-pkg.el
  cl-format-20160413.45/cl-format.el
  cl-format-20160413.45/clisp-format.el
Built cl-format in 4.836s, finished at 2021-08-17T09:27:38+0000
 ✓ Success:
4.0K -rw-r--r-- 1 root root  289 Aug 17 09:27 packages/cl-format-20160413.45.entry
140K -rw-r--r-- 1 root root 140K Aug 17 09:27 packages/cl-format-20160413.45.tar
4.0K -rw-r--r-- 1 root root 1.2K Aug 17 09:27 packages/cl-format-badge.svg
4.0K -rw-r--r-- 1 root root 1.5K Aug 17 09:27 packages/cl-format-readme.txt
