Package: clear-text
Fetcher: github
Source:  https://github.com/xuchunyang/clear-text.el.git

Updating /mnt/store/melpa/working/clear-text/
Checking out origin/HEAD
Checking out b50669b6077d6948f72cb3c649281d206e0c2f2b
Copying files (->) and directories (=>)
  from /mnt/store/melpa/working/clear-text/
  to /tmp/clear-textGMdKev/clear-text-20160406.2043
    clear-text.el -> clear-text.el
    1000-common-english-words.txt -> 1000-common-english-words.txt
Created clear-text-20160406.2043.tar containing:
  clear-text-20160406.2043/
  clear-text-20160406.2043/1000-common-english-words.txt
  clear-text-20160406.2043/clear-text-pkg.el
  clear-text-20160406.2043/clear-text.el
Built clear-text in 4.453s, finished at 2021-08-17T09:27:44+0000
 ✓ Success:
4.0K -rw-r--r-- 1 root root  367 Aug 17 09:27 packages/clear-text-20160406.2043.entry
 40K -rw-r--r-- 1 root root  40K Aug 17 09:27 packages/clear-text-20160406.2043.tar
4.0K -rw-r--r-- 1 root root 1.2K Aug 17 09:27 packages/clear-text-badge.svg
4.0K -rw-r--r-- 1 root root  146 Aug 17 09:27 packages/clear-text-readme.txt
