Package: clipmon
Fetcher: github
Source:  https://github.com/bburns/clipmon.git

Updating /mnt/store/melpa/working/clipmon/
Checking out origin/HEAD
Checking out 95dc56c7ed84a654ec90f4740eb6df1050de8cf1
Copying files (->) and directories (=>)
  from /mnt/store/melpa/working/clipmon/
  to /tmp/clipmonh48aVd/clipmon-20180129.1054
    clipmon.el -> clipmon.el
    clipmon.wav -> clipmon.wav
Created clipmon-20180129.1054.tar containing:
  clipmon-20180129.1054/
  clipmon-20180129.1054/clipmon-pkg.el
  clipmon-20180129.1054/clipmon.el
  clipmon-20180129.1054/clipmon.wav
Built clipmon in 5.964s, finished at 2021-08-17T09:27:52+0000
 ✓ Success:
4.0K -rw-r--r-- 1 root root  380 Aug 17 09:27 packages/clipmon-20180129.1054.entry
 52K -rw-r--r-- 1 root root  50K Aug 17 09:27 packages/clipmon-20180129.1054.tar
4.0K -rw-r--r-- 1 root root 1.2K Aug 17 09:27 packages/clipmon-badge.svg
8.0K -rw-r--r-- 1 root root 7.9K Aug 17 09:27 packages/clipmon-readme.txt
