Package: clips-mode
Fetcher: github
Source:  https://github.com/clips-mode/clips-mode.git

Updating /mnt/store/melpa/working/clips-mode/
Copying files (->) and directories (=>)
  from /mnt/store/melpa/working/clips-mode/
  to /tmp/clips-modeZT7vvZ/clips-mode-20170909.823
    clips-mode-pkg.el -> clips-mode-pkg.el
    clips-mode.el -> clips-mode.el
    inf-clips.el -> inf-clips.el
Created clips-mode-20170909.823.tar containing:
  clips-mode-20170909.823/
  clips-mode-20170909.823/clips-mode-pkg.el
  clips-mode-20170909.823/clips-mode.el
  clips-mode-20170909.823/inf-clips.el
Built clips-mode in 3.581s, finished at Wed May 19 03:05:15 2021
 ✓ Success:
4.0K -rw-r--r-- 1 root root  418 May 19 03:05 packages/clips-mode-20170909.823.entry
 40K -rw-r--r-- 1 root root  40K May 19 03:05 packages/clips-mode-20170909.823.tar
4.0K -rw-r--r-- 1 root root 1.2K May 19 03:05 packages/clips-mode-badge.svg
4.0K -rw-r--r-- 1 root root  804 May 19 03:05 packages/clips-mode-readme.txt
