Package: clj-refactor
Fetcher: github
Source:  https://github.com/clojure-emacs/clj-refactor.el.git

Updating /mnt/store/melpa/working/clj-refactor/
Copying files (->) and directories (=>)
  from /mnt/store/melpa/working/clj-refactor/
  to /tmp/clj-refactoruhqzAv/clj-refactor-20210518.1305
    clj-refactor-compat.el -> clj-refactor-compat.el
    clj-refactor.el -> clj-refactor.el
    CHANGELOG.md -> CHANGELOG.md
Created clj-refactor-20210518.1305.tar containing:
  clj-refactor-20210518.1305/
  clj-refactor-20210518.1305/CHANGELOG.md
  clj-refactor-20210518.1305/clj-refactor-compat.el
  clj-refactor-20210518.1305/clj-refactor-pkg.el
  clj-refactor-20210518.1305/clj-refactor.el
Built clj-refactor in 4.439s, finished at Wed May 19 03:05:19 2021
 ✓ Success:
4.0K -rw-r--r-- 1 root root  707 May 19 03:05 packages/clj-refactor-20210518.1305.entry
192K -rw-r--r-- 1 root root 190K May 19 03:05 packages/clj-refactor-20210518.1305.tar
4.0K -rw-r--r-- 1 root root 1.2K May 19 03:05 packages/clj-refactor-badge.svg
4.0K -rw-r--r-- 1 root root   66 May 19 03:05 packages/clj-refactor-readme.txt
