Package: clmemo
Fetcher: github
Source:  https://github.com/ataka/clmemo.git

Updating /mnt/store/melpa/working/clmemo/
Checking out origin/HEAD
Checking out 846a81b984d71edf8278a4d9f9b886e44d5b8365
Copying files (->) and directories (=>)
  from /mnt/store/melpa/working/clmemo/
  to /tmp/clmemohuMbGx/clmemo-20160326.1623
    clmemo.el -> clmemo.el
  ! doc/clmemo.texi -> clmemo.texi
  ! doc/install.texi -> install.texi
  ! doc/news.texi -> news.texi
Created /tmp/clmemohuMbGx/clmemo-20160326.1623/clmemo.info
Error: (error "Command '(env LC_ALL=C makeinfo /mnt/store/melpa/working/clmemo/doc/install.texi -o /tmp/clmemohuMbGx/clmemo-20160326.1623/install.info)' exited with non-zero status 1: Fetching origin
origin/HEAD set to master
HEAD is now at 846a81b Update year of copyright
HEAD is now at 846a81b Update year of copyright
/mnt/store/melpa/working/clmemo/doc/clmemo.texi:8: warning: @setcontentsaftertitlepage is obsolete; move your @contents command if you want the contents after the title page
/mnt/store/melpa/working/clmemo/doc/install.texi:45: warning: undefined flag: clmemo
/mnt/store/melpa/working/clmemo/doc/install.texi:50: warning: undefined flag: clmemo
/mnt/store/melpa/working/clmemo/doc/install.texi:6: Next reference to nonexistent `input memo'
/mnt/store/melpa/working/clmemo/doc/install.texi:6: Prev reference to nonexistent `clmemo'
/mnt/store/melpa/working/clmemo/doc/install.texi:6: Up reference to nonexistent `clmemo'
")
Created /tmp/clmemohuMbGx/clmemo-20160326.1623/install.info
Error: (error "Command '(env LC_ALL=C install-info --dir=dir /tmp/clmemohuMbGx/clmemo-20160326.1623/install.info)' exited with non-zero status 1: Fetching origin
origin/HEAD set to master
HEAD is now at 846a81b Update year of copyright
HEAD is now at 846a81b Update year of copyright
/mnt/store/melpa/working/clmemo/doc/clmemo.texi:8: warning: @setcontentsaftertitlepage is obsolete; move your @contents command if you want the contents after the title page
/mnt/store/melpa/working/clmemo/doc/install.texi:45: warning: undefined flag: clmemo
/mnt/store/melpa/working/clmemo/doc/install.texi:50: warning: undefined flag: clmemo
/mnt/store/melpa/working/clmemo/doc/install.texi:6: Next reference to nonexistent `input memo'
/mnt/store/melpa/working/clmemo/doc/install.texi:6: Prev reference to nonexistent `clmemo'
/mnt/store/melpa/working/clmemo/doc/install.texi:6: Up reference to nonexistent `clmemo'
install-info: No such file or directory for /tmp/clmemohuMbGx/clmemo-20160326.1623/install.info
")
Created /tmp/clmemohuMbGx/clmemo-20160326.1623/news.info
Created clmemo-20160326.1623.tar containing:
  clmemo-20160326.1623/
  clmemo-20160326.1623/clmemo-pkg.el
  clmemo-20160326.1623/clmemo.el
  clmemo-20160326.1623/clmemo.info
  clmemo-20160326.1623/dir
  clmemo-20160326.1623/news.info
Built clmemo in 19.337s, finished at 2021-08-17T09:28:15+0000
 ✓ Success:
4.0K -rw-r--r-- 1 root root  321 Aug 17 09:28 packages/clmemo-20160326.1623.entry
132K -rw-r--r-- 1 root root 130K Aug 17 09:28 packages/clmemo-20160326.1623.tar
4.0K -rw-r--r-- 1 root root 1.2K Aug 17 09:28 packages/clmemo-badge.svg
4.0K -rw-r--r-- 1 root root 2.9K Aug 17 09:28 packages/clmemo-readme.txt
