Package: cnfonts
Fetcher: github
Source:  https://github.com/tumashu/cnfonts.git

Updating /mnt/store/melpa/working/cnfonts/
Checking out origin/HEAD
Checking out b967605d571d827c1cb041c174fb363985758729
Note: cnfonts :files spec is equivalent to the default.
Copying files (->) and directories (=>)
  from /mnt/store/melpa/working/cnfonts/
  to /tmp/cnfontsiAoRZ7/cnfonts-20200824.240
    cnfonts-ui.el -> cnfonts-ui.el
    cnfonts.el -> cnfonts.el
Created cnfonts-20200824.240.tar containing:
  cnfonts-20200824.240/
  cnfonts-20200824.240/cnfonts-pkg.el
  cnfonts-20200824.240/cnfonts-ui.el
  cnfonts-20200824.240/cnfonts.el
Built cnfonts in 4.272s, finished at 2021-08-17T09:28:24+0000
 ✓ Success:
4.0K -rw-r--r-- 1 root root  357 Aug 17 09:28 packages/cnfonts-20200824.240.entry
100K -rw-r--r-- 1 root root 100K Aug 17 09:28 packages/cnfonts-20200824.240.tar
4.0K -rw-r--r-- 1 root root 1.2K Aug 17 09:28 packages/cnfonts-badge.svg
 16K -rw-r--r-- 1 root root  13K Aug 17 09:28 packages/cnfonts-readme.txt
