Package: codesearch
Fetcher: github
Source:  https://github.com/abingham/emacs-codesearch.git

Updating /mnt/store/melpa/working/codesearch/
Copying files (->) and directories (=>)
  from /mnt/store/melpa/working/codesearch/
  to /tmp/codesearchofXBpv/codesearch-20181006.1431
    codesearch.el -> codesearch.el
    listing-codesearch.el -> listing-codesearch.el
Created codesearch-20181006.1431.tar containing:
  codesearch-20181006.1431/
  codesearch-20181006.1431/codesearch-pkg.el
  codesearch-20181006.1431/codesearch.el
  codesearch-20181006.1431/listing-codesearch.el
Built codesearch in 4.069s, finished at Wed May 19 03:05:48 2021
 ✓ Success:
4.0K -rw-r--r-- 1 root root  490 May 19 03:05 packages/codesearch-20181006.1431.entry
 20K -rw-r--r-- 1 root root  20K May 19 03:05 packages/codesearch-20181006.1431.tar
4.0K -rw-r--r-- 1 root root 1.2K May 19 03:05 packages/codesearch-badge.svg
4.0K -rw-r--r-- 1 root root  774 May 19 03:05 packages/codesearch-readme.txt
