Package: codic
Fetcher: github
Source:  https://github.com/emacsorphanage/codic.git

Updating /mnt/store/melpa/working/codic/
Copying files (->) and directories (=>)
  from /mnt/store/melpa/working/codic/
  to /tmp/codicnwE8qD/codic-20150926.1127
    codic.el -> codic.el
    dict/english-entry.csv -> dict/english-entry.csv
    dict/english-translation.csv -> dict/english-translation.csv
    dict/naming-entry.csv -> dict/naming-entry.csv
    dict/naming-translation.csv -> dict/naming-translation.csv
Created codic-20150926.1127.tar containing:
  codic-20150926.1127/
  codic-20150926.1127/codic-pkg.el
  codic-20150926.1127/codic.el
  codic-20150926.1127/dict/
  codic-20150926.1127/dict/english-entry.csv
  codic-20150926.1127/dict/english-translation.csv
  codic-20150926.1127/dict/naming-entry.csv
  codic-20150926.1127/dict/naming-translation.csv
Built codic in 4.568s, finished at Wed May 19 03:05:51 2021
 ✓ Success:
4.0K -rw-r--r-- 1 root root  344 May 19 03:05 packages/codic-20150926.1127.entry
1.2M -rw-r--r-- 1 root root 1.2M May 19 03:05 packages/codic-20150926.1127.tar
4.0K -rw-r--r-- 1 root root 1.2K May 19 03:05 packages/codic-badge.svg
4.0K -rw-r--r-- 1 root root  366 May 19 03:05 packages/codic-readme.txt
