Package: color-theme
Fetcher: github
Source:  https://github.com/emacsattic/color-theme.git

Updating /mnt/store/melpa/working/color-theme/
Copying files (->) and directories (=>)
  from /mnt/store/melpa/working/color-theme/
  to /tmp/color-themeBNUJ4g/color-theme-20190220.1115
    color-theme.el -> color-theme.el
    themes => themes
Created color-theme-20190220.1115.tar containing:
  color-theme-20190220.1115/
  color-theme-20190220.1115/color-theme-pkg.el
  color-theme-20190220.1115/color-theme.el
  color-theme-20190220.1115/themes/
  color-theme-20190220.1115/themes/color-theme-example.el
  color-theme-20190220.1115/themes/color-theme-library.el
Built color-theme in 4.087s, finished at Wed May 19 03:05:57 2021
 ✓ Success:
4.0K -rw-r--r-- 1 root root  391 May 19 03:05 packages/color-theme-20190220.1115.entry
872K -rw-r--r-- 1 root root 870K May 19 03:05 packages/color-theme-20190220.1115.tar
8.0K -rw-r--r-- 1 root root 6.9K May 19 03:05 packages/color-theme-approximate-20140228.436.el
4.0K -rw-r--r-- 1 root root  285 May 18 23:51 packages/color-theme-approximate-20140228.436.entry
4.0K -rw-r--r-- 1 root root 1.2K May 18 23:51 packages/color-theme-approximate-badge.svg
4.0K -rw-r--r-- 1 root root  901 May 18 23:51 packages/color-theme-approximate-readme.txt
4.0K -rw-r--r-- 1 root root  171 May 19 03:05 packages/color-theme-approximate.log
4.0K -rw-r--r-- 1 root root 1.2K May 19 03:05 packages/color-theme-badge.svg
8.0K -rw-r--r-- 1 root root 5.8K May 18 23:51 packages/color-theme-buffer-local-20170126.601.el
4.0K -rw-r--r-- 1 root root  414 May 18 23:51 packages/color-theme-buffer-local-20170126.601.entry
4.0K -rw-r--r-- 1 root root 1.2K May 18 23:51 packages/color-theme-buffer-local-badge.svg
4.0K -rw-r--r-- 1 root root  172 May 19 03:05 packages/color-theme-buffer-local.log
4.0K -rw-r--r-- 1 root root  403 May 18 23:51 packages/color-theme-modern-20200729.921.entry
1.1M -rw-r--r-- 1 root root 1.1M May 18 23:51 packages/color-theme-modern-20200729.921.tar
4.0K -rw-r--r-- 1 root root 1.2K May 18 23:51 packages/color-theme-modern-badge.svg
4.0K -rw-r--r-- 1 root root   68 May 18 23:51 packages/color-theme-modern-readme.txt
4.0K -rw-r--r-- 1 root root  160 May 19 03:05 packages/color-theme-modern.log
4.0K -rw-r--r-- 1 root root 1.2K May 19 03:05 packages/color-theme-readme.txt
4.0K -rw-r--r-- 1 root root  485 May 18 23:51 packages/color-theme-sanityinc-solarized-20200805.603.entry
 52K -rw-r--r-- 1 root root  50K May 18 23:51 packages/color-theme-sanityinc-solarized-20200805.603.tar
4.0K -rw-r--r-- 1 root root 1.2K May 18 23:51 packages/color-theme-sanityinc-solarized-badge.svg
4.0K -rw-r--r-- 1 root root  663 May 18 23:51 packages/color-theme-sanityinc-solarized-readme.txt
   0 -rw-r--r-- 1 root root    0 May 19 03:05 packages/color-theme-sanityinc-solarized.log
4.0K -rw-r--r-- 1 root root  419 May 18 23:51 packages/color-theme-sanityinc-tomorrow-20210107.2111.entry
 92K -rw-r--r-- 1 root root  90K May 18 23:51 packages/color-theme-sanityinc-tomorrow-20210107.2111.tar
4.0K -rw-r--r-- 1 root root 1.2K May 18 23:51 packages/color-theme-sanityinc-tomorrow-badge.svg
4.0K -rw-r--r-- 1 root root  695 May 18 23:51 packages/color-theme-sanityinc-tomorrow-readme.txt
   0 -rw-r--r-- 1 root root    0 May 19 03:05 packages/color-theme-sanityinc-tomorrow.log
4.0K -rw-r--r-- 1 root root  969 May 23  2019 packages/color-theme-solarized-badge.svg
8.0K -rw-r--r-- 1 root root 6.9K May 18 23:51 packages/color-theme-x-20201204.2245.el
4.0K -rw-r--r-- 1 root root  418 May 18 23:51 packages/color-theme-x-20201204.2245.entry
4.0K -rw-r--r-- 1 root root 1.2K May 18 23:51 packages/color-theme-x-badge.svg
4.0K -rw-r--r-- 1 root root  978 May 18 23:51 packages/color-theme-x-readme.txt
   0 -rw-r--r-- 1 root root    0 May 19 03:05 packages/color-theme-x.log
