Package: common-lisp-snippets
Fetcher: github
Source:  https://github.com/mrkkrp/common-lisp-snippets.git

Updating /mnt/store/melpa/working/common-lisp-snippets/
Copying files (->) and directories (=>)
  from /mnt/store/melpa/working/common-lisp-snippets/
  to /tmp/common-lisp-snippetsDe2l7m/common-lisp-snippets-20180226.1523
    common-lisp-snippets.el -> common-lisp-snippets.el
    snippets => snippets
Created common-lisp-snippets-20180226.1523.tar containing:
  common-lisp-snippets-20180226.1523/
  common-lisp-snippets-20180226.1523/common-lisp-snippets-pkg.el
  common-lisp-snippets-20180226.1523/common-lisp-snippets.el
  common-lisp-snippets-20180226.1523/snippets/
  common-lisp-snippets-20180226.1523/snippets/lisp-mode/
  common-lisp-snippets-20180226.1523/snippets/lisp-mode/assert
  common-lisp-snippets-20180226.1523/snippets/lisp-mode/case
  common-lisp-snippets-20180226.1523/snippets/lisp-mode/ccase
  common-lisp-snippets-20180226.1523/snippets/lisp-mode/cond
  common-lisp-snippets-20180226.1523/snippets/lisp-mode/ctypecase
  common-lisp-snippets-20180226.1523/snippets/lisp-mode/defclass
  common-lisp-snippets-20180226.1523/snippets/lisp-mode/defconstant
  common-lisp-snippets-20180226.1523/snippets/lisp-mode/defgeneric
  common-lisp-snippets-20180226.1523/snippets/lisp-mode/define-compiler-macro
  common-lisp-snippets-20180226.1523/snippets/lisp-mode/define-condition
  common-lisp-snippets-20180226.1523/snippets/lisp-mode/define-symbol-macro
  common-lisp-snippets-20180226.1523/snippets/lisp-mode/defmacro
  common-lisp-snippets-20180226.1523/snippets/lisp-mode/defmethod
  common-lisp-snippets-20180226.1523/snippets/lisp-mode/defpackage
  common-lisp-snippets-20180226.1523/snippets/lisp-mode/defparameter
  common-lisp-snippets-20180226.1523/snippets/lisp-mode/defstruct
  common-lisp-snippets-20180226.1523/snippets/lisp-mode/defsystem
  common-lisp-snippets-20180226.1523/snippets/lisp-mode/deftype
  common-lisp-snippets-20180226.1523/snippets/lisp-mode/defun
  common-lisp-snippets-20180226.1523/snippets/lisp-mode/defvar
  common-lisp-snippets-20180226.1523/snippets/lisp-mode/destructuring-bind
  common-lisp-snippets-20180226.1523/snippets/lisp-mode/do
  common-lisp-snippets-20180226.1523/snippets/lisp-mode/do_
  common-lisp-snippets-20180226.1523/snippets/lisp-mode/dolist
  common-lisp-snippets-20180226.1523/snippets/lisp-mode/dotimes
  common-lisp-snippets-20180226.1523/snippets/lisp-mode/ecase
  common-lisp-snippets-20180226.1523/snippets/lisp-mode/etypecase
  common-lisp-snippets-20180226.1523/snippets/lisp-mode/flet
  common-lisp-snippets-20180226.1523/snippets/lisp-mode/format
  common-lisp-snippets-20180226.1523/snippets/lisp-mode/gnugpl
  common-lisp-snippets-20180226.1523/snippets/lisp-mode/if
  common-lisp-snippets-20180226.1523/snippets/lisp-mode/in-package
  common-lisp-snippets-20180226.1523/snippets/lisp-mode/labels
  common-lisp-snippets-20180226.1523/snippets/lisp-mode/let
  common-lisp-snippets-20180226.1523/snippets/lisp-mode/mapc
  common-lisp-snippets-20180226.1523/snippets/lisp-mode/mapcar
  common-lisp-snippets-20180226.1523/snippets/lisp-mode/mitlic
  common-lisp-snippets-20180226.1523/snippets/lisp-mode/typecase
Built common-lisp-snippets in 4.577s, finished at Wed May 19 03:06:17 2021
 ✓ Success:
4.0K -rw-r--r-- 1 root root  400 May 19 03:06 packages/common-lisp-snippets-20180226.1523.entry
 52K -rw-r--r-- 1 root root  50K May 19 03:06 packages/common-lisp-snippets-20180226.1523.tar
4.0K -rw-r--r-- 1 root root 1.2K May 19 03:06 packages/common-lisp-snippets-badge.svg
4.0K -rw-r--r-- 1 root root  180 May 19 03:06 packages/common-lisp-snippets-readme.txt
