Package: company
Fetcher: github
Source:  https://github.com/company-mode/company-mode.git

Updating /mnt/store/melpa/working/company/
Checking out origin/HEAD
Checking out 87825c7891ccf4aefb88b9d49c7ff074cc74c53a
Copying files (->) and directories (=>)
  from /mnt/store/melpa/working/company/
  to /tmp/companylfklgF/company-20210811.214
    company-abbrev.el -> company-abbrev.el
    company-bbdb.el -> company-bbdb.el
    company-capf.el -> company-capf.el
    company-clang.el -> company-clang.el
    company-cmake.el -> company-cmake.el
    company-css.el -> company-css.el
    company-dabbrev-code.el -> company-dabbrev-code.el
    company-dabbrev.el -> company-dabbrev.el
    company-elisp.el -> company-elisp.el
    company-etags.el -> company-etags.el
    company-files.el -> company-files.el
    company-gtags.el -> company-gtags.el
    company-ispell.el -> company-ispell.el
    company-keywords.el -> company-keywords.el
    company-nxml.el -> company-nxml.el
    company-oddmuse.el -> company-oddmuse.el
    company-semantic.el -> company-semantic.el
    company-template.el -> company-template.el
    company-tempo.el -> company-tempo.el
    company-tng.el -> company-tng.el
    company-yasnippet.el -> company-yasnippet.el
    company.el -> company.el
    icons => icons
Created company-20210811.214.tar containing:
  company-20210811.214/
  company-20210811.214/company-abbrev.el
  company-20210811.214/company-bbdb.el
  company-20210811.214/company-capf.el
  company-20210811.214/company-clang.el
  company-20210811.214/company-cmake.el
  company-20210811.214/company-css.el
  company-20210811.214/company-dabbrev-code.el
  company-20210811.214/company-dabbrev.el
  company-20210811.214/company-elisp.el
  company-20210811.214/company-etags.el
  company-20210811.214/company-files.el
  company-20210811.214/company-gtags.el
  company-20210811.214/company-ispell.el
  company-20210811.214/company-keywords.el
  company-20210811.214/company-nxml.el
  company-20210811.214/company-oddmuse.el
  company-20210811.214/company-pkg.el
  company-20210811.214/company-semantic.el
  company-20210811.214/company-template.el
  company-20210811.214/company-tempo.el
  company-20210811.214/company-tng.el
  company-20210811.214/company-yasnippet.el
  company-20210811.214/company.el
  company-20210811.214/icons/
  company-20210811.214/icons/LICENSE
  company-20210811.214/icons/attribution.md
  company-20210811.214/icons/vscode-dark/
  company-20210811.214/icons/vscode-dark/folder.svg
  company-20210811.214/icons/vscode-dark/symbol-array.svg
  company-20210811.214/icons/vscode-dark/symbol-boolean.svg
  company-20210811.214/icons/vscode-dark/symbol-class.svg
  company-20210811.214/icons/vscode-dark/symbol-color.svg
  company-20210811.214/icons/vscode-dark/symbol-constant.svg
  company-20210811.214/icons/vscode-dark/symbol-enumerator-member.svg
  company-20210811.214/icons/vscode-dark/symbol-enumerator.svg
  company-20210811.214/icons/vscode-dark/symbol-event.svg
  company-20210811.214/icons/vscode-dark/symbol-field.svg
  company-20210811.214/icons/vscode-dark/symbol-file.svg
  company-20210811.214/icons/vscode-dark/symbol-interface.svg
  company-20210811.214/icons/vscode-dark/symbol-key.svg
  company-20210811.214/icons/vscode-dark/symbol-keyword.svg
  company-20210811.214/icons/vscode-dark/symbol-method.svg
  company-20210811.214/icons/vscode-dark/symbol-misc.svg
  company-20210811.214/icons/vscode-dark/symbol-namespace.svg
  company-20210811.214/icons/vscode-dark/symbol-numeric.svg
  company-20210811.214/icons/vscode-dark/symbol-operator.svg
  company-20210811.214/icons/vscode-dark/symbol-parameter.svg
  company-20210811.214/icons/vscode-dark/symbol-property.svg
  company-20210811.214/icons/vscode-dark/symbol-ruler.svg
  company-20210811.214/icons/vscode-dark/symbol-snippet.svg
  company-20210811.214/icons/vscode-dark/symbol-string.svg
  company-20210811.214/icons/vscode-dark/symbol-structure.svg
  company-20210811.214/icons/vscode-dark/symbol-variable.svg
  company-20210811.214/icons/vscode-light/
  company-20210811.214/icons/vscode-light/folder.svg
  company-20210811.214/icons/vscode-light/symbol-array.svg
  company-20210811.214/icons/vscode-light/symbol-boolean.svg
  company-20210811.214/icons/vscode-light/symbol-class.svg
  company-20210811.214/icons/vscode-light/symbol-color.svg
  company-20210811.214/icons/vscode-light/symbol-constant.svg
  company-20210811.214/icons/vscode-light/symbol-enumerator-member.svg
  company-20210811.214/icons/vscode-light/symbol-enumerator.svg
  company-20210811.214/icons/vscode-light/symbol-event.svg
  company-20210811.214/icons/vscode-light/symbol-field.svg
  company-20210811.214/icons/vscode-light/symbol-file.svg
  company-20210811.214/icons/vscode-light/symbol-interface.svg
  company-20210811.214/icons/vscode-light/symbol-key.svg
  company-20210811.214/icons/vscode-light/symbol-keyword.svg
  company-20210811.214/icons/vscode-light/symbol-method.svg
  company-20210811.214/icons/vscode-light/symbol-misc.svg
  company-20210811.214/icons/vscode-light/symbol-namespace.svg
  company-20210811.214/icons/vscode-light/symbol-numeric.svg
  company-20210811.214/icons/vscode-light/symbol-operator.svg
  company-20210811.214/icons/vscode-light/symbol-parameter.svg
  company-20210811.214/icons/vscode-light/symbol-property.svg
  company-20210811.214/icons/vscode-light/symbol-ruler.svg
  company-20210811.214/icons/vscode-light/symbol-snippet.svg
  company-20210811.214/icons/vscode-light/symbol-string.svg
  company-20210811.214/icons/vscode-light/symbol-structure.svg
  company-20210811.214/icons/vscode-light/symbol-variable.svg
Built company in 6.285s, finished at 2021-08-17T09:29:05+0000
 ✓ Success:
4.0K -rw-r--r-- 1 root root  352 Aug 17 09:29 packages/company-20210811.214.entry
452K -rw-r--r-- 1 root root 450K Aug 17 09:29 packages/company-20210811.214.tar
8.0K -rw-r--r-- 1 root root 5.9K Aug 17 05:57 packages/company-anaconda-20200404.1859.el
4.0K -rw-r--r-- 1 root root  494 Aug 17 05:57 packages/company-anaconda-20200404.1859.entry
4.0K -rw-r--r-- 1 root root 1.2K Aug 17 05:57 packages/company-anaconda-badge.svg
4.0K -rw-r--r-- 1 root root   33 Aug 17 05:57 packages/company-anaconda-readme.txt
4.0K -rw-r--r-- 1 root root  238 Aug 17 09:29 packages/company-anaconda.log
4.0K -rw-r--r-- 1 root root  424 Aug 17 05:57 packages/company-ansible-20200306.1441.entry
352K -rw-r--r-- 1 root root 350K Aug 17 05:57 packages/company-ansible-20200306.1441.tar
4.0K -rw-r--r-- 1 root root 1.2K Aug 17 05:57 packages/company-ansible-badge.svg
   0 -rw-r--r-- 1 root root    0 Aug 17 05:57 packages/company-ansible-readme.txt
4.0K -rw-r--r-- 1 root root  237 Aug 17 09:29 packages/company-ansible.log
8.0K -rw-r--r-- 1 root root 7.7K Aug 17 05:57 packages/company-arduino-20160306.1739.el
4.0K -rw-r--r-- 1 root root  601 Aug 17 05:57 packages/company-arduino-20160306.1739.entry
4.0K -rw-r--r-- 1 root root 1.2K Aug 17 05:57 packages/company-arduino-badge.svg
4.0K -rw-r--r-- 1 root root 2.6K Aug 17 05:57 packages/company-arduino-readme.txt
4.0K -rw-r--r-- 1 root root  178 Aug 17 09:29 packages/company-arduino.log
 12K -rw-r--r-- 1 root root  12K Aug 17 05:57 packages/company-auctex-20200529.1835.el
4.0K -rw-r--r-- 1 root root  508 Aug 17 05:57 packages/company-auctex-20200529.1835.entry
4.0K -rw-r--r-- 1 root root 1.2K Aug 17 05:57 packages/company-auctex-badge.svg
4.0K -rw-r--r-- 1 root root  102 Aug 17 05:57 packages/company-auctex-readme.txt
4.0K -rw-r--r-- 1 root root  171 Aug 17 09:29 packages/company-auctex.log
4.0K -rw-r--r-- 1 root root 2.2K Aug 17 05:57 packages/company-axiom-20191027.1928.el
4.0K -rw-r--r-- 1 root root  429 Aug 17 05:57 packages/company-axiom-20191027.1928.entry
4.0K -rw-r--r-- 1 root root 1.2K Aug 17 05:57 packages/company-axiom-badge.svg
4.0K -rw-r--r-- 1 root root   87 Aug 17 05:57 packages/company-axiom-readme.txt
4.0K -rw-r--r-- 1 root root  139 Aug 17 09:29 packages/company-axiom.log
4.0K -rw-r--r-- 1 root root 1.2K Aug 17 09:29 packages/company-badge.svg
8.0K -rw-r--r-- 1 root root 7.3K Aug 17 05:57 packages/company-bibtex-20171105.644.el
4.0K -rw-r--r-- 1 root root  454 Aug 17 05:57 packages/company-bibtex-20171105.644.entry
4.0K -rw-r--r-- 1 root root 1.2K Aug 17 05:57 packages/company-bibtex-badge.svg
4.0K -rw-r--r-- 1 root root  884 Aug 17 05:57 packages/company-bibtex-readme.txt
4.0K -rw-r--r-- 1 root root  144 Aug 17 09:29 packages/company-bibtex.log
4.0K -rw-r--r-- 1 root root  556 Aug 17 05:57 packages/company-box-20210712.843.entry
220K -rw-r--r-- 1 root root 220K Aug 17 05:57 packages/company-box-20210712.843.tar
4.0K -rw-r--r-- 1 root root 1.2K Aug 17 05:57 packages/company-box-badge.svg
4.0K -rw-r--r-- 1 root root  741 Aug 17 05:57 packages/company-box-readme.txt
4.0K -rw-r--r-- 1 root root  141 Aug 17 09:29 packages/company-box.log
8.0K -rw-r--r-- 1 root root 7.5K Aug 17 05:57 packages/company-c-headers-20190825.1631.el
4.0K -rw-r--r-- 1 root root  407 Aug 17 05:57 packages/company-c-headers-20190825.1631.entry
4.0K -rw-r--r-- 1 root root 1.2K Aug 17 05:57 packages/company-c-headers-badge.svg
4.0K -rw-r--r-- 1 root root  620 Aug 17 05:57 packages/company-c-headers-readme.txt
4.0K -rw-r--r-- 1 root root  675 Aug 17 05:57 packages/company-c-headers.log
4.0K -rw-r--r-- 1 root root  368 Aug 17 05:57 packages/company-cabal-20170917.1317.entry
 32K -rw-r--r-- 1 root root  30K Aug 17 05:57 packages/company-cabal-20170917.1317.tar
4.0K -rw-r--r-- 1 root root 1.2K Aug 17 05:57 packages/company-cabal-badge.svg
4.0K -rw-r--r-- 1 root root  231 Aug 17 05:57 packages/company-cabal-readme.txt
4.0K -rw-r--r-- 1 root root 1.1K Aug 17 05:57 packages/company-cabal.log
4.0K -rw-r--r-- 1 root root  967 Dec 22  2018 packages/company-childframe-badge.svg
4.0K -rw-r--r-- 1 root root  173 Dec 22  2018 packages/company-childframe-readme.txt
4.0K -rw-r--r-- 1 root root  579 Aug 17 05:57 packages/company-coq-20210708.2357.entry
1.7M -rw-r--r-- 1 root root 1.7M Aug 17 05:57 packages/company-coq-20210708.2357.tar
4.0K -rw-r--r-- 1 root root 1.2K Aug 17 05:57 packages/company-coq-badge.svg
4.0K -rw-r--r-- 1 root root  340 Aug 17 05:57 packages/company-coq-readme.txt
 36K -rw-r--r-- 1 root root  33K Aug 17 05:57 packages/company-coq.log
 20K -rw-r--r-- 1 root root  20K Aug 17 05:57 packages/company-ctags-20210723.1322.el
4.0K -rw-r--r-- 1 root root  409 Aug 17 05:57 packages/company-ctags-20210723.1322.entry
4.0K -rw-r--r-- 1 root root 1.2K Aug 17 05:57 packages/company-ctags-badge.svg
4.0K -rw-r--r-- 1 root root 1.5K Aug 17 05:57 packages/company-ctags-readme.txt
4.0K -rw-r--r-- 1 root root  642 Aug 17 05:57 packages/company-ctags.log
 40K -rw-r--r-- 1 root root  37K Aug 17 05:57 packages/company-dcd-20210307.649.el
4.0K -rw-r--r-- 1 root root  539 Aug 17 05:57 packages/company-dcd-20210307.649.entry
4.0K -rw-r--r-- 1 root root 1.2K Aug 17 05:57 packages/company-dcd-badge.svg
4.0K -rw-r--r-- 1 root root   25 Aug 17 05:57 packages/company-dcd-readme.txt
4.0K -rw-r--r-- 1 root root  624 Aug 17 05:57 packages/company-dcd.log
8.0K -rw-r--r-- 1 root root 5.6K Aug 17 05:57 packages/company-dict-20190302.5.el
4.0K -rw-r--r-- 1 root root  479 Aug 17 05:57 packages/company-dict-20190302.5.entry
4.0K -rw-r--r-- 1 root root 1.2K Aug 17 05:57 packages/company-dict-badge.svg
4.0K -rw-r--r-- 1 root root  552 Aug 17 05:57 packages/company-dict.log
8.0K -rw-r--r-- 1 root root 7.7K Aug 17 05:57 packages/company-distel-20180827.1344.el
4.0K -rw-r--r-- 1 root root  396 Aug 17 05:57 packages/company-distel-20180827.1344.entry
4.0K -rw-r--r-- 1 root root 1.2K Aug 17 05:57 packages/company-distel-badge.svg
4.0K -rw-r--r-- 1 root root  639 Aug 17 05:57 packages/company-distel-readme.txt
4.0K -rw-r--r-- 1 root root  650 Aug 17 05:57 packages/company-distel.log
4.0K -rw-r--r-- 1 root root  969 Feb  2  2020 packages/company-edbi-badge.svg
4.0K -rw-r--r-- 1 root root   33 Feb  2  2020 packages/company-edbi-readme.txt
8.0K -rw-r--r-- 1 root root 5.0K Aug 17 05:57 packages/company-emacs-eclim-20180911.1121.el
4.0K -rw-r--r-- 1 root root  235 Aug 17 05:57 packages/company-emacs-eclim-20180911.1121.entry
4.0K -rw-r--r-- 1 root root 1.2K Aug 17 05:57 packages/company-emacs-eclim-badge.svg
4.0K -rw-r--r-- 1 root root  182 Aug 17 05:57 packages/company-emacs-eclim-readme.txt
4.0K -rw-r--r-- 1 root root  682 Aug 17 05:57 packages/company-emacs-eclim.log
4.0K -rw-r--r-- 1 root root  388 Aug 17 05:57 packages/company-emoji-20210427.2151.entry
100K -rw-r--r-- 1 root root 100K Aug 17 05:57 packages/company-emoji-20210427.2151.tar
4.0K -rw-r--r-- 1 root root 1.2K Aug 17 05:57 packages/company-emoji-badge.svg
4.0K -rw-r--r-- 1 root root 2.7K Aug 17 05:57 packages/company-emoji-readme.txt
4.0K -rw-r--r-- 1 root root 1.1K Aug 17 05:57 packages/company-emoji.log
8.0K -rw-r--r-- 1 root root 6.1K Aug 17 05:57 packages/company-emojify-20210718.424.el
4.0K -rw-r--r-- 1 root root  439 Aug 17 05:57 packages/company-emojify-20210718.424.entry
4.0K -rw-r--r-- 1 root root 1.2K Aug 17 05:57 packages/company-emojify-badge.svg
4.0K -rw-r--r-- 1 root root   32 Aug 17 05:57 packages/company-emojify-readme.txt
4.0K -rw-r--r-- 1 root root  653 Aug 17 05:57 packages/company-emojify.log
8.0K -rw-r--r-- 1 root root 7.4K Aug 17 05:57 packages/company-erlang-20170123.538.el
4.0K -rw-r--r-- 1 root root  378 Aug 17 05:57 packages/company-erlang-20170123.538.entry
4.0K -rw-r--r-- 1 root root 1.2K Aug 17 05:57 packages/company-erlang-badge.svg
4.0K -rw-r--r-- 1 root root  828 Aug 17 05:57 packages/company-erlang-readme.txt
4.0K -rw-r--r-- 1 root root  647 Aug 17 05:57 packages/company-erlang.log
8.0K -rw-r--r-- 1 root root 8.0K Aug 17 05:57 packages/company-flow-20180225.2159.el
4.0K -rw-r--r-- 1 root root  379 Aug 17 05:57 packages/company-flow-20180225.2159.entry
4.0K -rw-r--r-- 1 root root 1.2K Aug 17 05:57 packages/company-flow-badge.svg
4.0K -rw-r--r-- 1 root root  207 Aug 17 05:57 packages/company-flow-readme.txt
4.0K -rw-r--r-- 1 root root  634 Aug 17 05:57 packages/company-flow.log
 12K -rw-r--r-- 1 root root  10K Aug 17 05:57 packages/company-flx-20180103.518.el
4.0K -rw-r--r-- 1 root root  474 Aug 17 05:57 packages/company-flx-20180103.518.entry
4.0K -rw-r--r-- 1 root root 1.2K Aug 17 05:57 packages/company-flx-badge.svg
4.0K -rw-r--r-- 1 root root  385 Aug 17 05:57 packages/company-flx-readme.txt
4.0K -rw-r--r-- 1 root root  622 Aug 17 05:57 packages/company-flx.log
 24K -rw-r--r-- 1 root root  23K Aug 17 05:57 packages/company-fuzzy-20210716.926.el
4.0K -rw-r--r-- 1 root root  411 Aug 17 05:57 packages/company-fuzzy-20210716.926.entry
4.0K -rw-r--r-- 1 root root 1.2K Aug 17 05:57 packages/company-fuzzy-badge.svg
4.0K -rw-r--r-- 1 root root   36 Aug 17 05:57 packages/company-fuzzy-readme.txt
4.0K -rw-r--r-- 1 root root  637 Aug 17 05:57 packages/company-fuzzy.log
4.0K -rw-r--r-- 1 root root 1.2K Feb  4  2021 packages/company-ghc-badge.svg
4.0K -rw-r--r-- 1 root root  340 Feb  4  2021 packages/company-ghc-readme.txt
4.0K -rw-r--r-- 1 root root  539 Feb  4  2021 packages/company-ghc.log
4.0K -rw-r--r-- 1 root root 3.1K Aug 17 05:57 packages/company-ghci-20190707.311.el
4.0K -rw-r--r-- 1 root root  345 Aug 17 05:57 packages/company-ghci-20190707.311.entry
4.0K -rw-r--r-- 1 root root 1.2K Aug 17 05:57 packages/company-ghci-badge.svg
   0 -rw-r--r-- 1 root root    0 Aug 17 05:57 packages/company-ghci-readme.txt
4.0K -rw-r--r-- 1 root root  630 Aug 17 05:57 packages/company-ghci.log
8.0K -rw-r--r-- 1 root root 7.2K Aug 17 05:57 packages/company-glsl-20210109.1403.el
4.0K -rw-r--r-- 1 root root  399 Aug 17 05:57 packages/company-glsl-20210109.1403.entry
4.0K -rw-r--r-- 1 root root 1.2K Aug 17 05:57 packages/company-glsl-badge.svg
4.0K -rw-r--r-- 1 root root  336 Aug 17 05:57 packages/company-glsl-readme.txt
4.0K -rw-r--r-- 1 root root  635 Aug 17 05:57 packages/company-glsl.log
 12K -rw-r--r-- 1 root root 9.3K Aug 17 05:57 packages/company-go-20190203.19.el
4.0K -rw-r--r-- 1 root root  372 Aug 17 05:57 packages/company-go-20190203.19.entry
4.0K -rw-r--r-- 1 root root 1.2K Aug 17 05:57 packages/company-go-badge.svg
4.0K -rw-r--r-- 1 root root  530 Aug 17 05:57 packages/company-go.log
4.0K -rw-r--r-- 1 root root 1.7K Aug 17 05:57 packages/company-inf-ruby-20140805.2054.el
4.0K -rw-r--r-- 1 root root  442 Aug 17 05:57 packages/company-inf-ruby-20140805.2054.entry
4.0K -rw-r--r-- 1 root root 1.2K Aug 17 05:57 packages/company-inf-ruby-badge.svg
4.0K -rw-r--r-- 1 root root   48 Aug 17 05:57 packages/company-inf-ruby-readme.txt
4.0K -rw-r--r-- 1 root root  667 Aug 17 05:57 packages/company-inf-ruby.log
 16K -rw-r--r-- 1 root root  13K Aug 17 05:57 packages/company-ipa-20210307.1838.el
4.0K -rw-r--r-- 1 root root  455 Aug 17 05:57 packages/company-ipa-20210307.1838.entry
4.0K -rw-r--r-- 1 root root 1.2K Aug 17 05:57 packages/company-ipa-badge.svg
4.0K -rw-r--r-- 1 root root  474 Aug 17 05:57 packages/company-ipa-readme.txt
4.0K -rw-r--r-- 1 root root  625 Aug 17 05:57 packages/company-ipa.log
8.0K -rw-r--r-- 1 root root 5.8K Aug 17 05:57 packages/company-irony-20190124.2346.el
4.0K -rw-r--r-- 1 root root  475 Aug 17 05:57 packages/company-irony-20190124.2346.entry
4.0K -rw-r--r-- 1 root root 1.2K Aug 17 05:57 packages/company-irony-badge.svg
 12K -rw-r--r-- 1 root root 9.8K Aug 17 05:57 packages/company-irony-c-headers-20151018.909.el
4.0K -rw-r--r-- 1 root root  486 Aug 17 05:57 packages/company-irony-c-headers-20151018.909.entry
4.0K -rw-r--r-- 1 root root 1.2K Aug 17 05:57 packages/company-irony-c-headers-badge.svg
4.0K -rw-r--r-- 1 root root  584 Aug 17 05:57 packages/company-irony-c-headers-readme.txt
4.0K -rw-r--r-- 1 root root  715 Aug 17 05:57 packages/company-irony-c-headers.log
4.0K -rw-r--r-- 1 root root   93 Aug 17 05:57 packages/company-irony-readme.txt
4.0K -rw-r--r-- 1 root root 1.1K Aug 17 05:57 packages/company-irony.log
4.0K -rw-r--r-- 1 root root 3.9K Aug 17 05:57 packages/company-jedi-20200324.25.el
4.0K -rw-r--r-- 1 root root  436 Aug 17 05:57 packages/company-jedi-20200324.25.entry
4.0K -rw-r--r-- 1 root root 1.2K Aug 17 05:57 packages/company-jedi-badge.svg
4.0K -rw-r--r-- 1 root root  329 Aug 17 05:57 packages/company-jedi-readme.txt
4.0K -rw-r--r-- 1 root root  633 Aug 17 05:57 packages/company-jedi.log
 12K -rw-r--r-- 1 root root 8.8K Aug 17 05:57 packages/company-lean-20210305.1705.el
4.0K -rw-r--r-- 1 root root  633 Aug 17 05:57 packages/company-lean-20210305.1705.entry
4.0K -rw-r--r-- 1 root root 1.2K Aug 17 05:57 packages/company-lean-badge.svg
4.0K -rw-r--r-- 1 root root   58 Aug 17 05:57 packages/company-lean-readme.txt
4.0K -rw-r--r-- 1 root root  630 Aug 17 05:57 packages/company-lean.log
4.0K -rw-r--r-- 1 root root 4.0K Aug 17 05:57 packages/company-ledger-20200726.1825.el
4.0K -rw-r--r-- 1 root root  493 Aug 17 05:57 packages/company-ledger-20200726.1825.entry
4.0K -rw-r--r-- 1 root root 1.2K Aug 17 05:57 packages/company-ledger-badge.svg
4.0K -rw-r--r-- 1 root root  815 Aug 17 05:57 packages/company-ledger-readme.txt
4.0K -rw-r--r-- 1 root root  647 Aug 17 05:57 packages/company-ledger.log
4.0K -rw-r--r-- 1 root root 1.2K Mar  7 19:51 packages/company-lsp-badge.svg
4.0K -rw-r--r-- 1 root root  185 Mar  7 19:51 packages/company-lsp-readme.txt
4.0K -rw-r--r-- 1 root root  548 Mar  7 19:51 packages/company-lsp.log
4.0K -rw-r--r-- 1 root root  370 Aug 17 05:57 packages/company-lua-20171108.2306.entry
332K -rw-r--r-- 1 root root 330K Aug 17 05:57 packages/company-lua-20171108.2306.tar
4.0K -rw-r--r-- 1 root root 1.2K Aug 17 05:57 packages/company-lua-badge.svg
   0 -rw-r--r-- 1 root root    0 Aug 17 05:57 packages/company-lua-readme.txt
4.0K -rw-r--r-- 1 root root 1.2K Aug 17 05:57 packages/company-lua.log
8.0K -rw-r--r-- 1 root root 7.5K Aug 17 05:57 packages/company-manually-20200709.913.el
4.0K -rw-r--r-- 1 root root  499 Aug 17 05:57 packages/company-manually-20200709.913.entry
4.0K -rw-r--r-- 1 root root 1.2K Aug 17 05:57 packages/company-manually-badge.svg
4.0K -rw-r--r-- 1 root root   51 Aug 17 05:57 packages/company-manually-readme.txt
4.0K -rw-r--r-- 1 root root  663 Aug 17 05:57 packages/company-manually.log
 12K -rw-r--r-- 1 root root  11K Aug 17 05:58 packages/company-math-20210731.2019.el
4.0K -rw-r--r-- 1 root root  457 Aug 17 05:58 packages/company-math-20210731.2019.entry
4.0K -rw-r--r-- 1 root root 1.2K Aug 17 05:58 packages/company-math-badge.svg
   0 -rw-r--r-- 1 root root    0 Aug 17 05:58 packages/company-math-readme.txt
4.0K -rw-r--r-- 1 root root  630 Aug 17 05:58 packages/company-math.log
4.0K -rw-r--r-- 1 root root 2.8K Aug 17 05:58 packages/company-maxima-20210520.2034.el
4.0K -rw-r--r-- 1 root root  430 Aug 17 05:58 packages/company-maxima-20210520.2034.entry
4.0K -rw-r--r-- 1 root root 1.2K Aug 17 05:58 packages/company-maxima-badge.svg
4.0K -rw-r--r-- 1 root root  212 Aug 17 05:58 packages/company-maxima-readme.txt
4.0K -rw-r--r-- 1 root root  641 Aug 17 05:58 packages/company-maxima.log
4.0K -rw-r--r-- 1 root root 3.3K Aug 17 05:58 packages/company-nand2tetris-20171201.1813.el
4.0K -rw-r--r-- 1 root root  515 Aug 17 05:58 packages/company-nand2tetris-20171201.1813.entry
4.0K -rw-r--r-- 1 root root 1.2K Aug 17 05:58 packages/company-nand2tetris-badge.svg
4.0K -rw-r--r-- 1 root root  116 Aug 17 05:58 packages/company-nand2tetris-readme.txt
4.0K -rw-r--r-- 1 root root  684 Aug 17 05:58 packages/company-nand2tetris.log
4.0K -rw-r--r-- 1 root root 2.6K Aug 17 05:58 packages/company-native-complete-20200315.2144.el
4.0K -rw-r--r-- 1 root root  480 Aug 17 05:58 packages/company-native-complete-20200315.2144.entry
4.0K -rw-r--r-- 1 root root 1.2K Aug 17 05:58 packages/company-native-complete-badge.svg
4.0K -rw-r--r-- 1 root root   70 Aug 17 05:58 packages/company-native-complete-readme.txt
4.0K -rw-r--r-- 1 root root  731 Aug 17 05:58 packages/company-native-complete.log
 16K -rw-r--r-- 1 root root  16K Aug 17 05:58 packages/company-nginx-20201020.2038.el
4.0K -rw-r--r-- 1 root root  313 Aug 17 05:58 packages/company-nginx-20201020.2038.entry
4.0K -rw-r--r-- 1 root root 1.2K Aug 17 05:58 packages/company-nginx-badge.svg
   0 -rw-r--r-- 1 root root    0 Aug 17 05:58 packages/company-nginx-readme.txt
4.0K -rw-r--r-- 1 root root  643 Aug 17 05:58 packages/company-nginx.log
4.0K -rw-r--r-- 1 root root  295 Aug 17 05:58 packages/company-ngram-20170129.1913.entry
 32K -rw-r--r-- 1 root root  30K Aug 17 05:58 packages/company-ngram-20170129.1913.tar
4.0K -rw-r--r-- 1 root root 1.2K Aug 17 05:58 packages/company-ngram-badge.svg
4.0K -rw-r--r-- 1 root root  628 Aug 17 05:58 packages/company-ngram-readme.txt
4.0K -rw-r--r-- 1 root root 1.1K Aug 17 05:58 packages/company-ngram.log
4.0K -rw-r--r-- 1 root root 2.5K Aug 17 05:58 packages/company-nixos-options-20160215.857.el
4.0K -rw-r--r-- 1 root root  511 Aug 17 05:58 packages/company-nixos-options-20160215.857.entry
4.0K -rw-r--r-- 1 root root 1.2K Aug 17 05:58 packages/company-nixos-options-badge.svg
4.0K -rw-r--r-- 1 root root  101 Aug 17 05:58 packages/company-nixos-options-readme.txt
4.0K -rw-r--r-- 1 root root  697 Aug 17 05:58 packages/company-nixos-options.log
8.0K -rw-r--r-- 1 root root 7.1K Aug 17 05:58 packages/company-org-block-20210623.731.el
4.0K -rw-r--r-- 1 root root  389 Aug 17 05:58 packages/company-org-block-20210623.731.entry
4.0K -rw-r--r-- 1 root root 1.2K Aug 17 05:58 packages/company-org-block-badge.svg
4.0K -rw-r--r-- 1 root root  237 Aug 17 05:58 packages/company-org-block-readme.txt
4.0K -rw-r--r-- 1 root root  670 Aug 17 05:58 packages/company-org-block.log
4.0K -rw-r--r-- 1 root root 1.2K Jan 17  2021 packages/company-org-roam-badge.svg
4.0K -rw-r--r-- 1 root root  177 Jan 17  2021 packages/company-org-roam-readme.txt
4.0K -rw-r--r-- 1 root root  582 Jan 17  2021 packages/company-org-roam.log
8.0K -rw-r--r-- 1 root root 7.7K Aug 17 05:58 packages/company-php-20201009.1025.el
4.0K -rw-r--r-- 1 root root  418 Aug 17 05:58 packages/company-php-20201009.1025.entry
4.0K -rw-r--r-- 1 root root 1.2K Aug 17 05:58 packages/company-php-badge.svg
4.0K -rw-r--r-- 1 root root  627 Aug 17 05:58 packages/company-php-readme.txt
4.0K -rw-r--r-- 1 root root  616 Aug 17 05:58 packages/company-php.log
8.0K -rw-r--r-- 1 root root 4.9K Aug 17 05:58 packages/company-phpactor-20200121.1218.el
4.0K -rw-r--r-- 1 root root  517 Aug 17 05:58 packages/company-phpactor-20200121.1218.entry
4.0K -rw-r--r-- 1 root root 1.2K Aug 17 05:58 packages/company-phpactor-badge.svg
4.0K -rw-r--r-- 1 root root   34 Aug 17 05:58 packages/company-phpactor-readme.txt
4.0K -rw-r--r-- 1 root root  660 Aug 17 05:58 packages/company-phpactor.log
4.0K -rw-r--r-- 1 root root  488 Aug 17 05:58 packages/company-plisp-20200531.1927.entry
 12K -rw-r--r-- 1 root root  10K Aug 17 05:58 packages/company-plisp-20200531.1927.tar
4.0K -rw-r--r-- 1 root root 1.2K Aug 17 05:58 packages/company-plisp-badge.svg
4.0K -rw-r--r-- 1 root root   63 Aug 17 05:58 packages/company-plisp-readme.txt
4.0K -rw-r--r-- 1 root root 1.1K Aug 17 05:58 packages/company-plisp.log
 32K -rw-r--r-- 1 root root  29K Aug 17 05:58 packages/company-plsense-20180118.58.el
4.0K -rw-r--r-- 1 root root  467 Aug 17 05:58 packages/company-plsense-20180118.58.entry
4.0K -rw-r--r-- 1 root root 1.2K Aug 17 05:58 packages/company-plsense-badge.svg
4.0K -rw-r--r-- 1 root root  666 Aug 17 05:58 packages/company-plsense-readme.txt
4.0K -rw-r--r-- 1 root root  659 Aug 17 05:58 packages/company-plsense.log
8.0K -rw-r--r-- 1 root root 5.5K Aug 17 05:58 packages/company-pollen-20160812.1510.el
4.0K -rw-r--r-- 1 root root  416 Aug 17 05:58 packages/company-pollen-20160812.1510.entry
4.0K -rw-r--r-- 1 root root 1.2K Aug 17 05:58 packages/company-pollen-badge.svg
4.0K -rw-r--r-- 1 root root   93 Aug 17 05:58 packages/company-pollen-readme.txt
4.0K -rw-r--r-- 1 root root  646 Aug 17 05:58 packages/company-pollen.log
 24K -rw-r--r-- 1 root root  22K Aug 17 05:58 packages/company-posframe-20210419.607.el
4.0K -rw-r--r-- 1 root root  509 Aug 17 05:58 packages/company-posframe-20210419.607.entry
4.0K -rw-r--r-- 1 root root 1.2K Aug 17 05:58 packages/company-posframe-badge.svg
4.0K -rw-r--r-- 1 root root 1007 Aug 17 05:58 packages/company-posframe-readme.txt
4.0K -rw-r--r-- 1 root root  661 Aug 17 05:58 packages/company-posframe.log
4.0K -rw-r--r-- 1 root root 2.8K Aug 17 05:58 packages/company-prescient-20210227.600.el
4.0K -rw-r--r-- 1 root root  470 Aug 17 05:58 packages/company-prescient-20210227.600.entry
4.0K -rw-r--r-- 1 root root 1.2K Aug 17 05:58 packages/company-prescient-badge.svg
4.0K -rw-r--r-- 1 root root  432 Aug 17 05:58 packages/company-prescient-readme.txt
4.0K -rw-r--r-- 1 root root  664 Aug 17 05:58 packages/company-prescient.log
4.0K -rw-r--r-- 1 root root  358 Aug 17 05:58 packages/company-qml-20170428.1708.entry
140K -rw-r--r-- 1 root root 140K Aug 17 05:58 packages/company-qml-20170428.1708.tar
4.0K -rw-r--r-- 1 root root 1.2K Aug 17 05:58 packages/company-qml-badge.svg
4.0K -rw-r--r-- 1 root root 2.9K Aug 17 05:58 packages/company-qml-readme.txt
4.0K -rw-r--r-- 1 root root 1.2K Aug 17 05:58 packages/company-qml.log
 12K -rw-r--r-- 1 root root  12K Aug 17 05:58 packages/company-quickhelp-20210515.2212.el
4.0K -rw-r--r-- 1 root root  517 Aug 17 05:58 packages/company-quickhelp-20210515.2212.entry
4.0K -rw-r--r-- 1 root root 1.2K Aug 17 05:58 packages/company-quickhelp-badge.svg
4.0K -rw-r--r-- 1 root root  127 Aug 17 05:58 packages/company-quickhelp-readme.txt
4.0K -rw-r--r-- 1 root root 3.7K Aug 17 05:58 packages/company-quickhelp-terminal-20210715.1010.el
4.0K -rw-r--r-- 1 root root  510 Aug 17 05:58 packages/company-quickhelp-terminal-20210715.1010.entry
4.0K -rw-r--r-- 1 root root 1.2K Aug 17 05:58 packages/company-quickhelp-terminal-badge.svg
4.0K -rw-r--r-- 1 root root   43 Aug 17 05:58 packages/company-quickhelp-terminal-readme.txt
4.0K -rw-r--r-- 1 root root  743 Aug 17 05:58 packages/company-quickhelp-terminal.log
4.0K -rw-r--r-- 1 root root 1.2K Aug 17 05:58 packages/company-quickhelp.log
8.0K -rw-r--r-- 1 root root 6.6K Aug 17 05:58 packages/company-racer-20171205.310.el
4.0K -rw-r--r-- 1 root root  462 Aug 17 05:58 packages/company-racer-20171205.310.entry
4.0K -rw-r--r-- 1 root root 1.2K Aug 17 05:58 packages/company-racer-badge.svg
4.0K -rw-r--r-- 1 root root  909 Aug 17 05:58 packages/company-racer-readme.txt
4.0K -rw-r--r-- 1 root root  639 Aug 17 05:58 packages/company-racer.log
4.0K -rw-r--r-- 1 root root 1.3K Aug 17 09:29 packages/company-readme.txt
 12K -rw-r--r-- 1 root root 8.1K Aug 17 05:58 packages/company-reftex-20210418.1316.el
4.0K -rw-r--r-- 1 root root  468 Aug 17 05:58 packages/company-reftex-20210418.1316.entry
4.0K -rw-r--r-- 1 root root 1.2K Aug 17 05:58 packages/company-reftex-badge.svg
4.0K -rw-r--r-- 1 root root  596 Aug 17 05:58 packages/company-reftex-readme.txt
4.0K -rw-r--r-- 1 root root  644 Aug 17 05:58 packages/company-reftex.log
8.0K -rw-r--r-- 1 root root 5.3K Aug 17 05:58 packages/company-restclient-20190426.1312.el
4.0K -rw-r--r-- 1 root root  550 Aug 17 05:58 packages/company-restclient-20190426.1312.entry
4.0K -rw-r--r-- 1 root root 1.2K Aug 17 05:58 packages/company-restclient-badge.svg
4.0K -rw-r--r-- 1 root root  180 Aug 17 05:58 packages/company-restclient-readme.txt
4.0K -rw-r--r-- 1 root root  676 Aug 17 05:58 packages/company-restclient.log
 16K -rw-r--r-- 1 root root  13K Aug 17 05:58 packages/company-rtags-20191222.920.el
4.0K -rw-r--r-- 1 root root  428 Aug 17 05:58 packages/company-rtags-20191222.920.entry
4.0K -rw-r--r-- 1 root root 1.2K Aug 17 05:58 packages/company-rtags-badge.svg
   0 -rw-r--r-- 1 root root    0 Aug 17 05:58 packages/company-rtags-readme.txt
4.0K -rw-r--r-- 1 root root  633 Aug 17 05:58 packages/company-rtags.log
 12K -rw-r--r-- 1 root root  11K Aug 17 05:58 packages/company-shell-20170518.541.el
4.0K -rw-r--r-- 1 root root  482 Aug 17 05:58 packages/company-shell-20170518.541.entry
4.0K -rw-r--r-- 1 root root 1.2K Aug 17 05:58 packages/company-shell-badge.svg
4.0K -rw-r--r-- 1 root root  115 Aug 17 05:58 packages/company-shell-readme.txt
4.0K -rw-r--r-- 1 root root  707 Aug 17 05:58 packages/company-shell.log
8.0K -rw-r--r-- 1 root root 4.2K Aug 17 05:58 packages/company-solidity-20181117.1518.el
4.0K -rw-r--r-- 1 root root  508 Aug 17 05:58 packages/company-solidity-20181117.1518.entry
4.0K -rw-r--r-- 1 root root 1.2K Aug 17 05:58 packages/company-solidity-badge.svg
4.0K -rw-r--r-- 1 root root  122 Aug 17 05:58 packages/company-solidity-readme.txt
4.0K -rw-r--r-- 1 root root  661 Aug 17 05:58 packages/company-solidity.log
8.0K -rw-r--r-- 1 root root 7.8K Aug 17 05:58 packages/company-sourcekit-20210430.2155.el
4.0K -rw-r--r-- 1 root root  510 Aug 17 05:58 packages/company-sourcekit-20210430.2155.entry
4.0K -rw-r--r-- 1 root root 1.2K Aug 17 05:58 packages/company-sourcekit-badge.svg
4.0K -rw-r--r-- 1 root root  148 Aug 17 05:58 packages/company-sourcekit-readme.txt
4.0K -rw-r--r-- 1 root root  672 Aug 17 05:58 packages/company-sourcekit.log
 12K -rw-r--r-- 1 root root 8.3K Aug 17 05:58 packages/company-stan-20210130.1325.el
4.0K -rw-r--r-- 1 root root  485 Aug 17 05:58 packages/company-stan-20210130.1325.entry
4.0K -rw-r--r-- 1 root root 1.2K Aug 17 05:58 packages/company-stan-badge.svg
4.0K -rw-r--r-- 1 root root 1.1K Aug 17 05:58 packages/company-stan-readme.txt
4.0K -rw-r--r-- 1 root root  628 Aug 17 05:58 packages/company-stan.log
 16K -rw-r--r-- 1 root root  16K Aug 17 05:58 packages/company-statistics-20170210.1933.el
4.0K -rw-r--r-- 1 root root  486 Aug 17 05:58 packages/company-statistics-20170210.1933.entry
4.0K -rw-r--r-- 1 root root 1.2K Aug 17 05:58 packages/company-statistics-badge.svg
4.0K -rw-r--r-- 1 root root  887 Aug 17 05:58 packages/company-statistics-readme.txt
4.0K -rw-r--r-- 1 root root  683 Aug 17 05:58 packages/company-statistics.log
8.0K -rw-r--r-- 1 root root 5.6K Aug 17 05:58 packages/company-suggest-20200911.1845.el
4.0K -rw-r--r-- 1 root root  461 Aug 17 05:58 packages/company-suggest-20200911.1845.entry
4.0K -rw-r--r-- 1 root root 1.2K Aug 17 05:58 packages/company-suggest-badge.svg
4.0K -rw-r--r-- 1 root root   99 Aug 17 05:58 packages/company-suggest-readme.txt
4.0K -rw-r--r-- 1 root root  661 Aug 17 05:58 packages/company-suggest.log
 28K -rw-r--r-- 1 root root  27K Aug 17 05:58 packages/company-tabnine-20210310.2247.el
4.0K -rw-r--r-- 1 root root  526 Aug 17 05:58 packages/company-tabnine-20210310.2247.entry
4.0K -rw-r--r-- 1 root root 1.2K Aug 17 05:58 packages/company-tabnine-badge.svg
4.0K -rw-r--r-- 1 root root  925 Aug 17 05:58 packages/company-tabnine-readme.txt
4.0K -rw-r--r-- 1 root root  655 Aug 17 05:58 packages/company-tabnine.log
4.0K -rw-r--r-- 1 root root  969 Mar 21  2020 packages/company-tern-badge.svg
4.0K -rw-r--r-- 1 root root   33 Mar 21  2020 packages/company-tern-readme.txt
4.0K -rw-r--r-- 1 root root  538 Aug 17 05:58 packages/company-terraform-20190607.1037.entry
2.0M -rw-r--r-- 1 root root 2.0M Aug 17 05:58 packages/company-terraform-20190607.1037.tar
4.0K -rw-r--r-- 1 root root 1.2K Aug 17 05:58 packages/company-terraform-badge.svg
4.0K -rw-r--r-- 1 root root  295 Aug 17 05:58 packages/company-terraform-readme.txt
4.0K -rw-r--r-- 1 root root 1.2K Aug 17 05:58 packages/company-terraform.log
4.0K -rw-r--r-- 1 root root 3.6K Aug 17 05:58 packages/company-try-hard-20200417.1603.el
4.0K -rw-r--r-- 1 root root  459 Aug 17 05:58 packages/company-try-hard-20200417.1603.entry
4.0K -rw-r--r-- 1 root root 1.2K Aug 17 05:58 packages/company-try-hard-badge.svg
4.0K -rw-r--r-- 1 root root  173 Aug 17 05:58 packages/company-try-hard-readme.txt
4.0K -rw-r--r-- 1 root root  662 Aug 17 05:58 packages/company-try-hard.log
4.0K -rw-r--r-- 1 root root  542 Aug 17 05:58 packages/company-web-20180402.1155.entry
 52K -rw-r--r-- 1 root root  50K Aug 17 05:58 packages/company-web-20180402.1155.tar
4.0K -rw-r--r-- 1 root root 1.2K Aug 17 05:58 packages/company-web-badge.svg
4.0K -rw-r--r-- 1 root root  904 Aug 17 05:58 packages/company-web-readme.txt
4.0K -rw-r--r-- 1 root root 1.3K Aug 17 05:58 packages/company-web.log
 12K -rw-r--r-- 1 root root  12K Aug 17 05:58 packages/company-wordfreq-20210201.1839.el
4.0K -rw-r--r-- 1 root root  492 Aug 17 05:58 packages/company-wordfreq-20210201.1839.entry
4.0K -rw-r--r-- 1 root root 1.2K Aug 17 05:58 packages/company-wordfreq-badge.svg
4.0K -rw-r--r-- 1 root root 2.3K Aug 17 05:58 packages/company-wordfreq-readme.txt
4.0K -rw-r--r-- 1 root root  674 Aug 17 05:58 packages/company-wordfreq.log
4.0K -rw-r--r-- 1 root root 2.5K Aug 17 05:58 packages/company-ycm-20140904.1817.el
4.0K -rw-r--r-- 1 root root  313 Aug 17 05:58 packages/company-ycm-20140904.1817.entry
4.0K -rw-r--r-- 1 root root 1.2K Aug 17 05:58 packages/company-ycm-badge.svg
4.0K -rw-r--r-- 1 root root  446 Aug 17 05:58 packages/company-ycm-readme.txt
4.0K -rw-r--r-- 1 root root  619 Aug 17 05:58 packages/company-ycm.log
 28K -rw-r--r-- 1 root root  27K Aug 17 05:58 packages/company-ycmd-20180520.1053.el
4.0K -rw-r--r-- 1 root root  365 Aug 17 05:58 packages/company-ycmd-20180520.1053.entry
4.0K -rw-r--r-- 1 root root 1.2K Aug 17 05:58 packages/company-ycmd-badge.svg
4.0K -rw-r--r-- 1 root root  491 Aug 17 05:58 packages/company-ycmd-readme.txt
4.0K -rw-r--r-- 1 root root  629 Aug 17 05:58 packages/company-ycmd.log
