Package: competitive-programming-snippets
Fetcher: github
Source:  https://github.com/sei40kr/competitive-programming-snippets.git

Updating /mnt/store/melpa/working/competitive-programming-snippets/
Copying files (->) and directories (=>)
  from /mnt/store/melpa/working/competitive-programming-snippets/
  to /tmp/competitive-programming-snippets16VSJv/competitive-programming-snippets-20201115.1702
    competitive-programming-snippets.el -> competitive-programming-snippets.el
    snippets => snippets
Created competitive-programming-snippets-20201115.1702.tar containing:
  competitive-programming-snippets-20201115.1702/
  competitive-programming-snippets-20201115.1702/competitive-programming-snippets-pkg.el
  competitive-programming-snippets-20201115.1702/competitive-programming-snippets.el
  competitive-programming-snippets-20201115.1702/snippets/
  competitive-programming-snippets-20201115.1702/snippets/rust-mode/
  competitive-programming-snippets-20201115.1702/snippets/rust-mode/.yas-make-groups
  competitive-programming-snippets-20201115.1702/snippets/rust-mode/Data Structure/
  competitive-programming-snippets-20201115.1702/snippets/rust-mode/Data Structure/bitset
  competitive-programming-snippets-20201115.1702/snippets/rust-mode/Data Structure/fenwicktree
  competitive-programming-snippets-20201115.1702/snippets/rust-mode/Data Structure/fibonacciheap
  competitive-programming-snippets-20201115.1702/snippets/rust-mode/Data Structure/persistentarray
  competitive-programming-snippets-20201115.1702/snippets/rust-mode/Data Structure/rangeaddsegmenttree
  competitive-programming-snippets-20201115.1702/snippets/rust-mode/Data Structure/segmenttree
  competitive-programming-snippets-20201115.1702/snippets/rust-mode/Data Structure/sparsetable
  competitive-programming-snippets-20201115.1702/snippets/rust-mode/Data Structure/suffixarray
  competitive-programming-snippets-20201115.1702/snippets/rust-mode/Data Structure/treap
  competitive-programming-snippets-20201115.1702/snippets/rust-mode/Data Structure/unionfind
  competitive-programming-snippets-20201115.1702/snippets/rust-mode/Geometry/
  competitive-programming-snippets-20201115.1702/snippets/rust-mode/Geometry/circle
  competitive-programming-snippets-20201115.1702/snippets/rust-mode/Geometry/convexhull
  competitive-programming-snippets-20201115.1702/snippets/rust-mode/Geometry/minimumboundingcircle
  competitive-programming-snippets-20201115.1702/snippets/rust-mode/Graph/
  competitive-programming-snippets-20201115.1702/snippets/rust-mode/Graph/bridgedetection
  competitive-programming-snippets-20201115.1702/snippets/rust-mode/Graph/costscalingpushrelabel
  competitive-programming-snippets-20201115.1702/snippets/rust-mode/Graph/lca
  competitive-programming-snippets-20201115.1702/snippets/rust-mode/Graph/maximumflow
  competitive-programming-snippets-20201115.1702/snippets/rust-mode/Graph/mincostflow
  competitive-programming-snippets-20201115.1702/snippets/rust-mode/Graph/shortestpath
  competitive-programming-snippets-20201115.1702/snippets/rust-mode/Graph/stronglyconnectedcomponents
  competitive-programming-snippets-20201115.1702/snippets/rust-mode/IO/
  competitive-programming-snippets-20201115.1702/snippets/rust-mode/IO/input
  competitive-programming-snippets-20201115.1702/snippets/rust-mode/Math/
  competitive-programming-snippets-20201115.1702/snippets/rust-mode/Math/chineseremaindertheorem
  competitive-programming-snippets-20201115.1702/snippets/rust-mode/Math/combination
  competitive-programming-snippets-20201115.1702/snippets/rust-mode/Math/cumulativesum
  competitive-programming-snippets-20201115.1702/snippets/rust-mode/Math/fastfouriertransform
  competitive-programming-snippets-20201115.1702/snippets/rust-mode/Math/floorsum
  competitive-programming-snippets-20201115.1702/snippets/rust-mode/Math/lagrangeinterpolation
  competitive-programming-snippets-20201115.1702/snippets/rust-mode/Math/maxrectangle
  competitive-programming-snippets-20201115.1702/snippets/rust-mode/Math/modint
  competitive-programming-snippets-20201115.1702/snippets/rust-mode/Math/nextpermutation
  competitive-programming-snippets-20201115.1702/snippets/rust-mode/String/
  competitive-programming-snippets-20201115.1702/snippets/rust-mode/String/rollinghash
  competitive-programming-snippets-20201115.1702/snippets/rust-mode/String/zalgorithm
  competitive-programming-snippets-20201115.1702/snippets/rustic-mode/
  competitive-programming-snippets-20201115.1702/snippets/rustic-mode/.yas-parents
Built competitive-programming-snippets in 7.960s, finished at Wed May 19 03:07:25 2021
 ✓ Success:
4.0K -rw-r--r-- 1 root root  488 May 19 03:07 packages/competitive-programming-snippets-20201115.1702.entry
120K -rw-r--r-- 1 root root 120K May 19 03:07 packages/competitive-programming-snippets-20201115.1702.tar
4.0K -rw-r--r-- 1 root root 1.2K May 19 03:07 packages/competitive-programming-snippets-badge.svg
4.0K -rw-r--r-- 1 root root   47 May 19 03:07 packages/competitive-programming-snippets-readme.txt
