Package: company-plisp
Fetcher: gitlab
Source:  https://gitlab.com/sasanidas/company-plisp.git

Updating /mnt/store/melpa/working/company-plisp/
Checking out origin/HEAD
Checking out fc0b56d2a711340ca3e63119bfe692bb3e8620fb
Copying files (->) and directories (=>)
  from /mnt/store/melpa/working/company-plisp/
  to /tmp/company-plispnwDEDT/company-plisp-20200531.1927
    company-plisp.el -> company-plisp.el
    company-plisp.l -> company-plisp.l
Created company-plisp-20200531.1927.tar containing:
  company-plisp-20200531.1927/
  company-plisp-20200531.1927/company-plisp-pkg.el
  company-plisp-20200531.1927/company-plisp.el
  company-plisp-20200531.1927/company-plisp.l
Built company-plisp in 4.938s, finished at 2021-08-17T09:29:44+0000
 ✓ Success:
4.0K -rw-r--r-- 1 root root  488 Aug 17 09:29 packages/company-plisp-20200531.1927.entry
 12K -rw-r--r-- 1 root root  10K Aug 17 09:29 packages/company-plisp-20200531.1927.tar
4.0K -rw-r--r-- 1 root root 1.2K Aug 17 09:29 packages/company-plisp-badge.svg
4.0K -rw-r--r-- 1 root root   63 Aug 17 09:29 packages/company-plisp-readme.txt
