Package: company-ngram
Fetcher: github
Source:  https://github.com/kshramt/company-ngram.git

Updating /mnt/store/melpa/working/company-ngram/
Checking out origin/HEAD
Checking out 09a68b802e64799e95f205b438d469bbd78cd2e6
Copying files (->) and directories (=>)
  from /mnt/store/melpa/working/company-ngram/
  to /tmp/company-ngramTLgkCN/company-ngram-20170129.1913
    company-ngram.el -> company-ngram.el
    ngram.py -> ngram.py
Created company-ngram-20170129.1913.tar containing:
  company-ngram-20170129.1913/
  company-ngram-20170129.1913/company-ngram-pkg.el
  company-ngram-20170129.1913/company-ngram.el
  company-ngram-20170129.1913/ngram.py
Built company-ngram in 4.497s, finished at 2021-08-17T09:29:38+0000
 ✓ Success:
4.0K -rw-r--r-- 1 root root  295 Aug 17 09:29 packages/company-ngram-20170129.1913.entry
 32K -rw-r--r-- 1 root root  30K Aug 17 09:29 packages/company-ngram-20170129.1913.tar
4.0K -rw-r--r-- 1 root root 1.2K Aug 17 09:29 packages/company-ngram-badge.svg
4.0K -rw-r--r-- 1 root root  628 Aug 17 09:29 packages/company-ngram-readme.txt
