Package: company-cabal
Fetcher: github
Source:  https://github.com/iquiw/company-cabal.git

Updating /mnt/store/melpa/working/company-cabal/
Checking out origin/HEAD
Checking out 62112a7259e24bd6c08885629a185afe512b7d3d
Copying files (->) and directories (=>)
  from /mnt/store/melpa/working/company-cabal/
  to /tmp/company-cabaly7dA6l/company-cabal-20170917.1317
    company-cabal-fields.el -> company-cabal-fields.el
    company-cabal.el -> company-cabal.el
Created company-cabal-20170917.1317.tar containing:
  company-cabal-20170917.1317/
  company-cabal-20170917.1317/company-cabal-fields.el
  company-cabal-20170917.1317/company-cabal-pkg.el
  company-cabal-20170917.1317/company-cabal.el
Built company-cabal in 4.499s, finished at 2021-08-17T09:29:12+0000
 ✓ Success:
4.0K -rw-r--r-- 1 root root  368 Aug 17 09:29 packages/company-cabal-20170917.1317.entry
 32K -rw-r--r-- 1 root root  30K Aug 17 09:29 packages/company-cabal-20170917.1317.tar
4.0K -rw-r--r-- 1 root root 1.2K Aug 17 09:29 packages/company-cabal-badge.svg
4.0K -rw-r--r-- 1 root root  231 Aug 17 09:29 packages/company-cabal-readme.txt
