Package: company-terraform
Fetcher: github
Source:  https://github.com/rafalcieslak/emacs-company-terraform.git

Updating /mnt/store/melpa/working/company-terraform/
Checking out origin/HEAD
Checking out 2d11a21fee2f298e48968e479ddcaeda4d736e12
Copying files (->) and directories (=>)
  from /mnt/store/melpa/working/company-terraform/
  to /tmp/company-terraformVa2ud8/company-terraform-20190607.1037
    company-terraform-data.el -> company-terraform-data.el
    company-terraform.el -> company-terraform.el
Created company-terraform-20190607.1037.tar containing:
  company-terraform-20190607.1037/
  company-terraform-20190607.1037/company-terraform-data.el
  company-terraform-20190607.1037/company-terraform-pkg.el
  company-terraform-20190607.1037/company-terraform.el
Built company-terraform in 6.246s, finished at 2021-08-17T09:30:02+0000
 ✓ Success:
4.0K -rw-r--r-- 1 root root  538 Aug 17 09:30 packages/company-terraform-20190607.1037.entry
2.0M -rw-r--r-- 1 root root 2.0M Aug 17 09:30 packages/company-terraform-20190607.1037.tar
4.0K -rw-r--r-- 1 root root 1.2K Aug 17 09:30 packages/company-terraform-badge.svg
4.0K -rw-r--r-- 1 root root  295 Aug 17 09:30 packages/company-terraform-readme.txt
