Package: company-ansible
Fetcher: github
Source:  https://github.com/krzysztof-magosa/company-ansible.git

Updating /mnt/store/melpa/working/company-ansible/
Checking out origin/HEAD
Checking out 79dd421b161efa49fbdffad57fa40edb41f484a3
Copying files (->) and directories (=>)
  from /mnt/store/melpa/working/company-ansible/
  to /tmp/company-ansibleaQTrLc/company-ansible-20200306.1441
    company-ansible-keywords.el -> company-ansible-keywords.el
    company-ansible.el -> company-ansible.el
Created company-ansible-20200306.1441.tar containing:
  company-ansible-20200306.1441/
  company-ansible-20200306.1441/company-ansible-keywords.el
  company-ansible-20200306.1441/company-ansible-pkg.el
  company-ansible-20200306.1441/company-ansible.el
Built company-ansible in 4.929s, finished at 2021-08-17T09:29:06+0000
 ✓ Success:
4.0K -rw-r--r-- 1 root root  424 Aug 17 09:29 packages/company-ansible-20200306.1441.entry
352K -rw-r--r-- 1 root root 350K Aug 17 09:29 packages/company-ansible-20200306.1441.tar
4.0K -rw-r--r-- 1 root root 1.2K Aug 17 09:29 packages/company-ansible-badge.svg
   0 -rw-r--r-- 1 root root    0 Aug 17 09:29 packages/company-ansible-readme.txt
