Package: company-emoji
Fetcher: github
Source:  https://github.com/dunn/company-emoji.git

Updating /mnt/store/melpa/working/company-emoji/
Checking out origin/HEAD
Checking out 90594eb58b20fb937cfd4e946efcc446ee630e6f
Copying files (->) and directories (=>)
  from /mnt/store/melpa/working/company-emoji/
  to /tmp/company-emojiFs3Xu0/company-emoji-20210427.2151
    company-emoji-list.el -> company-emoji-list.el
    company-emoji.el -> company-emoji.el
Created company-emoji-20210427.2151.tar containing:
  company-emoji-20210427.2151/
  company-emoji-20210427.2151/company-emoji-list.el
  company-emoji-20210427.2151/company-emoji-pkg.el
  company-emoji-20210427.2151/company-emoji.el
Built company-emoji in 4.586s, finished at 2021-08-17T09:29:19+0000
 ✓ Success:
4.0K -rw-r--r-- 1 root root  388 Aug 17 09:29 packages/company-emoji-20210427.2151.entry
100K -rw-r--r-- 1 root root 100K Aug 17 09:29 packages/company-emoji-20210427.2151.tar
4.0K -rw-r--r-- 1 root root 1.2K Aug 17 09:29 packages/company-emoji-badge.svg
4.0K -rw-r--r-- 1 root root 2.7K Aug 17 09:29 packages/company-emoji-readme.txt
