Package: company-lua
Fetcher: github
Source:  https://github.com/ptrv/company-lua.git

Updating /mnt/store/melpa/working/company-lua/
Checking out origin/HEAD
Checking out 29f6819de4d691e5fd0b62893a9f4fbc1c6fcb52
Copying files (->) and directories (=>)
  from /mnt/store/melpa/working/company-lua/
  to /tmp/company-luaNmNCju/company-lua-20171108.2306
    company-lua.el -> company-lua.el
    lua => lua
Created company-lua-20171108.2306.tar containing:
  company-lua-20171108.2306/
  company-lua-20171108.2306/company-lua-pkg.el
  company-lua-20171108.2306/company-lua.el
  company-lua-20171108.2306/lua/
  company-lua-20171108.2306/lua/api/
  company-lua-20171108.2306/lua/api/baselib.lua
  company-lua-20171108.2306/lua/api/love2d.lua
  company-lua-20171108.2306/lua/complete.lua
Built company-lua in 4.702s, finished at 2021-08-17T09:29:33+0000
 ✓ Success:
4.0K -rw-r--r-- 1 root root  370 Aug 17 09:29 packages/company-lua-20171108.2306.entry
332K -rw-r--r-- 1 root root 330K Aug 17 09:29 packages/company-lua-20171108.2306.tar
4.0K -rw-r--r-- 1 root root 1.2K Aug 17 09:29 packages/company-lua-badge.svg
   0 -rw-r--r-- 1 root root    0 Aug 17 09:29 packages/company-lua-readme.txt
