Package: confluence
Fetcher: github
Source:  https://github.com/emacsorphanage/confluence.git

Updating /mnt/store/melpa/working/confluence/
Copying files (->) and directories (=>)
  from /mnt/store/melpa/working/confluence/
  to /tmp/confluenceLIV8JG/confluence-20151021.128
    confluence-edit.el -> confluence-edit.el
    confluence-xml-edit.el -> confluence-xml-edit.el
    confluence.el -> confluence.el
    confluence.dtd -> confluence.dtd
    confluence2wiki.xsl -> confluence2wiki.xsl
Created confluence-20151021.128.tar containing:
  confluence-20151021.128/
  confluence-20151021.128/confluence-edit.el
  confluence-20151021.128/confluence-pkg.el
  confluence-20151021.128/confluence-xml-edit.el
  confluence-20151021.128/confluence.dtd
  confluence-20151021.128/confluence.el
  confluence-20151021.128/confluence2wiki.xsl
Built confluence in 8.108s, finished at Wed May 19 03:07:40 2021
 ✓ Success:
4.0K -rw-r--r-- 1 root root  382 May 19 03:07 packages/confluence-20151021.128.entry
200K -rw-r--r-- 1 root root 200K May 19 03:07 packages/confluence-20151021.128.tar
4.0K -rw-r--r-- 1 root root 1.2K May 19 03:07 packages/confluence-badge.svg
8.0K -rw-r--r-- 1 root root 6.0K May 19 03:07 packages/confluence-readme.txt
