Package: conllu-mode
Fetcher: github
Source:  https://github.com/odanoburu/conllu-mode.git

Updating /mnt/store/melpa/working/conllu-mode/
Checking out origin/HEAD
Checking out 0db3063572b0de08874822e20570bb153747e6ed
Copying files (->) and directories (=>)
  from /mnt/store/melpa/working/conllu-mode/
  to /tmp/conllu-modeV2DQvp/conllu-mode-20200501.2328
    conllu-align.el -> conllu-align.el
    conllu-edit.el -> conllu-edit.el
    conllu-flycheck.el -> conllu-flycheck.el
    conllu-mode.el -> conllu-mode.el
    conllu-move.el -> conllu-move.el
    conllu-parse.el -> conllu-parse.el
    conllu-thing.el -> conllu-thing.el
Created conllu-mode-20200501.2328.tar containing:
  conllu-mode-20200501.2328/
  conllu-mode-20200501.2328/conllu-align.el
  conllu-mode-20200501.2328/conllu-edit.el
  conllu-mode-20200501.2328/conllu-flycheck.el
  conllu-mode-20200501.2328/conllu-mode-pkg.el
  conllu-mode-20200501.2328/conllu-mode.el
  conllu-mode-20200501.2328/conllu-move.el
  conllu-mode-20200501.2328/conllu-parse.el
  conllu-mode-20200501.2328/conllu-thing.el
Built conllu-mode in 4.623s, finished at 2021-08-17T09:30:16+0000
 ✓ Success:
4.0K -rw-r--r-- 1 root root  498 Aug 17 09:30 packages/conllu-mode-20200501.2328.entry
 72K -rw-r--r-- 1 root root  70K Aug 17 09:30 packages/conllu-mode-20200501.2328.tar
4.0K -rw-r--r-- 1 root root 1.2K Aug 17 09:30 packages/conllu-mode-badge.svg
4.0K -rw-r--r-- 1 root root  373 Aug 17 09:30 packages/conllu-mode-readme.txt
