Package: constant-theme
Fetcher: github
Source:  https://github.com/Jannis/emacs-constant-theme.git

Updating /mnt/store/melpa/working/constant-theme/
Copying files (->) and directories (=>)
  from /mnt/store/melpa/working/constant-theme/
  to /tmp/constant-themer6AFj4/constant-theme-20180921.1012
    constant-light-theme.el -> constant-light-theme.el
    constant-theme.el -> constant-theme.el
Created constant-theme-20180921.1012.tar containing:
  constant-theme-20180921.1012/
  constant-theme-20180921.1012/constant-light-theme.el
  constant-theme-20180921.1012/constant-theme-pkg.el
  constant-theme-20180921.1012/constant-theme.el
Built constant-theme in 8.003s, finished at Wed May 19 03:07:43 2021
 ✓ Success:
4.0K -rw-r--r-- 1 root root  401 May 19 03:07 packages/constant-theme-20180921.1012.entry
 32K -rw-r--r-- 1 root root  30K May 19 03:07 packages/constant-theme-20180921.1012.tar
4.0K -rw-r--r-- 1 root root 1.2K May 19 03:07 packages/constant-theme-badge.svg
4.0K -rw-r--r-- 1 root root  130 May 19 03:07 packages/constant-theme-readme.txt
