Package: consult
Fetcher: github
Source:  https://github.com/minad/consult.git

Updating /mnt/store/melpa/working/consult/
Copying files (->) and directories (=>)
  from /mnt/store/melpa/working/consult/
  to /tmp/consultBEnVhb/consult-20210518.2103
    consult-compile.el -> consult-compile.el
    consult-flymake.el -> consult-flymake.el
    consult-icomplete.el -> consult-icomplete.el
    consult-imenu.el -> consult-imenu.el
    consult-org.el -> consult-org.el
    consult-register.el -> consult-register.el
    consult-selectrum.el -> consult-selectrum.el
    consult-vertico.el -> consult-vertico.el
    consult-xref.el -> consult-xref.el
    consult.el -> consult.el
    consult.texi -> consult.texi
Created /tmp/consultBEnVhb/consult-20210518.2103/consult.info
Created consult-20210518.2103.tar containing:
  consult-20210518.2103/
  consult-20210518.2103/consult-compile.el
  consult-20210518.2103/consult-flymake.el
  consult-20210518.2103/consult-icomplete.el
  consult-20210518.2103/consult-imenu.el
  consult-20210518.2103/consult-org.el
  consult-20210518.2103/consult-pkg.el
  consult-20210518.2103/consult-register.el
  consult-20210518.2103/consult-selectrum.el
  consult-20210518.2103/consult-vertico.el
  consult-20210518.2103/consult-xref.el
  consult-20210518.2103/consult.el
  consult-20210518.2103/consult.info
  consult-20210518.2103/dir
Built consult in 20.637s, finished at Wed May 19 03:08:01 2021
 ✓ Success:
4.0K -rw-r--r-- 1 root root  327 May 19 03:08 packages/consult-20210518.2103.entry
272K -rw-r--r-- 1 root root 270K May 19 03:08 packages/consult-20210518.2103.tar
4.0K -rw-r--r-- 1 root root 1.2K May 19 03:08 packages/consult-badge.svg
8.0K -rw-r--r-- 1 root root 4.7K May 19 03:07 packages/consult-flycheck-20210429.1158.el
4.0K -rw-r--r-- 1 root root  428 May 19 03:07 packages/consult-flycheck-20210429.1158.entry
4.0K -rw-r--r-- 1 root root 1.2K May 19 03:07 packages/consult-flycheck-badge.svg
4.0K -rw-r--r-- 1 root root  135 May 19 03:07 packages/consult-flycheck-readme.txt
4.0K -rw-r--r-- 1 root root  572 May 19 03:07 packages/consult-flycheck.log
 16K -rw-r--r-- 1 root root  13K May 19 03:07 packages/consult-lsp-20210428.1515.el
4.0K -rw-r--r-- 1 root root  433 May 19 03:07 packages/consult-lsp-20210428.1515.entry
4.0K -rw-r--r-- 1 root root 1.2K May 19 03:07 packages/consult-lsp-badge.svg
4.0K -rw-r--r-- 1 root root 1001 May 19 03:07 packages/consult-lsp-readme.txt
4.0K -rw-r--r-- 1 root root  541 May 19 03:07 packages/consult-lsp.log
8.0K -rw-r--r-- 1 root root 7.3K May 18 23:53 packages/consult-notmuch-20210515.238.el
4.0K -rw-r--r-- 1 root root  407 May 18 23:53 packages/consult-notmuch-20210515.238.entry
8.0K -rw-r--r-- 1 root root 7.3K May 19 03:07 packages/consult-notmuch-20210519.57.el
4.0K -rw-r--r-- 1 root root  406 May 19 03:07 packages/consult-notmuch-20210519.57.entry
4.0K -rw-r--r-- 1 root root 1.2K May 19 03:07 packages/consult-notmuch-badge.svg
4.0K -rw-r--r-- 1 root root  489 May 19 03:07 packages/consult-notmuch-readme.txt
4.0K -rw-r--r-- 1 root root  744 May 19 03:07 packages/consult-notmuch.log
4.0K -rw-r--r-- 1 root root  854 May 19 03:08 packages/consult-readme.txt
8.0K -rw-r--r-- 1 root root 4.7K May 19 03:07 packages/consult-recoll-20210411.1300.el
4.0K -rw-r--r-- 1 root root  380 May 19 03:07 packages/consult-recoll-20210411.1300.entry
4.0K -rw-r--r-- 1 root root 1.2K May 19 03:07 packages/consult-recoll-badge.svg
4.0K -rw-r--r-- 1 root root  219 May 19 03:07 packages/consult-recoll-readme.txt
4.0K -rw-r--r-- 1 root root  562 May 19 03:07 packages/consult-recoll.log
4.0K -rw-r--r-- 1 root root 3.5K Dec 24 21:28 packages/consult-selectrum-20201224.1239.el
4.0K -rw-r--r-- 1 root root 1.2K Jan 13 02:47 packages/consult-selectrum-badge.svg
4.0K -rw-r--r-- 1 root root   32 Jan 13 02:47 packages/consult-selectrum-readme.txt
4.0K -rw-r--r-- 1 root root  848 Jan 13 02:47 packages/consult-selectrum.log
8.0K -rw-r--r-- 1 root root 4.7K May 19 03:07 packages/consult-spotify-20210411.1305.el
4.0K -rw-r--r-- 1 root root  438 May 19 03:07 packages/consult-spotify-20210411.1305.entry
4.0K -rw-r--r-- 1 root root 1.2K May 19 03:07 packages/consult-spotify-badge.svg
4.0K -rw-r--r-- 1 root root  652 May 19 03:07 packages/consult-spotify-readme.txt
4.0K -rw-r--r-- 1 root root  559 May 19 03:07 packages/consult-spotify.log
