Package: counsel
Fetcher: github
Source:  https://github.com/abo-abo/swiper.git

Updating /mnt/store/melpa/working/counsel/
Built counsel in 4.584s, finished at Wed May 19 03:08:11 2021
 ✓ Success:
268K -rw-r--r-- 1 root root 266K May 19 03:08 packages/counsel-20210509.830.el
4.0K -rw-r--r-- 1 root root  432 May 19 03:08 packages/counsel-20210509.830.entry
8.0K -rw-r--r-- 1 root root 7.8K May 19 03:08 packages/counsel-ag-popup-20210121.805.el
4.0K -rw-r--r-- 1 root root  491 May 19 03:08 packages/counsel-ag-popup-20210121.805.entry
4.0K -rw-r--r-- 1 root root 1.2K May 19 03:08 packages/counsel-ag-popup-badge.svg
4.0K -rw-r--r-- 1 root root   97 May 19 03:08 packages/counsel-ag-popup-readme.txt
4.0K -rw-r--r-- 1 root root  583 May 19 03:08 packages/counsel-ag-popup.log
4.0K -rw-r--r-- 1 root root 1.2K May 19 03:08 packages/counsel-badge.svg
8.0K -rw-r--r-- 1 root root 7.8K May 19 03:08 packages/counsel-bbdb-20181128.1320.el
4.0K -rw-r--r-- 1 root root  428 May 19 03:08 packages/counsel-bbdb-20181128.1320.entry
4.0K -rw-r--r-- 1 root root 1.2K May 19 03:08 packages/counsel-bbdb-badge.svg
4.0K -rw-r--r-- 1 root root 1.3K May 19 03:08 packages/counsel-bbdb-readme.txt
4.0K -rw-r--r-- 1 root root  225 May 19 03:08 packages/counsel-bbdb.log
4.0K -rw-r--r-- 1 root root 3.9K May 19 03:08 packages/counsel-codesearch-20180925.803.el
4.0K -rw-r--r-- 1 root root  539 May 19 03:08 packages/counsel-codesearch-20180925.803.entry
4.0K -rw-r--r-- 1 root root 1.2K May 18 23:53 packages/counsel-codesearch-badge.svg
4.0K -rw-r--r-- 1 root root  406 May 19 03:08 packages/counsel-codesearch-readme.txt
4.0K -rw-r--r-- 1 root root  165 May 19 03:08 packages/counsel-codesearch.log
 12K -rw-r--r-- 1 root root 8.5K May 18 23:53 packages/counsel-css-20210310.452.el
4.0K -rw-r--r-- 1 root root  515 May 18 23:53 packages/counsel-css-20210310.452.entry
4.0K -rw-r--r-- 1 root root 1.2K May 18 23:53 packages/counsel-css-badge.svg
4.0K -rw-r--r-- 1 root root  142 May 18 23:53 packages/counsel-css-readme.txt
4.0K -rw-r--r-- 1 root root  144 May 19 03:08 packages/counsel-css.log
4.0K -rw-r--r-- 1 root root 3.8K May 18 23:53 packages/counsel-dash-20200103.1411.el
4.0K -rw-r--r-- 1 root root  444 May 18 23:53 packages/counsel-dash-20200103.1411.entry
4.0K -rw-r--r-- 1 root root 1.2K May 18 23:53 packages/counsel-dash-badge.svg
4.0K -rw-r--r-- 1 root root  126 May 18 23:53 packages/counsel-dash-readme.txt
4.0K -rw-r--r-- 1 root root  145 May 19 03:08 packages/counsel-dash.log
 48K -rw-r--r-- 1 root root  47K May 18 23:53 packages/counsel-edit-mode-20210103.1508.el
4.0K -rw-r--r-- 1 root root  472 May 18 23:53 packages/counsel-edit-mode-20210103.1508.entry
4.0K -rw-r--r-- 1 root root 1.2K May 18 23:53 packages/counsel-edit-mode-badge.svg
4.0K -rw-r--r-- 1 root root  128 May 18 23:53 packages/counsel-edit-mode-readme.txt
   0 -rw-r--r-- 1 root root    0 May 19 03:08 packages/counsel-edit-mode.log
 72K -rw-r--r-- 1 root root  71K May 18 23:53 packages/counsel-etags-20210410.1256.el
4.0K -rw-r--r-- 1 root root  434 May 18 23:53 packages/counsel-etags-20210410.1256.entry
4.0K -rw-r--r-- 1 root root 1.2K May 18 23:53 packages/counsel-etags-badge.svg
8.0K -rw-r--r-- 1 root root 5.3K May 18 23:53 packages/counsel-etags-readme.txt
   0 -rw-r--r-- 1 root root    0 May 19 03:08 packages/counsel-etags.log
4.0K -rw-r--r-- 1 root root 3.0K May 18 23:53 packages/counsel-fd-20200902.2147.el
4.0K -rw-r--r-- 1 root root  264 May 18 23:53 packages/counsel-fd-20200902.2147.entry
4.0K -rw-r--r-- 1 root root 1.2K May 18 23:54 packages/counsel-fd-badge.svg
4.0K -rw-r--r-- 1 root root   26 May 18 23:53 packages/counsel-fd-readme.txt
   0 -rw-r--r-- 1 root root    0 May 19 03:08 packages/counsel-fd.log
 12K -rw-r--r-- 1 root root 9.7K May 18 23:53 packages/counsel-ffdata-20191017.1237.el
4.0K -rw-r--r-- 1 root root  440 May 18 23:53 packages/counsel-ffdata-20191017.1237.entry
4.0K -rw-r--r-- 1 root root 1.2K May 18 23:53 packages/counsel-ffdata-badge.svg
4.0K -rw-r--r-- 1 root root  162 May 18 23:53 packages/counsel-ffdata-readme.txt
4.0K -rw-r--r-- 1 root root  565 May 18 23:54 packages/counsel-ffdata.log
 28K -rw-r--r-- 1 root root  28K May 18 23:54 packages/counsel-gtags-20210222.1803.el
4.0K -rw-r--r-- 1 root root  474 May 18 23:54 packages/counsel-gtags-20210222.1803.entry
4.0K -rw-r--r-- 1 root root 1.2K May 18 23:54 packages/counsel-gtags-badge.svg
4.0K -rw-r--r-- 1 root root   59 May 18 23:54 packages/counsel-gtags-readme.txt
4.0K -rw-r--r-- 1 root root  568 May 18 23:54 packages/counsel-gtags.log
4.0K -rw-r--r-- 1 root root 2.4K May 18 23:54 packages/counsel-jq-20210329.749.el
4.0K -rw-r--r-- 1 root root  483 May 18 23:54 packages/counsel-jq-20210329.749.entry
4.0K -rw-r--r-- 1 root root 1.2K May 18 23:54 packages/counsel-jq-badge.svg
4.0K -rw-r--r-- 1 root root   37 May 18 23:54 packages/counsel-jq-readme.txt
4.0K -rw-r--r-- 1 root root  534 May 18 23:54 packages/counsel-jq.log
 24K -rw-r--r-- 1 root root  21K May 18 23:54 packages/counsel-mairix-20210422.649.el
4.0K -rw-r--r-- 1 root root  368 May 18 23:54 packages/counsel-mairix-20210422.649.entry
4.0K -rw-r--r-- 1 root root 1.2K May 18 23:54 packages/counsel-mairix-badge.svg
4.0K -rw-r--r-- 1 root root  738 May 18 23:54 packages/counsel-mairix-readme.txt
4.0K -rw-r--r-- 1 root root  554 May 18 23:54 packages/counsel-mairix.log
8.0K -rw-r--r-- 1 root root 5.0K May 18 23:54 packages/counsel-notmuch-20181203.935.el
4.0K -rw-r--r-- 1 root root  490 May 18 23:54 packages/counsel-notmuch-20181203.935.entry
4.0K -rw-r--r-- 1 root root 1.2K May 18 23:54 packages/counsel-notmuch-badge.svg
4.0K -rw-r--r-- 1 root root  190 May 18 23:54 packages/counsel-notmuch-readme.txt
4.0K -rw-r--r-- 1 root root  579 May 18 23:54 packages/counsel-notmuch.log
 12K -rw-r--r-- 1 root root  11K May 18 23:54 packages/counsel-org-capture-string-20200810.1114.el
4.0K -rw-r--r-- 1 root root  488 May 18 23:54 packages/counsel-org-capture-string-20200810.1114.entry
4.0K -rw-r--r-- 1 root root 1.2K May 18 23:54 packages/counsel-org-capture-string-badge.svg
4.0K -rw-r--r-- 1 root root  256 May 18 23:54 packages/counsel-org-capture-string-readme.txt
4.0K -rw-r--r-- 1 root root  662 May 18 23:54 packages/counsel-org-capture-string.log
 24K -rw-r--r-- 1 root root  23K May 18 23:54 packages/counsel-org-clock-20200810.1109.el
4.0K -rw-r--r-- 1 root root  446 May 18 23:54 packages/counsel-org-clock-20200810.1109.entry
4.0K -rw-r--r-- 1 root root 1.2K May 18 23:54 packages/counsel-org-clock-badge.svg
4.0K -rw-r--r-- 1 root root  367 May 18 23:54 packages/counsel-org-clock-readme.txt
4.0K -rw-r--r-- 1 root root  590 May 18 23:54 packages/counsel-org-clock.log
8.0K -rw-r--r-- 1 root root 4.7K May 18 23:54 packages/counsel-osx-app-20160821.809.el
4.0K -rw-r--r-- 1 root root  393 May 18 23:54 packages/counsel-osx-app-20160821.809.entry
4.0K -rw-r--r-- 1 root root 1.2K May 18 23:54 packages/counsel-osx-app-badge.svg
4.0K -rw-r--r-- 1 root root 1.1K May 18 23:54 packages/counsel-osx-app-readme.txt
4.0K -rw-r--r-- 1 root root  576 May 18 23:54 packages/counsel-osx-app.log
 76K -rw-r--r-- 1 root root  73K May 18 23:54 packages/counsel-projectile-20201015.1109.el
4.0K -rw-r--r-- 1 root root  422 May 18 23:54 packages/counsel-projectile-20201015.1109.entry
4.0K -rw-r--r-- 1 root root 1.2K May 18 23:54 packages/counsel-projectile-badge.svg
4.0K -rw-r--r-- 1 root root  538 May 18 23:54 packages/counsel-projectile-readme.txt
4.0K -rw-r--r-- 1 root root  601 May 18 23:54 packages/counsel-projectile.log
4.0K -rw-r--r-- 1 root root 2.2K May 18 23:54 packages/counsel-pydoc-20171018.2042.el
4.0K -rw-r--r-- 1 root root  388 May 18 23:54 packages/counsel-pydoc-20171018.2042.entry
4.0K -rw-r--r-- 1 root root 1.2K May 18 23:54 packages/counsel-pydoc-badge.svg
4.0K -rw-r--r-- 1 root root  472 May 18 23:54 packages/counsel-pydoc-readme.txt
4.0K -rw-r--r-- 1 root root  555 May 18 23:54 packages/counsel-pydoc.log
4.0K -rw-r--r-- 1 root root  535 May 19 03:08 packages/counsel-readme.txt
4.0K -rw-r--r-- 1 root root  431 May 18 23:54 packages/counsel-spotify-20200818.2055.entry
 32K -rw-r--r-- 1 root root  30K May 18 23:54 packages/counsel-spotify-20200818.2055.tar
4.0K -rw-r--r-- 1 root root 1.2K May 18 23:54 packages/counsel-spotify-badge.svg
4.0K -rw-r--r-- 1 root root   50 May 18 23:54 packages/counsel-spotify-readme.txt
4.0K -rw-r--r-- 1 root root 1.5K May 18 23:54 packages/counsel-spotify.log
4.0K -rw-r--r-- 1 root root  338 May 18 23:54 packages/counsel-test-20190819.1920.entry
 20K -rw-r--r-- 1 root root  20K May 18 23:54 packages/counsel-test-20190819.1920.tar
4.0K -rw-r--r-- 1 root root 1.2K May 18 23:54 packages/counsel-test-badge.svg
4.0K -rw-r--r-- 1 root root  212 May 18 23:54 packages/counsel-test-readme.txt
4.0K -rw-r--r-- 1 root root 1.2K May 18 23:54 packages/counsel-test.log
 12K -rw-r--r-- 1 root root 8.1K May 18 23:54 packages/counsel-tramp-20210518.1153.el
4.0K -rw-r--r-- 1 root root  344 May 18 23:54 packages/counsel-tramp-20210518.1153.entry
4.0K -rw-r--r-- 1 root root 1.2K May 18 23:54 packages/counsel-tramp-badge.svg
4.0K -rw-r--r-- 1 root root  259 May 18 23:54 packages/counsel-tramp-readme.txt
4.0K -rw-r--r-- 1 root root  565 May 18 23:54 packages/counsel-tramp.log
 12K -rw-r--r-- 1 root root  12K May 18 23:54 packages/counsel-web-20200313.5.el
4.0K -rw-r--r-- 1 root root  469 May 18 23:54 packages/counsel-web-20200313.5.entry
4.0K -rw-r--r-- 1 root root 1.2K May 18 23:54 packages/counsel-web-badge.svg
4.0K -rw-r--r-- 1 root root  105 May 18 23:54 packages/counsel-web-readme.txt
4.0K -rw-r--r-- 1 root root  535 May 18 23:54 packages/counsel-web.log
 16K -rw-r--r-- 1 root root  14K May 18 23:54 packages/counsel-world-clock-20190709.2211.el
4.0K -rw-r--r-- 1 root root  414 May 18 23:54 packages/counsel-world-clock-20190709.2211.entry
4.0K -rw-r--r-- 1 root root 1.2K May 18 23:54 packages/counsel-world-clock-badge.svg
4.0K -rw-r--r-- 1 root root   56 May 18 23:54 packages/counsel-world-clock-readme.txt
4.0K -rw-r--r-- 1 root root  608 May 18 23:54 packages/counsel-world-clock.log
