Package: counsel-spotify
Fetcher: github
Source:  https://github.com/Lautaro-Garcia/counsel-spotify.git

Updating /mnt/store/melpa/working/counsel-spotify/
Copying files (->) and directories (=>)
  from /mnt/store/melpa/working/counsel-spotify/
  to /tmp/counsel-spotifypgwIui/counsel-spotify-20200818.2055
    counsel-spotify-backends.el -> counsel-spotify-backends.el
    counsel-spotify-messages.el -> counsel-spotify-messages.el
    counsel-spotify-notifications.el -> counsel-spotify-notifications.el
    counsel-spotify-search.el -> counsel-spotify-search.el
    counsel-spotify.el -> counsel-spotify.el
Created counsel-spotify-20200818.2055.tar containing:
  counsel-spotify-20200818.2055/
  counsel-spotify-20200818.2055/counsel-spotify-backends.el
  counsel-spotify-20200818.2055/counsel-spotify-messages.el
  counsel-spotify-20200818.2055/counsel-spotify-notifications.el
  counsel-spotify-20200818.2055/counsel-spotify-pkg.el
  counsel-spotify-20200818.2055/counsel-spotify-search.el
  counsel-spotify-20200818.2055/counsel-spotify.el
Built counsel-spotify in 6.332s, finished at Wed May 19 03:08:29 2021
 ✓ Success:
4.0K -rw-r--r-- 1 root root  431 May 19 03:08 packages/counsel-spotify-20200818.2055.entry
 32K -rw-r--r-- 1 root root  30K May 19 03:08 packages/counsel-spotify-20200818.2055.tar
4.0K -rw-r--r-- 1 root root 1.2K May 19 03:08 packages/counsel-spotify-badge.svg
4.0K -rw-r--r-- 1 root root   50 May 19 03:08 packages/counsel-spotify-readme.txt
