Package: cquery
Fetcher: github
Source:  https://github.com/cquery-project/emacs-cquery.git

Updating /mnt/store/melpa/working/cquery/
Copying files (->) and directories (=>)
  from /mnt/store/melpa/working/cquery/
  to /tmp/cquerym0PhJv/cquery-20190118.542
    cquery-call-hierarchy.el -> cquery-call-hierarchy.el
    cquery-code-lens.el -> cquery-code-lens.el
    cquery-common.el -> cquery-common.el
    cquery-inheritance-hierarchy.el -> cquery-inheritance-hierarchy.el
    cquery-semantic-highlighting.el -> cquery-semantic-highlighting.el
    cquery-tree.el -> cquery-tree.el
    cquery.el -> cquery.el
Created cquery-20190118.542.tar containing:
  cquery-20190118.542/
  cquery-20190118.542/cquery-call-hierarchy.el
  cquery-20190118.542/cquery-code-lens.el
  cquery-20190118.542/cquery-common.el
  cquery-20190118.542/cquery-inheritance-hierarchy.el
  cquery-20190118.542/cquery-pkg.el
  cquery-20190118.542/cquery-semantic-highlighting.el
  cquery-20190118.542/cquery-tree.el
  cquery-20190118.542/cquery.el
Built cquery in 3.672s, finished at Wed May 19 03:08:44 2021
 ✓ Success:
4.0K -rw-r--r-- 1 root root  352 May 19 03:08 packages/cquery-20190118.542.entry
 72K -rw-r--r-- 1 root root  70K May 19 03:08 packages/cquery-20190118.542.tar
4.0K -rw-r--r-- 1 root root 1.2K May 19 03:08 packages/cquery-badge.svg
4.0K -rw-r--r-- 1 root root   60 May 19 03:08 packages/cquery-readme.txt
