Package: csharp-mode
Fetcher: github
Source:  https://github.com/emacs-csharp/csharp-mode.git

Updating /mnt/store/melpa/working/csharp-mode/
Copying files (->) and directories (=>)
  from /mnt/store/melpa/working/csharp-mode/
  to /tmp/csharp-modeBcs5bp/csharp-mode-20210328.2004
    csharp-compilation.el -> csharp-compilation.el
    csharp-mode.el -> csharp-mode.el
    csharp-tree-sitter.el -> csharp-tree-sitter.el
Created csharp-mode-20210328.2004.tar containing:
  csharp-mode-20210328.2004/
  csharp-mode-20210328.2004/csharp-compilation.el
  csharp-mode-20210328.2004/csharp-mode-pkg.el
  csharp-mode-20210328.2004/csharp-mode.el
  csharp-mode-20210328.2004/csharp-tree-sitter.el
Built csharp-mode in 4.489s, finished at Wed May 19 03:08:58 2021
 ✓ Success:
4.0K -rw-r--r-- 1 root root  516 May 19 03:08 packages/csharp-mode-20210328.2004.entry
 52K -rw-r--r-- 1 root root  50K May 19 03:08 packages/csharp-mode-20210328.2004.tar
4.0K -rw-r--r-- 1 root root 1.2K May 19 03:08 packages/csharp-mode-badge.svg
4.0K -rw-r--r-- 1 root root 2.4K Sep 30  2020 packages/csharp-mode-readme.txt
