Package: ctune
Fetcher: github
Source:  https://github.com/maurooaranda/ctune.git

Updating /mnt/store/melpa/working/ctune/
Copying files (->) and directories (=>)
  from /mnt/store/melpa/working/ctune/
  to /tmp/ctune03Fhxf/ctune-20210205.1428
    ctune.el -> ctune.el
    ctune.texi -> ctune.texi
Created /tmp/ctune03Fhxf/ctune-20210205.1428/ctune.info
Created ctune-20210205.1428.tar containing:
  ctune-20210205.1428/
  ctune-20210205.1428/ctune-pkg.el
  ctune-20210205.1428/ctune.el
  ctune-20210205.1428/ctune.info
  ctune-20210205.1428/dir
Built ctune in 7.745s, finished at Wed May 19 03:09:16 2021
 ✓ Success:
4.0K -rw-r--r-- 1 root root  352 May 19 03:09 packages/ctune-20210205.1428.entry
 60K -rw-r--r-- 1 root root  60K May 19 03:09 packages/ctune-20210205.1428.tar
4.0K -rw-r--r-- 1 root root 1.2K May 19 03:09 packages/ctune-badge.svg
4.0K -rw-r--r-- 1 root root 2.2K May 19 03:09 packages/ctune-readme.txt
