Package: danneskjold-theme
Fetcher: github
Source:  https://github.com/rails-to-cosmos/danneskjold-theme.git

Updating /mnt/store/melpa/working/danneskjold-theme/
Checking out origin/HEAD
Checking out e4d1f2c76245fe9d0d07133a841e789d139df28d
Copying files (->) and directories (=>)
  from /mnt/store/melpa/working/danneskjold-theme/
  to /tmp/danneskjold-theme0jA3tr/danneskjold-theme-20210429.657
    danneskjold-light-theme.el -> danneskjold-light-theme.el
    danneskjold-theme-pkg.el -> danneskjold-theme-pkg.el
    danneskjold-theme.el -> danneskjold-theme.el
Created danneskjold-theme-20210429.657.tar containing:
  danneskjold-theme-20210429.657/
  danneskjold-theme-20210429.657/danneskjold-light-theme.el
  danneskjold-theme-20210429.657/danneskjold-theme-pkg.el
  danneskjold-theme-20210429.657/danneskjold-theme.el
Built danneskjold-theme in 4.733s, finished at 2021-08-17T09:32:23+0000
 ✓ Success:
4.0K -rw-r--r-- 1 root root  343 Aug 17 09:32 packages/danneskjold-theme-20210429.657.entry
 40K -rw-r--r-- 1 root root  40K Aug 17 09:32 packages/danneskjold-theme-20210429.657.tar
4.0K -rw-r--r-- 1 root root 1.2K Aug 17 09:32 packages/danneskjold-theme-badge.svg
   0 -rw-r--r-- 1 root root    0 Aug 17 09:32 packages/danneskjold-theme-readme.txt
