Package: dashboard
Fetcher: github
Source:  https://github.com/emacs-dashboard/emacs-dashboard.git

Updating /mnt/store/melpa/working/dashboard/
Copying files (->) and directories (=>)
  from /mnt/store/melpa/working/dashboard/
  to /tmp/dashboardSC8CZg/dashboard-20210427.705
    dashboard-widgets.el -> dashboard-widgets.el
    dashboard.el -> dashboard.el
    banners => banners
Created dashboard-20210427.705.tar containing:
  dashboard-20210427.705/
  dashboard-20210427.705/banners/
  dashboard-20210427.705/banners/1.txt
  dashboard-20210427.705/banners/2.txt
  dashboard-20210427.705/banners/3.txt
  dashboard-20210427.705/banners/emacs.png
  dashboard-20210427.705/banners/logo.png
  dashboard-20210427.705/dashboard-pkg.el
  dashboard-20210427.705/dashboard-widgets.el
  dashboard-20210427.705/dashboard.el
Built dashboard in 4.583s, finished at Wed May 19 03:09:50 2021
 ✓ Success:
4.0K -rw-r--r-- 1 root root  425 May 19 03:09 packages/dashboard-20210427.705.entry
140K -rw-r--r-- 1 root root 140K May 19 03:09 packages/dashboard-20210427.705.tar
4.0K -rw-r--r-- 1 root root 1.2K May 19 03:09 packages/dashboard-badge.svg
4.0K -rw-r--r-- 1 root root 3.8K May 18 23:55 packages/dashboard-hackernews-20190109.205.el
4.0K -rw-r--r-- 1 root root  432 May 18 23:55 packages/dashboard-hackernews-20190109.205.entry
4.0K -rw-r--r-- 1 root root 1.2K May 18 23:55 packages/dashboard-hackernews-badge.svg
4.0K -rw-r--r-- 1 root root   34 May 18 23:55 packages/dashboard-hackernews-readme.txt
4.0K -rw-r--r-- 1 root root  168 May 19 03:09 packages/dashboard-hackernews.log
4.0K -rw-r--r-- 1 root root 3.4K May 18 23:55 packages/dashboard-ls-20210108.1857.el
4.0K -rw-r--r-- 1 root root  452 May 18 23:55 packages/dashboard-ls-20210108.1857.entry
4.0K -rw-r--r-- 1 root root 1.2K May 18 23:55 packages/dashboard-ls-badge.svg
4.0K -rw-r--r-- 1 root root   62 May 18 23:55 packages/dashboard-ls-readme.txt
4.0K -rw-r--r-- 1 root root  148 May 19 03:09 packages/dashboard-ls.log
4.0K -rw-r--r-- 1 root root 3.9K May 18 23:55 packages/dashboard-project-status-20190202.1354.el
4.0K -rw-r--r-- 1 root root  483 May 18 23:55 packages/dashboard-project-status-20190202.1354.entry
4.0K -rw-r--r-- 1 root root 1.2K May 18 23:55 packages/dashboard-project-status-badge.svg
4.0K -rw-r--r-- 1 root root   96 May 18 23:55 packages/dashboard-project-status-readme.txt
4.0K -rw-r--r-- 1 root root  191 May 19 03:09 packages/dashboard-project-status.log
4.0K -rw-r--r-- 1 root root  118 May 19 03:09 packages/dashboard-readme.txt
