Package: datetime
Fetcher: github
Source:  https://github.com/doublep/datetime.git

Updating /mnt/store/melpa/working/datetime/
Checking out origin/HEAD
Checking out 276f9d4304180301edabc160d5d17f46532489a1
Copying files (->) and directories (=>)
  from /mnt/store/melpa/working/datetime/
  to /tmp/datetimeE5AI4E/datetime-20210307.2203
    datetime.el -> datetime.el
    locale-data.extmap -> locale-data.extmap
    timezone-data.extmap -> timezone-data.extmap
    timezone-name-data.extmap -> timezone-name-data.extmap
Created datetime-20210307.2203.tar containing:
  datetime-20210307.2203/
  datetime-20210307.2203/datetime-pkg.el
  datetime-20210307.2203/datetime.el
  datetime-20210307.2203/locale-data.extmap
  datetime-20210307.2203/timezone-data.extmap
  datetime-20210307.2203/timezone-name-data.extmap
Built datetime in 4.831s, finished at 2021-08-17T09:32:47+0000
 ✓ Success:
4.0K -rw-r--r-- 1 root root  416 Aug 17 09:32 packages/datetime-20210307.2203.entry
3.9M -rw-r--r-- 1 root root 3.9M Aug 17 09:32 packages/datetime-20210307.2203.tar
4.0K -rw-r--r-- 1 root root 1.2K Aug 17 09:32 packages/datetime-badge.svg
8.0K -rw-r--r-- 1 root root 6.6K Aug 17 06:01 packages/datetime-format-20160612.1715.el
4.0K -rw-r--r-- 1 root root  344 Aug 17 06:01 packages/datetime-format-20160612.1715.entry
4.0K -rw-r--r-- 1 root root 1.2K Aug 17 06:01 packages/datetime-format-badge.svg
4.0K -rw-r--r-- 1 root root  607 Aug 17 06:01 packages/datetime-format-readme.txt
4.0K -rw-r--r-- 1 root root  150 Aug 17 09:32 packages/datetime-format.log
4.0K -rw-r--r-- 1 root root 1.3K Aug 17 09:32 packages/datetime-readme.txt
