Package: dayone
Fetcher: github
Source:  https://github.com/mori-dev/emacs-dayone.git

Updating /mnt/store/melpa/working/dayone/
Checking out origin/HEAD
Checking out ab628274f0806451f23bce16f62a6a11cbf91a2b
Copying files (->) and directories (=>)
  from /mnt/store/melpa/working/dayone/
  to /tmp/dayoneZBMWX0/dayone-20160105.1240
    dayone.el -> dayone.el
    layout.xml.mustache -> layout.xml.mustache
    tag.xml.mustache -> tag.xml.mustache
Created dayone-20160105.1240.tar containing:
  dayone-20160105.1240/
  dayone-20160105.1240/dayone-pkg.el
  dayone-20160105.1240/dayone.el
  dayone-20160105.1240/layout.xml.mustache
  dayone-20160105.1240/tag.xml.mustache
Built dayone in 4.460s, finished at 2021-08-17T09:32:51+0000
 ✓ Success:
4.0K -rw-r--r-- 1 root root  407 Aug 17 09:32 packages/dayone-20160105.1240.entry
 20K -rw-r--r-- 1 root root  20K Aug 17 09:32 packages/dayone-20160105.1240.tar
4.0K -rw-r--r-- 1 root root 1.2K Aug 17 09:32 packages/dayone-badge.svg
4.0K -rw-r--r-- 1 root root  726 Aug 17 09:32 packages/dayone-readme.txt
