Package: ddskk
Fetcher: github
Source:  https://github.com/skk-dev/ddskk.git

Updating /mnt/store/melpa/working/ddskk/
Checking out origin/HEAD
Checking out ce0517127586e26f95f94f45d22a832f40a28321
Copying files (->) and directories (=>)
  from /mnt/store/melpa/working/ddskk/
  to /tmp/ddskkYhOZFt/ddskk-20210522.348
    context-skk.el -> context-skk.el
    ddskk-pkg.el -> ddskk-pkg.el
    skk-abbrev.el -> skk-abbrev.el
    skk-act.el -> skk-act.el
    skk-annotation.el -> skk-annotation.el
    skk-auto.el -> skk-auto.el
    skk-azik.el -> skk-azik.el
    skk-cdb.el -> skk-cdb.el
    skk-comp.el -> skk-comp.el
    skk-cursor.el -> skk-cursor.el
    skk-cus.el -> skk-cus.el
    skk-dcomp.el -> skk-dcomp.el
    skk-decor.el -> skk-decor.el
    skk-develop.el -> skk-develop.el
    skk-emacs.el -> skk-emacs.el
    skk-gadget.el -> skk-gadget.el
    skk-hint.el -> skk-hint.el
    skk-inline.el -> skk-inline.el
    skk-isearch.el -> skk-isearch.el
    skk-jisx0201.el -> skk-jisx0201.el
    skk-jisx0213.el -> skk-jisx0213.el
    skk-jisyo-edit-mode.el -> skk-jisyo-edit-mode.el
    skk-kakasi.el -> skk-kakasi.el
    skk-kcode.el -> skk-kcode.el
    skk-leim.el -> skk-leim.el
    skk-look.el -> skk-look.el
    skk-macs.el -> skk-macs.el
    skk-num.el -> skk-num.el
    skk-search-web.el -> skk-search-web.el
    skk-server-completion.el -> skk-server-completion.el
    skk-server.el -> skk-server.el
    skk-show-mode.el -> skk-show-mode.el
    skk-sticky.el -> skk-sticky.el
    skk-study.el -> skk-study.el
    skk-tankan.el -> skk-tankan.el
    skk-tut.el -> skk-tut.el
    skk-vars.el -> skk-vars.el
    skk-version.el -> skk-version.el
    skk-viper.el -> skk-viper.el
    skk.el -> skk.el
    tar-util.el -> tar-util.el
  ! doc/skk.texi -> skk.texi
  ! etc/skk.xpm -> skk.xpm
Created /tmp/ddskkYhOZFt/ddskk-20210522.348/skk.info
Created ddskk-20210522.348.tar containing:
  ddskk-20210522.348/
  ddskk-20210522.348/context-skk.el
  ddskk-20210522.348/ddskk-pkg.el
  ddskk-20210522.348/dir
  ddskk-20210522.348/skk-abbrev.el
  ddskk-20210522.348/skk-act.el
  ddskk-20210522.348/skk-annotation.el
  ddskk-20210522.348/skk-auto.el
  ddskk-20210522.348/skk-azik.el
  ddskk-20210522.348/skk-cdb.el
  ddskk-20210522.348/skk-comp.el
  ddskk-20210522.348/skk-cursor.el
  ddskk-20210522.348/skk-cus.el
  ddskk-20210522.348/skk-dcomp.el
  ddskk-20210522.348/skk-decor.el
  ddskk-20210522.348/skk-develop.el
  ddskk-20210522.348/skk-emacs.el
  ddskk-20210522.348/skk-gadget.el
  ddskk-20210522.348/skk-hint.el
  ddskk-20210522.348/skk-inline.el
  ddskk-20210522.348/skk-isearch.el
  ddskk-20210522.348/skk-jisx0201.el
  ddskk-20210522.348/skk-jisx0213.el
  ddskk-20210522.348/skk-jisyo-edit-mode.el
  ddskk-20210522.348/skk-kakasi.el
  ddskk-20210522.348/skk-kcode.el
  ddskk-20210522.348/skk-leim.el
  ddskk-20210522.348/skk-look.el
  ddskk-20210522.348/skk-macs.el
  ddskk-20210522.348/skk-num.el
  ddskk-20210522.348/skk-search-web.el
  ddskk-20210522.348/skk-server-completion.el
  ddskk-20210522.348/skk-server.el
  ddskk-20210522.348/skk-show-mode.el
  ddskk-20210522.348/skk-sticky.el
  ddskk-20210522.348/skk-study.el
  ddskk-20210522.348/skk-tankan.el
  ddskk-20210522.348/skk-tut.el
  ddskk-20210522.348/skk-vars.el
  ddskk-20210522.348/skk-version.el
  ddskk-20210522.348/skk-viper.el
  ddskk-20210522.348/skk.el
  ddskk-20210522.348/skk.info
  ddskk-20210522.348/skk.info-1
  ddskk-20210522.348/skk.info-2
  ddskk-20210522.348/skk.xpm
  ddskk-20210522.348/tar-util.el
Built ddskk in 30.307s, finished at 2021-08-17T09:33:19+0000
 ✓ Success:
4.0K -rw-r--r-- 1 root root  185 Aug 17 09:33 packages/ddskk-20210522.348.entry
1.8M -rw-r--r-- 1 root root 1.8M Aug 17 09:33 packages/ddskk-20210522.348.tar
4.0K -rw-r--r-- 1 root root 1.2K Aug 17 09:33 packages/ddskk-badge.svg
 12K -rw-r--r-- 1 root root 8.3K Aug 17 09:32 packages/ddskk-posframe-20200812.917.el
4.0K -rw-r--r-- 1 root root  461 Aug 17 09:32 packages/ddskk-posframe-20200812.917.entry
4.0K -rw-r--r-- 1 root root 1.2K Aug 17 09:32 packages/ddskk-posframe-badge.svg
4.0K -rw-r--r-- 1 root root  200 Aug 17 09:32 packages/ddskk-posframe-readme.txt
4.0K -rw-r--r-- 1 root root  646 Aug 17 09:32 packages/ddskk-posframe.log
