Package: debian-el
Fetcher: git
Source:  https://salsa.debian.org/emacsen-team/debian-el.git

Updating /mnt/store/melpa/working/debian-el/
Copying files (->) and directories (=>)
  from /mnt/store/melpa/working/debian-el/
  to /tmp/debian-elQn879b/debian-el-20201011.1543
    apt-sources.el -> apt-sources.el
    apt-utils.el -> apt-utils.el
    deb-view.el -> deb-view.el
    debian-autoloads.el -> debian-autoloads.el
    debian-bug.el -> debian-bug.el
    debian-el-pkg.el -> debian-el-pkg.el
    debian-el.el -> debian-el.el
    gnus-BTS.el -> gnus-BTS.el
    preseed.el -> preseed.el
    debian-el.texi -> debian-el.texi
Created /tmp/debian-elQn879b/debian-el-20201011.1543/debian-el.info
Created debian-el-20201011.1543.tar containing:
  debian-el-20201011.1543/
  debian-el-20201011.1543/apt-sources.el
  debian-el-20201011.1543/apt-utils.el
  debian-el-20201011.1543/deb-view.el
  debian-el-20201011.1543/debian-autoloads.el
  debian-el-20201011.1543/debian-bug.el
  debian-el-20201011.1543/debian-el-pkg.el
  debian-el-20201011.1543/debian-el.el
  debian-el-20201011.1543/debian-el.info
  debian-el-20201011.1543/dir
  debian-el-20201011.1543/gnus-BTS.el
  debian-el-20201011.1543/preseed.el
Built debian-el in 8.402s, finished at Wed May 19 03:10:13 2021
 ✓ Success:
4.0K -rw-r--r-- 1 root root  152 May 19 03:10 packages/debian-el-20201011.1543.entry
272K -rw-r--r-- 1 root root 270K May 19 03:10 packages/debian-el-20201011.1543.tar
4.0K -rw-r--r-- 1 root root 1.2K May 19 03:10 packages/debian-el-badge.svg
4.0K -rw-r--r-- 1 root root  508 May 19 03:10 packages/debian-el-readme.txt
