Package: dic-lookup-w3m
Fetcher: github
Source:  https://github.com/emacsorphanage/dic-lookup-w3m.git

Updating /mnt/store/melpa/working/dic-lookup-w3m/
Checking out origin/HEAD
Checking out 3254ab10cbf0078c7162557dd1f68dac28459cf9
Copying files (->) and directories (=>)
  from /mnt/store/melpa/working/dic-lookup-w3m/
  to /tmp/dic-lookup-w3mT9ISiB/dic-lookup-w3m-20180526.1621
    dic-lookup-w3m-ja.el -> dic-lookup-w3m-ja.el
    dic-lookup-w3m-text-translator.el -> dic-lookup-w3m-text-translator.el
    dic-lookup-w3m-zh.el -> dic-lookup-w3m-zh.el
    dic-lookup-w3m.el -> dic-lookup-w3m.el
Created dic-lookup-w3m-20180526.1621.tar containing:
  dic-lookup-w3m-20180526.1621/
  dic-lookup-w3m-20180526.1621/dic-lookup-w3m-ja.el
  dic-lookup-w3m-20180526.1621/dic-lookup-w3m-pkg.el
  dic-lookup-w3m-20180526.1621/dic-lookup-w3m-text-translator.el
  dic-lookup-w3m-20180526.1621/dic-lookup-w3m-zh.el
  dic-lookup-w3m-20180526.1621/dic-lookup-w3m.el
Built dic-lookup-w3m in 4.705s, finished at 2021-08-17T09:33:29+0000
 ✓ Success:
4.0K -rw-r--r-- 1 root root  312 Aug 17 09:33 packages/dic-lookup-w3m-20180526.1621.entry
240K -rw-r--r-- 1 root root 240K Aug 17 09:33 packages/dic-lookup-w3m-20180526.1621.tar
4.0K -rw-r--r-- 1 root root 1.2K Aug 17 09:33 packages/dic-lookup-w3m-badge.svg
4.0K -rw-r--r-- 1 root root   57 Aug 17 09:33 packages/dic-lookup-w3m-readme.txt
