Package: diff-hl
Fetcher: github
Source:  https://github.com/dgutov/diff-hl.git

Updating /mnt/store/melpa/working/diff-hl/
Checking out origin/HEAD
Checking out dbd46bf23c2efc466a640a7e398ca39a51c1145e
Copying files (->) and directories (=>)
  from /mnt/store/melpa/working/diff-hl/
  to /tmp/diff-hlP9gOWh/diff-hl-20210811.28
    diff-hl-amend.el -> diff-hl-amend.el
    diff-hl-dired.el -> diff-hl-dired.el
    diff-hl-flydiff.el -> diff-hl-flydiff.el
    diff-hl-inline-popup.el -> diff-hl-inline-popup.el
    diff-hl-margin.el -> diff-hl-margin.el
    diff-hl-show-hunk-posframe.el -> diff-hl-show-hunk-posframe.el
    diff-hl-show-hunk.el -> diff-hl-show-hunk.el
    diff-hl.el -> diff-hl.el
Created diff-hl-20210811.28.tar containing:
  diff-hl-20210811.28/
  diff-hl-20210811.28/diff-hl-amend.el
  diff-hl-20210811.28/diff-hl-dired.el
  diff-hl-20210811.28/diff-hl-flydiff.el
  diff-hl-20210811.28/diff-hl-inline-popup.el
  diff-hl-20210811.28/diff-hl-margin.el
  diff-hl-20210811.28/diff-hl-pkg.el
  diff-hl-20210811.28/diff-hl-show-hunk-posframe.el
  diff-hl-20210811.28/diff-hl-show-hunk.el
  diff-hl-20210811.28/diff-hl.el
Built diff-hl in 4.552s, finished at 2021-08-17T09:33:35+0000
 ✓ Success:
4.0K -rw-r--r-- 1 root root  376 Aug 17 09:33 packages/diff-hl-20210811.28.entry
112K -rw-r--r-- 1 root root 110K Aug 17 09:33 packages/diff-hl-20210811.28.tar
4.0K -rw-r--r-- 1 root root 1.2K Aug 17 09:33 packages/diff-hl-badge.svg
4.0K -rw-r--r-- 1 root root  797 Aug 17 09:33 packages/diff-hl-readme.txt
