Package: dime
Fetcher: github
Source:  https://github.com/dylan-lang/dylan-emacs-support.git

Updating /mnt/store/melpa/working/dime/
Copying files (->) and directories (=>)
  from /mnt/store/melpa/working/dime/
  to /tmp/dimexmdpst/dime-20210329.604
    dime-browse.el -> dime-browse.el
    dime-note-tree.el -> dime-note-tree.el
    dime-repl.el -> dime-repl.el
    dime.el -> dime.el
Created dime-20210329.604.tar containing:
  dime-20210329.604/
  dime-20210329.604/dime-browse.el
  dime-20210329.604/dime-note-tree.el
  dime-20210329.604/dime-pkg.el
  dime-20210329.604/dime-repl.el
  dime-20210329.604/dime.el
Built dime in 3.732s, finished at Wed May 19 03:10:53 2021
 ✓ Success:
4.0K -rw-r--r-- 1 root root  210 May 19 03:10 packages/dime-20210329.604.entry
352K -rw-r--r-- 1 root root 350K May 19 03:10 packages/dime-20210329.604.tar
4.0K -rw-r--r-- 1 root root 1.2K May 19 03:10 packages/dime-badge.svg
4.0K -rw-r--r-- 1 root root  711 May 19 03:10 packages/dime-readme.txt
