Package: dionysos
Fetcher: github
Source:  https://github.com/nlamirault/dionysos.git

Updating /mnt/store/melpa/working/dionysos/
Checking out origin/HEAD
Checking out 0aac21caadabc5a7f09e18a9dcb02f3dec26588b
Copying files (->) and directories (=>)
  from /mnt/store/melpa/working/dionysos/
  to /tmp/dionysosGpm5pz/dionysos-20160810.1056
    dionysos-backend-mpd.el -> dionysos-backend-mpd.el
    dionysos-backend-mplayer.el -> dionysos-backend-mplayer.el
    dionysos-backend-vlc.el -> dionysos-backend-vlc.el
    dionysos-backend.el -> dionysos-backend.el
    dionysos-custom.el -> dionysos-custom.el
    dionysos-fs-mode.el -> dionysos-fs-mode.el
    dionysos-io.el -> dionysos-io.el
    dionysos-mode.el -> dionysos-mode.el
    dionysos-mpd-mode.el -> dionysos-mpd-mode.el
    dionysos-notify.el -> dionysos-notify.el
    dionysos-process.el -> dionysos-process.el
    dionysos-ui.el -> dionysos-ui.el
    dionysos-version.el -> dionysos-version.el
    dionysos-volume.el -> dionysos-volume.el
    dionysos.el -> dionysos.el
Created dionysos-20160810.1056.tar containing:
  dionysos-20160810.1056/
  dionysos-20160810.1056/dionysos-backend-mpd.el
  dionysos-20160810.1056/dionysos-backend-mplayer.el
  dionysos-20160810.1056/dionysos-backend-vlc.el
  dionysos-20160810.1056/dionysos-backend.el
  dionysos-20160810.1056/dionysos-custom.el
  dionysos-20160810.1056/dionysos-fs-mode.el
  dionysos-20160810.1056/dionysos-io.el
  dionysos-20160810.1056/dionysos-mode.el
  dionysos-20160810.1056/dionysos-mpd-mode.el
  dionysos-20160810.1056/dionysos-notify.el
  dionysos-20160810.1056/dionysos-pkg.el
  dionysos-20160810.1056/dionysos-process.el
  dionysos-20160810.1056/dionysos-ui.el
  dionysos-20160810.1056/dionysos-version.el
  dionysos-20160810.1056/dionysos-volume.el
  dionysos-20160810.1056/dionysos.el
Built dionysos in 4.195s, finished at 2021-08-17T09:33:49+0000
 ✓ Success:
4.0K -rw-r--r-- 1 root root  530 Aug 17 09:33 packages/dionysos-20160810.1056.entry
 60K -rw-r--r-- 1 root root  60K Aug 17 09:33 packages/dionysos-20160810.1056.tar
4.0K -rw-r--r-- 1 root root 1.2K Aug 17 09:33 packages/dionysos-badge.svg
4.0K -rw-r--r-- 1 root root  318 Aug 17 09:33 packages/dionysos-readme.txt
