Package: dircmp
Fetcher: github
Source:  https://github.com/matthewlmcclure/dircmp-mode.git

Updating /mnt/store/melpa/working/dircmp/
Checking out origin/HEAD
Checking out 558ee0b601c2de9d247612085aafe2926f56a09f
Copying files (->) and directories (=>)
  from /mnt/store/melpa/working/dircmp/
  to /tmp/dircmpz8XNqJ/dircmp-20141204.1756
    dircmp.el -> dircmp.el
    emacs-git-difftool.sh -> emacs-git-difftool.sh
    emacs-git-mergetool.sh -> emacs-git-mergetool.sh
Created dircmp-20141204.1756.tar containing:
  dircmp-20141204.1756/
  dircmp-20141204.1756/dircmp-pkg.el
  dircmp-20141204.1756/dircmp.el
  dircmp-20141204.1756/emacs-git-difftool.sh
  dircmp-20141204.1756/emacs-git-mergetool.sh
Built dircmp in 4.197s, finished at 2021-08-17T09:33:49+0000
 ✓ Success:
4.0K -rw-r--r-- 1 root root  349 Aug 17 09:33 packages/dircmp-20141204.1756.entry
 32K -rw-r--r-- 1 root root  30K Aug 17 09:33 packages/dircmp-20141204.1756.tar
4.0K -rw-r--r-- 1 root root 1.2K Aug 17 09:33 packages/dircmp-badge.svg
4.0K -rw-r--r-- 1 root root  728 Aug 17 09:33 packages/dircmp-readme.txt
