Package: dired-k
Fetcher: github
Source:  https://github.com/emacsorphanage/dired-k.git

Updating /mnt/store/melpa/working/dired-k/
Copying files (->) and directories (=>)
  from /mnt/store/melpa/working/dired-k/
  to /tmp/dired-k3Wiiab/dired-k-20200322.2035
    dired-k.el -> dired-k.el
    direx-k.el -> direx-k.el
Created dired-k-20200322.2035.tar containing:
  dired-k-20200322.2035/
  dired-k-20200322.2035/dired-k-pkg.el
  dired-k-20200322.2035/dired-k.el
  dired-k-20200322.2035/direx-k.el
Built dired-k in 4.279s, finished at Wed May 19 03:11:12 2021
 ✓ Success:
4.0K -rw-r--r-- 1 root root  351 May 19 03:11 packages/dired-k-20200322.2035.entry
 20K -rw-r--r-- 1 root root  20K May 19 03:11 packages/dired-k-20200322.2035.tar
4.0K -rw-r--r-- 1 root root 1.2K May 19 03:11 packages/dired-k-badge.svg
4.0K -rw-r--r-- 1 root root  166 May 19 03:11 packages/dired-k-readme.txt
