Package: discover
Fetcher: github
Source:  https://github.com/mickeynp/discover.el.git

Updating /mnt/store/melpa/working/discover/
Built discover in 3.979s, finished at Wed May 19 03:11:35 2021
 ✓ Success:
 20K -rw-r--r-- 1 root root  17K May 19 03:11 packages/discover-20140103.2139.el
4.0K -rw-r--r-- 1 root root  278 May 19 03:11 packages/discover-20140103.2139.entry
4.0K -rw-r--r-- 1 root root 1.2K May 19 03:11 packages/discover-badge.svg
4.0K -rw-r--r-- 1 root root 3.8K May 18 23:57 packages/discover-clj-refactor-20150328.1459.el
4.0K -rw-r--r-- 1 root root  421 May 18 23:57 packages/discover-clj-refactor-20150328.1459.entry
4.0K -rw-r--r-- 1 root root 1.2K May 18 23:57 packages/discover-clj-refactor-badge.svg
4.0K -rw-r--r-- 1 root root  167 May 19 03:11 packages/discover-clj-refactor.log
4.0K -rw-r--r-- 1 root root 2.6K May 18 23:57 packages/discover-js2-refactor-20140129.1552.el
4.0K -rw-r--r-- 1 root root  419 May 18 23:57 packages/discover-js2-refactor-20140129.1552.entry
4.0K -rw-r--r-- 1 root root 1.2K May 18 23:57 packages/discover-js2-refactor-badge.svg
4.0K -rw-r--r-- 1 root root  173 May 19 03:11 packages/discover-js2-refactor.log
 12K -rw-r--r-- 1 root root 8.5K May 18 23:57 packages/discover-my-major-20180606.511.el
4.0K -rw-r--r-- 1 root root  434 May 18 23:57 packages/discover-my-major-20180606.511.entry
4.0K -rw-r--r-- 1 root root 1.2K May 18 23:57 packages/discover-my-major-badge.svg
4.0K -rw-r--r-- 1 root root   73 May 18 23:57 packages/discover-my-major-readme.txt
4.0K -rw-r--r-- 1 root root  160 May 19 03:11 packages/discover-my-major.log
4.0K -rw-r--r-- 1 root root  299 May 19 03:11 packages/discover-readme.txt
