Package: dizzee
Fetcher: github
Source:  https://github.com/davidmiller/dizzee.git

Updating /mnt/store/melpa/working/dizzee/
Checking out origin/HEAD
Checking out e3cf1c2ea5d0fc00747524b6f3c5b905d0a8c8e1
Copying files (->) and directories (=>)
  from /mnt/store/melpa/working/dizzee/
  to /tmp/dizzeexrFxyy/dizzee-20171201.916
    dizzee-pkg.el -> dizzee-pkg.el
    dizzee.el -> dizzee.el
Created dizzee-20171201.916.tar containing:
  dizzee-20171201.916/
  dizzee-20171201.916/dizzee-pkg.el
  dizzee-20171201.916/dizzee.el
Built dizzee in 4.398s, finished at 2021-08-17T09:34:48+0000
 ✓ Success:
4.0K -rw-r--r-- 1 root root  384 Aug 17 09:34 packages/dizzee-20171201.916.entry
 20K -rw-r--r-- 1 root root  20K Aug 17 09:34 packages/dizzee-20171201.916.tar
4.0K -rw-r--r-- 1 root root 1.2K Aug 17 09:34 packages/dizzee-badge.svg
