Package: django-mode
Fetcher: github
Source:  https://github.com/unrelentingtech/django-mode.git

Updating /mnt/store/melpa/working/django-mode/
Checking out origin/HEAD
Checking out a71b8dd984e7f724b8321246e5c353a4ae5c986e
Copying files (->) and directories (=>)
  from /mnt/store/melpa/working/django-mode/
  to /tmp/django-modehHnUA4/django-mode-20170522.714
    django-html-mode.el -> django-html-mode.el
    django-mode.el -> django-mode.el
Created django-mode-20170522.714.tar containing:
  django-mode-20170522.714/
  django-mode-20170522.714/django-html-mode.el
  django-mode-20170522.714/django-mode-pkg.el
  django-mode-20170522.714/django-mode.el
Built django-mode in 3.941s, finished at 2021-08-17T09:34:51+0000
 ✓ Success:
4.0K -rw-r--r-- 1 root root  362 Aug 17 09:34 packages/django-mode-20170522.714.entry
 32K -rw-r--r-- 1 root root  30K Aug 17 09:34 packages/django-mode-20170522.714.tar
4.0K -rw-r--r-- 1 root root 1.2K Aug 17 09:34 packages/django-mode-badge.svg
