Package: dkdo
Fetcher: github
Source:  https://github.com/davidkeegan/dkdo.git

Updating /mnt/store/melpa/working/dkdo/
Checking out origin/HEAD
Checking out fd6bb105e8331fafb6385c5238c988c4c5bbe2da
Copying files (->) and directories (=>)
  from /mnt/store/melpa/working/dkdo/
  to /tmp/dkdoKQ5dRC/dkdo-20131110.1119
    dkdo-pkg.el -> dkdo-pkg.el
    dkdo.el -> dkdo.el
    dkdo.texi -> dkdo.texi
    sample.do -> sample.do
Created /tmp/dkdoKQ5dRC/dkdo-20131110.1119/dkdo.info
Created dkdo-20131110.1119.tar containing:
  dkdo-20131110.1119/
  dkdo-20131110.1119/dir
  dkdo-20131110.1119/dkdo-pkg.el
  dkdo-20131110.1119/dkdo.el
  dkdo-20131110.1119/dkdo.info
  dkdo-20131110.1119/sample.do
Built dkdo in 10.009s, finished at 2021-08-17T09:35:03+0000
 ✓ Success:
4.0K -rw-r--r-- 1 root root  386 Aug 17 09:35 packages/dkdo-20131110.1119.entry
 72K -rw-r--r-- 1 root root  70K Aug 17 09:35 packages/dkdo-20131110.1119.tar
4.0K -rw-r--r-- 1 root root 1.2K Aug 17 09:35 packages/dkdo-badge.svg
4.0K -rw-r--r-- 1 root root  541 Aug 17 09:35 packages/dkdo-readme.txt
