Package: dklrt
Fetcher: github
Source:  https://github.com/davidkeegan/dklrt.git

Updating /mnt/store/melpa/working/dklrt/
Checking out origin/HEAD
Checking out 5d6c99f8018335256ab934b4c1049708ae2d48ba
Copying files (->) and directories (=>)
  from /mnt/store/melpa/working/dklrt/
  to /tmp/dklrtccD8GW/dklrt-20131110.1341
    dklrt-pkg.el -> dklrt-pkg.el
    dklrt.el -> dklrt.el
    dklrt.texi -> dklrt.texi
    Misc.py -> Misc.py
    Recurring.py -> Recurring.py
    Time.py -> Time.py
Created /tmp/dklrtccD8GW/dklrt-20131110.1341/dklrt.info
Created dklrt-20131110.1341.tar containing:
  dklrt-20131110.1341/
  dklrt-20131110.1341/Misc.py
  dklrt-20131110.1341/Recurring.py
  dklrt-20131110.1341/Time.py
  dklrt-20131110.1341/dir
  dklrt-20131110.1341/dklrt-pkg.el
  dklrt-20131110.1341/dklrt.el
  dklrt-20131110.1341/dklrt.info
Built dklrt in 8.848s, finished at 2021-08-17T09:35:02+0000
 ✓ Success:
4.0K -rw-r--r-- 1 root root  433 Aug 17 09:35 packages/dklrt-20131110.1341.entry
 40K -rw-r--r-- 1 root root  40K Aug 17 09:35 packages/dklrt-20131110.1341.tar
4.0K -rw-r--r-- 1 root root 1.2K Aug 17 09:35 packages/dklrt-badge.svg
4.0K -rw-r--r-- 1 root root  271 Aug 17 09:35 packages/dklrt-readme.txt
