Package: dkmisc
Fetcher: github
Source:  https://github.com/davidkeegan/dkmisc.git

Updating /mnt/store/melpa/working/dkmisc/
Checking out origin/HEAD
Checking out fe3d49c6f8322b6f89466361acd97585bdfe0608
Copying files (->) and directories (=>)
  from /mnt/store/melpa/working/dkmisc/
  to /tmp/dkmiscSm87g9/dkmisc-20131110.1115
    dkmisc-pkg.el -> dkmisc-pkg.el
    dkmisc.el -> dkmisc.el
Created dkmisc-20131110.1115.tar containing:
  dkmisc-20131110.1115/
  dkmisc-20131110.1115/dkmisc-pkg.el
  dkmisc-20131110.1115/dkmisc.el
Built dkmisc in 4.458s, finished at 2021-08-17T09:34:59+0000
 ✓ Success:
4.0K -rw-r--r-- 1 root root  375 Aug 17 09:34 packages/dkmisc-20131110.1115.entry
 32K -rw-r--r-- 1 root root  30K Aug 17 09:34 packages/dkmisc-20131110.1115.tar
4.0K -rw-r--r-- 1 root root 1.2K Aug 17 09:34 packages/dkmisc-badge.svg
4.0K -rw-r--r-- 1 root root   93 Aug 17 09:34 packages/dkmisc-readme.txt
