Package: docstr
Fetcher: github
Source:  https://github.com/jcs-elpa/docstr.git

Updating /mnt/store/melpa/working/docstr/
Checking out origin/HEAD
Checking out aa8c20d162d5e0b3a8677f2f4f3519ce6fdbe2e5
Copying files (->) and directories (=>)
  from /mnt/store/melpa/working/docstr/
  to /tmp/docstrlzh14d/docstr-20210801.643
    docstr-faces.el -> docstr-faces.el
    docstr-key.el -> docstr-key.el
    docstr-util.el -> docstr-util.el
    docstr-writers.el -> docstr-writers.el
    docstr.el -> docstr.el
  ! langs/docstr-actionscript.el -> docstr-actionscript.el
  ! langs/docstr-c++.el -> docstr-c++.el
  ! langs/docstr-c.el -> docstr-c.el
  ! langs/docstr-csharp.el -> docstr-csharp.el
  ! langs/docstr-go.el -> docstr-go.el
  ! langs/docstr-groovy.el -> docstr-groovy.el
  ! langs/docstr-java.el -> docstr-java.el
  ! langs/docstr-js.el -> docstr-js.el
  ! langs/docstr-lua.el -> docstr-lua.el
  ! langs/docstr-objc.el -> docstr-objc.el
  ! langs/docstr-php.el -> docstr-php.el
  ! langs/docstr-python.el -> docstr-python.el
  ! langs/docstr-ruby.el -> docstr-ruby.el
  ! langs/docstr-rust.el -> docstr-rust.el
  ! langs/docstr-scala.el -> docstr-scala.el
  ! langs/docstr-swift.el -> docstr-swift.el
  ! langs/docstr-typescript.el -> docstr-typescript.el
Created docstr-20210801.643.tar containing:
  docstr-20210801.643/
  docstr-20210801.643/docstr-actionscript.el
  docstr-20210801.643/docstr-c++.el
  docstr-20210801.643/docstr-c.el
  docstr-20210801.643/docstr-csharp.el
  docstr-20210801.643/docstr-faces.el
  docstr-20210801.643/docstr-go.el
  docstr-20210801.643/docstr-groovy.el
  docstr-20210801.643/docstr-java.el
  docstr-20210801.643/docstr-js.el
  docstr-20210801.643/docstr-key.el
  docstr-20210801.643/docstr-lua.el
  docstr-20210801.643/docstr-objc.el
  docstr-20210801.643/docstr-php.el
  docstr-20210801.643/docstr-pkg.el
  docstr-20210801.643/docstr-python.el
  docstr-20210801.643/docstr-ruby.el
  docstr-20210801.643/docstr-rust.el
  docstr-20210801.643/docstr-scala.el
  docstr-20210801.643/docstr-swift.el
  docstr-20210801.643/docstr-typescript.el
  docstr-20210801.643/docstr-util.el
  docstr-20210801.643/docstr-writers.el
  docstr-20210801.643/docstr.el
Built docstr in 4.429s, finished at 2021-08-17T09:35:14+0000
 ✓ Success:
4.0K -rw-r--r-- 1 root root  337 Aug 17 09:35 packages/docstr-20210801.643.entry
120K -rw-r--r-- 1 root root 120K Aug 17 09:35 packages/docstr-20210801.643.tar
4.0K -rw-r--r-- 1 root root 1.2K Aug 17 09:35 packages/docstr-badge.svg
4.0K -rw-r--r-- 1 root root   82 Aug 17 09:35 packages/docstr-readme.txt
