Package: doom
Fetcher: github
Source:  https://github.com/kensanata/doom.git

Updating /mnt/store/melpa/working/doom/
Built doom in 3.833s, finished at Wed May 19 03:12:15 2021
 ✓ Success:
 32K -rw-r--r-- 1 root root  32K May 19 03:12 packages/doom-20180301.2308.el
4.0K -rw-r--r-- 1 root root  487 May 19 03:12 packages/doom-20180301.2308.entry
4.0K -rw-r--r-- 1 root root 1.2K May 19 03:12 packages/doom-badge.svg
4.0K -rw-r--r-- 1 root root  459 May 18 23:58 packages/doom-modeline-20210517.411.entry
212K -rw-r--r-- 1 root root 210K May 18 23:58 packages/doom-modeline-20210517.411.tar
4.0K -rw-r--r-- 1 root root 1.2K May 18 23:58 packages/doom-modeline-badge.svg
8.0K -rw-r--r-- 1 root root 7.3K May 18 23:58 packages/doom-modeline-now-playing-20210202.1948.el
4.0K -rw-r--r-- 1 root root  483 May 18 23:58 packages/doom-modeline-now-playing-20210202.1948.entry
4.0K -rw-r--r-- 1 root root 1.2K May 18 23:58 packages/doom-modeline-now-playing-badge.svg
4.0K -rw-r--r-- 1 root root  279 May 18 23:58 packages/doom-modeline-now-playing-readme.txt
   0 -rw-r--r-- 1 root root    0 May 19 03:12 packages/doom-modeline-now-playing.log
4.0K -rw-r--r-- 1 root root 2.0K May 18 23:58 packages/doom-modeline-readme.txt
4.0K -rw-r--r-- 1 root root  146 May 19 03:12 packages/doom-modeline.log
4.0K -rw-r--r-- 1 root root  922 May 19 03:12 packages/doom-readme.txt
4.0K -rw-r--r-- 1 root root  497 May 18 23:58 packages/doom-themes-20210507.620.entry
620K -rw-r--r-- 1 root root 620K May 18 23:58 packages/doom-themes-20210507.620.tar
4.0K -rw-r--r-- 1 root root 1.2K May 18 23:58 packages/doom-themes-badge.svg
4.0K -rw-r--r-- 1 root root 3.0K May 18 23:58 packages/doom-themes-readme.txt
   0 -rw-r--r-- 1 root root    0 May 19 03:12 packages/doom-themes.log
