Package: dracula-theme
Fetcher: github
Source:  https://github.com/dracula/emacs.git

Updating /mnt/store/melpa/working/dracula-theme/
Copying files (->) and directories (=>)
  from /mnt/store/melpa/working/dracula-theme/
  to /tmp/dracula-themeUNe6he/dracula-theme-20210518.657
    dracula-theme.el -> dracula-theme.el
    test-profile.el -> test-profile.el
Created dracula-theme-20210518.657.tar containing:
  dracula-theme-20210518.657/
  dracula-theme-20210518.657/dracula-theme-pkg.el
  dracula-theme-20210518.657/dracula-theme.el
  dracula-theme-20210518.657/test-profile.el
Built dracula-theme in 3.778s, finished at Wed May 19 03:12:27 2021
 ✓ Success:
4.0K -rw-r--r-- 1 root root  249 May 19 03:12 packages/dracula-theme-20210518.657.entry
 60K -rw-r--r-- 1 root root  60K May 19 03:12 packages/dracula-theme-20210518.657.tar
4.0K -rw-r--r-- 1 root root 1.2K May 19 03:12 packages/dracula-theme-badge.svg
4.0K -rw-r--r-- 1 root root   54 May 19 03:12 packages/dracula-theme-readme.txt
