Package: drill-instructor-AZIK-force
Fetcher: github
Source:  https://github.com/myuhe/drill-instructor-AZIK-force.el.git

Updating /mnt/store/melpa/working/drill-instructor-AZIK-force/
Checking out origin/HEAD
Checking out 008cea202dc31d7d6fb1e7d8e6334d516403b7a5
Copying files (->) and directories (=>)
  from /mnt/store/melpa/working/drill-instructor-AZIK-force/
  to /tmp/drill-instructor-AZIK-forceF3gf5f/drill-instructor-AZIK-force-20151123.514
    drill-instructor-AZIK-force-pkg.el -> drill-instructor-AZIK-force-pkg.el
    drill-instructor-AZIK-force.el -> drill-instructor-AZIK-force.el
Created drill-instructor-AZIK-force-20151123.514.tar containing:
  drill-instructor-AZIK-force-20151123.514/
  drill-instructor-AZIK-force-20151123.514/drill-instructor-AZIK-force-pkg.el
  drill-instructor-AZIK-force-20151123.514/drill-instructor-AZIK-force.el
Built drill-instructor-AZIK-force in 4.244s, finished at 2021-08-17T09:35:35+0000
 ✓ Success:
4.0K -rw-r--r-- 1 root root  405 Aug 17 09:35 packages/drill-instructor-AZIK-force-20151123.514.entry
 12K -rw-r--r-- 1 root root  10K Aug 17 09:35 packages/drill-instructor-AZIK-force-20151123.514.tar
4.0K -rw-r--r-- 1 root root 1.2K Aug 17 09:35 packages/drill-instructor-AZIK-force-badge.svg
