Package: dtrt-indent
Fetcher: github
Source:  https://github.com/jscheid/dtrt-indent.git

Updating /mnt/store/melpa/working/dtrt-indent/
Copying files (->) and directories (=>)
  from /mnt/store/melpa/working/dtrt-indent/
  to /tmp/dtrt-indentIb8IUo/dtrt-indent-20210423.745
    dtrt-indent-diag.el -> dtrt-indent-diag.el
    dtrt-indent.el -> dtrt-indent.el
Created dtrt-indent-20210423.745.tar containing:
  dtrt-indent-20210423.745/
  dtrt-indent-20210423.745/dtrt-indent-diag.el
  dtrt-indent-20210423.745/dtrt-indent-pkg.el
  dtrt-indent-20210423.745/dtrt-indent.el
Built dtrt-indent in 3.728s, finished at Wed May 19 03:12:40 2021
 ✓ Success:
4.0K -rw-r--r-- 1 root root  338 May 19 03:12 packages/dtrt-indent-20210423.745.entry
 60K -rw-r--r-- 1 root root  60K May 19 03:12 packages/dtrt-indent-20210423.745.tar
4.0K -rw-r--r-- 1 root root 1.2K May 19 03:12 packages/dtrt-indent-badge.svg
8.0K -rw-r--r-- 1 root root 5.6K May 19 03:12 packages/dtrt-indent-readme.txt
