Package: dune
Fetcher: github
Source:  https://github.com/ocaml/dune.git

Updating /mnt/store/melpa/working/dune/
Copying files (->) and directories (=>)
  from /mnt/store/melpa/working/dune/
  to /tmp/dune2oHCyx/dune-20210213.757
  ! editor-integration/emacs/dune-flymake.el -> dune-flymake.el
  ! editor-integration/emacs/dune-watch.el -> dune-watch.el
  ! editor-integration/emacs/dune.el -> dune.el
Created dune-20210213.757.tar containing:
  dune-20210213.757/
  dune-20210213.757/dune-flymake.el
  dune-20210213.757/dune-pkg.el
  dune-20210213.757/dune-watch.el
  dune-20210213.757/dune.el
Built dune in 6.083s, finished at Wed May 19 03:12:47 2021
 ✓ Success:
4.0K -rw-r--r-- 1 root root  194 May 19 03:12 packages/dune-20210213.757.entry
 40K -rw-r--r-- 1 root root  40K May 19 03:12 packages/dune-20210213.757.tar
4.0K -rw-r--r-- 1 root root 1.2K May 19 03:12 packages/dune-badge.svg
4.0K -rw-r--r-- 1 root root 2.0K May 19 03:12 packages/dune-format-20210505.108.el
4.0K -rw-r--r-- 1 root root  438 May 19 03:12 packages/dune-format-20210505.108.entry
4.0K -rw-r--r-- 1 root root 1.2K May 19 03:12 packages/dune-format-badge.svg
4.0K -rw-r--r-- 1 root root  335 May 19 03:12 packages/dune-format-readme.txt
4.0K -rw-r--r-- 1 root root  547 May 19 03:12 packages/dune-format.log
4.0K -rw-r--r-- 1 root root  871 May 19 03:12 packages/dune-readme.txt
