Package: dylan
Fetcher: github
Source:  https://github.com/dylan-lang/dylan-emacs-support.git

Updating /mnt/store/melpa/working/dylan/
Checking out origin/HEAD
Checking out d85409dc3cba57a390ca85da95822f8078ecbfa2
Copying files (->) and directories (=>)
  from /mnt/store/melpa/working/dylan/
  to /tmp/dylanEQloEo/dylan-20210613.1431
    dylan-lid.el -> dylan-lid.el
    dylan-opt.el -> dylan-opt.el
    dylan.el -> dylan.el
Created dylan-20210613.1431.tar containing:
  dylan-20210613.1431/
  dylan-20210613.1431/dylan-lid.el
  dylan-20210613.1431/dylan-opt.el
  dylan-20210613.1431/dylan-pkg.el
  dylan-20210613.1431/dylan.el
Built dylan in 4.578s, finished at 2021-08-17T09:35:55+0000
 ✓ Success:
4.0K -rw-r--r-- 1 root root  177 Aug 17 09:35 packages/dylan-20210613.1431.entry
 92K -rw-r--r-- 1 root root  90K Aug 17 09:35 packages/dylan-20210613.1431.tar
4.0K -rw-r--r-- 1 root root 1.2K Aug 17 09:35 packages/dylan-badge.svg
4.0K -rw-r--r-- 1 root root 1.2K Mar 14 04:55 packages/dylan-mode-badge.svg
4.0K -rw-r--r-- 1 root root 1.2K Mar 14 04:55 packages/dylan-mode-readme.txt
4.0K -rw-r--r-- 1 root root  607 Mar 19 18:51 packages/dylan-mode.log
4.0K -rw-r--r-- 1 root root  246 Aug 17 09:35 packages/dylan-readme.txt
