Package: dyncloze
Fetcher: github
Source:  https://github.com/ahyatt/emacs-dyncloze.git

Updating /mnt/store/melpa/working/dyncloze/
Checking out origin/HEAD
Checking out aafc5adc25c7f714b619109bccf92e475d6c84ef
Copying files (->) and directories (=>)
  from /mnt/store/melpa/working/dyncloze/
  to /tmp/dynclozeRy4FQN/dyncloze-20210712.145
    dyncloze-es.el -> dyncloze-es.el
    dyncloze-pt.el -> dyncloze-pt.el
    dyncloze.el -> dyncloze.el
Created dyncloze-20210712.145.tar containing:
  dyncloze-20210712.145/
  dyncloze-20210712.145/dyncloze-es.el
  dyncloze-20210712.145/dyncloze-pkg.el
  dyncloze-20210712.145/dyncloze-pt.el
  dyncloze-20210712.145/dyncloze.el
Built dyncloze in 4.388s, finished at 2021-08-17T09:35:58+0000
 ✓ Success:
4.0K -rw-r--r-- 1 root root  363 Aug 17 09:35 packages/dyncloze-20210712.145.entry
 20K -rw-r--r-- 1 root root  20K Aug 17 09:35 packages/dyncloze-20210712.145.tar
4.0K -rw-r--r-- 1 root root 1.2K Aug 17 09:35 packages/dyncloze-badge.svg
4.0K -rw-r--r-- 1 root root  473 Aug 17 09:35 packages/dyncloze-readme.txt
