Package: easy-kill-extras
Fetcher: github
Source:  https://github.com/knu/easy-kill-extras.el.git

Updating /mnt/store/melpa/working/easy-kill-extras/
Copying files (->) and directories (=>)
  from /mnt/store/melpa/working/easy-kill-extras/
  to /tmp/easy-kill-extrasHpbxtq/easy-kill-extras-20180920.1334
    easy-kill-aj.el -> easy-kill-aj.el
    easy-kill-buffer.el -> easy-kill-buffer.el
    easy-kill-er.el -> easy-kill-er.el
    easy-kill-extras.el -> easy-kill-extras.el
    easy-kill-line-edge.el -> easy-kill-line-edge.el
    easy-kill-mc.el -> easy-kill-mc.el
    easy-kill-to-char.el -> easy-kill-to-char.el
Created easy-kill-extras-20180920.1334.tar containing:
  easy-kill-extras-20180920.1334/
  easy-kill-extras-20180920.1334/easy-kill-aj.el
  easy-kill-extras-20180920.1334/easy-kill-buffer.el
  easy-kill-extras-20180920.1334/easy-kill-er.el
  easy-kill-extras-20180920.1334/easy-kill-extras-pkg.el
  easy-kill-extras-20180920.1334/easy-kill-extras.el
  easy-kill-extras-20180920.1334/easy-kill-line-edge.el
  easy-kill-extras-20180920.1334/easy-kill-mc.el
  easy-kill-extras-20180920.1334/easy-kill-to-char.el
Built easy-kill-extras in 7.900s, finished at Wed May 19 03:13:21 2021
 ✓ Success:
4.0K -rw-r--r-- 1 root root  403 May 19 03:13 packages/easy-kill-extras-20180920.1334.entry
 52K -rw-r--r-- 1 root root  50K May 19 03:13 packages/easy-kill-extras-20180920.1334.tar
4.0K -rw-r--r-- 1 root root 1.2K May 19 03:13 packages/easy-kill-extras-badge.svg
4.0K -rw-r--r-- 1 root root 2.5K May 19 03:13 packages/easy-kill-extras-readme.txt
