Package: ebib
Fetcher: github
Source:  https://github.com/joostkremers/ebib.git

Updating /mnt/store/melpa/working/ebib/
Checking out origin/HEAD
Checking out 831ffcca35601e169c0778035688c5d17d138b58
Copying files (->) and directories (=>)
  from /mnt/store/melpa/working/ebib/
  to /tmp/ebiblL5mwG/ebib-20210809.1349
    ebib-biblio.el -> ebib-biblio.el
    ebib-db.el -> ebib-db.el
    ebib-filters.el -> ebib-filters.el
    ebib-keywords.el -> ebib-keywords.el
    ebib-notes.el -> ebib-notes.el
    ebib-reading-list.el -> ebib-reading-list.el
    ebib-utils.el -> ebib-utils.el
    ebib.el -> ebib.el
    org-ebib.el -> org-ebib.el
    ebib.info -> ebib.info
Created ebib-20210809.1349.tar containing:
  ebib-20210809.1349/
  ebib-20210809.1349/dir
  ebib-20210809.1349/ebib-biblio.el
  ebib-20210809.1349/ebib-db.el
  ebib-20210809.1349/ebib-filters.el
  ebib-20210809.1349/ebib-keywords.el
  ebib-20210809.1349/ebib-notes.el
  ebib-20210809.1349/ebib-pkg.el
  ebib-20210809.1349/ebib-reading-list.el
  ebib-20210809.1349/ebib-utils.el
  ebib-20210809.1349/ebib.el
  ebib-20210809.1349/ebib.info
  ebib-20210809.1349/org-ebib.el
Built ebib in 8.849s, finished at 2021-08-17T09:36:27+0000
 ✓ Success:
4.0K -rw-r--r-- 1 root root  380 Aug 17 09:36 packages/ebib-20210809.1349.entry
580K -rw-r--r-- 1 root root 580K Aug 17 09:36 packages/ebib-20210809.1349.tar
4.0K -rw-r--r-- 1 root root 1.2K Aug 17 09:36 packages/ebib-badge.svg
4.0K -rw-r--r-- 1 root root  540 Aug 17 09:36 packages/ebib-readme.txt
