Package: ecukes
Fetcher: github
Source:  https://github.com/ecukes/ecukes.git

Updating /mnt/store/melpa/working/ecukes/
Checking out origin/HEAD
Checking out d173cdf487bc2c62305e2232db96290bc021950f
Copying files (->) and directories (=>)
  from /mnt/store/melpa/working/ecukes/
  to /tmp/ecukesbvpEIL/ecukes-20210202.1241
    ecukes-byte-compile.el -> ecukes-byte-compile.el
    ecukes-cli.el -> ecukes-cli.el
    ecukes-core.el -> ecukes-core.el
    ecukes-def.el -> ecukes-def.el
    ecukes-helpers.el -> ecukes-helpers.el
    ecukes-hooks.el -> ecukes-hooks.el
    ecukes-load.el -> ecukes-load.el
    ecukes-new.el -> ecukes-new.el
    ecukes-parse.el -> ecukes-parse.el
    ecukes-pkg.el -> ecukes-pkg.el
    ecukes-project.el -> ecukes-project.el
    ecukes-reporter.el -> ecukes-reporter.el
    ecukes-run.el -> ecukes-run.el
    ecukes-stats.el -> ecukes-stats.el
    ecukes-steps.el -> ecukes-steps.el
    ecukes-template.el -> ecukes-template.el
    ecukes.el -> ecukes.el
    templates => templates
    bin => bin
    reporters => reporters
Created ecukes-20210202.1241.tar containing:
  ecukes-20210202.1241/
  ecukes-20210202.1241/bin/
  ecukes-20210202.1241/bin/ecukes
  ecukes-20210202.1241/ecukes-byte-compile.el
  ecukes-20210202.1241/ecukes-cli.el
  ecukes-20210202.1241/ecukes-core.el
  ecukes-20210202.1241/ecukes-def.el
  ecukes-20210202.1241/ecukes-helpers.el
  ecukes-20210202.1241/ecukes-hooks.el
  ecukes-20210202.1241/ecukes-load.el
  ecukes-20210202.1241/ecukes-new.el
  ecukes-20210202.1241/ecukes-parse.el
  ecukes-20210202.1241/ecukes-pkg.el
  ecukes-20210202.1241/ecukes-project.el
  ecukes-20210202.1241/ecukes-reporter.el
  ecukes-20210202.1241/ecukes-run.el
  ecukes-20210202.1241/ecukes-stats.el
  ecukes-20210202.1241/ecukes-steps.el
  ecukes-20210202.1241/ecukes-template.el
  ecukes-20210202.1241/ecukes.el
  ecukes-20210202.1241/reporters/
  ecukes-20210202.1241/reporters/ecukes-reporter-dot.el
  ecukes-20210202.1241/reporters/ecukes-reporter-landing.el
  ecukes-20210202.1241/reporters/ecukes-reporter-magnars.el
  ecukes-20210202.1241/reporters/ecukes-reporter-progress.el
  ecukes-20210202.1241/reporters/ecukes-reporter-spec.el
  ecukes-20210202.1241/templates/
  ecukes-20210202.1241/templates/env.tpl
  ecukes-20210202.1241/templates/feature.tpl
  ecukes-20210202.1241/templates/missing-step.tpl
  ecukes-20210202.1241/templates/step-definition.tpl
Built ecukes in 9.021s, finished at 2021-08-17T09:36:30+0000
 ✓ Success:
4.0K -rw-r--r-- 1 root root  252 Aug 17 09:36 packages/ecukes-20210202.1241.entry
112K -rw-r--r-- 1 root root 110K Aug 17 09:36 packages/ecukes-20210202.1241.tar
4.0K -rw-r--r-- 1 root root 1.2K Aug 17 09:36 packages/ecukes-badge.svg
