Package: edbi
Fetcher: github
Source:  https://github.com/kiwanami/emacs-edbi.git

Updating /mnt/store/melpa/working/edbi/
Checking out origin/HEAD
Checking out 6f50aaf4bde75255221f2292c7a4ad3fa9d918c0
Copying files (->) and directories (=>)
  from /mnt/store/melpa/working/edbi/
  to /tmp/edbiMv9a0l/edbi-20160225.141
    edbi-pkg.el -> edbi-pkg.el
    edbi.el -> edbi.el
    edbi-bridge.pl -> edbi-bridge.pl
Created edbi-20160225.141.tar containing:
  edbi-20160225.141/
  edbi-20160225.141/edbi-bridge.pl
  edbi-20160225.141/edbi-pkg.el
  edbi-20160225.141/edbi.el
Built edbi in 9.008s, finished at 2021-08-17T09:36:31+0000
 ✓ Success:
4.0K -rw-r--r-- 1 root root  407 Aug 17 09:36 packages/edbi-20160225.141.entry
100K -rw-r--r-- 1 root root 100K Aug 17 09:36 packages/edbi-20160225.141.tar
4.0K -rw-r--r-- 1 root root 1.2K Aug 17 09:36 packages/edbi-badge.svg
4.0K -rw-r--r-- 1 root root  969 Feb  2  2020 packages/edbi-database-url-badge.svg
4.0K -rw-r--r-- 1 root root   33 Feb  2  2020 packages/edbi-database-url-readme.txt
4.0K -rw-r--r-- 1 root root  969 Feb  2  2020 packages/edbi-django-badge.svg
4.0K -rw-r--r-- 1 root root   33 Feb  2  2020 packages/edbi-django-readme.txt
4.0K -rw-r--r-- 1 root root  969 Feb  2  2020 packages/edbi-minor-mode-badge.svg
4.0K -rw-r--r-- 1 root root   33 Feb  2  2020 packages/edbi-minor-mode-readme.txt
4.0K -rw-r--r-- 1 root root 2.0K Aug 17 09:36 packages/edbi-readme.txt
4.0K -rw-r--r-- 1 root root  969 Feb  2  2020 packages/edbi-sqlite-badge.svg
4.0K -rw-r--r-- 1 root root   33 Feb  2  2020 packages/edbi-sqlite-readme.txt
