Package: egison-mode
Fetcher: github
Source:  https://github.com/egison/egison.git

Updating /mnt/store/melpa/working/egison-mode/
Copying files (->) and directories (=>)
  from /mnt/store/melpa/working/egison-mode/
  to /tmp/egison-modedYItgc/egison-mode-20200107.2333
  ! elisp/egison-mode.el -> egison-mode.el
  ! elisp/s-egison-mode.el -> s-egison-mode.el
Created egison-mode-20200107.2333.tar containing:
  egison-mode-20200107.2333/
  egison-mode-20200107.2333/egison-mode-pkg.el
  egison-mode-20200107.2333/egison-mode.el
  egison-mode-20200107.2333/s-egison-mode.el
Built egison-mode in 4.639s, finished at Wed May 19 03:14:10 2021
 ✓ Success:
4.0K -rw-r--r-- 1 root root  354 May 19 03:14 packages/egison-mode-20200107.2333.entry
 20K -rw-r--r-- 1 root root  20K May 19 03:14 packages/egison-mode-20200107.2333.tar
4.0K -rw-r--r-- 1 root root 1.2K May 19 03:14 packages/egison-mode-badge.svg
4.0K -rw-r--r-- 1 root root  267 May 19 03:14 packages/egison-mode-readme.txt
