Package: eglot-jl
Fetcher: github
Source:  https://github.com/non-Jedi/eglot-jl.git

Updating /mnt/store/melpa/working/eglot-jl/
Copying files (->) and directories (=>)
  from /mnt/store/melpa/working/eglot-jl/
  to /tmp/eglot-jlNDZoAx/eglot-jl-20210415.1207
    eglot-jl.el -> eglot-jl.el
    eglot-jl.jl -> eglot-jl.jl
    Manifest.toml -> Manifest.toml
    Project.toml -> Project.toml
Created eglot-jl-20210415.1207.tar containing:
  eglot-jl-20210415.1207/
  eglot-jl-20210415.1207/Manifest.toml
  eglot-jl-20210415.1207/Project.toml
  eglot-jl-20210415.1207/eglot-jl-pkg.el
  eglot-jl-20210415.1207/eglot-jl.el
  eglot-jl-20210415.1207/eglot-jl.jl
Built eglot-jl in 4.488s, finished at Wed May 19 03:14:13 2021
 ✓ Success:
4.0K -rw-r--r-- 1 root root  446 May 19 03:14 packages/eglot-jl-20210415.1207.entry
 20K -rw-r--r-- 1 root root  20K May 19 03:14 packages/eglot-jl-20210415.1207.tar
4.0K -rw-r--r-- 1 root root 1.2K May 19 03:14 packages/eglot-jl-badge.svg
4.0K -rw-r--r-- 1 root root  332 May 19 03:14 packages/eglot-jl-readme.txt
