Package: el-autoyas
Fetcher: github
Source:  https://github.com/mattfidler/el-autoyas.el.git

Updating /mnt/store/melpa/working/el-autoyas/
Checking out origin/HEAD
Checking out bde0251ecb504f585dfa27c205c8e312655310cc
Copying files (->) and directories (=>)
  from /mnt/store/melpa/working/el-autoyas/
  to /tmp/el-autoyas1mRxYe/el-autoyas-20120918.1317
    el-autoyas.el -> el-autoyas.el
    el-autoyas.texi -> el-autoyas.texi
Error: (error "Command '(env LC_ALL=C makeinfo /mnt/store/melpa/working/el-autoyas/el-autoyas.texi -o /tmp/el-autoyas1mRxYe/el-autoyas-20120918.1317/el-autoyas.info)' exited with non-zero status 1: Fetching origin
origin/HEAD set to master
HEAD is now at bde0251 Tested with 0.6.  Bug fixes applied.
HEAD is now at bde0251 Tested with 0.6.  Bug fixes applied.
/mnt/store/melpa/working/el-autoyas/el-autoyas.texi:76: @node `Hook run on package load' previously defined
/mnt/store/melpa/working/el-autoyas/el-autoyas.texi:66: here is the previous definition as @node
/mnt/store/melpa/working/el-autoyas/el-autoyas.texi:80: @node `yas-backward-compatability' previously defined
/mnt/store/melpa/working/el-autoyas/el-autoyas.texi:70: here is the previous definition as @node
/mnt/store/melpa/working/el-autoyas/el-autoyas.texi:86: @node `Hook run on package load' previously defined
/mnt/store/melpa/working/el-autoyas/el-autoyas.texi:66: here is the previous definition as @node
/mnt/store/melpa/working/el-autoyas/el-autoyas.texi:90: @node `yas-backward-compatability' previously defined
/mnt/store/melpa/working/el-autoyas/el-autoyas.texi:70: here is the previous definition as @node
/mnt/store/melpa/working/el-autoyas/el-autoyas.texi:96: @node `Hook run on package load' previously defined
/mnt/store/melpa/working/el-autoyas/el-autoyas.texi:66: here is the previous definition as @node
/mnt/store/melpa/working/el-autoyas/el-autoyas.texi:100: @node `yas-backward-compatability' previously defined
/mnt/store/melpa/working/el-autoyas/el-autoyas.texi:70: here is the previous definition as @node
/mnt/store/melpa/working/el-autoyas/el-autoyas.texi:106: @node `Hook run on package load' previously defined
/mnt/store/melpa/working/el-autoyas/el-autoyas.texi:66: here is the previous definition as @node
/mnt/store/melpa/working/el-autoyas/el-autoyas.texi:110: @node `yas-backward-compatability' previously defined
/mnt/store/melpa/working/el-autoyas/el-autoyas.texi:70: here is the previous definition as @node
/mnt/store/melpa/working/el-autoyas/el-autoyas.texi:116: @node `Hook run on package load' previously defined
/mnt/store/melpa/working/el-autoyas/el-autoyas.texi:66: here is the previous definition as @node
/mnt/store/melpa/working/el-autoyas/el-autoyas.texi:120: @node `yas-backward-compatability' previously defined
/mnt/store/melpa/working/el-autoyas/el-autoyas.texi:70: here is the previous definition as @node
/mnt/store/melpa/working/el-autoyas/el-autoyas.texi:71: raising the section level of @subsubsection which is too low
/mnt/store/melpa/working/el-autoyas/el-autoyas.texi:81: raising the section level of @subsubsection which is too low
/mnt/store/melpa/working/el-autoyas/el-autoyas.texi:91: raising the section level of @subsubsection which is too low
/mnt/store/melpa/working/el-autoyas/el-autoyas.texi:101: raising the section level of @subsubsection which is too low
/mnt/store/melpa/working/el-autoyas/el-autoyas.texi:111: raising the section level of @subsubsection which is too low
/mnt/store/melpa/working/el-autoyas/el-autoyas.texi:121: raising the section level of @subsubsection which is too low
/mnt/store/melpa/working/el-autoyas/el-autoyas.texi:66: warning: node next `Hook run on package load' in menu `History' and in sectioning `' differ
/mnt/store/melpa/working/el-autoyas/el-autoyas.texi:66: warning: node prev `Hook run on package load' in menu `Hook run on package load' and in sectioning `About' differ
/mnt/store/melpa/working/el-autoyas/el-autoyas.texi:126: warning: node prev `History' in menu `Hook run on package load' and in sectioning `' differ
")
Created /tmp/el-autoyas1mRxYe/el-autoyas-20120918.1317/el-autoyas.info
Error: (error "Command '(env LC_ALL=C install-info --dir=dir /tmp/el-autoyas1mRxYe/el-autoyas-20120918.1317/el-autoyas.info)' exited with non-zero status 1: Fetching origin
origin/HEAD set to master
HEAD is now at bde0251 Tested with 0.6.  Bug fixes applied.
HEAD is now at bde0251 Tested with 0.6.  Bug fixes applied.
/mnt/store/melpa/working/el-autoyas/el-autoyas.texi:76: @node `Hook run on package load' previously defined
/mnt/store/melpa/working/el-autoyas/el-autoyas.texi:66: here is the previous definition as @node
/mnt/store/melpa/working/el-autoyas/el-autoyas.texi:80: @node `yas-backward-compatability' previously defined
/mnt/store/melpa/working/el-autoyas/el-autoyas.texi:70: here is the previous definition as @node
/mnt/store/melpa/working/el-autoyas/el-autoyas.texi:86: @node `Hook run on package load' previously defined
/mnt/store/melpa/working/el-autoyas/el-autoyas.texi:66: here is the previous definition as @node
/mnt/store/melpa/working/el-autoyas/el-autoyas.texi:90: @node `yas-backward-compatability' previously defined
/mnt/store/melpa/working/el-autoyas/el-autoyas.texi:70: here is the previous definition as @node
/mnt/store/melpa/working/el-autoyas/el-autoyas.texi:96: @node `Hook run on package load' previously defined
/mnt/store/melpa/working/el-autoyas/el-autoyas.texi:66: here is the previous definition as @node
/mnt/store/melpa/working/el-autoyas/el-autoyas.texi:100: @node `yas-backward-compatability' previously defined
/mnt/store/melpa/working/el-autoyas/el-autoyas.texi:70: here is the previous definition as @node
/mnt/store/melpa/working/el-autoyas/el-autoyas.texi:106: @node `Hook run on package load' previously defined
/mnt/store/melpa/working/el-autoyas/el-autoyas.texi:66: here is the previous definition as @node
/mnt/store/melpa/working/el-autoyas/el-autoyas.texi:110: @node `yas-backward-compatability' previously defined
/mnt/store/melpa/working/el-autoyas/el-autoyas.texi:70: here is the previous definition as @node
/mnt/store/melpa/working/el-autoyas/el-autoyas.texi:116: @node `Hook run on package load' previously defined
/mnt/store/melpa/working/el-autoyas/el-autoyas.texi:66: here is the previous definition as @node
/mnt/store/melpa/working/el-autoyas/el-autoyas.texi:120: @node `yas-backward-compatability' previously defined
/mnt/store/melpa/working/el-autoyas/el-autoyas.texi:70: here is the previous definition as @node
/mnt/store/melpa/working/el-autoyas/el-autoyas.texi:71: raising the section level of @subsubsection which is too low
/mnt/store/melpa/working/el-autoyas/el-autoyas.texi:81: raising the section level of @subsubsection which is too low
/mnt/store/melpa/working/el-autoyas/el-autoyas.texi:91: raising the section level of @subsubsection which is too low
/mnt/store/melpa/working/el-autoyas/el-autoyas.texi:101: raising the section level of @subsubsection which is too low
/mnt/store/melpa/working/el-autoyas/el-autoyas.texi:111: raising the section level of @subsubsection which is too low
/mnt/store/melpa/working/el-autoyas/el-autoyas.texi:121: raising the section level of @subsubsection which is too low
/mnt/store/melpa/working/el-autoyas/el-autoyas.texi:66: warning: node next `Hook run on package load' in menu `History' and in sectioning `' differ
/mnt/store/melpa/working/el-autoyas/el-autoyas.texi:66: warning: node prev `Hook run on package load' in menu `Hook run on package load' and in sectioning `About' differ
/mnt/store/melpa/working/el-autoyas/el-autoyas.texi:126: warning: node prev `History' in menu `Hook run on package load' and in sectioning `' differ
install-info: No such file or directory for /tmp/el-autoyas1mRxYe/el-autoyas-20120918.1317/el-autoyas.info
")
Created el-autoyas-20120918.1317.tar containing:
  el-autoyas-20120918.1317/
  el-autoyas-20120918.1317/dir
  el-autoyas-20120918.1317/el-autoyas-pkg.el
  el-autoyas-20120918.1317/el-autoyas.el
Built el-autoyas in 7.302s, finished at 2021-08-17T09:37:28+0000
 ✓ Success:
4.0K -rw-r--r-- 1 root root  362 Aug 17 09:37 packages/el-autoyas-20120918.1317.entry
 32K -rw-r--r-- 1 root root  30K Aug 17 09:37 packages/el-autoyas-20120918.1317.tar
4.0K -rw-r--r-- 1 root root 1.2K Aug 17 09:37 packages/el-autoyas-badge.svg
8.0K -rw-r--r-- 1 root root 4.4K Aug 17 09:37 packages/el-autoyas-readme.txt
