Package: el-get
Fetcher: github
Source:  https://github.com/dimitri/el-get.git

Updating /mnt/store/melpa/working/el-get/
Copying files (->) and directories (=>)
  from /mnt/store/melpa/working/el-get/
  to /tmp/el-getHTxl5K/el-get-20200912.1653
    .dir-locals.el -> .dir-locals.el
    el-get-autoloading.el -> el-get-autoloading.el
    el-get-build.el -> el-get-build.el
    el-get-bundle.el -> el-get-bundle.el
    el-get-byte-compile.el -> el-get-byte-compile.el
    el-get-check.el -> el-get-check.el
    el-get-core.el -> el-get-core.el
    el-get-custom.el -> el-get-custom.el
    el-get-dependencies.el -> el-get-dependencies.el
    el-get-install.el -> el-get-install.el
    el-get-list-packages.el -> el-get-list-packages.el
    el-get-methods.el -> el-get-methods.el
    el-get-notify.el -> el-get-notify.el
    el-get-recipes.el -> el-get-recipes.el
    el-get-status.el -> el-get-status.el
    el-get.el -> el-get.el
    recipes/el-get.rcp -> recipes/el-get.rcp
    methods => methods
Created el-get-20200912.1653.tar containing:
  el-get-20200912.1653/
  el-get-20200912.1653/.dir-locals.el
  el-get-20200912.1653/el-get-autoloading.el
  el-get-20200912.1653/el-get-build.el
  el-get-20200912.1653/el-get-bundle.el
  el-get-20200912.1653/el-get-byte-compile.el
  el-get-20200912.1653/el-get-check.el
  el-get-20200912.1653/el-get-core.el
  el-get-20200912.1653/el-get-custom.el
  el-get-20200912.1653/el-get-dependencies.el
  el-get-20200912.1653/el-get-install.el
  el-get-20200912.1653/el-get-list-packages.el
  el-get-20200912.1653/el-get-methods.el
  el-get-20200912.1653/el-get-notify.el
  el-get-20200912.1653/el-get-pkg.el
  el-get-20200912.1653/el-get-recipes.el
  el-get-20200912.1653/el-get-status.el
  el-get-20200912.1653/el-get.el
  el-get-20200912.1653/methods/
  el-get-20200912.1653/methods/el-get-apt-get.el
  el-get-20200912.1653/methods/el-get-brew.el
  el-get-20200912.1653/methods/el-get-builtin.el
  el-get-20200912.1653/methods/el-get-bzr.el
  el-get-20200912.1653/methods/el-get-cvs.el
  el-get-20200912.1653/methods/el-get-darcs.el
  el-get-20200912.1653/methods/el-get-elpa.el
  el-get-20200912.1653/methods/el-get-emacsmirror.el
  el-get-20200912.1653/methods/el-get-emacswiki.el
  el-get-20200912.1653/methods/el-get-fink.el
  el-get-20200912.1653/methods/el-get-fossil.el
  el-get-20200912.1653/methods/el-get-git-svn.el
  el-get-20200912.1653/methods/el-get-git.el
  el-get-20200912.1653/methods/el-get-github-tar.el
  el-get-20200912.1653/methods/el-get-github-zip.el
  el-get-20200912.1653/methods/el-get-github.el
  el-get-20200912.1653/methods/el-get-go.el
  el-get-20200912.1653/methods/el-get-hg.el
  el-get-20200912.1653/methods/el-get-http-tar.el
  el-get-20200912.1653/methods/el-get-http-zip.el
  el-get-20200912.1653/methods/el-get-http.el
  el-get-20200912.1653/methods/el-get-pacman.el
  el-get-20200912.1653/methods/el-get-svn.el
  el-get-20200912.1653/recipes/
  el-get-20200912.1653/recipes/el-get.rcp
Built el-get in 6.499s, finished at Wed May 19 03:14:26 2021
 ✓ Success:
4.0K -rw-r--r-- 1 root root  487 May 19 03:14 packages/el-get-20200912.1653.entry
340K -rw-r--r-- 1 root root 340K May 19 03:14 packages/el-get-20200912.1653.tar
4.0K -rw-r--r-- 1 root root 1.2K May 19 03:14 packages/el-get-badge.svg
4.0K -rw-r--r-- 1 root root  689 May 19 03:14 packages/el-get-readme.txt
