Package: el-x
Fetcher: github
Source:  https://github.com/sigma/el-x.git

Updating /mnt/store/melpa/working/el-x/
Copying files (->) and directories (=>)
  from /mnt/store/melpa/working/el-x/
  to /tmp/el-xG9NKXh/el-x-20140111.2201
  ! lisp/dflet.el -> dflet.el
  ! lisp/el-x.el -> el-x.el
  ! lisp/subr-compat.el -> subr-compat.el
Created el-x-20140111.2201.tar containing:
  el-x-20140111.2201/
  el-x-20140111.2201/dflet.el
  el-x-20140111.2201/el-x-pkg.el
  el-x-20140111.2201/el-x.el
  el-x-20140111.2201/subr-compat.el
Built el-x in 3.859s, finished at Sat May  8 16:12:45 2021
 ✓ Success:
4.0K -rw-r--r-- 1 root root  294 May  8 16:12 packages/el-x-20140111.2201.entry
 20K -rw-r--r-- 1 root root  20K May  8 16:12 packages/el-x-20140111.2201.tar
4.0K -rw-r--r-- 1 root root 1.2K May  8 16:12 packages/el-x-badge.svg
4.0K -rw-r--r-- 1 root root   46 May  8 16:12 packages/el-x-readme.txt
