Package: elcontext
Fetcher: github
Source:  https://github.com/rollacaster/elcontext.git

Updating /mnt/store/melpa/working/elcontext/
Copying files (->) and directories (=>)
  from /mnt/store/melpa/working/elcontext/
  to /tmp/elcontextqkFuoa/elcontext-20210109.1238
    elcontext-action.el -> elcontext-action.el
    elcontext-directory.el -> elcontext-directory.el
    elcontext-location.el -> elcontext-location.el
    elcontext-time.el -> elcontext-time.el
    elcontext-utils.el -> elcontext-utils.el
    elcontext.el -> elcontext.el
Created elcontext-20210109.1238.tar containing:
  elcontext-20210109.1238/
  elcontext-20210109.1238/elcontext-action.el
  elcontext-20210109.1238/elcontext-directory.el
  elcontext-20210109.1238/elcontext-location.el
  elcontext-20210109.1238/elcontext-pkg.el
  elcontext-20210109.1238/elcontext-time.el
  elcontext-20210109.1238/elcontext-utils.el
  elcontext-20210109.1238/elcontext.el
Built elcontext in 5.207s, finished at Wed May 19 03:14:36 2021
 ✓ Success:
4.0K -rw-r--r-- 1 root root  490 May 19 03:14 packages/elcontext-20210109.1238.entry
 40K -rw-r--r-- 1 root root  40K May 19 03:14 packages/elcontext-20210109.1238.tar
4.0K -rw-r--r-- 1 root root 1.2K May 19 03:14 packages/elcontext-badge.svg
4.0K -rw-r--r-- 1 root root  393 May 19 03:14 packages/elcontext-readme.txt
