Package: eldoc-stan
Fetcher: github
Source:  https://github.com/stan-dev/stan-mode.git

Updating /mnt/store/melpa/working/eldoc-stan/
Copying files (->) and directories (=>)
  from /mnt/store/melpa/working/eldoc-stan/
  to /tmp/eldoc-stanFAgjW4/eldoc-stan-20210130.1325
  ! eldoc-stan/eldoc-stan.el -> eldoc-stan.el
  ! eldoc-stan/eldoc-stan.json -> eldoc-stan.json
Created eldoc-stan-20210130.1325.tar containing:
  eldoc-stan-20210130.1325/
  eldoc-stan-20210130.1325/eldoc-stan-pkg.el
  eldoc-stan-20210130.1325/eldoc-stan.el
  eldoc-stan-20210130.1325/eldoc-stan.json
Built eldoc-stan in 6.156s, finished at Wed May 19 03:14:46 2021
 ✓ Success:
4.0K -rw-r--r-- 1 root root  477 May 19 03:14 packages/eldoc-stan-20210130.1325.entry
 52K -rw-r--r-- 1 root root  50K May 19 03:14 packages/eldoc-stan-20210130.1325.tar
4.0K -rw-r--r-- 1 root root 1.2K May 19 03:14 packages/eldoc-stan-badge.svg
4.0K -rw-r--r-- 1 root root 1.4K May 19 03:14 packages/eldoc-stan-readme.txt
