Package: elfeed-web
Fetcher: github
Source:  https://github.com/skeeto/elfeed.git

Updating /mnt/store/melpa/working/elfeed-web/
Copying files (->) and directories (=>)
  from /mnt/store/melpa/working/elfeed-web/
  to /tmp/elfeed-webqRiHJ0/elfeed-web-20210226.258
  ! web/elfeed-web-pkg.el -> elfeed-web-pkg.el
  ! web/elfeed-web.el -> elfeed-web.el
  ! web/elfeed.css -> elfeed.css
  ! web/elfeed.js -> elfeed.js
  ! web/index.html -> index.html
Created elfeed-web-20210226.258.tar containing:
  elfeed-web-20210226.258/
  elfeed-web-20210226.258/elfeed-web-pkg.el
  elfeed-web-20210226.258/elfeed-web.el
  elfeed-web-20210226.258/elfeed.css
  elfeed-web-20210226.258/elfeed.js
  elfeed-web-20210226.258/index.html
Built elfeed-web in 5.882s, finished at Wed May 19 03:15:03 2021
 ✓ Success:
4.0K -rw-r--r-- 1 root root  437 May 19 03:15 packages/elfeed-web-20210226.258.entry
 20K -rw-r--r-- 1 root root  20K May 19 03:15 packages/elfeed-web-20210226.258.tar
4.0K -rw-r--r-- 1 root root 1.2K May 19 03:15 packages/elfeed-web-badge.svg
4.0K -rw-r--r-- 1 root root 1.2K May 19 03:15 packages/elfeed-web-readme.txt
