Package: elfeed
Fetcher: github
Source:  https://github.com/skeeto/elfeed.git

Updating /mnt/store/melpa/working/elfeed/
Copying files (->) and directories (=>)
  from /mnt/store/melpa/working/elfeed/
  to /tmp/elfeedpK0lab/elfeed-20210309.2323
    elfeed-csv.el -> elfeed-csv.el
    elfeed-curl.el -> elfeed-curl.el
    elfeed-db.el -> elfeed-db.el
    elfeed-lib.el -> elfeed-lib.el
    elfeed-link.el -> elfeed-link.el
    elfeed-log.el -> elfeed-log.el
    elfeed-pkg.el -> elfeed-pkg.el
    elfeed-search.el -> elfeed-search.el
    elfeed-show.el -> elfeed-show.el
    elfeed.el -> elfeed.el
    xml-query.el -> xml-query.el
Created elfeed-20210309.2323.tar containing:
  elfeed-20210309.2323/
  elfeed-20210309.2323/elfeed-csv.el
  elfeed-20210309.2323/elfeed-curl.el
  elfeed-20210309.2323/elfeed-db.el
  elfeed-20210309.2323/elfeed-lib.el
  elfeed-20210309.2323/elfeed-link.el
  elfeed-20210309.2323/elfeed-log.el
  elfeed-20210309.2323/elfeed-pkg.el
  elfeed-20210309.2323/elfeed-search.el
  elfeed-20210309.2323/elfeed-show.el
  elfeed-20210309.2323/elfeed.el
  elfeed-20210309.2323/xml-query.el
Built elfeed in 5.554s, finished at Wed May 19 03:14:56 2021
 ✓ Success:
4.0K -rw-r--r-- 1 root root  334 May 19 03:14 packages/elfeed-20210309.2323.entry
180K -rw-r--r-- 1 root root 180K May 19 03:14 packages/elfeed-20210309.2323.tar
4.0K -rw-r--r-- 1 root root 1.2K May 19 03:14 packages/elfeed-badge.svg
8.0K -rw-r--r-- 1 root root 5.8K May 19 00:00 packages/elfeed-dashboard-20201218.347.el
4.0K -rw-r--r-- 1 root root  474 May 19 00:00 packages/elfeed-dashboard-20201218.347.entry
4.0K -rw-r--r-- 1 root root 1.2K May 19 00:00 packages/elfeed-dashboard-badge.svg
4.0K -rw-r--r-- 1 root root  130 May 19 00:00 packages/elfeed-dashboard-readme.txt
4.0K -rw-r--r-- 1 root root  153 May 19 03:14 packages/elfeed-dashboard.log
4.0K -rw-r--r-- 1 root root  413 May 19 00:00 packages/elfeed-goodies-20190128.1631.entry
 32K -rw-r--r-- 1 root root  30K May 19 00:00 packages/elfeed-goodies-20190128.1631.tar
4.0K -rw-r--r-- 1 root root 1.2K May 19 00:00 packages/elfeed-goodies-badge.svg
4.0K -rw-r--r-- 1 root root  298 May 19 00:00 packages/elfeed-goodies-readme.txt
4.0K -rw-r--r-- 1 root root  147 May 19 03:14 packages/elfeed-goodies.log
 20K -rw-r--r-- 1 root root  17K May 19 00:00 packages/elfeed-org-20210510.1219.el
4.0K -rw-r--r-- 1 root root  522 May 19 00:00 packages/elfeed-org-20210510.1219.entry
4.0K -rw-r--r-- 1 root root 1.2K May 19 00:00 packages/elfeed-org-badge.svg
4.0K -rw-r--r-- 1 root root  466 May 19 00:00 packages/elfeed-org-readme.txt
4.0K -rw-r--r-- 1 root root  136 May 19 03:14 packages/elfeed-org.log
4.0K -rw-r--r-- 1 root root  455 May 19 00:00 packages/elfeed-protocol-20210430.846.entry
160K -rw-r--r-- 1 root root 160K May 19 00:00 packages/elfeed-protocol-20210430.846.tar
4.0K -rw-r--r-- 1 root root 1.2K May 19 00:00 packages/elfeed-protocol-badge.svg
4.0K -rw-r--r-- 1 root root 1.9K May 19 00:00 packages/elfeed-protocol-readme.txt
4.0K -rw-r--r-- 1 root root  149 May 19 03:14 packages/elfeed-protocol.log
4.0K -rw-r--r-- 1 root root   99 May 19 03:14 packages/elfeed-readme.txt
4.0K -rw-r--r-- 1 root root  385 May 19 00:00 packages/elfeed-score-20210429.1337.entry
180K -rw-r--r-- 1 root root 180K May 19 00:00 packages/elfeed-score-20210429.1337.tar
4.0K -rw-r--r-- 1 root root 1.2K May 19 00:00 packages/elfeed-score-badge.svg
4.0K -rw-r--r-- 1 root root  629 May 19 00:00 packages/elfeed-score-readme.txt
4.0K -rw-r--r-- 1 root root  138 May 19 03:14 packages/elfeed-score.log
4.0K -rw-r--r-- 1 root root  437 May 19 00:00 packages/elfeed-web-20210226.258.entry
 20K -rw-r--r-- 1 root root  20K May 19 00:00 packages/elfeed-web-20210226.258.tar
4.0K -rw-r--r-- 1 root root 1.2K May 19 00:00 packages/elfeed-web-badge.svg
4.0K -rw-r--r-- 1 root root 1.2K May 19 00:00 packages/elfeed-web-readme.txt
   0 -rw-r--r-- 1 root root    0 May 19 03:14 packages/elfeed-web.log
