Package: elfeed-goodies
Fetcher: github
Source:  https://github.com/algernon/elfeed-goodies.git

Updating /mnt/store/melpa/working/elfeed-goodies/
Copying files (->) and directories (=>)
  from /mnt/store/melpa/working/elfeed-goodies/
  to /tmp/elfeed-goodies6z3EiY/elfeed-goodies-20190128.1631
    elfeed-goodies-logging.el -> elfeed-goodies-logging.el
    elfeed-goodies-new-entry-hooks.el -> elfeed-goodies-new-entry-hooks.el
    elfeed-goodies-search-mode.el -> elfeed-goodies-search-mode.el
    elfeed-goodies-show-mode.el -> elfeed-goodies-show-mode.el
    elfeed-goodies-split-pane.el -> elfeed-goodies-split-pane.el
    elfeed-goodies.el -> elfeed-goodies.el
Created elfeed-goodies-20190128.1631.tar containing:
  elfeed-goodies-20190128.1631/
  elfeed-goodies-20190128.1631/elfeed-goodies-logging.el
  elfeed-goodies-20190128.1631/elfeed-goodies-new-entry-hooks.el
  elfeed-goodies-20190128.1631/elfeed-goodies-pkg.el
  elfeed-goodies-20190128.1631/elfeed-goodies-search-mode.el
  elfeed-goodies-20190128.1631/elfeed-goodies-show-mode.el
  elfeed-goodies-20190128.1631/elfeed-goodies-split-pane.el
  elfeed-goodies-20190128.1631/elfeed-goodies.el
Built elfeed-goodies in 5.031s, finished at Wed May 19 03:14:58 2021
 ✓ Success:
4.0K -rw-r--r-- 1 root root  413 May 19 03:14 packages/elfeed-goodies-20190128.1631.entry
 32K -rw-r--r-- 1 root root  30K May 19 03:14 packages/elfeed-goodies-20190128.1631.tar
4.0K -rw-r--r-- 1 root root 1.2K May 19 03:14 packages/elfeed-goodies-badge.svg
4.0K -rw-r--r-- 1 root root  298 May 19 03:14 packages/elfeed-goodies-readme.txt
