Package: elfeed-protocol
Fetcher: github
Source:  https://github.com/fasheng/elfeed-protocol.git

Updating /mnt/store/melpa/working/elfeed-protocol/
Checking out origin/HEAD
Checking out 5e17d4280f5f8019c3f8962a710c9b3e633f41ff
Copying files (->) and directories (=>)
  from /mnt/store/melpa/working/elfeed-protocol/
  to /tmp/elfeed-protocolOaU1Py/elfeed-protocol-20210430.846
    elfeed-protocol-common.el -> elfeed-protocol-common.el
    elfeed-protocol-fever.el -> elfeed-protocol-fever.el
    elfeed-protocol-newsblur.el -> elfeed-protocol-newsblur.el
    elfeed-protocol-owncloud.el -> elfeed-protocol-owncloud.el
    elfeed-protocol-ttrss.el -> elfeed-protocol-ttrss.el
    elfeed-protocol.el -> elfeed-protocol.el
Created elfeed-protocol-20210430.846.tar containing:
  elfeed-protocol-20210430.846/
  elfeed-protocol-20210430.846/elfeed-protocol-common.el
  elfeed-protocol-20210430.846/elfeed-protocol-fever.el
  elfeed-protocol-20210430.846/elfeed-protocol-newsblur.el
  elfeed-protocol-20210430.846/elfeed-protocol-owncloud.el
  elfeed-protocol-20210430.846/elfeed-protocol-pkg.el
  elfeed-protocol-20210430.846/elfeed-protocol-ttrss.el
  elfeed-protocol-20210430.846/elfeed-protocol.el
Built elfeed-protocol in 4.691s, finished at 2021-08-17T09:37:59+0000
 ✓ Success:
4.0K -rw-r--r-- 1 root root  455 Aug 17 09:37 packages/elfeed-protocol-20210430.846.entry
160K -rw-r--r-- 1 root root 160K Aug 17 09:37 packages/elfeed-protocol-20210430.846.tar
4.0K -rw-r--r-- 1 root root 1.2K Aug 17 09:37 packages/elfeed-protocol-badge.svg
4.0K -rw-r--r-- 1 root root 1.9K Aug 17 09:37 packages/elfeed-protocol-readme.txt
