Package: elisp-demos
Fetcher: github
Source:  https://github.com/xuchunyang/elisp-demos.git

Updating /mnt/store/melpa/working/elisp-demos/
Copying files (->) and directories (=>)
  from /mnt/store/melpa/working/elisp-demos/
  to /tmp/elisp-demosYY3VvM/elisp-demos-20210312.542
    elisp-demos.el -> elisp-demos.el
    elisp-demos.org -> elisp-demos.org
Created elisp-demos-20210312.542.tar containing:
  elisp-demos-20210312.542/
  elisp-demos-20210312.542/elisp-demos-pkg.el
  elisp-demos-20210312.542/elisp-demos.el
  elisp-demos-20210312.542/elisp-demos.org
Built elisp-demos in 3.855s, finished at Wed May 19 03:15:07 2021
 ✓ Success:
4.0K -rw-r--r-- 1 root root  326 May 19 03:15 packages/elisp-demos-20210312.542.entry
280K -rw-r--r-- 1 root root 280K May 19 03:15 packages/elisp-demos-20210312.542.tar
4.0K -rw-r--r-- 1 root root 1.2K May 19 03:15 packages/elisp-demos-badge.svg
4.0K -rw-r--r-- 1 root root   16 May 19 03:15 packages/elisp-demos-readme.txt
