Package: elixir-mode
Fetcher: github
Source:  https://github.com/elixir-editors/emacs-elixir.git

Updating /mnt/store/melpa/working/elixir-mode/
Checking out origin/HEAD
Checking out 6bbc1e5ac46064613c982cedc60566ed077e7a58
Copying files (->) and directories (=>)
  from /mnt/store/melpa/working/elixir-mode/
  to /tmp/elixir-modeHWKbjh/elixir-mode-20210509.2353
    elixir-format.el -> elixir-format.el
    elixir-mode.el -> elixir-mode.el
    elixir-smie.el -> elixir-smie.el
Created elixir-mode-20210509.2353.tar containing:
  elixir-mode-20210509.2353/
  elixir-mode-20210509.2353/elixir-format.el
  elixir-mode-20210509.2353/elixir-mode-pkg.el
  elixir-mode-20210509.2353/elixir-mode.el
  elixir-mode-20210509.2353/elixir-smie.el
Built elixir-mode in 4.769s, finished at 2021-08-17T09:38:15+0000
 ✓ Success:
4.0K -rw-r--r-- 1 root root  311 Aug 17 09:38 packages/elixir-mode-20210509.2353.entry
 72K -rw-r--r-- 1 root root  70K Aug 17 09:38 packages/elixir-mode-20210509.2353.tar
4.0K -rw-r--r-- 1 root root 1.2K Aug 17 09:38 packages/elixir-mode-badge.svg
4.0K -rw-r--r-- 1 root root   97 Aug 17 09:38 packages/elixir-mode-readme.txt
