Package: elixir-yasnippets
Fetcher: github
Source:  https://github.com/hisea/elixir-yasnippets.git

Updating /mnt/store/melpa/working/elixir-yasnippets/
Copying files (->) and directories (=>)
  from /mnt/store/melpa/working/elixir-yasnippets/
  to /tmp/elixir-yasnippets7MeWdg/elixir-yasnippets-20150417.1239
    elixir-yasnippets-pkg.el -> elixir-yasnippets-pkg.el
    elixir-yasnippets.el -> elixir-yasnippets.el
    snippets => snippets
Created elixir-yasnippets-20150417.1239.tar containing:
  elixir-yasnippets-20150417.1239/
  elixir-yasnippets-20150417.1239/elixir-yasnippets-pkg.el
  elixir-yasnippets-20150417.1239/elixir-yasnippets.el
  elixir-yasnippets-20150417.1239/snippets/
  elixir-yasnippets-20150417.1239/snippets/elixir-mode/
  elixir-yasnippets-20150417.1239/snippets/elixir-mode/application
  elixir-yasnippets-20150417.1239/snippets/elixir-mode/behaviour
  elixir-yasnippets-20150417.1239/snippets/elixir-mode/case
  elixir-yasnippets-20150417.1239/snippets/elixir-mode/cond
  elixir-yasnippets-20150417.1239/snippets/elixir-mode/def
  elixir-yasnippets-20150417.1239/snippets/elixir-mode/defimpl
  elixir-yasnippets-20150417.1239/snippets/elixir-mode/defmacro
  elixir-yasnippets-20150417.1239/snippets/elixir-mode/defmacrop
  elixir-yasnippets-20150417.1239/snippets/elixir-mode/defmodule
  elixir-yasnippets-20150417.1239/snippets/elixir-mode/defp
  elixir-yasnippets-20150417.1239/snippets/elixir-mode/defprotocol
  elixir-yasnippets-20150417.1239/snippets/elixir-mode/do
  elixir-yasnippets-20150417.1239/snippets/elixir-mode/doc
  elixir-yasnippets-20150417.1239/snippets/elixir-mode/fn
  elixir-yasnippets-20150417.1239/snippets/elixir-mode/for
  elixir-yasnippets-20150417.1239/snippets/elixir-mode/genevent
  elixir-yasnippets-20150417.1239/snippets/elixir-mode/genserver
  elixir-yasnippets-20150417.1239/snippets/elixir-mode/if
  elixir-yasnippets-20150417.1239/snippets/elixir-mode/mdoc
  elixir-yasnippets-20150417.1239/snippets/elixir-mode/pry
  elixir-yasnippets-20150417.1239/snippets/elixir-mode/receive
  elixir-yasnippets-20150417.1239/snippets/elixir-mode/supervisor
  elixir-yasnippets-20150417.1239/snippets/elixir-mode/test
  elixir-yasnippets-20150417.1239/snippets/elixir-mode/unless
Built elixir-yasnippets in 4.207s, finished at Wed May 19 03:15:17 2021
 ✓ Success:
4.0K -rw-r--r-- 1 root root  333 May 19 03:15 packages/elixir-yasnippets-20150417.1239.entry
 32K -rw-r--r-- 1 root root  30K May 19 03:15 packages/elixir-yasnippets-20150417.1239.tar
4.0K -rw-r--r-- 1 root root 1.2K May 19 03:15 packages/elixir-yasnippets-badge.svg
