Package: elm-yasnippets
Fetcher: github
Source:  https://github.com/abingham/elm-yasnippets.git

Updating /mnt/store/melpa/working/elm-yasnippets/
Copying files (->) and directories (=>)
  from /mnt/store/melpa/working/elm-yasnippets/
  to /tmp/elm-yasnippetsJjATuz/elm-yasnippets-20160401.524
    elm-yasnippets.el -> elm-yasnippets.el
    snippets => snippets
Created elm-yasnippets-20160401.524.tar containing:
  elm-yasnippets-20160401.524/
  elm-yasnippets-20160401.524/elm-yasnippets-pkg.el
  elm-yasnippets-20160401.524/elm-yasnippets.el
  elm-yasnippets-20160401.524/snippets/
  elm-yasnippets-20160401.524/snippets/elm-mode/
  elm-yasnippets-20160401.524/snippets/elm-mode/comment
  elm-yasnippets-20160401.524/snippets/elm-mode/function
  elm-yasnippets-20160401.524/snippets/elm-mode/import
  elm-yasnippets-20160401.524/snippets/elm-mode/module
  elm-yasnippets-20160401.524/snippets/elm-mode/type-alias
Built elm-yasnippets in 3.666s, finished at Wed May 19 03:15:19 2021
 ✓ Success:
4.0K -rw-r--r-- 1 root root  315 May 19 03:15 packages/elm-yasnippets-20160401.524.entry
 12K -rw-r--r-- 1 root root  10K May 19 03:15 packages/elm-yasnippets-20160401.524.tar
4.0K -rw-r--r-- 1 root root 1.2K May 19 03:15 packages/elm-yasnippets-badge.svg
