Package: elpher
Fetcher: git
Source:  https://thelambdalab.xyz/git/elpher.git

Updating /mnt/store/melpa/working/elpher/
Checking out origin/HEAD
Checking out 0916ee629368e59197a8c4c9869e31be397b17f6
Copying files (->) and directories (=>)
  from /mnt/store/melpa/working/elpher/
  to /tmp/elpherVbhirO/elpher-20210816.1453
    elpher-pkg.el -> elpher-pkg.el
    elpher.el -> elpher.el
    elpher.texi -> elpher.texi
Created /tmp/elpherVbhirO/elpher-20210816.1453/elpher.info
Created elpher-20210816.1453.tar containing:
  elpher-20210816.1453/
  elpher-20210816.1453/dir
  elpher-20210816.1453/elpher-pkg.el
  elpher-20210816.1453/elpher.el
  elpher-20210816.1453/elpher.info
Built elpher in 9.397s, finished at 2021-08-17T09:38:35+0000
 ✓ Success:
4.0K -rw-r--r-- 1 root root  352 Aug 17 09:38 packages/elpher-20210816.1453.entry
152K -rw-r--r-- 1 root root 150K Aug 17 09:38 packages/elpher-20210816.1453.tar
4.0K -rw-r--r-- 1 root root 1.2K Aug 17 09:38 packages/elpher-badge.svg
4.0K -rw-r--r-- 1 root root  965 Aug 17 09:38 packages/elpher-readme.txt
