Package: elpy
Fetcher: github
Source:  https://github.com/jorgenschaefer/elpy.git

Updating /mnt/store/melpa/working/elpy/
Checking out origin/HEAD
Checking out 4248dccef31e260813d93cafd083bfcd71efc92a
Copying files (->) and directories (=>)
  from /mnt/store/melpa/working/elpy/
  to /tmp/elpyq1IRjz/elpy-20210630.2317
    elpy-django.el -> elpy-django.el
    elpy-pkg.el -> elpy-pkg.el
    elpy-profile.el -> elpy-profile.el
    elpy-refactor.el -> elpy-refactor.el
    elpy-rpc.el -> elpy-rpc.el
    elpy-shell.el -> elpy-shell.el
    elpy.el -> elpy.el
    snippets => snippets
    elpy => elpy
Created elpy-20210630.2317.tar containing:
  elpy-20210630.2317/
  elpy-20210630.2317/elpy-django.el
  elpy-20210630.2317/elpy-pkg.el
  elpy-20210630.2317/elpy-profile.el
  elpy-20210630.2317/elpy-refactor.el
  elpy-20210630.2317/elpy-rpc.el
  elpy-20210630.2317/elpy-shell.el
  elpy-20210630.2317/elpy.el
  elpy-20210630.2317/elpy/
  elpy-20210630.2317/elpy/__init__.py
  elpy-20210630.2317/elpy/__main__.py
  elpy-20210630.2317/elpy/auto_pep8.py
  elpy-20210630.2317/elpy/blackutil.py
  elpy-20210630.2317/elpy/compat.py
  elpy-20210630.2317/elpy/jedibackend.py
  elpy-20210630.2317/elpy/json_encoder.py
  elpy-20210630.2317/elpy/pydocutils.py
  elpy-20210630.2317/elpy/rpc.py
  elpy-20210630.2317/elpy/server.py
  elpy-20210630.2317/elpy/tests/
  elpy-20210630.2317/elpy/tests/__init__.py
  elpy-20210630.2317/elpy/tests/compat.py
  elpy-20210630.2317/elpy/tests/support.py
  elpy-20210630.2317/elpy/tests/test_auto_pep8.py
  elpy-20210630.2317/elpy/tests/test_black.py
  elpy-20210630.2317/elpy/tests/test_jedibackend.py
  elpy-20210630.2317/elpy/tests/test_pydocutils.py
  elpy-20210630.2317/elpy/tests/test_rpc.py
  elpy-20210630.2317/elpy/tests/test_server.py
  elpy-20210630.2317/elpy/tests/test_support.py
  elpy-20210630.2317/elpy/tests/test_yapf.py
  elpy-20210630.2317/elpy/yapfutil.py
  elpy-20210630.2317/snippets/
  elpy-20210630.2317/snippets/python-mode/
  elpy-20210630.2317/snippets/python-mode/.yas-setup.el
  elpy-20210630.2317/snippets/python-mode/_abs
  elpy-20210630.2317/snippets/python-mode/_add
  elpy-20210630.2317/snippets/python-mode/_and
  elpy-20210630.2317/snippets/python-mode/_bool
  elpy-20210630.2317/snippets/python-mode/_call
  elpy-20210630.2317/snippets/python-mode/_cmp
  elpy-20210630.2317/snippets/python-mode/_coerce
  elpy-20210630.2317/snippets/python-mode/_complex
  elpy-20210630.2317/snippets/python-mode/_contains
  elpy-20210630.2317/snippets/python-mode/_del
  elpy-20210630.2317/snippets/python-mode/_delattr
  elpy-20210630.2317/snippets/python-mode/_delete
  elpy-20210630.2317/snippets/python-mode/_delitem
  elpy-20210630.2317/snippets/python-mode/_div
  elpy-20210630.2317/snippets/python-mode/_divmod
  elpy-20210630.2317/snippets/python-mode/_enter
  elpy-20210630.2317/snippets/python-mode/_eq
  elpy-20210630.2317/snippets/python-mode/_exit
  elpy-20210630.2317/snippets/python-mode/_float
  elpy-20210630.2317/snippets/python-mode/_floordiv
  elpy-20210630.2317/snippets/python-mode/_ge
  elpy-20210630.2317/snippets/python-mode/_get
  elpy-20210630.2317/snippets/python-mode/_getattr
  elpy-20210630.2317/snippets/python-mode/_getattribute
  elpy-20210630.2317/snippets/python-mode/_getitem
  elpy-20210630.2317/snippets/python-mode/_gt
  elpy-20210630.2317/snippets/python-mode/_hash
  elpy-20210630.2317/snippets/python-mode/_hex
  elpy-20210630.2317/snippets/python-mode/_iadd
  elpy-20210630.2317/snippets/python-mode/_iand
  elpy-20210630.2317/snippets/python-mode/_idiv
  elpy-20210630.2317/snippets/python-mode/_ifloordiv
  elpy-20210630.2317/snippets/python-mode/_ilshift
  elpy-20210630.2317/snippets/python-mode/_imod
  elpy-20210630.2317/snippets/python-mode/_imul
  elpy-20210630.2317/snippets/python-mode/_index
  elpy-20210630.2317/snippets/python-mode/_init
  elpy-20210630.2317/snippets/python-mode/_instancecheck
  elpy-20210630.2317/snippets/python-mode/_int
  elpy-20210630.2317/snippets/python-mode/_invert
  elpy-20210630.2317/snippets/python-mode/_ior
  elpy-20210630.2317/snippets/python-mode/_ipow
  elpy-20210630.2317/snippets/python-mode/_irshift
  elpy-20210630.2317/snippets/python-mode/_isub
  elpy-20210630.2317/snippets/python-mode/_iter
  elpy-20210630.2317/snippets/python-mode/_itruediv
  elpy-20210630.2317/snippets/python-mode/_ixor
  elpy-20210630.2317/snippets/python-mode/_le
  elpy-20210630.2317/snippets/python-mode/_len
  elpy-20210630.2317/snippets/python-mode/_long
  elpy-20210630.2317/snippets/python-mode/_lshift
  elpy-20210630.2317/snippets/python-mode/_lt
  elpy-20210630.2317/snippets/python-mode/_mod
  elpy-20210630.2317/snippets/python-mode/_mul
  elpy-20210630.2317/snippets/python-mode/_ne
  elpy-20210630.2317/snippets/python-mode/_neg
  elpy-20210630.2317/snippets/python-mode/_new
  elpy-20210630.2317/snippets/python-mode/_nonzero
  elpy-20210630.2317/snippets/python-mode/_oct
  elpy-20210630.2317/snippets/python-mode/_or
  elpy-20210630.2317/snippets/python-mode/_pos
  elpy-20210630.2317/snippets/python-mode/_pow
  elpy-20210630.2317/snippets/python-mode/_radd
  elpy-20210630.2317/snippets/python-mode/_rand
  elpy-20210630.2317/snippets/python-mode/_rdivmod
  elpy-20210630.2317/snippets/python-mode/_repr
  elpy-20210630.2317/snippets/python-mode/_reversed
  elpy-20210630.2317/snippets/python-mode/_rfloordiv
  elpy-20210630.2317/snippets/python-mode/_rlshift
  elpy-20210630.2317/snippets/python-mode/_rmod
  elpy-20210630.2317/snippets/python-mode/_rmul
  elpy-20210630.2317/snippets/python-mode/_ror
  elpy-20210630.2317/snippets/python-mode/_rpow
  elpy-20210630.2317/snippets/python-mode/_rrshift
  elpy-20210630.2317/snippets/python-mode/_rshift
  elpy-20210630.2317/snippets/python-mode/_rsub
  elpy-20210630.2317/snippets/python-mode/_rtruediv
  elpy-20210630.2317/snippets/python-mode/_rxor
  elpy-20210630.2317/snippets/python-mode/_set
  elpy-20210630.2317/snippets/python-mode/_setattr
  elpy-20210630.2317/snippets/python-mode/_setitem
  elpy-20210630.2317/snippets/python-mode/_slots
  elpy-20210630.2317/snippets/python-mode/_str
  elpy-20210630.2317/snippets/python-mode/_sub
  elpy-20210630.2317/snippets/python-mode/_subclasscheck
  elpy-20210630.2317/snippets/python-mode/_truediv
  elpy-20210630.2317/snippets/python-mode/_unicode
  elpy-20210630.2317/snippets/python-mode/_xor
  elpy-20210630.2317/snippets/python-mode/ase
  elpy-20210630.2317/snippets/python-mode/asne
  elpy-20210630.2317/snippets/python-mode/asr
  elpy-20210630.2317/snippets/python-mode/class
  elpy-20210630.2317/snippets/python-mode/def
  elpy-20210630.2317/snippets/python-mode/defs
  elpy-20210630.2317/snippets/python-mode/enc
  elpy-20210630.2317/snippets/python-mode/env
  elpy-20210630.2317/snippets/python-mode/from
  elpy-20210630.2317/snippets/python-mode/pdb
  elpy-20210630.2317/snippets/python-mode/py3
  elpy-20210630.2317/snippets/python-mode/super
Built elpy in 6.383s, finished at 2021-08-17T09:38:33+0000
 ✓ Success:
4.0K -rw-r--r-- 1 root root  596 Aug 17 09:38 packages/elpy-20210630.2317.entry
560K -rw-r--r-- 1 root root 560K Aug 17 09:38 packages/elpy-20210630.2317.tar
4.0K -rw-r--r-- 1 root root 1.2K Aug 17 09:38 packages/elpy-badge.svg
4.0K -rw-r--r-- 1 root root  302 Aug 17 09:38 packages/elpy-readme.txt
