Package: elscreen-tab
Fetcher: github
Source:  https://github.com/aki-s/elscreen-tab.git

Updating /mnt/store/melpa/working/elscreen-tab/
Copying files (->) and directories (=>)
  from /mnt/store/melpa/working/elscreen-tab/
  to /tmp/elscreen-tabC8nM8f/elscreen-tab-20201229.1428
    elscreen-tab--emacs27.el -> elscreen-tab--emacs27.el
    elscreen-tab.el -> elscreen-tab.el
Created elscreen-tab-20201229.1428.tar containing:
  elscreen-tab-20201229.1428/
  elscreen-tab-20201229.1428/elscreen-tab--emacs27.el
  elscreen-tab-20201229.1428/elscreen-tab-pkg.el
  elscreen-tab-20201229.1428/elscreen-tab.el
Built elscreen-tab in 3.724s, finished at Wed May 19 03:15:40 2021
 ✓ Success:
4.0K -rw-r--r-- 1 root root  462 May 19 03:15 packages/elscreen-tab-20201229.1428.entry
 40K -rw-r--r-- 1 root root  40K May 19 03:15 packages/elscreen-tab-20201229.1428.tar
4.0K -rw-r--r-- 1 root root 1.2K May 19 03:15 packages/elscreen-tab-badge.svg
4.0K -rw-r--r-- 1 root root  647 May 19 03:15 packages/elscreen-tab-readme.txt
