Package: emacsc
Fetcher: github
Source:  https://github.com/knu/emacsc.git

Updating /mnt/store/melpa/working/emacsc/
Checking out origin/HEAD
Checking out 409fc548bb650c6e832b459c756b13de68147117
Copying files (->) and directories (=>)
  from /mnt/store/melpa/working/emacsc/
  to /tmp/emacsckvz5C9/emacsc-20210302.806
  ! lisp/ediff-batch.el -> ediff-batch.el
  ! lisp/emacsc.el -> emacsc.el
    bin => bin
Created emacsc-20210302.806.tar containing:
  emacsc-20210302.806/
  emacsc-20210302.806/bin/
  emacsc-20210302.806/bin/dired
  emacsc-20210302.806/bin/ediff
  emacsc-20210302.806/bin/ediff-merge
  emacsc-20210302.806/bin/emacsc
  emacsc-20210302.806/bin/evil
  emacsc-20210302.806/bin/magit
  emacsc-20210302.806/ediff-batch.el
  emacsc-20210302.806/emacsc-pkg.el
  emacsc-20210302.806/emacsc.el
Built emacsc in 4.536s, finished at 2021-08-17T09:38:47+0000
 ✓ Success:
4.0K -rw-r--r-- 1 root root  299 Aug 17 09:38 packages/emacsc-20210302.806.entry
 40K -rw-r--r-- 1 root root  40K Aug 17 09:38 packages/emacsc-20210302.806.tar
4.0K -rw-r--r-- 1 root root 1.2K Aug 17 09:38 packages/emacsc-badge.svg
4.0K -rw-r--r-- 1 root root  458 Aug 17 09:38 packages/emacsc-readme.txt
