Package: emacsql
Fetcher: github
Source:  https://github.com/skeeto/emacsql.git

Updating /mnt/store/melpa/working/emacsql/
Copying files (->) and directories (=>)
  from /mnt/store/melpa/working/emacsql/
  to /tmp/emacsql3ag8Vc/emacsql-20200714.28
    emacsql.el -> emacsql.el
    emacsql-compiler.el -> emacsql-compiler.el
    README.md -> README.md
Created emacsql-20200714.28.tar containing:
  emacsql-20200714.28/
  emacsql-20200714.28/README.md
  emacsql-20200714.28/emacsql-compiler.el
  emacsql-20200714.28/emacsql-pkg.el
  emacsql-20200714.28/emacsql.el
Built emacsql in 3.559s, finished at Wed May 19 03:15:46 2021
 ✓ Success:
4.0K -rw-r--r-- 1 root root  347 May 19 03:15 packages/emacsql-20200714.28.entry
 60K -rw-r--r-- 1 root root  60K May 19 03:15 packages/emacsql-20200714.28.tar
4.0K -rw-r--r-- 1 root root 1.2K May 19 03:15 packages/emacsql-badge.svg
8.0K -rw-r--r-- 1 root root 6.0K May 19 03:15 packages/emacsql-mysql-20171219.227.el
4.0K -rw-r--r-- 1 root root  373 May 19 00:01 packages/emacsql-mysql-20171219.227.entry
4.0K -rw-r--r-- 1 root root 1.2K May 19 00:01 packages/emacsql-mysql-badge.svg
4.0K -rw-r--r-- 1 root root   61 May 19 00:01 packages/emacsql-mysql-readme.txt
4.0K -rw-r--r-- 1 root root  136 May 19 03:15 packages/emacsql-mysql.log
4.0K -rw-r--r-- 1 root root  393 May 19 00:01 packages/emacsql-psql-20171219.227.entry
 20K -rw-r--r-- 1 root root  20K May 19 00:01 packages/emacsql-psql-20171219.227.tar
4.0K -rw-r--r-- 1 root root 1.2K May 19 00:01 packages/emacsql-psql-badge.svg
4.0K -rw-r--r-- 1 root root  189 May 19 00:01 packages/emacsql-psql-readme.txt
4.0K -rw-r--r-- 1 root root  349 May 19 03:15 packages/emacsql-psql.log
4.0K -rw-r--r-- 1 root root 1.8K May 19 03:15 packages/emacsql-readme.txt
4.0K -rw-r--r-- 1 root root  377 May 19 00:01 packages/emacsql-sqlite-20190727.1710.entry
7.5M -rw-r--r-- 1 root root 7.5M May 19 00:01 packages/emacsql-sqlite-20190727.1710.tar
4.0K -rw-r--r-- 1 root root 1.2K May 19 00:01 packages/emacsql-sqlite-badge.svg
4.0K -rw-r--r-- 1 root root  125 May 19 00:01 packages/emacsql-sqlite-readme.txt
4.0K -rw-r--r-- 1 root root  138 May 19 03:15 packages/emacsql-sqlite.log
 12K -rw-r--r-- 1 root root 9.9K May 19 00:01 packages/emacsql-sqlite3-20200914.508.el
4.0K -rw-r--r-- 1 root root  413 May 19 00:01 packages/emacsql-sqlite3-20200914.508.entry
4.0K -rw-r--r-- 1 root root 1.2K May 19 00:01 packages/emacsql-sqlite3-badge.svg
4.0K -rw-r--r-- 1 root root 2.1K May 19 00:01 packages/emacsql-sqlite3-readme.txt
4.0K -rw-r--r-- 1 root root  147 May 19 03:15 packages/emacsql-sqlite3.log
