Package: emacsql-psql
Fetcher: github
Source:  https://github.com/skeeto/emacsql.git

Updating /mnt/store/melpa/working/emacsql-psql/
Checking out origin/HEAD
Checking out 9dca5996168c4963eb67e61c7f17fdcb8228e314
Copying files (->) and directories (=>)
  from /mnt/store/melpa/working/emacsql-psql/
  to /tmp/emacsql-psqlufiwOf/emacsql-psql-20171219.227
    emacsql-psql.el -> emacsql-psql.el
    emacsql-pg.el -> emacsql-pg.el
Created emacsql-psql-20171219.227.tar containing:
  emacsql-psql-20171219.227/
  emacsql-psql-20171219.227/emacsql-pg.el
  emacsql-psql-20171219.227/emacsql-psql-pkg.el
  emacsql-psql-20171219.227/emacsql-psql.el
Built emacsql-psql in 4.378s, finished at 2021-08-17T09:38:51+0000
 ✓ Success:
4.0K -rw-r--r-- 1 root root  393 Aug 17 09:38 packages/emacsql-psql-20171219.227.entry
 20K -rw-r--r-- 1 root root  20K Aug 17 09:38 packages/emacsql-psql-20171219.227.tar
4.0K -rw-r--r-- 1 root root 1.2K Aug 17 09:38 packages/emacsql-psql-badge.svg
4.0K -rw-r--r-- 1 root root  189 Aug 17 09:38 packages/emacsql-psql-readme.txt
