Package: emacsshot
Fetcher: gitlab
Source:  https://gitlab.com/marcowahl/emacsshot.git

Updating /mnt/store/melpa/working/emacsshot/
Checking out origin/HEAD
Checking out fe958b11056f3c671ebdd604d5aa574323284ca5
Copying files (->) and directories (=>)
  from /mnt/store/melpa/working/emacsshot/
  to /tmp/emacsshotPhFVgB/emacsshot-20191206.944
    emacsshot.el -> emacsshot.el
    test-emacsshot.el -> test-emacsshot.el
Created emacsshot-20191206.944.tar containing:
  emacsshot-20191206.944/
  emacsshot-20191206.944/emacsshot-pkg.el
  emacsshot-20191206.944/emacsshot.el
  emacsshot-20191206.944/test-emacsshot.el
Built emacsshot in 4.598s, finished at 2021-08-17T09:38:53+0000
 ✓ Success:
4.0K -rw-r--r-- 1 root root  364 Aug 17 09:38 packages/emacsshot-20191206.944.entry
 20K -rw-r--r-- 1 root root  20K Aug 17 09:38 packages/emacsshot-20191206.944.tar
4.0K -rw-r--r-- 1 root root 1.2K Aug 17 09:38 packages/emacsshot-badge.svg
4.0K -rw-r--r-- 1 root root 3.6K Aug 17 09:38 packages/emacsshot-readme.txt
