Package: embark
Fetcher: github
Source:  https://github.com/oantolin/embark.git

Updating /mnt/store/melpa/working/embark/
Copying files (->) and directories (=>)
  from /mnt/store/melpa/working/embark/
  to /tmp/embarkv9Csmx/embark-20210517.1319
    embark.el -> embark.el
    embark.texi -> embark.texi
Created /tmp/embarkv9Csmx/embark-20210517.1319/embark.info
Created embark-20210517.1319.tar containing:
  embark-20210517.1319/
  embark-20210517.1319/dir
  embark-20210517.1319/embark-pkg.el
  embark-20210517.1319/embark.el
  embark-20210517.1319/embark.info
Built embark in 8.086s, finished at Wed May 19 03:15:57 2021
 ✓ Success:
 68K -rw-r--r-- 1 root root  65K Dec 24 19:00 packages/embark-20201223.2155.el
 68K -rw-r--r-- 1 root root  65K Dec 24 21:34 packages/embark-20201224.2030.el
 72K -rw-r--r-- 1 root root  71K Jan  9 02:16 packages/embark-20210108.1520.el
4.0K -rw-r--r-- 1 root root  374 May 19 03:15 packages/embark-20210517.1319.entry
132K -rw-r--r-- 1 root root 130K May 19 03:15 packages/embark-20210517.1319.tar
4.0K -rw-r--r-- 1 root root 1.2K May 19 03:15 packages/embark-badge.svg
 12K -rw-r--r-- 1 root root  12K May 19 03:15 packages/embark-consult-20210517.1319.el
4.0K -rw-r--r-- 1 root root  432 May 19 03:15 packages/embark-consult-20210517.1319.entry
4.0K -rw-r--r-- 1 root root 1.2K May 19 03:15 packages/embark-consult-badge.svg
4.0K -rw-r--r-- 1 root root 1.4K May 19 03:15 packages/embark-consult-readme.txt
4.0K -rw-r--r-- 1 root root  560 May 19 03:15 packages/embark-consult.log
4.0K -rw-r--r-- 1 root root 4.0K May 19 03:15 packages/embark-readme.txt
