Package: emr
Fetcher: github
Source:  https://github.com/Wilfred/emacs-refactor.git

Updating /mnt/store/melpa/working/emr/
Copying files (->) and directories (=>)
  from /mnt/store/melpa/working/emr/
  to /tmp/emroD5L4S/emr-20210301.213
    emr-c.el -> emr-c.el
    emr-css.el -> emr-css.el
    emr-elisp.el -> emr-elisp.el
    emr-iedit.el -> emr-iedit.el
    emr-js.el -> emr-js.el
    emr-lisp.el -> emr-lisp.el
    emr-prog.el -> emr-prog.el
    emr-ruby.el -> emr-ruby.el
    emr-scheme.el -> emr-scheme.el
    emr.el -> emr.el
Created emr-20210301.213.tar containing:
  emr-20210301.213/
  emr-20210301.213/emr-c.el
  emr-20210301.213/emr-css.el
  emr-20210301.213/emr-elisp.el
  emr-20210301.213/emr-iedit.el
  emr-20210301.213/emr-js.el
  emr-20210301.213/emr-lisp.el
  emr-20210301.213/emr-pkg.el
  emr-20210301.213/emr-prog.el
  emr-20210301.213/emr-ruby.el
  emr-20210301.213/emr-scheme.el
  emr-20210301.213/emr.el
Built emr in 3.780s, finished at Wed May 19 03:16:19 2021
 ✓ Success:
4.0K -rw-r--r-- 1 root root  627 May 19 03:16 packages/emr-20210301.213.entry
112K -rw-r--r-- 1 root root 110K May 19 03:16 packages/emr-20210301.213.tar
4.0K -rw-r--r-- 1 root root 1.2K May 19 03:16 packages/emr-badge.svg
4.0K -rw-r--r-- 1 root root  338 May 19 03:16 packages/emr-readme.txt
