Package: eping
Fetcher: github
Source:  https://github.com/sean-hut/eping.git

Updating /mnt/store/melpa/working/eping/
Copying files (->) and directories (=>)
  from /mnt/store/melpa/working/eping/
  to /tmp/epingwkzDeX/eping-20201027.2149
    eping.el -> eping.el
    eping.info -> eping.info
    eping.texinfo -> eping.texinfo
Created eping-20201027.2149.tar containing:
  eping-20201027.2149/
  eping-20201027.2149/dir
  eping-20201027.2149/eping-pkg.el
  eping-20201027.2149/eping.el
  eping-20201027.2149/eping.info
Built eping in 4.591s, finished at Wed May 19 03:16:29 2021
 ✓ Success:
4.0K -rw-r--r-- 1 root root  379 May 19 03:16 packages/eping-20201027.2149.entry
 20K -rw-r--r-- 1 root root  20K May 19 03:16 packages/eping-20201027.2149.tar
4.0K -rw-r--r-- 1 root root 1.2K May 19 03:16 packages/eping-badge.svg
4.0K -rw-r--r-- 1 root root  143 May 19 03:16 packages/eping-readme.txt
