Package: epm
Fetcher: github
Source:  https://github.com/xuchunyang/epm.git

Updating /mnt/store/melpa/working/epm/
Copying files (->) and directories (=>)
  from /mnt/store/melpa/working/epm/
  to /tmp/epmX1mB24/epm-20190509.443
    .epm.el -> .epm.el
    epm.el -> epm.el
    epm -> epm
Created epm-20190509.443.tar containing:
  epm-20190509.443/
  epm-20190509.443/.epm.el
  epm-20190509.443/epm
  epm-20190509.443/epm-pkg.el
  epm-20190509.443/epm.el
Built epm in 4.269s, finished at Wed May 19 03:16:31 2021
 ✓ Success:
4.0K -rw-r--r-- 1 root root  349 May 19 03:16 packages/epm-20190509.443.entry
 20K -rw-r--r-- 1 root root  20K May 19 03:16 packages/epm-20190509.443.tar
4.0K -rw-r--r-- 1 root root 1.2K May 19 03:16 packages/epm-badge.svg
4.0K -rw-r--r-- 1 root root  389 May 19 03:16 packages/epm-readme.txt
