Package: ereader
Fetcher: github
Source:  https://github.com/bddean/emacs-ereader.git

Updating /mnt/store/melpa/working/ereader/
Checking out origin/HEAD
Checking out f3bbd3f13195f8fba3e3c880aab0e4c60430dcf3
Copying files (->) and directories (=>)
  from /mnt/store/melpa/working/ereader/
  to /tmp/ereaderoUuUA1/ereader-20170810.501
    ereader.el -> ereader.el
    org-ebook.el -> org-ebook.el
Created ereader-20170810.501.tar containing:
  ereader-20170810.501/
  ereader-20170810.501/ereader-pkg.el
  ereader-20170810.501/ereader.el
  ereader-20170810.501/org-ebook.el
Built ereader in 4.931s, finished at 2021-08-17T09:40:18+0000
 ✓ Success:
4.0K -rw-r--r-- 1 root root  450 Aug 17 09:40 packages/ereader-20170810.501.entry
 32K -rw-r--r-- 1 root root  30K Aug 17 09:40 packages/ereader-20170810.501.tar
4.0K -rw-r--r-- 1 root root 1.2K Aug 17 09:40 packages/ereader-badge.svg
4.0K -rw-r--r-- 1 root root   38 Aug 17 09:40 packages/ereader-readme.txt
