Package: ert-runner
Fetcher: github
Source:  https://github.com/rejeep/ert-runner.el.git

Updating /mnt/store/melpa/working/ert-runner/
Checking out origin/HEAD
Checking out c3969c86b5b00087d8b2fcb7147481d5be56f2f7
Copying files (->) and directories (=>)
  from /mnt/store/melpa/working/ert-runner/
  to /tmp/ert-runnerLIyV9L/ert-runner-20201005.2336
    ert-compat.el -> ert-compat.el
    ert-runner.el -> ert-runner.el
    bin => bin
    reporters => reporters
Created ert-runner-20201005.2336.tar containing:
  ert-runner-20201005.2336/
  ert-runner-20201005.2336/bin/
  ert-runner-20201005.2336/bin/ert-runner
  ert-runner-20201005.2336/bin/ert-runner.bat
  ert-runner-20201005.2336/ert-compat.el
  ert-runner-20201005.2336/ert-runner-pkg.el
  ert-runner-20201005.2336/ert-runner.el
  ert-runner-20201005.2336/reporters/
  ert-runner-20201005.2336/reporters/ert-runner-reporter-dot.el
  ert-runner-20201005.2336/reporters/ert-runner-reporter-ert+duration.el
  ert-runner-20201005.2336/reporters/ert-runner-reporter-ert.el
Built ert-runner in 4.751s, finished at 2021-08-17T09:40:32+0000
 ✓ Success:
4.0K -rw-r--r-- 1 root root  552 Aug 17 09:40 packages/ert-runner-20201005.2336.entry
140K -rw-r--r-- 1 root root 140K Aug 17 09:40 packages/ert-runner-20201005.2336.tar
4.0K -rw-r--r-- 1 root root 1.2K Aug 17 09:40 packages/ert-runner-badge.svg
4.0K -rw-r--r-- 1 root root   34 Aug 17 09:40 packages/ert-runner-readme.txt
