Package: esup
Fetcher: github
Source:  https://github.com/jschaf/esup.git

Updating /mnt/store/melpa/working/esup/
Checking out origin/HEAD
Checking out 5169dd7fc8765a7377b0ab93aa63b7f0f934689a
Copying files (->) and directories (=>)
  from /mnt/store/melpa/working/esup/
  to /tmp/esup979Wyt/esup-20200814.1400
    esup-child.el -> esup-child.el
    esup.el -> esup.el
Created esup-20200814.1400.tar containing:
  esup-20200814.1400/
  esup-20200814.1400/esup-child.el
  esup-20200814.1400/esup-pkg.el
  esup-20200814.1400/esup.el
Built esup in 6.456s, finished at 2021-08-17T09:41:09+0000
 ✓ Success:
4.0K -rw-r--r-- 1 root root  390 Aug 17 09:41 packages/esup-20200814.1400.entry
 52K -rw-r--r-- 1 root root  50K Aug 17 09:41 packages/esup-20200814.1400.tar
4.0K -rw-r--r-- 1 root root 1.2K Aug 17 09:41 packages/esup-badge.svg
4.0K -rw-r--r-- 1 root root  996 Aug 17 09:41 packages/esup-readme.txt
