Package: evalator-clojure
Fetcher: github
Source:  https://github.com/seanirby/evalator-clojure.git

Updating /mnt/store/melpa/working/evalator-clojure/
Checking out origin/HEAD
Checking out caa4e0a137bdfada86593128a654e16aa617ad50
Copying files (->) and directories (=>)
  from /mnt/store/melpa/working/evalator-clojure/
  to /tmp/evalator-clojureiX2gDr/evalator-clojure-20160208.2148
    evalator-clojure.el -> evalator-clojure.el
    evalator-clojure.clj -> evalator-clojure.clj
Created evalator-clojure-20160208.2148.tar containing:
  evalator-clojure-20160208.2148/
  evalator-clojure-20160208.2148/evalator-clojure-pkg.el
  evalator-clojure-20160208.2148/evalator-clojure.clj
  evalator-clojure-20160208.2148/evalator-clojure.el
Built evalator-clojure in 4.604s, finished at 2021-08-17T09:41:25+0000
 ✓ Success:
4.0K -rw-r--r-- 1 root root  446 Aug 17 09:41 packages/evalator-clojure-20160208.2148.entry
 20K -rw-r--r-- 1 root root  20K Aug 17 09:41 packages/evalator-clojure-20160208.2148.tar
4.0K -rw-r--r-- 1 root root 1.2K Aug 17 09:41 packages/evalator-clojure-badge.svg
4.0K -rw-r--r-- 1 root root  535 Aug 17 09:41 packages/evalator-clojure-readme.txt
