Package: evil-tutor-ja
Fetcher: github
Source:  https://github.com/kenjimyzk/evil-tutor-ja.git

Updating /mnt/store/melpa/working/evil-tutor-ja/
Copying files (->) and directories (=>)
  from /mnt/store/melpa/working/evil-tutor-ja/
  to /tmp/evil-tutor-javUsNmg/evil-tutor-ja-20160917.132
    evil-tutor-ja.el -> evil-tutor-ja.el
    tutor-ja.txt -> tutor-ja.txt
Created evil-tutor-ja-20160917.132.tar containing:
  evil-tutor-ja-20160917.132/
  evil-tutor-ja-20160917.132/evil-tutor-ja-pkg.el
  evil-tutor-ja-20160917.132/evil-tutor-ja.el
  evil-tutor-ja-20160917.132/tutor-ja.txt
Built evil-tutor-ja in 8.057s, finished at Wed May 19 03:19:22 2021
 ✓ Success:
4.0K -rw-r--r-- 1 root root  456 May 19 03:19 packages/evil-tutor-ja-20160917.132.entry
 52K -rw-r--r-- 1 root root  50K May 19 03:19 packages/evil-tutor-ja-20160917.132.tar
4.0K -rw-r--r-- 1 root root 1.2K May 19 03:19 packages/evil-tutor-ja-badge.svg
4.0K -rw-r--r-- 1 root root  256 May 19 03:19 packages/evil-tutor-ja-readme.txt
