Package: evil-mc
Fetcher: github
Source:  https://github.com/gabesoft/evil-mc.git

Updating /mnt/store/melpa/working/evil-mc/
Copying files (->) and directories (=>)
  from /mnt/store/melpa/working/evil-mc/
  to /tmp/evil-mcuE2Ulc/evil-mc-20210206.1941
    evil-mc-command-execute.el -> evil-mc-command-execute.el
    evil-mc-command-record.el -> evil-mc-command-record.el
    evil-mc-common.el -> evil-mc-common.el
    evil-mc-cursor-make.el -> evil-mc-cursor-make.el
    evil-mc-cursor-state.el -> evil-mc-cursor-state.el
    evil-mc-known-commands.el -> evil-mc-known-commands.el
    evil-mc-region.el -> evil-mc-region.el
    evil-mc-scratch.el -> evil-mc-scratch.el
    evil-mc-setup.el -> evil-mc-setup.el
    evil-mc-undo.el -> evil-mc-undo.el
    evil-mc-vars.el -> evil-mc-vars.el
    evil-mc.el -> evil-mc.el
Created evil-mc-20210206.1941.tar containing:
  evil-mc-20210206.1941/
  evil-mc-20210206.1941/evil-mc-command-execute.el
  evil-mc-20210206.1941/evil-mc-command-record.el
  evil-mc-20210206.1941/evil-mc-common.el
  evil-mc-20210206.1941/evil-mc-cursor-make.el
  evil-mc-20210206.1941/evil-mc-cursor-state.el
  evil-mc-20210206.1941/evil-mc-known-commands.el
  evil-mc-20210206.1941/evil-mc-pkg.el
  evil-mc-20210206.1941/evil-mc-region.el
  evil-mc-20210206.1941/evil-mc-scratch.el
  evil-mc-20210206.1941/evil-mc-setup.el
  evil-mc-20210206.1941/evil-mc-undo.el
  evil-mc-20210206.1941/evil-mc-vars.el
  evil-mc-20210206.1941/evil-mc.el
Built evil-mc in 4.259s, finished at Wed May 19 03:18:25 2021
 ✓ Success:
4.0K -rw-r--r-- 1 root root  485 May 19 03:18 packages/evil-mc-20210206.1941.entry
140K -rw-r--r-- 1 root root 140K May 19 03:18 packages/evil-mc-20210206.1941.tar
4.0K -rw-r--r-- 1 root root 1.2K May 19 03:18 packages/evil-mc-badge.svg
4.0K -rw-r--r-- 1 root root  564 May 19 03:18 packages/evil-mc-extras-20170202.1649.entry
 12K -rw-r--r-- 1 root root  10K May 19 03:18 packages/evil-mc-extras-20170202.1649.tar
4.0K -rw-r--r-- 1 root root 1.2K May 19 03:18 packages/evil-mc-extras-badge.svg
4.0K -rw-r--r-- 1 root root  282 May 19 03:18 packages/evil-mc-extras-readme.txt
4.0K -rw-r--r-- 1 root root  712 May 19 03:18 packages/evil-mc-extras.log
4.0K -rw-r--r-- 1 root root  244 May 19 03:18 packages/evil-mc-readme.txt
