Package: evil-dvorak
Fetcher: github
Source:  https://github.com/jbranso/evil-dvorak.git

Updating /mnt/store/melpa/working/evil-dvorak/
Checking out origin/HEAD
Checking out 824f7c56980d72a0ff04c662223540cd66f13754
Copying files (->) and directories (=>)
  from /mnt/store/melpa/working/evil-dvorak/
  to /tmp/evil-dvorakJoTWRU/evil-dvorak-20160416.1841
    evil-dvorak-pkg.el -> evil-dvorak-pkg.el
    evil-dvorak.el -> evil-dvorak.el
Created evil-dvorak-20160416.1841.tar containing:
  evil-dvorak-20160416.1841/
  evil-dvorak-20160416.1841/evil-dvorak-pkg.el
  evil-dvorak-20160416.1841/evil-dvorak.el
Built evil-dvorak in 4.302s, finished at 2021-08-17T09:41:36+0000
 ✓ Success:
4.0K -rw-r--r-- 1 root root  312 Aug 17 09:41 packages/evil-dvorak-20160416.1841.entry
 12K -rw-r--r-- 1 root root  10K Aug 17 09:41 packages/evil-dvorak-20160416.1841.tar
4.0K -rw-r--r-- 1 root root 1.2K Aug 17 09:41 packages/evil-dvorak-badge.svg
4.0K -rw-r--r-- 1 root root  250 Aug 17 09:41 packages/evil-dvorak-readme.txt
