Package: evil-fringe-mark
Fetcher: github
Source:  https://github.com/Andrew-William-Smith/evil-fringe-mark.git

Updating /mnt/store/melpa/working/evil-fringe-mark/
Copying files (->) and directories (=>)
  from /mnt/store/melpa/working/evil-fringe-mark/
  to /tmp/evil-fringe-markaB0yYM/evil-fringe-mark-20190320.453
    evil-fringe-mark-overlays.el -> evil-fringe-mark-overlays.el
    evil-fringe-mark.el -> evil-fringe-mark.el
Created evil-fringe-mark-20190320.453.tar containing:
  evil-fringe-mark-20190320.453/
  evil-fringe-mark-20190320.453/evil-fringe-mark-overlays.el
  evil-fringe-mark-20190320.453/evil-fringe-mark-pkg.el
  evil-fringe-mark-20190320.453/evil-fringe-mark.el
Built evil-fringe-mark in 3.974s, finished at Wed May 19 03:18:12 2021
 ✓ Success:
4.0K -rw-r--r-- 1 root root  487 May 19 03:18 packages/evil-fringe-mark-20190320.453.entry
 52K -rw-r--r-- 1 root root  50K May 19 03:18 packages/evil-fringe-mark-20190320.453.tar
4.0K -rw-r--r-- 1 root root 1.2K May 19 03:18 packages/evil-fringe-mark-badge.svg
4.0K -rw-r--r-- 1 root root  637 May 19 03:18 packages/evil-fringe-mark-readme.txt
