Package: evil-cleverparens
Fetcher: github
Source:  https://github.com/luxbock/evil-cleverparens.git

Updating /mnt/store/melpa/working/evil-cleverparens/
Copying files (->) and directories (=>)
  from /mnt/store/melpa/working/evil-cleverparens/
  to /tmp/evil-cleverparensF0tF3d/evil-cleverparens-20170718.413
    evil-cleverparens-text-objects.el -> evil-cleverparens-text-objects.el
    evil-cleverparens-util.el -> evil-cleverparens-util.el
    evil-cleverparens.el -> evil-cleverparens.el
Created evil-cleverparens-20170718.413.tar containing:
  evil-cleverparens-20170718.413/
  evil-cleverparens-20170718.413/evil-cleverparens-pkg.el
  evil-cleverparens-20170718.413/evil-cleverparens-text-objects.el
  evil-cleverparens-20170718.413/evil-cleverparens-util.el
  evil-cleverparens-20170718.413/evil-cleverparens.el
Built evil-cleverparens in 4.053s, finished at Wed May 19 03:17:56 2021
 ✓ Success:
4.0K -rw-r--r-- 1 root root  587 May 19 03:17 packages/evil-cleverparens-20170718.413.entry
112K -rw-r--r-- 1 root root 110K May 19 03:17 packages/evil-cleverparens-20170718.413.tar
4.0K -rw-r--r-- 1 root root 1.2K May 19 03:17 packages/evil-cleverparens-badge.svg
4.0K -rw-r--r-- 1 root root  256 May 19 03:17 packages/evil-cleverparens-readme.txt
