Package: evil-collection
Fetcher: github
Source:  https://github.com/emacs-evil/evil-collection.git

Updating /mnt/store/melpa/working/evil-collection/
Copying files (->) and directories (=>)
  from /mnt/store/melpa/working/evil-collection/
  to /tmp/evil-collectionfFMZ5g/evil-collection-20210515.1420
    evil-collection.el -> evil-collection.el
    modes => modes
Created evil-collection-20210515.1420.tar containing:
  evil-collection-20210515.1420/
  evil-collection-20210515.1420/evil-collection-pkg.el
  evil-collection-20210515.1420/evil-collection.el
  evil-collection-20210515.1420/modes/
  evil-collection-20210515.1420/modes/2048-game/
  evil-collection-20210515.1420/modes/2048-game/evil-collection-2048-game.el
  evil-collection-20210515.1420/modes/ag/
  evil-collection-20210515.1420/modes/ag/evil-collection-ag.el
  evil-collection-20210515.1420/modes/alchemist/
  evil-collection-20210515.1420/modes/alchemist/evil-collection-alchemist.el
  evil-collection-20210515.1420/modes/anaconda-mode/
  evil-collection-20210515.1420/modes/anaconda-mode/evil-collection-anaconda-mode.el
  evil-collection-20210515.1420/modes/apropos/
  evil-collection-20210515.1420/modes/apropos/evil-collection-apropos.el
  evil-collection-20210515.1420/modes/arc-mode/
  evil-collection-20210515.1420/modes/arc-mode/evil-collection-arc-mode.el
  evil-collection-20210515.1420/modes/auto-package-update/
  evil-collection-20210515.1420/modes/auto-package-update/evil-collection-auto-package-update.el
  evil-collection-20210515.1420/modes/bm/
  evil-collection-20210515.1420/modes/bm/evil-collection-bm.el
  evil-collection-20210515.1420/modes/bookmark/
  evil-collection-20210515.1420/modes/bookmark/evil-collection-bookmark.el
  evil-collection-20210515.1420/modes/buff-menu/
  evil-collection-20210515.1420/modes/buff-menu/evil-collection-buff-menu.el
  evil-collection-20210515.1420/modes/calc/
  evil-collection-20210515.1420/modes/calc/evil-collection-calc.el
  evil-collection-20210515.1420/modes/calendar/
  evil-collection-20210515.1420/modes/calendar/evil-collection-calendar.el
  evil-collection-20210515.1420/modes/cider/
  evil-collection-20210515.1420/modes/cider/evil-collection-cider.el
  evil-collection-20210515.1420/modes/cmake-mode/
  evil-collection-20210515.1420/modes/cmake-mode/evil-collection-cmake-mode.el
  evil-collection-20210515.1420/modes/comint/
  evil-collection-20210515.1420/modes/comint/evil-collection-comint.el
  evil-collection-20210515.1420/modes/company/
  evil-collection-20210515.1420/modes/company/evil-collection-company.el
  evil-collection-20210515.1420/modes/compile/
  evil-collection-20210515.1420/modes/compile/evil-collection-compile.el
  evil-collection-20210515.1420/modes/consult/
  evil-collection-20210515.1420/modes/consult/evil-collection-consult.el
  evil-collection-20210515.1420/modes/cus-theme/
  evil-collection-20210515.1420/modes/cus-theme/evil-collection-cus-theme.el
  evil-collection-20210515.1420/modes/custom/
  evil-collection-20210515.1420/modes/custom/evil-collection-custom.el
  evil-collection-20210515.1420/modes/daemons/
  evil-collection-20210515.1420/modes/daemons/evil-collection-daemons.el
  evil-collection-20210515.1420/modes/dashboard/
  evil-collection-20210515.1420/modes/dashboard/evil-collection-dashboard.el
  evil-collection-20210515.1420/modes/deadgrep/
  evil-collection-20210515.1420/modes/deadgrep/evil-collection-deadgrep.el
  evil-collection-20210515.1420/modes/debbugs/
  evil-collection-20210515.1420/modes/debbugs/evil-collection-debbugs.el
  evil-collection-20210515.1420/modes/debug/
  evil-collection-20210515.1420/modes/debug/evil-collection-debug.el
  evil-collection-20210515.1420/modes/dictionary/
  evil-collection-20210515.1420/modes/dictionary/evil-collection-dictionary.el
  evil-collection-20210515.1420/modes/diff-mode/
  evil-collection-20210515.1420/modes/diff-mode/evil-collection-diff-mode.el
  evil-collection-20210515.1420/modes/dired-sidebar/
  evil-collection-20210515.1420/modes/dired-sidebar/evil-collection-dired-sidebar.el
  evil-collection-20210515.1420/modes/dired/
  evil-collection-20210515.1420/modes/dired/evil-collection-dired.el
  evil-collection-20210515.1420/modes/disk-usage/
  evil-collection-20210515.1420/modes/disk-usage/evil-collection-disk-usage.el
  evil-collection-20210515.1420/modes/distel/
  evil-collection-20210515.1420/modes/distel/evil-collection-distel.el
  evil-collection-20210515.1420/modes/doc-view/
  evil-collection-20210515.1420/modes/doc-view/evil-collection-doc-view.el
  evil-collection-20210515.1420/modes/docker/
  evil-collection-20210515.1420/modes/docker/evil-collection-docker.el
  evil-collection-20210515.1420/modes/ebib/
  evil-collection-20210515.1420/modes/ebib/evil-collection-ebib.el
  evil-collection-20210515.1420/modes/ebuku/
  evil-collection-20210515.1420/modes/ebuku/evil-collection-ebuku.el
  evil-collection-20210515.1420/modes/edbi/
  evil-collection-20210515.1420/modes/edbi/evil-collection-edbi.el
  evil-collection-20210515.1420/modes/edebug/
  evil-collection-20210515.1420/modes/edebug/evil-collection-edebug.el
  evil-collection-20210515.1420/modes/ediff/
  evil-collection-20210515.1420/modes/ediff/README.org
  evil-collection-20210515.1420/modes/ediff/evil-collection-ediff.el
  evil-collection-20210515.1420/modes/eglot/
  evil-collection-20210515.1420/modes/eglot/evil-collection-eglot.el
  evil-collection-20210515.1420/modes/elfeed/
  evil-collection-20210515.1420/modes/elfeed/evil-collection-elfeed.el
  evil-collection-20210515.1420/modes/elisp-mode/
  evil-collection-20210515.1420/modes/elisp-mode/evil-collection-elisp-mode.el
  evil-collection-20210515.1420/modes/elisp-refs/
  evil-collection-20210515.1420/modes/elisp-refs/evil-collection-elisp-refs.el
  evil-collection-20210515.1420/modes/elisp-slime-nav/
  evil-collection-20210515.1420/modes/elisp-slime-nav/evil-collection-elisp-slime-nav.el
  evil-collection-20210515.1420/modes/embark/
  evil-collection-20210515.1420/modes/embark/evil-collection-embark.el
  evil-collection-20210515.1420/modes/emms/
  evil-collection-20210515.1420/modes/emms/evil-collection-emms.el
  evil-collection-20210515.1420/modes/epa/
  evil-collection-20210515.1420/modes/epa/evil-collection-epa.el
  evil-collection-20210515.1420/modes/ert/
  evil-collection-20210515.1420/modes/ert/evil-collection-ert.el
  evil-collection-20210515.1420/modes/eshell/
  evil-collection-20210515.1420/modes/eshell/evil-collection-eshell.el
  evil-collection-20210515.1420/modes/eval-sexp-fu/
  evil-collection-20210515.1420/modes/eval-sexp-fu/evil-collection-eval-sexp-fu.el
  evil-collection-20210515.1420/modes/evil-mc/
  evil-collection-20210515.1420/modes/evil-mc/evil-collection-evil-mc.el
  evil-collection-20210515.1420/modes/eww/
  evil-collection-20210515.1420/modes/eww/evil-collection-eww.el
  evil-collection-20210515.1420/modes/explain-pause-mode/
  evil-collection-20210515.1420/modes/explain-pause-mode/evil-collection-explain-pause-mode.el
  evil-collection-20210515.1420/modes/finder/
  evil-collection-20210515.1420/modes/finder/evil-collection-finder.el
  evil-collection-20210515.1420/modes/flycheck/
  evil-collection-20210515.1420/modes/flycheck/evil-collection-flycheck.el
  evil-collection-20210515.1420/modes/flymake/
  evil-collection-20210515.1420/modes/flymake/evil-collection-flymake.el
  evil-collection-20210515.1420/modes/free-keys/
  evil-collection-20210515.1420/modes/free-keys/evil-collection-free-keys.el
  evil-collection-20210515.1420/modes/geiser/
  evil-collection-20210515.1420/modes/geiser/evil-collection-geiser.el
  evil-collection-20210515.1420/modes/ggtags/
  evil-collection-20210515.1420/modes/ggtags/evil-collection-ggtags.el
  evil-collection-20210515.1420/modes/git-timemachine/
  evil-collection-20210515.1420/modes/git-timemachine/evil-collection-git-timemachine.el
  evil-collection-20210515.1420/modes/gnus/
  evil-collection-20210515.1420/modes/gnus/evil-collection-gnus.el
  evil-collection-20210515.1420/modes/go-mode/
  evil-collection-20210515.1420/modes/go-mode/evil-collection-go-mode.el
  evil-collection-20210515.1420/modes/grep/
  evil-collection-20210515.1420/modes/grep/evil-collection-grep.el
  evil-collection-20210515.1420/modes/guix/
  evil-collection-20210515.1420/modes/guix/evil-collection-guix.el
  evil-collection-20210515.1420/modes/hackernews/
  evil-collection-20210515.1420/modes/hackernews/evil-collection-hackernews.el
  evil-collection-20210515.1420/modes/helm/
  evil-collection-20210515.1420/modes/helm/evil-collection-helm.el
  evil-collection-20210515.1420/modes/help/
  evil-collection-20210515.1420/modes/help/evil-collection-help.el
  evil-collection-20210515.1420/modes/helpful/
  evil-collection-20210515.1420/modes/helpful/evil-collection-helpful.el
  evil-collection-20210515.1420/modes/hg-histedit/
  evil-collection-20210515.1420/modes/hg-histedit/evil-collection-hg-histedit.el
  evil-collection-20210515.1420/modes/hungry-delete/
  evil-collection-20210515.1420/modes/hungry-delete/evil-collection-hungry-delete.el
  evil-collection-20210515.1420/modes/ibuffer/
  evil-collection-20210515.1420/modes/ibuffer/evil-collection-ibuffer.el
  evil-collection-20210515.1420/modes/image+/
  evil-collection-20210515.1420/modes/image+/evil-collection-image+.el
  evil-collection-20210515.1420/modes/image-dired/
  evil-collection-20210515.1420/modes/image-dired/evil-collection-image-dired.el
  evil-collection-20210515.1420/modes/image/
  evil-collection-20210515.1420/modes/image/evil-collection-image.el
  evil-collection-20210515.1420/modes/imenu-list/
  evil-collection-20210515.1420/modes/imenu-list/evil-collection-imenu-list.el
  evil-collection-20210515.1420/modes/imenu/
  evil-collection-20210515.1420/modes/imenu/evil-collection-imenu.el
  evil-collection-20210515.1420/modes/indent/
  evil-collection-20210515.1420/modes/indent/evil-collection-indent.el
  evil-collection-20210515.1420/modes/indium/
  evil-collection-20210515.1420/modes/indium/evil-collection-indium.el
  evil-collection-20210515.1420/modes/info/
  evil-collection-20210515.1420/modes/info/evil-collection-info.el
  evil-collection-20210515.1420/modes/ivy/
  evil-collection-20210515.1420/modes/ivy/evil-collection-ivy.el
  evil-collection-20210515.1420/modes/js2-mode/
  evil-collection-20210515.1420/modes/js2-mode/evil-collection-js2-mode.el
  evil-collection-20210515.1420/modes/kotlin-mode/
  evil-collection-20210515.1420/modes/kotlin-mode/evil-collection-kotlin-mode.el
  evil-collection-20210515.1420/modes/leetcode/
  evil-collection-20210515.1420/modes/leetcode/evil-collection-leetcode.el
  evil-collection-20210515.1420/modes/lispy/
  evil-collection-20210515.1420/modes/lispy/evil-collection-lispy.el
  evil-collection-20210515.1420/modes/log-edit/
  evil-collection-20210515.1420/modes/log-edit/evil-collection-log-edit.el
  evil-collection-20210515.1420/modes/log-view/
  evil-collection-20210515.1420/modes/log-view/evil-collection-log-view.el
  evil-collection-20210515.1420/modes/lsp-ui-imenu/
  evil-collection-20210515.1420/modes/lsp-ui-imenu/evil-collection-lsp-ui-imenu.el
  evil-collection-20210515.1420/modes/lua-mode/
  evil-collection-20210515.1420/modes/lua-mode/evil-collection-lua-mode.el
  evil-collection-20210515.1420/modes/macrostep/
  evil-collection-20210515.1420/modes/macrostep/evil-collection-macrostep.el
  evil-collection-20210515.1420/modes/magit-todos/
  evil-collection-20210515.1420/modes/magit-todos/evil-collection-magit-todos.el
  evil-collection-20210515.1420/modes/magit/
  evil-collection-20210515.1420/modes/magit/README.org
  evil-collection-20210515.1420/modes/magit/evil-collection-magit.el
  evil-collection-20210515.1420/modes/man/
  evil-collection-20210515.1420/modes/man/evil-collection-man.el
  evil-collection-20210515.1420/modes/minibuffer/
  evil-collection-20210515.1420/modes/minibuffer/evil-collection-minibuffer.el
  evil-collection-20210515.1420/modes/monky/
  evil-collection-20210515.1420/modes/monky/evil-collection-monky.el
  evil-collection-20210515.1420/modes/mpdel/
  evil-collection-20210515.1420/modes/mpdel/evil-collection-mpdel.el
  evil-collection-20210515.1420/modes/mu4e-conversation/
  evil-collection-20210515.1420/modes/mu4e-conversation/evil-collection-mu4e-conversation.el
  evil-collection-20210515.1420/modes/mu4e/
  evil-collection-20210515.1420/modes/mu4e/evil-collection-mu4e.el
  evil-collection-20210515.1420/modes/neotree/
  evil-collection-20210515.1420/modes/neotree/evil-collection-neotree.el
  evil-collection-20210515.1420/modes/newsticker/
  evil-collection-20210515.1420/modes/newsticker/evil-collection-newsticker.el
  evil-collection-20210515.1420/modes/notmuch/
  evil-collection-20210515.1420/modes/notmuch/evil-collection-notmuch.el
  evil-collection-20210515.1420/modes/nov/
  evil-collection-20210515.1420/modes/nov/evil-collection-nov.el
  evil-collection-20210515.1420/modes/occur/
  evil-collection-20210515.1420/modes/occur/evil-collection-occur.el
  evil-collection-20210515.1420/modes/omnisharp/
  evil-collection-20210515.1420/modes/omnisharp/evil-collection-omnisharp.el
  evil-collection-20210515.1420/modes/org-present/
  evil-collection-20210515.1420/modes/org-present/evil-collection-org-present.el
  evil-collection-20210515.1420/modes/osx-dictionary/
  evil-collection-20210515.1420/modes/osx-dictionary/evil-collection-osx-dictionary.el
  evil-collection-20210515.1420/modes/outline/
  evil-collection-20210515.1420/modes/outline/evil-collection-outline.el
  evil-collection-20210515.1420/modes/p4/
  evil-collection-20210515.1420/modes/p4/evil-collection-p4.el
  evil-collection-20210515.1420/modes/package-menu/
  evil-collection-20210515.1420/modes/package-menu/evil-collection-package-menu.el
  evil-collection-20210515.1420/modes/pass/
  evil-collection-20210515.1420/modes/pass/evil-collection-pass.el
  evil-collection-20210515.1420/modes/pdf/
  evil-collection-20210515.1420/modes/pdf/evil-collection-pdf.el
  evil-collection-20210515.1420/modes/popup/
  evil-collection-20210515.1420/modes/popup/evil-collection-popup.el
  evil-collection-20210515.1420/modes/proced/
  evil-collection-20210515.1420/modes/proced/evil-collection-proced.el
  evil-collection-20210515.1420/modes/process-menu/
  evil-collection-20210515.1420/modes/process-menu/evil-collection-process-menu.el
  evil-collection-20210515.1420/modes/prodigy/
  evil-collection-20210515.1420/modes/prodigy/evil-collection-prodigy.el
  evil-collection-20210515.1420/modes/profiler/
  evil-collection-20210515.1420/modes/profiler/evil-collection-profiler.el
  evil-collection-20210515.1420/modes/python/
  evil-collection-20210515.1420/modes/python/evil-collection-python.el
  evil-collection-20210515.1420/modes/quickrun/
  evil-collection-20210515.1420/modes/quickrun/evil-collection-quickrun.el
  evil-collection-20210515.1420/modes/racer/
  evil-collection-20210515.1420/modes/racer/evil-collection-racer.el
  evil-collection-20210515.1420/modes/racket-describe/
  evil-collection-20210515.1420/modes/racket-describe/evil-collection-racket-describe.el
  evil-collection-20210515.1420/modes/realgud/
  evil-collection-20210515.1420/modes/realgud/evil-collection-realgud.el
  evil-collection-20210515.1420/modes/reftex/
  evil-collection-20210515.1420/modes/reftex/evil-collection-reftex.el
  evil-collection-20210515.1420/modes/restclient/
  evil-collection-20210515.1420/modes/restclient/evil-collection-restclient.el
  evil-collection-20210515.1420/modes/rg/
  evil-collection-20210515.1420/modes/rg/evil-collection-rg.el
  evil-collection-20210515.1420/modes/ripgrep/
  evil-collection-20210515.1420/modes/ripgrep/evil-collection-ripgrep.el
  evil-collection-20210515.1420/modes/rjsx-mode/
  evil-collection-20210515.1420/modes/rjsx-mode/evil-collection-rjsx-mode.el
  evil-collection-20210515.1420/modes/robe/
  evil-collection-20210515.1420/modes/robe/evil-collection-robe.el
  evil-collection-20210515.1420/modes/rtags/
  evil-collection-20210515.1420/modes/rtags/evil-collection-rtags.el
  evil-collection-20210515.1420/modes/ruby-mode/
  evil-collection-20210515.1420/modes/ruby-mode/evil-collection-ruby-mode.el
  evil-collection-20210515.1420/modes/scroll-lock/
  evil-collection-20210515.1420/modes/scroll-lock/evil-collection-scroll-lock.el
  evil-collection-20210515.1420/modes/sh-script/
  evil-collection-20210515.1420/modes/sh-script/evil-collection-sh-script.el
  evil-collection-20210515.1420/modes/shortdoc/
  evil-collection-20210515.1420/modes/shortdoc/evil-collection-shortdoc.el
  evil-collection-20210515.1420/modes/simple/
  evil-collection-20210515.1420/modes/simple/evil-collection-simple.el
  evil-collection-20210515.1420/modes/slime/
  evil-collection-20210515.1420/modes/slime/evil-collection-slime.el
  evil-collection-20210515.1420/modes/sly/
  evil-collection-20210515.1420/modes/sly/evil-collection-sly.el
  evil-collection-20210515.1420/modes/speedbar/
  evil-collection-20210515.1420/modes/speedbar/evil-collection-speedbar.el
  evil-collection-20210515.1420/modes/tab-bar/
  evil-collection-20210515.1420/modes/tab-bar/evil-collection-tab-bar.el
  evil-collection-20210515.1420/modes/tablist/
  evil-collection-20210515.1420/modes/tablist/evil-collection-tablist.el
  evil-collection-20210515.1420/modes/tabulated-list/
  evil-collection-20210515.1420/modes/tabulated-list/evil-collection-tabulated-list.el
  evil-collection-20210515.1420/modes/tar-mode/
  evil-collection-20210515.1420/modes/tar-mode/evil-collection-tar-mode.el
  evil-collection-20210515.1420/modes/term/
  evil-collection-20210515.1420/modes/term/evil-collection-term.el
  evil-collection-20210515.1420/modes/tetris/
  evil-collection-20210515.1420/modes/tetris/evil-collection-tetris.el
  evil-collection-20210515.1420/modes/thread/
  evil-collection-20210515.1420/modes/thread/evil-collection-thread.el
  evil-collection-20210515.1420/modes/tide/
  evil-collection-20210515.1420/modes/tide/evil-collection-tide.el
  evil-collection-20210515.1420/modes/timer-list/
  evil-collection-20210515.1420/modes/timer-list/evil-collection-timer-list.el
  evil-collection-20210515.1420/modes/transmission/
  evil-collection-20210515.1420/modes/transmission/evil-collection-transmission.el
  evil-collection-20210515.1420/modes/trashed/
  evil-collection-20210515.1420/modes/trashed/evil-collection-trashed.el
  evil-collection-20210515.1420/modes/typescript-mode/
  evil-collection-20210515.1420/modes/typescript-mode/evil-collection-typescript-mode.el
  evil-collection-20210515.1420/modes/unimpaired/
  evil-collection-20210515.1420/modes/unimpaired/evil-collection-unimpaired.el
  evil-collection-20210515.1420/modes/vc-annotate/
  evil-collection-20210515.1420/modes/vc-annotate/evil-collection-vc-annotate.el
  evil-collection-20210515.1420/modes/vc-dir/
  evil-collection-20210515.1420/modes/vc-dir/evil-collection-vc-dir.el
  evil-collection-20210515.1420/modes/vc-git/
  evil-collection-20210515.1420/modes/vc-git/evil-collection-vc-git.el
  evil-collection-20210515.1420/modes/vdiff/
  evil-collection-20210515.1420/modes/vdiff/evil-collection-vdiff.el
  evil-collection-20210515.1420/modes/view/
  evil-collection-20210515.1420/modes/view/evil-collection-view.el
  evil-collection-20210515.1420/modes/vlf/
  evil-collection-20210515.1420/modes/vlf/evil-collection-vlf.el
  evil-collection-20210515.1420/modes/vterm/
  evil-collection-20210515.1420/modes/vterm/evil-collection-vterm.el
  evil-collection-20210515.1420/modes/w3m/
  evil-collection-20210515.1420/modes/w3m/evil-collection-w3m.el
  evil-collection-20210515.1420/modes/wdired/
  evil-collection-20210515.1420/modes/wdired/evil-collection-wdired.el
  evil-collection-20210515.1420/modes/wgrep/
  evil-collection-20210515.1420/modes/wgrep/evil-collection-wgrep.el
  evil-collection-20210515.1420/modes/which-key/
  evil-collection-20210515.1420/modes/which-key/evil-collection-which-key.el
  evil-collection-20210515.1420/modes/woman/
  evil-collection-20210515.1420/modes/woman/evil-collection-woman.el
  evil-collection-20210515.1420/modes/xref/
  evil-collection-20210515.1420/modes/xref/evil-collection-xref.el
  evil-collection-20210515.1420/modes/xwidget/
  evil-collection-20210515.1420/modes/xwidget/evil-collection-xwidget.el
  evil-collection-20210515.1420/modes/youtube-dl/
  evil-collection-20210515.1420/modes/youtube-dl/evil-collection-youtube-dl.el
  evil-collection-20210515.1420/modes/zmusic/
  evil-collection-20210515.1420/modes/zmusic/evil-collection-zmusic.el
  evil-collection-20210515.1420/modes/ztree/
  evil-collection-20210515.1420/modes/ztree/evil-collection-ztree.el
Built evil-collection in 8.550s, finished at Wed May 19 03:18:05 2021
 ✓ Success:
4.0K -rw-r--r-- 1 root root  444 May 19 03:18 packages/evil-collection-20210515.1420.entry
820K -rw-r--r-- 1 root root 820K May 19 03:18 packages/evil-collection-20210515.1420.tar
4.0K -rw-r--r-- 1 root root 1.2K May 19 03:18 packages/evil-collection-badge.svg
4.0K -rw-r--r-- 1 root root  301 May 19 03:18 packages/evil-collection-readme.txt
