Package: evil-mc-extras
Fetcher: github
Source:  https://github.com/gabesoft/evil-mc-extras.git

Updating /mnt/store/melpa/working/evil-mc-extras/
Copying files (->) and directories (=>)
  from /mnt/store/melpa/working/evil-mc-extras/
  to /tmp/evil-mc-extras9kigu1/evil-mc-extras-20170202.1649
    evil-mc-extras-num.el -> evil-mc-extras-num.el
    evil-mc-extras.el -> evil-mc-extras.el
Created evil-mc-extras-20170202.1649.tar containing:
  evil-mc-extras-20170202.1649/
  evil-mc-extras-20170202.1649/evil-mc-extras-num.el
  evil-mc-extras-20170202.1649/evil-mc-extras-pkg.el
  evil-mc-extras-20170202.1649/evil-mc-extras.el
Built evil-mc-extras in 4.360s, finished at Wed May 19 03:18:25 2021
 ✓ Success:
4.0K -rw-r--r-- 1 root root  564 May 19 03:18 packages/evil-mc-extras-20170202.1649.entry
 12K -rw-r--r-- 1 root root  10K May 19 03:18 packages/evil-mc-extras-20170202.1649.tar
4.0K -rw-r--r-- 1 root root 1.2K May 19 03:18 packages/evil-mc-extras-badge.svg
4.0K -rw-r--r-- 1 root root  282 May 19 03:18 packages/evil-mc-extras-readme.txt
