Package: evil-nerd-commenter
Fetcher: github
Source:  https://github.com/redguardtoo/evil-nerd-commenter.git

Updating /mnt/store/melpa/working/evil-nerd-commenter/
Checking out origin/HEAD
Checking out 6bc41317ba4b8710d713a62e1b78047c3cc2d2d5
Copying files (->) and directories (=>)
  from /mnt/store/melpa/working/evil-nerd-commenter/
  to /tmp/evil-nerd-commenterljPmp5/evil-nerd-commenter-20210719.1305
    evil-nerd-commenter-operator.el -> evil-nerd-commenter-operator.el
    evil-nerd-commenter-sdk.el -> evil-nerd-commenter-sdk.el
    evil-nerd-commenter.el -> evil-nerd-commenter.el
Created evil-nerd-commenter-20210719.1305.tar containing:
  evil-nerd-commenter-20210719.1305/
  evil-nerd-commenter-20210719.1305/evil-nerd-commenter-operator.el
  evil-nerd-commenter-20210719.1305/evil-nerd-commenter-pkg.el
  evil-nerd-commenter-20210719.1305/evil-nerd-commenter-sdk.el
  evil-nerd-commenter-20210719.1305/evil-nerd-commenter.el
Built evil-nerd-commenter in 9.210s, finished at 2021-08-17T09:42:12+0000
 ✓ Success:
4.0K -rw-r--r-- 1 root root  462 Aug 17 09:42 packages/evil-nerd-commenter-20210719.1305.entry
 60K -rw-r--r-- 1 root root  60K Aug 17 09:42 packages/evil-nerd-commenter-20210719.1305.tar
4.0K -rw-r--r-- 1 root root 1.2K Aug 17 09:42 packages/evil-nerd-commenter-badge.svg
4.0K -rw-r--r-- 1 root root 3.9K Aug 17 09:42 packages/evil-nerd-commenter-readme.txt
