Package: ewal-doom-themes
Fetcher: github
Source:  https://github.com/wurosh/ewal.git

Updating /mnt/store/melpa/working/ewal-doom-themes/
Copying files (->) and directories (=>)
  from /mnt/store/melpa/working/ewal-doom-themes/
  to /tmp/ewal-doom-themest65MhZ/ewal-doom-themes-20200922.325
  ! doom-themes/ewal-doom-one-theme.el -> ewal-doom-one-theme.el
  ! doom-themes/ewal-doom-themes.el -> ewal-doom-themes.el
  ! doom-themes/ewal-doom-vibrant-theme.el -> ewal-doom-vibrant-theme.el
Created ewal-doom-themes-20200922.325.tar containing:
  ewal-doom-themes-20200922.325/
  ewal-doom-themes-20200922.325/ewal-doom-one-theme.el
  ewal-doom-themes-20200922.325/ewal-doom-themes-pkg.el
  ewal-doom-themes-20200922.325/ewal-doom-themes.el
  ewal-doom-themes-20200922.325/ewal-doom-vibrant-theme.el
Built ewal-doom-themes in 4.605s, finished at Wed May 19 03:19:28 2021
 ✓ Success:
4.0K -rw-r--r-- 1 root root  382 May 19 03:19 packages/ewal-doom-themes-20200922.325.entry
 32K -rw-r--r-- 1 root root  30K May 19 03:19 packages/ewal-doom-themes-20200922.325.tar
4.0K -rw-r--r-- 1 root root 1.2K May 19 03:19 packages/ewal-doom-themes-badge.svg
4.0K -rw-r--r-- 1 root root   85 May 19 03:19 packages/ewal-doom-themes-readme.txt
