Package: expand-region
Fetcher: github
Source:  https://github.com/magnars/expand-region.el.git

Updating /mnt/store/melpa/working/expand-region/
Copying files (->) and directories (=>)
  from /mnt/store/melpa/working/expand-region/
  to /tmp/expand-regionfLVcYE/expand-region-20200304.1839
    cc-mode-expansions.el -> cc-mode-expansions.el
    clojure-mode-expansions.el -> clojure-mode-expansions.el
    cperl-mode-expansions.el -> cperl-mode-expansions.el
    css-mode-expansions.el -> css-mode-expansions.el
    enh-ruby-mode-expansions.el -> enh-ruby-mode-expansions.el
    er-basic-expansions.el -> er-basic-expansions.el
    erlang-mode-expansions.el -> erlang-mode-expansions.el
    expand-region-core.el -> expand-region-core.el
    expand-region-custom.el -> expand-region-custom.el
    expand-region-pkg.el -> expand-region-pkg.el
    expand-region.el -> expand-region.el
    feature-mode-expansions.el -> feature-mode-expansions.el
    html-mode-expansions.el -> html-mode-expansions.el
    js-mode-expansions.el -> js-mode-expansions.el
    js2-mode-expansions.el -> js2-mode-expansions.el
    jsp-expansions.el -> jsp-expansions.el
    latex-mode-expansions.el -> latex-mode-expansions.el
    nxml-mode-expansions.el -> nxml-mode-expansions.el
    octave-expansions.el -> octave-expansions.el
    python-el-expansions.el -> python-el-expansions.el
    python-el-fgallina-expansions.el -> python-el-fgallina-expansions.el
    python-mode-expansions.el -> python-mode-expansions.el
    ruby-mode-expansions.el -> ruby-mode-expansions.el
    sml-mode-expansions.el -> sml-mode-expansions.el
    subword-mode-expansions.el -> subword-mode-expansions.el
    text-mode-expansions.el -> text-mode-expansions.el
    the-org-mode-expansions.el -> the-org-mode-expansions.el
    web-mode-expansions.el -> web-mode-expansions.el
Created expand-region-20200304.1839.tar containing:
  expand-region-20200304.1839/
  expand-region-20200304.1839/cc-mode-expansions.el
  expand-region-20200304.1839/clojure-mode-expansions.el
  expand-region-20200304.1839/cperl-mode-expansions.el
  expand-region-20200304.1839/css-mode-expansions.el
  expand-region-20200304.1839/enh-ruby-mode-expansions.el
  expand-region-20200304.1839/er-basic-expansions.el
  expand-region-20200304.1839/erlang-mode-expansions.el
  expand-region-20200304.1839/expand-region-core.el
  expand-region-20200304.1839/expand-region-custom.el
  expand-region-20200304.1839/expand-region-pkg.el
  expand-region-20200304.1839/expand-region.el
  expand-region-20200304.1839/feature-mode-expansions.el
  expand-region-20200304.1839/html-mode-expansions.el
  expand-region-20200304.1839/js-mode-expansions.el
  expand-region-20200304.1839/js2-mode-expansions.el
  expand-region-20200304.1839/jsp-expansions.el
  expand-region-20200304.1839/latex-mode-expansions.el
  expand-region-20200304.1839/nxml-mode-expansions.el
  expand-region-20200304.1839/octave-expansions.el
  expand-region-20200304.1839/python-el-expansions.el
  expand-region-20200304.1839/python-el-fgallina-expansions.el
  expand-region-20200304.1839/python-mode-expansions.el
  expand-region-20200304.1839/ruby-mode-expansions.el
  expand-region-20200304.1839/sml-mode-expansions.el
  expand-region-20200304.1839/subword-mode-expansions.el
  expand-region-20200304.1839/text-mode-expansions.el
  expand-region-20200304.1839/the-org-mode-expansions.el
  expand-region-20200304.1839/web-mode-expansions.el
Built expand-region in 4.221s, finished at Wed May 19 03:19:37 2021
 ✓ Success:
4.0K -rw-r--r-- 1 root root  304 May 19 03:19 packages/expand-region-20200304.1839.entry
140K -rw-r--r-- 1 root root 140K May 19 03:19 packages/expand-region-20200304.1839.tar
4.0K -rw-r--r-- 1 root root 1.2K May 19 03:19 packages/expand-region-badge.svg
8.0K -rw-r--r-- 1 root root 4.2K May 19 03:19 packages/expand-region-readme.txt
