Package: exwm-x
Fetcher: github
Source:  https://github.com/tumashu/exwm-x.git

Updating /mnt/store/melpa/working/exwm-x/
Checking out origin/HEAD
Checking out 2ab026f407b011a8e8380c889990e85e69cb3a4e
Copying files (->) and directories (=>)
  from /mnt/store/melpa/working/exwm-x/
  to /tmp/exwm-xDt0SII/exwm-x-20210419.950
    exwm-x.el -> exwm-x.el
    exwmx-appconfig.el -> exwmx-appconfig.el
    exwmx-appmenu.el -> exwmx-appmenu.el
    exwmx-button.el -> exwmx-button.el
    exwmx-core.el -> exwmx-core.el
    exwmx-dmenu.el -> exwmx-dmenu.el
    exwmx-example.el -> exwmx-example.el
    exwmx-floating.el -> exwmx-floating.el
    exwmx-grocery.el -> exwmx-grocery.el
    exwmx-loader.el -> exwmx-loader.el
    exwmx-quickrun.el -> exwmx-quickrun.el
    exwmx-sendstring.el -> exwmx-sendstring.el
    exwmx-xfce.el -> exwmx-xfce.el
Created exwm-x-20210419.950.tar containing:
  exwm-x-20210419.950/
  exwm-x-20210419.950/exwm-x-pkg.el
  exwm-x-20210419.950/exwm-x.el
  exwm-x-20210419.950/exwmx-appconfig.el
  exwm-x-20210419.950/exwmx-appmenu.el
  exwm-x-20210419.950/exwmx-button.el
  exwm-x-20210419.950/exwmx-core.el
  exwm-x-20210419.950/exwmx-dmenu.el
  exwm-x-20210419.950/exwmx-example.el
  exwm-x-20210419.950/exwmx-floating.el
  exwm-x-20210419.950/exwmx-grocery.el
  exwm-x-20210419.950/exwmx-loader.el
  exwm-x-20210419.950/exwmx-quickrun.el
  exwm-x-20210419.950/exwmx-sendstring.el
  exwm-x-20210419.950/exwmx-xfce.el
Built exwm-x in 3.543s, finished at 2021-08-17T09:43:20+0000
 ✓ Success:
4.0K -rw-r--r-- 1 root root  402 Aug 17 09:43 packages/exwm-x-20210419.950.entry
100K -rw-r--r-- 1 root root 100K Aug 17 09:43 packages/exwm-x-20210419.950.tar
4.0K -rw-r--r-- 1 root root 1.2K Aug 17 09:43 packages/exwm-x-badge.svg
 12K -rw-r--r-- 1 root root 9.9K Aug 17 09:43 packages/exwm-x-readme.txt
