Package: eziam-theme
Fetcher: github
Source:  https://github.com/thblt/eziam-theme-emacs.git

Updating /mnt/store/melpa/working/eziam-theme/
Copying files (->) and directories (=>)
  from /mnt/store/melpa/working/eziam-theme/
  to /tmp/eziam-themeX2Ohig/eziam-theme-20200327.1810
    eziam-common.el -> eziam-common.el
    eziam-dark-theme.el -> eziam-dark-theme.el
    eziam-dusk-theme.el -> eziam-dusk-theme.el
    eziam-light-theme.el -> eziam-light-theme.el
    eziam-theme-pkg.el -> eziam-theme-pkg.el
Created eziam-theme-20200327.1810.tar containing:
  eziam-theme-20200327.1810/
  eziam-theme-20200327.1810/eziam-common.el
  eziam-theme-20200327.1810/eziam-dark-theme.el
  eziam-theme-20200327.1810/eziam-dusk-theme.el
  eziam-theme-20200327.1810/eziam-light-theme.el
  eziam-theme-20200327.1810/eziam-theme-pkg.el
Built eziam-theme in 3.990s, finished at Wed May 19 03:19:51 2021
 ✓ Success:
4.0K -rw-r--r-- 1 root root  206 May 19 03:19 packages/eziam-theme-20200327.1810.entry
112K -rw-r--r-- 1 root root 110K May 19 03:19 packages/eziam-theme-20200327.1810.tar
4.0K -rw-r--r-- 1 root root 1.2K May 19 03:19 packages/eziam-theme-badge.svg
