Package: fabric
Fetcher: github
Source:  https://github.com/nlamirault/fabric.el.git

Updating /mnt/store/melpa/working/fabric/
Copying files (->) and directories (=>)
  from /mnt/store/melpa/working/fabric/
  to /tmp/fabricRsNlon/fabric-20171116.656
    fabric.el -> fabric.el
    fabric.el-pkg.el -> fabric.el-pkg.el
Created fabric-20171116.656.tar containing:
  fabric-20171116.656/
  fabric-20171116.656/fabric-pkg.el
  fabric-20171116.656/fabric.el
  fabric-20171116.656/fabric.el-pkg.el
Built fabric in 4.547s, finished at Wed May 19 03:19:53 2021
 ✓ Success:
4.0K -rw-r--r-- 1 root root  358 May 19 03:19 packages/fabric-20171116.656.entry
 12K -rw-r--r-- 1 root root  10K May 19 03:19 packages/fabric-20171116.656.tar
4.0K -rw-r--r-- 1 root root 1.2K May 19 03:19 packages/fabric-badge.svg
4.0K -rw-r--r-- 1 root root  154 May 19 03:19 packages/fabric-readme.txt
