Package: farmhouse-theme
Fetcher: github
Source:  https://github.com/mattly/emacs-farmhouse-theme.git

Updating /mnt/store/melpa/working/farmhouse-theme/
Copying files (->) and directories (=>)
  from /mnt/store/melpa/working/farmhouse-theme/
  to /tmp/farmhouse-themeP9OSjQ/farmhouse-theme-20160713.2244
    farmhouse-dark-theme.el -> farmhouse-dark-theme.el
    farmhouse-light-theme.el -> farmhouse-light-theme.el
    farmhouse-theme-common.el -> farmhouse-theme-common.el
    farmhouse-theme-pkg.el -> farmhouse-theme-pkg.el
Created farmhouse-theme-20160713.2244.tar containing:
  farmhouse-theme-20160713.2244/
  farmhouse-theme-20160713.2244/farmhouse-dark-theme.el
  farmhouse-theme-20160713.2244/farmhouse-light-theme.el
  farmhouse-theme-20160713.2244/farmhouse-theme-common.el
  farmhouse-theme-20160713.2244/farmhouse-theme-pkg.el
Built farmhouse-theme in 5.286s, finished at Wed May 19 03:20:06 2021
 ✓ Success:
4.0K -rw-r--r-- 1 root root  147 May 19 03:20 packages/farmhouse-theme-20160713.2244.entry
 32K -rw-r--r-- 1 root root  30K May 19 03:20 packages/farmhouse-theme-20160713.2244.tar
4.0K -rw-r--r-- 1 root root 1.2K May 19 03:20 packages/farmhouse-theme-badge.svg
