Package: feather
Fetcher: github
Source:  https://github.com/conao3/feather.el.git

Updating /mnt/store/melpa/working/feather/
Checking out origin/HEAD
Checking out 3f19293dada8bf368e9f86f783610e7ca0a51ecb
Copying files (->) and directories (=>)
  from /mnt/store/melpa/working/feather/
  to /tmp/featherQl1vjA/feather-20200321.1237
    feather-dashboard.el -> feather-dashboard.el
    feather.el -> feather.el
Created feather-20200321.1237.tar containing:
  feather-20200321.1237/
  feather-20200321.1237/feather-dashboard.el
  feather-20200321.1237/feather-pkg.el
  feather-20200321.1237/feather.el
Built feather in 4.722s, finished at 2021-08-17T09:43:43+0000
 ✓ Success:
4.0K -rw-r--r-- 1 root root  482 Aug 17 09:43 packages/feather-20200321.1237.entry
 40K -rw-r--r-- 1 root root  40K Aug 17 09:43 packages/feather-20200321.1237.tar
4.0K -rw-r--r-- 1 root root 1.2K Aug 17 09:43 packages/feather-badge.svg
4.0K -rw-r--r-- 1 root root   46 Aug 17 09:43 packages/feather-readme.txt
