Package: finalize
Fetcher: github
Source:  https://github.com/skeeto/elisp-finalize.git

Updating /mnt/store/melpa/working/finalize/
Copying files (->) and directories (=>)
  from /mnt/store/melpa/working/finalize/
  to /tmp/finalizeoOyRTa/finalize-20170418.1945
    finalizable.el -> finalizable.el
    finalize-pkg.el -> finalize-pkg.el
    finalize.el -> finalize.el
Created finalize-20170418.1945.tar containing:
  finalize-20170418.1945/
  finalize-20170418.1945/finalizable.el
  finalize-20170418.1945/finalize-pkg.el
  finalize-20170418.1945/finalize.el
Built finalize in 3.781s, finished at Wed May 19 03:20:27 2021
 ✓ Success:
4.0K -rw-r--r-- 1 root root  439 May 19 03:20 packages/finalize-20170418.1945.entry
 12K -rw-r--r-- 1 root root  10K May 19 03:20 packages/finalize-20170418.1945.tar
4.0K -rw-r--r-- 1 root root 1.2K May 19 03:20 packages/finalize-badge.svg
4.0K -rw-r--r-- 1 root root 1.2K May 19 03:20 packages/finalize-readme.txt
