Package: fiplr
Fetcher: github
Source:  https://github.com/grizzl/fiplr.git

Updating /mnt/store/melpa/working/fiplr/
Checking out origin/HEAD
Checking out 3f50159fd42125440d5b0eb9d6398560461f030b
Copying files (->) and directories (=>)
  from /mnt/store/melpa/working/fiplr/
  to /tmp/fiplrGA2jXb/fiplr-20140724.645
    fiplr-pkg.el -> fiplr-pkg.el
    fiplr.el -> fiplr.el
Created fiplr-20140724.645.tar containing:
  fiplr-20140724.645/
  fiplr-20140724.645/fiplr-pkg.el
  fiplr-20140724.645/fiplr.el
Built fiplr in 4.227s, finished at 2021-08-17T09:44:09+0000
 ✓ Success:
4.0K -rw-r--r-- 1 root root  384 Aug 17 09:44 packages/fiplr-20140724.645.entry
 20K -rw-r--r-- 1 root root  20K Aug 17 09:44 packages/fiplr-20140724.645.tar
4.0K -rw-r--r-- 1 root root 1.2K Aug 17 09:44 packages/fiplr-badge.svg
