Package: flutter
Fetcher: github
Source:  https://github.com/amake/flutter.el.git

Updating /mnt/store/melpa/working/flutter/
Copying files (->) and directories (=>)
  from /mnt/store/melpa/working/flutter/
  to /tmp/flutterai3uaA/flutter-20210304.1341
    flutter.el -> flutter.el
    flutter-project.el -> flutter-project.el
    flutter-l10n.el -> flutter-l10n.el
Created flutter-20210304.1341.tar containing:
  flutter-20210304.1341/
  flutter-20210304.1341/flutter-l10n.el
  flutter-20210304.1341/flutter-pkg.el
  flutter-20210304.1341/flutter-project.el
  flutter-20210304.1341/flutter.el
Built flutter in 5.111s, finished at Wed May 19 03:21:13 2021
 ✓ Success:
4.0K -rw-r--r-- 1 root root  318 May 19 03:21 packages/flutter-20210304.1341.entry
 32K -rw-r--r-- 1 root root  30K May 19 03:21 packages/flutter-20210304.1341.tar
4.0K -rw-r--r-- 1 root root 1.2K May 19 03:21 packages/flutter-badge.svg
4.0K -rw-r--r-- 1 root root 2.6K May 19 00:06 packages/flutter-l10n-flycheck-20200221.1415.el
4.0K -rw-r--r-- 1 root root  397 May 19 00:06 packages/flutter-l10n-flycheck-20200221.1415.entry
4.0K -rw-r--r-- 1 root root 1.2K May 19 00:06 packages/flutter-l10n-flycheck-badge.svg
4.0K -rw-r--r-- 1 root root  123 May 19 00:06 packages/flutter-l10n-flycheck-readme.txt
4.0K -rw-r--r-- 1 root root  154 May 19 03:21 packages/flutter-l10n-flycheck.log
4.0K -rw-r--r-- 1 root root  142 May 19 03:21 packages/flutter-readme.txt
