Package: flx
Fetcher: github
Source:  https://github.com/lewang/flx.git

Updating /mnt/store/melpa/working/flx/
Built flx in 6.530s, finished at Wed May 19 03:21:17 2021
 ✓ Success:
 16K -rw-r--r-- 1 root root  16K May 19 03:21 packages/flx-20191115.659.el
4.0K -rw-r--r-- 1 root root  275 May 19 03:21 packages/flx-20191115.659.entry
4.0K -rw-r--r-- 1 root root 1.2K May 19 03:21 packages/flx-badge.svg
 12K -rw-r--r-- 1 root root 9.9K May 19 00:06 packages/flx-ido-20180117.1519.el
4.0K -rw-r--r-- 1 root root  279 May 19 00:06 packages/flx-ido-20180117.1519.entry
4.0K -rw-r--r-- 1 root root 1.2K May 19 00:06 packages/flx-ido-badge.svg
4.0K -rw-r--r-- 1 root root  579 May 19 00:06 packages/flx-ido-readme.txt
4.0K -rw-r--r-- 1 root root  120 May 19 03:21 packages/flx-ido.log
 16K -rw-r--r-- 1 root root  13K May 19 00:06 packages/flx-isearch-20191119.515.el
4.0K -rw-r--r-- 1 root root  467 May 19 00:06 packages/flx-isearch-20191119.515.entry
4.0K -rw-r--r-- 1 root root 1.2K May 19 00:06 packages/flx-isearch-badge.svg
4.0K -rw-r--r-- 1 root root  992 May 19 00:06 packages/flx-isearch-readme.txt
4.0K -rw-r--r-- 1 root root  139 May 19 03:21 packages/flx-isearch.log
4.0K -rw-r--r-- 1 root root  498 May 19 03:21 packages/flx-readme.txt
