Package: flycheck
Fetcher: github
Source:  https://github.com/flycheck/flycheck.git

Updating /mnt/store/melpa/working/flycheck/
Checking out origin/HEAD
Checking out 21d52264aa80bfa4ede94c59e37a20fb6d033b0c
Copying files (->) and directories (=>)
  from /mnt/store/melpa/working/flycheck/
  to /tmp/flycheckXynuJM/flycheck-20210708.1337
    flycheck-buttercup.el -> flycheck-buttercup.el
    flycheck-ert.el -> flycheck-ert.el
    flycheck.el -> flycheck.el
Created flycheck-20210708.1337.tar containing:
  flycheck-20210708.1337/
  flycheck-20210708.1337/flycheck-buttercup.el
  flycheck-20210708.1337/flycheck-ert.el
  flycheck-20210708.1337/flycheck-pkg.el
  flycheck-20210708.1337/flycheck.el
Built flycheck in 5.599s, finished at 2021-08-17T09:44:45+0000
 ✓ Success:
4.0K -rw-r--r-- 1 root root  501 Aug 17 09:44 packages/flycheck-20210708.1337.entry
520K -rw-r--r-- 1 root root 520K Aug 17 09:44 packages/flycheck-20210708.1337.tar
4.0K -rw-r--r-- 1 root root 2.9K Aug 17 09:44 packages/flycheck-ameba-20191226.1011.el
4.0K -rw-r--r-- 1 root root  294 Aug 17 09:44 packages/flycheck-ameba-20191226.1011.entry
4.0K -rw-r--r-- 1 root root 1.2K Aug 17 09:44 packages/flycheck-ameba-badge.svg
4.0K -rw-r--r-- 1 root root  209 Aug 17 09:44 packages/flycheck-ameba-readme.txt
4.0K -rw-r--r-- 1 root root  646 Aug 17 09:44 packages/flycheck-ameba.log
4.0K -rw-r--r-- 1 root root  440 Aug 17 09:44 packages/flycheck-apertium-20181211.1038.entry
 20K -rw-r--r-- 1 root root  20K Aug 17 09:44 packages/flycheck-apertium-20181211.1038.tar
4.0K -rw-r--r-- 1 root root 1.2K Aug 17 06:13 packages/flycheck-apertium-badge.svg
4.0K -rw-r--r-- 1 root root  497 Aug 17 09:44 packages/flycheck-apertium-readme.txt
4.0K -rw-r--r-- 1 root root  711 Aug 17 09:44 packages/flycheck-apertium.log
8.0K -rw-r--r-- 1 root root 5.6K Aug 17 06:13 packages/flycheck-aspell-20210618.920.el
4.0K -rw-r--r-- 1 root root  420 Aug 17 06:13 packages/flycheck-aspell-20210618.920.entry
4.0K -rw-r--r-- 1 root root 1.2K Aug 17 06:13 packages/flycheck-aspell-badge.svg
4.0K -rw-r--r-- 1 root root  182 Aug 17 06:13 packages/flycheck-aspell-readme.txt
4.0K -rw-r--r-- 1 root root  228 Aug 17 09:44 packages/flycheck-aspell.log
4.0K -rw-r--r-- 1 root root 4.0K Aug 17 06:13 packages/flycheck-ats2-20170225.1636.el
4.0K -rw-r--r-- 1 root root  382 Aug 17 06:13 packages/flycheck-ats2-20170225.1636.entry
4.0K -rw-r--r-- 1 root root 1.2K Aug 17 06:13 packages/flycheck-ats2-badge.svg
4.0K -rw-r--r-- 1 root root  382 Aug 17 06:13 packages/flycheck-ats2-readme.txt
   0 -rw-r--r-- 1 root root    0 Aug 17 09:44 packages/flycheck-ats2.log
4.0K -rw-r--r-- 1 root root 1.2K Aug 17 09:44 packages/flycheck-badge.svg
4.0K -rw-r--r-- 1 root root 2.5K Aug 17 06:13 packages/flycheck-bashate-20200625.642.el
4.0K -rw-r--r-- 1 root root  400 Aug 17 06:13 packages/flycheck-bashate-20200625.642.entry
4.0K -rw-r--r-- 1 root root 1.2K Aug 17 06:13 packages/flycheck-bashate-badge.svg
4.0K -rw-r--r-- 1 root root  239 Aug 17 06:13 packages/flycheck-bashate-readme.txt
   0 -rw-r--r-- 1 root root    0 Aug 17 09:44 packages/flycheck-bashate.log
4.0K -rw-r--r-- 1 root root 3.8K Aug 17 06:13 packages/flycheck-cask-20200926.1502.el
4.0K -rw-r--r-- 1 root root  433 Aug 17 06:13 packages/flycheck-cask-20200926.1502.entry
4.0K -rw-r--r-- 1 root root 1.2K Aug 17 06:13 packages/flycheck-cask-badge.svg
4.0K -rw-r--r-- 1 root root  166 Aug 17 06:13 packages/flycheck-cask-readme.txt
   0 -rw-r--r-- 1 root root    0 Aug 17 09:44 packages/flycheck-cask.log
8.0K -rw-r--r-- 1 root root 4.1K Aug 17 06:13 packages/flycheck-cfn-20201120.2307.el
4.0K -rw-r--r-- 1 root root  393 Aug 17 06:13 packages/flycheck-cfn-20201120.2307.entry
4.0K -rw-r--r-- 1 root root 1.2K Aug 17 06:13 packages/flycheck-cfn-badge.svg
4.0K -rw-r--r-- 1 root root  501 Aug 17 06:13 packages/flycheck-cfn-readme.txt
   0 -rw-r--r-- 1 root root    0 Aug 17 09:44 packages/flycheck-cfn.log
8.0K -rw-r--r-- 1 root root 4.2K Aug 17 06:13 packages/flycheck-checkbashisms-20190403.218.el
4.0K -rw-r--r-- 1 root root  452 Aug 17 06:13 packages/flycheck-checkbashisms-20190403.218.entry
4.0K -rw-r--r-- 1 root root 1.2K Aug 17 06:13 packages/flycheck-checkbashisms-badge.svg
4.0K -rw-r--r-- 1 root root   52 Aug 17 06:13 packages/flycheck-checkbashisms-readme.txt
4.0K -rw-r--r-- 1 root root  708 Aug 17 06:13 packages/flycheck-checkbashisms.log
4.0K -rw-r--r-- 1 root root 2.7K Aug 17 06:13 packages/flycheck-checkpatch-20170217.1025.el
4.0K -rw-r--r-- 1 root root  441 Aug 17 06:13 packages/flycheck-checkpatch-20170217.1025.entry
4.0K -rw-r--r-- 1 root root 1.2K Aug 17 06:13 packages/flycheck-checkpatch-badge.svg
4.0K -rw-r--r-- 1 root root  228 Aug 17 06:13 packages/flycheck-checkpatch-readme.txt
4.0K -rw-r--r-- 1 root root  683 Aug 17 06:13 packages/flycheck-checkpatch.log
 12K -rw-r--r-- 1 root root  12K Aug 17 06:13 packages/flycheck-clang-analyzer-20200429.238.el
4.0K -rw-r--r-- 1 root root  421 Aug 17 06:13 packages/flycheck-clang-analyzer-20200429.238.entry
4.0K -rw-r--r-- 1 root root 1.2K Aug 17 06:13 packages/flycheck-clang-analyzer-badge.svg
4.0K -rw-r--r-- 1 root root  605 Aug 17 06:13 packages/flycheck-clang-analyzer-readme.txt
4.0K -rw-r--r-- 1 root root  719 Aug 17 06:13 packages/flycheck-clang-analyzer.log
8.0K -rw-r--r-- 1 root root 7.6K Aug 17 06:13 packages/flycheck-clang-tidy-20201115.1232.el
4.0K -rw-r--r-- 1 root root  459 Aug 17 06:13 packages/flycheck-clang-tidy-20201115.1232.entry
4.0K -rw-r--r-- 1 root root 1.2K Aug 17 06:13 packages/flycheck-clang-tidy-badge.svg
4.0K -rw-r--r-- 1 root root   62 Aug 17 06:13 packages/flycheck-clang-tidy-readme.txt
4.0K -rw-r--r-- 1 root root  684 Aug 17 06:13 packages/flycheck-clang-tidy.log
8.0K -rw-r--r-- 1 root root 8.0K Aug 17 06:13 packages/flycheck-clangcheck-20150712.710.el
4.0K -rw-r--r-- 1 root root  447 Aug 17 06:13 packages/flycheck-clangcheck-20150712.710.entry
4.0K -rw-r--r-- 1 root root 1.2K Aug 17 06:13 packages/flycheck-clangcheck-badge.svg
   0 -rw-r--r-- 1 root root    0 Aug 17 06:13 packages/flycheck-clangcheck-readme.txt
4.0K -rw-r--r-- 1 root root  686 Aug 17 06:13 packages/flycheck-clangcheck.log
8.0K -rw-r--r-- 1 root root 4.4K Aug 17 06:13 packages/flycheck-clj-kondo-20201102.1128.el
4.0K -rw-r--r-- 1 root root  408 Aug 17 06:13 packages/flycheck-clj-kondo-20201102.1128.entry
4.0K -rw-r--r-- 1 root root 1.2K Aug 17 06:13 packages/flycheck-clj-kondo-badge.svg
4.0K -rw-r--r-- 1 root root  247 Aug 17 06:13 packages/flycheck-clj-kondo-readme.txt
4.0K -rw-r--r-- 1 root root  679 Aug 17 06:13 packages/flycheck-clj-kondo.log
 12K -rw-r--r-- 1 root root 9.3K Aug 17 06:13 packages/flycheck-clojure-20191215.2227.el
4.0K -rw-r--r-- 1 root root  506 Aug 17 06:13 packages/flycheck-clojure-20191215.2227.entry
4.0K -rw-r--r-- 1 root root 1.2K Aug 17 06:13 packages/flycheck-clojure-badge.svg
4.0K -rw-r--r-- 1 root root  178 Aug 17 06:13 packages/flycheck-clojure-readme.txt
4.0K -rw-r--r-- 1 root root  668 Aug 17 06:13 packages/flycheck-clojure.log
4.0K -rw-r--r-- 1 root root 1.6K Aug 17 06:13 packages/flycheck-clolyze-20190422.2134.el
4.0K -rw-r--r-- 1 root root  383 Aug 17 06:13 packages/flycheck-clolyze-20190422.2134.entry
4.0K -rw-r--r-- 1 root root 1.2K Aug 17 06:13 packages/flycheck-clolyze-badge.svg
4.0K -rw-r--r-- 1 root root  100 Aug 17 06:13 packages/flycheck-clolyze-readme.txt
4.0K -rw-r--r-- 1 root root  660 Aug 17 06:13 packages/flycheck-clolyze.log
8.0K -rw-r--r-- 1 root root 6.2K Aug 17 06:13 packages/flycheck-color-mode-line-20200528.416.el
4.0K -rw-r--r-- 1 root root  529 Aug 17 06:13 packages/flycheck-color-mode-line-20200528.416.entry
4.0K -rw-r--r-- 1 root root 1.2K Aug 17 06:13 packages/flycheck-color-mode-line-badge.svg
4.0K -rw-r--r-- 1 root root  525 Aug 17 06:13 packages/flycheck-color-mode-line-readme.txt
4.0K -rw-r--r-- 1 root root  725 Aug 17 06:13 packages/flycheck-color-mode-line.log
8.0K -rw-r--r-- 1 root root 5.9K Aug 17 06:13 packages/flycheck-coverity-20170704.59.el
4.0K -rw-r--r-- 1 root root  444 Aug 17 06:13 packages/flycheck-coverity-20170704.59.entry
4.0K -rw-r--r-- 1 root root 1.2K Aug 17 06:13 packages/flycheck-coverity-badge.svg
4.0K -rw-r--r-- 1 root root  582 Aug 17 06:13 packages/flycheck-coverity-readme.txt
4.0K -rw-r--r-- 1 root root  669 Aug 17 06:13 packages/flycheck-coverity.log
4.0K -rw-r--r-- 1 root root 3.0K Aug 17 06:13 packages/flycheck-credo-20170526.1545.el
4.0K -rw-r--r-- 1 root root  354 Aug 17 06:13 packages/flycheck-credo-20170526.1545.entry
4.0K -rw-r--r-- 1 root root 1.2K Aug 17 06:13 packages/flycheck-credo-badge.svg
4.0K -rw-r--r-- 1 root root  230 Aug 17 06:13 packages/flycheck-credo-readme.txt
4.0K -rw-r--r-- 1 root root  650 Aug 17 06:13 packages/flycheck-credo.log
4.0K -rw-r--r-- 1 root root 3.4K Aug 17 06:13 packages/flycheck-crystal-20200805.2344.el
4.0K -rw-r--r-- 1 root root  295 Aug 17 06:13 packages/flycheck-crystal-20200805.2344.entry
4.0K -rw-r--r-- 1 root root 1.2K Aug 17 06:13 packages/flycheck-crystal-badge.svg
4.0K -rw-r--r-- 1 root root  254 Aug 17 06:13 packages/flycheck-crystal-readme.txt
4.0K -rw-r--r-- 1 root root  675 Aug 17 06:13 packages/flycheck-crystal.log
8.0K -rw-r--r-- 1 root root 4.6K Aug 17 06:13 packages/flycheck-css-colorguard-20161031.1122.el
4.0K -rw-r--r-- 1 root root  453 Aug 17 06:13 packages/flycheck-css-colorguard-20161031.1122.entry
4.0K -rw-r--r-- 1 root root 1.2K Aug 17 06:13 packages/flycheck-css-colorguard-badge.svg
4.0K -rw-r--r-- 1 root root  832 Aug 17 06:13 packages/flycheck-css-colorguard-readme.txt
4.0K -rw-r--r-- 1 root root  719 Aug 17 06:13 packages/flycheck-css-colorguard.log
4.0K -rw-r--r-- 1 root root 2.5K Aug 17 06:13 packages/flycheck-cstyle-20160905.2341.el
4.0K -rw-r--r-- 1 root root  387 Aug 17 06:13 packages/flycheck-cstyle-20160905.2341.entry
4.0K -rw-r--r-- 1 root root 1.2K Aug 17 06:13 packages/flycheck-cstyle-badge.svg
4.0K -rw-r--r-- 1 root root  538 Aug 17 06:13 packages/flycheck-cstyle-readme.txt
4.0K -rw-r--r-- 1 root root  657 Aug 17 06:13 packages/flycheck-cstyle.log
4.0K -rw-r--r-- 1 root root 3.7K Aug 17 06:13 packages/flycheck-cython-20170724.958.el
4.0K -rw-r--r-- 1 root root  288 Aug 17 06:13 packages/flycheck-cython-20170724.958.entry
4.0K -rw-r--r-- 1 root root 1.2K Aug 17 06:13 packages/flycheck-cython-badge.svg
4.0K -rw-r--r-- 1 root root  184 Aug 17 06:13 packages/flycheck-cython-readme.txt
4.0K -rw-r--r-- 1 root root  657 Aug 17 06:13 packages/flycheck-cython.log
8.0K -rw-r--r-- 1 root root 4.1K Aug 17 06:13 packages/flycheck-d-unittest-20160522.417.el
4.0K -rw-r--r-- 1 root root  452 Aug 17 06:13 packages/flycheck-d-unittest-20160522.417.entry
4.0K -rw-r--r-- 1 root root 1.2K Aug 17 06:13 packages/flycheck-d-unittest-badge.svg
4.0K -rw-r--r-- 1 root root  689 Aug 17 06:13 packages/flycheck-d-unittest-readme.txt
4.0K -rw-r--r-- 1 root root  685 Aug 17 06:13 packages/flycheck-d-unittest.log
4.0K -rw-r--r-- 1 root root 2.2K Aug 17 06:13 packages/flycheck-dedukti-20171103.1212.el
4.0K -rw-r--r-- 1 root root  439 Aug 17 06:13 packages/flycheck-dedukti-20171103.1212.entry
4.0K -rw-r--r-- 1 root root 1.2K Aug 17 06:13 packages/flycheck-dedukti-badge.svg
4.0K -rw-r--r-- 1 root root  559 Aug 17 06:13 packages/flycheck-dedukti-readme.txt
4.0K -rw-r--r-- 1 root root  660 Aug 17 06:13 packages/flycheck-dedukti.log
4.0K -rw-r--r-- 1 root root 1021 Jun  1  2020 packages/flycheck-demjsonlint-badge.svg
4.0K -rw-r--r-- 1 root root  640 Jun  1  2020 packages/flycheck-demjsonlint-readme.txt
4.0K -rw-r--r-- 1 root root 2.5K Aug 17 06:13 packages/flycheck-dialyxir-20170515.1525.el
4.0K -rw-r--r-- 1 root root  390 Aug 17 06:13 packages/flycheck-dialyxir-20170515.1525.entry
4.0K -rw-r--r-- 1 root root 1.2K Aug 17 06:13 packages/flycheck-dialyxir-badge.svg
4.0K -rw-r--r-- 1 root root  236 Aug 17 06:13 packages/flycheck-dialyxir-readme.txt
4.0K -rw-r--r-- 1 root root  674 Aug 17 06:13 packages/flycheck-dialyxir.log
4.0K -rw-r--r-- 1 root root 1.8K Aug 17 06:13 packages/flycheck-dialyzer-20160326.1430.el
4.0K -rw-r--r-- 1 root root  309 Aug 17 06:13 packages/flycheck-dialyzer-20160326.1430.entry
4.0K -rw-r--r-- 1 root root 1.2K Aug 17 06:13 packages/flycheck-dialyzer-badge.svg
4.0K -rw-r--r-- 1 root root  159 Aug 17 06:13 packages/flycheck-dialyzer-readme.txt
4.0K -rw-r--r-- 1 root root  675 Aug 17 06:13 packages/flycheck-dialyzer.log
 20K -rw-r--r-- 1 root root  18K Aug 17 06:13 packages/flycheck-dmd-dub-20210412.1608.el
4.0K -rw-r--r-- 1 root root  457 Aug 17 06:13 packages/flycheck-dmd-dub-20210412.1608.entry
4.0K -rw-r--r-- 1 root root 1.2K Aug 17 06:13 packages/flycheck-dmd-dub-badge.svg
4.0K -rw-r--r-- 1 root root  420 Aug 17 06:13 packages/flycheck-dmd-dub-readme.txt
4.0K -rw-r--r-- 1 root root  665 Aug 17 06:13 packages/flycheck-dmd-dub.log
4.0K -rw-r--r-- 1 root root 2.5K Aug 17 06:13 packages/flycheck-dogma-20170125.721.el
4.0K -rw-r--r-- 1 root root  353 Aug 17 06:13 packages/flycheck-dogma-20170125.721.entry
4.0K -rw-r--r-- 1 root root 1.2K Aug 17 06:13 packages/flycheck-dogma-badge.svg
4.0K -rw-r--r-- 1 root root  230 Aug 17 06:13 packages/flycheck-dogma-readme.txt
4.0K -rw-r--r-- 1 root root  648 Aug 17 06:13 packages/flycheck-dogma.log
8.0K -rw-r--r-- 1 root root 7.1K Aug 17 06:13 packages/flycheck-drstring-20200210.1903.el
4.0K -rw-r--r-- 1 root root  493 Aug 17 06:13 packages/flycheck-drstring-20200210.1903.entry
4.0K -rw-r--r-- 1 root root 1.2K Aug 17 06:13 packages/flycheck-drstring-badge.svg
4.0K -rw-r--r-- 1 root root  385 Aug 17 06:13 packages/flycheck-drstring-readme.txt
4.0K -rw-r--r-- 1 root root  675 Aug 17 06:13 packages/flycheck-drstring.log
4.0K -rw-r--r-- 1 root root 1.7K Aug 17 06:13 packages/flycheck-dtrace-20180903.1630.el
4.0K -rw-r--r-- 1 root root  376 Aug 17 06:13 packages/flycheck-dtrace-20180903.1630.entry
4.0K -rw-r--r-- 1 root root 1.2K Aug 17 06:13 packages/flycheck-dtrace-badge.svg
   0 -rw-r--r-- 1 root root    0 Aug 17 06:13 packages/flycheck-dtrace-readme.txt
4.0K -rw-r--r-- 1 root root  661 Aug 17 06:13 packages/flycheck-dtrace.log
 20K -rw-r--r-- 1 root root  18K Aug 17 06:13 packages/flycheck-eldev-20210305.2231.el
4.0K -rw-r--r-- 1 root root  432 Aug 17 06:13 packages/flycheck-eldev-20210305.2231.entry
4.0K -rw-r--r-- 1 root root 1.2K Aug 17 06:13 packages/flycheck-eldev-badge.svg
4.0K -rw-r--r-- 1 root root 1.2K Aug 17 06:13 packages/flycheck-eldev-readme.txt
4.0K -rw-r--r-- 1 root root  647 Aug 17 06:13 packages/flycheck-eldev.log
4.0K -rw-r--r-- 1 root root 3.6K Aug 17 06:13 packages/flycheck-elixir-20210413.612.el
4.0K -rw-r--r-- 1 root root  288 Aug 17 06:13 packages/flycheck-elixir-20210413.612.entry
4.0K -rw-r--r-- 1 root root 1.2K Aug 17 06:13 packages/flycheck-elixir-badge.svg
4.0K -rw-r--r-- 1 root root  337 Aug 17 06:13 packages/flycheck-elixir-readme.txt
4.0K -rw-r--r-- 1 root root  657 Aug 17 06:13 packages/flycheck-elixir.log
8.0K -rw-r--r-- 1 root root 7.1K Aug 17 06:13 packages/flycheck-elm-20181107.146.el
4.0K -rw-r--r-- 1 root root  381 Aug 17 06:13 packages/flycheck-elm-20181107.146.entry
4.0K -rw-r--r-- 1 root root 1.2K Aug 17 06:13 packages/flycheck-elm-badge.svg
4.0K -rw-r--r-- 1 root root  152 Aug 17 06:13 packages/flycheck-elm-readme.txt
4.0K -rw-r--r-- 1 root root  629 Aug 17 06:13 packages/flycheck-elm.log
4.0K -rw-r--r-- 1 root root  382 Aug 17 06:13 packages/flycheck-elsa-20200203.1758.entry
 12K -rw-r--r-- 1 root root  10K Aug 17 06:13 packages/flycheck-elsa-20200203.1758.tar
4.0K -rw-r--r-- 1 root root 1.2K Aug 17 06:13 packages/flycheck-elsa-badge.svg
4.0K -rw-r--r-- 1 root root   46 Aug 17 06:13 packages/flycheck-elsa-readme.txt
4.0K -rw-r--r-- 1 root root 1.1K Aug 17 06:13 packages/flycheck-elsa.log
4.0K -rw-r--r-- 1 root root  969 Sep 29  2019 packages/flycheck-ensime-badge.svg
4.0K -rw-r--r-- 1 root root   50 Sep 29  2019 packages/flycheck-ensime-readme.txt
4.0K -rw-r--r-- 1 root root 3.5K Aug 17 06:13 packages/flycheck-flawfinder-20170116.327.el
4.0K -rw-r--r-- 1 root root  421 Aug 17 06:13 packages/flycheck-flawfinder-20170116.327.entry
4.0K -rw-r--r-- 1 root root 1.2K Aug 17 06:13 packages/flycheck-flawfinder-badge.svg
4.0K -rw-r--r-- 1 root root  564 Aug 17 06:13 packages/flycheck-flawfinder-readme.txt
4.0K -rw-r--r-- 1 root root  687 Aug 17 06:13 packages/flycheck-flawfinder.log
8.0K -rw-r--r-- 1 root root 6.7K Aug 17 06:13 packages/flycheck-flow-20190304.1459.el
4.0K -rw-r--r-- 1 root root  296 Aug 17 06:13 packages/flycheck-flow-20190304.1459.entry
4.0K -rw-r--r-- 1 root root 1.2K Aug 17 06:13 packages/flycheck-flow-badge.svg
4.0K -rw-r--r-- 1 root root  478 Aug 17 06:13 packages/flycheck-flow-readme.txt
4.0K -rw-r--r-- 1 root root  643 Aug 17 06:13 packages/flycheck-flow.log
4.0K -rw-r--r-- 1 root root 3.5K Aug 17 06:13 packages/flycheck-ghcmod-20150114.632.el
4.0K -rw-r--r-- 1 root root  441 Aug 17 06:14 packages/flycheck-ghcmod-20150114.632.entry
4.0K -rw-r--r-- 1 root root 1.2K Aug 17 06:14 packages/flycheck-ghcmod-badge.svg
4.0K -rw-r--r-- 1 root root  112 Aug 17 06:14 packages/flycheck-ghcmod-readme.txt
4.0K -rw-r--r-- 1 root root  653 Aug 17 06:14 packages/flycheck-ghcmod.log
4.0K -rw-r--r-- 1 root root 4.0K Aug 17 06:14 packages/flycheck-golangci-lint-20190330.1412.el
4.0K -rw-r--r-- 1 root root  451 Aug 17 06:14 packages/flycheck-golangci-lint-20190330.1412.entry
4.0K -rw-r--r-- 1 root root 1.2K Aug 17 06:14 packages/flycheck-golangci-lint-badge.svg
4.0K -rw-r--r-- 1 root root  145 Aug 17 06:14 packages/flycheck-golangci-lint-readme.txt
4.0K -rw-r--r-- 1 root root  713 Aug 17 06:14 packages/flycheck-golangci-lint.log
8.0K -rw-r--r-- 1 root root 4.8K Aug 17 06:14 packages/flycheck-gometalinter-20180424.941.el
4.0K -rw-r--r-- 1 root root  414 Aug 17 06:14 packages/flycheck-gometalinter-20180424.941.entry
4.0K -rw-r--r-- 1 root root 1.2K Aug 17 06:14 packages/flycheck-gometalinter-badge.svg
4.0K -rw-r--r-- 1 root root   34 Aug 17 06:14 packages/flycheck-gometalinter-readme.txt
4.0K -rw-r--r-- 1 root root  699 Aug 17 06:14 packages/flycheck-gometalinter.log
8.0K -rw-r--r-- 1 root root 5.1K Aug 17 06:14 packages/flycheck-google-cpplint-20210210.300.el
4.0K -rw-r--r-- 1 root root  445 Aug 17 06:14 packages/flycheck-google-cpplint-20210210.300.entry
4.0K -rw-r--r-- 1 root root 1.2K Aug 17 06:14 packages/flycheck-google-cpplint-badge.svg
4.0K -rw-r--r-- 1 root root  673 Aug 17 06:14 packages/flycheck-google-cpplint-readme.txt
4.0K -rw-r--r-- 1 root root  717 Aug 17 06:14 packages/flycheck-google-cpplint.log
 16K -rw-r--r-- 1 root root  14K Aug 17 06:14 packages/flycheck-gradle-20190315.234.el
4.0K -rw-r--r-- 1 root root  358 Aug 17 06:14 packages/flycheck-gradle-20190315.234.entry
4.0K -rw-r--r-- 1 root root 1.2K Aug 17 06:14 packages/flycheck-gradle-badge.svg
4.0K -rw-r--r-- 1 root root   90 Aug 17 06:14 packages/flycheck-gradle-readme.txt
4.0K -rw-r--r-- 1 root root  654 Aug 17 06:14 packages/flycheck-gradle.log
4.0K -rw-r--r-- 1 root root  482 Aug 17 06:14 packages/flycheck-grammalecte-20210705.1656.entry
 60K -rw-r--r-- 1 root root  60K Aug 17 06:14 packages/flycheck-grammalecte-20210705.1656.tar
4.0K -rw-r--r-- 1 root root 1.2K Aug 17 06:14 packages/flycheck-grammalecte-badge.svg
4.0K -rw-r--r-- 1 root root   69 Aug 17 06:14 packages/flycheck-grammalecte-readme.txt
4.0K -rw-r--r-- 1 root root 1.6K Aug 17 06:14 packages/flycheck-grammalecte.log
 12K -rw-r--r-- 1 root root 8.7K Aug 17 06:14 packages/flycheck-grammarly-20210814.1627.el
4.0K -rw-r--r-- 1 root root  502 Aug 17 06:14 packages/flycheck-grammarly-20210814.1627.entry
4.0K -rw-r--r-- 1 root root 1.2K Aug 17 06:14 packages/flycheck-grammarly-badge.svg
4.0K -rw-r--r-- 1 root root   33 Aug 17 06:14 packages/flycheck-grammarly-readme.txt
4.0K -rw-r--r-- 1 root root  686 Aug 17 06:14 packages/flycheck-grammarly.log
8.0K -rw-r--r-- 1 root root 4.8K Aug 17 06:14 packages/flycheck-guile-20201202.509.el
4.0K -rw-r--r-- 1 root root  400 Aug 17 06:14 packages/flycheck-guile-20201202.509.entry
4.0K -rw-r--r-- 1 root root 1.2K Aug 17 06:14 packages/flycheck-guile-badge.svg
4.0K -rw-r--r-- 1 root root   48 Aug 17 06:14 packages/flycheck-guile-readme.txt
4.0K -rw-r--r-- 1 root root  648 Aug 17 06:14 packages/flycheck-guile.log
4.0K -rw-r--r-- 1 root root  578 Aug 17 06:14 packages/flycheck-haskell-20200927.1603.entry
 60K -rw-r--r-- 1 root root  60K Aug 17 06:14 packages/flycheck-haskell-20200927.1603.tar
4.0K -rw-r--r-- 1 root root 1.2K Aug 17 06:14 packages/flycheck-haskell-badge.svg
4.0K -rw-r--r-- 1 root root  578 Aug 17 06:14 packages/flycheck-haskell-readme.txt
4.0K -rw-r--r-- 1 root root 1.2K Aug 17 06:14 packages/flycheck-haskell.log
4.0K -rw-r--r-- 1 root root 3.1K Aug 17 06:14 packages/flycheck-hdevtools-20160926.702.el
4.0K -rw-r--r-- 1 root root  496 Aug 17 06:14 packages/flycheck-hdevtools-20160926.702.entry
4.0K -rw-r--r-- 1 root root 1.2K Aug 17 06:14 packages/flycheck-hdevtools-badge.svg
4.0K -rw-r--r-- 1 root root  133 Aug 17 06:14 packages/flycheck-hdevtools-readme.txt
4.0K -rw-r--r-- 1 root root  677 Aug 17 06:14 packages/flycheck-hdevtools.log
8.0K -rw-r--r-- 1 root root 4.3K Aug 17 06:14 packages/flycheck-hledger-20210119.1000.el
4.0K -rw-r--r-- 1 root root  406 Aug 17 06:14 packages/flycheck-hledger-20210119.1000.entry
4.0K -rw-r--r-- 1 root root 1.2K Aug 17 06:14 packages/flycheck-hledger-badge.svg
4.0K -rw-r--r-- 1 root root  128 Aug 17 06:14 packages/flycheck-hledger-readme.txt
4.0K -rw-r--r-- 1 root root  667 Aug 17 06:14 packages/flycheck-hledger.log
4.0K -rw-r--r-- 1 root root 2.7K Aug 17 06:14 packages/flycheck-indent-20200129.2046.el
4.0K -rw-r--r-- 1 root root  439 Aug 17 06:14 packages/flycheck-indent-20200129.2046.entry
4.0K -rw-r--r-- 1 root root 1.2K Aug 17 06:14 packages/flycheck-indent-badge.svg
4.0K -rw-r--r-- 1 root root  131 Aug 17 06:14 packages/flycheck-indent-readme.txt
4.0K -rw-r--r-- 1 root root  652 Aug 17 06:14 packages/flycheck-indent.log
 12K -rw-r--r-- 1 root root 8.5K Aug 17 06:14 packages/flycheck-indicator-20200331.1142.el
4.0K -rw-r--r-- 1 root root  467 Aug 17 06:14 packages/flycheck-indicator-20200331.1142.entry
4.0K -rw-r--r-- 1 root root 1.2K Aug 17 06:14 packages/flycheck-indicator-badge.svg
4.0K -rw-r--r-- 1 root root  343 Aug 17 06:14 packages/flycheck-indicator-readme.txt
4.0K -rw-r--r-- 1 root root  680 Aug 17 06:14 packages/flycheck-indicator.log
4.0K -rw-r--r-- 1 root root 2.4K Aug 17 06:14 packages/flycheck-ini-pyinilint-20190312.1931.el
4.0K -rw-r--r-- 1 root root  445 Aug 17 06:14 packages/flycheck-ini-pyinilint-20190312.1931.entry
4.0K -rw-r--r-- 1 root root 1.2K Aug 17 06:14 packages/flycheck-ini-pyinilint-badge.svg
4.0K -rw-r--r-- 1 root root  462 Aug 17 06:14 packages/flycheck-ini-pyinilint-readme.txt
4.0K -rw-r--r-- 1 root root  714 Aug 17 06:14 packages/flycheck-ini-pyinilint.log
 12K -rw-r--r-- 1 root root  11K Aug 17 06:14 packages/flycheck-inline-20200808.1019.el
4.0K -rw-r--r-- 1 root root  360 Aug 17 06:14 packages/flycheck-inline-20200808.1019.entry
4.0K -rw-r--r-- 1 root root 1.2K Aug 17 06:14 packages/flycheck-inline-badge.svg
4.0K -rw-r--r-- 1 root root  270 Aug 17 06:14 packages/flycheck-inline-readme.txt
4.0K -rw-r--r-- 1 root root  655 Aug 17 06:14 packages/flycheck-inline.log
8.0K -rw-r--r-- 1 root root 4.3K Aug 17 06:14 packages/flycheck-irony-20180604.2152.el
4.0K -rw-r--r-- 1 root root  460 Aug 17 06:14 packages/flycheck-irony-20180604.2152.entry
4.0K -rw-r--r-- 1 root root 1.2K Aug 17 06:14 packages/flycheck-irony-badge.svg
4.0K -rw-r--r-- 1 root root  165 Aug 17 06:14 packages/flycheck-irony-readme.txt
4.0K -rw-r--r-- 1 root root  646 Aug 17 06:14 packages/flycheck-irony.log
 12K -rw-r--r-- 1 root root 8.4K Aug 17 06:14 packages/flycheck-jest-20180411.328.el
4.0K -rw-r--r-- 1 root root  337 Aug 17 06:14 packages/flycheck-jest-20180411.328.entry
4.0K -rw-r--r-- 1 root root 1.2K Aug 17 06:14 packages/flycheck-jest-badge.svg
4.0K -rw-r--r-- 1 root root   86 Aug 17 06:14 packages/flycheck-jest-readme.txt
4.0K -rw-r--r-- 1 root root  638 Aug 17 06:14 packages/flycheck-jest.log
8.0K -rw-r--r-- 1 root root 4.1K Aug 17 06:14 packages/flycheck-joker-20200412.2346.el
4.0K -rw-r--r-- 1 root root  314 Aug 17 06:14 packages/flycheck-joker-20200412.2346.entry
4.0K -rw-r--r-- 1 root root 1.2K Aug 17 06:14 packages/flycheck-joker-badge.svg
4.0K -rw-r--r-- 1 root root  690 Aug 17 06:14 packages/flycheck-joker-readme.txt
4.0K -rw-r--r-- 1 root root  647 Aug 17 06:14 packages/flycheck-joker.log
 12K -rw-r--r-- 1 root root 8.4K Aug 17 06:14 packages/flycheck-julia-20170729.2141.el
4.0K -rw-r--r-- 1 root root  416 Aug 17 06:14 packages/flycheck-julia-20170729.2141.entry
4.0K -rw-r--r-- 1 root root 1.2K Aug 17 06:14 packages/flycheck-julia-badge.svg
4.0K -rw-r--r-- 1 root root  588 Aug 17 06:14 packages/flycheck-julia-readme.txt
4.0K -rw-r--r-- 1 root root  645 Aug 17 06:14 packages/flycheck-julia.log
4.0K -rw-r--r-- 1 root root 2.4K Aug 17 06:14 packages/flycheck-keg-20200726.218.el
4.0K -rw-r--r-- 1 root root  402 Aug 17 06:14 packages/flycheck-keg-20200726.218.entry
4.0K -rw-r--r-- 1 root root 1.2K Aug 17 06:14 packages/flycheck-keg-badge.svg
4.0K -rw-r--r-- 1 root root  137 Aug 17 06:14 packages/flycheck-keg-readme.txt
4.0K -rw-r--r-- 1 root root  621 Aug 17 06:14 packages/flycheck-keg.log
4.0K -rw-r--r-- 1 root root 1.9K Aug 17 06:14 packages/flycheck-kotlin-20210406.1148.el
4.0K -rw-r--r-- 1 root root  305 Aug 17 06:14 packages/flycheck-kotlin-20210406.1148.entry
4.0K -rw-r--r-- 1 root root 1.2K Aug 17 06:14 packages/flycheck-kotlin-badge.svg
4.0K -rw-r--r-- 1 root root  154 Aug 17 06:14 packages/flycheck-kotlin-readme.txt
4.0K -rw-r--r-- 1 root root  652 Aug 17 06:14 packages/flycheck-kotlin.log
 16K -rw-r--r-- 1 root root  13K Aug 17 06:14 packages/flycheck-languagetool-20210715.946.el
4.0K -rw-r--r-- 1 root root  452 Aug 17 06:14 packages/flycheck-languagetool-20210715.946.entry
4.0K -rw-r--r-- 1 root root 1.2K Aug 17 06:14 packages/flycheck-languagetool-badge.svg
4.0K -rw-r--r-- 1 root root   36 Aug 17 06:14 packages/flycheck-languagetool-readme.txt
4.0K -rw-r--r-- 1 root root  711 Aug 17 06:14 packages/flycheck-languagetool.log
8.0K -rw-r--r-- 1 root root 5.6K Aug 17 06:14 packages/flycheck-ledger-20200304.2204.el
4.0K -rw-r--r-- 1 root root  442 Aug 17 06:14 packages/flycheck-ledger-20200304.2204.entry
4.0K -rw-r--r-- 1 root root 1.2K Aug 17 06:14 packages/flycheck-ledger-badge.svg
4.0K -rw-r--r-- 1 root root  205 Aug 17 06:14 packages/flycheck-ledger-readme.txt
4.0K -rw-r--r-- 1 root root  654 Aug 17 06:14 packages/flycheck-ledger.log
4.0K -rw-r--r-- 1 root root 2.1K Aug 17 06:14 packages/flycheck-lilypond-20200614.2104.el
4.0K -rw-r--r-- 1 root root  470 Aug 17 06:14 packages/flycheck-lilypond-20200614.2104.entry
4.0K -rw-r--r-- 1 root root 1.2K Aug 17 06:14 packages/flycheck-lilypond-badge.svg
4.0K -rw-r--r-- 1 root root  197 Aug 17 06:14 packages/flycheck-lilypond-readme.txt
4.0K -rw-r--r-- 1 root root  669 Aug 17 06:14 packages/flycheck-lilypond.log
4.0K -rw-r--r-- 1 root root 3.2K Aug 17 06:14 packages/flycheck-liquidhs-20170412.2326.el
4.0K -rw-r--r-- 1 root root  481 Aug 17 06:14 packages/flycheck-liquidhs-20170412.2326.entry
4.0K -rw-r--r-- 1 root root 1.2K Aug 17 06:14 packages/flycheck-liquidhs-badge.svg
4.0K -rw-r--r-- 1 root root  137 Aug 17 06:14 packages/flycheck-liquidhs-readme.txt
4.0K -rw-r--r-- 1 root root  678 Aug 17 06:14 packages/flycheck-liquidhs.log
 12K -rw-r--r-- 1 root root 9.4K Aug 17 06:14 packages/flycheck-mercury-20181118.1952.el
4.0K -rw-r--r-- 1 root root  498 Aug 17 06:14 packages/flycheck-mercury-20181118.1952.entry
4.0K -rw-r--r-- 1 root root 1.2K Aug 17 06:14 packages/flycheck-mercury-badge.svg
4.0K -rw-r--r-- 1 root root   72 Aug 17 06:14 packages/flycheck-mercury-readme.txt
4.0K -rw-r--r-- 1 root root  663 Aug 17 06:14 packages/flycheck-mercury.log
4.0K -rw-r--r-- 1 root root 1023 May 17  2020 packages/flycheck-mix-badge.svg
4.0K -rw-r--r-- 1 root root  411 May 17  2020 packages/flycheck-mix-readme.txt
4.0K -rw-r--r-- 1 root root 2.7K Aug 17 06:14 packages/flycheck-mmark-20190713.1323.el
4.0K -rw-r--r-- 1 root root  430 Aug 17 06:14 packages/flycheck-mmark-20190713.1323.entry
4.0K -rw-r--r-- 1 root root 1.2K Aug 17 06:14 packages/flycheck-mmark-badge.svg
4.0K -rw-r--r-- 1 root root   75 Aug 17 06:14 packages/flycheck-mmark-readme.txt
4.0K -rw-r--r-- 1 root root  647 Aug 17 06:14 packages/flycheck-mmark.log
4.0K -rw-r--r-- 1 root root 2.9K Aug 17 06:14 packages/flycheck-mypy-20200113.1336.el
4.0K -rw-r--r-- 1 root root  276 Aug 17 06:14 packages/flycheck-mypy-20200113.1336.entry
4.0K -rw-r--r-- 1 root root 1.2K Aug 17 06:14 packages/flycheck-mypy-badge.svg
4.0K -rw-r--r-- 1 root root  395 Aug 17 06:14 packages/flycheck-mypy-readme.txt
4.0K -rw-r--r-- 1 root root  643 Aug 17 06:14 packages/flycheck-mypy.log
8.0K -rw-r--r-- 1 root root 4.6K Aug 17 06:14 packages/flycheck-nim-20190927.1514.el
4.0K -rw-r--r-- 1 root root  388 Aug 17 06:14 packages/flycheck-nim-20190927.1514.entry
4.0K -rw-r--r-- 1 root root 1.2K Aug 17 06:14 packages/flycheck-nim-badge.svg
4.0K -rw-r--r-- 1 root root   29 Aug 17 06:14 packages/flycheck-nim-readme.txt
4.0K -rw-r--r-- 1 root root  632 Aug 17 06:14 packages/flycheck-nim.log
8.0K -rw-r--r-- 1 root root 5.8K Aug 17 06:14 packages/flycheck-nimsuggest-20171027.2208.el
4.0K -rw-r--r-- 1 root root  430 Aug 17 06:14 packages/flycheck-nimsuggest-20171027.2208.entry
4.0K -rw-r--r-- 1 root root 1.2K Aug 17 06:14 packages/flycheck-nimsuggest-badge.svg
4.0K -rw-r--r-- 1 root root  646 Aug 17 06:14 packages/flycheck-nimsuggest-readme.txt
4.0K -rw-r--r-- 1 root root  690 Aug 17 06:14 packages/flycheck-nimsuggest.log
 12K -rw-r--r-- 1 root root  12K Aug 17 06:14 packages/flycheck-objc-clang-20201003.1053.el
4.0K -rw-r--r-- 1 root root  492 Aug 17 06:14 packages/flycheck-objc-clang-20201003.1053.entry
4.0K -rw-r--r-- 1 root root 1.2K Aug 17 06:14 packages/flycheck-objc-clang-badge.svg
4.0K -rw-r--r-- 1 root root  152 Aug 17 06:14 packages/flycheck-objc-clang-readme.txt
4.0K -rw-r--r-- 1 root root  689 Aug 17 06:14 packages/flycheck-objc-clang.log
8.0K -rw-r--r-- 1 root root 6.1K Aug 17 06:14 packages/flycheck-ocaml-20170730.2153.el
4.0K -rw-r--r-- 1 root root  487 Aug 17 06:14 packages/flycheck-ocaml-20170730.2153.entry
4.0K -rw-r--r-- 1 root root 1.2K Aug 17 06:14 packages/flycheck-ocaml-badge.svg
4.0K -rw-r--r-- 1 root root  879 Aug 17 06:14 packages/flycheck-ocaml-readme.txt
4.0K -rw-r--r-- 1 root root  647 Aug 17 06:14 packages/flycheck-ocaml.log
4.0K -rw-r--r-- 1 root root 2.8K Aug 17 06:14 packages/flycheck-package-20210509.2323.el
4.0K -rw-r--r-- 1 root root  520 Aug 17 06:14 packages/flycheck-package-20210509.2323.entry
4.0K -rw-r--r-- 1 root root 1.2K Aug 17 06:14 packages/flycheck-package-badge.svg
4.0K -rw-r--r-- 1 root root  341 Aug 17 06:14 packages/flycheck-package-readme.txt
4.0K -rw-r--r-- 1 root root  662 Aug 17 06:14 packages/flycheck-package.log
4.0K -rw-r--r-- 1 root root 3.4K Aug 17 06:14 packages/flycheck-pact-20180920.2052.el
4.0K -rw-r--r-- 1 root root  457 Aug 17 06:14 packages/flycheck-pact-20180920.2052.entry
4.0K -rw-r--r-- 1 root root 1.2K Aug 17 06:14 packages/flycheck-pact-badge.svg
4.0K -rw-r--r-- 1 root root  101 Aug 17 06:14 packages/flycheck-pact-readme.txt
4.0K -rw-r--r-- 1 root root  640 Aug 17 06:14 packages/flycheck-pact.log
4.0K -rw-r--r-- 1 root root 1.2K Mar 15 23:24 packages/flycheck-perl6-badge.svg
4.0K -rw-r--r-- 1 root root  162 Mar 15 23:24 packages/flycheck-perl6-readme.txt
4.0K -rw-r--r-- 1 root root  566 Mar 15 23:24 packages/flycheck-perl6.log
4.0K -rw-r--r-- 1 root root 3.1K Aug 17 06:14 packages/flycheck-pest-20200317.1503.el
4.0K -rw-r--r-- 1 root root  421 Aug 17 06:14 packages/flycheck-pest-20200317.1503.entry
4.0K -rw-r--r-- 1 root root 1.2K Aug 17 06:14 packages/flycheck-pest-badge.svg
4.0K -rw-r--r-- 1 root root  182 Aug 17 06:14 packages/flycheck-pest-readme.txt
4.0K -rw-r--r-- 1 root root  632 Aug 17 06:14 packages/flycheck-pest.log
4.0K -rw-r--r-- 1 root root 3.2K Aug 17 06:14 packages/flycheck-phpstan-20210714.1805.el
4.0K -rw-r--r-- 1 root root  442 Aug 17 06:14 packages/flycheck-phpstan-20210714.1805.entry
4.0K -rw-r--r-- 1 root root 1.2K Aug 17 06:14 packages/flycheck-phpstan-badge.svg
4.0K -rw-r--r-- 1 root root  264 Aug 17 06:14 packages/flycheck-phpstan-readme.txt
4.0K -rw-r--r-- 1 root root  658 Aug 17 06:14 packages/flycheck-phpstan.log
4.0K -rw-r--r-- 1 root root 3.7K Aug 17 06:14 packages/flycheck-pkg-config-20200409.501.el
4.0K -rw-r--r-- 1 root root  402 Aug 17 06:14 packages/flycheck-pkg-config-20200409.501.entry
4.0K -rw-r--r-- 1 root root 1.2K Aug 17 06:14 packages/flycheck-pkg-config-badge.svg
4.0K -rw-r--r-- 1 root root  212 Aug 17 06:14 packages/flycheck-pkg-config-readme.txt
4.0K -rw-r--r-- 1 root root  684 Aug 17 06:14 packages/flycheck-pkg-config.log
4.0K -rw-r--r-- 1 root root 2.0K Aug 17 06:14 packages/flycheck-plantuml-20171018.111.el
4.0K -rw-r--r-- 1 root root  453 Aug 17 06:14 packages/flycheck-plantuml-20171018.111.entry
4.0K -rw-r--r-- 1 root root 1.2K Aug 17 06:14 packages/flycheck-plantuml-badge.svg
4.0K -rw-r--r-- 1 root root  219 Aug 17 06:14 packages/flycheck-plantuml-readme.txt
4.0K -rw-r--r-- 1 root root  671 Aug 17 06:14 packages/flycheck-plantuml.log
4.0K -rw-r--r-- 1 root root 2.5K Aug 17 06:14 packages/flycheck-pony-20210118.1326.el
4.0K -rw-r--r-- 1 root root  262 Aug 17 06:14 packages/flycheck-pony-20210118.1326.entry
4.0K -rw-r--r-- 1 root root 1.2K Aug 17 06:14 packages/flycheck-pony-badge.svg
4.0K -rw-r--r-- 1 root root  257 Aug 17 06:14 packages/flycheck-pony-readme.txt
4.0K -rw-r--r-- 1 root root  639 Aug 17 06:14 packages/flycheck-pony.log
8.0K -rw-r--r-- 1 root root 5.1K Aug 17 06:14 packages/flycheck-popup-tip-20170812.2351.el
4.0K -rw-r--r-- 1 root root  529 Aug 17 06:14 packages/flycheck-popup-tip-20170812.2351.entry
4.0K -rw-r--r-- 1 root root 1.2K Aug 17 06:14 packages/flycheck-popup-tip-badge.svg
4.0K -rw-r--r-- 1 root root  432 Aug 17 06:14 packages/flycheck-popup-tip-readme.txt
4.0K -rw-r--r-- 1 root root  679 Aug 17 06:14 packages/flycheck-popup-tip.log
8.0K -rw-r--r-- 1 root root 5.9K Aug 17 06:14 packages/flycheck-pos-tip-20200516.1600.el
4.0K -rw-r--r-- 1 root root  541 Aug 17 06:14 packages/flycheck-pos-tip-20200516.1600.entry
4.0K -rw-r--r-- 1 root root 1.2K Aug 17 06:14 packages/flycheck-pos-tip-badge.svg
4.0K -rw-r--r-- 1 root root  133 Aug 17 06:14 packages/flycheck-pos-tip-readme.txt
4.0K -rw-r--r-- 1 root root  663 Aug 17 06:14 packages/flycheck-pos-tip.log
 12K -rw-r--r-- 1 root root 9.7K Aug 17 06:14 packages/flycheck-posframe-20210316.618.el
4.0K -rw-r--r-- 1 root root  460 Aug 17 06:14 packages/flycheck-posframe-20210316.618.entry
4.0K -rw-r--r-- 1 root root 1.2K Aug 17 06:14 packages/flycheck-posframe-badge.svg
4.0K -rw-r--r-- 1 root root  182 Aug 17 06:14 packages/flycheck-posframe-readme.txt
4.0K -rw-r--r-- 1 root root  671 Aug 17 06:14 packages/flycheck-posframe.log
 12K -rw-r--r-- 1 root root  11K Aug 17 06:14 packages/flycheck-projectile-20201031.1952.el
4.0K -rw-r--r-- 1 root root  450 Aug 17 06:14 packages/flycheck-projectile-20201031.1952.entry
4.0K -rw-r--r-- 1 root root 1.2K Aug 17 06:14 packages/flycheck-projectile-badge.svg
4.0K -rw-r--r-- 1 root root   68 Aug 17 06:14 packages/flycheck-projectile-readme.txt
4.0K -rw-r--r-- 1 root root  755 Aug 17 06:14 packages/flycheck-projectile.log
8.0K -rw-r--r-- 1 root root 4.2K Aug 17 06:14 packages/flycheck-prospector-20180524.450.el
4.0K -rw-r--r-- 1 root root  395 Aug 17 06:14 packages/flycheck-prospector-20180524.450.entry
4.0K -rw-r--r-- 1 root root 1.2K Aug 17 06:14 packages/flycheck-prospector-badge.svg
4.0K -rw-r--r-- 1 root root  412 Aug 17 06:14 packages/flycheck-prospector-readme.txt
4.0K -rw-r--r-- 1 root root  686 Aug 17 06:14 packages/flycheck-prospector.log
4.0K -rw-r--r-- 1 root root 3.2K Aug 17 06:14 packages/flycheck-psalm-20200510.1540.el
4.0K -rw-r--r-- 1 root root  406 Aug 17 06:14 packages/flycheck-psalm-20200510.1540.entry
4.0K -rw-r--r-- 1 root root 1.2K Aug 17 06:14 packages/flycheck-psalm-badge.svg
4.0K -rw-r--r-- 1 root root  260 Aug 17 06:14 packages/flycheck-psalm-readme.txt
4.0K -rw-r--r-- 1 root root  642 Aug 17 06:14 packages/flycheck-psalm.log
4.0K -rw-r--r-- 1 root root  969 Jan  5  2019 packages/flycheck-purescript-badge.svg
4.0K -rw-r--r-- 1 root root  301 Jan  5  2019 packages/flycheck-purescript-readme.txt
4.0K -rw-r--r-- 1 root root  332 Aug 17 06:14 packages/flycheck-pycheckers-20210414.2023.entry
 72K -rw-r--r-- 1 root root  70K Aug 17 06:14 packages/flycheck-pycheckers-20210414.2023.tar
4.0K -rw-r--r-- 1 root root 1.2K Aug 17 06:14 packages/flycheck-pycheckers-badge.svg
8.0K -rw-r--r-- 1 root root 5.3K Aug 17 06:14 packages/flycheck-pycheckers-readme.txt
4.0K -rw-r--r-- 1 root root 1.3K Aug 17 06:14 packages/flycheck-pycheckers.log
4.0K -rw-r--r-- 1 root root 2.2K Aug 17 06:14 packages/flycheck-pyflakes-20170330.2311.el
4.0K -rw-r--r-- 1 root root  311 Aug 17 06:14 packages/flycheck-pyflakes-20170330.2311.entry
4.0K -rw-r--r-- 1 root root 1.2K Aug 17 06:14 packages/flycheck-pyflakes-badge.svg
4.0K -rw-r--r-- 1 root root  406 Aug 17 06:14 packages/flycheck-pyflakes-readme.txt
4.0K -rw-r--r-- 1 root root  670 Aug 17 06:14 packages/flycheck-pyflakes.log
4.0K -rw-r--r-- 1 root root  397 Aug 17 06:14 packages/flycheck-pyre-20190215.1222.entry
 12K -rw-r--r-- 1 root root  10K Aug 17 06:14 packages/flycheck-pyre-20190215.1222.tar
4.0K -rw-r--r-- 1 root root 1.2K Aug 17 06:14 packages/flycheck-pyre-badge.svg
4.0K -rw-r--r-- 1 root root  467 Aug 17 06:14 packages/flycheck-pyre-readme.txt
4.0K -rw-r--r-- 1 root root 1.1K Aug 17 06:14 packages/flycheck-pyre.log
4.0K -rw-r--r-- 1 root root 4.0K Aug 17 06:14 packages/flycheck-raku-20210814.903.el
4.0K -rw-r--r-- 1 root root  522 Aug 17 06:14 packages/flycheck-raku-20210814.903.entry
4.0K -rw-r--r-- 1 root root 1.2K Aug 17 06:14 packages/flycheck-raku-badge.svg
4.0K -rw-r--r-- 1 root root  160 Aug 17 06:14 packages/flycheck-raku-readme.txt
4.0K -rw-r--r-- 1 root root  633 Aug 17 06:14 packages/flycheck-raku.log
4.0K -rw-r--r-- 1 root root 1.2K Aug 17 09:44 packages/flycheck-readme.txt
4.0K -rw-r--r-- 1 root root  969 Apr  6  2019 packages/flycheck-rebar3-badge.svg
4.0K -rw-r--r-- 1 root root  390 Apr  6  2019 packages/flycheck-rebar3-readme.txt
4.0K -rw-r--r-- 1 root root 3.6K Aug 17 06:14 packages/flycheck-relint-20200721.2217.el
4.0K -rw-r--r-- 1 root root  453 Aug 17 06:14 packages/flycheck-relint-20200721.2217.entry
4.0K -rw-r--r-- 1 root root 1.2K Aug 17 06:14 packages/flycheck-relint-badge.svg
4.0K -rw-r--r-- 1 root root  216 Aug 17 06:14 packages/flycheck-relint-readme.txt
4.0K -rw-r--r-- 1 root root  654 Aug 17 06:14 packages/flycheck-relint.log
8.0K -rw-r--r-- 1 root root 4.9K Aug 17 06:14 packages/flycheck-rtags-20191222.920.el
4.0K -rw-r--r-- 1 root root  422 Aug 17 06:14 packages/flycheck-rtags-20191222.920.entry
4.0K -rw-r--r-- 1 root root 1.2K Aug 17 06:14 packages/flycheck-rtags-badge.svg
4.0K -rw-r--r-- 1 root root  683 Aug 17 06:14 packages/flycheck-rtags-readme.txt
4.0K -rw-r--r-- 1 root root  640 Aug 17 06:14 packages/flycheck-rtags.log
 12K -rw-r--r-- 1 root root 8.6K Aug 17 06:14 packages/flycheck-rust-20190319.1546.el
4.0K -rw-r--r-- 1 root root  499 Aug 17 06:14 packages/flycheck-rust-20190319.1546.entry
4.0K -rw-r--r-- 1 root root 1.2K Aug 17 06:14 packages/flycheck-rust-badge.svg
4.0K -rw-r--r-- 1 root root  262 Aug 17 06:14 packages/flycheck-rust-readme.txt
4.0K -rw-r--r-- 1 root root  639 Aug 17 06:14 packages/flycheck-rust.log
4.0K -rw-r--r-- 1 root root  967 Jun  3  2019 packages/flycheck-soar-badge.svg
4.0K -rw-r--r-- 1 root root  115 Jun  3  2019 packages/flycheck-soar-readme.txt
4.0K -rw-r--r-- 1 root root 1021 Jun  1  2020 packages/flycheck-stack-badge.svg
4.0K -rw-r--r-- 1 root root   82 Jun  1  2020 packages/flycheck-stack-readme.txt
4.0K -rw-r--r-- 1 root root  521 Aug 17 06:14 packages/flycheck-stan-20210130.1325.entry
 52K -rw-r--r-- 1 root root  50K Aug 17 06:14 packages/flycheck-stan-20210130.1325.tar
4.0K -rw-r--r-- 1 root root 1.2K Aug 17 06:14 packages/flycheck-stan-badge.svg
4.0K -rw-r--r-- 1 root root   57 Aug 17 06:14 packages/flycheck-stan-readme.txt
4.0K -rw-r--r-- 1 root root 1.1K Aug 17 06:14 packages/flycheck-stan.log
 12K -rw-r--r-- 1 root root 9.4K Aug 17 06:14 packages/flycheck-status-emoji-20180330.2325.el
4.0K -rw-r--r-- 1 root root  493 Aug 17 06:14 packages/flycheck-status-emoji-20180330.2325.entry
4.0K -rw-r--r-- 1 root root 1.2K Aug 17 06:14 packages/flycheck-status-emoji-badge.svg
4.0K -rw-r--r-- 1 root root  591 Aug 17 06:14 packages/flycheck-status-emoji-readme.txt
4.0K -rw-r--r-- 1 root root  701 Aug 17 06:14 packages/flycheck-status-emoji.log
8.0K -rw-r--r-- 1 root root 5.5K Aug 17 06:14 packages/flycheck-swift-20170129.549.el
4.0K -rw-r--r-- 1 root root  236 Aug 17 06:14 packages/flycheck-swift-20170129.549.entry
4.0K -rw-r--r-- 1 root root 1.2K Aug 17 06:14 packages/flycheck-swift-badge.svg
4.0K -rw-r--r-- 1 root root   38 Aug 17 06:14 packages/flycheck-swift-readme.txt
4.0K -rw-r--r-- 1 root root  648 Aug 17 06:14 packages/flycheck-swift.log
 16K -rw-r--r-- 1 root root  13K Aug 17 06:14 packages/flycheck-swift3-20201003.916.el
4.0K -rw-r--r-- 1 root root  459 Aug 17 06:14 packages/flycheck-swift3-20201003.916.entry
4.0K -rw-r--r-- 1 root root 1.2K Aug 17 06:14 packages/flycheck-swift3-badge.svg
4.0K -rw-r--r-- 1 root root  473 Aug 17 06:14 packages/flycheck-swift3-readme.txt
4.0K -rw-r--r-- 1 root root  655 Aug 17 06:14 packages/flycheck-swift3.log
8.0K -rw-r--r-- 1 root root 5.0K Aug 17 06:14 packages/flycheck-swiftlint-20180830.340.el
4.0K -rw-r--r-- 1 root root  416 Aug 17 06:14 packages/flycheck-swiftlint-20180830.340.entry
4.0K -rw-r--r-- 1 root root 1.2K Aug 17 06:14 packages/flycheck-swiftlint-badge.svg
4.0K -rw-r--r-- 1 root root   97 Aug 17 06:14 packages/flycheck-swiftlint-readme.txt
4.0K -rw-r--r-- 1 root root  678 Aug 17 06:14 packages/flycheck-swiftlint.log
 32K -rw-r--r-- 1 root root  29K Aug 17 06:14 packages/flycheck-swiftx-20200814.845.el
4.0K -rw-r--r-- 1 root root  454 Aug 17 06:14 packages/flycheck-swiftx-20200814.845.entry
4.0K -rw-r--r-- 1 root root 1.2K Aug 17 06:14 packages/flycheck-swiftx-badge.svg
4.0K -rw-r--r-- 1 root root  655 Aug 17 06:14 packages/flycheck-swiftx-readme.txt
4.0K -rw-r--r-- 1 root root  650 Aug 17 06:14 packages/flycheck-swiftx.log
4.0K -rw-r--r-- 1 root root 2.8K Aug 17 06:14 packages/flycheck-tcl-20180327.1259.el
4.0K -rw-r--r-- 1 root root  390 Aug 17 06:14 packages/flycheck-tcl-20180327.1259.entry
4.0K -rw-r--r-- 1 root root 1.2K Aug 17 06:14 packages/flycheck-tcl-badge.svg
4.0K -rw-r--r-- 1 root root  173 Aug 17 06:14 packages/flycheck-tcl-readme.txt
4.0K -rw-r--r-- 1 root root  630 Aug 17 06:14 packages/flycheck-tcl.log
4.0K -rw-r--r-- 1 root root  427 Aug 17 06:15 packages/flycheck-tip-20171020.1048.entry
 32K -rw-r--r-- 1 root root  30K Aug 17 06:14 packages/flycheck-tip-20171020.1048.tar
4.0K -rw-r--r-- 1 root root 1.2K Aug 17 06:15 packages/flycheck-tip-badge.svg
4.0K -rw-r--r-- 1 root root  663 Aug 17 06:15 packages/flycheck-tip-readme.txt
4.0K -rw-r--r-- 1 root root 1.2K Aug 17 06:15 packages/flycheck-tip.log
4.0K -rw-r--r-- 1 root root 3.2K Aug 17 06:15 packages/flycheck-title-20210321.558.el
4.0K -rw-r--r-- 1 root root  314 Aug 17 06:15 packages/flycheck-title-20210321.558.entry
4.0K -rw-r--r-- 1 root root 1.2K Aug 17 06:15 packages/flycheck-title-badge.svg
4.0K -rw-r--r-- 1 root root  419 Aug 17 06:15 packages/flycheck-title-readme.txt
4.0K -rw-r--r-- 1 root root  644 Aug 17 06:15 packages/flycheck-title.log
8.0K -rw-r--r-- 1 root root 6.1K Aug 17 06:15 packages/flycheck-vale-20190609.1533.el
4.0K -rw-r--r-- 1 root root  407 Aug 17 06:15 packages/flycheck-vale-20190609.1533.entry
4.0K -rw-r--r-- 1 root root 1.2K Aug 17 06:15 packages/flycheck-vale-badge.svg
4.0K -rw-r--r-- 1 root root  192 Aug 17 06:15 packages/flycheck-vale-readme.txt
4.0K -rw-r--r-- 1 root root  640 Aug 17 06:15 packages/flycheck-vale.log
4.0K -rw-r--r-- 1 root root 3.2K Aug 17 06:15 packages/flycheck-vdm-20190304.839.el
4.0K -rw-r--r-- 1 root root  464 Aug 17 06:15 packages/flycheck-vdm-20190304.839.entry
4.0K -rw-r--r-- 1 root root 1.2K Aug 17 06:15 packages/flycheck-vdm-badge.svg
4.0K -rw-r--r-- 1 root root   79 Aug 17 06:15 packages/flycheck-vdm-readme.txt
4.0K -rw-r--r-- 1 root root  626 Aug 17 06:15 packages/flycheck-vdm.log
8.0K -rw-r--r-- 1 root root 5.1K Aug 17 06:15 packages/flycheck-xcode-20180122.651.el
4.0K -rw-r--r-- 1 root root  352 Aug 17 06:15 packages/flycheck-xcode-20180122.651.entry
4.0K -rw-r--r-- 1 root root 1.2K Aug 17 06:15 packages/flycheck-xcode-badge.svg
4.0K -rw-r--r-- 1 root root   97 Aug 17 06:15 packages/flycheck-xcode-readme.txt
4.0K -rw-r--r-- 1 root root  647 Aug 17 06:15 packages/flycheck-xcode.log
4.0K -rw-r--r-- 1 root root 2.3K Aug 17 06:15 packages/flycheck-yamllint-20170325.1735.el
4.0K -rw-r--r-- 1 root root  449 Aug 17 06:15 packages/flycheck-yamllint-20170325.1735.entry
4.0K -rw-r--r-- 1 root root 1.2K Aug 17 06:15 packages/flycheck-yamllint-badge.svg
   0 -rw-r--r-- 1 root root    0 Aug 17 06:15 packages/flycheck-yamllint-readme.txt
4.0K -rw-r--r-- 1 root root  679 Aug 17 06:15 packages/flycheck-yamllint.log
4.0K -rw-r--r-- 1 root root 3.3K Aug 17 06:15 packages/flycheck-yang-20180312.1831.el
4.0K -rw-r--r-- 1 root root  286 Aug 17 06:15 packages/flycheck-yang-20180312.1831.entry
4.0K -rw-r--r-- 1 root root 1.2K Aug 17 06:15 packages/flycheck-yang-badge.svg
4.0K -rw-r--r-- 1 root root  593 Aug 17 06:15 packages/flycheck-yang-readme.txt
4.0K -rw-r--r-- 1 root root  637 Aug 17 06:15 packages/flycheck-yang.log
8.0K -rw-r--r-- 1 root root 4.5K Aug 17 06:15 packages/flycheck-ycmd-20181016.618.el
4.0K -rw-r--r-- 1 root root  444 Aug 17 06:15 packages/flycheck-ycmd-20181016.618.entry
4.0K -rw-r--r-- 1 root root 1.2K Aug 17 06:15 packages/flycheck-ycmd-badge.svg
4.0K -rw-r--r-- 1 root root  291 Aug 17 06:15 packages/flycheck-ycmd-readme.txt
4.0K -rw-r--r-- 1 root root  634 Aug 17 06:15 packages/flycheck-ycmd.log
