Package: flycheck-haskell
Fetcher: github
Source:  https://github.com/flycheck/flycheck-haskell.git

Updating /mnt/store/melpa/working/flycheck-haskell/
Copying files (->) and directories (=>)
  from /mnt/store/melpa/working/flycheck-haskell/
  to /tmp/flycheck-haskellAevyEa/flycheck-haskell-20200927.1603
    flycheck-haskell.el -> flycheck-haskell.el
    get-cabal-configuration.hs -> get-cabal-configuration.hs
Created flycheck-haskell-20200927.1603.tar containing:
  flycheck-haskell-20200927.1603/
  flycheck-haskell-20200927.1603/flycheck-haskell-pkg.el
  flycheck-haskell-20200927.1603/flycheck-haskell.el
  flycheck-haskell-20200927.1603/get-cabal-configuration.hs
Built flycheck-haskell in 4.391s, finished at Wed May 19 03:22:00 2021
 ✓ Success:
4.0K -rw-r--r-- 1 root root  578 May 19 03:22 packages/flycheck-haskell-20200927.1603.entry
 60K -rw-r--r-- 1 root root  60K May 19 03:22 packages/flycheck-haskell-20200927.1603.tar
4.0K -rw-r--r-- 1 root root 1.2K May 19 03:22 packages/flycheck-haskell-badge.svg
4.0K -rw-r--r-- 1 root root  578 May 19 03:22 packages/flycheck-haskell-readme.txt
