Package: flycheck-pycheckers
Fetcher: github
Source:  https://github.com/msherry/flycheck-pycheckers.git

Updating /mnt/store/melpa/working/flycheck-pycheckers/
Copying files (->) and directories (=>)
  from /mnt/store/melpa/working/flycheck-pycheckers/
  to /tmp/flycheck-pycheckersftJbfu/flycheck-pycheckers-20210414.2023
    flycheck-pycheckers.el -> flycheck-pycheckers.el
    bin/pycheckers.py -> bin/pycheckers.py
Created flycheck-pycheckers-20210414.2023.tar containing:
  flycheck-pycheckers-20210414.2023/
  flycheck-pycheckers-20210414.2023/bin/
  flycheck-pycheckers-20210414.2023/bin/pycheckers.py
  flycheck-pycheckers-20210414.2023/flycheck-pycheckers-pkg.el
  flycheck-pycheckers-20210414.2023/flycheck-pycheckers.el
Built flycheck-pycheckers in 3.989s, finished at Wed May 19 03:22:31 2021
 ✓ Success:
4.0K -rw-r--r-- 1 root root  332 May 19 03:22 packages/flycheck-pycheckers-20210414.2023.entry
 72K -rw-r--r-- 1 root root  70K May 19 03:22 packages/flycheck-pycheckers-20210414.2023.tar
4.0K -rw-r--r-- 1 root root 1.2K May 19 03:22 packages/flycheck-pycheckers-badge.svg
8.0K -rw-r--r-- 1 root root 5.3K May 19 03:22 packages/flycheck-pycheckers-readme.txt
