Package: flycheck-elsa
Fetcher: github
Source:  https://github.com/emacs-elsa/flycheck-elsa.git

Updating /mnt/store/melpa/working/flycheck-elsa/
Checking out origin/HEAD
Checking out 6274e6d5391bcdca46164b3238b045ca21c353a2
Copying files (->) and directories (=>)
  from /mnt/store/melpa/working/flycheck-elsa/
  to /tmp/flycheck-elsaj3Wlu9/flycheck-elsa-20200203.1758
    Elsafile.el -> Elsafile.el
    flycheck-elsa.el -> flycheck-elsa.el
Created flycheck-elsa-20200203.1758.tar containing:
  flycheck-elsa-20200203.1758/
  flycheck-elsa-20200203.1758/Elsafile.el
  flycheck-elsa-20200203.1758/flycheck-elsa-pkg.el
  flycheck-elsa-20200203.1758/flycheck-elsa.el
Built flycheck-elsa in 4.248s, finished at 2021-08-17T09:45:13+0000
 ✓ Success:
4.0K -rw-r--r-- 1 root root  382 Aug 17 09:45 packages/flycheck-elsa-20200203.1758.entry
 12K -rw-r--r-- 1 root root  10K Aug 17 09:45 packages/flycheck-elsa-20200203.1758.tar
4.0K -rw-r--r-- 1 root root 1.2K Aug 17 09:45 packages/flycheck-elsa-badge.svg
4.0K -rw-r--r-- 1 root root   46 Aug 17 09:45 packages/flycheck-elsa-readme.txt
