Package: flycheck-apertium
Fetcher: github
Source:  https://github.com/unhammer/flycheck-apertium.git

Updating /mnt/store/melpa/working/flycheck-apertium/
Copying files (->) and directories (=>)
  from /mnt/store/melpa/working/flycheck-apertium/
  to /tmp/flycheck-apertiumJmNPIP/flycheck-apertium-20181211.1038
    flycheck-apertium.el -> flycheck-apertium.el
    dix.xsd -> dix.xsd
Created flycheck-apertium-20181211.1038.tar containing:
  flycheck-apertium-20181211.1038/
  flycheck-apertium-20181211.1038/dix.xsd
  flycheck-apertium-20181211.1038/flycheck-apertium-pkg.el
  flycheck-apertium-20181211.1038/flycheck-apertium.el
Built flycheck-apertium in 4.684s, finished at Wed May 19 03:21:23 2021
 ✓ Success:
4.0K -rw-r--r-- 1 root root  440 May 19 03:21 packages/flycheck-apertium-20181211.1038.entry
 20K -rw-r--r-- 1 root root  20K May 19 03:21 packages/flycheck-apertium-20181211.1038.tar
4.0K -rw-r--r-- 1 root root 1.2K May 19 03:21 packages/flycheck-apertium-badge.svg
4.0K -rw-r--r-- 1 root root  497 May 19 03:21 packages/flycheck-apertium-readme.txt
