Package: flycheck-stan
Fetcher: github
Source:  https://github.com/stan-dev/stan-mode.git

Updating /mnt/store/melpa/working/flycheck-stan/
Checking out origin/HEAD
Checking out 9bb858b9f1314dcf1a5df23e39f9af522098276b
Copying files (->) and directories (=>)
  from /mnt/store/melpa/working/flycheck-stan/
  to /tmp/flycheck-standMDdm4/flycheck-stan-20210130.1325
  ! flycheck-stan/flycheck-stan.el -> flycheck-stan.el
  ! flycheck-stan/error_msgs.txt -> error_msgs.txt
Created flycheck-stan-20210130.1325.tar containing:
  flycheck-stan-20210130.1325/
  flycheck-stan-20210130.1325/error_msgs.txt
  flycheck-stan-20210130.1325/flycheck-stan-pkg.el
  flycheck-stan-20210130.1325/flycheck-stan.el
Built flycheck-stan in 6.971s, finished at 2021-08-17T09:46:04+0000
 ✓ Success:
4.0K -rw-r--r-- 1 root root  521 Aug 17 09:46 packages/flycheck-stan-20210130.1325.entry
 52K -rw-r--r-- 1 root root  50K Aug 17 09:46 packages/flycheck-stan-20210130.1325.tar
4.0K -rw-r--r-- 1 root root 1.2K Aug 17 09:46 packages/flycheck-stan-badge.svg
4.0K -rw-r--r-- 1 root root   57 Aug 17 09:46 packages/flycheck-stan-readme.txt
