Package: flymake-haskell-multi
Fetcher: github
Source:  https://github.com/purcell/flymake-haskell-multi.git

Updating /mnt/store/melpa/working/flymake-haskell-multi/
Copying files (->) and directories (=>)
  from /mnt/store/melpa/working/flymake-haskell-multi/
  to /tmp/flymake-haskell-multi5uPKik/flymake-haskell-multi-20170723.146
    flymake-haskell-multi-pkg.el -> flymake-haskell-multi-pkg.el
    flymake-haskell-multi.el -> flymake-haskell-multi.el
    haskell_multi -> haskell_multi
Created flymake-haskell-multi-20170723.146.tar containing:
  flymake-haskell-multi-20170723.146/
  flymake-haskell-multi-20170723.146/flymake-haskell-multi-pkg.el
  flymake-haskell-multi-20170723.146/flymake-haskell-multi.el
  flymake-haskell-multi-20170723.146/haskell_multi
Built flymake-haskell-multi in 4.950s, finished at Wed May 19 03:23:04 2021
 ✓ Success:
4.0K -rw-r--r-- 1 root root  387 May 19 03:23 packages/flymake-haskell-multi-20170723.146.entry
 12K -rw-r--r-- 1 root root  10K May 19 03:23 packages/flymake-haskell-multi-20170723.146.tar
4.0K -rw-r--r-- 1 root root 1.2K May 19 03:23 packages/flymake-haskell-multi-badge.svg
4.0K -rw-r--r-- 1 root root  167 May 19 03:23 packages/flymake-haskell-multi-readme.txt
