Package: flymd
Fetcher: github
Source:  https://github.com/mola-T/flymd.git

Updating /mnt/store/melpa/working/flymd/
Checking out origin/HEAD
Checking out 84d5a68bcfed4a295952c33ffcd11e880978d9d7
Copying files (->) and directories (=>)
  from /mnt/store/melpa/working/flymd/
  to /tmp/flymddrCuP1/flymd-20160617.1214
    flymd.el -> flymd.el
    flymd.html -> flymd.html
Created flymd-20160617.1214.tar containing:
  flymd-20160617.1214/
  flymd-20160617.1214/flymd-pkg.el
  flymd-20160617.1214/flymd.el
  flymd-20160617.1214/flymd.html
Built flymd in 4.449s, finished at 2021-08-17T09:46:58+0000
 ✓ Success:
4.0K -rw-r--r-- 1 root root  329 Aug 17 09:46 packages/flymd-20160617.1214.entry
 20K -rw-r--r-- 1 root root  20K Aug 17 09:46 packages/flymd-20160617.1214.tar
4.0K -rw-r--r-- 1 root root 1.2K Aug 17 09:46 packages/flymd-badge.svg
4.0K -rw-r--r-- 1 root root  310 Aug 17 09:46 packages/flymd-readme.txt
