Package: flyparens
Fetcher: github
Source:  https://github.com/jiyoo/flyparens.git

Updating /mnt/store/melpa/working/flyparens/
Checking out origin/HEAD
Checking out af9b8cfd647d0e5f97684d613dc2eea7cfc19398
Copying files (->) and directories (=>)
  from /mnt/store/melpa/working/flyparens/
  to /tmp/flyparensacs2JY/flyparens-20140723.1846
    flyparens-config-example-1.el -> flyparens-config-example-1.el
    flyparens.el -> flyparens.el
Created flyparens-20140723.1846.tar containing:
  flyparens-20140723.1846/
  flyparens-20140723.1846/flyparens-config-example-1.el
  flyparens-20140723.1846/flyparens-pkg.el
  flyparens-20140723.1846/flyparens.el
Built flyparens in 4.268s, finished at 2021-08-17T09:46:58+0000
 ✓ Success:
4.0K -rw-r--r-- 1 root root  305 Aug 17 09:46 packages/flyparens-20140723.1846.entry
 12K -rw-r--r-- 1 root root  10K Aug 17 09:46 packages/flyparens-20140723.1846.tar
4.0K -rw-r--r-- 1 root root 1.2K Aug 17 09:46 packages/flyparens-badge.svg
4.0K -rw-r--r-- 1 root root  402 Aug 17 09:46 packages/flyparens-readme.txt
