Package: flyspell-correct
Fetcher: github
Source:  https://github.com/d12frosted/flyspell-correct.git

Updating /mnt/store/melpa/working/flyspell-correct/
Checking out origin/HEAD
Checking out 00357953a736e21d0a1c8d76f5605820990544fe
Copying files (->) and directories (=>)
  from /mnt/store/melpa/working/flyspell-correct/
  to /tmp/flyspell-correctzRwYQL/flyspell-correct-20210724.1042
    flyspell-correct.el -> flyspell-correct.el
    flyspell-correct-ido.el -> flyspell-correct-ido.el
Created flyspell-correct-20210724.1042.tar containing:
  flyspell-correct-20210724.1042/
  flyspell-correct-20210724.1042/flyspell-correct-ido.el
  flyspell-correct-20210724.1042/flyspell-correct-pkg.el
  flyspell-correct-20210724.1042/flyspell-correct.el
Built flyspell-correct in 4.687s, finished at 2021-08-17T09:46:59+0000
 ✓ Success:
4.0K -rw-r--r-- 1 root root  383 Aug 17 09:46 packages/flyspell-correct-20210724.1042.entry
 32K -rw-r--r-- 1 root root  30K Aug 17 09:46 packages/flyspell-correct-20210724.1042.tar
4.0K -rw-r--r-- 1 root root 2.8K Aug 17 06:16 packages/flyspell-correct-avy-menu-20210124.1143.el
4.0K -rw-r--r-- 1 root root  551 Aug 17 06:16 packages/flyspell-correct-avy-menu-20210124.1143.entry
4.0K -rw-r--r-- 1 root root 1.2K Aug 17 06:16 packages/flyspell-correct-avy-menu-badge.svg
4.0K -rw-r--r-- 1 root root  494 Aug 17 06:16 packages/flyspell-correct-avy-menu-readme.txt
4.0K -rw-r--r-- 1 root root  252 Aug 17 09:46 packages/flyspell-correct-avy-menu.log
4.0K -rw-r--r-- 1 root root 1.2K Aug 17 09:46 packages/flyspell-correct-badge.svg
4.0K -rw-r--r-- 1 root root 3.7K Aug 17 06:16 packages/flyspell-correct-helm-20210124.1143.el
4.0K -rw-r--r-- 1 root root  438 Aug 17 06:16 packages/flyspell-correct-helm-20210124.1143.entry
4.0K -rw-r--r-- 1 root root 1.2K Aug 17 06:16 packages/flyspell-correct-helm-badge.svg
4.0K -rw-r--r-- 1 root root  478 Aug 17 06:16 packages/flyspell-correct-helm-readme.txt
4.0K -rw-r--r-- 1 root root  244 Aug 17 09:46 packages/flyspell-correct-helm.log
8.0K -rw-r--r-- 1 root root 4.1K Aug 17 06:16 packages/flyspell-correct-ivy-20210124.1143.el
4.0K -rw-r--r-- 1 root root  445 Aug 17 06:16 packages/flyspell-correct-ivy-20210124.1143.entry
4.0K -rw-r--r-- 1 root root 1.2K Aug 17 06:16 packages/flyspell-correct-ivy-badge.svg
4.0K -rw-r--r-- 1 root root  474 Aug 17 06:16 packages/flyspell-correct-ivy-readme.txt
4.0K -rw-r--r-- 1 root root  242 Aug 17 09:46 packages/flyspell-correct-ivy.log
4.0K -rw-r--r-- 1 root root 2.1K Aug 17 06:16 packages/flyspell-correct-popup-20210124.1143.el
4.0K -rw-r--r-- 1 root root  447 Aug 17 06:16 packages/flyspell-correct-popup-20210124.1143.entry
4.0K -rw-r--r-- 1 root root 1.2K Aug 17 06:16 packages/flyspell-correct-popup-badge.svg
4.0K -rw-r--r-- 1 root root  482 Aug 17 06:16 packages/flyspell-correct-popup-readme.txt
4.0K -rw-r--r-- 1 root root  167 Aug 17 09:46 packages/flyspell-correct-popup.log
4.0K -rw-r--r-- 1 root root 1.7K Aug 17 09:46 packages/flyspell-correct-readme.txt
