Package: fsharp-mode
Fetcher: github
Source:  https://github.com/fsharp/emacs-fsharp-mode.git

Updating /mnt/store/melpa/working/fsharp-mode/
Checking out origin/HEAD
Checking out c90d762c0692cc43032291d37b8ca3201c3d49bd
Copying files (->) and directories (=>)
  from /mnt/store/melpa/working/fsharp-mode/
  to /tmp/fsharp-modev0RLF2/fsharp-mode-20210807.1417
    fsharp-mode-font.el -> fsharp-mode-font.el
    fsharp-mode-structure.el -> fsharp-mode-structure.el
    fsharp-mode-util.el -> fsharp-mode-util.el
    fsharp-mode.el -> fsharp-mode.el
    inf-fsharp-mode.el -> inf-fsharp-mode.el
Created fsharp-mode-20210807.1417.tar containing:
  fsharp-mode-20210807.1417/
  fsharp-mode-20210807.1417/fsharp-mode-font.el
  fsharp-mode-20210807.1417/fsharp-mode-pkg.el
  fsharp-mode-20210807.1417/fsharp-mode-structure.el
  fsharp-mode-20210807.1417/fsharp-mode-util.el
  fsharp-mode-20210807.1417/fsharp-mode.el
  fsharp-mode-20210807.1417/inf-fsharp-mode.el
Built fsharp-mode in 6.649s, finished at 2021-08-17T09:48:19+0000
 ✓ Success:
4.0K -rw-r--r-- 1 root root  512 Aug 17 09:48 packages/fsharp-mode-20210807.1417.entry
120K -rw-r--r-- 1 root root 120K Aug 17 09:48 packages/fsharp-mode-20210807.1417.tar
4.0K -rw-r--r-- 1 root root 1.2K Aug 17 09:48 packages/fsharp-mode-badge.svg
