Package: function-args
Fetcher: github
Source:  https://github.com/abo-abo/function-args.git

Updating /mnt/store/melpa/working/function-args/
Copying files (->) and directories (=>)
  from /mnt/store/melpa/working/function-args/
  to /tmp/function-argsxsAWT7/function-args-20171031.1704
    function-args.el -> function-args.el
    semantic-directory.el -> semantic-directory.el
Created function-args-20171031.1704.tar containing:
  function-args-20171031.1704/
  function-args-20171031.1704/function-args-pkg.el
  function-args-20171031.1704/function-args.el
  function-args-20171031.1704/semantic-directory.el
Built function-args in 8.253s, finished at Wed May 19 03:24:31 2021
 ✓ Success:
4.0K -rw-r--r-- 1 root root  330 May 19 03:24 packages/function-args-20171031.1704.entry
 92K -rw-r--r-- 1 root root  90K May 19 03:24 packages/function-args-20171031.1704.tar
4.0K -rw-r--r-- 1 root root 1.2K May 19 03:24 packages/function-args-badge.svg
4.0K -rw-r--r-- 1 root root  569 May 19 03:24 packages/function-args-readme.txt
