Package: futhark-mode
Fetcher: github
Source:  https://github.com/diku-dk/futhark-mode.git

Updating /mnt/store/melpa/working/futhark-mode/
Copying files (->) and directories (=>)
  from /mnt/store/melpa/working/futhark-mode/
  to /tmp/futhark-modevvgoyq/futhark-mode-20200823.1521
    futhark-comint.el -> futhark-comint.el
    futhark-dev.el -> futhark-dev.el
    futhark-eldoc.el -> futhark-eldoc.el
    futhark-flycheck.el -> futhark-flycheck.el
    futhark-highlight.el -> futhark-highlight.el
    futhark-indent.el -> futhark-indent.el
    futhark-mode.el -> futhark-mode.el
    futhark-query.el -> futhark-query.el
Created futhark-mode-20200823.1521.tar containing:
  futhark-mode-20200823.1521/
  futhark-mode-20200823.1521/futhark-comint.el
  futhark-mode-20200823.1521/futhark-dev.el
  futhark-mode-20200823.1521/futhark-eldoc.el
  futhark-mode-20200823.1521/futhark-flycheck.el
  futhark-mode-20200823.1521/futhark-highlight.el
  futhark-mode-20200823.1521/futhark-indent.el
  futhark-mode-20200823.1521/futhark-mode-pkg.el
  futhark-mode-20200823.1521/futhark-mode.el
  futhark-mode-20200823.1521/futhark-query.el
Built futhark-mode in 9.585s, finished at Wed May 19 03:24:36 2021
 ✓ Success:
4.0K -rw-r--r-- 1 root root  292 May 19 03:24 packages/futhark-mode-20200823.1521.entry
 60K -rw-r--r-- 1 root root  60K May 19 03:24 packages/futhark-mode-20200823.1521.tar
4.0K -rw-r--r-- 1 root root 1.2K May 19 03:24 packages/futhark-mode-badge.svg
4.0K -rw-r--r-- 1 root root  417 May 19 03:24 packages/futhark-mode-readme.txt
