Package: fuz
Fetcher: github
Source:  https://github.com/rustify-emacs/fuz.el.git

Updating /mnt/store/melpa/working/fuz/
Checking out origin/HEAD
Checking out fee874aa35d2ee6b12b836290b5c8eaa44175a28
Copying files (->) and directories (=>)
  from /mnt/store/melpa/working/fuz/
  to /tmp/fuzC49phS/fuz-20200104.524
    fuz-extra.el -> fuz-extra.el
    fuz.el -> fuz.el
    Cargo.toml -> Cargo.toml
    Cargo.lock -> Cargo.lock
    src => src
Created fuz-20200104.524.tar containing:
  fuz-20200104.524/
  fuz-20200104.524/Cargo.lock
  fuz-20200104.524/Cargo.toml
  fuz-20200104.524/fuz-extra.el
  fuz-20200104.524/fuz-pkg.el
  fuz-20200104.524/fuz.el
  fuz-20200104.524/src/
  fuz-20200104.524/src/dynmod.rs
  fuz-20200104.524/src/lib.rs
Built fuz in 4.711s, finished at 2021-08-17T09:48:28+0000
 ✓ Success:
4.0K -rw-r--r-- 1 root root  367 Aug 17 09:48 packages/fuz-20200104.524.entry
 52K -rw-r--r-- 1 root root  50K Aug 17 09:48 packages/fuz-20200104.524.tar
4.0K -rw-r--r-- 1 root root 1.2K Aug 17 09:48 packages/fuz-badge.svg
4.0K -rw-r--r-- 1 root root  331 Aug 17 09:48 packages/fuz-readme.txt
