Package: gap-mode
Fetcher: gitlab
Source:  https://gitlab.com/gvol/gap-mode.git

Updating /mnt/store/melpa/working/gap-mode/
Checking out origin/HEAD
Checking out 62adb8935033eead7fbf2c107c2dfb79afa53c67
Copying files (->) and directories (=>)
  from /mnt/store/melpa/working/gap-mode/
  to /tmp/gap-mode23vgfG/gap-mode-20191110.2237
    gap-mode.el -> gap-mode.el
    gap-process.el -> gap-process.el
    gap-smie.el -> gap-smie.el
    emacs.gaprc -> emacs.gaprc
Created gap-mode-20191110.2237.tar containing:
  gap-mode-20191110.2237/
  gap-mode-20191110.2237/emacs.gaprc
  gap-mode-20191110.2237/gap-mode-pkg.el
  gap-mode-20191110.2237/gap-mode.el
  gap-mode-20191110.2237/gap-process.el
  gap-mode-20191110.2237/gap-smie.el
Built gap-mode in 4.733s, finished at 2021-08-17T09:48:37+0000
 ✓ Success:
4.0K -rw-r--r-- 1 root root  465 Aug 17 09:48 packages/gap-mode-20191110.2237.entry
112K -rw-r--r-- 1 root root 110K Aug 17 09:48 packages/gap-mode-20191110.2237.tar
4.0K -rw-r--r-- 1 root root 1.2K Aug 17 09:48 packages/gap-mode-badge.svg
4.0K -rw-r--r-- 1 root root  243 Aug 17 09:48 packages/gap-mode-readme.txt
