Package: geben
Fetcher: github
Source:  https://github.com/ahungry/geben.git

Updating /mnt/store/melpa/working/geben/
Copying files (->) and directories (=>)
  from /mnt/store/melpa/working/geben/
  to /tmp/geben3wQ5d8/geben-20170801.1251
    dbgp.el -> dbgp.el
    geben.el -> geben.el
Created geben-20170801.1251.tar containing:
  geben-20170801.1251/
  geben-20170801.1251/dbgp.el
  geben-20170801.1251/geben-pkg.el
  geben-20170801.1251/geben.el
Built geben in 6.945s, finished at Wed May 19 03:25:08 2021
 ✓ Success:
4.0K -rw-r--r-- 1 root root  366 May 19 03:25 packages/geben-20170801.1251.entry
212K -rw-r--r-- 1 root root 210K May 19 03:25 packages/geben-20170801.1251.tar
4.0K -rw-r--r-- 1 root root 1.2K May 19 03:25 packages/geben-badge.svg
4.0K -rw-r--r-- 1 root root 3.4K May 19 00:10 packages/geben-helm-projectile-20160611.59.el
4.0K -rw-r--r-- 1 root root  487 May 19 00:10 packages/geben-helm-projectile-20160611.59.entry
4.0K -rw-r--r-- 1 root root 1.2K May 19 00:10 packages/geben-helm-projectile-badge.svg
4.0K -rw-r--r-- 1 root root  220 May 19 00:10 packages/geben-helm-projectile-readme.txt
4.0K -rw-r--r-- 1 root root  167 May 19 03:25 packages/geben-helm-projectile.log
4.0K -rw-r--r-- 1 root root  907 May 19 03:25 packages/geben-readme.txt
