Package: geiser-kawa
Fetcher: gitlab
Source:  https://gitlab.com/emacs-geiser/kawa.git

Updating /mnt/store/melpa/working/geiser-kawa/
Checking out origin/HEAD
Checking out 3d999a33deedd62dae60f3f7cedfbdb715587ea7
Copying files (->) and directories (=>)
  from /mnt/store/melpa/working/geiser-kawa/
  to /tmp/geiser-kawaviHEip/geiser-kawa-20210427.1626
  ! elisp/geiser-kawa-arglist.el -> geiser-kawa-arglist.el
  ! elisp/geiser-kawa-deps.el -> geiser-kawa-deps.el
  ! elisp/geiser-kawa-devutil-complete.el -> geiser-kawa-devutil-complete.el
  ! elisp/geiser-kawa-devutil-exprtree.el -> geiser-kawa-devutil-exprtree.el
  ! elisp/geiser-kawa-ext-help.el -> geiser-kawa-ext-help.el
  ! elisp/geiser-kawa-globals.el -> geiser-kawa-globals.el
  ! elisp/geiser-kawa-util.el -> geiser-kawa-util.el
  ! elisp/geiser-kawa.el -> geiser-kawa.el
    pom.xml -> pom.xml
    .mvn => .mvn
    mvnw -> mvnw
    mvnw.cmd -> mvnw.cmd
    src => src
Created geiser-kawa-20210427.1626.tar containing:
  geiser-kawa-20210427.1626/
  geiser-kawa-20210427.1626/.mvn/
  geiser-kawa-20210427.1626/.mvn/wrapper/
  geiser-kawa-20210427.1626/.mvn/wrapper/MavenWrapperDownloader.java
  geiser-kawa-20210427.1626/.mvn/wrapper/maven-wrapper.properties
  geiser-kawa-20210427.1626/geiser-kawa-arglist.el
  geiser-kawa-20210427.1626/geiser-kawa-deps.el
  geiser-kawa-20210427.1626/geiser-kawa-devutil-complete.el
  geiser-kawa-20210427.1626/geiser-kawa-devutil-exprtree.el
  geiser-kawa-20210427.1626/geiser-kawa-ext-help.el
  geiser-kawa-20210427.1626/geiser-kawa-globals.el
  geiser-kawa-20210427.1626/geiser-kawa-pkg.el
  geiser-kawa-20210427.1626/geiser-kawa-util.el
  geiser-kawa-20210427.1626/geiser-kawa.el
  geiser-kawa-20210427.1626/mvnw
  geiser-kawa-20210427.1626/mvnw.cmd
  geiser-kawa-20210427.1626/pom.xml
  geiser-kawa-20210427.1626/src/
  geiser-kawa-20210427.1626/src/main/
  geiser-kawa-20210427.1626/src/main/java/
  geiser-kawa-20210427.1626/src/main/java/kawageiser/
  geiser-kawa-20210427.1626/src/main/java/kawageiser/Geiser.java
  geiser-kawa-20210427.1626/src/main/java/kawageiser/GeiserAutodoc.java
  geiser-kawa-20210427.1626/src/main/java/kawageiser/GeiserCompleteModule.java
  geiser-kawa-20210427.1626/src/main/java/kawageiser/GeiserCompleteSymbol.java
  geiser-kawa-20210427.1626/src/main/java/kawageiser/GeiserEval.java
  geiser-kawa-20210427.1626/src/main/java/kawageiser/GeiserLoadFile.java
  geiser-kawa-20210427.1626/src/main/java/kawageiser/GeiserMacroexpand.java
  geiser-kawa-20210427.1626/src/main/java/kawageiser/GeiserNoValues.java
  geiser-kawa-20210427.1626/src/main/java/kawageiser/StartKawaWithGeiserSupport.java
  geiser-kawa-20210427.1626/src/main/java/kawageiser/docutil/
  geiser-kawa-20210427.1626/src/main/java/kawageiser/docutil/ManualEpubUnzipToTmpDir.java
  geiser-kawa-20210427.1626/src/main/java/kawageiser/kawadevutil/
  geiser-kawa-20210427.1626/src/main/java/kawageiser/kawadevutil/Complete.java
  geiser-kawa-20210427.1626/src/main/java/kawageiser/kawadevutil/ExprTree.java
  geiser-kawa-20210427.1626/src/test/
  geiser-kawa-20210427.1626/src/test/java/
  geiser-kawa-20210427.1626/src/test/java/kawageiser/
  geiser-kawa-20210427.1626/src/test/java/kawageiser/GeiserAutodocTest.java
  geiser-kawa-20210427.1626/src/test/java/kawageiser/GeiserTest.java
Built geiser-kawa in 4.647s, finished at 2021-08-17T09:48:50+0000
 ✓ Success:
4.0K -rw-r--r-- 1 root root  452 Aug 17 09:48 packages/geiser-kawa-20210427.1626.entry
140K -rw-r--r-- 1 root root 140K Aug 17 09:48 packages/geiser-kawa-20210427.1626.tar
4.0K -rw-r--r-- 1 root root 1.2K Aug 17 09:48 packages/geiser-kawa-badge.svg
4.0K -rw-r--r-- 1 root root   87 Aug 17 09:48 packages/geiser-kawa-readme.txt
