Package: geiser-gauche
Fetcher: gitlab
Source:  https://gitlab.com/emacs-geiser/gauche.git

Updating /mnt/store/melpa/working/geiser-gauche/
Copying files (->) and directories (=>)
  from /mnt/store/melpa/working/geiser-gauche/
  to /tmp/geiser-gaucheloSLWc/geiser-gauche-20200802.1300
    geiser-gauche.el -> geiser-gauche.el
    geiser-gauche.scm -> geiser-gauche.scm
Created geiser-gauche-20200802.1300.tar containing:
  geiser-gauche-20200802.1300/
  geiser-gauche-20200802.1300/geiser-gauche-pkg.el
  geiser-gauche-20200802.1300/geiser-gauche.el
  geiser-gauche-20200802.1300/geiser-gauche.scm
Built geiser-gauche in 4.968s, finished at Wed May 19 03:25:14 2021
 ✓ Success:
4.0K -rw-r--r-- 1 root root  430 May 19 03:25 packages/geiser-gauche-20200802.1300.entry
 32K -rw-r--r-- 1 root root  30K May 19 03:25 packages/geiser-gauche-20200802.1300.tar
4.0K -rw-r--r-- 1 root root 1.2K May 19 03:25 packages/geiser-gauche-badge.svg
4.0K -rw-r--r-- 1 root root   65 May 19 03:25 packages/geiser-gauche-readme.txt
