Package: geiser
Fetcher: gitlab
Source:  https://gitlab.com/emacs-geiser/geiser.git

Updating /mnt/store/melpa/working/geiser/
Copying files (->) and directories (=>)
  from /mnt/store/melpa/working/geiser/
  to /tmp/geiserdPXINc/geiser-20210428.1942
  ! elisp/geiser-autodoc.el -> geiser-autodoc.el
  ! elisp/geiser-base.el -> geiser-base.el
  ! elisp/geiser-company.el -> geiser-company.el
  ! elisp/geiser-compile.el -> geiser-compile.el
  ! elisp/geiser-completion.el -> geiser-completion.el
  ! elisp/geiser-connection.el -> geiser-connection.el
  ! elisp/geiser-custom.el -> geiser-custom.el
  ! elisp/geiser-debug.el -> geiser-debug.el
  ! elisp/geiser-doc.el -> geiser-doc.el
  ! elisp/geiser-edit.el -> geiser-edit.el
  ! elisp/geiser-eval.el -> geiser-eval.el
  ! elisp/geiser-image.el -> geiser-image.el
  ! elisp/geiser-impl.el -> geiser-impl.el
  ! elisp/geiser-log.el -> geiser-log.el
  ! elisp/geiser-menu.el -> geiser-menu.el
  ! elisp/geiser-mode.el -> geiser-mode.el
  ! elisp/geiser-popup.el -> geiser-popup.el
  ! elisp/geiser-reload.el -> geiser-reload.el
  ! elisp/geiser-repl.el -> geiser-repl.el
  ! elisp/geiser-syntax.el -> geiser-syntax.el
  ! elisp/geiser-table.el -> geiser-table.el
  ! elisp/geiser-xref.el -> geiser-xref.el
  ! elisp/geiser.el -> geiser.el
  ! doc/dir -> dir
  ! doc/geiser.texi -> geiser.texi
Created /tmp/geiserdPXINc/geiser-20210428.1942/geiser.info
Created geiser-20210428.1942.tar containing:
  geiser-20210428.1942/
  geiser-20210428.1942/dir
  geiser-20210428.1942/geiser-autodoc.el
  geiser-20210428.1942/geiser-base.el
  geiser-20210428.1942/geiser-company.el
  geiser-20210428.1942/geiser-compile.el
  geiser-20210428.1942/geiser-completion.el
  geiser-20210428.1942/geiser-connection.el
  geiser-20210428.1942/geiser-custom.el
  geiser-20210428.1942/geiser-debug.el
  geiser-20210428.1942/geiser-doc.el
  geiser-20210428.1942/geiser-edit.el
  geiser-20210428.1942/geiser-eval.el
  geiser-20210428.1942/geiser-image.el
  geiser-20210428.1942/geiser-impl.el
  geiser-20210428.1942/geiser-log.el
  geiser-20210428.1942/geiser-menu.el
  geiser-20210428.1942/geiser-mode.el
  geiser-20210428.1942/geiser-pkg.el
  geiser-20210428.1942/geiser-popup.el
  geiser-20210428.1942/geiser-reload.el
  geiser-20210428.1942/geiser-repl.el
  geiser-20210428.1942/geiser-syntax.el
  geiser-20210428.1942/geiser-table.el
  geiser-20210428.1942/geiser-xref.el
  geiser-20210428.1942/geiser.el
  geiser-20210428.1942/geiser.info
Built geiser in 10.940s, finished at Wed May 19 03:25:17 2021
 ✓ Success:
4.0K -rw-r--r-- 1 root root  375 May 19 03:25 packages/geiser-20210428.1942.entry
312K -rw-r--r-- 1 root root 310K May 19 03:25 packages/geiser-20210428.1942.tar
4.0K -rw-r--r-- 1 root root 1.2K May 19 03:25 packages/geiser-badge.svg
4.0K -rw-r--r-- 1 root root  443 May 19 03:25 packages/geiser-chez-20210421.120.entry
 32K -rw-r--r-- 1 root root  30K May 19 03:25 packages/geiser-chez-20210421.120.tar
4.0K -rw-r--r-- 1 root root 1.2K May 19 03:25 packages/geiser-chez-badge.svg
4.0K -rw-r--r-- 1 root root   57 May 19 03:25 packages/geiser-chez-readme.txt
4.0K -rw-r--r-- 1 root root 1.1K May 19 03:25 packages/geiser-chez.log
4.0K -rw-r--r-- 1 root root  424 May 19 03:25 packages/geiser-chibi-20210421.123.entry
 32K -rw-r--r-- 1 root root  30K May 19 03:25 packages/geiser-chibi-20210421.123.tar
4.0K -rw-r--r-- 1 root root 1.2K May 19 03:25 packages/geiser-chibi-badge.svg
4.0K -rw-r--r-- 1 root root   51 May 19 03:25 packages/geiser-chibi-readme.txt
4.0K -rw-r--r-- 1 root root 1.1K May 19 03:25 packages/geiser-chibi.log
4.0K -rw-r--r-- 1 root root  389 May 19 03:25 packages/geiser-chicken-20210421.127.entry
 60K -rw-r--r-- 1 root root  60K May 19 03:25 packages/geiser-chicken-20210421.127.tar
4.0K -rw-r--r-- 1 root root 1.2K May 19 03:25 packages/geiser-chicken-badge.svg
4.0K -rw-r--r-- 1 root root   69 May 19 03:25 packages/geiser-chicken-readme.txt
4.0K -rw-r--r-- 1 root root 1.2K May 19 03:25 packages/geiser-chicken.log
4.0K -rw-r--r-- 1 root root  416 May 19 03:25 packages/geiser-gambit-20210421.124.entry
140K -rw-r--r-- 1 root root 140K May 19 03:25 packages/geiser-gambit-20210421.124.tar
4.0K -rw-r--r-- 1 root root 1.2K May 19 03:25 packages/geiser-gambit-badge.svg
4.0K -rw-r--r-- 1 root root  148 May 19 03:25 packages/geiser-gambit-readme.txt
4.0K -rw-r--r-- 1 root root 1.2K May 19 03:25 packages/geiser-gambit.log
4.0K -rw-r--r-- 1 root root  430 May 19 03:25 packages/geiser-gauche-20200802.1300.entry
 32K -rw-r--r-- 1 root root  30K May 19 03:25 packages/geiser-gauche-20200802.1300.tar
4.0K -rw-r--r-- 1 root root 1.2K May 19 03:25 packages/geiser-gauche-badge.svg
4.0K -rw-r--r-- 1 root root   65 May 19 03:25 packages/geiser-gauche-readme.txt
4.0K -rw-r--r-- 1 root root 1016 May 19 03:25 packages/geiser-gauche.log
4.0K -rw-r--r-- 1 root root  440 May 19 03:25 packages/geiser-guile-20210508.1838.entry
 60K -rw-r--r-- 1 root root  60K May 19 03:25 packages/geiser-guile-20210508.1838.tar
4.0K -rw-r--r-- 1 root root 1.2K May 19 03:25 packages/geiser-guile-badge.svg
4.0K -rw-r--r-- 1 root root   69 May 19 03:25 packages/geiser-guile-readme.txt
4.0K -rw-r--r-- 1 root root 1.4K May 19 03:25 packages/geiser-guile.log
4.0K -rw-r--r-- 1 root root  452 May 19 03:25 packages/geiser-kawa-20210427.1626.entry
140K -rw-r--r-- 1 root root 140K May 19 03:25 packages/geiser-kawa-20210427.1626.tar
4.0K -rw-r--r-- 1 root root 1.2K May 19 03:25 packages/geiser-kawa-badge.svg
4.0K -rw-r--r-- 1 root root   87 May 19 03:25 packages/geiser-kawa-readme.txt
4.0K -rw-r--r-- 1 root root 3.6K May 19 03:25 packages/geiser-kawa.log
4.0K -rw-r--r-- 1 root root  453 May 19 03:25 packages/geiser-mit-20210405.1920.entry
 32K -rw-r--r-- 1 root root  30K May 19 03:25 packages/geiser-mit-20210405.1920.tar
4.0K -rw-r--r-- 1 root root 1.2K May 19 03:25 packages/geiser-mit-badge.svg
4.0K -rw-r--r-- 1 root root   56 May 19 03:25 packages/geiser-mit-readme.txt
4.0K -rw-r--r-- 1 root root 1.2K May 19 03:25 packages/geiser-mit.log
4.0K -rw-r--r-- 1 root root  415 May 19 00:11 packages/geiser-racket-20210421.125.entry
 60K -rw-r--r-- 1 root root  60K May 19 03:25 packages/geiser-racket-20210421.125.tar
4.0K -rw-r--r-- 1 root root 1.2K May 19 00:11 packages/geiser-racket-badge.svg
4.0K -rw-r--r-- 1 root root   94 May 19 00:11 packages/geiser-racket-readme.txt
4.0K -rw-r--r-- 1 root root  423 May 19 03:25 packages/geiser-racket.log
4.0K -rw-r--r-- 1 root root 1.4K May 19 03:25 packages/geiser-readme.txt
 16K -rw-r--r-- 1 root root  14K May 19 00:11 packages/geiser-stklos-20210503.944.el
4.0K -rw-r--r-- 1 root root  440 May 19 00:11 packages/geiser-stklos-20210503.944.entry
4.0K -rw-r--r-- 1 root root 1.2K May 19 00:11 packages/geiser-stklos-badge.svg
4.0K -rw-r--r-- 1 root root 1.8K May 19 00:11 packages/geiser-stklos-readme.txt
4.0K -rw-r--r-- 1 root root  141 May 19 03:25 packages/geiser-stklos.log
