Package: geiser-chicken
Fetcher: gitlab
Source:  https://gitlab.com/emacs-geiser/chicken.git

Updating /mnt/store/melpa/working/geiser-chicken/
Checking out origin/HEAD
Checking out ceab39c89607f55cba88e5606ba5eb37c7df5260
Copying files (->) and directories (=>)
  from /mnt/store/melpa/working/geiser-chicken/
  to /tmp/geiser-chickenyMqhVT/geiser-chicken-20210421.127
    geiser-chicken.el -> geiser-chicken.el
    src/geiser => src/geiser
Created geiser-chicken-20210421.127.tar containing:
  geiser-chicken-20210421.127/
  geiser-chicken-20210421.127/geiser-chicken-pkg.el
  geiser-chicken-20210421.127/geiser-chicken.el
  geiser-chicken-20210421.127/src/
  geiser-chicken-20210421.127/src/geiser/
  geiser-chicken-20210421.127/src/geiser/chicken4.scm
  geiser-chicken-20210421.127/src/geiser/chicken5.scm
Built geiser-chicken in 4.550s, finished at 2021-08-17T09:48:48+0000
 ✓ Success:
4.0K -rw-r--r-- 1 root root  389 Aug 17 09:48 packages/geiser-chicken-20210421.127.entry
 60K -rw-r--r-- 1 root root  60K Aug 17 09:48 packages/geiser-chicken-20210421.127.tar
4.0K -rw-r--r-- 1 root root 1.2K Aug 17 09:48 packages/geiser-chicken-badge.svg
4.0K -rw-r--r-- 1 root root   69 Aug 17 09:48 packages/geiser-chicken-readme.txt
