Package: geiser-guile
Fetcher: gitlab
Source:  https://gitlab.com/emacs-geiser/guile.git

Updating /mnt/store/melpa/working/geiser-guile/
Copying files (->) and directories (=>)
  from /mnt/store/melpa/working/geiser-guile/
  to /tmp/geiser-guileIDeuMn/geiser-guile-20210508.1838
    geiser-guile.el -> geiser-guile.el
    src/geiser => src/geiser
Created geiser-guile-20210508.1838.tar containing:
  geiser-guile-20210508.1838/
  geiser-guile-20210508.1838/geiser-guile-pkg.el
  geiser-guile-20210508.1838/geiser-guile.el
  geiser-guile-20210508.1838/src/
  geiser-guile-20210508.1838/src/geiser/
  geiser-guile-20210508.1838/src/geiser/completion.scm
  geiser-guile-20210508.1838/src/geiser/doc.scm
  geiser-guile-20210508.1838/src/geiser/emacs.scm
  geiser-guile-20210508.1838/src/geiser/evaluation.scm
  geiser-guile-20210508.1838/src/geiser/modules.scm
  geiser-guile-20210508.1838/src/geiser/utils.scm
  geiser-guile-20210508.1838/src/geiser/xref.scm
Built geiser-guile in 4.710s, finished at Wed May 19 03:25:15 2021
 ✓ Success:
4.0K -rw-r--r-- 1 root root  440 May 19 03:25 packages/geiser-guile-20210508.1838.entry
 60K -rw-r--r-- 1 root root  60K May 19 03:25 packages/geiser-guile-20210508.1838.tar
4.0K -rw-r--r-- 1 root root 1.2K May 19 03:25 packages/geiser-guile-badge.svg
4.0K -rw-r--r-- 1 root root   69 May 19 03:25 packages/geiser-guile-readme.txt
