Package: general
Fetcher: github
Source:  https://github.com/noctuid/general.el.git

Updating /mnt/store/melpa/working/general/
Copying files (->) and directories (=>)
  from /mnt/store/melpa/working/general/
  to /tmp/generalWp0Ace/general-20200516.50
    .dirs-local.el -> .dirs-local.el
    general.el -> general.el
Created general-20200516.50.tar containing:
  general-20200516.50/
  general-20200516.50/.dirs-local.el
  general-20200516.50/general-pkg.el
  general-20200516.50/general.el
Built general in 4.140s, finished at Wed May 19 03:25:21 2021
 ✓ Success:
4.0K -rw-r--r-- 1 root root  406 May 19 03:25 packages/general-20200516.50.entry
132K -rw-r--r-- 1 root root 130K May 19 03:25 packages/general-20200516.50.tar
4.0K -rw-r--r-- 1 root root 1.2K May 19 03:25 packages/general-badge.svg
4.0K -rw-r--r-- 1 root root  560 May 19 03:25 packages/general-readme.txt
