Package: gerrit
Fetcher: github
Source:  https://github.com/thisch/gerrit.el.git

Updating /mnt/store/melpa/working/gerrit/
Copying files (->) and directories (=>)
  from /mnt/store/melpa/working/gerrit/
  to /tmp/gerritGmyCZj/gerrit-20210329.817
    gerrit-rest.el -> gerrit-rest.el
    gerrit.el -> gerrit.el
Created gerrit-20210329.817.tar containing:
  gerrit-20210329.817/
  gerrit-20210329.817/gerrit-pkg.el
  gerrit-20210329.817/gerrit-rest.el
  gerrit-20210329.817/gerrit.el
Built gerrit in 2.971s, finished at Wed May 19 03:25:24 2021
 ✓ Success:
4.0K -rw-r--r-- 1 root root  413 May 19 03:25 packages/gerrit-20210329.817.entry
 72K -rw-r--r-- 1 root root  70K May 19 03:25 packages/gerrit-20210329.817.tar
4.0K -rw-r--r-- 1 root root 1.2K May 19 03:25 packages/gerrit-badge.svg
8.0K -rw-r--r-- 1 root root 4.7K May 19 00:11 packages/gerrit-download-20150714.1408.el
4.0K -rw-r--r-- 1 root root  438 May 19 00:11 packages/gerrit-download-20150714.1408.entry
4.0K -rw-r--r-- 1 root root 1.2K May 19 00:11 packages/gerrit-download-badge.svg
4.0K -rw-r--r-- 1 root root  422 May 19 00:11 packages/gerrit-download-readme.txt
4.0K -rw-r--r-- 1 root root  152 May 19 03:25 packages/gerrit-download.log
4.0K -rw-r--r-- 1 root root  451 May 19 03:25 packages/gerrit-readme.txt
