Package: git-gutter
Fetcher: github
Source:  https://github.com/emacsorphanage/git-gutter.git

Updating /mnt/store/melpa/working/git-gutter/
Checking out origin/HEAD
Checking out 1003c8cbe2367482ad02422ace0a85a7d56d01d3
Built git-gutter in 4.973s, finished at 2021-08-17T09:49:29+0000
 ✓ Success:
 44K -rw-r--r-- 1 root root  44K Aug 17 09:49 packages/git-gutter-20210730.429.el
4.0K -rw-r--r-- 1 root root  382 Aug 17 09:49 packages/git-gutter-20210730.429.entry
4.0K -rw-r--r-- 1 root root 1.2K Aug 17 09:49 packages/git-gutter-badge.svg
8.0K -rw-r--r-- 1 root root 5.7K Aug 17 06:18 packages/git-gutter-fringe+-20140729.1103.el
4.0K -rw-r--r-- 1 root root  440 Aug 17 06:18 packages/git-gutter-fringe+-20140729.1103.entry
4.0K -rw-r--r-- 1 root root 1.2K Aug 17 06:18 packages/git-gutter-fringe+-badge.svg
   0 -rw-r--r-- 1 root root    0 Aug 17 06:18 packages/git-gutter-fringe+-readme.txt
4.0K -rw-r--r-- 1 root root  191 Aug 17 09:49 packages/git-gutter-fringe+.log
8.0K -rw-r--r-- 1 root root 5.7K Aug 17 06:18 packages/git-gutter-fringe-20200323.2249.el
4.0K -rw-r--r-- 1 root root  493 Aug 17 06:18 packages/git-gutter-fringe-20200323.2249.entry
4.0K -rw-r--r-- 1 root root 1.2K Aug 17 06:18 packages/git-gutter-fringe-badge.svg
4.0K -rw-r--r-- 1 root root  333 Aug 17 06:18 packages/git-gutter-fringe-readme.txt
4.0K -rw-r--r-- 1 root root  187 Aug 17 09:49 packages/git-gutter-fringe.log
4.0K -rw-r--r-- 1 root root   53 Aug 17 09:49 packages/git-gutter-readme.txt
