Package: git-commit
Fetcher: github
Source:  https://github.com/magit/magit.git

Updating /mnt/store/melpa/working/git-commit/
Checking out origin/HEAD
Checking out de1dc8e74bbfabf00ed20fceec2cb03c4493c510
Copying files (->) and directories (=>)
  from /mnt/store/melpa/working/git-commit/
  to /tmp/git-commit786Ghi/git-commit-20210806.1607
  ! lisp/git-commit.el -> git-commit.el
    LICENSE -> LICENSE
Created git-commit-20210806.1607.tar containing:
  git-commit-20210806.1607/
  git-commit-20210806.1607/LICENSE
  git-commit-20210806.1607/git-commit-pkg.el
  git-commit-20210806.1607/git-commit.el
Built git-commit in 4.842s, finished at 2021-08-17T09:49:25+0000
 ✓ Success:
4.0K -rw-r--r-- 1 root root  644 Aug 17 09:49 packages/git-commit-20210806.1607.entry
 80K -rw-r--r-- 1 root root  80K Aug 17 09:49 packages/git-commit-20210806.1607.tar
4.0K -rw-r--r-- 1 root root 1.2K Aug 17 09:49 packages/git-commit-badge.svg
 16K -rw-r--r-- 1 root root  14K Aug 17 06:18 packages/git-commit-insert-issue-20210107.2018.el
4.0K -rw-r--r-- 1 root root  517 Aug 17 06:18 packages/git-commit-insert-issue-20210107.2018.entry
4.0K -rw-r--r-- 1 root root 1.2K Aug 17 06:18 packages/git-commit-insert-issue-badge.svg
4.0K -rw-r--r-- 1 root root  171 Aug 17 06:18 packages/git-commit-insert-issue-readme.txt
4.0K -rw-r--r-- 1 root root  256 Aug 17 09:49 packages/git-commit-insert-issue.log
4.0K -rw-r--r-- 1 root root 3.5K Aug 17 09:49 packages/git-commit-readme.txt
