Package: gitlab
Fetcher: github
Source:  https://github.com/nlamirault/emacs-gitlab.git

Updating /mnt/store/melpa/working/gitlab/
Copying files (->) and directories (=>)
  from /mnt/store/melpa/working/gitlab/
  to /tmp/gitlab65F4MU/gitlab-20180312.1647
    gitlab-api.el -> gitlab-api.el
    gitlab-browse.el -> gitlab-browse.el
    gitlab-groups.el -> gitlab-groups.el
    gitlab-http.el -> gitlab-http.el
    gitlab-issues.el -> gitlab-issues.el
    gitlab-milestones.el -> gitlab-milestones.el
    gitlab-mode.el -> gitlab-mode.el
    gitlab-notes.el -> gitlab-notes.el
    gitlab-projects.el -> gitlab-projects.el
    gitlab-session.el -> gitlab-session.el
    gitlab-ui.el -> gitlab-ui.el
    gitlab-users.el -> gitlab-users.el
    gitlab-utils.el -> gitlab-utils.el
    gitlab-version.el -> gitlab-version.el
    gitlab.el -> gitlab.el
Created gitlab-20180312.1647.tar containing:
  gitlab-20180312.1647/
  gitlab-20180312.1647/gitlab-api.el
  gitlab-20180312.1647/gitlab-browse.el
  gitlab-20180312.1647/gitlab-groups.el
  gitlab-20180312.1647/gitlab-http.el
  gitlab-20180312.1647/gitlab-issues.el
  gitlab-20180312.1647/gitlab-milestones.el
  gitlab-20180312.1647/gitlab-mode.el
  gitlab-20180312.1647/gitlab-notes.el
  gitlab-20180312.1647/gitlab-pkg.el
  gitlab-20180312.1647/gitlab-projects.el
  gitlab-20180312.1647/gitlab-session.el
  gitlab-20180312.1647/gitlab-ui.el
  gitlab-20180312.1647/gitlab-users.el
  gitlab-20180312.1647/gitlab-utils.el
  gitlab-20180312.1647/gitlab-version.el
  gitlab-20180312.1647/gitlab.el
Built gitlab in 4.000s, finished at Wed May 19 03:26:17 2021
 ✓ Success:
4.0K -rw-r--r-- 1 root root  436 May 19 03:26 packages/gitlab-20180312.1647.entry
 72K -rw-r--r-- 1 root root  70K May 19 03:26 packages/gitlab-20180312.1647.tar
4.0K -rw-r--r-- 1 root root 1.2K May 19 03:26 packages/gitlab-badge.svg
 16K -rw-r--r-- 1 root root  15K May 19 00:12 packages/gitlab-ci-mode-20191022.2017.el
4.0K -rw-r--r-- 1 root root  363 May 19 00:12 packages/gitlab-ci-mode-20191022.2017.entry
4.0K -rw-r--r-- 1 root root 1.2K May 19 00:12 packages/gitlab-ci-mode-badge.svg
8.0K -rw-r--r-- 1 root root 5.0K May 19 00:12 packages/gitlab-ci-mode-flycheck-20190323.1829.el
4.0K -rw-r--r-- 1 root root  455 May 19 00:12 packages/gitlab-ci-mode-flycheck-20190323.1829.entry
4.0K -rw-r--r-- 1 root root 1.2K May 19 00:12 packages/gitlab-ci-mode-flycheck-badge.svg
4.0K -rw-r--r-- 1 root root  272 May 19 00:12 packages/gitlab-ci-mode-flycheck-readme.txt
4.0K -rw-r--r-- 1 root root  178 May 19 03:26 packages/gitlab-ci-mode-flycheck.log
4.0K -rw-r--r-- 1 root root  431 May 19 00:12 packages/gitlab-ci-mode-readme.txt
4.0K -rw-r--r-- 1 root root  151 May 19 03:26 packages/gitlab-ci-mode.log
8.0K -rw-r--r-- 1 root root 5.4K May 19 00:12 packages/gitlab-pipeline-20210430.151.el
4.0K -rw-r--r-- 1 root root  410 May 19 00:12 packages/gitlab-pipeline-20210430.151.entry
4.0K -rw-r--r-- 1 root root 1.2K May 19 00:12 packages/gitlab-pipeline-badge.svg
4.0K -rw-r--r-- 1 root root  222 May 19 00:12 packages/gitlab-pipeline-readme.txt
4.0K -rw-r--r-- 1 root root  148 May 19 03:26 packages/gitlab-pipeline.log
4.0K -rw-r--r-- 1 root root  225 May 19 03:26 packages/gitlab-readme.txt
8.0K -rw-r--r-- 1 root root 4.7K May 19 00:12 packages/gitlab-snip-helm-20200427.2014.el
4.0K -rw-r--r-- 1 root root  455 May 19 00:12 packages/gitlab-snip-helm-20200427.2014.entry
4.0K -rw-r--r-- 1 root root 1.2K May 19 00:12 packages/gitlab-snip-helm-badge.svg
4.0K -rw-r--r-- 1 root root   73 May 19 00:12 packages/gitlab-snip-helm-readme.txt
   0 -rw-r--r-- 1 root root    0 May 19 03:26 packages/gitlab-snip-helm.log
