Package: go-imports
Fetcher: github
Source:  https://github.com/yasushi-saito/go-imports.git

Updating /mnt/store/melpa/working/go-imports/
Checking out origin/HEAD
Checking out 55681e815da93b6f927213c4aa352ae33db97c37
Copying files (->) and directories (=>)
  from /mnt/store/melpa/working/go-imports/
  to /tmp/go-importsPFTFIf/go-imports-20190715.1647
    go-imports.el -> go-imports.el
    find-packages.pl -> find-packages.pl
Created go-imports-20190715.1647.tar containing:
  go-imports-20190715.1647/
  go-imports-20190715.1647/find-packages.pl
  go-imports-20190715.1647/go-imports-pkg.el
  go-imports-20190715.1647/go-imports.el
Built go-imports in 4.484s, finished at 2021-08-17T09:50:43+0000
 ✓ Success:
4.0K -rw-r--r-- 1 root root  339 Aug 17 09:50 packages/go-imports-20190715.1647.entry
 20K -rw-r--r-- 1 root root  20K Aug 17 09:50 packages/go-imports-20190715.1647.tar
4.0K -rw-r--r-- 1 root root 1.2K Aug 17 09:50 packages/go-imports-badge.svg
4.0K -rw-r--r-- 1 root root  929 Aug 17 09:50 packages/go-imports-readme.txt
