Package: go
Fetcher: github
Source:  https://github.com/eschulte/el-go.git

Updating /mnt/store/melpa/working/go/
Copying files (->) and directories (=>)
  from /mnt/store/melpa/working/go/
  to /tmp/goJBHVxE/go-20161111.249
    go-api.el -> go-api.el
    go-board-faces.el -> go-board-faces.el
    go-board.el -> go-board.el
    go-util.el -> go-util.el
    go.el -> go.el
    list-buffer.el -> list-buffer.el
    back-ends => back-ends
    stone.wav -> stone.wav
Created go-20161111.249.tar containing:
  go-20161111.249/
  go-20161111.249/back-ends/
  go-20161111.249/back-ends/gnugo.el
  go-20161111.249/back-ends/gtp-pipe.el
  go-20161111.249/back-ends/gtp.el
  go-20161111.249/back-ends/igs.el
  go-20161111.249/back-ends/sgf.el
  go-20161111.249/back-ends/sgf2el.el
  go-20161111.249/go-api.el
  go-20161111.249/go-board-faces.el
  go-20161111.249/go-board.el
  go-20161111.249/go-pkg.el
  go-20161111.249/go-util.el
  go-20161111.249/go.el
  go-20161111.249/list-buffer.el
  go-20161111.249/stone.wav
Built go in 3.783s, finished at Wed May 19 03:26:42 2021
 ✓ Success:
4.0K -rw-r--r-- 1 root root  397 May 19 03:26 packages/go-20161111.249.entry
120K -rw-r--r-- 1 root root 120K May 19 03:26 packages/go-20161111.249.tar
8.0K -rw-r--r-- 1 root root 6.2K May 19 00:12 packages/go-add-tags-20161123.1227.el
4.0K -rw-r--r-- 1 root root  386 May 19 00:12 packages/go-add-tags-20161123.1227.entry
4.0K -rw-r--r-- 1 root root 1.2K May 19 00:12 packages/go-add-tags-badge.svg
4.0K -rw-r--r-- 1 root root  121 May 19 00:12 packages/go-add-tags-readme.txt
4.0K -rw-r--r-- 1 root root  144 May 19 03:26 packages/go-add-tags.log
8.0K -rw-r--r-- 1 root root 7.0K May 19 00:12 packages/go-autocomplete-20150904.240.el
4.0K -rw-r--r-- 1 root root  321 May 19 00:12 packages/go-autocomplete-20150904.240.entry
4.0K -rw-r--r-- 1 root root 1.2K May 19 00:12 packages/go-autocomplete-badge.svg
4.0K -rw-r--r-- 1 root root  288 May 19 00:12 packages/go-autocomplete-readme.txt
4.0K -rw-r--r-- 1 root root  141 May 19 03:26 packages/go-autocomplete.log
4.0K -rw-r--r-- 1 root root 1.2K May 19 03:26 packages/go-badge.svg
8.0K -rw-r--r-- 1 root root 5.2K May 19 00:12 packages/go-capf-20200814.1046.el
4.0K -rw-r--r-- 1 root root  373 May 19 00:12 packages/go-capf-20200814.1046.entry
4.0K -rw-r--r-- 1 root root 1.2K May 19 00:12 packages/go-capf-badge.svg
4.0K -rw-r--r-- 1 root root  457 May 19 00:12 packages/go-capf-readme.txt
4.0K -rw-r--r-- 1 root root  114 May 19 03:26 packages/go-capf.log
8.0K -rw-r--r-- 1 root root 4.5K May 19 00:12 packages/go-complete-20190409.516.el
4.0K -rw-r--r-- 1 root root  421 May 19 00:12 packages/go-complete-20190409.516.entry
4.0K -rw-r--r-- 1 root root 1.2K May 19 00:12 packages/go-complete-badge.svg
4.0K -rw-r--r-- 1 root root  303 May 19 00:12 packages/go-complete-readme.txt
   0 -rw-r--r-- 1 root root    0 May 19 03:26 packages/go-complete.log
 24K -rw-r--r-- 1 root root  22K May 19 00:12 packages/go-direx-20150316.143.el
4.0K -rw-r--r-- 1 root root  383 May 19 00:12 packages/go-direx-20150316.143.entry
4.0K -rw-r--r-- 1 root root 1.2K May 19 00:12 packages/go-direx-badge.svg
4.0K -rw-r--r-- 1 root root  249 May 19 00:12 packages/go-direx-readme.txt
   0 -rw-r--r-- 1 root root    0 May 19 03:26 packages/go-direx.log
 12K -rw-r--r-- 1 root root 8.1K May 19 00:12 packages/go-dlv-20200713.1202.el
4.0K -rw-r--r-- 1 root root  411 May 19 00:12 packages/go-dlv-20200713.1202.entry
4.0K -rw-r--r-- 1 root root 1.2K May 19 00:12 packages/go-dlv-badge.svg
4.0K -rw-r--r-- 1 root root  431 May 19 00:12 packages/go-dlv.log
 16K -rw-r--r-- 1 root root  16K May 19 00:12 packages/go-eldoc-20170305.1427.el
4.0K -rw-r--r-- 1 root root  358 May 19 00:12 packages/go-eldoc-20170305.1427.entry
4.0K -rw-r--r-- 1 root root 1.2K May 19 00:12 packages/go-eldoc-badge.svg
4.0K -rw-r--r-- 1 root root  280 May 19 00:12 packages/go-eldoc-readme.txt
4.0K -rw-r--r-- 1 root root  526 May 19 00:12 packages/go-eldoc.log
8.0K -rw-r--r-- 1 root root 4.4K May 19 00:12 packages/go-errcheck-20160723.43.el
4.0K -rw-r--r-- 1 root root  288 May 19 00:12 packages/go-errcheck-20160723.43.entry
4.0K -rw-r--r-- 1 root root 1.2K May 19 00:12 packages/go-errcheck-badge.svg
4.0K -rw-r--r-- 1 root root  465 May 19 00:12 packages/go-errcheck.log
8.0K -rw-r--r-- 1 root root 4.9K May 19 00:12 packages/go-expr-completion-20200817.1750.el
4.0K -rw-r--r-- 1 root root  406 May 19 00:12 packages/go-expr-completion-20200817.1750.entry
4.0K -rw-r--r-- 1 root root 1.2K May 19 00:12 packages/go-expr-completion-badge.svg
4.0K -rw-r--r-- 1 root root  521 May 19 00:12 packages/go-expr-completion-readme.txt
4.0K -rw-r--r-- 1 root root  610 May 19 00:12 packages/go-expr-completion.log
4.0K -rw-r--r-- 1 root root 2.9K May 19 00:12 packages/go-fill-struct-20171225.331.el
4.0K -rw-r--r-- 1 root root  351 May 19 00:12 packages/go-fill-struct-20171225.331.entry
4.0K -rw-r--r-- 1 root root 1.2K May 19 00:12 packages/go-fill-struct-badge.svg
4.0K -rw-r--r-- 1 root root  120 May 19 00:12 packages/go-fill-struct-readme.txt
4.0K -rw-r--r-- 1 root root  568 May 19 00:12 packages/go-fill-struct.log
8.0K -rw-r--r-- 1 root root 5.1K May 19 00:12 packages/go-gen-test-20171023.358.el
4.0K -rw-r--r-- 1 root root  414 May 19 00:12 packages/go-gen-test-20171023.358.entry
4.0K -rw-r--r-- 1 root root 1.2K May 19 00:12 packages/go-gen-test-badge.svg
4.0K -rw-r--r-- 1 root root  110 May 19 00:12 packages/go-gen-test-readme.txt
4.0K -rw-r--r-- 1 root root  544 May 19 00:12 packages/go-gen-test.log
4.0K -rw-r--r-- 1 root root 2.8K May 19 00:12 packages/go-gopath-20160705.1034.el
4.0K -rw-r--r-- 1 root root  391 May 19 00:12 packages/go-gopath-20160705.1034.entry
4.0K -rw-r--r-- 1 root root 1.2K May 19 00:12 packages/go-gopath-badge.svg
4.0K -rw-r--r-- 1 root root  448 May 19 00:12 packages/go-gopath.log
 20K -rw-r--r-- 1 root root  20K May 19 00:12 packages/go-guru-20181012.330.el
4.0K -rw-r--r-- 1 root root  234 May 19 00:12 packages/go-guru-20181012.330.entry
4.0K -rw-r--r-- 1 root root 1.2K May 19 00:12 packages/go-guru-badge.svg
4.0K -rw-r--r-- 1 root root  936 May 19 00:12 packages/go-guru-readme.txt
4.0K -rw-r--r-- 1 root root  513 May 19 00:12 packages/go-guru.log
8.0K -rw-r--r-- 1 root root 6.2K May 19 00:12 packages/go-imenu-20181029.1029.el
4.0K -rw-r--r-- 1 root root  356 May 19 00:12 packages/go-imenu-20181029.1029.entry
4.0K -rw-r--r-- 1 root root 1.2K May 19 00:12 packages/go-imenu-badge.svg
4.0K -rw-r--r-- 1 root root  177 May 19 00:12 packages/go-imenu-readme.txt
4.0K -rw-r--r-- 1 root root  522 May 19 00:12 packages/go-imenu.log
8.0K -rw-r--r-- 1 root root 6.6K May 19 00:12 packages/go-impl-20170125.1552.el
4.0K -rw-r--r-- 1 root root  356 May 19 00:12 packages/go-impl-20170125.1552.entry
4.0K -rw-r--r-- 1 root root 1.2K May 19 00:12 packages/go-impl-badge.svg
4.0K -rw-r--r-- 1 root root   59 May 19 00:12 packages/go-impl-readme.txt
4.0K -rw-r--r-- 1 root root  518 May 19 00:12 packages/go-impl.log
4.0K -rw-r--r-- 1 root root  339 May 19 00:12 packages/go-imports-20190715.1647.entry
 20K -rw-r--r-- 1 root root  20K May 19 00:12 packages/go-imports-20190715.1647.tar
4.0K -rw-r--r-- 1 root root 1.2K May 19 00:12 packages/go-imports-badge.svg
4.0K -rw-r--r-- 1 root root  929 May 19 00:12 packages/go-imports-readme.txt
4.0K -rw-r--r-- 1 root root  961 May 19 00:12 packages/go-imports.log
112K -rw-r--r-- 1 root root 111K May 19 00:12 packages/go-mode-20210509.2353.el
4.0K -rw-r--r-- 1 root root  322 May 19 00:12 packages/go-mode-20210509.2353.entry
4.0K -rw-r--r-- 1 root root 1.2K May 19 00:12 packages/go-mode-badge.svg
4.0K -rw-r--r-- 1 root root  304 May 19 00:12 packages/go-mode-readme.txt
4.0K -rw-r--r-- 1 root root  515 May 19 00:12 packages/go-mode.log
8.0K -rw-r--r-- 1 root root 6.1K May 19 00:12 packages/go-noisegate-20200502.703.el
4.0K -rw-r--r-- 1 root root  367 May 19 00:12 packages/go-noisegate-20200502.703.entry
4.0K -rw-r--r-- 1 root root 1.2K May 19 00:12 packages/go-noisegate-badge.svg
4.0K -rw-r--r-- 1 root root  249 May 19 00:12 packages/go-noisegate-readme.txt
4.0K -rw-r--r-- 1 root root  557 May 19 00:12 packages/go-noisegate.log
8.0K -rw-r--r-- 1 root root 7.7K May 19 00:12 packages/go-playground-20200818.2215.el
4.0K -rw-r--r-- 1 root root  436 May 19 00:12 packages/go-playground-20200818.2215.entry
4.0K -rw-r--r-- 1 root root 1.2K May 19 00:12 packages/go-playground-badge.svg
4.0K -rw-r--r-- 1 root root 3.6K May 19 00:12 packages/go-playground-cli-20160503.914.el
4.0K -rw-r--r-- 1 root root  615 May 19 00:12 packages/go-playground-cli-20160503.914.entry
4.0K -rw-r--r-- 1 root root 1.2K May 19 00:12 packages/go-playground-cli-badge.svg
4.0K -rw-r--r-- 1 root root  139 May 19 00:12 packages/go-playground-cli-readme.txt
4.0K -rw-r--r-- 1 root root  590 May 19 00:12 packages/go-playground-cli.log
4.0K -rw-r--r-- 1 root root  483 May 19 00:12 packages/go-playground-readme.txt
4.0K -rw-r--r-- 1 root root  983 May 19 00:12 packages/go-playground.log
 16K -rw-r--r-- 1 root root  13K May 19 00:12 packages/go-projectile-20200609.131.el
4.0K -rw-r--r-- 1 root root  489 May 19 00:12 packages/go-projectile-20200609.131.entry
4.0K -rw-r--r-- 1 root root 1.2K May 19 00:12 packages/go-projectile-badge.svg
4.0K -rw-r--r-- 1 root root  155 May 19 00:12 packages/go-projectile-readme.txt
4.0K -rw-r--r-- 1 root root  555 May 19 00:12 packages/go-projectile.log
4.0K -rw-r--r-- 1 root root  287 May 19 03:26 packages/go-readme.txt
8.0K -rw-r--r-- 1 root root 4.1K May 19 00:12 packages/go-rename-20190805.2101.el
4.0K -rw-r--r-- 1 root root  217 May 19 00:12 packages/go-rename-20190805.2101.entry
4.0K -rw-r--r-- 1 root root 1.2K May 19 00:12 packages/go-rename-badge.svg
4.0K -rw-r--r-- 1 root root  266 May 19 00:12 packages/go-rename-readme.txt
4.0K -rw-r--r-- 1 root root  529 May 19 00:12 packages/go-rename.log
8.0K -rw-r--r-- 1 root root 4.1K May 19 00:12 packages/go-scratch-20150810.440.el
4.0K -rw-r--r-- 1 root root  374 May 19 00:12 packages/go-scratch-20150810.440.entry
4.0K -rw-r--r-- 1 root root 1.2K May 19 00:12 packages/go-scratch-badge.svg
4.0K -rw-r--r-- 1 root root   62 May 19 00:12 packages/go-scratch-readme.txt
4.0K -rw-r--r-- 1 root root  535 May 19 00:12 packages/go-scratch.log
4.0K -rw-r--r-- 1 root root  196 May 19 00:12 packages/go-snippets-20180113.611.entry
 32K -rw-r--r-- 1 root root  30K May 19 00:12 packages/go-snippets-20180113.611.tar
4.0K -rw-r--r-- 1 root root 1.2K May 19 00:12 packages/go-snippets-badge.svg
4.0K -rw-r--r-- 1 root root 1.7K May 19 00:12 packages/go-snippets.log
4.0K -rw-r--r-- 1 root root 3.9K May 19 00:12 packages/go-stacktracer-20150430.2142.el
4.0K -rw-r--r-- 1 root root  341 May 19 00:12 packages/go-stacktracer-20150430.2142.entry
4.0K -rw-r--r-- 1 root root 1.2K May 19 00:12 packages/go-stacktracer-badge.svg
4.0K -rw-r--r-- 1 root root 1.3K May 19 00:12 packages/go-stacktracer-readme.txt
4.0K -rw-r--r-- 1 root root  570 May 19 00:12 packages/go-stacktracer.log
 12K -rw-r--r-- 1 root root 9.1K May 19 00:12 packages/go-tag-20180227.411.el
4.0K -rw-r--r-- 1 root root  358 May 19 00:12 packages/go-tag-20180227.411.entry
4.0K -rw-r--r-- 1 root root 1.2K May 19 00:12 packages/go-tag-badge.svg
4.0K -rw-r--r-- 1 root root  279 May 19 00:12 packages/go-tag-readme.txt
4.0K -rw-r--r-- 1 root root  507 May 19 00:12 packages/go-tag.log
 52K -rw-r--r-- 1 root root  50K May 19 00:12 packages/go-translate-20201203.203.el
4.0K -rw-r--r-- 1 root root  342 May 19 00:12 packages/go-translate-20201203.203.entry
4.0K -rw-r--r-- 1 root root 1.2K May 19 00:12 packages/go-translate-badge.svg
4.0K -rw-r--r-- 1 root root  884 May 19 00:12 packages/go-translate-readme.txt
4.0K -rw-r--r-- 1 root root  548 May 19 00:12 packages/go-translate.log
