Package: good-scroll
Fetcher: github
Source:  https://github.com/io12/good-scroll.el.git

Updating /mnt/store/melpa/working/good-scroll/
Copying files (->) and directories (=>)
  from /mnt/store/melpa/working/good-scroll/
  to /tmp/good-scrollqpF7Pm/good-scroll-20210404.321
    good-scroll-bezier.el -> good-scroll-bezier.el
    good-scroll-linear.el -> good-scroll-linear.el
    good-scroll.el -> good-scroll.el
Created good-scroll-20210404.321.tar containing:
  good-scroll-20210404.321/
  good-scroll-20210404.321/good-scroll-bezier.el
  good-scroll-20210404.321/good-scroll-linear.el
  good-scroll-20210404.321/good-scroll-pkg.el
  good-scroll-20210404.321/good-scroll.el
Built good-scroll in 4.371s, finished at Wed May 19 03:27:17 2021
 ✓ Success:
4.0K -rw-r--r-- 1 root root  353 May 19 03:27 packages/good-scroll-20210404.321.entry
 32K -rw-r--r-- 1 root root  30K May 19 03:27 packages/good-scroll-20210404.321.tar
4.0K -rw-r--r-- 1 root root 1.2K May 19 03:27 packages/good-scroll-badge.svg
4.0K -rw-r--r-- 1 root root  131 May 19 03:27 packages/good-scroll-readme.txt
