Package: google-contacts
Fetcher: github
Source:  https://github.com/jd/google-contacts.el.git

Updating /mnt/store/melpa/working/google-contacts/
Copying files (->) and directories (=>)
  from /mnt/store/melpa/working/google-contacts/
  to /tmp/google-contactsWfNu4Q/google-contacts-20201012.1056
    google-contacts-gnus.el -> google-contacts-gnus.el
    google-contacts-message.el -> google-contacts-message.el
    google-contacts.el -> google-contacts.el
    google-oauth.el -> google-oauth.el
    google-org-contacts.el -> google-org-contacts.el
Created google-contacts-20201012.1056.tar containing:
  google-contacts-20201012.1056/
  google-contacts-20201012.1056/google-contacts-gnus.el
  google-contacts-20201012.1056/google-contacts-message.el
  google-contacts-20201012.1056/google-contacts-pkg.el
  google-contacts-20201012.1056/google-contacts.el
  google-contacts-20201012.1056/google-oauth.el
  google-contacts-20201012.1056/google-org-contacts.el
Built google-contacts in 4.300s, finished at Wed May 19 03:27:19 2021
 ✓ Success:
4.0K -rw-r--r-- 1 root root  405 May 19 03:27 packages/google-contacts-20201012.1056.entry
 52K -rw-r--r-- 1 root root  50K May 19 03:27 packages/google-contacts-20201012.1056.tar
4.0K -rw-r--r-- 1 root root 1.2K May 19 03:27 packages/google-contacts-badge.svg
4.0K -rw-r--r-- 1 root root   60 May 19 03:27 packages/google-contacts-readme.txt
