Package: google-maps
Fetcher: github
Source:  https://github.com/jd/google-maps.el.git

Updating /mnt/store/melpa/working/google-maps/
Copying files (->) and directories (=>)
  from /mnt/store/melpa/working/google-maps/
  to /tmp/google-maps76F2BV/google-maps-20181121.1532
    google-maps-base.el -> google-maps-base.el
    google-maps-geocode.el -> google-maps-geocode.el
    google-maps-static.el -> google-maps-static.el
    google-maps.el -> google-maps.el
    org-location-google-maps.el -> org-location-google-maps.el
Created google-maps-20181121.1532.tar containing:
  google-maps-20181121.1532/
  google-maps-20181121.1532/google-maps-base.el
  google-maps-20181121.1532/google-maps-geocode.el
  google-maps-20181121.1532/google-maps-pkg.el
  google-maps-20181121.1532/google-maps-static.el
  google-maps-20181121.1532/google-maps.el
  google-maps-20181121.1532/org-location-google-maps.el
Built google-maps in 4.250s, finished at Wed May 19 03:27:22 2021
 ✓ Success:
4.0K -rw-r--r-- 1 root root  405 May 19 03:27 packages/google-maps-20181121.1532.entry
 52K -rw-r--r-- 1 root root  50K May 19 03:27 packages/google-maps-20181121.1532.tar
4.0K -rw-r--r-- 1 root root 1.2K May 19 03:27 packages/google-maps-badge.svg
4.0K -rw-r--r-- 1 root root   43 May 19 03:27 packages/google-maps-readme.txt
