Package: graphql
Fetcher: github
Source:  https://github.com/vermiculus/graphql.el.git

Updating /mnt/store/melpa/working/graphql/
Checking out origin/HEAD
Checking out e2b309689f4faf9225f290080f836e988c5a576d
Note: graphql :files spec is equivalent to the default.
Built graphql in 4.960s, finished at 2021-08-17T09:51:29+0000
 ✓ Success:
8.0K -rw-r--r-- 1 root root 7.4K Aug 17 09:51 packages/graphql-20180912.31.el
4.0K -rw-r--r-- 1 root root  359 Aug 17 09:51 packages/graphql-20180912.31.entry
4.0K -rw-r--r-- 1 root root 1.2K Aug 17 09:51 packages/graphql-badge.svg
 16K -rw-r--r-- 1 root root  15K Aug 17 06:20 packages/graphql-doc-20210808.8.el
4.0K -rw-r--r-- 1 root root  375 Aug 17 06:20 packages/graphql-doc-20210808.8.entry
4.0K -rw-r--r-- 1 root root 1.2K Aug 17 06:20 packages/graphql-doc-badge.svg
4.0K -rw-r--r-- 1 root root  339 Aug 17 06:20 packages/graphql-doc-readme.txt
4.0K -rw-r--r-- 1 root root  224 Aug 17 09:51 packages/graphql-doc.log
 20K -rw-r--r-- 1 root root  17K Aug 17 06:20 packages/graphql-mode-20201001.2113.el
4.0K -rw-r--r-- 1 root root  385 Aug 17 06:20 packages/graphql-mode-20201001.2113.entry
4.0K -rw-r--r-- 1 root root 1.2K Aug 17 06:20 packages/graphql-mode-badge.svg
4.0K -rw-r--r-- 1 root root  321 Aug 17 06:20 packages/graphql-mode-readme.txt
4.0K -rw-r--r-- 1 root root  164 Aug 17 09:51 packages/graphql-mode.log
4.0K -rw-r--r-- 1 root root  147 Aug 17 09:51 packages/graphql-readme.txt
