Package: graphviz-dot-mode
Fetcher: github
Source:  https://github.com/ppareit/graphviz-dot-mode.git

Updating /mnt/store/melpa/working/graphviz-dot-mode/
Copying files (->) and directories (=>)
  from /mnt/store/melpa/working/graphviz-dot-mode/
  to /tmp/graphviz-dot-modemarTOP/graphviz-dot-mode-20200304.432
    company-graphviz-dot.el -> company-graphviz-dot.el
    graphviz-dot-mode.el -> graphviz-dot-mode.el
Created graphviz-dot-mode-20200304.432.tar containing:
  graphviz-dot-mode-20200304.432/
  graphviz-dot-mode-20200304.432/company-graphviz-dot.el
  graphviz-dot-mode-20200304.432/graphviz-dot-mode-pkg.el
  graphviz-dot-mode-20200304.432/graphviz-dot-mode.el
Built graphviz-dot-mode in 3.902s, finished at Wed May 19 03:27:51 2021
 ✓ Success:
4.0K -rw-r--r-- 1 root root  415 May 19 03:27 packages/graphviz-dot-mode-20200304.432.entry
 52K -rw-r--r-- 1 root root  50K May 19 03:27 packages/graphviz-dot-mode-20200304.432.tar
4.0K -rw-r--r-- 1 root root 1.2K May 19 03:27 packages/graphviz-dot-mode-badge.svg
4.0K -rw-r--r-- 1 root root  620 May 19 03:27 packages/graphviz-dot-mode-readme.txt
