Package: gruvbox-theme
Fetcher: github
Source:  https://github.com/greduan/emacs-theme-gruvbox.git

Updating /mnt/store/melpa/working/gruvbox-theme/
Checking out origin/HEAD
Checking out c2ae5e3fff39f78f23109d90fdf36b3b189df511
Copying files (->) and directories (=>)
  from /mnt/store/melpa/working/gruvbox-theme/
  to /tmp/gruvbox-themege3WjY/gruvbox-theme-20210606.1419
    gruvbox-dark-hard-theme.el -> gruvbox-dark-hard-theme.el
    gruvbox-dark-medium-theme.el -> gruvbox-dark-medium-theme.el
    gruvbox-dark-soft-theme.el -> gruvbox-dark-soft-theme.el
    gruvbox-light-hard-theme.el -> gruvbox-light-hard-theme.el
    gruvbox-light-medium-theme.el -> gruvbox-light-medium-theme.el
    gruvbox-light-soft-theme.el -> gruvbox-light-soft-theme.el
    gruvbox-theme.el -> gruvbox-theme.el
    gruvbox.el -> gruvbox.el
Created gruvbox-theme-20210606.1419.tar containing:
  gruvbox-theme-20210606.1419/
  gruvbox-theme-20210606.1419/gruvbox-dark-hard-theme.el
  gruvbox-theme-20210606.1419/gruvbox-dark-medium-theme.el
  gruvbox-theme-20210606.1419/gruvbox-dark-soft-theme.el
  gruvbox-theme-20210606.1419/gruvbox-light-hard-theme.el
  gruvbox-theme-20210606.1419/gruvbox-light-medium-theme.el
  gruvbox-theme-20210606.1419/gruvbox-light-soft-theme.el
  gruvbox-theme-20210606.1419/gruvbox-theme-pkg.el
  gruvbox-theme-20210606.1419/gruvbox-theme.el
  gruvbox-theme-20210606.1419/gruvbox.el
Built gruvbox-theme in 4.811s, finished at 2021-08-17T09:51:49+0000
 ✓ Success:
4.0K -rw-r--r-- 1 root root  351 Aug 17 09:51 packages/gruvbox-theme-20210606.1419.entry
112K -rw-r--r-- 1 root root 110K Aug 17 09:51 packages/gruvbox-theme-20210606.1419.tar
4.0K -rw-r--r-- 1 root root 1.2K Aug 17 09:51 packages/gruvbox-theme-badge.svg
4.0K -rw-r--r-- 1 root root  600 Aug 17 09:51 packages/gruvbox-theme-readme.txt
