Package: guess-language
Fetcher: github
Source:  https://github.com/tmalsburg/guess-language.el.git

Updating /mnt/store/melpa/working/guess-language/
Copying files (->) and directories (=>)
  from /mnt/store/melpa/working/guess-language/
  to /tmp/guess-languageBEw6R2/guess-language-20210308.1514
    guess-language.el -> guess-language.el
  ! trigrams/README.org -> README.org
  ! trigrams/af -> af
  ! trigrams/ar -> ar
  ! trigrams/az -> az
  ! trigrams/bg -> bg
  ! trigrams/ca -> ca
  ! trigrams/ceb -> ceb
  ! trigrams/cs -> cs
  ! trigrams/cy -> cy
  ! trigrams/da -> da
  ! trigrams/de -> de
  ! trigrams/en -> en
  ! trigrams/eo -> eo
  ! trigrams/es -> es
  ! trigrams/et -> et
  ! trigrams/eu -> eu
  ! trigrams/fa -> fa
  ! trigrams/fi -> fi
  ! trigrams/fr -> fr
  ! trigrams/ha -> ha
  ! trigrams/haw -> haw
  ! trigrams/hi -> hi
  ! trigrams/hr -> hr
  ! trigrams/hu -> hu
  ! trigrams/id -> id
  ! trigrams/is -> is
  ! trigrams/it -> it
  ! trigrams/kk -> kk
  ! trigrams/ky -> ky
  ! trigrams/la -> la
  ! trigrams/lt -> lt
  ! trigrams/lv -> lv
  ! trigrams/mk -> mk
  ! trigrams/mn -> mn
  ! trigrams/nb -> nb
  ! trigrams/ne -> ne
  ! trigrams/nl -> nl
  ! trigrams/nr -> nr
  ! trigrams/nso -> nso
  ! trigrams/pl -> pl
  ! trigrams/ps -> ps
  ! trigrams/pt -> pt
  ! trigrams/pt_BR -> pt_BR
  ! trigrams/pt_PT -> pt_PT
  ! trigrams/ro -> ro
  ! trigrams/ru -> ru
  ! trigrams/sk -> sk
  ! trigrams/sl -> sl
  ! trigrams/so -> so
  ! trigrams/sq -> sq
  ! trigrams/sr -> sr
  ! trigrams/sr_LAT -> sr_LAT
  ! trigrams/ss -> ss
  ! trigrams/st -> st
  ! trigrams/sv -> sv
  ! trigrams/sw -> sw
  ! trigrams/tl -> tl
  ! trigrams/tlh -> tlh
  ! trigrams/tn -> tn
  ! trigrams/tr -> tr
  ! trigrams/ts -> ts
  ! trigrams/uk -> uk
  ! trigrams/ur -> ur
  ! trigrams/uz -> uz
  ! trigrams/ve -> ve
  ! trigrams/vi -> vi
  ! trigrams/xh -> xh
  ! trigrams/zu -> zu
Created guess-language-20210308.1514.tar containing:
  guess-language-20210308.1514/
  guess-language-20210308.1514/README.org
  guess-language-20210308.1514/af
  guess-language-20210308.1514/ar
  guess-language-20210308.1514/az
  guess-language-20210308.1514/bg
  guess-language-20210308.1514/ca
  guess-language-20210308.1514/ceb
  guess-language-20210308.1514/cs
  guess-language-20210308.1514/cy
  guess-language-20210308.1514/da
  guess-language-20210308.1514/de
  guess-language-20210308.1514/en
  guess-language-20210308.1514/eo
  guess-language-20210308.1514/es
  guess-language-20210308.1514/et
  guess-language-20210308.1514/eu
  guess-language-20210308.1514/fa
  guess-language-20210308.1514/fi
  guess-language-20210308.1514/fr
  guess-language-20210308.1514/guess-language-pkg.el
  guess-language-20210308.1514/guess-language.el
  guess-language-20210308.1514/ha
  guess-language-20210308.1514/haw
  guess-language-20210308.1514/hi
  guess-language-20210308.1514/hr
  guess-language-20210308.1514/hu
  guess-language-20210308.1514/id
  guess-language-20210308.1514/is
  guess-language-20210308.1514/it
  guess-language-20210308.1514/kk
  guess-language-20210308.1514/ky
  guess-language-20210308.1514/la
  guess-language-20210308.1514/lt
  guess-language-20210308.1514/lv
  guess-language-20210308.1514/mk
  guess-language-20210308.1514/mn
  guess-language-20210308.1514/nb
  guess-language-20210308.1514/ne
  guess-language-20210308.1514/nl
  guess-language-20210308.1514/nr
  guess-language-20210308.1514/nso
  guess-language-20210308.1514/pl
  guess-language-20210308.1514/ps
  guess-language-20210308.1514/pt
  guess-language-20210308.1514/pt_BR
  guess-language-20210308.1514/pt_PT
  guess-language-20210308.1514/ro
  guess-language-20210308.1514/ru
  guess-language-20210308.1514/sk
  guess-language-20210308.1514/sl
  guess-language-20210308.1514/so
  guess-language-20210308.1514/sq
  guess-language-20210308.1514/sr
  guess-language-20210308.1514/sr_LAT
  guess-language-20210308.1514/ss
  guess-language-20210308.1514/st
  guess-language-20210308.1514/sv
  guess-language-20210308.1514/sw
  guess-language-20210308.1514/tl
  guess-language-20210308.1514/tlh
  guess-language-20210308.1514/tn
  guess-language-20210308.1514/tr
  guess-language-20210308.1514/ts
  guess-language-20210308.1514/uk
  guess-language-20210308.1514/ur
  guess-language-20210308.1514/uz
  guess-language-20210308.1514/ve
  guess-language-20210308.1514/vi
  guess-language-20210308.1514/xh
  guess-language-20210308.1514/zu
Built guess-language in 4.487s, finished at Wed May 19 03:28:11 2021
 ✓ Success:
4.0K -rw-r--r-- 1 root root  410 May 19 03:28 packages/guess-language-20210308.1514.entry
172K -rw-r--r-- 1 root root 170K May 19 03:28 packages/guess-language-20210308.1514.tar
4.0K -rw-r--r-- 1 root root 1.2K May 19 03:28 packages/guess-language-badge.svg
4.0K -rw-r--r-- 1 root root 1.1K May 19 03:28 packages/guess-language-readme.txt
