Package: haskell-emacs
Fetcher: github
Source:  https://github.com/knupfer/haskell-emacs.git

Updating /mnt/store/melpa/working/haskell-emacs/
Checking out origin/HEAD
Checking out a2c6a079175904689eed7c6c200754bfa85d1ed9
Copying files (->) and directories (=>)
  from /mnt/store/melpa/working/haskell-emacs/
  to /tmp/haskell-emacs9uMLTo/haskell-emacs-20160904.2026
    haskell-emacs.el -> haskell-emacs.el
    HaskellEmacs.hs -> HaskellEmacs.hs
    README.org -> README.org
    Foreign => Foreign
Created haskell-emacs-20160904.2026.tar containing:
  haskell-emacs-20160904.2026/
  haskell-emacs-20160904.2026/Foreign/
  haskell-emacs-20160904.2026/Foreign/Emacs.hs
  haskell-emacs-20160904.2026/Foreign/Emacs/
  haskell-emacs-20160904.2026/Foreign/Emacs/Internal.hs
  haskell-emacs-20160904.2026/HaskellEmacs.hs
  haskell-emacs-20160904.2026/README.org
  haskell-emacs-20160904.2026/haskell-emacs-pkg.el
  haskell-emacs-20160904.2026/haskell-emacs.el
Built haskell-emacs in 5.127s, finished at 2021-08-17T09:52:22+0000
 ✓ Success:
4.0K -rw-r--r-- 1 root root  316 Aug 17 09:52 packages/haskell-emacs-20160904.2026.entry
 60K -rw-r--r-- 1 root root  60K Aug 17 09:52 packages/haskell-emacs-20160904.2026.tar
4.0K -rw-r--r-- 1 root root 1.2K Aug 17 09:52 packages/haskell-emacs-badge.svg
4.0K -rw-r--r-- 1 root root  402 Aug 17 09:52 packages/haskell-emacs-base-20150714.1559.entry
 20K -rw-r--r-- 1 root root  20K Aug 17 09:52 packages/haskell-emacs-base-20150714.1559.tar
4.0K -rw-r--r-- 1 root root 1.2K Aug 17 06:21 packages/haskell-emacs-base-badge.svg
4.0K -rw-r--r-- 1 root root  542 Aug 17 09:52 packages/haskell-emacs-base-readme.txt
4.0K -rw-r--r-- 1 root root  746 Aug 17 09:52 packages/haskell-emacs-base.log
4.0K -rw-r--r-- 1 root root  468 Aug 17 09:52 packages/haskell-emacs-readme.txt
4.0K -rw-r--r-- 1 root root  404 Aug 17 06:21 packages/haskell-emacs-text-20150713.1416.entry
 12K -rw-r--r-- 1 root root  10K Aug 17 06:21 packages/haskell-emacs-text-20150713.1416.tar
4.0K -rw-r--r-- 1 root root 1.2K Aug 17 06:21 packages/haskell-emacs-text-badge.svg
4.0K -rw-r--r-- 1 root root  574 Aug 17 06:21 packages/haskell-emacs-text-readme.txt
4.0K -rw-r--r-- 1 root root  153 Aug 17 09:52 packages/haskell-emacs-text.log
