Package: haskell-emacs-text
Fetcher: github
Source:  https://github.com/knupfer/haskell-emacs.git

Updating /mnt/store/melpa/working/haskell-emacs-text/
Copying files (->) and directories (=>)
  from /mnt/store/melpa/working/haskell-emacs-text/
  to /tmp/haskell-emacs-textZfUYNa/haskell-emacs-text-20150713.1416
  ! modules/text/haskell-emacs-text.el -> haskell-emacs-text.el
  ! modules/text/Text.hs -> Text.hs
Created haskell-emacs-text-20150713.1416.tar containing:
  haskell-emacs-text-20150713.1416/
  haskell-emacs-text-20150713.1416/Text.hs
  haskell-emacs-text-20150713.1416/haskell-emacs-text-pkg.el
  haskell-emacs-text-20150713.1416/haskell-emacs-text.el
Built haskell-emacs-text in 4.469s, finished at Wed May 19 03:28:37 2021
 ✓ Success:
4.0K -rw-r--r-- 1 root root  404 May 19 03:28 packages/haskell-emacs-text-20150713.1416.entry
 12K -rw-r--r-- 1 root root  10K May 19 03:28 packages/haskell-emacs-text-20150713.1416.tar
4.0K -rw-r--r-- 1 root root 1.2K May 19 03:28 packages/haskell-emacs-text-badge.svg
4.0K -rw-r--r-- 1 root root  574 May 19 03:28 packages/haskell-emacs-text-readme.txt
