Package: helm-cmd-t
Fetcher: github
Source:  https://github.com/emacs-helm/helm-cmd-t.git

Updating /mnt/store/melpa/working/helm-cmd-t/
Copying files (->) and directories (=>)
  from /mnt/store/melpa/working/helm-cmd-t/
  to /tmp/helm-cmd-t6Bd61w/helm-cmd-t-20170125.1459
    helm-C-x-b.el -> helm-C-x-b.el
    helm-cmd-t-find.el -> helm-cmd-t-find.el
    helm-cmd-t.el -> helm-cmd-t.el
Created helm-cmd-t-20170125.1459.tar containing:
  helm-cmd-t-20170125.1459/
  helm-cmd-t-20170125.1459/helm-C-x-b.el
  helm-cmd-t-20170125.1459/helm-cmd-t-find.el
  helm-cmd-t-20170125.1459/helm-cmd-t-pkg.el
  helm-cmd-t-20170125.1459/helm-cmd-t.el
Built helm-cmd-t in 4.222s, finished at Wed May 19 03:29:20 2021
 ✓ Success:
4.0K -rw-r--r-- 1 root root  357 May 19 03:29 packages/helm-cmd-t-20170125.1459.entry
 40K -rw-r--r-- 1 root root  40K May 19 03:29 packages/helm-cmd-t-20170125.1459.tar
4.0K -rw-r--r-- 1 root root 1.2K May 19 03:29 packages/helm-cmd-t-badge.svg
4.0K -rw-r--r-- 1 root root 1.6K May 19 03:29 packages/helm-cmd-t-readme.txt
