Package: helm-chronos
Fetcher: github
Source:  https://github.com/dxknight/helm-chronos.git

Updating /mnt/store/melpa/working/helm-chronos/
Copying files (->) and directories (=>)
  from /mnt/store/melpa/working/helm-chronos/
  to /tmp/helm-chronosNdXL2z/helm-chronos-20150528.2036
    helm-chronos.el -> helm-chronos.el
    helm-chronos.info -> helm-chronos.info
Created helm-chronos-20150528.2036.tar containing:
  helm-chronos-20150528.2036/
  helm-chronos-20150528.2036/dir
  helm-chronos-20150528.2036/helm-chronos-pkg.el
  helm-chronos-20150528.2036/helm-chronos.el
  helm-chronos-20150528.2036/helm-chronos.info
Built helm-chronos in 4.428s, finished at Wed May 19 03:29:15 2021
 ✓ Success:
4.0K -rw-r--r-- 1 root root  392 May 19 03:29 packages/helm-chronos-20150528.2036.entry
 52K -rw-r--r-- 1 root root  50K May 19 03:29 packages/helm-chronos-20150528.2036.tar
4.0K -rw-r--r-- 1 root root 1.2K May 19 03:29 packages/helm-chronos-badge.svg
4.0K -rw-r--r-- 1 root root 1.2K May 19 03:29 packages/helm-chronos-readme.txt
