Package: helm-git
Fetcher: github
Source:  https://github.com/maio/helm-git.git

Updating /mnt/store/melpa/working/helm-git/
Checking out origin/HEAD
Checking out cb96a52b5aecadd3c27aba7749d14e43ab128d55
Built helm-git in 5.798s, finished at 2021-08-17T09:54:05+0000
 ✓ Success:
8.0K -rw-r--r-- 1 root root 4.4K Aug 17 09:54 packages/helm-git-20120630.2103.el
4.0K -rw-r--r-- 1 root root  354 Aug 17 09:54 packages/helm-git-20120630.2103.entry
4.0K -rw-r--r-- 1 root root 1.2K Aug 17 09:54 packages/helm-git-badge.svg
 12K -rw-r--r-- 1 root root  12K Aug 17 09:54 packages/helm-git-files-20141212.1317.el
4.0K -rw-r--r-- 1 root root  353 Aug 17 09:54 packages/helm-git-files-20141212.1317.entry
4.0K -rw-r--r-- 1 root root 1.2K Aug 17 06:22 packages/helm-git-files-badge.svg
4.0K -rw-r--r-- 1 root root  226 Aug 17 09:54 packages/helm-git-files.log
 32K -rw-r--r-- 1 root root  29K Aug 17 06:22 packages/helm-git-grep-20170614.1411.el
4.0K -rw-r--r-- 1 root root  327 Aug 17 06:22 packages/helm-git-grep-20170614.1411.entry
4.0K -rw-r--r-- 1 root root 1.2K Aug 17 06:22 packages/helm-git-grep-badge.svg
4.0K -rw-r--r-- 1 root root  593 Aug 17 06:22 packages/helm-git-grep-readme.txt
4.0K -rw-r--r-- 1 root root  221 Aug 17 09:54 packages/helm-git-grep.log
4.0K -rw-r--r-- 1 root root  353 Aug 17 09:54 packages/helm-git-readme.txt
