Package: helm-bibtexkey
Fetcher: github
Source:  https://github.com/kenbeese/helm-bibtexkey.git

Updating /mnt/store/melpa/working/helm-bibtexkey/
Copying files (->) and directories (=>)
  from /mnt/store/melpa/working/helm-bibtexkey/
  to /tmp/helm-bibtexkeyMYAzLL/helm-bibtexkey-20140214.1504
    helm-bibtexkey.el -> helm-bibtexkey.el
    bibtexkey_source.py -> bibtexkey_source.py
Created helm-bibtexkey-20140214.1504.tar containing:
  helm-bibtexkey-20140214.1504/
  helm-bibtexkey-20140214.1504/bibtexkey_source.py
  helm-bibtexkey-20140214.1504/helm-bibtexkey-pkg.el
  helm-bibtexkey-20140214.1504/helm-bibtexkey.el
Built helm-bibtexkey in 4.998s, finished at Wed May 19 03:29:04 2021
 ✓ Success:
4.0K -rw-r--r-- 1 root root  373 May 19 03:29 packages/helm-bibtexkey-20140214.1504.entry
 12K -rw-r--r-- 1 root root  10K May 19 03:29 packages/helm-bibtexkey-20140214.1504.tar
4.0K -rw-r--r-- 1 root root 1.2K May 19 03:29 packages/helm-bibtexkey-badge.svg
4.0K -rw-r--r-- 1 root root  273 May 19 03:29 packages/helm-bibtexkey-readme.txt
