Package: helm
Fetcher: github
Source:  https://github.com/emacs-helm/helm.git

Updating /mnt/store/melpa/working/helm/
Copying files (->) and directories (=>)
  from /mnt/store/melpa/working/helm/
  to /tmp/helmXG8Go2/helm-20210514.629
    .dir-locals.el -> .dir-locals.el
    helm-adaptive.el -> helm-adaptive.el
    helm-bookmark.el -> helm-bookmark.el
    helm-buffers.el -> helm-buffers.el
    helm-color.el -> helm-color.el
    helm-comint.el -> helm-comint.el
    helm-command.el -> helm-command.el
    helm-config.el -> helm-config.el
    helm-dabbrev.el -> helm-dabbrev.el
    helm-easymenu.el -> helm-easymenu.el
    helm-elisp-package.el -> helm-elisp-package.el
    helm-elisp.el -> helm-elisp.el
    helm-epa.el -> helm-epa.el
    helm-eshell.el -> helm-eshell.el
    helm-eval.el -> helm-eval.el
    helm-external.el -> helm-external.el
    helm-fd.el -> helm-fd.el
    helm-files.el -> helm-files.el
    helm-find.el -> helm-find.el
    helm-font.el -> helm-font.el
    helm-for-files.el -> helm-for-files.el
    helm-global-bindings.el -> helm-global-bindings.el
    helm-grep.el -> helm-grep.el
    helm-help.el -> helm-help.el
    helm-id-utils.el -> helm-id-utils.el
    helm-imenu.el -> helm-imenu.el
    helm-info.el -> helm-info.el
    helm-locate.el -> helm-locate.el
    helm-man.el -> helm-man.el
    helm-misc.el -> helm-misc.el
    helm-mode.el -> helm-mode.el
    helm-net.el -> helm-net.el
    helm-occur.el -> helm-occur.el
    helm-pkg.el -> helm-pkg.el
    helm-regexp.el -> helm-regexp.el
    helm-ring.el -> helm-ring.el
    helm-semantic.el -> helm-semantic.el
    helm-shell.el -> helm-shell.el
    helm-sys.el -> helm-sys.el
    helm-tags.el -> helm-tags.el
    helm-types.el -> helm-types.el
    helm-utils.el -> helm-utils.el
    helm-x-files.el -> helm-x-files.el
    emacs-helm.sh -> emacs-helm.sh
Created helm-20210514.629.tar containing:
  helm-20210514.629/
  helm-20210514.629/.dir-locals.el
  helm-20210514.629/emacs-helm.sh
  helm-20210514.629/helm-adaptive.el
  helm-20210514.629/helm-bookmark.el
  helm-20210514.629/helm-buffers.el
  helm-20210514.629/helm-color.el
  helm-20210514.629/helm-comint.el
  helm-20210514.629/helm-command.el
  helm-20210514.629/helm-config.el
  helm-20210514.629/helm-dabbrev.el
  helm-20210514.629/helm-easymenu.el
  helm-20210514.629/helm-elisp-package.el
  helm-20210514.629/helm-elisp.el
  helm-20210514.629/helm-epa.el
  helm-20210514.629/helm-eshell.el
  helm-20210514.629/helm-eval.el
  helm-20210514.629/helm-external.el
  helm-20210514.629/helm-fd.el
  helm-20210514.629/helm-files.el
  helm-20210514.629/helm-find.el
  helm-20210514.629/helm-font.el
  helm-20210514.629/helm-for-files.el
  helm-20210514.629/helm-global-bindings.el
  helm-20210514.629/helm-grep.el
  helm-20210514.629/helm-help.el
  helm-20210514.629/helm-id-utils.el
  helm-20210514.629/helm-imenu.el
  helm-20210514.629/helm-info.el
  helm-20210514.629/helm-locate.el
  helm-20210514.629/helm-man.el
  helm-20210514.629/helm-misc.el
  helm-20210514.629/helm-mode.el
  helm-20210514.629/helm-net.el
  helm-20210514.629/helm-occur.el
  helm-20210514.629/helm-pkg.el
  helm-20210514.629/helm-regexp.el
  helm-20210514.629/helm-ring.el
  helm-20210514.629/helm-semantic.el
  helm-20210514.629/helm-shell.el
  helm-20210514.629/helm-sys.el
  helm-20210514.629/helm-tags.el
  helm-20210514.629/helm-types.el
  helm-20210514.629/helm-utils.el
  helm-20210514.629/helm-x-files.el
Built helm in 5.266s, finished at Wed May 19 03:28:53 2021
 ✓ Success:
4.0K -rw-r--r-- 1 root root  431 May 19 03:28 packages/helm-20210514.629.entry
1.1M -rw-r--r-- 1 root root 1.1M May 19 03:28 packages/helm-20210514.629.tar
 12K -rw-r--r-- 1 root root 9.3K May 19 03:28 packages/helm-R-20120820.14.el
4.0K -rw-r--r-- 1 root root  349 May 19 03:28 packages/helm-R-20120820.14.entry
4.0K -rw-r--r-- 1 root root 1.2K May 19 03:28 packages/helm-R-badge.svg
4.0K -rw-r--r-- 1 root root   88 May 19 03:28 packages/helm-R-readme.txt
4.0K -rw-r--r-- 1 root root  198 May 19 03:28 packages/helm-R.log
8.0K -rw-r--r-- 1 root root 7.7K May 19 00:14 packages/helm-ack-20141030.1226.el
4.0K -rw-r--r-- 1 root root  367 May 19 00:14 packages/helm-ack-20141030.1226.entry
4.0K -rw-r--r-- 1 root root 1.2K May 19 00:14 packages/helm-ack-badge.svg
   0 -rw-r--r-- 1 root root    0 May 19 00:14 packages/helm-ack-readme.txt
4.0K -rw-r--r-- 1 root root  135 May 19 03:28 packages/helm-ack.log
8.0K -rw-r--r-- 1 root root 4.8K May 19 00:14 packages/helm-ad-20151209.1015.el
4.0K -rw-r--r-- 1 root root  351 May 19 00:14 packages/helm-ad-20151209.1015.entry
4.0K -rw-r--r-- 1 root root 1.2K May 19 00:14 packages/helm-ad-badge.svg
4.0K -rw-r--r-- 1 root root  116 May 19 00:14 packages/helm-ad-readme.txt
4.0K -rw-r--r-- 1 root root  123 May 19 03:28 packages/helm-ad.log
4.0K -rw-r--r-- 1 root root 1.2K Feb  4 22:31 packages/helm-addressbook-badge.svg
4.0K -rw-r--r-- 1 root root   78 Feb  4 22:31 packages/helm-addressbook-readme.txt
4.0K -rw-r--r-- 1 root root  584 Feb  4 22:31 packages/helm-addressbook.log
 56K -rw-r--r-- 1 root root  54K May 19 00:14 packages/helm-ag-20210305.334.el
4.0K -rw-r--r-- 1 root root  361 May 19 00:14 packages/helm-ag-20210305.334.entry
4.0K -rw-r--r-- 1 root root 1.2K May 19 00:14 packages/helm-ag-badge.svg
 16K -rw-r--r-- 1 root root  14K May 19 00:14 packages/helm-ag-r-20131123.1531.el
4.0K -rw-r--r-- 1 root root  396 May 19 00:14 packages/helm-ag-r-20131123.1531.entry
4.0K -rw-r--r-- 1 root root 1.2K May 19 00:15 packages/helm-ag-r-badge.svg
4.0K -rw-r--r-- 1 root root 1017 May 19 00:14 packages/helm-ag-r-readme.txt
   0 -rw-r--r-- 1 root root    0 May 19 03:28 packages/helm-ag-r.log
4.0K -rw-r--r-- 1 root root  206 May 19 00:14 packages/helm-ag-readme.txt
4.0K -rw-r--r-- 1 root root  132 May 19 03:28 packages/helm-ag.log
 16K -rw-r--r-- 1 root root  13K May 19 00:14 packages/helm-apt-20210324.1929.el
4.0K -rw-r--r-- 1 root root  411 May 19 00:14 packages/helm-apt-20210324.1929.entry
4.0K -rw-r--r-- 1 root root 1.2K May 19 00:14 packages/helm-apt-badge.svg
4.0K -rw-r--r-- 1 root root   39 May 19 00:14 packages/helm-apt-readme.txt
   0 -rw-r--r-- 1 root root    0 May 19 03:28 packages/helm-apt.log
4.0K -rw-r--r-- 1 root root 3.4K May 19 00:14 packages/helm-atoms-20201013.1723.el
4.0K -rw-r--r-- 1 root root  425 May 19 00:14 packages/helm-atoms-20201013.1723.entry
4.0K -rw-r--r-- 1 root root 1.2K May 19 00:14 packages/helm-atoms-badge.svg
4.0K -rw-r--r-- 1 root root  408 May 19 00:14 packages/helm-atoms-readme.txt
   0 -rw-r--r-- 1 root root    0 May 19 03:28 packages/helm-atoms.log
 12K -rw-r--r-- 1 root root 8.3K May 19 00:15 packages/helm-aws-20180514.1032.el
4.0K -rw-r--r-- 1 root root  345 May 19 00:15 packages/helm-aws-20180514.1032.entry
4.0K -rw-r--r-- 1 root root 1.2K May 19 00:15 packages/helm-aws-badge.svg
4.0K -rw-r--r-- 1 root root  306 May 19 00:15 packages/helm-aws-readme.txt
4.0K -rw-r--r-- 1 root root  517 May 19 00:15 packages/helm-aws.log
 12K -rw-r--r-- 1 root root  11K May 19 00:15 packages/helm-backup-20180911.614.el
4.0K -rw-r--r-- 1 root root  471 May 19 00:15 packages/helm-backup-20180911.614.entry
4.0K -rw-r--r-- 1 root root 1.2K May 19 00:15 packages/helm-backup-badge.svg
4.0K -rw-r--r-- 1 root root  378 May 19 00:15 packages/helm-backup-readme.txt
4.0K -rw-r--r-- 1 root root  540 May 19 00:15 packages/helm-backup.log
4.0K -rw-r--r-- 1 root root 1.2K May 19 03:28 packages/helm-badge.svg
 16K -rw-r--r-- 1 root root  13K May 19 00:15 packages/helm-bbdb-20190728.1325.el
4.0K -rw-r--r-- 1 root root  276 May 19 00:15 packages/helm-bbdb-20190728.1325.entry
4.0K -rw-r--r-- 1 root root 1.2K May 19 00:15 packages/helm-bbdb-badge.svg
4.0K -rw-r--r-- 1 root root   85 May 19 00:15 packages/helm-bbdb-readme.txt
4.0K -rw-r--r-- 1 root root  530 May 19 00:15 packages/helm-bbdb.log
 12K -rw-r--r-- 1 root root  12K May 19 00:15 packages/helm-bibtex-20201214.2111.el
4.0K -rw-r--r-- 1 root root  472 May 19 00:15 packages/helm-bibtex-20201214.2111.entry
4.0K -rw-r--r-- 1 root root 1.2K May 19 00:15 packages/helm-bibtex-badge.svg
4.0K -rw-r--r-- 1 root root 1.4K May 19 00:15 packages/helm-bibtex-readme.txt
4.0K -rw-r--r-- 1 root root  545 May 19 00:15 packages/helm-bibtex.log
4.0K -rw-r--r-- 1 root root  373 May 19 00:15 packages/helm-bibtexkey-20140214.1504.entry
 12K -rw-r--r-- 1 root root  10K May 19 00:15 packages/helm-bibtexkey-20140214.1504.tar
4.0K -rw-r--r-- 1 root root 1.2K May 19 00:15 packages/helm-bibtexkey-badge.svg
4.0K -rw-r--r-- 1 root root  273 May 19 00:15 packages/helm-bibtexkey-readme.txt
4.0K -rw-r--r-- 1 root root 1.1K May 19 00:15 packages/helm-bibtexkey.log
4.0K -rw-r--r-- 1 root root 2.7K May 19 00:15 packages/helm-bind-key-20141109.515.el
4.0K -rw-r--r-- 1 root root  317 May 19 00:15 packages/helm-bind-key-20141109.515.entry
4.0K -rw-r--r-- 1 root root 1.2K May 19 00:15 packages/helm-bind-key-badge.svg
4.0K -rw-r--r-- 1 root root  164 May 19 00:15 packages/helm-bind-key-readme.txt
4.0K -rw-r--r-- 1 root root  558 May 19 00:15 packages/helm-bind-key.log
8.0K -rw-r--r-- 1 root root 6.1K May 19 00:15 packages/helm-bitbucket-20190422.1102.el
4.0K -rw-r--r-- 1 root root  399 May 19 00:15 packages/helm-bitbucket-20190422.1102.entry
4.0K -rw-r--r-- 1 root root 1.2K May 19 00:15 packages/helm-bitbucket-badge.svg
4.0K -rw-r--r-- 1 root root 1.3K May 19 00:15 packages/helm-bitbucket-readme.txt
4.0K -rw-r--r-- 1 root root  574 May 19 00:15 packages/helm-bitbucket.log
8.0K -rw-r--r-- 1 root root 6.8K May 19 00:15 packages/helm-bm-20160321.1331.el
4.0K -rw-r--r-- 1 root root  413 May 19 00:15 packages/helm-bm-20160321.1331.entry
4.0K -rw-r--r-- 1 root root 1.2K May 19 00:15 packages/helm-bm-badge.svg
4.0K -rw-r--r-- 1 root root  170 May 19 00:15 packages/helm-bm-readme.txt
4.0K -rw-r--r-- 1 root root  510 May 19 00:15 packages/helm-bm.log
8.0K -rw-r--r-- 1 root root 4.6K May 19 00:15 packages/helm-books-20170325.631.el
4.0K -rw-r--r-- 1 root root  370 May 19 00:15 packages/helm-books-20170325.631.entry
4.0K -rw-r--r-- 1 root root 1.2K May 19 00:15 packages/helm-books-badge.svg
4.0K -rw-r--r-- 1 root root   35 May 19 00:15 packages/helm-books-readme.txt
4.0K -rw-r--r-- 1 root root  533 May 19 00:15 packages/helm-books.log
4.0K -rw-r--r-- 1 root root 3.6K May 19 00:15 packages/helm-bufler-20201216.826.el
4.0K -rw-r--r-- 1 root root  432 May 19 00:15 packages/helm-bufler-20201216.826.entry
4.0K -rw-r--r-- 1 root root 1.2K May 19 00:15 packages/helm-bufler-badge.svg
4.0K -rw-r--r-- 1 root root  290 May 19 00:15 packages/helm-bufler-readme.txt
4.0K -rw-r--r-- 1 root root  541 May 19 00:15 packages/helm-bufler.log
4.0K -rw-r--r-- 1 root root 3.9K May 19 00:15 packages/helm-bundle-show-20190526.1401.el
4.0K -rw-r--r-- 1 root root  408 May 19 00:15 packages/helm-bundle-show-20190526.1401.entry
4.0K -rw-r--r-- 1 root root 1.2K May 19 00:15 packages/helm-bundle-show-badge.svg
4.0K -rw-r--r-- 1 root root   64 May 19 00:15 packages/helm-bundle-show-readme.txt
4.0K -rw-r--r-- 1 root root  590 May 19 00:15 packages/helm-bundle-show.log
 32K -rw-r--r-- 1 root root  29K May 19 00:15 packages/helm-c-moccur-20151230.924.el
4.0K -rw-r--r-- 1 root root  384 May 19 00:15 packages/helm-c-moccur-20151230.924.entry
4.0K -rw-r--r-- 1 root root 1.2K May 19 00:15 packages/helm-c-moccur-badge.svg
4.0K -rw-r--r-- 1 root root   20 May 19 00:15 packages/helm-c-moccur-readme.txt
4.0K -rw-r--r-- 1 root root  558 May 19 00:15 packages/helm-c-moccur.log
 24K -rw-r--r-- 1 root root  21K May 19 00:15 packages/helm-c-yasnippet-20210330.16.el
4.0K -rw-r--r-- 1 root root  432 May 19 00:15 packages/helm-c-yasnippet-20210330.16.entry
4.0K -rw-r--r-- 1 root root 1.2K May 19 00:15 packages/helm-c-yasnippet-badge.svg
4.0K -rw-r--r-- 1 root root  106 May 19 00:15 packages/helm-c-yasnippet-readme.txt
4.0K -rw-r--r-- 1 root root  580 May 19 00:15 packages/helm-c-yasnippet.log
 36K -rw-r--r-- 1 root root  35K May 19 00:15 packages/helm-catkin-20190425.1520.el
4.0K -rw-r--r-- 1 root root  492 May 19 00:15 packages/helm-catkin-20190425.1520.entry
4.0K -rw-r--r-- 1 root root 1.2K May 19 00:15 packages/helm-catkin-badge.svg
4.0K -rw-r--r-- 1 root root 1.7K May 19 00:15 packages/helm-catkin-readme.txt
4.0K -rw-r--r-- 1 root root  542 May 19 00:15 packages/helm-catkin.log
8.0K -rw-r--r-- 1 root root 5.5K May 19 00:15 packages/helm-charinfo-20170810.1231.el
4.0K -rw-r--r-- 1 root root  427 May 19 00:15 packages/helm-charinfo-20170810.1231.entry
4.0K -rw-r--r-- 1 root root 1.2K May 19 00:15 packages/helm-charinfo-badge.svg
4.0K -rw-r--r-- 1 root root  479 May 19 00:15 packages/helm-charinfo.log
8.0K -rw-r--r-- 1 root root 4.9K May 19 00:15 packages/helm-chrome-20160719.520.el
4.0K -rw-r--r-- 1 root root  459 May 19 00:15 packages/helm-chrome-20160719.520.entry
4.0K -rw-r--r-- 1 root root 1.2K May 19 00:15 packages/helm-chrome-badge.svg
4.0K -rw-r--r-- 1 root root  375 May 19 00:15 packages/helm-chrome-control-20190707.1807.entry
 20K -rw-r--r-- 1 root root  20K May 19 00:15 packages/helm-chrome-control-20190707.1807.tar
4.0K -rw-r--r-- 1 root root 1.2K May 19 00:15 packages/helm-chrome-control-badge.svg
4.0K -rw-r--r-- 1 root root   31 May 19 00:15 packages/helm-chrome-control-readme.txt
4.0K -rw-r--r-- 1 root root 1.1K May 19 00:15 packages/helm-chrome-control.log
8.0K -rw-r--r-- 1 root root 5.4K May 19 00:15 packages/helm-chrome-history-20191031.1233.el
4.0K -rw-r--r-- 1 root root  442 May 19 00:15 packages/helm-chrome-history-20191031.1233.entry
4.0K -rw-r--r-- 1 root root 1.2K May 19 00:15 packages/helm-chrome-history-badge.svg
4.0K -rw-r--r-- 1 root root   33 May 19 00:15 packages/helm-chrome-history-readme.txt
4.0K -rw-r--r-- 1 root root  610 May 19 00:15 packages/helm-chrome-history.log
4.0K -rw-r--r-- 1 root root  580 May 19 00:15 packages/helm-chrome-readme.txt
4.0K -rw-r--r-- 1 root root 1.4K May 19 00:15 packages/helm-chrome.log
4.0K -rw-r--r-- 1 root root  392 May 19 00:15 packages/helm-chronos-20150528.2036.entry
 52K -rw-r--r-- 1 root root  50K May 19 00:15 packages/helm-chronos-20150528.2036.tar
4.0K -rw-r--r-- 1 root root 1.2K May 19 00:15 packages/helm-chronos-badge.svg
4.0K -rw-r--r-- 1 root root 1.2K May 19 00:15 packages/helm-chronos-readme.txt
4.0K -rw-r--r-- 1 root root 1.1K May 19 00:15 packages/helm-chronos.log
4.0K -rw-r--r-- 1 root root  493 May 19 00:15 packages/helm-cider-20180307.458.entry
 60K -rw-r--r-- 1 root root  60K May 19 00:15 packages/helm-cider-20180307.458.tar
4.0K -rw-r--r-- 1 root root 1.2K May 19 00:15 packages/helm-cider-badge.svg
4.0K -rw-r--r-- 1 root root 1.9K May 19 00:15 packages/helm-cider-history-20150719.2120.el
4.0K -rw-r--r-- 1 root root  443 May 19 00:15 packages/helm-cider-history-20150719.2120.entry
4.0K -rw-r--r-- 1 root root 1.2K May 19 00:15 packages/helm-cider-history-badge.svg
4.0K -rw-r--r-- 1 root root   62 May 19 00:15 packages/helm-cider-history-readme.txt
4.0K -rw-r--r-- 1 root root  597 May 19 00:15 packages/helm-cider-history.log
4.0K -rw-r--r-- 1 root root  153 May 19 00:15 packages/helm-cider-readme.txt
4.0K -rw-r--r-- 1 root root 1.7K May 19 00:15 packages/helm-cider.log
8.0K -rw-r--r-- 1 root root 7.8K May 19 00:15 packages/helm-circe-20160207.652.el
4.0K -rw-r--r-- 1 root root  472 May 19 00:15 packages/helm-circe-20160207.652.entry
4.0K -rw-r--r-- 1 root root 1.2K May 19 00:15 packages/helm-circe-badge.svg
4.0K -rw-r--r-- 1 root root  270 May 19 00:15 packages/helm-circe-readme.txt
4.0K -rw-r--r-- 1 root root  535 May 19 00:15 packages/helm-circe.log
8.0K -rw-r--r-- 1 root root 4.8K May 19 00:15 packages/helm-clojuredocs-20160405.723.el
4.0K -rw-r--r-- 1 root root  439 May 19 00:15 packages/helm-clojuredocs-20160405.723.entry
4.0K -rw-r--r-- 1 root root 1.2K May 19 00:15 packages/helm-clojuredocs-badge.svg
4.0K -rw-r--r-- 1 root root  498 May 19 00:15 packages/helm-clojuredocs.log
4.0K -rw-r--r-- 1 root root  357 May 19 00:15 packages/helm-cmd-t-20170125.1459.entry
 40K -rw-r--r-- 1 root root  40K May 19 00:15 packages/helm-cmd-t-20170125.1459.tar
4.0K -rw-r--r-- 1 root root 1.2K May 19 00:15 packages/helm-cmd-t-badge.svg
4.0K -rw-r--r-- 1 root root 1.6K May 19 00:15 packages/helm-cmd-t-readme.txt
4.0K -rw-r--r-- 1 root root 1.1K May 19 00:15 packages/helm-cmd-t.log
 24K -rw-r--r-- 1 root root  21K May 19 00:15 packages/helm-codesearch-20190412.1153.el
4.0K -rw-r--r-- 1 root root  419 May 19 00:15 packages/helm-codesearch-20190412.1153.entry
4.0K -rw-r--r-- 1 root root 1.2K May 19 00:15 packages/helm-codesearch-badge.svg
4.0K -rw-r--r-- 1 root root   99 May 19 00:15 packages/helm-codesearch-readme.txt
4.0K -rw-r--r-- 1 root root  579 May 19 00:15 packages/helm-codesearch.log
 12K -rw-r--r-- 1 root root 9.3K May 19 00:15 packages/helm-commandlinefu-20150611.545.el
4.0K -rw-r--r-- 1 root root  542 May 19 00:15 packages/helm-commandlinefu-20150611.545.entry
4.0K -rw-r--r-- 1 root root 1.2K May 19 00:15 packages/helm-commandlinefu-badge.svg
4.0K -rw-r--r-- 1 root root  281 May 19 00:15 packages/helm-commandlinefu-readme.txt
4.0K -rw-r--r-- 1 root root  600 May 19 00:15 packages/helm-commandlinefu.log
 16K -rw-r--r-- 1 root root  13K May 19 00:15 packages/helm-company-20190812.1429.el
4.0K -rw-r--r-- 1 root root  411 May 19 00:15 packages/helm-company-20190812.1429.entry
4.0K -rw-r--r-- 1 root root 1.2K May 19 00:15 packages/helm-company-badge.svg
4.0K -rw-r--r-- 1 root root  285 May 19 00:15 packages/helm-company-readme.txt
4.0K -rw-r--r-- 1 root root  564 May 19 00:15 packages/helm-company.log
4.0K -rw-r--r-- 1 root root  194 May 19 00:15 packages/helm-core-20210518.1154.entry
452K -rw-r--r-- 1 root root 450K May 19 00:15 packages/helm-core-20210518.1154.tar
4.0K -rw-r--r-- 1 root root 1.2K May 19 00:15 packages/helm-core-badge.svg
4.0K -rw-r--r-- 1 root root 1.1K May 19 00:15 packages/helm-core.log
 16K -rw-r--r-- 1 root root  13K May 19 00:15 packages/helm-cscope-20190615.41.el
4.0K -rw-r--r-- 1 root root  467 May 19 00:15 packages/helm-cscope-20190615.41.entry
4.0K -rw-r--r-- 1 root root 1.2K May 19 00:15 packages/helm-cscope-badge.svg
4.0K -rw-r--r-- 1 root root   55 May 19 00:15 packages/helm-cscope-readme.txt
4.0K -rw-r--r-- 1 root root  544 May 19 00:15 packages/helm-cscope.log
 36K -rw-r--r-- 1 root root  34K May 19 00:15 packages/helm-css-scss-20191230.1549.el
4.0K -rw-r--r-- 1 root root  445 May 19 00:15 packages/helm-css-scss-20191230.1549.entry
4.0K -rw-r--r-- 1 root root 1.2K May 19 00:15 packages/helm-css-scss-badge.svg
4.0K -rw-r--r-- 1 root root 1.4K May 19 00:15 packages/helm-css-scss-readme.txt
4.0K -rw-r--r-- 1 root root  566 May 19 00:15 packages/helm-css-scss.log
4.0K -rw-r--r-- 1 root root 3.6K May 19 00:15 packages/helm-ctest-20191031.1435.el
4.0K -rw-r--r-- 1 root root  393 May 19 00:15 packages/helm-ctest-20191031.1435.entry
4.0K -rw-r--r-- 1 root root 1.2K May 19 00:15 packages/helm-ctest-badge.svg
4.0K -rw-r--r-- 1 root root  461 May 19 00:15 packages/helm-ctest.log
8.0K -rw-r--r-- 1 root root 5.2K May 19 00:15 packages/helm-dash-20190527.1118.el
4.0K -rw-r--r-- 1 root root  591 May 19 00:15 packages/helm-dash-20190527.1118.entry
4.0K -rw-r--r-- 1 root root 1.2K May 19 00:15 packages/helm-dash-badge.svg
4.0K -rw-r--r-- 1 root root  201 May 19 00:15 packages/helm-dash-readme.txt
4.0K -rw-r--r-- 1 root root  532 May 19 00:15 packages/helm-dash.log
 12K -rw-r--r-- 1 root root  12K May 19 00:15 packages/helm-descbinds-20190501.935.el
4.0K -rw-r--r-- 1 root root  392 May 19 00:15 packages/helm-descbinds-20190501.935.entry
4.0K -rw-r--r-- 1 root root 1.2K May 19 00:15 packages/helm-descbinds-badge.svg
4.0K -rw-r--r-- 1 root root 1.3K May 19 00:15 packages/helm-descbinds-readme.txt
4.0K -rw-r--r-- 1 root root  568 May 19 00:15 packages/helm-descbinds.log
8.0K -rw-r--r-- 1 root root 6.7K May 19 00:15 packages/helm-describe-modes-20160212.518.el
4.0K -rw-r--r-- 1 root root  507 May 19 00:15 packages/helm-describe-modes-20160212.518.entry
4.0K -rw-r--r-- 1 root root 1.2K May 19 00:15 packages/helm-describe-modes-badge.svg
4.0K -rw-r--r-- 1 root root  317 May 19 00:15 packages/helm-describe-modes-readme.txt
4.0K -rw-r--r-- 1 root root  608 May 19 00:15 packages/helm-describe-modes.log
 12K -rw-r--r-- 1 root root  12K May 19 00:15 packages/helm-dictionary-20201006.1511.el
4.0K -rw-r--r-- 1 root root  440 May 19 00:15 packages/helm-dictionary-20201006.1511.entry
4.0K -rw-r--r-- 1 root root 1.2K May 19 00:15 packages/helm-dictionary-badge.svg
4.0K -rw-r--r-- 1 root root  390 May 19 00:15 packages/helm-dictionary-readme.txt
4.0K -rw-r--r-- 1 root root  578 May 19 00:15 packages/helm-dictionary.log
8.0K -rw-r--r-- 1 root root 4.5K May 19 00:15 packages/helm-directory-20170706.402.el
4.0K -rw-r--r-- 1 root root  343 May 19 00:15 packages/helm-directory-20170706.402.entry
4.0K -rw-r--r-- 1 root root 1.2K May 19 00:15 packages/helm-directory-badge.svg
4.0K -rw-r--r-- 1 root root  327 May 19 00:15 packages/helm-directory-readme.txt
4.0K -rw-r--r-- 1 root root  571 May 19 00:15 packages/helm-directory.log
8.0K -rw-r--r-- 1 root root 5.6K May 19 00:15 packages/helm-dired-history-20170524.1046.el
4.0K -rw-r--r-- 1 root root  474 May 19 00:15 packages/helm-dired-history-20170524.1046.entry
4.0K -rw-r--r-- 1 root root 1.2K May 19 00:15 packages/helm-dired-history-badge.svg
4.0K -rw-r--r-- 1 root root 1.3K May 19 00:15 packages/helm-dired-history-readme.txt
4.0K -rw-r--r-- 1 root root  598 May 19 00:15 packages/helm-dired-history.log
4.0K -rw-r--r-- 1 root root 2.6K May 19 00:15 packages/helm-dired-recent-dirs-20131228.1414.el
4.0K -rw-r--r-- 1 root root  333 May 19 00:15 packages/helm-dired-recent-dirs-20131228.1414.entry
4.0K -rw-r--r-- 1 root root 1.2K May 19 00:15 packages/helm-dired-recent-dirs-badge.svg
4.0K -rw-r--r-- 1 root root  541 May 19 00:15 packages/helm-dired-recent-dirs.log
4.0K -rw-r--r-- 1 root root 2.7K May 19 00:15 packages/helm-dirset-20151209.12.el
4.0K -rw-r--r-- 1 root root  560 May 19 00:15 packages/helm-dirset-20151209.12.entry
4.0K -rw-r--r-- 1 root root 1.2K May 19 00:15 packages/helm-dirset-badge.svg
   0 -rw-r--r-- 1 root root    0 May 19 00:15 packages/helm-dirset-readme.txt
4.0K -rw-r--r-- 1 root root  537 May 19 00:15 packages/helm-dirset.log
4.0K -rw-r--r-- 1 root root 1.2K Feb  4 22:31 packages/helm-elscreen-badge.svg
4.0K -rw-r--r-- 1 root root   49 Feb  4 22:31 packages/helm-elscreen-readme.txt
4.0K -rw-r--r-- 1 root root  560 Feb  4 22:31 packages/helm-elscreen.log
8.0K -rw-r--r-- 1 root root 5.1K May 19 00:15 packages/helm-emmet-20160713.1231.el
4.0K -rw-r--r-- 1 root root  444 May 19 00:15 packages/helm-emmet-20160713.1231.entry
4.0K -rw-r--r-- 1 root root 1.2K May 19 00:15 packages/helm-emmet-badge.svg
4.0K -rw-r--r-- 1 root root   37 May 19 00:15 packages/helm-emmet-readme.txt
4.0K -rw-r--r-- 1 root root  534 May 19 00:15 packages/helm-emmet.log
 20K -rw-r--r-- 1 root root  19K May 19 00:15 packages/helm-emms-20201205.1635.el
4.0K -rw-r--r-- 1 root root  481 May 19 00:15 packages/helm-emms-20201205.1635.entry
4.0K -rw-r--r-- 1 root root 1.2K May 19 00:15 packages/helm-emms-badge.svg
4.0K -rw-r--r-- 1 root root  358 May 19 00:15 packages/helm-emms-readme.txt
4.0K -rw-r--r-- 1 root root  530 May 19 00:15 packages/helm-emms.log
 12K -rw-r--r-- 1 root root 9.9K May 19 00:15 packages/helm-esa-20190721.1429.el
4.0K -rw-r--r-- 1 root root  402 May 19 00:15 packages/helm-esa-20190721.1429.entry
4.0K -rw-r--r-- 1 root root 1.2K May 19 00:15 packages/helm-esa-badge.svg
4.0K -rw-r--r-- 1 root root   64 May 19 00:15 packages/helm-esa-readme.txt
4.0K -rw-r--r-- 1 root root  526 May 19 00:15 packages/helm-esa.log
 32K -rw-r--r-- 1 root root  29K May 19 00:15 packages/helm-etags-plus-20201003.1424.el
4.0K -rw-r--r-- 1 root root  389 May 19 00:15 packages/helm-etags-plus-20201003.1424.entry
4.0K -rw-r--r-- 1 root root 1.2K May 19 00:15 packages/helm-etags-plus-badge.svg
4.0K -rw-r--r-- 1 root root 2.8K May 19 00:15 packages/helm-etags-plus-readme.txt
4.0K -rw-r--r-- 1 root root  574 May 19 00:15 packages/helm-etags-plus.log
8.0K -rw-r--r-- 1 root root 5.4K May 19 00:15 packages/helm-evil-markers-20200506.715.el
4.0K -rw-r--r-- 1 root root  412 May 19 00:15 packages/helm-evil-markers-20200506.715.entry
4.0K -rw-r--r-- 1 root root 1.2K May 19 00:15 packages/helm-evil-markers-badge.svg
4.0K -rw-r--r-- 1 root root  119 May 19 00:15 packages/helm-evil-markers-readme.txt
4.0K -rw-r--r-- 1 root root  593 May 19 00:15 packages/helm-evil-markers.log
 16K -rw-r--r-- 1 root root  15K May 19 00:15 packages/helm-eww-20190315.907.el
4.0K -rw-r--r-- 1 root root  423 May 19 00:15 packages/helm-eww-20190315.907.entry
4.0K -rw-r--r-- 1 root root 1.2K May 19 00:15 packages/helm-eww-badge.svg
4.0K -rw-r--r-- 1 root root   47 May 19 00:15 packages/helm-eww-readme.txt
4.0K -rw-r--r-- 1 root root  520 May 19 00:15 packages/helm-eww.log
4.0K -rw-r--r-- 1 root root  331 May 19 00:15 packages/helm-ext-20200722.107.entry
 40K -rw-r--r-- 1 root root  40K May 19 00:15 packages/helm-ext-20200722.107.tar
4.0K -rw-r--r-- 1 root root 1.2K May 19 00:15 packages/helm-ext-badge.svg
4.0K -rw-r--r-- 1 root root 3.9K May 19 00:15 packages/helm-ext-readme.txt
4.0K -rw-r--r-- 1 root root 1005 May 19 00:15 packages/helm-ext.log
 12K -rw-r--r-- 1 root root  10K May 19 00:15 packages/helm-exwm-20210215.858.el
4.0K -rw-r--r-- 1 root root  434 May 19 00:15 packages/helm-exwm-20210215.858.entry
4.0K -rw-r--r-- 1 root root 1.2K May 19 00:15 packages/helm-exwm-badge.svg
4.0K -rw-r--r-- 1 root root  659 May 19 00:15 packages/helm-exwm-readme.txt
4.0K -rw-r--r-- 1 root root  528 May 19 00:15 packages/helm-exwm.log
4.0K -rw-r--r-- 1 root root 1.2K Nov  3  2020 packages/helm-fd-badge.svg
4.0K -rw-r--r-- 1 root root  117 Nov  3  2020 packages/helm-fd-readme.txt
8.0K -rw-r--r-- 1 root root 6.5K May 19 00:15 packages/helm-file-preview-20200927.528.el
4.0K -rw-r--r-- 1 root root  418 May 19 00:15 packages/helm-file-preview-20200927.528.entry
4.0K -rw-r--r-- 1 root root 1.2K May 19 00:15 packages/helm-file-preview-badge.svg
4.0K -rw-r--r-- 1 root root   42 May 19 00:15 packages/helm-file-preview-readme.txt
4.0K -rw-r--r-- 1 root root  590 May 19 00:15 packages/helm-file-preview.log
4.0K -rw-r--r-- 1 root root 2.0K May 19 00:15 packages/helm-filesets-20140929.1835.el
4.0K -rw-r--r-- 1 root root  382 May 19 00:15 packages/helm-filesets-20140929.1835.entry
4.0K -rw-r--r-- 1 root root 1.2K May 19 00:15 packages/helm-filesets-badge.svg
4.0K -rw-r--r-- 1 root root  368 May 19 00:15 packages/helm-filesets-readme.txt
4.0K -rw-r--r-- 1 root root  556 May 19 00:15 packages/helm-filesets.log
8.0K -rw-r--r-- 1 root root 6.4K May 19 00:15 packages/helm-firefox-20210331.1900.el
4.0K -rw-r--r-- 1 root root  264 May 19 00:15 packages/helm-firefox-20210331.1900.entry
4.0K -rw-r--r-- 1 root root 1.2K May 19 00:15 packages/helm-firefox-badge.svg
4.0K -rw-r--r-- 1 root root  475 May 19 00:15 packages/helm-firefox.log
8.0K -rw-r--r-- 1 root root 7.2K May 19 00:15 packages/helm-fish-completion-20200908.1504.el
4.0K -rw-r--r-- 1 root root  431 May 19 00:15 packages/helm-fish-completion-20200908.1504.entry
4.0K -rw-r--r-- 1 root root 1.2K May 19 00:15 packages/helm-fish-completion-badge.svg
4.0K -rw-r--r-- 1 root root  402 May 19 00:15 packages/helm-fish-completion-readme.txt
4.0K -rw-r--r-- 1 root root  618 May 19 00:15 packages/helm-fish-completion.log
 12K -rw-r--r-- 1 root root  11K May 19 00:15 packages/helm-flx-20180103.516.el
4.0K -rw-r--r-- 1 root root  446 May 19 00:15 packages/helm-flx-20180103.516.entry
4.0K -rw-r--r-- 1 root root 1.2K May 19 00:15 packages/helm-flx-badge.svg
4.0K -rw-r--r-- 1 root root  313 May 19 00:15 packages/helm-flx-readme.txt
4.0K -rw-r--r-- 1 root root  519 May 19 00:15 packages/helm-flx.log
8.0K -rw-r--r-- 1 root root 7.4K May 19 00:15 packages/helm-flycheck-20160710.829.el
4.0K -rw-r--r-- 1 root root  414 May 19 00:15 packages/helm-flycheck-20160710.829.entry
4.0K -rw-r--r-- 1 root root 1.2K May 19 00:15 packages/helm-flycheck-badge.svg
4.0K -rw-r--r-- 1 root root  232 May 19 00:15 packages/helm-flycheck-readme.txt
4.0K -rw-r--r-- 1 root root  556 May 19 00:15 packages/helm-flycheck.log
8.0K -rw-r--r-- 1 root root 6.0K May 19 00:15 packages/helm-flymake-20160610.2.el
4.0K -rw-r--r-- 1 root root  337 May 19 00:15 packages/helm-flymake-20160610.2.entry
4.0K -rw-r--r-- 1 root root 1.2K May 19 00:15 packages/helm-flymake-badge.svg
4.0K -rw-r--r-- 1 root root  842 May 19 00:15 packages/helm-flymake-readme.txt
4.0K -rw-r--r-- 1 root root  546 May 19 00:15 packages/helm-flymake.log
8.0K -rw-r--r-- 1 root root 6.1K May 19 00:15 packages/helm-flyspell-20170210.1901.el
4.0K -rw-r--r-- 1 root root  347 May 19 00:15 packages/helm-flyspell-20170210.1901.entry
4.0K -rw-r--r-- 1 root root 1.2K May 19 00:15 packages/helm-flyspell-badge.svg
4.0K -rw-r--r-- 1 root root  645 May 19 00:15 packages/helm-flyspell-readme.txt
4.0K -rw-r--r-- 1 root root  560 May 19 00:15 packages/helm-flyspell.log
4.0K -rw-r--r-- 1 root root 4.0K May 19 00:15 packages/helm-frame-20180604.1005.el
4.0K -rw-r--r-- 1 root root  336 May 19 00:15 packages/helm-frame-20180604.1005.entry
4.0K -rw-r--r-- 1 root root 1.2K May 19 00:15 packages/helm-frame-badge.svg
4.0K -rw-r--r-- 1 root root  248 May 19 00:15 packages/helm-frame-readme.txt
4.0K -rw-r--r-- 1 root root  532 May 19 00:15 packages/helm-frame.log
 12K -rw-r--r-- 1 root root  12K May 19 00:15 packages/helm-fuz-20200812.1222.el
4.0K -rw-r--r-- 1 root root  403 May 19 00:15 packages/helm-fuz-20200812.1222.entry
4.0K -rw-r--r-- 1 root root 1.2K May 19 00:15 packages/helm-fuz-badge.svg
4.0K -rw-r--r-- 1 root root  113 May 19 00:15 packages/helm-fuz-readme.txt
4.0K -rw-r--r-- 1 root root  523 May 19 00:15 packages/helm-fuz.log
 24K -rw-r--r-- 1 root root  22K May 19 00:15 packages/helm-fuzzier-20160605.2145.el
4.0K -rw-r--r-- 1 root root  378 May 19 00:15 packages/helm-fuzzier-20160605.2145.entry
4.0K -rw-r--r-- 1 root root 1.2K May 19 00:15 packages/helm-fuzzier-badge.svg
4.0K -rw-r--r-- 1 root root 2.4K May 19 00:15 packages/helm-fuzzier-readme.txt
4.0K -rw-r--r-- 1 root root  559 May 19 00:15 packages/helm-fuzzier.log
8.0K -rw-r--r-- 1 root root 6.0K May 19 00:15 packages/helm-fuzzy-20200927.532.el
4.0K -rw-r--r-- 1 root root  424 May 19 00:15 packages/helm-fuzzy-20200927.532.entry
4.0K -rw-r--r-- 1 root root 1.2K May 19 00:15 packages/helm-fuzzy-badge.svg
8.0K -rw-r--r-- 1 root root 6.8K May 19 00:15 packages/helm-fuzzy-find-20171106.400.el
4.0K -rw-r--r-- 1 root root  429 May 19 00:15 packages/helm-fuzzy-find-20171106.400.entry
4.0K -rw-r--r-- 1 root root 1.2K May 19 00:15 packages/helm-fuzzy-find-badge.svg
4.0K -rw-r--r-- 1 root root 1.4K May 19 00:15 packages/helm-fuzzy-find-readme.txt
4.0K -rw-r--r-- 1 root root  576 May 19 00:15 packages/helm-fuzzy-find.log
4.0K -rw-r--r-- 1 root root   33 May 19 00:15 packages/helm-fuzzy-readme.txt
4.0K -rw-r--r-- 1 root root  949 May 19 00:15 packages/helm-fuzzy.log
4.0K -rw-r--r-- 1 root root 1.2K Feb  4 19:41 packages/helm-ghc-badge.svg
4.0K -rw-r--r-- 1 root root  408 Feb  4 19:41 packages/helm-ghc-readme.txt
4.0K -rw-r--r-- 1 root root  530 Feb  4 19:41 packages/helm-ghc.log
8.0K -rw-r--r-- 1 root root 7.5K May 19 00:15 packages/helm-ghq-20190526.1409.el
4.0K -rw-r--r-- 1 root root  373 May 19 00:15 packages/helm-ghq-20190526.1409.entry
4.0K -rw-r--r-- 1 root root 1.2K May 19 00:15 packages/helm-ghq-badge.svg
4.0K -rw-r--r-- 1 root root   48 May 19 00:15 packages/helm-ghq-readme.txt
4.0K -rw-r--r-- 1 root root  526 May 19 00:15 packages/helm-ghq.log
4.0K -rw-r--r-- 1 root root 2.5K May 19 00:15 packages/helm-ghs-20170715.541.el
4.0K -rw-r--r-- 1 root root  340 May 19 00:15 packages/helm-ghs-20170715.541.entry
4.0K -rw-r--r-- 1 root root 1.2K May 19 00:15 packages/helm-ghs-badge.svg
4.0K -rw-r--r-- 1 root root   30 May 19 00:15 packages/helm-ghs-readme.txt
4.0K -rw-r--r-- 1 root root  520 May 19 00:15 packages/helm-ghs.log
8.0K -rw-r--r-- 1 root root 4.4K May 19 00:15 packages/helm-git-20120630.2103.el
4.0K -rw-r--r-- 1 root root  354 May 19 00:15 packages/helm-git-20120630.2103.entry
4.0K -rw-r--r-- 1 root root 1.2K May 19 00:15 packages/helm-git-badge.svg
 12K -rw-r--r-- 1 root root  12K May 19 00:15 packages/helm-git-files-20141212.1317.el
4.0K -rw-r--r-- 1 root root  353 May 19 00:15 packages/helm-git-files-20141212.1317.entry
4.0K -rw-r--r-- 1 root root 1.2K May 19 00:15 packages/helm-git-files-badge.svg
4.0K -rw-r--r-- 1 root root  487 May 19 00:15 packages/helm-git-files.log
 32K -rw-r--r-- 1 root root  29K May 19 00:15 packages/helm-git-grep-20170614.1411.el
4.0K -rw-r--r-- 1 root root  327 May 19 00:15 packages/helm-git-grep-20170614.1411.entry
4.0K -rw-r--r-- 1 root root 1.2K May 19 00:15 packages/helm-git-grep-badge.svg
4.0K -rw-r--r-- 1 root root  593 May 19 00:15 packages/helm-git-grep-readme.txt
4.0K -rw-r--r-- 1 root root  558 May 19 00:15 packages/helm-git-grep.log
4.0K -rw-r--r-- 1 root root  353 May 19 00:15 packages/helm-git-readme.txt
4.0K -rw-r--r-- 1 root root 1.3K May 19 00:15 packages/helm-git.log
 20K -rw-r--r-- 1 root root  17K May 19 00:15 packages/helm-github-stars-20190428.1047.el
4.0K -rw-r--r-- 1 root root  484 May 19 00:15 packages/helm-github-stars-20190428.1047.entry
4.0K -rw-r--r-- 1 root root 1.2K May 19 00:15 packages/helm-github-stars-badge.svg
4.0K -rw-r--r-- 1 root root 1.2K May 19 00:15 packages/helm-github-stars-readme.txt
4.0K -rw-r--r-- 1 root root  589 May 19 00:15 packages/helm-github-stars.log
4.0K -rw-r--r-- 1 root root 3.5K May 19 00:15 packages/helm-gitignore-20170211.8.el
4.0K -rw-r--r-- 1 root root  441 May 19 00:15 packages/helm-gitignore-20170211.8.entry
4.0K -rw-r--r-- 1 root root 1.2K May 19 00:15 packages/helm-gitignore-badge.svg
4.0K -rw-r--r-- 1 root root  103 May 19 00:15 packages/helm-gitignore-readme.txt
4.0K -rw-r--r-- 1 root root  558 May 19 00:15 packages/helm-gitignore.log
8.0K -rw-r--r-- 1 root root 5.9K May 19 00:15 packages/helm-gitlab-20180312.1647.el
4.0K -rw-r--r-- 1 root root  490 May 19 00:15 packages/helm-gitlab-20180312.1647.entry
4.0K -rw-r--r-- 1 root root 1.2K May 19 00:15 packages/helm-gitlab-badge.svg
4.0K -rw-r--r-- 1 root root   36 May 19 00:15 packages/helm-gitlab-readme.txt
4.0K -rw-r--r-- 1 root root  547 May 19 00:15 packages/helm-gitlab.log
 12K -rw-r--r-- 1 root root 8.3K May 19 00:15 packages/helm-go-package-20161103.153.el
4.0K -rw-r--r-- 1 root root  456 May 19 00:15 packages/helm-go-package-20161103.153.entry
4.0K -rw-r--r-- 1 root root 1.2K May 19 00:15 packages/helm-go-package-badge.svg
4.0K -rw-r--r-- 1 root root  244 May 19 00:15 packages/helm-go-package-readme.txt
4.0K -rw-r--r-- 1 root root  572 May 19 00:15 packages/helm-go-package.log
8.0K -rw-r--r-- 1 root root 7.4K May 19 00:15 packages/helm-google-20180606.520.el
4.0K -rw-r--r-- 1 root root  393 May 19 00:15 packages/helm-google-20180606.520.entry
4.0K -rw-r--r-- 1 root root 1.2K May 19 00:15 packages/helm-google-badge.svg
4.0K -rw-r--r-- 1 root root   47 May 19 00:15 packages/helm-google-readme.txt
4.0K -rw-r--r-- 1 root root  546 May 19 00:15 packages/helm-google.log
 24K -rw-r--r-- 1 root root  23K May 19 00:15 packages/helm-grepint-20200811.1616.el
4.0K -rw-r--r-- 1 root root  444 May 19 00:15 packages/helm-grepint-20200811.1616.entry
4.0K -rw-r--r-- 1 root root 1.2K May 19 00:15 packages/helm-grepint-badge.svg
8.0K -rw-r--r-- 1 root root 4.3K May 19 00:15 packages/helm-grepint-readme.txt
4.0K -rw-r--r-- 1 root root  550 May 19 00:15 packages/helm-grepint.log
 12K -rw-r--r-- 1 root root 8.5K May 19 00:15 packages/helm-growthforecast-20140120.344.el
4.0K -rw-r--r-- 1 root root  394 May 19 00:15 packages/helm-growthforecast-20140120.344.entry
4.0K -rw-r--r-- 1 root root 1.2K May 19 00:15 packages/helm-growthforecast-badge.svg
4.0K -rw-r--r-- 1 root root  522 May 19 00:15 packages/helm-growthforecast.log
 60K -rw-r--r-- 1 root root  58K May 19 00:16 packages/helm-gtags-20200602.1610.el
4.0K -rw-r--r-- 1 root root  387 May 19 00:16 packages/helm-gtags-20200602.1610.entry
4.0K -rw-r--r-- 1 root root 1.2K May 19 00:16 packages/helm-gtags-badge.svg
4.0K -rw-r--r-- 1 root root 1.1K May 19 00:16 packages/helm-gtags-readme.txt
4.0K -rw-r--r-- 1 root root  542 May 19 00:16 packages/helm-gtags.log
 12K -rw-r--r-- 1 root root  12K May 19 00:16 packages/helm-hatena-bookmark-20190609.1455.el
4.0K -rw-r--r-- 1 root root  416 May 19 00:16 packages/helm-hatena-bookmark-20190609.1455.entry
4.0K -rw-r--r-- 1 root root 1.2K May 19 00:16 packages/helm-hatena-bookmark-badge.svg
4.0K -rw-r--r-- 1 root root   71 May 19 00:16 packages/helm-hatena-bookmark-readme.txt
4.0K -rw-r--r-- 1 root root  622 May 19 00:16 packages/helm-hatena-bookmark.log
 12K -rw-r--r-- 1 root root 8.5K May 19 00:16 packages/helm-hayoo-20151014.651.el
4.0K -rw-r--r-- 1 root root  413 May 19 00:16 packages/helm-hayoo-20151014.651.entry
4.0K -rw-r--r-- 1 root root 1.2K May 19 00:16 packages/helm-hayoo-badge.svg
4.0K -rw-r--r-- 1 root root  221 May 19 00:16 packages/helm-hayoo-readme.txt
4.0K -rw-r--r-- 1 root root  536 May 19 00:16 packages/helm-hayoo.log
8.0K -rw-r--r-- 1 root root 4.1K May 19 00:16 packages/helm-helm-commands-20130902.1748.el
4.0K -rw-r--r-- 1 root root  414 May 19 00:16 packages/helm-helm-commands-20130902.1748.entry
4.0K -rw-r--r-- 1 root root 1.2K May 19 00:16 packages/helm-helm-commands-badge.svg
4.0K -rw-r--r-- 1 root root  924 May 19 00:16 packages/helm-helm-commands-readme.txt
4.0K -rw-r--r-- 1 root root  599 May 19 00:16 packages/helm-helm-commands.log
4.0K -rw-r--r-- 1 root root 2.9K May 19 00:16 packages/helm-hoogle-20161027.534.el
4.0K -rw-r--r-- 1 root root  453 May 19 00:16 packages/helm-hoogle-20161027.534.entry
4.0K -rw-r--r-- 1 root root 1.2K May 19 00:16 packages/helm-hoogle-badge.svg
4.0K -rw-r--r-- 1 root root   47 May 19 00:16 packages/helm-hoogle-readme.txt
4.0K -rw-r--r-- 1 root root  542 May 19 00:16 packages/helm-hoogle.log
 24K -rw-r--r-- 1 root root  22K May 19 00:16 packages/helm-hunks-20171217.1933.el
4.0K -rw-r--r-- 1 root root  367 May 19 00:16 packages/helm-hunks-20171217.1933.entry
4.0K -rw-r--r-- 1 root root 1.2K May 19 00:16 packages/helm-hunks-badge.svg
4.0K -rw-r--r-- 1 root root  784 May 19 00:16 packages/helm-hunks-readme.txt
4.0K -rw-r--r-- 1 root root  538 May 19 00:16 packages/helm-hunks.log
8.0K -rw-r--r-- 1 root root 5.9K May 19 00:16 packages/helm-icons-20210330.1216.el
4.0K -rw-r--r-- 1 root root  467 May 19 00:16 packages/helm-icons-20210330.1216.entry
4.0K -rw-r--r-- 1 root root 1.2K May 19 00:16 packages/helm-icons-badge.svg
4.0K -rw-r--r-- 1 root root   57 May 19 00:16 packages/helm-icons-readme.txt
4.0K -rw-r--r-- 1 root root  535 May 19 00:16 packages/helm-icons.log
8.0K -rw-r--r-- 1 root root 6.9K May 19 00:16 packages/helm-idris-20141202.1757.el
4.0K -rw-r--r-- 1 root root  460 May 19 00:16 packages/helm-idris-20141202.1757.entry
4.0K -rw-r--r-- 1 root root 1.2K May 19 00:16 packages/helm-idris-badge.svg
4.0K -rw-r--r-- 1 root root  192 May 19 00:16 packages/helm-idris-readme.txt
4.0K -rw-r--r-- 1 root root  546 May 19 00:16 packages/helm-idris.log
4.0K -rw-r--r-- 1 root root  375 May 19 00:16 packages/helm-img-20151224.2321.entry
 20K -rw-r--r-- 1 root root  20K May 19 00:16 packages/helm-img-20151224.2321.tar
4.0K -rw-r--r-- 1 root root 1.2K May 19 00:16 packages/helm-img-badge.svg
4.0K -rw-r--r-- 1 root root  122 May 19 00:16 packages/helm-img-readme.txt
4.0K -rw-r--r-- 1 root root 2.4K May 19 00:16 packages/helm-img-tiqav-20151224.2322.el
4.0K -rw-r--r-- 1 root root  334 May 19 00:16 packages/helm-img-tiqav-20151224.2322.entry
4.0K -rw-r--r-- 1 root root 1.2K May 19 00:16 packages/helm-img-tiqav-badge.svg
4.0K -rw-r--r-- 1 root root  485 May 19 00:16 packages/helm-img-tiqav.log
4.0K -rw-r--r-- 1 root root 1.3K May 19 00:16 packages/helm-img.log
4.0K -rw-r--r-- 1 root root 3.0K May 19 00:16 packages/helm-ispell-20151231.853.el
4.0K -rw-r--r-- 1 root root  375 May 19 00:16 packages/helm-ispell-20151231.853.entry
4.0K -rw-r--r-- 1 root root 1.2K May 19 00:16 packages/helm-ispell-badge.svg
4.0K -rw-r--r-- 1 root root   48 May 19 00:16 packages/helm-ispell-readme.txt
4.0K -rw-r--r-- 1 root root  548 May 19 00:16 packages/helm-ispell.log
8.0K -rw-r--r-- 1 root root 5.2K May 19 00:16 packages/helm-itunes-20151013.648.el
4.0K -rw-r--r-- 1 root root  367 May 19 00:16 packages/helm-itunes-20151013.648.entry
4.0K -rw-r--r-- 1 root root 1.2K May 19 00:16 packages/helm-itunes-badge.svg
4.0K -rw-r--r-- 1 root root  445 May 19 00:16 packages/helm-itunes-readme.txt
4.0K -rw-r--r-- 1 root root  541 May 19 00:16 packages/helm-itunes.log
 12K -rw-r--r-- 1 root root 9.1K May 19 00:16 packages/helm-j-cheatsheet-20170217.829.el
4.0K -rw-r--r-- 1 root root  369 May 19 00:16 packages/helm-j-cheatsheet-20170217.829.entry
4.0K -rw-r--r-- 1 root root 1.2K May 19 00:16 packages/helm-j-cheatsheet-badge.svg
4.0K -rw-r--r-- 1 root root  206 May 19 00:16 packages/helm-j-cheatsheet-readme.txt
4.0K -rw-r--r-- 1 root root  655 May 19 00:16 packages/helm-j-cheatsheet.log
 12K -rw-r--r-- 1 root root 9.2K May 19 00:16 packages/helm-jira-20180802.815.el
4.0K -rw-r--r-- 1 root root  492 May 19 00:16 packages/helm-jira-20180802.815.entry
4.0K -rw-r--r-- 1 root root 1.2K May 19 00:16 packages/helm-jira-badge.svg
4.0K -rw-r--r-- 1 root root   62 May 19 00:16 packages/helm-jira-readme.txt
4.0K -rw-r--r-- 1 root root  529 May 19 00:16 packages/helm-jira.log
4.0K -rw-r--r-- 1 root root 2.6K May 19 00:16 packages/helm-js-codemod-20190921.942.el
4.0K -rw-r--r-- 1 root root  408 May 19 00:16 packages/helm-js-codemod-20190921.942.entry
4.0K -rw-r--r-- 1 root root 1.2K May 19 00:16 packages/helm-js-codemod-badge.svg
4.0K -rw-r--r-- 1 root root  206 May 19 00:16 packages/helm-js-codemod-readme.txt
4.0K -rw-r--r-- 1 root root  576 May 19 00:16 packages/helm-js-codemod.log
4.0K -rw-r--r-- 1 root root 3.2K May 19 00:16 packages/helm-jstack-20150603.422.el
4.0K -rw-r--r-- 1 root root  453 May 19 00:16 packages/helm-jstack-20150603.422.entry
4.0K -rw-r--r-- 1 root root 1.2K May 19 00:16 packages/helm-jstack-badge.svg
4.0K -rw-r--r-- 1 root root   61 May 19 00:16 packages/helm-jstack-readme.txt
4.0K -rw-r--r-- 1 root root  546 May 19 00:16 packages/helm-jstack.log
 32K -rw-r--r-- 1 root root  29K May 19 00:16 packages/helm-kythe-20170709.726.el
4.0K -rw-r--r-- 1 root root  406 May 19 00:16 packages/helm-kythe-20170709.726.entry
4.0K -rw-r--r-- 1 root root 1.2K May 19 00:16 packages/helm-kythe-badge.svg
4.0K -rw-r--r-- 1 root root  354 May 19 00:16 packages/helm-kythe-readme.txt
4.0K -rw-r--r-- 1 root root  539 May 19 00:16 packages/helm-kythe.log
8.0K -rw-r--r-- 1 root root 6.8K May 19 00:16 packages/helm-lastpass-20180722.806.el
4.0K -rw-r--r-- 1 root root  371 May 19 00:16 packages/helm-lastpass-20180722.806.entry
4.0K -rw-r--r-- 1 root root 1.2K May 19 00:16 packages/helm-lastpass-badge.svg
4.0K -rw-r--r-- 1 root root   28 May 19 00:16 packages/helm-lastpass-readme.txt
4.0K -rw-r--r-- 1 root root  560 May 19 00:16 packages/helm-lastpass.log
4.0K -rw-r--r-- 1 root root 2.7K May 19 00:16 packages/helm-lean-20210305.1705.el
4.0K -rw-r--r-- 1 root root  637 May 19 00:16 packages/helm-lean-20210305.1705.entry
4.0K -rw-r--r-- 1 root root 1.2K May 19 00:16 packages/helm-lean-badge.svg
4.0K -rw-r--r-- 1 root root   72 May 19 00:16 packages/helm-lean-readme.txt
4.0K -rw-r--r-- 1 root root  530 May 19 00:16 packages/helm-lean.log
4.0K -rw-r--r-- 1 root root 3.8K May 19 00:16 packages/helm-lib-babel-20180510.1324.el
4.0K -rw-r--r-- 1 root root  439 May 19 00:16 packages/helm-lib-babel-20180510.1324.entry
4.0K -rw-r--r-- 1 root root 1.2K May 19 00:16 packages/helm-lib-babel-badge.svg
4.0K -rw-r--r-- 1 root root  247 May 19 00:16 packages/helm-lib-babel-readme.txt
4.0K -rw-r--r-- 1 root root  566 May 19 00:16 packages/helm-lib-babel.log
8.0K -rw-r--r-- 1 root root 5.8K May 19 00:16 packages/helm-lines-20180601.2033.el
4.0K -rw-r--r-- 1 root root  443 May 19 00:16 packages/helm-lines-20180601.2033.entry
4.0K -rw-r--r-- 1 root root 1.2K May 19 00:16 packages/helm-lines-badge.svg
4.0K -rw-r--r-- 1 root root 1.2K May 19 00:16 packages/helm-lines-readme.txt
4.0K -rw-r--r-- 1 root root  538 May 19 00:16 packages/helm-lines.log
4.0K -rw-r--r-- 1 root root 3.6K May 19 00:16 packages/helm-lobsters-20150213.1546.el
4.0K -rw-r--r-- 1 root root  366 May 19 00:16 packages/helm-lobsters-20150213.1546.entry
4.0K -rw-r--r-- 1 root root 1.2K May 19 00:16 packages/helm-lobsters-badge.svg
   0 -rw-r--r-- 1 root root    0 May 19 00:16 packages/helm-lobsters-readme.txt
4.0K -rw-r--r-- 1 root root  561 May 19 00:16 packages/helm-lobsters.log
 32K -rw-r--r-- 1 root root  30K May 19 00:16 packages/helm-ls-git-20210324.1515.el
4.0K -rw-r--r-- 1 root root  162 May 19 00:16 packages/helm-ls-git-20210324.1515.entry
4.0K -rw-r--r-- 1 root root 1.2K May 19 00:16 packages/helm-ls-git-badge.svg
4.0K -rw-r--r-- 1 root root  468 May 19 00:16 packages/helm-ls-git.log
 12K -rw-r--r-- 1 root root 9.4K May 19 00:16 packages/helm-ls-hg-20150909.543.el
4.0K -rw-r--r-- 1 root root  175 May 19 00:16 packages/helm-ls-hg-20150909.543.entry
4.0K -rw-r--r-- 1 root root 1.2K May 19 00:16 packages/helm-ls-hg-badge.svg
4.0K -rw-r--r-- 1 root root  459 May 19 00:16 packages/helm-ls-hg.log
 16K -rw-r--r-- 1 root root  13K May 19 00:16 packages/helm-ls-svn-20190316.2203.el
4.0K -rw-r--r-- 1 root root  496 May 19 00:16 packages/helm-ls-svn-20190316.2203.entry
4.0K -rw-r--r-- 1 root root 1.2K May 19 00:16 packages/helm-ls-svn-badge.svg
4.0K -rw-r--r-- 1 root root  911 May 19 00:16 packages/helm-ls-svn-readme.txt
4.0K -rw-r--r-- 1 root root  547 May 19 00:16 packages/helm-ls-svn.log
 16K -rwxr-xr-x 1 root root  14K May 19 00:16 packages/helm-lsp-20210419.2014.el
4.0K -rw-r--r-- 1 root root  447 May 19 00:16 packages/helm-lsp-20210419.2014.entry
4.0K -rw-r--r-- 1 root root 1.2K May 19 00:16 packages/helm-lsp-badge.svg
4.0K -rw-r--r-- 1 root root   25 May 19 00:16 packages/helm-lsp-readme.txt
4.0K -rw-r--r-- 1 root root  521 May 19 00:16 packages/helm-lsp.log
 20K -rw-r--r-- 1 root root  20K May 19 00:16 packages/helm-lxc-20200323.816.el
4.0K -rw-r--r-- 1 root root  420 May 19 00:16 packages/helm-lxc-20200323.816.entry
4.0K -rw-r--r-- 1 root root 1.2K May 19 00:16 packages/helm-lxc-badge.svg
4.0K -rw-r--r-- 1 root root  273 May 19 00:16 packages/helm-lxc-readme.txt
4.0K -rw-r--r-- 1 root root  519 May 19 00:16 packages/helm-lxc.log
 20K -rw-r--r-- 1 root root  18K May 19 00:16 packages/helm-make-20200620.27.el
4.0K -rw-r--r-- 1 root root  354 May 19 00:16 packages/helm-make-20200620.27.entry
4.0K -rw-r--r-- 1 root root 1.2K May 19 00:16 packages/helm-make-badge.svg
4.0K -rw-r--r-- 1 root root  141 May 19 00:16 packages/helm-make-readme.txt
4.0K -rw-r--r-- 1 root root  523 May 19 00:16 packages/helm-make.log
8.0K -rw-r--r-- 1 root root 5.9K May 19 00:16 packages/helm-migemo-20151010.356.el
4.0K -rw-r--r-- 1 root root  494 May 19 00:16 packages/helm-migemo-20151010.356.entry
4.0K -rw-r--r-- 1 root root 1.2K May 19 00:16 packages/helm-migemo-badge.svg
4.0K -rw-r--r-- 1 root root  236 May 19 00:16 packages/helm-migemo-readme.txt
4.0K -rw-r--r-- 1 root root  542 May 19 00:16 packages/helm-migemo.log
8.0K -rw-r--r-- 1 root root 5.0K May 19 00:16 packages/helm-mode-manager-20210108.2330.el
4.0K -rw-r--r-- 1 root root  330 May 19 00:16 packages/helm-mode-manager-20210108.2330.entry
4.0K -rw-r--r-- 1 root root 1.2K May 19 00:16 packages/helm-mode-manager-badge.svg
4.0K -rw-r--r-- 1 root root  653 May 19 00:16 packages/helm-mode-manager-readme.txt
4.0K -rw-r--r-- 1 root root  589 May 19 00:16 packages/helm-mode-manager.log
8.0K -rw-r--r-- 1 root root 6.8K May 19 00:16 packages/helm-mt-20160918.452.el
4.0K -rw-r--r-- 1 root root  438 May 19 00:16 packages/helm-mt-20160918.452.entry
4.0K -rw-r--r-- 1 root root 1.2K May 19 00:16 packages/helm-mt-badge.svg
4.0K -rw-r--r-- 1 root root  290 May 19 00:16 packages/helm-mt-readme.txt
4.0K -rw-r--r-- 1 root root  510 May 19 00:16 packages/helm-mt.log
 24K -rw-r--r-- 1 root root  22K May 19 00:16 packages/helm-mu-20210104.1214.el
4.0K -rw-r--r-- 1 root root  365 May 19 00:16 packages/helm-mu-20210104.1214.entry
4.0K -rw-r--r-- 1 root root 1.2K May 19 00:16 packages/helm-mu-badge.svg
4.0K -rw-r--r-- 1 root root  726 May 19 00:16 packages/helm-mu-readme.txt
4.0K -rw-r--r-- 1 root root  514 May 19 00:16 packages/helm-mu.log
 12K -rw-r--r-- 1 root root 8.3K May 19 00:16 packages/helm-navi-20201220.1823.el
4.0K -rw-r--r-- 1 root root  493 May 19 00:16 packages/helm-navi-20201220.1823.entry
4.0K -rw-r--r-- 1 root root 1.2K May 19 00:16 packages/helm-navi-badge.svg
4.0K -rw-r--r-- 1 root root  646 May 19 00:16 packages/helm-navi-readme.txt
4.0K -rw-r--r-- 1 root root  530 May 19 00:16 packages/helm-navi.log
4.0K -rw-r--r-- 1 root root 1.8K May 19 00:16 packages/helm-nixos-options-20151013.2309.el
4.0K -rw-r--r-- 1 root root  524 May 19 00:16 packages/helm-nixos-options-20151013.2309.entry
4.0K -rw-r--r-- 1 root root 1.2K May 19 00:16 packages/helm-nixos-options-badge.svg
4.0K -rw-r--r-- 1 root root  101 May 19 00:16 packages/helm-nixos-options-readme.txt
4.0K -rw-r--r-- 1 root root  598 May 19 00:16 packages/helm-nixos-options.log
 12K -rw-r--r-- 1 root root 8.1K May 19 00:16 packages/helm-notmuch-20190320.1048.el
4.0K -rw-r--r-- 1 root root  395 May 19 00:16 packages/helm-notmuch-20190320.1048.entry
4.0K -rw-r--r-- 1 root root 1.2K May 19 00:16 packages/helm-notmuch-badge.svg
4.0K -rw-r--r-- 1 root root  542 May 19 00:16 packages/helm-notmuch-readme.txt
4.0K -rw-r--r-- 1 root root  554 May 19 00:16 packages/helm-notmuch.log
 20K -rw-r--r-- 1 root root  18K May 19 00:16 packages/helm-open-github-20170220.159.el
4.0K -rw-r--r-- 1 root root  427 May 19 00:16 packages/helm-open-github-20170220.159.entry
4.0K -rw-r--r-- 1 root root 1.2K May 19 00:16 packages/helm-open-github-badge.svg
4.0K -rw-r--r-- 1 root root  126 May 19 00:16 packages/helm-open-github-readme.txt
4.0K -rw-r--r-- 1 root root  588 May 19 00:16 packages/helm-open-github.log
 24K -rw-r--r-- 1 root root  22K May 19 00:16 packages/helm-org-20210324.1927.el
4.0K -rw-r--r-- 1 root root  408 May 19 00:16 packages/helm-org-20210324.1927.entry
4.0K -rw-r--r-- 1 root root 1.2K May 19 00:16 packages/helm-org-badge.svg
 24K -rw-r--r-- 1 root root  21K May 19 00:16 packages/helm-org-multi-wiki-20210228.1853.el
4.0K -rw-r--r-- 1 root root  600 May 19 00:16 packages/helm-org-multi-wiki-20210228.1853.entry
4.0K -rw-r--r-- 1 root root 1.2K May 19 00:16 packages/helm-org-multi-wiki-badge.svg
4.0K -rw-r--r-- 1 root root   58 May 19 00:16 packages/helm-org-multi-wiki-readme.txt
4.0K -rw-r--r-- 1 root root  601 May 19 00:16 packages/helm-org-multi-wiki.log
8.0K -rw-r--r-- 1 root root 7.7K May 19 00:16 packages/helm-org-ql-20201123.1102.el
4.0K -rw-r--r-- 1 root root  448 May 19 00:16 packages/helm-org-ql-20201123.1102.entry
4.0K -rw-r--r-- 1 root root 1.2K May 19 00:16 packages/helm-org-ql-badge.svg
4.0K -rw-r--r-- 1 root root  293 May 19 00:16 packages/helm-org-ql-readme.txt
4.0K -rw-r--r-- 1 root root  540 May 19 00:16 packages/helm-org-ql.log
4.0K -rw-r--r-- 1 root root   48 May 19 00:16 packages/helm-org-readme.txt
8.0K -rw-r--r-- 1 root root 4.5K May 19 00:16 packages/helm-org-recent-headings-20201213.837.el
4.0K -rw-r--r-- 1 root root  598 May 19 00:16 packages/helm-org-recent-headings-20201213.837.entry
4.0K -rw-r--r-- 1 root root 1.2K May 19 00:16 packages/helm-org-recent-headings-badge.svg
4.0K -rw-r--r-- 1 root root   73 May 19 00:16 packages/helm-org-recent-headings-readme.txt
4.0K -rw-r--r-- 1 root root  642 May 19 00:16 packages/helm-org-recent-headings.log
 84K -rw-r--r-- 1 root root  82K May 19 00:16 packages/helm-org-rifle-20200512.1943.el
4.0K -rw-r--r-- 1 root root  468 May 19 00:16 packages/helm-org-rifle-20200512.1943.entry
4.0K -rw-r--r-- 1 root root 1.2K May 19 00:16 packages/helm-org-rifle-badge.svg
4.0K -rw-r--r-- 1 root root 1.1K May 19 00:16 packages/helm-org-rifle-readme.txt
4.0K -rw-r--r-- 1 root root  564 May 19 00:16 packages/helm-org-rifle.log
4.0K -rw-r--r-- 1 root root 2.3K May 19 00:16 packages/helm-org.log
8.0K -rw-r--r-- 1 root root 4.5K May 19 00:16 packages/helm-orgcard-20151001.1524.el
4.0K -rw-r--r-- 1 root root  368 May 19 00:16 packages/helm-orgcard-20151001.1524.entry
4.0K -rw-r--r-- 1 root root 1.2K May 19 00:16 packages/helm-orgcard-badge.svg
4.0K -rw-r--r-- 1 root root  181 May 19 00:16 packages/helm-orgcard-readme.txt
4.0K -rw-r--r-- 1 root root  552 May 19 00:16 packages/helm-orgcard.log
4.0K -rw-r--r-- 1 root root 3.3K May 19 00:16 packages/helm-osx-app-20190717.958.el
4.0K -rw-r--r-- 1 root root  320 May 19 00:16 packages/helm-osx-app-20190717.958.entry
4.0K -rw-r--r-- 1 root root 1.2K May 19 00:16 packages/helm-osx-app-badge.svg
4.0K -rw-r--r-- 1 root root   33 May 19 00:16 packages/helm-osx-app-readme.txt
4.0K -rw-r--r-- 1 root root  552 May 19 00:16 packages/helm-osx-app.log
8.0K -rw-r--r-- 1 root root 6.0K May 19 00:16 packages/helm-pages-20161121.226.el
4.0K -rw-r--r-- 1 root root  451 May 19 00:16 packages/helm-pages-20161121.226.entry
4.0K -rw-r--r-- 1 root root 1.2K May 19 00:16 packages/helm-pages-badge.svg
4.0K -rw-r--r-- 1 root root   56 May 19 00:16 packages/helm-pages-readme.txt
4.0K -rw-r--r-- 1 root root  544 May 19 00:16 packages/helm-pages.log
8.0K -rw-r--r-- 1 root root 5.3K May 19 00:16 packages/helm-pass-20210221.1655.el
4.0K -rw-r--r-- 1 root root  486 May 19 00:16 packages/helm-pass-20210221.1655.entry
4.0K -rw-r--r-- 1 root root 1.2K May 19 00:16 packages/helm-pass-badge.svg
4.0K -rw-r--r-- 1 root root  570 May 19 00:16 packages/helm-pass-readme.txt
4.0K -rw-r--r-- 1 root root  530 May 19 00:16 packages/helm-pass.log
4.0K -rw-r--r-- 1 root root  393 May 19 00:16 packages/helm-perldoc-20200315.1716.entry
 20K -rw-r--r-- 1 root root  20K May 19 00:16 packages/helm-perldoc-20200315.1716.tar
4.0K -rw-r--r-- 1 root root 1.2K May 19 00:16 packages/helm-perldoc-badge.svg
4.0K -rw-r--r-- 1 root root  120 May 19 00:16 packages/helm-perldoc-readme.txt
4.0K -rw-r--r-- 1 root root 1.1K May 19 00:16 packages/helm-perldoc.log
 12K -rw-r--r-- 1 root root 9.0K May 19 00:16 packages/helm-perspeen-20170228.1345.el
4.0K -rw-r--r-- 1 root root  360 May 19 00:16 packages/helm-perspeen-20170228.1345.entry
4.0K -rw-r--r-- 1 root root 1.2K May 19 00:16 packages/helm-perspeen-badge.svg
4.0K -rw-r--r-- 1 root root  499 May 19 00:16 packages/helm-perspeen-readme.txt
4.0K -rw-r--r-- 1 root root  560 May 19 00:16 packages/helm-perspeen.log
4.0K -rw-r--r-- 1 root root 1.8K May 19 00:16 packages/helm-phpunit-20160513.853.el
4.0K -rw-r--r-- 1 root root  418 May 19 00:16 packages/helm-phpunit-20160513.853.entry
4.0K -rw-r--r-- 1 root root 1.2K May 19 00:16 packages/helm-phpunit-badge.svg
4.0K -rw-r--r-- 1 root root  244 May 19 00:16 packages/helm-phpunit-readme.txt
4.0K -rw-r--r-- 1 root root  553 May 19 00:16 packages/helm-phpunit.log
8.0K -rw-r--r-- 1 root root 6.1K May 19 00:16 packages/helm-posframe-20210412.1147.el
4.0K -rw-r--r-- 1 root root  408 May 19 00:16 packages/helm-posframe-20210412.1147.entry
4.0K -rw-r--r-- 1 root root 1.2K May 19 00:16 packages/helm-posframe-badge.svg
4.0K -rw-r--r-- 1 root root  776 May 19 00:16 packages/helm-posframe-readme.txt
4.0K -rw-r--r-- 1 root root  559 May 19 00:16 packages/helm-posframe.log
4.0K -rw-r--r-- 1 root root  333 May 19 00:16 packages/helm-proc-20161006.305.entry
 20K -rw-r--r-- 1 root root  20K May 19 00:16 packages/helm-proc-20161006.305.tar
4.0K -rw-r--r-- 1 root root 1.2K May 19 00:16 packages/helm-proc-badge.svg
4.0K -rw-r--r-- 1 root root  517 May 19 00:16 packages/helm-proc-readme.txt
4.0K -rw-r--r-- 1 root root  888 May 19 00:16 packages/helm-proc.log
4.0K -rw-r--r-- 1 root root 2.3K May 19 00:16 packages/helm-project-persist-20151210.1543.el
4.0K -rw-r--r-- 1 root root  388 May 19 00:16 packages/helm-project-persist-20151210.1543.entry
4.0K -rw-r--r-- 1 root root 1.2K May 19 00:16 packages/helm-project-persist-badge.svg
4.0K -rw-r--r-- 1 root root  101 May 19 00:16 packages/helm-project-persist-readme.txt
4.0K -rw-r--r-- 1 root root  613 May 19 00:16 packages/helm-project-persist.log
 52K -rw-r--r-- 1 root root  51K May 19 00:16 packages/helm-projectile-20201217.908.el
4.0K -rw-r--r-- 1 root root  410 May 19 00:16 packages/helm-projectile-20201217.908.entry
4.0K -rw-r--r-- 1 root root 1.2K May 19 00:16 packages/helm-projectile-badge.svg
4.0K -rw-r--r-- 1 root root  356 May 19 00:16 packages/helm-projectile-readme.txt
4.0K -rw-r--r-- 1 root root  573 May 19 00:16 packages/helm-projectile.log
4.0K -rw-r--r-- 1 root root 3.5K May 19 00:16 packages/helm-prosjekt-20140129.717.el
4.0K -rw-r--r-- 1 root root  363 May 19 00:16 packages/helm-prosjekt-20140129.717.entry
4.0K -rw-r--r-- 1 root root 1.2K May 19 00:16 packages/helm-prosjekt-badge.svg
4.0K -rw-r--r-- 1 root root 1.4K May 19 00:16 packages/helm-prosjekt-readme.txt
4.0K -rw-r--r-- 1 root root  553 May 19 00:16 packages/helm-prosjekt.log
4.0K -rw-r--r-- 1 root root  281 May 19 00:16 packages/helm-pt-20160214.2342.entry
 20K -rw-r--r-- 1 root root  20K May 19 00:16 packages/helm-pt-20160214.2342.tar
4.0K -rw-r--r-- 1 root root 1.2K May 19 00:16 packages/helm-pt-badge.svg
4.0K -rw-r--r-- 1 root root  203 May 19 00:16 packages/helm-pt-readme.txt
4.0K -rw-r--r-- 1 root root  849 May 19 00:16 packages/helm-pt.log
4.0K -rw-r--r-- 1 root root 4.0K May 19 00:16 packages/helm-purpose-20170114.1636.el
4.0K -rw-r--r-- 1 root root  347 May 19 00:16 packages/helm-purpose-20170114.1636.entry
4.0K -rw-r--r-- 1 root root 1.2K May 19 00:16 packages/helm-purpose-badge.svg
4.0K -rw-r--r-- 1 root root  835 May 19 00:16 packages/helm-purpose-readme.txt
4.0K -rw-r--r-- 1 root root  548 May 19 00:16 packages/helm-purpose.log
4.0K -rw-r--r-- 1 root root  388 May 19 00:16 packages/helm-pydoc-20160918.542.entry
 20K -rw-r--r-- 1 root root  20K May 19 00:16 packages/helm-pydoc-20160918.542.tar
4.0K -rw-r--r-- 1 root root 1.2K May 19 00:16 packages/helm-pydoc-badge.svg
   0 -rw-r--r-- 1 root root    0 May 19 00:16 packages/helm-pydoc-readme.txt
4.0K -rw-r--r-- 1 root root  945 May 19 00:16 packages/helm-pydoc.log
 12K -rw-r--r-- 1 root root  11K May 19 00:16 packages/helm-qiita-20190526.1359.el
4.0K -rw-r--r-- 1 root root  401 May 19 00:16 packages/helm-qiita-20190526.1359.entry
4.0K -rw-r--r-- 1 root root 1.2K May 19 00:16 packages/helm-qiita-badge.svg
4.0K -rw-r--r-- 1 root root   50 May 19 00:16 packages/helm-qiita-readme.txt
4.0K -rw-r--r-- 1 root root  542 May 19 00:16 packages/helm-qiita.log
4.0K -rw-r--r-- 1 root root  347 May 19 00:16 packages/helm-rage-20180118.1532.entry
232K -rw-r--r-- 1 root root 230K May 19 00:16 packages/helm-rage-20180118.1532.tar
4.0K -rw-r--r-- 1 root root 1.2K May 19 00:16 packages/helm-rage-badge.svg
4.0K -rw-r--r-- 1 root root   27 May 19 00:16 packages/helm-rage-readme.txt
8.0K -rw-r--r-- 1 root root 4.7K May 19 00:16 packages/helm-rage.log
 12K -rw-r--r-- 1 root root  11K May 19 00:16 packages/helm-rails-20130424.1519.el
4.0K -rw-r--r-- 1 root root  455 May 19 00:16 packages/helm-rails-20130424.1519.entry
4.0K -rw-r--r-- 1 root root 1.2K May 19 00:16 packages/helm-rails-badge.svg
4.0K -rw-r--r-- 1 root root  156 May 19 00:16 packages/helm-rails-readme.txt
4.0K -rw-r--r-- 1 root root  532 May 19 00:16 packages/helm-rails.log
4.0K -rw-r--r-- 1 root root  409 May 19 00:16 packages/helm-rb-20131123.1639.entry
 12K -rw-r--r-- 1 root root  10K May 19 00:16 packages/helm-rb-20131123.1639.tar
4.0K -rw-r--r-- 1 root root 1.2K May 19 00:16 packages/helm-rb-badge.svg
4.0K -rw-r--r-- 1 root root   14 May 19 00:16 packages/helm-rb-readme.txt
4.0K -rw-r--r-- 1 root root  893 May 19 00:16 packages/helm-rb.log
4.0K -rw-r--r-- 1 root root 2.7K May 19 00:16 packages/helm-rdefs-20161130.536.el
4.0K -rw-r--r-- 1 root root  418 May 19 00:16 packages/helm-rdefs-20161130.536.entry
4.0K -rw-r--r-- 1 root root 1.2K May 19 00:16 packages/helm-rdefs-badge.svg
4.0K -rw-r--r-- 1 root root   80 May 19 00:16 packages/helm-rdefs-readme.txt
4.0K -rw-r--r-- 1 root root  538 May 19 00:16 packages/helm-rdefs.log
 16K -rw-r--r-- 1 root root  16K May 19 00:16 packages/helm-recoll-20200805.1235.el
4.0K -rw-r--r-- 1 root root  466 May 19 00:16 packages/helm-recoll-20200805.1235.entry
4.0K -rw-r--r-- 1 root root 1.2K May 19 00:16 packages/helm-recoll-badge.svg
4.0K -rw-r--r-- 1 root root  546 May 19 00:16 packages/helm-recoll-readme.txt
4.0K -rw-r--r-- 1 root root  606 May 19 00:16 packages/helm-recoll.log
108K -rw-r--r-- 1 root root 107K May 19 00:16 packages/helm-rg-20200721.725.el
4.0K -rw-r--r-- 1 root root  453 May 19 00:16 packages/helm-rg-20200721.725.entry
4.0K -rw-r--r-- 1 root root 1.2K May 19 00:16 packages/helm-rg-badge.svg
8.0K -rw-r--r-- 1 root root 6.1K May 19 00:16 packages/helm-rg-readme.txt
4.0K -rw-r--r-- 1 root root  516 May 19 00:16 packages/helm-rg.log
8.0K -rw-r--r-- 1 root root 6.3K May 19 00:16 packages/helm-rhythmbox-20160524.1158.el
4.0K -rw-r--r-- 1 root root  375 May 19 00:16 packages/helm-rhythmbox-20160524.1158.entry
4.0K -rw-r--r-- 1 root root 1.2K May 19 00:16 packages/helm-rhythmbox-badge.svg
4.0K -rw-r--r-- 1 root root  638 May 19 00:16 packages/helm-rhythmbox-readme.txt
4.0K -rw-r--r-- 1 root root  567 May 19 00:16 packages/helm-rhythmbox.log
4.0K -rw-r--r-- 1 root root 1.7K May 19 00:16 packages/helm-robe-20151209.355.el
4.0K -rw-r--r-- 1 root root  355 May 19 00:16 packages/helm-robe-20151209.355.entry
4.0K -rw-r--r-- 1 root root 1.2K May 19 00:16 packages/helm-robe-badge.svg
4.0K -rw-r--r-- 1 root root  228 May 19 00:16 packages/helm-robe-readme.txt
4.0K -rw-r--r-- 1 root root  532 May 19 00:16 packages/helm-robe.log
 16K -rw-r--r-- 1 root root  14K May 19 00:16 packages/helm-ros-20160812.1752.el
4.0K -rw-r--r-- 1 root root  438 May 19 00:16 packages/helm-ros-20160812.1752.entry
4.0K -rw-r--r-- 1 root root 1.2K May 19 00:16 packages/helm-ros-badge.svg
4.0K -rw-r--r-- 1 root root  152 May 19 00:16 packages/helm-ros-readme.txt
4.0K -rw-r--r-- 1 root root  525 May 19 00:16 packages/helm-ros.log
8.0K -rw-r--r-- 1 root root 6.1K May 19 00:16 packages/helm-rtags-20191222.920.el
4.0K -rw-r--r-- 1 root root  434 May 19 00:16 packages/helm-rtags-20191222.920.entry
4.0K -rw-r--r-- 1 root root 1.2K May 19 00:16 packages/helm-rtags-badge.svg
   0 -rw-r--r-- 1 root root    0 May 19 00:16 packages/helm-rtags-readme.txt
4.0K -rw-r--r-- 1 root root  533 May 19 00:16 packages/helm-rtags.log
4.0K -rw-r--r-- 1 root root 3.6K May 19 00:16 packages/helm-rubygems-local-20130712.111.el
4.0K -rw-r--r-- 1 root root  387 May 19 00:16 packages/helm-rubygems-local-20130712.111.entry
4.0K -rw-r--r-- 1 root root 1.2K May 19 00:16 packages/helm-rubygems-local-badge.svg
4.0K -rw-r--r-- 1 root root  520 May 19 00:16 packages/helm-rubygems-local.log
 12K -rw-r--r-- 1 root root 8.4K May 19 00:16 packages/helm-rubygems-org-20140826.1156.el
4.0K -rw-r--r-- 1 root root  492 May 19 00:16 packages/helm-rubygems-org-20140826.1156.entry
4.0K -rw-r--r-- 1 root root 1.2K May 19 00:16 packages/helm-rubygems-org-badge.svg
4.0K -rw-r--r-- 1 root root  814 May 19 00:16 packages/helm-rubygems-org-readme.txt
4.0K -rw-r--r-- 1 root root  593 May 19 00:16 packages/helm-rubygems-org.log
8.0K -rw-r--r-- 1 root root 4.1K May 19 00:16 packages/helm-safari-20160404.324.el
4.0K -rw-r--r-- 1 root root  425 May 19 00:16 packages/helm-safari-20160404.324.entry
4.0K -rw-r--r-- 1 root root 1.2K May 19 00:16 packages/helm-safari-badge.svg
4.0K -rw-r--r-- 1 root root  398 May 19 00:16 packages/helm-safari-readme.txt
4.0K -rw-r--r-- 1 root root  544 May 19 00:16 packages/helm-safari.log
8.0K -rw-r--r-- 1 root root 5.2K May 19 00:16 packages/helm-sage-20160514.745.el
4.0K -rw-r--r-- 1 root root  466 May 19 00:16 packages/helm-sage-20160514.745.entry
4.0K -rw-r--r-- 1 root root 1.2K May 19 00:16 packages/helm-sage-badge.svg
4.0K -rw-r--r-- 1 root root  317 May 19 00:16 packages/helm-sage-readme.txt
4.0K -rw-r--r-- 1 root root  526 May 19 00:16 packages/helm-sage.log
 16K -rw-r--r-- 1 root root  13K May 19 00:16 packages/helm-searcher-20210221.923.el
4.0K -rw-r--r-- 1 root root  432 May 19 00:16 packages/helm-searcher-20210221.923.entry
4.0K -rw-r--r-- 1 root root 1.2K May 19 00:16 packages/helm-searcher-badge.svg
4.0K -rw-r--r-- 1 root root   33 May 19 00:16 packages/helm-searcher-readme.txt
4.0K -rw-r--r-- 1 root root  560 May 19 00:16 packages/helm-searcher.log
4.0K -rw-r--r-- 1 root root 3.9K May 19 00:16 packages/helm-selected-20171223.210.el
4.0K -rw-r--r-- 1 root root  434 May 19 00:16 packages/helm-selected-20171223.210.entry
4.0K -rw-r--r-- 1 root root 1.2K May 19 00:17 packages/helm-selected-badge.svg
4.0K -rw-r--r-- 1 root root  124 May 19 00:16 packages/helm-selected-readme.txt
4.0K -rw-r--r-- 1 root root  556 May 19 00:17 packages/helm-selected.log
4.0K -rw-r--r-- 1 root root  349 May 19 00:17 packages/helm-selector-20210125.857.entry
 52K -rw-r--r-- 1 root root  50K May 19 00:17 packages/helm-selector-20210125.857.tar
4.0K -rw-r--r-- 1 root root 1.2K May 19 00:17 packages/helm-selector-badge.svg
4.0K -rw-r--r-- 1 root root 1019 May 19 00:17 packages/helm-selector-readme.txt
4.0K -rw-r--r-- 1 root root 2.2K May 19 00:17 packages/helm-selector.log
4.0K -rw-r--r-- 1 root root 3.2K May 19 00:17 packages/helm-sheet-20130630.1239.el
4.0K -rw-r--r-- 1 root root  378 May 19 00:17 packages/helm-sheet-20130630.1239.entry
4.0K -rw-r--r-- 1 root root 1.2K May 19 00:17 packages/helm-sheet-badge.svg
4.0K -rw-r--r-- 1 root root  162 May 19 00:17 packages/helm-sheet-readme.txt
4.0K -rw-r--r-- 1 root root  534 May 19 00:17 packages/helm-sheet.log
4.0K -rw-r--r-- 1 root root 3.5K May 19 00:17 packages/helm-shell-history-20210214.948.el
4.0K -rw-r--r-- 1 root root  466 May 19 00:17 packages/helm-shell-history-20210214.948.entry
4.0K -rw-r--r-- 1 root root 1.2K May 19 00:17 packages/helm-shell-history-badge.svg
4.0K -rw-r--r-- 1 root root  321 May 19 00:17 packages/helm-shell-history-readme.txt
4.0K -rw-r--r-- 1 root root  600 May 19 00:17 packages/helm-shell-history.log
 24K -rw-r--r-- 1 root root  22K May 19 00:17 packages/helm-slime-20191016.1601.el
4.0K -rw-r--r-- 1 root root  506 May 19 00:17 packages/helm-slime-20191016.1601.entry
4.0K -rw-r--r-- 1 root root 1.2K May 19 00:17 packages/helm-slime-badge.svg
4.0K -rw-r--r-- 1 root root  851 May 19 00:17 packages/helm-slime-readme.txt
4.0K -rw-r--r-- 1 root root  538 May 19 00:17 packages/helm-slime.log
 28K -rw-r--r-- 1 root root  28K May 19 00:17 packages/helm-sly-20210205.1424.el
4.0K -rw-r--r-- 1 root root  480 May 19 00:17 packages/helm-sly-20210205.1424.entry
4.0K -rw-r--r-- 1 root root 1.2K May 19 00:17 packages/helm-sly-badge.svg
4.0K -rw-r--r-- 1 root root  941 May 19 00:17 packages/helm-sly-readme.txt
4.0K -rw-r--r-- 1 root root  522 May 19 00:17 packages/helm-sly.log
4.0K -rw-r--r-- 1 root root 3.9K May 19 00:17 packages/helm-smex-20171004.2008.el
4.0K -rw-r--r-- 1 root root  371 May 19 00:17 packages/helm-smex-20171004.2008.entry
4.0K -rw-r--r-- 1 root root 1.2K May 19 00:17 packages/helm-smex-badge.svg
4.0K -rw-r--r-- 1 root root  219 May 19 00:17 packages/helm-smex-readme.txt
4.0K -rw-r--r-- 1 root root  524 May 19 00:17 packages/helm-smex.log
4.0K -rw-r--r-- 1 root root 3.6K May 19 00:17 packages/helm-spaces-20161001.1409.el
4.0K -rw-r--r-- 1 root root  424 May 19 00:17 packages/helm-spaces-20161001.1409.entry
4.0K -rw-r--r-- 1 root root 1.2K May 19 00:17 packages/helm-spaces-badge.svg
4.0K -rw-r--r-- 1 root root  179 May 19 00:17 packages/helm-spaces-readme.txt
4.0K -rw-r--r-- 1 root root  542 May 19 00:17 packages/helm-spaces.log
8.0K -rw-r--r-- 1 root root 4.4K May 19 00:17 packages/helm-spotify-20160905.2147.el
4.0K -rw-r--r-- 1 root root  407 May 19 00:17 packages/helm-spotify-20160905.2147.entry
4.0K -rw-r--r-- 1 root root 1.2K May 19 00:17 packages/helm-spotify-badge.svg
 20K -rw-r--r-- 1 root root  17K May 19 00:17 packages/helm-spotify-plus-20190913.2236.el
4.0K -rw-r--r-- 1 root root  603 May 19 00:17 packages/helm-spotify-plus-20190913.2236.entry
4.0K -rw-r--r-- 1 root root 1.2K May 19 00:17 packages/helm-spotify-plus-badge.svg
4.0K -rw-r--r-- 1 root root   50 May 19 00:17 packages/helm-spotify-plus-readme.txt
4.0K -rw-r--r-- 1 root root  602 May 19 00:17 packages/helm-spotify-plus.log
4.0K -rw-r--r-- 1 root root  158 May 19 00:17 packages/helm-spotify-readme.txt
4.0K -rw-r--r-- 1 root root  983 May 19 00:17 packages/helm-spotify.log
4.0K -rw-r--r-- 1 root root 1.3K May 19 00:17 packages/helm-sql-connect-20170319.1251.el
4.0K -rw-r--r-- 1 root root  432 May 19 00:17 packages/helm-sql-connect-20170319.1251.entry
4.0K -rw-r--r-- 1 root root 1.2K May 19 00:17 packages/helm-sql-connect-badge.svg
4.0K -rw-r--r-- 1 root root  136 May 19 00:17 packages/helm-sql-connect-readme.txt
4.0K -rw-r--r-- 1 root root  587 May 19 00:17 packages/helm-sql-connect.log
 16K -rw-r--r-- 1 root root  15K May 19 00:17 packages/helm-switch-shell-20210106.1810.el
4.0K -rw-r--r-- 1 root root  523 May 19 00:17 packages/helm-switch-shell-20210106.1810.entry
4.0K -rw-r--r-- 1 root root 1.2K May 19 00:17 packages/helm-switch-shell-badge.svg
4.0K -rw-r--r-- 1 root root 1.6K May 19 00:17 packages/helm-switch-shell-readme.txt
4.0K -rw-r--r-- 1 root root  592 May 19 00:17 packages/helm-switch-shell.log
 12K -rw-r--r-- 1 root root  12K May 19 00:17 packages/helm-switch-to-repl-20210206.844.el
4.0K -rw-r--r-- 1 root root  422 May 19 00:17 packages/helm-switch-to-repl-20210206.844.entry
4.0K -rw-r--r-- 1 root root 1.2K May 19 00:17 packages/helm-switch-to-repl-badge.svg
4.0K -rw-r--r-- 1 root root  467 May 19 00:17 packages/helm-switch-to-repl-readme.txt
4.0K -rw-r--r-- 1 root root  608 May 19 00:17 packages/helm-switch-to-repl.log
 72K -rw-r--r-- 1 root root  69K May 19 00:17 packages/helm-swoop-20210426.547.el
4.0K -rw-r--r-- 1 root root  499 May 19 00:17 packages/helm-swoop-20210426.547.entry
4.0K -rw-r--r-- 1 root root 1.2K May 19 00:17 packages/helm-swoop-badge.svg
4.0K -rw-r--r-- 1 root root 2.6K May 19 00:17 packages/helm-swoop-readme.txt
4.0K -rw-r--r-- 1 root root  540 May 19 00:17 packages/helm-swoop.log
4.0K -rw-r--r-- 1 root root  465 May 19 00:17 packages/helm-system-packages-20201114.1019.entry
132K -rw-r--r-- 1 root root 130K May 19 00:17 packages/helm-system-packages-20201114.1019.tar
4.0K -rw-r--r-- 1 root root 1.2K May 19 00:17 packages/helm-system-packages-badge.svg
4.0K -rw-r--r-- 1 root root   45 May 19 00:17 packages/helm-system-packages-readme.txt
4.0K -rw-r--r-- 1 root root 2.0K May 19 00:17 packages/helm-system-packages.log
 16K -rw-r--r-- 1 root root  14K May 19 00:17 packages/helm-systemd-20210105.542.el
4.0K -rw-r--r-- 1 root root  345 May 19 00:17 packages/helm-systemd-20210105.542.entry
4.0K -rw-r--r-- 1 root root 1.2K May 19 00:17 packages/helm-systemd-badge.svg
   0 -rw-r--r-- 1 root root    0 May 19 00:17 packages/helm-systemd-readme.txt
4.0K -rw-r--r-- 1 root root  609 May 19 00:17 packages/helm-systemd.log
8.0K -rw-r--r-- 1 root root 4.1K May 19 00:17 packages/helm-tail-20181124.439.el
4.0K -rw-r--r-- 1 root root  433 May 19 00:17 packages/helm-tail-20181124.439.entry
4.0K -rw-r--r-- 1 root root 1.2K May 19 00:17 packages/helm-tail-badge.svg
4.0K -rw-r--r-- 1 root root  115 May 19 00:17 packages/helm-tail-readme.txt
4.0K -rw-r--r-- 1 root root  524 May 19 00:17 packages/helm-tail.log
 12K -rw-r--r-- 1 root root 9.1K May 19 00:17 packages/helm-taskswitch-20190304.1414.el
4.0K -rw-r--r-- 1 root root  411 May 19 00:17 packages/helm-taskswitch-20190304.1414.entry
4.0K -rw-r--r-- 1 root root 1.2K May 19 00:17 packages/helm-taskswitch-badge.svg
4.0K -rw-r--r-- 1 root root 1.5K May 19 00:17 packages/helm-taskswitch-readme.txt
4.0K -rw-r--r-- 1 root root  573 May 19 00:17 packages/helm-taskswitch.log
4.0K -rw-r--r-- 1 root root 2.8K May 19 00:17 packages/helm-themes-20200323.712.el
4.0K -rw-r--r-- 1 root root  399 May 19 00:17 packages/helm-themes-20200323.712.entry
4.0K -rw-r--r-- 1 root root 1.2K May 19 00:17 packages/helm-themes-badge.svg
4.0K -rw-r--r-- 1 root root  107 May 19 00:17 packages/helm-themes-readme.txt
4.0K -rw-r--r-- 1 root root  548 May 19 00:17 packages/helm-themes.log
 12K -rw-r--r-- 1 root root 8.3K May 19 00:17 packages/helm-tramp-20190616.125.el
4.0K -rw-r--r-- 1 root root  371 May 19 00:17 packages/helm-tramp-20190616.125.entry
4.0K -rw-r--r-- 1 root root 1.2K May 19 00:17 packages/helm-tramp-badge.svg
4.0K -rw-r--r-- 1 root root  247 May 19 00:17 packages/helm-tramp-readme.txt
4.0K -rw-r--r-- 1 root root  539 May 19 00:17 packages/helm-tramp.log
4.0K -rw-r--r-- 1 root root 2.7K May 19 00:17 packages/helm-unicode-20180608.1407.el
4.0K -rw-r--r-- 1 root root  209 May 19 00:17 packages/helm-unicode-20180608.1407.entry
4.0K -rw-r--r-- 1 root root 1.2K May 19 00:17 packages/helm-unicode-badge.svg
4.0K -rw-r--r-- 1 root root   63 May 19 00:17 packages/helm-unicode-readme.txt
4.0K -rw-r--r-- 1 root root  550 May 19 00:17 packages/helm-unicode.log
4.0K -rw-r--r-- 1 root root  439 May 19 00:17 packages/helm-w32-launcher-20141223.2014.entry
 32K -rw-r--r-- 1 root root  30K May 19 00:17 packages/helm-w32-launcher-20141223.2014.tar
4.0K -rw-r--r-- 1 root root 1.2K May 19 00:17 packages/helm-w32-launcher-badge.svg
4.0K -rw-r--r-- 1 root root  335 May 19 00:17 packages/helm-w32-launcher-readme.txt
4.0K -rw-r--r-- 1 root root 1.5K May 19 00:17 packages/helm-w32-launcher.log
8.0K -rw-r--r-- 1 root root 6.3K May 19 00:17 packages/helm-w3m-20210315.723.el
4.0K -rw-r--r-- 1 root root  238 May 19 00:17 packages/helm-w3m-20210315.723.entry
4.0K -rw-r--r-- 1 root root 1.2K May 19 00:17 packages/helm-w3m-badge.svg
4.0K -rw-r--r-- 1 root root  445 May 19 00:17 packages/helm-w3m.log
8.0K -rw-r--r-- 1 root root 6.8K May 19 00:17 packages/helm-wikipedia-20200630.504.el
4.0K -rw-r--r-- 1 root root  239 May 19 00:17 packages/helm-wikipedia-20200630.504.entry
4.0K -rw-r--r-- 1 root root 1.2K May 19 00:17 packages/helm-wikipedia-badge.svg
4.0K -rw-r--r-- 1 root root   41 May 19 00:17 packages/helm-wikipedia-readme.txt
4.0K -rw-r--r-- 1 root root  568 May 19 00:17 packages/helm-wikipedia.log
8.0K -rw-r--r-- 1 root root 4.7K May 19 00:17 packages/helm-wordnet-20160128.1507.el
4.0K -rw-r--r-- 1 root root  475 May 19 00:17 packages/helm-wordnet-20160128.1507.entry
4.0K -rw-r--r-- 1 root root 1.2K May 19 00:17 packages/helm-wordnet-badge.svg
4.0K -rw-r--r-- 1 root root  225 May 19 00:17 packages/helm-wordnet-readme.txt
4.0K -rw-r--r-- 1 root root  556 May 19 00:17 packages/helm-wordnet.log
8.0K -rw-r--r-- 1 root root 7.7K May 19 00:17 packages/helm-xcdoc-20160116.1018.el
4.0K -rw-r--r-- 1 root root  437 May 19 00:17 packages/helm-xcdoc-20160116.1018.entry
4.0K -rw-r--r-- 1 root root 1.2K May 19 00:17 packages/helm-xcdoc-badge.svg
4.0K -rw-r--r-- 1 root root  614 May 19 00:17 packages/helm-xcdoc-readme.txt
4.0K -rw-r--r-- 1 root root  546 May 19 00:17 packages/helm-xcdoc.log
8.0K -rw-r--r-- 1 root root 6.6K May 19 00:17 packages/helm-xref-20201004.1817.el
4.0K -rw-r--r-- 1 root root  392 May 19 00:17 packages/helm-xref-20201004.1817.entry
4.0K -rw-r--r-- 1 root root 1.2K May 19 00:17 packages/helm-xref-badge.svg
4.0K -rw-r--r-- 1 root root  452 May 19 00:17 packages/helm-xref.log
4.0K -rw-r--r-- 1 root root 3.8K May 19 00:17 packages/helm-youtube-20190101.1733.el
4.0K -rw-r--r-- 1 root root  470 May 19 00:17 packages/helm-youtube-20190101.1733.entry
4.0K -rw-r--r-- 1 root root 1.2K May 19 00:17 packages/helm-youtube-badge.svg
4.0K -rw-r--r-- 1 root root 1.1K May 19 00:17 packages/helm-youtube-readme.txt
4.0K -rw-r--r-- 1 root root  556 May 19 00:17 packages/helm-youtube.log
4.0K -rw-r--r-- 1 root root 1.9K May 19 00:17 packages/helm-z-20171204.325.el
4.0K -rw-r--r-- 1 root root  308 May 19 00:17 packages/helm-z-20171204.325.entry
4.0K -rw-r--r-- 1 root root 1.2K May 19 00:17 packages/helm-z-badge.svg
4.0K -rw-r--r-- 1 root root   46 May 19 00:17 packages/helm-z-readme.txt
4.0K -rw-r--r-- 1 root root  500 May 19 00:17 packages/helm-z.log
4.0K -rw-r--r-- 1 root root 3.8K May 19 00:17 packages/helm-zhihu-daily-20160625.1145.el
4.0K -rw-r--r-- 1 root root  451 May 19 00:17 packages/helm-zhihu-daily-20160625.1145.entry
4.0K -rw-r--r-- 1 root root 1.2K May 19 00:17 packages/helm-zhihu-daily-badge.svg
4.0K -rw-r--r-- 1 root root  293 May 19 00:17 packages/helm-zhihu-daily-readme.txt
4.0K -rw-r--r-- 1 root root  586 May 19 00:17 packages/helm-zhihu-daily.log
