Package: helm-core
Fetcher: github
Source:  https://github.com/emacs-helm/helm.git

Updating /mnt/store/melpa/working/helm-core/
Copying files (->) and directories (=>)
  from /mnt/store/melpa/working/helm-core/
  to /tmp/helm-coreMDnEYh/helm-core-20210518.1154
    helm-core-pkg.el -> helm-core-pkg.el
    helm.el -> helm.el
    helm-lib.el -> helm-lib.el
    helm-source.el -> helm-source.el
    helm-multi-match.el -> helm-multi-match.el
Created helm-core-20210518.1154.tar containing:
  helm-core-20210518.1154/
  helm-core-20210518.1154/helm-core-pkg.el
  helm-core-20210518.1154/helm-lib.el
  helm-core-20210518.1154/helm-multi-match.el
  helm-core-20210518.1154/helm-source.el
  helm-core-20210518.1154/helm.el
Built helm-core in 5.301s, finished at Wed May 19 03:29:24 2021
 ✓ Success:
4.0K -rw-r--r-- 1 root root  194 May 19 03:29 packages/helm-core-20210518.1154.entry
452K -rw-r--r-- 1 root root 450K May 19 03:29 packages/helm-core-20210518.1154.tar
4.0K -rw-r--r-- 1 root root 1.2K May 19 03:29 packages/helm-core-badge.svg
