Package: helm-chrome
Fetcher: github
Source:  https://github.com/kawabata/helm-chrome.git

Updating /mnt/store/melpa/working/helm-chrome/
Checking out origin/HEAD
Checking out fd630ace4b4b4f33355a973743bbfe0c90ce4830
Built helm-chrome in 4.622s, finished at 2021-08-17T09:52:59+0000
 ✓ Success:
8.0K -rw-r--r-- 1 root root 4.9K Aug 17 09:52 packages/helm-chrome-20160719.520.el
4.0K -rw-r--r-- 1 root root  459 Aug 17 09:52 packages/helm-chrome-20160719.520.entry
4.0K -rw-r--r-- 1 root root 1.2K Aug 17 09:52 packages/helm-chrome-badge.svg
4.0K -rw-r--r-- 1 root root  375 Aug 17 06:22 packages/helm-chrome-control-20190707.1807.entry
 20K -rw-r--r-- 1 root root  20K Aug 17 06:22 packages/helm-chrome-control-20190707.1807.tar
4.0K -rw-r--r-- 1 root root 1.2K Aug 17 06:22 packages/helm-chrome-control-badge.svg
4.0K -rw-r--r-- 1 root root   31 Aug 17 06:22 packages/helm-chrome-control-readme.txt
4.0K -rw-r--r-- 1 root root  189 Aug 17 09:52 packages/helm-chrome-control.log
8.0K -rw-r--r-- 1 root root 5.4K Aug 17 06:22 packages/helm-chrome-history-20191031.1233.el
4.0K -rw-r--r-- 1 root root  442 Aug 17 06:22 packages/helm-chrome-history-20191031.1233.entry
4.0K -rw-r--r-- 1 root root 1.2K Aug 17 06:22 packages/helm-chrome-history-badge.svg
4.0K -rw-r--r-- 1 root root   33 Aug 17 06:22 packages/helm-chrome-history-readme.txt
4.0K -rw-r--r-- 1 root root  164 Aug 17 09:52 packages/helm-chrome-history.log
4.0K -rw-r--r-- 1 root root  580 Aug 17 09:52 packages/helm-chrome-readme.txt
