Package: helm-system-packages
Fetcher: github
Source:  https://github.com/emacs-helm/helm-system-packages.git

Updating /mnt/store/melpa/working/helm-system-packages/
Copying files (->) and directories (=>)
  from /mnt/store/melpa/working/helm-system-packages/
  to /tmp/helm-system-packages6BFOF0/helm-system-packages-20201114.1019
    helm-system-packages-brew.el -> helm-system-packages-brew.el
    helm-system-packages-dnf.el -> helm-system-packages-dnf.el
    helm-system-packages-dpkg.el -> helm-system-packages-dpkg.el
    helm-system-packages-guix.el -> helm-system-packages-guix.el
    helm-system-packages-pacman.el -> helm-system-packages-pacman.el
    helm-system-packages-portage.el -> helm-system-packages-portage.el
    helm-system-packages-xbps.el -> helm-system-packages-xbps.el
    helm-system-packages.el -> helm-system-packages.el
Created helm-system-packages-20201114.1019.tar containing:
  helm-system-packages-20201114.1019/
  helm-system-packages-20201114.1019/helm-system-packages-brew.el
  helm-system-packages-20201114.1019/helm-system-packages-dnf.el
  helm-system-packages-20201114.1019/helm-system-packages-dpkg.el
  helm-system-packages-20201114.1019/helm-system-packages-guix.el
  helm-system-packages-20201114.1019/helm-system-packages-pacman.el
  helm-system-packages-20201114.1019/helm-system-packages-pkg.el
  helm-system-packages-20201114.1019/helm-system-packages-portage.el
  helm-system-packages-20201114.1019/helm-system-packages-xbps.el
  helm-system-packages-20201114.1019/helm-system-packages.el
Built helm-system-packages in 3.960s, finished at Wed May 19 03:31:47 2021
 ✓ Success:
4.0K -rw-r--r-- 1 root root  465 May 19 03:31 packages/helm-system-packages-20201114.1019.entry
132K -rw-r--r-- 1 root root 130K May 19 03:31 packages/helm-system-packages-20201114.1019.tar
4.0K -rw-r--r-- 1 root root 1.2K May 19 03:31 packages/helm-system-packages-badge.svg
4.0K -rw-r--r-- 1 root root   45 May 19 03:31 packages/helm-system-packages-readme.txt
