Package: helm-pt
Fetcher: github
Source:  https://github.com/ralesi/helm-pt.git

Updating /mnt/store/melpa/working/helm-pt/
Checking out origin/HEAD
Checking out 8acc52911dad1ed0c3975f134a468762afe0b76b
Copying files (->) and directories (=>)
  from /mnt/store/melpa/working/helm-pt/
  to /tmp/helm-ptUDpqxZ/helm-pt-20160214.2342
    helm-pt-pkg.el -> helm-pt-pkg.el
    helm-pt.el -> helm-pt.el
Created helm-pt-20160214.2342.tar containing:
  helm-pt-20160214.2342/
  helm-pt-20160214.2342/helm-pt-pkg.el
  helm-pt-20160214.2342/helm-pt.el
Built helm-pt in 4.309s, finished at 2021-08-17T09:55:07+0000
 ✓ Success:
4.0K -rw-r--r-- 1 root root  281 Aug 17 09:55 packages/helm-pt-20160214.2342.entry
 20K -rw-r--r-- 1 root root  20K Aug 17 09:55 packages/helm-pt-20160214.2342.tar
4.0K -rw-r--r-- 1 root root 1.2K Aug 17 09:55 packages/helm-pt-badge.svg
4.0K -rw-r--r-- 1 root root  203 Aug 17 09:55 packages/helm-pt-readme.txt
