Package: helm-selector
Fetcher: github
Source:  https://github.com/emacs-helm/helm-selector.git

Updating /mnt/store/melpa/working/helm-selector/
Copying files (->) and directories (=>)
  from /mnt/store/melpa/working/helm-selector/
  to /tmp/helm-selectorpvqwge/helm-selector-20210125.857
    helm-selector-cider.el -> helm-selector-cider.el
    helm-selector-elfeed.el -> helm-selector-elfeed.el
    helm-selector-eww.el -> helm-selector-eww.el
    helm-selector-geiser.el -> helm-selector-geiser.el
    helm-selector-info.el -> helm-selector-info.el
    helm-selector-magit.el -> helm-selector-magit.el
    helm-selector-mu4e.el -> helm-selector-mu4e.el
    helm-selector-notmuch.el -> helm-selector-notmuch.el
    helm-selector-org.el -> helm-selector-org.el
    helm-selector-shell.el -> helm-selector-shell.el
    helm-selector-slime.el -> helm-selector-slime.el
    helm-selector-sly.el -> helm-selector-sly.el
    helm-selector.el -> helm-selector.el
Created helm-selector-20210125.857.tar containing:
  helm-selector-20210125.857/
  helm-selector-20210125.857/helm-selector-cider.el
  helm-selector-20210125.857/helm-selector-elfeed.el
  helm-selector-20210125.857/helm-selector-eww.el
  helm-selector-20210125.857/helm-selector-geiser.el
  helm-selector-20210125.857/helm-selector-info.el
  helm-selector-20210125.857/helm-selector-magit.el
  helm-selector-20210125.857/helm-selector-mu4e.el
  helm-selector-20210125.857/helm-selector-notmuch.el
  helm-selector-20210125.857/helm-selector-org.el
  helm-selector-20210125.857/helm-selector-pkg.el
  helm-selector-20210125.857/helm-selector-shell.el
  helm-selector-20210125.857/helm-selector-slime.el
  helm-selector-20210125.857/helm-selector-sly.el
  helm-selector-20210125.857/helm-selector.el
Built helm-selector in 4.339s, finished at Wed May 19 03:31:36 2021
 ✓ Success:
4.0K -rw-r--r-- 1 root root  349 May 19 03:31 packages/helm-selector-20210125.857.entry
 52K -rw-r--r-- 1 root root  50K May 19 03:31 packages/helm-selector-20210125.857.tar
4.0K -rw-r--r-- 1 root root 1.2K May 19 03:31 packages/helm-selector-badge.svg
4.0K -rw-r--r-- 1 root root 1019 May 19 03:31 packages/helm-selector-readme.txt
