Package: helm-ext
Fetcher: github
Source:  https://github.com/cute-jumper/helm-ext.git

Updating /mnt/store/melpa/working/helm-ext/
Copying files (->) and directories (=>)
  from /mnt/store/melpa/working/helm-ext/
  to /tmp/helm-extgQl4NB/helm-ext-20200722.107
    helm-ext-ff.el -> helm-ext-ff.el
    helm-ext-minibuffer.el -> helm-ext-minibuffer.el
    helm-ext.el -> helm-ext.el
Created helm-ext-20200722.107.tar containing:
  helm-ext-20200722.107/
  helm-ext-20200722.107/helm-ext-ff.el
  helm-ext-20200722.107/helm-ext-minibuffer.el
  helm-ext-20200722.107/helm-ext-pkg.el
  helm-ext-20200722.107/helm-ext.el
Built helm-ext in 3.998s, finished at Wed May 19 03:29:40 2021
 ✓ Success:
4.0K -rw-r--r-- 1 root root  331 May 19 03:29 packages/helm-ext-20200722.107.entry
 40K -rw-r--r-- 1 root root  40K May 19 03:29 packages/helm-ext-20200722.107.tar
4.0K -rw-r--r-- 1 root root 1.2K May 19 03:29 packages/helm-ext-badge.svg
4.0K -rw-r--r-- 1 root root 3.9K May 19 03:29 packages/helm-ext-readme.txt
