Package: helm-proc
Fetcher: github
Source:  https://github.com/markus1189/helm-proc.git

Updating /mnt/store/melpa/working/helm-proc/
Checking out origin/HEAD
Checking out 576d31c2d74ba3897d56e2acd2b0993f52c2547c
Copying files (->) and directories (=>)
  from /mnt/store/melpa/working/helm-proc/
  to /tmp/helm-procKPxFIJ/helm-proc-20161006.305
    helm-proc-pkg.el -> helm-proc-pkg.el
    helm-proc.el -> helm-proc.el
Created helm-proc-20161006.305.tar containing:
  helm-proc-20161006.305/
  helm-proc-20161006.305/helm-proc-pkg.el
  helm-proc-20161006.305/helm-proc.el
Built helm-proc in 5.427s, finished at 2021-08-17T09:55:04+0000
 ✓ Success:
4.0K -rw-r--r-- 1 root root  333 Aug 17 09:55 packages/helm-proc-20161006.305.entry
 20K -rw-r--r-- 1 root root  20K Aug 17 09:55 packages/helm-proc-20161006.305.tar
4.0K -rw-r--r-- 1 root root 1.2K Aug 17 09:55 packages/helm-proc-badge.svg
4.0K -rw-r--r-- 1 root root  517 Aug 17 09:55 packages/helm-proc-readme.txt
