Package: helm-img
Fetcher: github
Source:  https://github.com/l3msh0/helm-img.git

Updating /mnt/store/melpa/working/helm-img/
Copying files (->) and directories (=>)
  from /mnt/store/melpa/working/helm-img/
  to /tmp/helm-imgXqG9J8/helm-img-20151224.2321
    helm-img-bing.el -> helm-img-bing.el
    helm-img-dir.el -> helm-img-dir.el
    helm-img.el -> helm-img.el
Created helm-img-20151224.2321.tar containing:
  helm-img-20151224.2321/
  helm-img-20151224.2321/helm-img-bing.el
  helm-img-20151224.2321/helm-img-dir.el
  helm-img-20151224.2321/helm-img-pkg.el
  helm-img-20151224.2321/helm-img.el
Built helm-img in 9.481s, finished at Wed May 19 03:30:19 2021
 ✓ Success:
4.0K -rw-r--r-- 1 root root  375 May 19 03:30 packages/helm-img-20151224.2321.entry
 20K -rw-r--r-- 1 root root  20K May 19 03:30 packages/helm-img-20151224.2321.tar
4.0K -rw-r--r-- 1 root root 1.2K May 19 03:30 packages/helm-img-badge.svg
4.0K -rw-r--r-- 1 root root  122 May 19 03:30 packages/helm-img-readme.txt
4.0K -rw-r--r-- 1 root root 2.4K May 19 00:16 packages/helm-img-tiqav-20151224.2322.el
4.0K -rw-r--r-- 1 root root  334 May 19 00:16 packages/helm-img-tiqav-20151224.2322.entry
4.0K -rw-r--r-- 1 root root 1.2K May 19 00:16 packages/helm-img-tiqav-badge.svg
4.0K -rw-r--r-- 1 root root  145 May 19 03:30 packages/helm-img-tiqav.log
