Package: hemisu-theme
Fetcher: github
Source:  https://github.com/andrzejsliwa/hemisu-theme.git

Updating /mnt/store/melpa/working/hemisu-theme/
Copying files (->) and directories (=>)
  from /mnt/store/melpa/working/hemisu-theme/
  to /tmp/hemisu-themeTQ1Yca/hemisu-theme-20130508.1844
    hemisu-dark-theme.el -> hemisu-dark-theme.el
    hemisu-light-theme.el -> hemisu-light-theme.el
    hemisu-theme.el -> hemisu-theme.el
Created hemisu-theme-20130508.1844.tar containing:
  hemisu-theme-20130508.1844/
  hemisu-theme-20130508.1844/hemisu-dark-theme.el
  hemisu-theme-20130508.1844/hemisu-light-theme.el
  hemisu-theme-20130508.1844/hemisu-theme-pkg.el
  hemisu-theme-20130508.1844/hemisu-theme.el
Built hemisu-theme in 6.802s, finished at Wed May 19 03:32:09 2021
 ✓ Success:
4.0K -rw-r--r-- 1 root root  261 May 19 03:32 packages/hemisu-theme-20130508.1844.entry
 20K -rw-r--r-- 1 root root  20K May 19 03:32 packages/hemisu-theme-20130508.1844.tar
4.0K -rw-r--r-- 1 root root 1.2K May 19 03:32 packages/hemisu-theme-badge.svg
4.0K -rw-r--r-- 1 root root  375 May 19 03:32 packages/hemisu-theme-readme.txt
