Package: highlight
Fetcher: github
Source:  https://github.com/emacsmirror/highlight.git

Updating /mnt/store/melpa/working/highlight/
Built highlight in 3.869s, finished at Wed May 19 03:32:19 2021
 ✓ Success:
172K -rw-r--r-- 1 root root 170K May 19 03:32 packages/highlight-20190710.1527.el
4.0K -rw-r--r-- 1 root root  379 May 19 03:32 packages/highlight-20190710.1527.entry
4.0K -rw-r--r-- 1 root root 1.2K May 19 03:32 packages/highlight-badge.svg
 12K -rw-r--r-- 1 root root  12K May 19 00:17 packages/highlight-blocks-20190318.1557.el
4.0K -rw-r--r-- 1 root root  367 May 19 00:17 packages/highlight-blocks-20190318.1557.entry
4.0K -rw-r--r-- 1 root root 1.2K May 19 00:17 packages/highlight-blocks-badge.svg
4.0K -rw-r--r-- 1 root root  244 May 19 00:17 packages/highlight-blocks-readme.txt
4.0K -rw-r--r-- 1 root root  151 May 19 03:32 packages/highlight-blocks.log
8.0K -rw-r--r-- 1 root root 5.3K May 19 00:17 packages/highlight-context-line-20181122.2203.el
4.0K -rw-r--r-- 1 root root  396 May 19 00:17 packages/highlight-context-line-20181122.2203.entry
4.0K -rw-r--r-- 1 root root 1.2K May 19 00:17 packages/highlight-context-line-badge.svg
4.0K -rw-r--r-- 1 root root  766 May 19 00:17 packages/highlight-context-line-readme.txt
4.0K -rw-r--r-- 1 root root  170 May 19 03:32 packages/highlight-context-line.log
8.0K -rw-r--r-- 1 root root 7.0K May 19 00:17 packages/highlight-defined-20210411.222.el
4.0K -rw-r--r-- 1 root root  387 May 19 00:17 packages/highlight-defined-20210411.222.entry
4.0K -rw-r--r-- 1 root root 1.2K May 19 00:17 packages/highlight-defined-badge.svg
4.0K -rw-r--r-- 1 root root  211 May 19 00:17 packages/highlight-defined-readme.txt
4.0K -rw-r--r-- 1 root root  154 May 19 03:32 packages/highlight-defined.log
 56K -rw-r--r-- 1 root root  56K May 19 00:17 packages/highlight-doxygen-20200520.1713.el
4.0K -rw-r--r-- 1 root root  333 May 19 00:17 packages/highlight-doxygen-20200520.1713.entry
4.0K -rw-r--r-- 1 root root 1.2K May 19 00:17 packages/highlight-doxygen-badge.svg
4.0K -rw-r--r-- 1 root root 2.1K May 19 00:17 packages/highlight-doxygen-readme.txt
4.0K -rw-r--r-- 1 root root  159 May 19 03:32 packages/highlight-doxygen.log
 12K -rw-r--r-- 1 root root 8.9K May 19 00:17 packages/highlight-escape-sequences-20201214.1730.el
4.0K -rw-r--r-- 1 root root  457 May 19 00:17 packages/highlight-escape-sequences-20201214.1730.entry
4.0K -rw-r--r-- 1 root root 1.2K May 19 00:17 packages/highlight-escape-sequences-badge.svg
4.0K -rw-r--r-- 1 root root  595 May 19 00:17 packages/highlight-escape-sequences-readme.txt
   0 -rw-r--r-- 1 root root    0 May 19 03:32 packages/highlight-escape-sequences.log
8.0K -rw-r--r-- 1 root root 6.4K May 19 00:17 packages/highlight-function-calls-20170908.500.el
4.0K -rw-r--r-- 1 root root  427 May 19 00:17 packages/highlight-function-calls-20170908.500.entry
4.0K -rw-r--r-- 1 root root 1.2K May 19 00:17 packages/highlight-function-calls-badge.svg
4.0K -rw-r--r-- 1 root root  552 May 19 00:17 packages/highlight-function-calls-readme.txt
   0 -rw-r--r-- 1 root root    0 May 19 03:32 packages/highlight-function-calls.log
 52K -rw-r--r-- 1 root root  50K May 19 00:17 packages/highlight-indent-guides-20200820.2328.el
4.0K -rw-r--r-- 1 root root  397 May 19 00:17 packages/highlight-indent-guides-20200820.2328.entry
4.0K -rw-r--r-- 1 root root 1.2K May 19 00:17 packages/highlight-indent-guides-badge.svg
4.0K -rw-r--r-- 1 root root 1.6K May 19 00:17 packages/highlight-indent-guides-readme.txt
4.0K -rw-r--r-- 1 root root  643 May 19 00:17 packages/highlight-indent-guides.log
 16K -rw-r--r-- 1 root root  14K May 19 00:17 packages/highlight-indentation-20210221.1418.el
4.0K -rw-r--r-- 1 root root  379 May 19 00:17 packages/highlight-indentation-20210221.1418.entry
4.0K -rw-r--r-- 1 root root 1.2K May 19 00:17 packages/highlight-indentation-badge.svg
4.0K -rw-r--r-- 1 root root  108 May 19 00:17 packages/highlight-indentation-readme.txt
4.0K -rw-r--r-- 1 root root  632 May 19 00:17 packages/highlight-indentation.log
8.0K -rw-r--r-- 1 root root 6.3K May 19 00:17 packages/highlight-leading-spaces-20151216.1222.el
4.0K -rw-r--r-- 1 root root  383 May 19 00:17 packages/highlight-leading-spaces-20151216.1222.entry
4.0K -rw-r--r-- 1 root root 1.2K May 19 00:17 packages/highlight-leading-spaces-badge.svg
4.0K -rw-r--r-- 1 root root 1.1K May 19 00:17 packages/highlight-leading-spaces-readme.txt
4.0K -rw-r--r-- 1 root root  647 May 19 00:17 packages/highlight-leading-spaces.log
 12K -rw-r--r-- 1 root root  12K May 19 00:17 packages/highlight-numbers-20181013.1744.el
4.0K -rw-r--r-- 1 root root  413 May 19 00:17 packages/highlight-numbers-20181013.1744.entry
4.0K -rw-r--r-- 1 root root 1.2K May 19 00:17 packages/highlight-numbers-badge.svg
4.0K -rw-r--r-- 1 root root  306 May 19 00:17 packages/highlight-numbers-readme.txt
4.0K -rw-r--r-- 1 root root  590 May 19 00:17 packages/highlight-numbers.log
4.0K -rw-r--r-- 1 root root 2.8K May 19 00:17 packages/highlight-operators-20170213.2220.el
4.0K -rw-r--r-- 1 root root  303 May 19 00:17 packages/highlight-operators-20170213.2220.entry
4.0K -rw-r--r-- 1 root root 1.2K May 19 00:17 packages/highlight-operators-badge.svg
4.0K -rw-r--r-- 1 root root  419 May 19 00:17 packages/highlight-operators-readme.txt
4.0K -rw-r--r-- 1 root root  607 May 19 00:17 packages/highlight-operators.log
 12K -rw-r--r-- 1 root root  12K May 19 00:17 packages/highlight-parentheses-20210420.1924.el
4.0K -rw-r--r-- 1 root root  392 May 19 00:17 packages/highlight-parentheses-20210420.1924.entry
4.0K -rw-r--r-- 1 root root 1.2K May 19 00:17 packages/highlight-parentheses-badge.svg
4.0K -rw-r--r-- 1 root root  765 May 19 00:17 packages/highlight-parentheses-readme.txt
4.0K -rw-r--r-- 1 root root  616 May 19 00:17 packages/highlight-parentheses.log
8.0K -rw-r--r-- 1 root root 4.2K May 19 00:17 packages/highlight-quoted-20140916.1822.el
4.0K -rw-r--r-- 1 root root  375 May 19 00:17 packages/highlight-quoted-20140916.1822.entry
4.0K -rw-r--r-- 1 root root 1.2K May 19 00:17 packages/highlight-quoted-badge.svg
4.0K -rw-r--r-- 1 root root   64 May 19 00:17 packages/highlight-quoted-readme.txt
4.0K -rw-r--r-- 1 root root  582 May 19 00:17 packages/highlight-quoted.log
 32K -rw-r--r-- 1 root root  32K May 19 03:32 packages/highlight-readme.txt
 12K -rw-r--r-- 1 root root  12K May 19 00:17 packages/highlight-refontification-20170211.2024.el
4.0K -rw-r--r-- 1 root root  375 May 19 00:17 packages/highlight-refontification-20170211.2024.entry
4.0K -rw-r--r-- 1 root root 1.2K May 19 00:17 packages/highlight-refontification-badge.svg
8.0K -rw-r--r-- 1 root root 4.8K May 19 00:17 packages/highlight-refontification-readme.txt
4.0K -rw-r--r-- 1 root root  659 May 19 00:17 packages/highlight-refontification.log
 12K -rw-r--r-- 1 root root  12K May 19 00:17 packages/highlight-stages-20210306.418.el
4.0K -rw-r--r-- 1 root root  274 May 19 00:17 packages/highlight-stages-20210306.418.entry
4.0K -rw-r--r-- 1 root root 1.2K May 19 00:17 packages/highlight-stages-badge.svg
4.0K -rw-r--r-- 1 root root  171 May 19 00:17 packages/highlight-stages-readme.txt
4.0K -rw-r--r-- 1 root root  580 May 19 00:17 packages/highlight-stages.log
 20K -rw-r--r-- 1 root root  18K May 19 00:17 packages/highlight-symbol-20160102.2009.el
4.0K -rw-r--r-- 1 root root  389 May 19 00:17 packages/highlight-symbol-20160102.2009.entry
4.0K -rw-r--r-- 1 root root 1.2K May 19 00:17 packages/highlight-symbol-badge.svg
4.0K -rw-r--r-- 1 root root  921 May 19 00:17 packages/highlight-symbol-readme.txt
4.0K -rw-r--r-- 1 root root  585 May 19 00:17 packages/highlight-symbol.log
 12K -rw-r--r-- 1 root root  11K May 19 00:17 packages/highlight-thing-20181229.1301.el
4.0K -rw-r--r-- 1 root root  408 May 19 00:17 packages/highlight-thing-20181229.1301.entry
4.0K -rw-r--r-- 1 root root 1.2K May 19 00:17 packages/highlight-thing-badge.svg
4.0K -rw-r--r-- 1 root root  305 May 19 00:17 packages/highlight-thing-readme.txt
4.0K -rw-r--r-- 1 root root  578 May 19 00:17 packages/highlight-thing.log
8.0K -rw-r--r-- 1 root root 5.9K May 19 00:17 packages/highlight-unique-symbol-20130612.542.el
4.0K -rw-r--r-- 1 root root  406 May 19 00:17 packages/highlight-unique-symbol-20130612.542.entry
4.0K -rw-r--r-- 1 root root 1.2K May 19 00:17 packages/highlight-unique-symbol-badge.svg
4.0K -rw-r--r-- 1 root root  369 May 19 00:17 packages/highlight-unique-symbol-readme.txt
4.0K -rw-r--r-- 1 root root  645 May 19 00:17 packages/highlight-unique-symbol.log
