Package: hledger-mode
Fetcher: github
Source:  https://github.com/narendraj9/hledger-mode.git

Updating /mnt/store/melpa/working/hledger-mode/
Note: hledger-mode :files spec is equivalent to the default.
Copying files (->) and directories (=>)
  from /mnt/store/melpa/working/hledger-mode/
  to /tmp/hledger-modeF91221/hledger-mode-20201212.2121
    hledger-core.el -> hledger-core.el
    hledger-defuns.el -> hledger-defuns.el
    hledger-input.el -> hledger-input.el
    hledger-mail.el -> hledger-mail.el
    hledger-mode.el -> hledger-mode.el
    hledger-navigate.el -> hledger-navigate.el
    hledger-reports.el -> hledger-reports.el
    hledger-suggest.el -> hledger-suggest.el
    hledger-webservice.el -> hledger-webservice.el
Created hledger-mode-20201212.2121.tar containing:
  hledger-mode-20201212.2121/
  hledger-mode-20201212.2121/hledger-core.el
  hledger-mode-20201212.2121/hledger-defuns.el
  hledger-mode-20201212.2121/hledger-input.el
  hledger-mode-20201212.2121/hledger-mail.el
  hledger-mode-20201212.2121/hledger-mode-pkg.el
  hledger-mode-20201212.2121/hledger-mode.el
  hledger-mode-20201212.2121/hledger-navigate.el
  hledger-mode-20201212.2121/hledger-reports.el
  hledger-mode-20201212.2121/hledger-suggest.el
  hledger-mode-20201212.2121/hledger-webservice.el
Built hledger-mode in 4.364s, finished at Wed May 19 03:32:51 2021
 ✓ Success:
4.0K -rw-r--r-- 1 root root  458 May 19 03:32 packages/hledger-mode-20201212.2121.entry
120K -rw-r--r-- 1 root root 120K May 19 03:32 packages/hledger-mode-20201212.2121.tar
4.0K -rw-r--r-- 1 root root 1.2K May 19 03:32 packages/hledger-mode-badge.svg
4.0K -rw-r--r-- 1 root root  436 May 19 03:32 packages/hledger-mode-readme.txt
