Package: humanoid-themes
Fetcher: github
Source:  https://github.com/humanoid-colors/emacs-humanoid-themes.git

Updating /mnt/store/melpa/working/humanoid-themes/
Copying files (->) and directories (=>)
  from /mnt/store/melpa/working/humanoid-themes/
  to /tmp/humanoid-themes9UYBg7/humanoid-themes-20210514.1657
    humanoid-dark-theme.el -> humanoid-dark-theme.el
    humanoid-light-theme.el -> humanoid-light-theme.el
    humanoid-themes.el -> humanoid-themes.el
Created humanoid-themes-20210514.1657.tar containing:
  humanoid-themes-20210514.1657/
  humanoid-themes-20210514.1657/humanoid-dark-theme.el
  humanoid-themes-20210514.1657/humanoid-light-theme.el
  humanoid-themes-20210514.1657/humanoid-themes-pkg.el
  humanoid-themes-20210514.1657/humanoid-themes.el
Built humanoid-themes in 4.301s, finished at Wed May 19 03:33:20 2021
 ✓ Success:
4.0K -rw-r--r-- 1 root root  371 May 19 03:33 packages/humanoid-themes-20210514.1657.entry
100K -rw-r--r-- 1 root root 100K May 19 03:33 packages/humanoid-themes-20210514.1657.tar
4.0K -rw-r--r-- 1 root root 1.2K May 19 03:33 packages/humanoid-themes-badge.svg
4.0K -rw-r--r-- 1 root root  106 May 19 03:33 packages/humanoid-themes-readme.txt
