Package: hy-mode
Fetcher: github
Source:  https://github.com/hylang/hy-mode.git

Updating /mnt/store/melpa/working/hy-mode/
Checking out origin/HEAD
Checking out 5253533ddbd55f58168d00940352a82a66d38fec
Copying files (->) and directories (=>)
  from /mnt/store/melpa/working/hy-mode/
  to /tmp/hy-modeSABMYf/hy-mode-20201010.1351
    hy-base.el -> hy-base.el
    hy-font-lock.el -> hy-font-lock.el
    hy-jedhy.el -> hy-jedhy.el
    hy-mode.el -> hy-mode.el
    hy-shell.el -> hy-shell.el
Created hy-mode-20201010.1351.tar containing:
  hy-mode-20201010.1351/
  hy-mode-20201010.1351/hy-base.el
  hy-mode-20201010.1351/hy-font-lock.el
  hy-mode-20201010.1351/hy-jedhy.el
  hy-mode-20201010.1351/hy-mode-pkg.el
  hy-mode-20201010.1351/hy-mode.el
  hy-mode-20201010.1351/hy-shell.el
Built hy-mode in 4.382s, finished at 2021-08-17T09:57:14+0000
 ✓ Success:
4.0K -rw-r--r-- 1 root root  320 Aug 17 09:57 packages/hy-mode-20201010.1351.entry
 60K -rw-r--r-- 1 root root  60K Aug 17 09:57 packages/hy-mode-20201010.1351.tar
4.0K -rw-r--r-- 1 root root 1.2K Aug 17 09:57 packages/hy-mode-badge.svg
4.0K -rw-r--r-- 1 root root  576 Aug 17 09:57 packages/hy-mode-readme.txt
