Package: hyde
Fetcher: github
Source:  https://github.com/nibrahim/Hyde.git

Updating /mnt/store/melpa/working/hyde/
Checking out origin/HEAD
Checking out a8cd6ed00ecd8d7de0ded2f4867015b412b15b76
Copying files (->) and directories (=>)
  from /mnt/store/melpa/working/hyde/
  to /tmp/hydecBGkNb/hyde-20160508.308
    hyde-git.el -> hyde-git.el
    hyde-md.el -> hyde-md.el
    hyde.el -> hyde.el
    sample-dot-hyde.el -> sample-dot-hyde.el
Created hyde-20160508.308.tar containing:
  hyde-20160508.308/
  hyde-20160508.308/hyde-git.el
  hyde-20160508.308/hyde-md.el
  hyde-20160508.308/hyde-pkg.el
  hyde-20160508.308/hyde.el
  hyde-20160508.308/sample-dot-hyde.el
Built hyde in 4.288s, finished at 2021-08-17T09:57:15+0000
 ✓ Success:
4.0K -rw-r--r-- 1 root root  163 Aug 17 09:57 packages/hyde-20160508.308.entry
 32K -rw-r--r-- 1 root root  30K Aug 17 09:57 packages/hyde-20160508.308.tar
4.0K -rw-r--r-- 1 root root 1.2K Aug 17 09:57 packages/hyde-badge.svg
