Package: hydra
Fetcher: github
Source:  https://github.com/abo-abo/hydra.git

Updating /mnt/store/melpa/working/hydra/
Copying files (->) and directories (=>)
  from /mnt/store/melpa/working/hydra/
  to /tmp/hydraTeNjUM/hydra-20201115.1055
    hydra-examples.el -> hydra-examples.el
    hydra-ox.el -> hydra-ox.el
    hydra.el -> hydra.el
Created hydra-20201115.1055.tar containing:
  hydra-20201115.1055/
  hydra-20201115.1055/hydra-examples.el
  hydra-20201115.1055/hydra-ox.el
  hydra-20201115.1055/hydra-pkg.el
  hydra-20201115.1055/hydra.el
Built hydra in 4.481s, finished at Wed May 19 03:33:28 2021
 ✓ Success:
4.0K -rw-r--r-- 1 root root  349 May 19 03:33 packages/hydra-20201115.1055.entry
 92K -rw-r--r-- 1 root root  90K May 19 03:33 packages/hydra-20201115.1055.tar
4.0K -rw-r--r-- 1 root root 1.2K May 19 03:33 packages/hydra-badge.svg
4.0K -rw-r--r-- 1 root root 1.9K May 19 03:33 packages/hydra-readme.txt
