Package: i-ching
Fetcher: github
Source:  https://github.com/zzkt/i-ching.git

Updating /mnt/store/melpa/working/i-ching/
Checking out origin/HEAD
Checking out 51a3180ed07ae9f8b7ff3f2b822d998495864a07
Copying files (->) and directories (=>)
  from /mnt/store/melpa/working/i-ching/
  to /tmp/i-chingSutzuf/i-ching-20210222.1519
    i-ching.el -> i-ching.el
    i-ching.info -> i-ching.info
Created i-ching-20210222.1519.tar containing:
  i-ching-20210222.1519/
  i-ching-20210222.1519/dir
  i-ching-20210222.1519/i-ching-pkg.el
  i-ching-20210222.1519/i-ching.el
  i-ching-20210222.1519/i-ching.info
Built i-ching in 4.280s, finished at 2021-08-17T09:57:21+0000
 ✓ Success:
4.0K -rw-r--r-- 1 root root  387 Aug 17 09:57 packages/i-ching-20210222.1519.entry
 80K -rw-r--r-- 1 root root  80K Aug 17 09:57 packages/i-ching-20210222.1519.tar
4.0K -rw-r--r-- 1 root root 1.2K Aug 17 09:57 packages/i-ching-badge.svg
4.0K -rw-r--r-- 1 root root  485 Aug 17 09:57 packages/i-ching-readme.txt
