Package: ids-edit
Fetcher: github
Source:  https://github.com/kawabata/ids-edit.git

Updating /mnt/store/melpa/working/ids-edit/
Checking out origin/HEAD
Checking out 8562a6cbfb3f2d44bc6f62ab15081a80f8fee502
Copying files (->) and directories (=>)
  from /mnt/store/melpa/working/ids-edit/
  to /tmp/ids-editDhiyHu/ids-edit-20170818.1502
    ids-edit.el -> ids-edit.el
    ids-cdp.txt -> ids-cdp.txt
    ucs-strokes.txt -> ucs-strokes.txt
Created ids-edit-20170818.1502.tar containing:
  ids-edit-20170818.1502/
  ids-edit-20170818.1502/ids-cdp.txt
  ids-edit-20170818.1502/ids-edit-pkg.el
  ids-edit-20170818.1502/ids-edit.el
  ids-edit-20170818.1502/ucs-strokes.txt
Built ids-edit in 5.189s, finished at 2021-08-17T09:58:01+0000
 ✓ Success:
4.0K -rw-r--r-- 1 root root  408 Aug 17 09:58 packages/ids-edit-20170818.1502.entry
3.5M -rw-r--r-- 1 root root 3.5M Aug 17 09:58 packages/ids-edit-20170818.1502.tar
4.0K -rw-r--r-- 1 root root 1.2K Aug 17 09:58 packages/ids-edit-badge.svg
4.0K -rw-r--r-- 1 root root 2.1K Aug 17 09:58 packages/ids-edit-readme.txt
