Package: immaterial-theme
Fetcher: github
Source:  https://github.com/petergardfjall/emacs-immaterial-theme.git

Updating /mnt/store/melpa/working/immaterial-theme/
Copying files (->) and directories (=>)
  from /mnt/store/melpa/working/immaterial-theme/
  to /tmp/immaterial-themeCqVOwo/immaterial-theme-20210126.1127
    immaterial-dark-theme.el -> immaterial-dark-theme.el
    immaterial-light-theme.el -> immaterial-light-theme.el
    immaterial-theme.el -> immaterial-theme.el
Created immaterial-theme-20210126.1127.tar containing:
  immaterial-theme-20210126.1127/
  immaterial-theme-20210126.1127/immaterial-dark-theme.el
  immaterial-theme-20210126.1127/immaterial-light-theme.el
  immaterial-theme-20210126.1127/immaterial-theme-pkg.el
  immaterial-theme-20210126.1127/immaterial-theme.el
Built immaterial-theme in 4.859s, finished at Wed May 19 03:34:33 2021
 ✓ Success:
4.0K -rw-r--r-- 1 root root  381 May 19 03:34 packages/immaterial-theme-20210126.1127.entry
 40K -rw-r--r-- 1 root root  40K May 19 03:34 packages/immaterial-theme-20210126.1127.tar
4.0K -rw-r--r-- 1 root root 1.2K May 19 03:34 packages/immaterial-theme-badge.svg
4.0K -rw-r--r-- 1 root root  220 May 19 03:34 packages/immaterial-theme-readme.txt
