Package: impatient-showdown
Fetcher: github
Source:  https://github.com/jcs-elpa/impatient-showdown.git

Updating /mnt/store/melpa/working/impatient-showdown/
Checking out origin/HEAD
Checking out bcb636dbef4630c5ae654642c6a637cceb588cac
Copying files (->) and directories (=>)
  from /mnt/store/melpa/working/impatient-showdown/
  to /tmp/impatient-showdownt3BGU2/impatient-showdown-20200914.221
    impatient-showdown.el -> impatient-showdown.el
    preview.html -> preview.html
Created impatient-showdown-20200914.221.tar containing:
  impatient-showdown-20200914.221/
  impatient-showdown-20200914.221/impatient-showdown-pkg.el
  impatient-showdown-20200914.221/impatient-showdown.el
  impatient-showdown-20200914.221/preview.html
Built impatient-showdown in 4.628s, finished at 2021-08-17T09:58:21+0000
 ✓ Success:
4.0K -rw-r--r-- 1 root root  452 Aug 17 09:58 packages/impatient-showdown-20200914.221.entry
 20K -rw-r--r-- 1 root root  20K Aug 17 09:58 packages/impatient-showdown-20200914.221.tar
4.0K -rw-r--r-- 1 root root 1.2K Aug 17 09:58 packages/impatient-showdown-badge.svg
4.0K -rw-r--r-- 1 root root   56 Aug 17 09:58 packages/impatient-showdown-readme.txt
