Package: importmagic
Fetcher: github
Source:  https://github.com/anachronic/importmagic.el.git

Updating /mnt/store/melpa/working/importmagic/
Checking out origin/HEAD
Checking out 701dfcca5f3ab42be0f26a8d381d7116c79be850
Copying files (->) and directories (=>)
  from /mnt/store/melpa/working/importmagic/
  to /tmp/importmagicfNkNmj/importmagic-20180520.303
    importmagic.el -> importmagic.el
    importmagicserver.py -> importmagicserver.py
Created importmagic-20180520.303.tar containing:
  importmagic-20180520.303/
  importmagic-20180520.303/importmagic-pkg.el
  importmagic-20180520.303/importmagic.el
  importmagic-20180520.303/importmagicserver.py
Built importmagic in 4.834s, finished at 2021-08-17T09:58:24+0000
 ✓ Success:
4.0K -rw-r--r-- 1 root root  470 Aug 17 09:58 packages/importmagic-20180520.303.entry
 20K -rw-r--r-- 1 root root  20K Aug 17 09:58 packages/importmagic-20180520.303.tar
4.0K -rw-r--r-- 1 root root 1.2K Aug 17 09:58 packages/importmagic-badge.svg
4.0K -rw-r--r-- 1 root root  598 Aug 17 09:58 packages/importmagic-readme.txt
