Package: ink-mode
Fetcher: github
Source:  https://github.com/Kungsgeten/ink-mode.git

Updating /mnt/store/melpa/working/ink-mode/
Copying files (->) and directories (=>)
  from /mnt/store/melpa/working/ink-mode/
  to /tmp/ink-modeH6Io9o/ink-mode-20201105.2242
    ink-mode.el -> ink-mode.el
  ! doc/WritingWithInk.texi -> WritingWithInk.texi
    snippets => snippets
Created /tmp/ink-modeH6Io9o/ink-mode-20201105.2242/WritingWithInk.info
Created ink-mode-20201105.2242.tar containing:
  ink-mode-20201105.2242/
  ink-mode-20201105.2242/WritingWithInk.info
  ink-mode-20201105.2242/dir
  ink-mode-20201105.2242/ink-mode-pkg.el
  ink-mode-20201105.2242/ink-mode.el
  ink-mode-20201105.2242/snippets/
  ink-mode-20201105.2242/snippets/ink-mode/
  ink-mode-20201105.2242/snippets/ink-mode/choice_once
  ink-mode-20201105.2242/snippets/ink-mode/choice_sticky
  ink-mode-20201105.2242/snippets/ink-mode/condition
  ink-mode-20201105.2242/snippets/ink-mode/condition_multiline
  ink-mode-20201105.2242/snippets/ink-mode/divert
  ink-mode-20201105.2242/snippets/ink-mode/knot
  ink-mode-20201105.2242/snippets/ink-mode/stitch
Built ink-mode in 15.100s, finished at Wed May 19 03:35:13 2021
 ✓ Success:
4.0K -rw-r--r-- 1 root root  385 May 19 03:35 packages/ink-mode-20201105.2242.entry
220K -rw-r--r-- 1 root root 220K May 19 03:35 packages/ink-mode-20201105.2242.tar
4.0K -rw-r--r-- 1 root root 1.2K May 19 03:35 packages/ink-mode-badge.svg
4.0K -rw-r--r-- 1 root root  380 May 19 03:35 packages/ink-mode-readme.txt
