Package: inline-crypt
Fetcher: github
Source:  https://github.com/Sodel-the-Vociferous/inline-crypt-el.git

Updating /mnt/store/melpa/working/inline-crypt/
Checking out origin/HEAD
Checking out 281385b383f850fd2e895926b1cef804dd052633
Copying files (->) and directories (=>)
  from /mnt/store/melpa/working/inline-crypt/
  to /tmp/inline-crypt7BNS4r/inline-crypt-20170824.900
    inline-crypt-pkg.el -> inline-crypt-pkg.el
    inline-crypt.el -> inline-crypt.el
Created inline-crypt-20170824.900.tar containing:
  inline-crypt-20170824.900/
  inline-crypt-20170824.900/inline-crypt-pkg.el
  inline-crypt-20170824.900/inline-crypt.el
Built inline-crypt in 4.448s, finished at 2021-08-17T09:58:49+0000
 ✓ Success:
4.0K -rw-r--r-- 1 root root  368 Aug 17 09:58 packages/inline-crypt-20170824.900.entry
 20K -rw-r--r-- 1 root root  20K Aug 17 09:58 packages/inline-crypt-20170824.900.tar
4.0K -rw-r--r-- 1 root root 1.2K Aug 17 09:58 packages/inline-crypt-badge.svg
4.0K -rw-r--r-- 1 root root  504 Aug 17 09:58 packages/inline-crypt-readme.txt
