Package: insert-kaomoji
Fetcher: git
Source:  https://git.sr.ht/~pkal/insert-kaomoji

Updating /mnt/store/melpa/working/insert-kaomoji/
Checking out origin/HEAD
Checking out e818845a99d418e04c1685f06fe25116916f6168
Copying files (->) and directories (=>)
  from /mnt/store/melpa/working/insert-kaomoji/
  to /tmp/insert-kaomojiPQTX12/insert-kaomoji-20210707.1126
    insert-kaomoji.el -> insert-kaomoji.el
    KAOMOJIS -> KAOMOJIS
Created insert-kaomoji-20210707.1126.tar containing:
  insert-kaomoji-20210707.1126/
  insert-kaomoji-20210707.1126/KAOMOJIS
  insert-kaomoji-20210707.1126/insert-kaomoji-pkg.el
  insert-kaomoji-20210707.1126/insert-kaomoji.el
Built insert-kaomoji in 4.114s, finished at 2021-08-17T09:58:55+0000
 ✓ Success:
4.0K -rw-r--r-- 1 root root  343 Aug 17 09:58 packages/insert-kaomoji-20210707.1126.entry
 32K -rw-r--r-- 1 root root  30K Aug 17 09:58 packages/insert-kaomoji-20210707.1126.tar
4.0K -rw-r--r-- 1 root root 1.2K Aug 17 09:58 packages/insert-kaomoji-badge.svg
4.0K -rw-r--r-- 1 root root 1.1K Aug 17 09:58 packages/insert-kaomoji-readme.txt
