Package: ivs-edit
Fetcher: github
Source:  https://github.com/kawabata/ivs-edit.git

Updating /mnt/store/melpa/working/ivs-edit/
Copying files (->) and directories (=>)
  from /mnt/store/melpa/working/ivs-edit/
  to /tmp/ivs-editY1Hy9l/ivs-edit-20170818.1441
    ivs-edit.el -> ivs-edit.el
    IVD_Sequences.txt -> IVD_Sequences.txt
    jp-old-style.txt -> jp-old-style.txt
Created ivs-edit-20170818.1441.tar containing:
  ivs-edit-20170818.1441/
  ivs-edit-20170818.1441/IVD_Sequences.txt
  ivs-edit-20170818.1441/ivs-edit-pkg.el
  ivs-edit-20170818.1441/ivs-edit.el
  ivs-edit-20170818.1441/jp-old-style.txt
Built ivs-edit in 3.975s, finished at Wed May 19 03:35:40 2021
 ✓ Success:
4.0K -rw-r--r-- 1 root root  453 May 19 03:35 packages/ivs-edit-20170818.1441.entry
1.3M -rw-r--r-- 1 root root 1.3M May 19 03:35 packages/ivs-edit-20170818.1441.tar
4.0K -rw-r--r-- 1 root root 1.2K May 19 03:35 packages/ivs-edit-badge.svg
4.0K -rw-r--r-- 1 root root 1.9K May 19 03:35 packages/ivs-edit-readme.txt
