Package: ivy-erlang-complete
Fetcher: github
Source:  https://github.com/s-kostyaev/ivy-erlang-complete.git

Updating /mnt/store/melpa/working/ivy-erlang-complete/
Checking out origin/HEAD
Checking out c443dba0c466d36bef01a8985474f5da0a5a65fe
Copying files (->) and directories (=>)
  from /mnt/store/melpa/working/ivy-erlang-complete/
  to /tmp/ivy-erlang-complete5xIXzN/ivy-erlang-complete-20191112.1137
    ivy-erlang-complete-pkg.el -> ivy-erlang-complete-pkg.el
    ivy-erlang-complete.el -> ivy-erlang-complete.el
    bin => bin
Created ivy-erlang-complete-20191112.1137.tar containing:
  ivy-erlang-complete-20191112.1137/
  ivy-erlang-complete-20191112.1137/bin/
  ivy-erlang-complete-20191112.1137/bin/exported-funcs.sh
  ivy-erlang-complete-20191112.1137/bin/exported-types.sh
  ivy-erlang-complete-20191112.1137/bin/find-deps-dir
  ivy-erlang-complete-20191112.1137/bin/parse-record
  ivy-erlang-complete-20191112.1137/ivy-erlang-complete-pkg.el
  ivy-erlang-complete-20191112.1137/ivy-erlang-complete.el
Built ivy-erlang-complete in 4.045s, finished at 2021-08-17T09:59:58+0000
 ✓ Success:
4.0K -rw-r--r-- 1 root root  515 Aug 17 09:59 packages/ivy-erlang-complete-20191112.1137.entry
 60K -rw-r--r-- 1 root root  60K Aug 17 09:59 packages/ivy-erlang-complete-20191112.1137.tar
4.0K -rw-r--r-- 1 root root 1.2K Aug 17 09:59 packages/ivy-erlang-complete-badge.svg
4.0K -rw-r--r-- 1 root root   93 Aug 17 09:59 packages/ivy-erlang-complete-readme.txt
