Package: ivy
Fetcher: github
Source:  https://github.com/abo-abo/swiper.git

Updating /mnt/store/melpa/working/ivy/
Checking out origin/HEAD
Checking out bde2176e89aa38344f700e9e7f9fc5c7b4fc471f
Copying files (->) and directories (=>)
  from /mnt/store/melpa/working/ivy/
  to /tmp/ivySeTxkc/ivy-20210730.1743
    colir.el -> colir.el
    elpa.el -> elpa.el
    ivy-faces.el -> ivy-faces.el
    ivy-overlay.el -> ivy-overlay.el
    ivy.el -> ivy.el
  ! doc/ivy.texi -> ivy.texi
  ! doc/ivy-help.org -> ivy-help.org
Created /tmp/ivySeTxkc/ivy-20210730.1743/ivy.info
Created ivy-20210730.1743.tar containing:
  ivy-20210730.1743/
  ivy-20210730.1743/colir.el
  ivy-20210730.1743/dir
  ivy-20210730.1743/elpa.el
  ivy-20210730.1743/ivy-faces.el
  ivy-20210730.1743/ivy-help.org
  ivy-20210730.1743/ivy-overlay.el
  ivy-20210730.1743/ivy-pkg.el
  ivy-20210730.1743/ivy.el
  ivy-20210730.1743/ivy.info
Built ivy in 10.743s, finished at 2021-08-17T09:59:57+0000
 ✓ Success:
4.0K -rw-r--r-- 1 root root  362 Aug 17 09:59 packages/ivy-20210730.1743.entry
300K -rw-r--r-- 1 root root 300K Aug 17 09:59 packages/ivy-20210730.1743.tar
4.0K -rw-r--r-- 1 root root 3.7K Aug 17 09:59 packages/ivy-avy-20210310.1230.el
4.0K -rw-r--r-- 1 root root  395 Aug 17 09:59 packages/ivy-avy-20210310.1230.entry
4.0K -rw-r--r-- 1 root root 1.2K Aug 17 09:59 packages/ivy-avy-badge.svg
4.0K -rw-r--r-- 1 root root   68 Aug 17 09:59 packages/ivy-avy-readme.txt
4.0K -rw-r--r-- 1 root root  589 Aug 17 09:59 packages/ivy-avy.log
4.0K -rw-r--r-- 1 root root 1.2K Aug 17 09:59 packages/ivy-badge.svg
 12K -rw-r--r-- 1 root root 8.1K Aug 17 09:59 packages/ivy-bibtex-20201014.803.el
4.0K -rw-r--r-- 1 root root  452 Aug 17 09:59 packages/ivy-bibtex-20201014.803.entry
4.0K -rw-r--r-- 1 root root 1.2K Aug 17 09:59 packages/ivy-bibtex-badge.svg
4.0K -rw-r--r-- 1 root root 1.9K Aug 17 09:59 packages/ivy-bibtex-readme.txt
4.0K -rw-r--r-- 1 root root  615 Aug 17 09:59 packages/ivy-bibtex.log
8.0K -rw-r--r-- 1 root root 6.0K Aug 17 09:59 packages/ivy-clipmenu-20200302.1419.el
4.0K -rw-r--r-- 1 root root  423 Aug 17 09:59 packages/ivy-clipmenu-20200302.1419.entry
4.0K -rw-r--r-- 1 root root 1.2K Aug 17 09:59 packages/ivy-clipmenu-badge.svg
4.0K -rw-r--r-- 1 root root 1017 Aug 17 09:59 packages/ivy-clipmenu-readme.txt
4.0K -rw-r--r-- 1 root root  633 Aug 17 09:59 packages/ivy-clipmenu.log
8.0K -rw-r--r-- 1 root root 5.4K Aug 17 09:59 packages/ivy-clojuredocs-20201129.2355.el
4.0K -rw-r--r-- 1 root root  465 Aug 17 09:59 packages/ivy-clojuredocs-20201129.2355.entry
4.0K -rw-r--r-- 1 root root 1.2K Aug 17 09:59 packages/ivy-clojuredocs-badge.svg
4.0K -rw-r--r-- 1 root root  172 Aug 17 09:59 packages/ivy-clojuredocs-readme.txt
4.0K -rw-r--r-- 1 root root  665 Aug 17 09:59 packages/ivy-clojuredocs.log
 12K -rw-r--r-- 1 root root  11K Aug 17 09:59 packages/ivy-dired-history-20210715.48.el
4.0K -rw-r--r-- 1 root root  426 Aug 17 09:59 packages/ivy-dired-history-20210715.48.entry
4.0K -rw-r--r-- 1 root root 1.2K Aug 17 09:59 packages/ivy-dired-history-badge.svg
4.0K -rw-r--r-- 1 root root  704 Aug 17 09:59 packages/ivy-dired-history-readme.txt
4.0K -rw-r--r-- 1 root root  665 Aug 17 09:59 packages/ivy-dired-history.log
8.0K -rw-r--r-- 1 root root 5.1K Aug 17 09:59 packages/ivy-emms-20200629.801.el
4.0K -rw-r--r-- 1 root root  431 Aug 17 09:59 packages/ivy-emms-20200629.801.entry
4.0K -rw-r--r-- 1 root root 1.2K Aug 17 09:59 packages/ivy-emms-badge.svg
4.0K -rw-r--r-- 1 root root  345 Aug 17 09:59 packages/ivy-emms-readme.txt
4.0K -rw-r--r-- 1 root root  601 Aug 17 09:59 packages/ivy-emms.log
4.0K -rw-r--r-- 1 root root 3.9K Aug 17 09:59 packages/ivy-emoji-20200316.2351.el
4.0K -rw-r--r-- 1 root root  433 Aug 17 09:59 packages/ivy-emoji-20200316.2351.entry
4.0K -rw-r--r-- 1 root root 1.2K Aug 17 09:59 packages/ivy-emoji-badge.svg
4.0K -rw-r--r-- 1 root root  410 Aug 17 09:59 packages/ivy-emoji-readme.txt
4.0K -rw-r--r-- 1 root root  607 Aug 17 09:59 packages/ivy-emoji.log
4.0K -rw-r--r-- 1 root root  515 Aug 17 06:28 packages/ivy-erlang-complete-20191112.1137.entry
 60K -rw-r--r-- 1 root root  60K Aug 17 06:28 packages/ivy-erlang-complete-20191112.1137.tar
4.0K -rw-r--r-- 1 root root 1.2K Aug 17 06:28 packages/ivy-erlang-complete-badge.svg
4.0K -rw-r--r-- 1 root root   93 Aug 17 06:28 packages/ivy-erlang-complete-readme.txt
4.0K -rw-r--r-- 1 root root  243 Aug 17 09:59 packages/ivy-erlang-complete.log
 32K -rw-r--r-- 1 root root  30K Aug 17 06:28 packages/ivy-explorer-20190909.1921.el
4.0K -rw-r--r-- 1 root root  431 Aug 17 06:28 packages/ivy-explorer-20190909.1921.entry
4.0K -rw-r--r-- 1 root root 1.2K Aug 17 06:28 packages/ivy-explorer-badge.svg
4.0K -rw-r--r-- 1 root root  605 Aug 17 06:28 packages/ivy-explorer-readme.txt
4.0K -rw-r--r-- 1 root root  165 Aug 17 09:59 packages/ivy-explorer.log
4.0K -rw-r--r-- 1 root root  969 Jan 26  2020 packages/ivy-feedwrangler-badge.svg
4.0K -rw-r--r-- 1 root root  320 Jan 26  2020 packages/ivy-feedwrangler-readme.txt
 16K -rw-r--r-- 1 root root  16K Aug 17 06:28 packages/ivy-file-preview-20210124.1639.el
4.0K -rw-r--r-- 1 root root  458 Aug 17 06:28 packages/ivy-file-preview-20210124.1639.entry
4.0K -rw-r--r-- 1 root root 1.2K Aug 17 06:28 packages/ivy-file-preview-badge.svg
4.0K -rw-r--r-- 1 root root  443 Aug 17 06:28 packages/ivy-file-preview-readme.txt
4.0K -rw-r--r-- 1 root root  178 Aug 17 09:59 packages/ivy-file-preview.log
8.0K -rw-r--r-- 1 root root 4.8K Aug 17 06:28 packages/ivy-fuz-20191222.946.el
4.0K -rw-r--r-- 1 root root  416 Aug 17 06:28 packages/ivy-fuz-20191222.946.entry
4.0K -rw-r--r-- 1 root root 1.2K Aug 17 06:28 packages/ivy-fuz-badge.svg
4.0K -rw-r--r-- 1 root root   33 Aug 17 06:28 packages/ivy-fuz-readme.txt
4.0K -rw-r--r-- 1 root root  126 Aug 17 09:59 packages/ivy-fuz.log
8.0K -rw-r--r-- 1 root root 6.3K Aug 17 06:28 packages/ivy-gitlab-20181228.826.el
4.0K -rw-r--r-- 1 root root  504 Aug 17 06:28 packages/ivy-gitlab-20181228.826.entry
4.0K -rw-r--r-- 1 root root 1.2K Aug 17 06:28 packages/ivy-gitlab-badge.svg
4.0K -rw-r--r-- 1 root root   36 Aug 17 06:28 packages/ivy-gitlab-readme.txt
4.0K -rw-r--r-- 1 root root  139 Aug 17 09:59 packages/ivy-gitlab.log
8.0K -rw-r--r-- 1 root root 4.5K Aug 17 06:28 packages/ivy-historian-20210714.56.el
4.0K -rw-r--r-- 1 root root  465 Aug 17 06:28 packages/ivy-historian-20210714.56.entry
4.0K -rw-r--r-- 1 root root 1.2K Aug 17 06:28 packages/ivy-historian-badge.svg
4.0K -rw-r--r-- 1 root root   48 Aug 17 06:28 packages/ivy-historian-readme.txt
4.0K -rw-r--r-- 1 root root  144 Aug 17 09:59 packages/ivy-historian.log
8.0K -rw-r--r-- 1 root root 5.8K Aug 17 06:28 packages/ivy-hydra-20210311.1108.el
4.0K -rw-r--r-- 1 root root  436 Aug 17 06:28 packages/ivy-hydra-20210311.1108.entry
4.0K -rw-r--r-- 1 root root 1.2K Aug 17 06:28 packages/ivy-hydra-badge.svg
4.0K -rw-r--r-- 1 root root  178 Aug 17 06:28 packages/ivy-hydra-readme.txt
4.0K -rw-r--r-- 1 root root  603 Aug 17 06:29 packages/ivy-hydra.log
8.0K -rw-r--r-- 1 root root 4.3K Aug 17 06:28 packages/ivy-lobsters-20200818.1406.el
4.0K -rw-r--r-- 1 root root  392 Aug 17 06:28 packages/ivy-lobsters-20200818.1406.entry
4.0K -rw-r--r-- 1 root root 1.2K Aug 17 06:28 packages/ivy-lobsters-badge.svg
4.0K -rw-r--r-- 1 root root   48 Aug 17 06:28 packages/ivy-lobsters-readme.txt
4.0K -rw-r--r-- 1 root root  631 Aug 17 06:29 packages/ivy-lobsters.log
 16K -rw-r--r-- 1 root root  16K Aug 17 06:29 packages/ivy-migemo-20210425.613.el
4.0K -rw-r--r-- 1 root root  466 Aug 17 06:29 packages/ivy-migemo-20210425.613.entry
4.0K -rw-r--r-- 1 root root 1.2K Aug 17 06:29 packages/ivy-migemo-badge.svg
4.0K -rw-r--r-- 1 root root 1.3K Aug 17 06:29 packages/ivy-migemo-readme.txt
4.0K -rw-r--r-- 1 root root  614 Aug 17 06:29 packages/ivy-migemo.log
8.0K -rw-r--r-- 1 root root 4.2K Aug 17 06:29 packages/ivy-mpdel-20190428.920.el
4.0K -rw-r--r-- 1 root root  468 Aug 17 06:29 packages/ivy-mpdel-20190428.920.entry
4.0K -rw-r--r-- 1 root root 1.2K Aug 17 06:29 packages/ivy-mpdel-badge.svg
4.0K -rw-r--r-- 1 root root  268 Aug 17 06:29 packages/ivy-mpdel-readme.txt
4.0K -rw-r--r-- 1 root root  602 Aug 17 06:29 packages/ivy-mpdel.log
 20K -rw-r--r-- 1 root root  17K Aug 17 06:29 packages/ivy-omni-org-20200810.1050.el
4.0K -rw-r--r-- 1 root root  420 Aug 17 06:29 packages/ivy-omni-org-20200810.1050.entry
4.0K -rw-r--r-- 1 root root 1.2K Aug 17 06:29 packages/ivy-omni-org-badge.svg
4.0K -rw-r--r-- 1 root root  126 Aug 17 06:29 packages/ivy-omni-org-readme.txt
4.0K -rw-r--r-- 1 root root  629 Aug 17 06:29 packages/ivy-omni-org.log
4.0K -rw-r--r-- 1 root root 1023 Jun  1  2020 packages/ivy-pages-badge.svg
4.0K -rw-r--r-- 1 root root  209 Jun  1  2020 packages/ivy-pages-readme.txt
4.0K -rw-r--r-- 1 root root 2.6K Aug 17 06:29 packages/ivy-pass-20170812.1955.el
4.0K -rw-r--r-- 1 root root  389 Aug 17 06:29 packages/ivy-pass-20170812.1955.entry
4.0K -rw-r--r-- 1 root root 1.2K Aug 17 06:29 packages/ivy-pass-badge.svg
4.0K -rw-r--r-- 1 root root  322 Aug 17 06:29 packages/ivy-pass-readme.txt
4.0K -rw-r--r-- 1 root root  598 Aug 17 06:29 packages/ivy-pass.log
8.0K -rw-r--r-- 1 root root 5.5K Aug 17 06:29 packages/ivy-phpunit-20180219.915.el
4.0K -rw-r--r-- 1 root root  405 Aug 17 06:29 packages/ivy-phpunit-20180219.915.entry
4.0K -rw-r--r-- 1 root root 1.2K Aug 17 06:29 packages/ivy-phpunit-badge.svg
4.0K -rw-r--r-- 1 root root  442 Aug 17 06:29 packages/ivy-phpunit-readme.txt
4.0K -rw-r--r-- 1 root root  617 Aug 17 06:29 packages/ivy-phpunit.log
 28K -rw-r--r-- 1 root root  25K Aug 17 06:29 packages/ivy-posframe-20210609.1053.el
4.0K -rw-r--r-- 1 root root  470 Aug 17 06:29 packages/ivy-posframe-20210609.1053.entry
4.0K -rw-r--r-- 1 root root 1.2K Aug 17 06:29 packages/ivy-posframe-badge.svg
8.0K -rw-r--r-- 1 root root 4.2K Aug 17 06:29 packages/ivy-posframe-readme.txt
4.0K -rw-r--r-- 1 root root  630 Aug 17 06:29 packages/ivy-posframe.log
 12K -rw-r--r-- 1 root root  11K Aug 17 06:29 packages/ivy-prescient-20210425.1720.el
4.0K -rw-r--r-- 1 root root  411 Aug 17 06:29 packages/ivy-prescient-20210425.1720.entry
4.0K -rw-r--r-- 1 root root 1.2K Aug 17 06:29 packages/ivy-prescient-badge.svg
4.0K -rw-r--r-- 1 root root  269 Aug 17 06:29 packages/ivy-prescient-readme.txt
4.0K -rw-r--r-- 1 root root  638 Aug 17 06:29 packages/ivy-prescient.log
4.0K -rw-r--r-- 1 root root 3.7K Aug 17 06:29 packages/ivy-purpose-20160724.1003.el
4.0K -rw-r--r-- 1 root root  363 Aug 17 06:29 packages/ivy-purpose-20160724.1003.entry
4.0K -rw-r--r-- 1 root root 1.2K Aug 17 06:29 packages/ivy-purpose-badge.svg
4.0K -rw-r--r-- 1 root root  857 Aug 17 06:29 packages/ivy-purpose-readme.txt
4.0K -rw-r--r-- 1 root root  619 Aug 17 06:29 packages/ivy-purpose.log
4.0K -rw-r--r-- 1 root root  396 Aug 17 09:59 packages/ivy-readme.txt
 28K -rw-r--r-- 1 root root  27K Aug 17 06:29 packages/ivy-rich-20210409.931.el
4.0K -rw-r--r-- 1 root root  420 Aug 17 06:29 packages/ivy-rich-20210409.931.entry
4.0K -rw-r--r-- 1 root root 1.2K Aug 17 06:29 packages/ivy-rich-badge.svg
4.0K -rw-r--r-- 1 root root  159 Aug 17 06:29 packages/ivy-rich-readme.txt
4.0K -rw-r--r-- 1 root root  653 Aug 17 06:29 packages/ivy-rich.log
8.0K -rw-r--r-- 1 root root 4.8K Aug 17 06:29 packages/ivy-rtags-20191222.920.el
4.0K -rw-r--r-- 1 root root  434 Aug 17 06:29 packages/ivy-rtags-20191222.920.entry
4.0K -rw-r--r-- 1 root root 1.2K Aug 17 06:29 packages/ivy-rtags-badge.svg
   0 -rw-r--r-- 1 root root    0 Aug 17 06:29 packages/ivy-rtags-readme.txt
4.0K -rw-r--r-- 1 root root  605 Aug 17 06:29 packages/ivy-rtags.log
 16K -rw-r--r-- 1 root root  16K Aug 17 06:29 packages/ivy-searcher-20210221.923.el
4.0K -rw-r--r-- 1 root root  432 Aug 17 06:29 packages/ivy-searcher-20210221.923.entry
4.0K -rw-r--r-- 1 root root 1.2K Aug 17 06:29 packages/ivy-searcher-badge.svg
4.0K -rw-r--r-- 1 root root   32 Aug 17 06:29 packages/ivy-searcher-readme.txt
4.0K -rw-r--r-- 1 root root  629 Aug 17 06:29 packages/ivy-searcher.log
8.0K -rw-r--r-- 1 root root 4.5K Aug 17 06:29 packages/ivy-spotify-20210329.312.el
4.0K -rw-r--r-- 1 root root  410 Aug 17 06:29 packages/ivy-spotify-20210329.312.entry
4.0K -rw-r--r-- 1 root root 1.2K Aug 17 06:29 packages/ivy-spotify-badge.svg
4.0K -rw-r--r-- 1 root root  895 Aug 17 06:29 packages/ivy-spotify-readme.txt
4.0K -rw-r--r-- 1 root root  608 Aug 17 06:29 packages/ivy-spotify.log
 12K -rw-r--r-- 1 root root 9.3K Aug 17 06:29 packages/ivy-todo-20200323.2005.el
4.0K -rw-r--r-- 1 root root  412 Aug 17 06:29 packages/ivy-todo-20200323.2005.entry
4.0K -rw-r--r-- 1 root root 1.2K Aug 17 06:29 packages/ivy-todo-badge.svg
4.0K -rw-r--r-- 1 root root  290 Aug 17 06:29 packages/ivy-todo-readme.txt
4.0K -rw-r--r-- 1 root root  601 Aug 17 06:29 packages/ivy-todo.log
8.0K -rw-r--r-- 1 root root 6.3K Aug 17 06:29 packages/ivy-xcdoc-20160917.1055.el
4.0K -rw-r--r-- 1 root root  427 Aug 17 06:29 packages/ivy-xcdoc-20160917.1055.entry
4.0K -rw-r--r-- 1 root root 1.2K Aug 17 06:29 packages/ivy-xcdoc-badge.svg
4.0K -rw-r--r-- 1 root root  719 Aug 17 06:29 packages/ivy-xcdoc-readme.txt
4.0K -rw-r--r-- 1 root root  612 Aug 17 06:29 packages/ivy-xcdoc.log
8.0K -rw-r--r-- 1 root root 5.3K Aug 17 06:29 packages/ivy-xref-20191126.401.el
4.0K -rw-r--r-- 1 root root  369 Aug 17 06:29 packages/ivy-xref-20191126.401.entry
4.0K -rw-r--r-- 1 root root 1.2K Aug 17 06:29 packages/ivy-xref-badge.svg
4.0K -rw-r--r-- 1 root root  195 Aug 17 06:29 packages/ivy-xref-readme.txt
4.0K -rw-r--r-- 1 root root  599 Aug 17 06:29 packages/ivy-xref.log
 12K -rw-r--r-- 1 root root 8.9K Aug 17 06:29 packages/ivy-yasnippet-20200704.700.el
4.0K -rw-r--r-- 1 root root  466 Aug 17 06:29 packages/ivy-yasnippet-20200704.700.entry
4.0K -rw-r--r-- 1 root root 1.2K Aug 17 06:29 packages/ivy-yasnippet-badge.svg
4.0K -rw-r--r-- 1 root root  278 Aug 17 06:29 packages/ivy-yasnippet-readme.txt
4.0K -rw-r--r-- 1 root root  634 Aug 17 06:29 packages/ivy-yasnippet.log
4.0K -rw-r--r-- 1 root root 2.8K Aug 17 06:29 packages/ivy-ycmd-20180909.1225.el
4.0K -rw-r--r-- 1 root root  451 Aug 17 06:29 packages/ivy-ycmd-20180909.1225.entry
4.0K -rw-r--r-- 1 root root 1.2K Aug 17 06:29 packages/ivy-ycmd-badge.svg
4.0K -rw-r--r-- 1 root root  147 Aug 17 06:29 packages/ivy-ycmd-readme.txt
4.0K -rw-r--r-- 1 root root  605 Aug 17 06:29 packages/ivy-ycmd.log
8.0K -rw-r--r-- 1 root root 6.9K Aug 17 06:29 packages/ivy-youtube-20181126.1039.el
4.0K -rw-r--r-- 1 root root  442 Aug 17 06:29 packages/ivy-youtube-20181126.1039.entry
4.0K -rw-r--r-- 1 root root 1.2K Aug 17 06:29 packages/ivy-youtube-badge.svg
4.0K -rw-r--r-- 1 root root 1.3K Aug 17 06:29 packages/ivy-youtube-readme.txt
4.0K -rw-r--r-- 1 root root  622 Aug 17 06:29 packages/ivy-youtube.log
