Package: j-mode
Fetcher: github
Source:  https://github.com/zellio/j-mode.git

Updating /mnt/store/melpa/working/j-mode/
Checking out origin/HEAD
Checking out e8725ac8af95498faabb2ca3ab3bd809a8f148e6
Copying files (->) and directories (=>)
  from /mnt/store/melpa/working/j-mode/
  to /tmp/j-mode2MzTye/j-mode-20171224.1856
    j-console.el -> j-console.el
    j-font-lock.el -> j-font-lock.el
    j-help.el -> j-help.el
    j-mode.el -> j-mode.el
Created j-mode-20171224.1856.tar containing:
  j-mode-20171224.1856/
  j-mode-20171224.1856/j-console.el
  j-mode-20171224.1856/j-font-lock.el
  j-mode-20171224.1856/j-help.el
  j-mode-20171224.1856/j-mode-pkg.el
  j-mode-20171224.1856/j-mode.el
Built j-mode in 4.591s, finished at 2021-08-17T10:00:25+0000
 ✓ Success:
4.0K -rw-r--r-- 1 root root  212 Aug 17 10:00 packages/j-mode-20171224.1856.entry
 32K -rw-r--r-- 1 root root  30K Aug 17 10:00 packages/j-mode-20171224.1856.tar
4.0K -rw-r--r-- 1 root root 1.2K Aug 17 10:00 packages/j-mode-badge.svg
4.0K -rw-r--r-- 1 root root  468 Aug 17 10:00 packages/j-mode-readme.txt
