Package: jasminejs-mode
Fetcher: github
Source:  https://github.com/stoltene2/jasminejs-mode.git

Updating /mnt/store/melpa/working/jasminejs-mode/
Copying files (->) and directories (=>)
  from /mnt/store/melpa/working/jasminejs-mode/
  to /tmp/jasminejs-modeUeX09f/jasminejs-mode-20150527.5
    jasminejs-mode.el -> jasminejs-mode.el
  ! snippets/jasminejs-mode => jasminejs-mode
Created jasminejs-mode-20150527.5.tar containing:
  jasminejs-mode-20150527.5/
  jasminejs-mode-20150527.5/jasminejs-mode-pkg.el
  jasminejs-mode-20150527.5/jasminejs-mode.el
  jasminejs-mode-20150527.5/jasminejs-mode/
  jasminejs-mode-20150527.5/jasminejs-mode/.yas-parents
  jasminejs-mode-20150527.5/jasminejs-mode/afte.yasnippet
  jasminejs-mode-20150527.5/jasminejs-mode/befe.yasnippet
  jasminejs-mode-20150527.5/jasminejs-mode/describe.yasnippet
  jasminejs-mode-20150527.5/jasminejs-mode/ex.yasnippet
  jasminejs-mode-20150527.5/jasminejs-mode/expb.yasnippet
  jasminejs-mode-20150527.5/jasminejs-mode/expc.yasnippet
  jasminejs-mode-20150527.5/jasminejs-mode/expcw.yasnippet
  jasminejs-mode-20150527.5/jasminejs-mode/expe.yasnippet
  jasminejs-mode-20150527.5/jasminejs-mode/expf.yasnippet
  jasminejs-mode-20150527.5/jasminejs-mode/expt.yasnippet
  jasminejs-mode-20150527.5/jasminejs-mode/it.yasnippet
  jasminejs-mode-20150527.5/jasminejs-mode/itd.yasnippet
Built jasminejs-mode in 4.452s, finished at Wed May 19 03:36:45 2021
 ✓ Success:
4.0K -rw-r--r-- 1 root root  374 May 19 03:36 packages/jasminejs-mode-20150527.5.entry
 32K -rw-r--r-- 1 root root  30K May 19 03:36 packages/jasminejs-mode-20150527.5.tar
4.0K -rw-r--r-- 1 root root 1.2K May 19 03:36 packages/jasminejs-mode-badge.svg
4.0K -rw-r--r-- 1 root root   88 May 19 03:36 packages/jasminejs-mode-readme.txt
