Package: javadoc-lookup
Fetcher: github
Source:  https://github.com/skeeto/javadoc-lookup.git

Updating /mnt/store/melpa/working/javadoc-lookup/
Copying files (->) and directories (=>)
  from /mnt/store/melpa/working/javadoc-lookup/
  to /tmp/javadoc-lookupcyFURT/javadoc-lookup-20160214.31
    javadoc-import.el -> javadoc-import.el
    javadoc-lookup.el -> javadoc-lookup.el
    maven-fetch.el -> maven-fetch.el
    webcache/http+++docs.oracle.com+javase+8+docs+api+.v4 -> webcache/http+++docs.oracle.com+javase+8+docs+api+.v4
Created javadoc-lookup-20160214.31.tar containing:
  javadoc-lookup-20160214.31/
  javadoc-lookup-20160214.31/javadoc-import.el
  javadoc-lookup-20160214.31/javadoc-lookup-pkg.el
  javadoc-lookup-20160214.31/javadoc-lookup.el
  javadoc-lookup-20160214.31/maven-fetch.el
  javadoc-lookup-20160214.31/webcache/
  javadoc-lookup-20160214.31/webcache/http+++docs.oracle.com+javase+8+docs+api+.v4
Built javadoc-lookup in 4.110s, finished at Wed May 19 03:36:49 2021
 ✓ Success:
4.0K -rw-r--r-- 1 root root  364 May 19 03:36 packages/javadoc-lookup-20160214.31.entry
412K -rw-r--r-- 1 root root 410K May 19 03:36 packages/javadoc-lookup-20160214.31.tar
4.0K -rw-r--r-- 1 root root 1.2K May 19 03:36 packages/javadoc-lookup-badge.svg
4.0K -rw-r--r-- 1 root root 1.3K May 19 03:36 packages/javadoc-lookup-readme.txt
