Package: jedi
Fetcher: github
Source:  https://github.com/tkf/emacs-jedi.git

Updating /mnt/store/melpa/working/jedi/
Checking out origin/HEAD
Checking out e942a0e410cbb2a214c9cb30aaf0e47eb0895b78
Built jedi in 5.211s, finished at 2021-08-17T10:00:46+0000
 ✓ Success:
4.0K -rw-r--r-- 1 root root 3.7K Aug 17 10:00 packages/jedi-20191011.1750.el
4.0K -rw-r--r-- 1 root root  335 Aug 17 10:00 packages/jedi-20191011.1750.entry
4.0K -rw-r--r-- 1 root root 1.2K Aug 17 10:00 packages/jedi-badge.svg
4.0K -rw-r--r-- 1 root root  406 Aug 17 10:00 packages/jedi-core-20210503.1315.entry
 80K -rw-r--r-- 1 root root  80K Aug 17 10:00 packages/jedi-core-20210503.1315.tar
4.0K -rw-r--r-- 1 root root 1.2K Aug 17 06:29 packages/jedi-core-badge.svg
   0 -rw-r--r-- 1 root root    0 Aug 17 10:00 packages/jedi-core-readme.txt
4.0K -rw-r--r-- 1 root root  734 Aug 17 10:00 packages/jedi-core.log
8.0K -rw-r--r-- 1 root root 5.9K Aug 17 06:29 packages/jedi-direx-20140310.936.el
4.0K -rw-r--r-- 1 root root  359 Aug 17 06:29 packages/jedi-direx-20140310.936.entry
4.0K -rw-r--r-- 1 root root 1.2K Aug 17 06:29 packages/jedi-direx-badge.svg
   0 -rw-r--r-- 1 root root    0 Aug 17 06:29 packages/jedi-direx-readme.txt
4.0K -rw-r--r-- 1 root root  215 Aug 17 10:00 packages/jedi-direx.log
   0 -rw-r--r-- 1 root root    0 Aug 17 10:00 packages/jedi-readme.txt
