Package: js2-mode
Fetcher: github
Source:  https://github.com/mooz/js2-mode.git

Updating /mnt/store/melpa/working/js2-mode/
Copying files (->) and directories (=>)
  from /mnt/store/melpa/working/js2-mode/
  to /tmp/js2-modeO73Xdc/js2-mode-20210414.2241
    js2-imenu-extras.el -> js2-imenu-extras.el
    js2-mode.el -> js2-mode.el
    js2-old-indent.el -> js2-old-indent.el
Created js2-mode-20210414.2241.tar containing:
  js2-mode-20210414.2241/
  js2-mode-20210414.2241/js2-imenu-extras.el
  js2-mode-20210414.2241/js2-mode-pkg.el
  js2-mode-20210414.2241/js2-mode.el
  js2-mode-20210414.2241/js2-old-indent.el
Built js2-mode in 4.017s, finished at Wed May 19 03:37:28 2021
 ✓ Success:
4.0K -rw-r--r-- 1 root root  491 May 19 03:37 packages/js2-mode-20210414.2241.entry
552K -rw-r--r-- 1 root root 550K May 19 03:37 packages/js2-mode-20210414.2241.tar
4.0K -rw-r--r-- 1 root root 1.2K May 19 03:37 packages/js2-mode-badge.svg
4.0K -rw-r--r-- 1 root root 2.6K May 19 03:37 packages/js2-mode-readme.txt
