Package: julia-mode
Fetcher: github
Source:  https://github.com/JuliaEditorSupport/julia-emacs.git

Updating /mnt/store/melpa/working/julia-mode/
Checking out origin/HEAD
Checking out fe6f6f7a80f8d60ecffa5b2cb43667bb9dc11705
Copying files (->) and directories (=>)
  from /mnt/store/melpa/working/julia-mode/
  to /tmp/julia-modevIxp5N/julia-mode-20210323.612
    julia-mode-latexsubs.el -> julia-mode-latexsubs.el
    julia-mode.el -> julia-mode.el
Created julia-mode-20210323.612.tar containing:
  julia-mode-20210323.612/
  julia-mode-20210323.612/julia-mode-latexsubs.el
  julia-mode-20210323.612/julia-mode-pkg.el
  julia-mode-20210323.612/julia-mode.el
Built julia-mode in 4.611s, finished at 2021-08-17T10:01:42+0000
 ✓ Success:
4.0K -rw-r--r-- 1 root root  283 Aug 17 10:01 packages/julia-mode-20210323.612.entry
172K -rw-r--r-- 1 root root 170K Aug 17 10:01 packages/julia-mode-20210323.612.tar
4.0K -rw-r--r-- 1 root root 1.2K Aug 17 10:01 packages/julia-mode-badge.svg
4.0K -rw-r--r-- 1 root root   60 Aug 17 10:01 packages/julia-mode-readme.txt
