Package: jumblr
Fetcher: github
Source:  https://github.com/mkmcc/jumblr.git

Updating /mnt/store/melpa/working/jumblr/
Copying files (->) and directories (=>)
  from /mnt/store/melpa/working/jumblr/
  to /tmp/jumblrRL5hPy/jumblr-20170727.2043
    jumblr.el -> jumblr.el
    dict => dict
Created jumblr-20170727.2043.tar containing:
  jumblr-20170727.2043/
  jumblr-20170727.2043/dict/
  jumblr-20170727.2043/dict/easy.txt
  jumblr-20170727.2043/dict/expert.txt
  jumblr-20170727.2043/dict/hard.txt
  jumblr-20170727.2043/dict/medium.txt
  jumblr-20170727.2043/jumblr-pkg.el
  jumblr-20170727.2043/jumblr.el
Built jumblr in 4.217s, finished at Wed May 19 03:37:47 2021
 ✓ Success:
4.0K -rw-r--r-- 1 root root  256 May 19 03:37 packages/jumblr-20170727.2043.entry
1.7M -rw-r--r-- 1 root root 1.7M May 19 03:37 packages/jumblr-20170727.2043.tar
4.0K -rw-r--r-- 1 root root 1.2K May 19 03:37 packages/jumblr-badge.svg
4.0K -rw-r--r-- 1 root root 2.5K May 19 03:37 packages/jumblr-readme.txt
