Package: jump-tree
Fetcher: github
Source:  https://github.com/yangwen0228/jump-tree.git

Updating /mnt/store/melpa/working/jump-tree/
Copying files (->) and directories (=>)
  from /mnt/store/melpa/working/jump-tree/
  to /tmp/jump-treey0YgzF/jump-tree-20171014.1551
    jump-tree-pos.el -> jump-tree-pos.el
    jump-tree-visualizer.el -> jump-tree-visualizer.el
    jump-tree.el -> jump-tree.el
Created jump-tree-20171014.1551.tar containing:
  jump-tree-20171014.1551/
  jump-tree-20171014.1551/jump-tree-pkg.el
  jump-tree-20171014.1551/jump-tree-pos.el
  jump-tree-20171014.1551/jump-tree-visualizer.el
  jump-tree-20171014.1551/jump-tree.el
Built jump-tree in 4.069s, finished at Wed May 19 03:37:51 2021
 ✓ Success:
4.0K -rw-r--r-- 1 root root  385 May 19 03:37 packages/jump-tree-20171014.1551.entry
132K -rw-r--r-- 1 root root 130K May 19 03:37 packages/jump-tree-20171014.1551.tar
4.0K -rw-r--r-- 1 root root 1.2K May 19 03:37 packages/jump-tree-badge.svg
 20K -rw-r--r-- 1 root root  20K May 19 03:37 packages/jump-tree-readme.txt
