Package: jump
Fetcher: github
Source:  https://github.com/eschulte/jump.el.git

Updating /mnt/store/melpa/working/jump/
Checking out origin/HEAD
Checking out 55caa66a7cc6e0b1a76143fd40eff38416928941
Built jump in 4.971s, finished at 2021-08-17T10:01:46+0000
 ✓ Success:
 16K -rw-r--r-- 1 root root  13K Aug 17 10:01 packages/jump-20161127.128.el
4.0K -rw-r--r-- 1 root root  390 Aug 17 10:01 packages/jump-20161127.128.entry
4.0K -rw-r--r-- 1 root root 1.2K Aug 17 10:01 packages/jump-badge.svg
 16K -rw-r--r-- 1 root root  13K Aug 17 06:30 packages/jump-char-20180601.1348.el
4.0K -rw-r--r-- 1 root root  254 Aug 17 06:30 packages/jump-char-20180601.1348.entry
4.0K -rw-r--r-- 1 root root 1.2K Aug 17 06:30 packages/jump-char-badge.svg
4.0K -rw-r--r-- 1 root root 1.5K Aug 17 06:30 packages/jump-char-readme.txt
4.0K -rw-r--r-- 1 root root  209 Aug 17 10:01 packages/jump-char.log
4.0K -rw-r--r-- 1 root root 1.5K Aug 17 10:01 packages/jump-readme.txt
8.0K -rw-r--r-- 1 root root 4.8K Aug 17 06:30 packages/jump-to-line-20130122.1653.el
4.0K -rw-r--r-- 1 root root  288 Aug 17 06:30 packages/jump-to-line-20130122.1653.entry
4.0K -rw-r--r-- 1 root root 1.2K Aug 17 06:30 packages/jump-to-line-badge.svg
4.0K -rw-r--r-- 1 root root   30 Aug 17 06:30 packages/jump-to-line-readme.txt
4.0K -rw-r--r-- 1 root root  166 Aug 17 10:01 packages/jump-to-line.log
4.0K -rw-r--r-- 1 root root  385 Aug 17 06:30 packages/jump-tree-20171014.1551.entry
132K -rw-r--r-- 1 root root 130K Aug 17 06:30 packages/jump-tree-20171014.1551.tar
4.0K -rw-r--r-- 1 root root 1.2K Aug 17 06:30 packages/jump-tree-badge.svg
 20K -rw-r--r-- 1 root root  20K Aug 17 06:30 packages/jump-tree-readme.txt
4.0K -rw-r--r-- 1 root root  135 Aug 17 10:01 packages/jump-tree.log
