Package: kaesar
Fetcher: github
Source:  https://github.com/mhayashi1120/Emacs-kaesar.git

Updating /mnt/store/melpa/working/kaesar/
Checking out origin/HEAD
Checking out d087075cb1a46c2c85cd075220e09b2eaef9b86e
Built kaesar in 5.272s, finished at 2021-08-17T10:01:54+0000
 ✓ Success:
 48K -rw-r--r-- 1 root root  46K Aug 17 10:01 packages/kaesar-20160128.1008.el
4.0K -rw-r--r-- 1 root root  393 Aug 17 10:01 packages/kaesar-20160128.1008.entry
4.0K -rw-r--r-- 1 root root 1.2K Aug 17 10:01 packages/kaesar-badge.svg
8.0K -rw-r--r-- 1 root root 6.4K Aug 17 06:30 packages/kaesar-file-20160128.1008.el
4.0K -rw-r--r-- 1 root root  427 Aug 17 06:30 packages/kaesar-file-20160128.1008.entry
4.0K -rw-r--r-- 1 root root 1.2K Aug 17 06:30 packages/kaesar-file-badge.svg
4.0K -rw-r--r-- 1 root root  260 Aug 17 06:30 packages/kaesar-file-readme.txt
4.0K -rw-r--r-- 1 root root  222 Aug 17 10:01 packages/kaesar-file.log
 16K -rw-r--r-- 1 root root  14K Aug 17 06:30 packages/kaesar-mode-20160128.1008.el
4.0K -rw-r--r-- 1 root root  460 Aug 17 06:30 packages/kaesar-mode-20160128.1008.entry
4.0K -rw-r--r-- 1 root root 1.2K Aug 17 06:30 packages/kaesar-mode-badge.svg
4.0K -rw-r--r-- 1 root root  340 Aug 17 06:30 packages/kaesar-mode-readme.txt
4.0K -rw-r--r-- 1 root root  168 Aug 17 10:01 packages/kaesar-mode.log
4.0K -rw-r--r-- 1 root root 1.7K Aug 17 10:01 packages/kaesar-readme.txt
