Package: kakoune
Fetcher: github
Source:  https://github.com/jmorag/kakoune.el.git

Updating /mnt/store/melpa/working/kakoune/
Copying files (->) and directories (=>)
  from /mnt/store/melpa/working/kakoune/
  to /tmp/kakouneLdnsnH/kakoune-20210220.1858
    kakoune-exchange.el -> kakoune-exchange.el
    kakoune-shell-commands.el -> kakoune-shell-commands.el
    kakoune-unimpaired.el -> kakoune-unimpaired.el
    kakoune-utils.el -> kakoune-utils.el
    kakoune.el -> kakoune.el
Created kakoune-20210220.1858.tar containing:
  kakoune-20210220.1858/
  kakoune-20210220.1858/kakoune-exchange.el
  kakoune-20210220.1858/kakoune-pkg.el
  kakoune-20210220.1858/kakoune-shell-commands.el
  kakoune-20210220.1858/kakoune-unimpaired.el
  kakoune-20210220.1858/kakoune-utils.el
  kakoune-20210220.1858/kakoune.el
Built kakoune in 3.956s, finished at Wed May 19 03:37:58 2021
 ✓ Success:
4.0K -rw-r--r-- 1 root root  436 May 19 03:37 packages/kakoune-20210220.1858.entry
 32K -rw-r--r-- 1 root root  30K May 19 03:37 packages/kakoune-20210220.1858.tar
4.0K -rw-r--r-- 1 root root 1.2K May 19 03:37 packages/kakoune-badge.svg
4.0K -rw-r--r-- 1 root root  283 May 19 03:37 packages/kakoune-readme.txt
