Package: kaolin-themes
Fetcher: github
Source:  https://github.com/ogdenwebb/emacs-kaolin-themes.git

Updating /mnt/store/melpa/working/kaolin-themes/
Checking out origin/HEAD
Checking out 716aae7e64637e1a7fdeed8ef5b278512b8076f9
Copying files (->) and directories (=>)
  from /mnt/store/melpa/working/kaolin-themes/
  to /tmp/kaolin-themesYOBAHO/kaolin-themes-20210814.1741
    kaolin-themes-lib.el -> kaolin-themes-lib.el
    kaolin-themes-treemacs.el -> kaolin-themes-treemacs.el
    kaolin-themes.el -> kaolin-themes.el
  ! themes/kaolin-aurora-theme.el -> kaolin-aurora-theme.el
  ! themes/kaolin-blossom-theme.el -> kaolin-blossom-theme.el
  ! themes/kaolin-breeze-theme.el -> kaolin-breeze-theme.el
  ! themes/kaolin-bubblegum-theme.el -> kaolin-bubblegum-theme.el
  ! themes/kaolin-dark-theme.el -> kaolin-dark-theme.el
  ! themes/kaolin-eclipse-theme.el -> kaolin-eclipse-theme.el
  ! themes/kaolin-galaxy-theme.el -> kaolin-galaxy-theme.el
  ! themes/kaolin-light-theme.el -> kaolin-light-theme.el
  ! themes/kaolin-mono-dark-theme.el -> kaolin-mono-dark-theme.el
  ! themes/kaolin-mono-light-theme.el -> kaolin-mono-light-theme.el
  ! themes/kaolin-ocean-theme.el -> kaolin-ocean-theme.el
  ! themes/kaolin-shiva-theme.el -> kaolin-shiva-theme.el
  ! themes/kaolin-temple-theme.el -> kaolin-temple-theme.el
  ! themes/kaolin-valley-dark-theme.el -> kaolin-valley-dark-theme.el
  ! themes/kaolin-valley-light-theme.el -> kaolin-valley-light-theme.el
Created kaolin-themes-20210814.1741.tar containing:
  kaolin-themes-20210814.1741/
  kaolin-themes-20210814.1741/kaolin-aurora-theme.el
  kaolin-themes-20210814.1741/kaolin-blossom-theme.el
  kaolin-themes-20210814.1741/kaolin-breeze-theme.el
  kaolin-themes-20210814.1741/kaolin-bubblegum-theme.el
  kaolin-themes-20210814.1741/kaolin-dark-theme.el
  kaolin-themes-20210814.1741/kaolin-eclipse-theme.el
  kaolin-themes-20210814.1741/kaolin-galaxy-theme.el
  kaolin-themes-20210814.1741/kaolin-light-theme.el
  kaolin-themes-20210814.1741/kaolin-mono-dark-theme.el
  kaolin-themes-20210814.1741/kaolin-mono-light-theme.el
  kaolin-themes-20210814.1741/kaolin-ocean-theme.el
  kaolin-themes-20210814.1741/kaolin-shiva-theme.el
  kaolin-themes-20210814.1741/kaolin-temple-theme.el
  kaolin-themes-20210814.1741/kaolin-themes-lib.el
  kaolin-themes-20210814.1741/kaolin-themes-pkg.el
  kaolin-themes-20210814.1741/kaolin-themes-treemacs.el
  kaolin-themes-20210814.1741/kaolin-themes.el
  kaolin-themes-20210814.1741/kaolin-valley-dark-theme.el
  kaolin-themes-20210814.1741/kaolin-valley-light-theme.el
Built kaolin-themes in 5.166s, finished at 2021-08-17T10:02:04+0000
 ✓ Success:
4.0K -rw-r--r-- 1 root root  473 Aug 17 10:02 packages/kaolin-themes-20210814.1741.entry
192K -rw-r--r-- 1 root root 190K Aug 17 10:02 packages/kaolin-themes-20210814.1741.tar
4.0K -rw-r--r-- 1 root root 1.2K Aug 17 10:02 packages/kaolin-themes-badge.svg
4.0K -rw-r--r-- 1 root root 2.0K Aug 17 10:02 packages/kaolin-themes-readme.txt
