Package: keg
Fetcher: github
Source:  https://github.com/conao3/keg.el.git

Updating /mnt/store/melpa/working/keg/
Copying files (->) and directories (=>)
  from /mnt/store/melpa/working/keg/
  to /tmp/kegq36I3n/keg-20210226.2246
    keg-ansi.el -> keg-ansi.el
    keg-command.el -> keg-command.el
    keg.el -> keg.el
Created keg-20210226.2246.tar containing:
  keg-20210226.2246/
  keg-20210226.2246/keg-ansi.el
  keg-20210226.2246/keg-command.el
  keg-20210226.2246/keg-pkg.el
  keg-20210226.2246/keg.el
Built keg in 4.041s, finished at Wed May 19 03:38:13 2021
 ✓ Success:
4.0K -rw-r--r-- 1 root root  397 May 19 03:38 packages/keg-20210226.2246.entry
 52K -rw-r--r-- 1 root root  50K May 19 03:38 packages/keg-20210226.2246.tar
4.0K -rw-r--r-- 1 root root 1.2K May 19 03:38 packages/keg-badge.svg
4.0K -rw-r--r-- 1 root root 2.0K May 19 00:23 packages/keg-mode-20200601.333.el
4.0K -rw-r--r-- 1 root root  368 May 19 00:23 packages/keg-mode-20200601.333.entry
4.0K -rw-r--r-- 1 root root 1.2K May 19 00:23 packages/keg-mode-badge.svg
4.0K -rw-r--r-- 1 root root   34 May 19 00:23 packages/keg-mode-readme.txt
4.0K -rw-r--r-- 1 root root  125 May 19 03:38 packages/keg-mode.log
4.0K -rw-r--r-- 1 root root   40 May 19 03:38 packages/keg-readme.txt
