Package: keyword-search
Fetcher: github
Source:  https://github.com/keyword-search/keyword-search.git

Updating /mnt/store/melpa/working/keyword-search/
Copying files (->) and directories (=>)
  from /mnt/store/melpa/working/keyword-search/
  to /tmp/keyword-searchU7jJAm/keyword-search-20180424.1102
    keyword-search-extra.el -> keyword-search-extra.el
    keyword-search-mad.el -> keyword-search-mad.el
    keyword-search.el -> keyword-search.el
Created keyword-search-20180424.1102.tar containing:
  keyword-search-20180424.1102/
  keyword-search-20180424.1102/keyword-search-extra.el
  keyword-search-20180424.1102/keyword-search-mad.el
  keyword-search-20180424.1102/keyword-search-pkg.el
  keyword-search-20180424.1102/keyword-search.el
Built keyword-search in 4.307s, finished at Wed May 19 03:38:35 2021
 ✓ Success:
4.0K -rw-r--r-- 1 root root  275 May 19 03:38 packages/keyword-search-20180424.1102.entry
 40K -rw-r--r-- 1 root root  40K May 19 03:38 packages/keyword-search-20180424.1102.tar
4.0K -rw-r--r-- 1 root root 1.2K May 19 03:38 packages/keyword-search-badge.svg
4.0K -rw-r--r-- 1 root root  936 May 19 03:38 packages/keyword-search-readme.txt
