Package: kite-mini
Fetcher: github
Source:  https://github.com/tungd/kite-mini.el.git

Updating /mnt/store/melpa/working/kite-mini/
Copying files (->) and directories (=>)
  from /mnt/store/melpa/working/kite-mini/
  to /tmp/kite-miniRbTAH3/kite-mini-20160508.1106
    kite-mini-console.el -> kite-mini-console.el
    kite-mini.el -> kite-mini.el
Created kite-mini-20160508.1106.tar containing:
  kite-mini-20160508.1106/
  kite-mini-20160508.1106/kite-mini-console.el
  kite-mini-20160508.1106/kite-mini-pkg.el
  kite-mini-20160508.1106/kite-mini.el
Built kite-mini in 3.970s, finished at Wed May 19 03:38:43 2021
 ✓ Success:
4.0K -rw-r--r-- 1 root root  410 May 19 03:38 packages/kite-mini-20160508.1106.entry
 32K -rw-r--r-- 1 root root  30K May 19 03:38 packages/kite-mini-20160508.1106.tar
4.0K -rw-r--r-- 1 root root 1.2K May 19 03:38 packages/kite-mini-badge.svg
4.0K -rw-r--r-- 1 root root  313 May 19 03:38 packages/kite-mini-readme.txt
