Package: kiwix
Fetcher: github
Source:  https://github.com/stardiviner/kiwix.el.git

Updating /mnt/store/melpa/working/kiwix/
Copying files (->) and directories (=>)
  from /mnt/store/melpa/working/kiwix/
  to /tmp/kiwixj2tW6A/kiwix-20210219.51
    kiwix.el -> kiwix.el
    org-kiwix.el -> org-kiwix.el
Created kiwix-20210219.51.tar containing:
  kiwix-20210219.51/
  kiwix-20210219.51/kiwix-pkg.el
  kiwix-20210219.51/kiwix.el
  kiwix-20210219.51/org-kiwix.el
Built kiwix in 4.339s, finished at Wed May 19 03:38:45 2021
 ✓ Success:
4.0K -rw-r--r-- 1 root root  382 May 19 03:38 packages/kiwix-20210219.51.entry
 32K -rw-r--r-- 1 root root  30K May 19 03:38 packages/kiwix-20210219.51.tar
4.0K -rw-r--r-- 1 root root 1.2K May 19 03:38 packages/kiwix-badge.svg
4.0K -rw-r--r-- 1 root root  151 May 19 03:38 packages/kiwix-readme.txt
