Package: know-your-http-well
Fetcher: github
Source:  https://github.com/for-GET/know-your-http-well.git

Updating /mnt/store/melpa/working/know-your-http-well/
Copying files (->) and directories (=>)
  from /mnt/store/melpa/working/know-your-http-well/
  to /tmp/know-your-http-wellS8zUS6/know-your-http-well-20160208.2304
  ! emacs/http-headers.el -> http-headers.el
  ! emacs/http-methods.el -> http-methods.el
  ! emacs/http-relations.el -> http-relations.el
  ! emacs/http-status-codes.el -> http-status-codes.el
  ! emacs/know-your-http-well.el -> know-your-http-well.el
  ! emacs/media-types.el -> media-types.el
Created know-your-http-well-20160208.2304.tar containing:
  know-your-http-well-20160208.2304/
  know-your-http-well-20160208.2304/http-headers.el
  know-your-http-well-20160208.2304/http-methods.el
  know-your-http-well-20160208.2304/http-relations.el
  know-your-http-well-20160208.2304/http-status-codes.el
  know-your-http-well-20160208.2304/know-your-http-well-pkg.el
  know-your-http-well-20160208.2304/know-your-http-well.el
  know-your-http-well-20160208.2304/media-types.el
Built know-your-http-well in 4.211s, finished at Wed May 19 03:38:48 2021
 ✓ Success:
4.0K -rw-r--r-- 1 root root  202 May 19 03:38 packages/know-your-http-well-20160208.2304.entry
 92K -rw-r--r-- 1 root root  90K May 19 03:38 packages/know-your-http-well-20160208.2304.tar
4.0K -rw-r--r-- 1 root root 1.2K May 19 03:38 packages/know-your-http-well-badge.svg
   0 -rw-r--r-- 1 root root    0 May 19 03:38 packages/know-your-http-well-readme.txt
