Package: kotlin-mode
Fetcher: github
Source:  https://github.com/Emacs-Kotlin-Mode-Maintainers/kotlin-mode.git

Updating /mnt/store/melpa/working/kotlin-mode/
Copying files (->) and directories (=>)
  from /mnt/store/melpa/working/kotlin-mode/
  to /tmp/kotlin-modemDv9uG/kotlin-mode-20200925.1541
    kotlin-mode-lexer.el -> kotlin-mode-lexer.el
    kotlin-mode.el -> kotlin-mode.el
Created kotlin-mode-20200925.1541.tar containing:
  kotlin-mode-20200925.1541/
  kotlin-mode-20200925.1541/kotlin-mode-lexer.el
  kotlin-mode-20200925.1541/kotlin-mode-pkg.el
  kotlin-mode-20200925.1541/kotlin-mode.el
Built kotlin-mode in 4.467s, finished at Wed May 19 03:38:55 2021
 ✓ Success:
4.0K -rw-r--r-- 1 root root  330 May 19 03:38 packages/kotlin-mode-20200925.1541.entry
 40K -rw-r--r-- 1 root root  40K May 19 03:38 packages/kotlin-mode-20200925.1541.tar
4.0K -rw-r--r-- 1 root root 1.2K May 19 03:38 packages/kotlin-mode-badge.svg
   0 -rw-r--r-- 1 root root    0 May 19 03:38 packages/kotlin-mode-readme.txt
