Package: lambdapi-mode
Fetcher: github
Source:  https://github.com/Deducteam/lambdapi.git

Updating /mnt/store/melpa/working/lambdapi-mode/
Copying files (->) and directories (=>)
  from /mnt/store/melpa/working/lambdapi-mode/
  to /tmp/lambdapi-modeJyTTg5/lambdapi-mode-20210407.1529
  ! editors/emacs/lambdapi-abbrev.el -> lambdapi-abbrev.el
  ! editors/emacs/lambdapi-capf.el -> lambdapi-capf.el
  ! editors/emacs/lambdapi-input.el -> lambdapi-input.el
  ! editors/emacs/lambdapi-layout.el -> lambdapi-layout.el
  ! editors/emacs/lambdapi-mode.el -> lambdapi-mode.el
  ! editors/emacs/lambdapi-proofs.el -> lambdapi-proofs.el
  ! editors/emacs/lambdapi-smie.el -> lambdapi-smie.el
  ! editors/emacs/lambdapi-vars.el -> lambdapi-vars.el
Created lambdapi-mode-20210407.1529.tar containing:
  lambdapi-mode-20210407.1529/
  lambdapi-mode-20210407.1529/lambdapi-abbrev.el
  lambdapi-mode-20210407.1529/lambdapi-capf.el
  lambdapi-mode-20210407.1529/lambdapi-input.el
  lambdapi-mode-20210407.1529/lambdapi-layout.el
  lambdapi-mode-20210407.1529/lambdapi-mode-pkg.el
  lambdapi-mode-20210407.1529/lambdapi-mode.el
  lambdapi-mode-20210407.1529/lambdapi-proofs.el
  lambdapi-mode-20210407.1529/lambdapi-smie.el
  lambdapi-mode-20210407.1529/lambdapi-vars.el
Built lambdapi-mode in 4.972s, finished at Wed May 19 03:39:12 2021
 ✓ Success:
4.0K -rw-r--r-- 1 root root  404 May 19 03:39 packages/lambdapi-mode-20210407.1529.entry
 60K -rw-r--r-- 1 root root  60K May 19 03:39 packages/lambdapi-mode-20210407.1529.tar
4.0K -rw-r--r-- 1 root root 1.2K May 19 03:39 packages/lambdapi-mode-badge.svg
4.0K -rw-r--r-- 1 root root  150 May 19 03:39 packages/lambdapi-mode-readme.txt
