Package: languagetool
Fetcher: github
Source:  https://github.com/PillFall/Emacs-LanguageTool.el.git

Updating /mnt/store/melpa/working/languagetool/
Checking out origin/HEAD
Checking out d3665a97cc87577f434a7476e1194b43f35408a8
Copying files (->) and directories (=>)
  from /mnt/store/melpa/working/languagetool/
  to /tmp/languagetooln5ySTF/languagetool-20210722.702
    languagetool-issue-faces.el -> languagetool-issue-faces.el
    languagetool.el -> languagetool.el
Created languagetool-20210722.702.tar containing:
  languagetool-20210722.702/
  languagetool-20210722.702/languagetool-issue-faces.el
  languagetool-20210722.702/languagetool-pkg.el
  languagetool-20210722.702/languagetool.el
Built languagetool in 4.618s, finished at 2021-08-17T10:03:16+0000
 ✓ Success:
4.0K -rw-r--r-- 1 root root  479 Aug 17 10:03 packages/languagetool-20210722.702.entry
 40K -rw-r--r-- 1 root root  40K Aug 17 10:03 packages/languagetool-20210722.702.tar
4.0K -rw-r--r-- 1 root root 1.2K Aug 17 10:03 packages/languagetool-badge.svg
4.0K -rw-r--r-- 1 root root  340 Aug 17 10:03 packages/languagetool-readme.txt
