Package: latex-unicode-math-mode
Fetcher: github
Source:  https://github.com/Christoph-D/latex-unicode-math-mode.git

Updating /mnt/store/melpa/working/latex-unicode-math-mode/
Checking out origin/HEAD
Checking out eb4a5c9f9b00a58d2ca80f90782a851f4c8497b8
Copying files (->) and directories (=>)
  from /mnt/store/melpa/working/latex-unicode-math-mode/
  to /tmp/latex-unicode-math-mode6JnsUp/latex-unicode-math-mode-20170123.1816
    latex-unicode-math-mode.el -> latex-unicode-math-mode.el
    unicode-math-mode.sty -> unicode-math-mode.sty
Created latex-unicode-math-mode-20170123.1816.tar containing:
  latex-unicode-math-mode-20170123.1816/
  latex-unicode-math-mode-20170123.1816/latex-unicode-math-mode-pkg.el
  latex-unicode-math-mode-20170123.1816/latex-unicode-math-mode.el
  latex-unicode-math-mode-20170123.1816/unicode-math-mode.sty
Built latex-unicode-math-mode in 4.113s, finished at 2021-08-17T10:03:23+0000
 ✓ Success:
4.0K -rw-r--r-- 1 root root  377 Aug 17 10:03 packages/latex-unicode-math-mode-20170123.1816.entry
 52K -rw-r--r-- 1 root root  50K Aug 17 10:03 packages/latex-unicode-math-mode-20170123.1816.tar
4.0K -rw-r--r-- 1 root root 1.2K Aug 17 10:03 packages/latex-unicode-math-mode-badge.svg
4.0K -rw-r--r-- 1 root root  635 Aug 17 10:03 packages/latex-unicode-math-mode-readme.txt
