Package: launch-mode
Fetcher: github
Source:  https://github.com/iory/launch-mode.git

Updating /mnt/store/melpa/working/launch-mode/
Copying files (->) and directories (=>)
  from /mnt/store/melpa/working/launch-mode/
  to /tmp/launch-modeNPxa5f/launch-mode-20170106.512
    launch-find-definition.el -> launch-find-definition.el
    launch-mode.el -> launch-mode.el
    goto_launch.py -> goto_launch.py
    insert_node_name.py -> insert_node_name.py
Created launch-mode-20170106.512.tar containing:
  launch-mode-20170106.512/
  launch-mode-20170106.512/goto_launch.py
  launch-mode-20170106.512/insert_node_name.py
  launch-mode-20170106.512/launch-find-definition.el
  launch-mode-20170106.512/launch-mode-pkg.el
  launch-mode-20170106.512/launch-mode.el
Built launch-mode in 4.409s, finished at Wed May 19 03:39:27 2021
 ✓ Success:
4.0K -rw-r--r-- 1 root root  339 May 19 03:39 packages/launch-mode-20170106.512.entry
 20K -rw-r--r-- 1 root root  20K May 19 03:39 packages/launch-mode-20170106.512.tar
4.0K -rw-r--r-- 1 root root 1.2K May 19 03:39 packages/launch-mode-badge.svg
4.0K -rw-r--r-- 1 root root   97 May 19 03:39 packages/launch-mode-readme.txt
