Package: leaf
Fetcher: github
Source:  https://github.com/conao3/leaf.el.git

Updating /mnt/store/melpa/working/leaf/
Checking out origin/HEAD
Checking out a4fd520f5c31f54e0797155866e0b35df277664e
Built leaf in 5.192s, finished at 2021-08-17T10:03:31+0000
 ✓ Success:
 56K -rw-r--r-- 1 root root  55K Aug 17 10:03 packages/leaf-20210611.1550.el
4.0K -rw-r--r-- 1 root root  383 Aug 17 10:03 packages/leaf-20210611.1550.entry
4.0K -rw-r--r-- 1 root root 1.2K Aug 17 10:03 packages/leaf-badge.svg
 40K -rw-r--r-- 1 root root  40K Aug 17 10:03 packages/leaf-convert-20210816.1103.el
4.0K -rw-r--r-- 1 root root  442 Aug 17 10:03 packages/leaf-convert-20210816.1103.entry
4.0K -rw-r--r-- 1 root root 1.2K Aug 17 10:03 packages/leaf-convert-badge.svg
4.0K -rw-r--r-- 1 root root  792 Aug 17 10:03 packages/leaf-convert-readme.txt
4.0K -rw-r--r-- 1 root root  632 Aug 17 10:03 packages/leaf-convert.log
4.0K -rw-r--r-- 1 root root  415 Aug 17 06:32 packages/leaf-defaults-20210301.118.entry
 20K -rw-r--r-- 1 root root  20K Aug 17 06:32 packages/leaf-defaults-20210301.118.tar
4.0K -rw-r--r-- 1 root root 1.2K Aug 17 06:32 packages/leaf-defaults-badge.svg
4.0K -rw-r--r-- 1 root root   33 Aug 17 06:32 packages/leaf-defaults-readme.txt
4.0K -rw-r--r-- 1 root root  224 Aug 17 10:03 packages/leaf-defaults.log
 32K -rw-r--r-- 1 root root  29K Aug 17 06:32 packages/leaf-keywords-20210816.1107.el
4.0K -rw-r--r-- 1 root root  414 Aug 17 06:32 packages/leaf-keywords-20210816.1107.entry
4.0K -rw-r--r-- 1 root root 1.2K Aug 17 06:32 packages/leaf-keywords-badge.svg
4.0K -rw-r--r-- 1 root root  204 Aug 17 06:32 packages/leaf-keywords-readme.txt
4.0K -rw-r--r-- 1 root root  170 Aug 17 10:03 packages/leaf-keywords.log
 20K -rw-r--r-- 1 root root  20K Aug 17 06:32 packages/leaf-manager-20200920.1643.el
4.0K -rw-r--r-- 1 root root  460 Aug 17 06:32 packages/leaf-manager-20200920.1643.entry
4.0K -rw-r--r-- 1 root root 1.2K Aug 17 06:32 packages/leaf-manager-badge.svg
4.0K -rw-r--r-- 1 root root   45 Aug 17 06:32 packages/leaf-manager-readme.txt
4.0K -rw-r--r-- 1 root root  142 Aug 17 10:03 packages/leaf-manager.log
4.0K -rw-r--r-- 1 root root  696 Aug 17 10:03 packages/leaf-readme.txt
 12K -rw-r--r-- 1 root root  11K Aug 17 06:32 packages/leaf-tree-20210503.531.el
4.0K -rw-r--r-- 1 root root  443 Aug 17 06:32 packages/leaf-tree-20210503.531.entry
4.0K -rw-r--r-- 1 root root 1.2K Aug 17 06:32 packages/leaf-tree-badge.svg
4.0K -rw-r--r-- 1 root root  112 Aug 17 06:32 packages/leaf-tree-readme.txt
   0 -rw-r--r-- 1 root root    0 Aug 17 10:03 packages/leaf-tree.log
