Package: ledger-mode
Fetcher: github
Source:  https://github.com/ledger/ledger-mode.git

Updating /mnt/store/melpa/working/ledger-mode/
Checking out origin/HEAD
Checking out 19b84dc7664ea069e1a9fd446daf699574c44986
Copying files (->) and directories (=>)
  from /mnt/store/melpa/working/ledger-mode/
  to /tmp/ledger-modeIT5iKP/ledger-mode-20210516.2045
    ledger-check.el -> ledger-check.el
    ledger-commodities.el -> ledger-commodities.el
    ledger-complete.el -> ledger-complete.el
    ledger-context.el -> ledger-context.el
    ledger-exec.el -> ledger-exec.el
    ledger-flymake.el -> ledger-flymake.el
    ledger-fontify.el -> ledger-fontify.el
    ledger-fonts.el -> ledger-fonts.el
    ledger-init.el -> ledger-init.el
    ledger-mode.el -> ledger-mode.el
    ledger-navigate.el -> ledger-navigate.el
    ledger-occur.el -> ledger-occur.el
    ledger-post.el -> ledger-post.el
    ledger-reconcile.el -> ledger-reconcile.el
    ledger-regex.el -> ledger-regex.el
    ledger-report.el -> ledger-report.el
    ledger-schedule.el -> ledger-schedule.el
    ledger-sort.el -> ledger-sort.el
    ledger-state.el -> ledger-state.el
    ledger-texi.el -> ledger-texi.el
    ledger-xact.el -> ledger-xact.el
  ! doc/ledger-mode.texi -> ledger-mode.texi
    ledger-test.el -> ledger-test.el
Created /tmp/ledger-modeIT5iKP/ledger-mode-20210516.2045/ledger-mode.info
Created ledger-mode-20210516.2045.tar containing:
  ledger-mode-20210516.2045/
  ledger-mode-20210516.2045/dir
  ledger-mode-20210516.2045/ledger-check.el
  ledger-mode-20210516.2045/ledger-commodities.el
  ledger-mode-20210516.2045/ledger-complete.el
  ledger-mode-20210516.2045/ledger-context.el
  ledger-mode-20210516.2045/ledger-exec.el
  ledger-mode-20210516.2045/ledger-flymake.el
  ledger-mode-20210516.2045/ledger-fontify.el
  ledger-mode-20210516.2045/ledger-fonts.el
  ledger-mode-20210516.2045/ledger-init.el
  ledger-mode-20210516.2045/ledger-mode-pkg.el
  ledger-mode-20210516.2045/ledger-mode.el
  ledger-mode-20210516.2045/ledger-mode.info
  ledger-mode-20210516.2045/ledger-navigate.el
  ledger-mode-20210516.2045/ledger-occur.el
  ledger-mode-20210516.2045/ledger-post.el
  ledger-mode-20210516.2045/ledger-reconcile.el
  ledger-mode-20210516.2045/ledger-regex.el
  ledger-mode-20210516.2045/ledger-report.el
  ledger-mode-20210516.2045/ledger-schedule.el
  ledger-mode-20210516.2045/ledger-sort.el
  ledger-mode-20210516.2045/ledger-state.el
  ledger-mode-20210516.2045/ledger-test.el
  ledger-mode-20210516.2045/ledger-texi.el
  ledger-mode-20210516.2045/ledger-xact.el
Built ledger-mode in 10.593s, finished at 2021-08-17T10:03:44+0000
 ✓ Success:
4.0K -rw-r--r-- 1 root root  201 Aug 17 10:03 packages/ledger-mode-20210516.2045.entry
320K -rw-r--r-- 1 root root 320K Aug 17 10:03 packages/ledger-mode-20210516.2045.tar
4.0K -rw-r--r-- 1 root root 1.2K Aug 17 10:03 packages/ledger-mode-badge.svg
4.0K -rw-r--r-- 1 root root   46 Aug 17 10:03 packages/ledger-mode-readme.txt
