Package: lentic
Fetcher: github
Source:  https://github.com/phillord/lentic.git

Updating /mnt/store/melpa/working/lentic/
Copying files (->) and directories (=>)
  from /mnt/store/melpa/working/lentic/
  to /tmp/lenticZ8maLG/lentic-20190102.2124
    lentic-asciidoc.el -> lentic-asciidoc.el
    lentic-chunk.el -> lentic-chunk.el
    lentic-cookie.el -> lentic-cookie.el
    lentic-dev.el -> lentic-dev.el
    lentic-doc.el -> lentic-doc.el
    lentic-latex-code.el -> lentic-latex-code.el
    lentic-mode.el -> lentic-mode.el
    lentic-org.el -> lentic-org.el
    lentic-ox.el -> lentic-ox.el
    lentic-rot13.el -> lentic-rot13.el
    lentic-script.el -> lentic-script.el
    lentic.el -> lentic.el
    lenticular.org -> lenticular.org
Created lentic-20190102.2124.tar containing:
  lentic-20190102.2124/
  lentic-20190102.2124/lentic-asciidoc.el
  lentic-20190102.2124/lentic-chunk.el
  lentic-20190102.2124/lentic-cookie.el
  lentic-20190102.2124/lentic-dev.el
  lentic-20190102.2124/lentic-doc.el
  lentic-20190102.2124/lentic-latex-code.el
  lentic-20190102.2124/lentic-mode.el
  lentic-20190102.2124/lentic-org.el
  lentic-20190102.2124/lentic-ox.el
  lentic-20190102.2124/lentic-pkg.el
  lentic-20190102.2124/lentic-rot13.el
  lentic-20190102.2124/lentic-script.el
  lentic-20190102.2124/lentic.el
  lentic-20190102.2124/lenticular.org
Built lentic in 4.078s, finished at Wed May 19 03:39:44 2021
 ✓ Success:
4.0K -rw-r--r-- 1 root root  367 May 19 03:39 packages/lentic-20190102.2124.entry
160K -rw-r--r-- 1 root root 160K May 19 03:39 packages/lentic-20190102.2124.tar
4.0K -rw-r--r-- 1 root root 1.2K May 19 03:39 packages/lentic-badge.svg
4.0K -rw-r--r-- 1 root root 2.8K May 19 03:39 packages/lentic-readme.txt
4.0K -rw-r--r-- 1 root root 3.3K May 19 03:39 packages/lentic-server-20160717.2052.el
4.0K -rw-r--r-- 1 root root  335 May 19 03:39 packages/lentic-server-20160717.2052.entry
4.0K -rw-r--r-- 1 root root 1.2K May 19 00:24 packages/lentic-server-badge.svg
4.0K -rw-r--r-- 1 root root   41 May 19 03:39 packages/lentic-server-readme.txt
4.0K -rw-r--r-- 1 root root  144 May 19 03:39 packages/lentic-server.log
