Package: lfe-mode
Fetcher: github
Source:  https://github.com/rvirding/lfe.git

Updating /mnt/store/melpa/working/lfe-mode/
Checking out origin/HEAD
Checking out f39ec6a9b93f09e1a49ee84405d1e03e04adc7cf
Copying files (->) and directories (=>)
  from /mnt/store/melpa/working/lfe-mode/
  to /tmp/lfe-modefcWWH8/lfe-mode-20210603.1241
  ! emacs/inferior-lfe.el -> inferior-lfe.el
  ! emacs/lfe-mode.el -> lfe-mode.el
  ! emacs/lfe-indent.el -> lfe-indent.el
Created lfe-mode-20210603.1241.tar containing:
  lfe-mode-20210603.1241/
  lfe-mode-20210603.1241/inferior-lfe.el
  lfe-mode-20210603.1241/lfe-indent.el
  lfe-mode-20210603.1241/lfe-mode-pkg.el
  lfe-mode-20210603.1241/lfe-mode.el
Built lfe-mode in 4.923s, finished at 2021-08-17T10:03:54+0000
 ✓ Success:
4.0K -rw-r--r-- 1 root root  136 Aug 17 10:03 packages/lfe-mode-20210603.1241.entry
 32K -rw-r--r-- 1 root root  30K Aug 17 10:03 packages/lfe-mode-20210603.1241.tar
4.0K -rw-r--r-- 1 root root 1.2K Aug 17 10:03 packages/lfe-mode-badge.svg
4.0K -rw-r--r-- 1 root root   46 Aug 17 10:03 packages/lfe-mode-readme.txt
