Package: liberime
Fetcher: github
Source:  https://github.com/merrickluo/liberime.git

Updating /mnt/store/melpa/working/liberime/
Checking out origin/HEAD
Checking out 4a6da0f6ab9b43651f3fcc73412e3480b9403caa
Copying files (->) and directories (=>)
  from /mnt/store/melpa/working/liberime/
  to /tmp/liberimeRcmPPT/liberime-20210526.623
    liberime.el -> liberime.el
    src => src
    emacs-module => emacs-module
    LICENSE -> LICENSE
    Makefile -> Makefile
    README.org -> README.org
Created liberime-20210526.623.tar containing:
  liberime-20210526.623/
  liberime-20210526.623/LICENSE
  liberime-20210526.623/Makefile
  liberime-20210526.623/README.org
  liberime-20210526.623/emacs-module/
  liberime-20210526.623/emacs-module/26/
  liberime-20210526.623/emacs-module/26/emacs-module.h
  liberime-20210526.623/emacs-module/27/
  liberime-20210526.623/emacs-module/27/emacs-module.h
  liberime-20210526.623/emacs-module/28/
  liberime-20210526.623/emacs-module/28/emacs-module.h
  liberime-20210526.623/liberime-pkg.el
  liberime-20210526.623/liberime.el
  liberime-20210526.623/src/
  liberime-20210526.623/src/init.c
  liberime-20210526.623/src/interface.c
  liberime-20210526.623/src/interface.h
  liberime-20210526.623/src/liberime-core.c
  liberime-20210526.623/src/liberime-core.h
Built liberime in 5.078s, finished at 2021-08-17T10:03:58+0000
 ✓ Success:
4.0K -rw-r--r-- 1 root root  325 Aug 17 10:03 packages/liberime-20210526.623.entry
160K -rw-r--r-- 1 root root 160K Aug 17 10:03 packages/liberime-20210526.623.tar
4.0K -rw-r--r-- 1 root root 1.2K Aug 17 10:03 packages/liberime-badge.svg
4.0K -rw-r--r-- 1 root root   59 Aug 17 10:03 packages/liberime-readme.txt
