Package: lice
Fetcher: github
Source:  https://github.com/buzztaiki/lice-el.git

Updating /mnt/store/melpa/working/lice/
Checking out origin/HEAD
Checking out 482e58ab83fff86ed754b00be27b62a219597e7c
Copying files (->) and directories (=>)
  from /mnt/store/melpa/working/lice/
  to /tmp/liceOJPXxO/lice-20200607.103
    lice.el -> lice.el
    template => template
Created lice-20200607.103.tar containing:
  lice-20200607.103/
  lice-20200607.103/lice-pkg.el
  lice-20200607.103/lice.el
  lice-20200607.103/template/
  lice-20200607.103/template/agpl-3.0
  lice-20200607.103/template/apache-2.0
  lice-20200607.103/template/artistic-2.0
  lice-20200607.103/template/bsd-2-clause
  lice-20200607.103/template/bsd-3-clause
  lice-20200607.103/template/cc-by-sa-4.0
  lice-20200607.103/template/epl-1.0
  lice-20200607.103/template/gfdl-1.3
  lice-20200607.103/template/gpl-2.0
  lice-20200607.103/template/gpl-3.0
  lice-20200607.103/template/lgpl-2.1
  lice-20200607.103/template/lgpl-3.0
  lice-20200607.103/template/lppl-1.3c
  lice-20200607.103/template/mit
  lice-20200607.103/template/mozilla
  lice-20200607.103/template/unlicense
Built lice in 4.277s, finished at 2021-08-17T10:03:59+0000
 ✓ Success:
4.0K -rw-r--r-- 1 root root  347 Aug 17 10:03 packages/lice-20200607.103.entry
 40K -rw-r--r-- 1 root root  40K Aug 17 10:03 packages/lice-20200607.103.tar
4.0K -rw-r--r-- 1 root root 1.2K Aug 17 10:03 packages/lice-badge.svg
4.0K -rw-r--r-- 1 root root  519 Aug 17 10:03 packages/lice-readme.txt
