Package: linguistic
Fetcher: github
Source:  https://github.com/andcarnivorous/linguistic.git

Updating /mnt/store/melpa/working/linguistic/
Copying files (->) and directories (=>)
  from /mnt/store/melpa/working/linguistic/
  to /tmp/linguisticxZT6RK/linguistic-20181129.2116
    linguistic.el -> linguistic.el
    graphs.org -> graphs.org
Created linguistic-20181129.2116.tar containing:
  linguistic-20181129.2116/
  linguistic-20181129.2116/graphs.org
  linguistic-20181129.2116/linguistic-pkg.el
  linguistic-20181129.2116/linguistic.el
Built linguistic in 4.528s, finished at Wed May 19 03:40:10 2021
 ✓ Success:
4.0K -rw-r--r-- 1 root root  434 May 19 03:40 packages/linguistic-20181129.2116.entry
 32K -rw-r--r-- 1 root root  30K May 19 03:40 packages/linguistic-20181129.2116.tar
4.0K -rw-r--r-- 1 root root 1.2K May 19 03:40 packages/linguistic-badge.svg
4.0K -rw-r--r-- 1 root root  329 May 19 03:40 packages/linguistic-readme.txt
