Package: linphone
Fetcher: github
Source:  https://github.com/zabbal/emacs-linphone.git

Updating /mnt/store/melpa/working/linphone/
Copying files (->) and directories (=>)
  from /mnt/store/melpa/working/linphone/
  to /tmp/linphone2nD7gT/linphone-20130524.1109
    linphone-modeline.el -> linphone-modeline.el
    linphone.el -> linphone.el
Created linphone-20130524.1109.tar containing:
  linphone-20130524.1109/
  linphone-20130524.1109/linphone-modeline.el
  linphone-20130524.1109/linphone-pkg.el
  linphone-20130524.1109/linphone.el
Built linphone in 5.331s, finished at Wed May 19 03:40:16 2021
 ✓ Success:
4.0K -rw-r--r-- 1 root root  349 May 19 03:40 packages/linphone-20130524.1109.entry
 20K -rw-r--r-- 1 root root  20K May 19 03:40 packages/linphone-20130524.1109.tar
4.0K -rw-r--r-- 1 root root 1.2K May 19 03:40 packages/linphone-badge.svg
4.0K -rw-r--r-- 1 root root   53 May 19 03:40 packages/linphone-readme.txt
