Package: lispy
Fetcher: github
Source:  https://github.com/abo-abo/lispy.git

Updating /mnt/store/melpa/working/lispy/
Copying files (->) and directories (=>)
  from /mnt/store/melpa/working/lispy/
  to /tmp/lispyY98vj5/lispy-20210121.926
    elpa.el -> elpa.el
    le-clojure.el -> le-clojure.el
    le-hy.el -> le-hy.el
    le-julia.el -> le-julia.el
    le-lisp.el -> le-lisp.el
    le-python.el -> le-python.el
    le-racket.el -> le-racket.el
    le-scheme.el -> le-scheme.el
    lispy-inline.el -> lispy-inline.el
    lispy-pkg.el -> lispy-pkg.el
    lispy-tags.el -> lispy-tags.el
    lispy.el -> lispy.el
    lispy-clojure.clj -> lispy-clojure.clj
    lispy-python.py -> lispy-python.py
Created lispy-20210121.926.tar containing:
  lispy-20210121.926/
  lispy-20210121.926/elpa.el
  lispy-20210121.926/le-clojure.el
  lispy-20210121.926/le-hy.el
  lispy-20210121.926/le-julia.el
  lispy-20210121.926/le-lisp.el
  lispy-20210121.926/le-python.el
  lispy-20210121.926/le-racket.el
  lispy-20210121.926/le-scheme.el
  lispy-20210121.926/lispy-clojure.clj
  lispy-20210121.926/lispy-inline.el
  lispy-20210121.926/lispy-pkg.el
  lispy-20210121.926/lispy-python.py
  lispy-20210121.926/lispy-tags.el
  lispy-20210121.926/lispy.el
Built lispy in 5.591s, finished at Wed May 19 03:40:26 2021
 ✓ Success:
4.0K -rw-r--r-- 1 root root  430 May 19 03:40 packages/lispy-20210121.926.entry
480K -rw-r--r-- 1 root root 480K May 19 03:40 packages/lispy-20210121.926.tar
4.0K -rw-r--r-- 1 root root 1.2K May 19 03:40 packages/lispy-badge.svg
8.0K -rw-r--r-- 1 root root 4.9K May 19 03:40 packages/lispy-readme.txt
