Package: loopy
Fetcher: github
Source:  https://github.com/okamsn/loopy.git

Updating /mnt/store/melpa/working/loopy/
Checking out origin/HEAD
Checking out ff5a884ed94f750d2f40e79e4777c3420883fdbe
Copying files (->) and directories (=>)
  from /mnt/store/melpa/working/loopy/
  to /tmp/loopyQzQ7gY/loopy-20210811.244
    loopy-commands.el -> loopy-commands.el
    loopy-iter.el -> loopy-iter.el
    loopy-misc.el -> loopy-misc.el
    loopy-pcase.el -> loopy-pcase.el
    loopy-seq.el -> loopy-seq.el
    loopy.el -> loopy.el
  ! doc/loopy.texi -> loopy.texi
Created /tmp/loopyQzQ7gY/loopy-20210811.244/loopy.info
Created loopy-20210811.244.tar containing:
  loopy-20210811.244/
  loopy-20210811.244/dir
  loopy-20210811.244/loopy-commands.el
  loopy-20210811.244/loopy-iter.el
  loopy-20210811.244/loopy-misc.el
  loopy-20210811.244/loopy-pcase.el
  loopy-20210811.244/loopy-pkg.el
  loopy-20210811.244/loopy-seq.el
  loopy-20210811.244/loopy.el
  loopy-20210811.244/loopy.info
Built loopy in 15.166s, finished at 2021-08-17T10:05:37+0000
 ✓ Success:
4.0K -rw-r--r-- 1 root root  285 Aug 17 10:05 packages/loopy-20210811.244.entry
400K -rw-r--r-- 1 root root 400K Aug 17 10:05 packages/loopy-20210811.244.tar
4.0K -rw-r--r-- 1 root root 1.2K Aug 17 10:05 packages/loopy-badge.svg
8.0K -rw-r--r-- 1 root root 7.8K Aug 17 10:05 packages/loopy-dash-20210810.307.el
4.0K -rw-r--r-- 1 root root  391 Aug 17 10:05 packages/loopy-dash-20210810.307.entry
4.0K -rw-r--r-- 1 root root 1.2K Aug 17 10:05 packages/loopy-dash-badge.svg
4.0K -rw-r--r-- 1 root root  829 Aug 17 10:05 packages/loopy-dash-readme.txt
4.0K -rw-r--r-- 1 root root  606 Aug 17 10:05 packages/loopy-dash.log
4.0K -rw-r--r-- 1 root root 3.4K Aug 17 10:05 packages/loopy-readme.txt
