Package: lsp-mode
Fetcher: github
Source:  https://github.com/emacs-lsp/lsp-mode.git

Updating /mnt/store/melpa/working/lsp-mode/
Copying files (->) and directories (=>)
  from /mnt/store/melpa/working/lsp-mode/
  to /tmp/lsp-modemL8e7Z/lsp-mode-20210518.1256
    lsp-completion.el -> lsp-completion.el
    lsp-diagnostics.el -> lsp-diagnostics.el
    lsp-dired.el -> lsp-dired.el
    lsp-headerline.el -> lsp-headerline.el
    lsp-icons.el -> lsp-icons.el
    lsp-ido.el -> lsp-ido.el
    lsp-iedit.el -> lsp-iedit.el
    lsp-lens.el -> lsp-lens.el
    lsp-mode.el -> lsp-mode.el
    lsp-modeline.el -> lsp-modeline.el
    lsp-protocol.el -> lsp-protocol.el
    lsp-semantic-tokens.el -> lsp-semantic-tokens.el
    lsp.el -> lsp.el
  ! clients/lsp-actionscript.el -> lsp-actionscript.el
  ! clients/lsp-ada.el -> lsp-ada.el
  ! clients/lsp-angular.el -> lsp-angular.el
  ! clients/lsp-bash.el -> lsp-bash.el
  ! clients/lsp-clangd.el -> lsp-clangd.el
  ! clients/lsp-clojure.el -> lsp-clojure.el
  ! clients/lsp-cmake.el -> lsp-cmake.el
  ! clients/lsp-crystal.el -> lsp-crystal.el
  ! clients/lsp-csharp.el -> lsp-csharp.el
  ! clients/lsp-css.el -> lsp-css.el
  ! clients/lsp-d.el -> lsp-d.el
  ! clients/lsp-dhall.el -> lsp-dhall.el
  ! clients/lsp-dockerfile.el -> lsp-dockerfile.el
  ! clients/lsp-elixir.el -> lsp-elixir.el
  ! clients/lsp-elm.el -> lsp-elm.el
  ! clients/lsp-erlang.el -> lsp-erlang.el
  ! clients/lsp-eslint.el -> lsp-eslint.el
  ! clients/lsp-fortran.el -> lsp-fortran.el
  ! clients/lsp-fsharp.el -> lsp-fsharp.el
  ! clients/lsp-gdscript.el -> lsp-gdscript.el
  ! clients/lsp-go.el -> lsp-go.el
  ! clients/lsp-groovy.el -> lsp-groovy.el
  ! clients/lsp-hack.el -> lsp-hack.el
  ! clients/lsp-haxe.el -> lsp-haxe.el
  ! clients/lsp-html.el -> lsp-html.el
  ! clients/lsp-javascript.el -> lsp-javascript.el
  ! clients/lsp-json.el -> lsp-json.el
  ! clients/lsp-kotlin.el -> lsp-kotlin.el
  ! clients/lsp-lua.el -> lsp-lua.el
  ! clients/lsp-markdown.el -> lsp-markdown.el
  ! clients/lsp-nim.el -> lsp-nim.el
  ! clients/lsp-nix.el -> lsp-nix.el
  ! clients/lsp-ocaml.el -> lsp-ocaml.el
  ! clients/lsp-perl.el -> lsp-perl.el
  ! clients/lsp-php.el -> lsp-php.el
  ! clients/lsp-prolog.el -> lsp-prolog.el
  ! clients/lsp-purescript.el -> lsp-purescript.el
  ! clients/lsp-pwsh.el -> lsp-pwsh.el
  ! clients/lsp-pyls.el -> lsp-pyls.el
  ! clients/lsp-pylsp.el -> lsp-pylsp.el
  ! clients/lsp-r.el -> lsp-r.el
  ! clients/lsp-racket.el -> lsp-racket.el
  ! clients/lsp-rf.el -> lsp-rf.el
  ! clients/lsp-rust.el -> lsp-rust.el
  ! clients/lsp-solargraph.el -> lsp-solargraph.el
  ! clients/lsp-sorbet.el -> lsp-sorbet.el
  ! clients/lsp-sqls.el -> lsp-sqls.el
  ! clients/lsp-steep.el -> lsp-steep.el
  ! clients/lsp-svelte.el -> lsp-svelte.el
  ! clients/lsp-terraform.el -> lsp-terraform.el
  ! clients/lsp-tex.el -> lsp-tex.el
  ! clients/lsp-vala.el -> lsp-vala.el
  ! clients/lsp-verilog.el -> lsp-verilog.el
  ! clients/lsp-vetur.el -> lsp-vetur.el
  ! clients/lsp-vhdl.el -> lsp-vhdl.el
  ! clients/lsp-vimscript.el -> lsp-vimscript.el
  ! clients/lsp-xml.el -> lsp-xml.el
  ! clients/lsp-yaml.el -> lsp-yaml.el
  ! clients/lsp-zig.el -> lsp-zig.el
Created lsp-mode-20210518.1256.tar containing:
  lsp-mode-20210518.1256/
  lsp-mode-20210518.1256/lsp-actionscript.el
  lsp-mode-20210518.1256/lsp-ada.el
  lsp-mode-20210518.1256/lsp-angular.el
  lsp-mode-20210518.1256/lsp-bash.el
  lsp-mode-20210518.1256/lsp-clangd.el
  lsp-mode-20210518.1256/lsp-clojure.el
  lsp-mode-20210518.1256/lsp-cmake.el
  lsp-mode-20210518.1256/lsp-completion.el
  lsp-mode-20210518.1256/lsp-crystal.el
  lsp-mode-20210518.1256/lsp-csharp.el
  lsp-mode-20210518.1256/lsp-css.el
  lsp-mode-20210518.1256/lsp-d.el
  lsp-mode-20210518.1256/lsp-dhall.el
  lsp-mode-20210518.1256/lsp-diagnostics.el
  lsp-mode-20210518.1256/lsp-dired.el
  lsp-mode-20210518.1256/lsp-dockerfile.el
  lsp-mode-20210518.1256/lsp-elixir.el
  lsp-mode-20210518.1256/lsp-elm.el
  lsp-mode-20210518.1256/lsp-erlang.el
  lsp-mode-20210518.1256/lsp-eslint.el
  lsp-mode-20210518.1256/lsp-fortran.el
  lsp-mode-20210518.1256/lsp-fsharp.el
  lsp-mode-20210518.1256/lsp-gdscript.el
  lsp-mode-20210518.1256/lsp-go.el
  lsp-mode-20210518.1256/lsp-groovy.el
  lsp-mode-20210518.1256/lsp-hack.el
  lsp-mode-20210518.1256/lsp-haxe.el
  lsp-mode-20210518.1256/lsp-headerline.el
  lsp-mode-20210518.1256/lsp-html.el
  lsp-mode-20210518.1256/lsp-icons.el
  lsp-mode-20210518.1256/lsp-ido.el
  lsp-mode-20210518.1256/lsp-iedit.el
  lsp-mode-20210518.1256/lsp-javascript.el
  lsp-mode-20210518.1256/lsp-json.el
  lsp-mode-20210518.1256/lsp-kotlin.el
  lsp-mode-20210518.1256/lsp-lens.el
  lsp-mode-20210518.1256/lsp-lua.el
  lsp-mode-20210518.1256/lsp-markdown.el
  lsp-mode-20210518.1256/lsp-mode-pkg.el
  lsp-mode-20210518.1256/lsp-mode.el
  lsp-mode-20210518.1256/lsp-modeline.el
  lsp-mode-20210518.1256/lsp-nim.el
  lsp-mode-20210518.1256/lsp-nix.el
  lsp-mode-20210518.1256/lsp-ocaml.el
  lsp-mode-20210518.1256/lsp-perl.el
  lsp-mode-20210518.1256/lsp-php.el
  lsp-mode-20210518.1256/lsp-prolog.el
  lsp-mode-20210518.1256/lsp-protocol.el
  lsp-mode-20210518.1256/lsp-purescript.el
  lsp-mode-20210518.1256/lsp-pwsh.el
  lsp-mode-20210518.1256/lsp-pyls.el
  lsp-mode-20210518.1256/lsp-pylsp.el
  lsp-mode-20210518.1256/lsp-r.el
  lsp-mode-20210518.1256/lsp-racket.el
  lsp-mode-20210518.1256/lsp-rf.el
  lsp-mode-20210518.1256/lsp-rust.el
  lsp-mode-20210518.1256/lsp-semantic-tokens.el
  lsp-mode-20210518.1256/lsp-solargraph.el
  lsp-mode-20210518.1256/lsp-sorbet.el
  lsp-mode-20210518.1256/lsp-sqls.el
  lsp-mode-20210518.1256/lsp-steep.el
  lsp-mode-20210518.1256/lsp-svelte.el
  lsp-mode-20210518.1256/lsp-terraform.el
  lsp-mode-20210518.1256/lsp-tex.el
  lsp-mode-20210518.1256/lsp-vala.el
  lsp-mode-20210518.1256/lsp-verilog.el
  lsp-mode-20210518.1256/lsp-vetur.el
  lsp-mode-20210518.1256/lsp-vhdl.el
  lsp-mode-20210518.1256/lsp-vimscript.el
  lsp-mode-20210518.1256/lsp-xml.el
  lsp-mode-20210518.1256/lsp-yaml.el
  lsp-mode-20210518.1256/lsp-zig.el
  lsp-mode-20210518.1256/lsp.el
Built lsp-mode in 5.414s, finished at Wed May 19 03:41:25 2021
 ✓ Success:
 4.0K -rw-r--r-- 1 root root   512 May 19 03:41 packages/lsp-mode-20210518.1256.entry
1020K -rw-r--r-- 1 root root 1020K May 19 03:41 packages/lsp-mode-20210518.1256.tar
 4.0K -rw-r--r-- 1 root root  1.2K May 19 03:41 packages/lsp-mode-badge.svg
 4.0K -rw-r--r-- 1 root root    54 May 19 03:41 packages/lsp-mode-readme.txt
