Package: lsp-java
Fetcher: github
Source:  https://github.com/emacs-lsp/lsp-java.git

Updating /mnt/store/melpa/working/lsp-java/
Checking out origin/HEAD
Checking out 2a7d27e899edf7ad221a546ed67711ef5487f3ec
Copying files (->) and directories (=>)
  from /mnt/store/melpa/working/lsp-java/
  to /tmp/lsp-javaKBqmmG/lsp-java-20210806.1842
    dap-java.el -> dap-java.el
    lsp-java-boot.el -> lsp-java-boot.el
    lsp-java.el -> lsp-java.el
    lsp-jt.el -> lsp-jt.el
    icons => icons
Created lsp-java-20210806.1842.tar containing:
  lsp-java-20210806.1842/
  lsp-java-20210806.1842/dap-java.el
  lsp-java-20210806.1842/icons/
  lsp-java-20210806.1842/icons/vscode/
  lsp-java-20210806.1842/icons/vscode/class.png
  lsp-java-20210806.1842/icons/vscode/debug.png
  lsp-java-20210806.1842/icons/vscode/history.png
  lsp-java-20210806.1842/icons/vscode/method.png
  lsp-java-20210806.1842/icons/vscode/package.png
  lsp-java-20210806.1842/icons/vscode/pass.png
  lsp-java-20210806.1842/icons/vscode/placeholder.png
  lsp-java-20210806.1842/icons/vscode/refresh.png
  lsp-java-20210806.1842/icons/vscode/run.png
  lsp-java-20210806.1842/icons/vscode/running.png
  lsp-java-20210806.1842/icons/vscode/test-error.png
  lsp-java-20210806.1842/lsp-java-boot.el
  lsp-java-20210806.1842/lsp-java-pkg.el
  lsp-java-20210806.1842/lsp-java.el
  lsp-java-20210806.1842/lsp-jt.el
Built lsp-java in 4.659s, finished at 2021-08-17T10:05:40+0000
 ✓ Success:
4.0K -rw-r--r-- 1 root root  468 Aug 17 10:05 packages/lsp-java-20210806.1842.entry
180K -rw-r--r-- 1 root root 180K Aug 17 10:05 packages/lsp-java-20210806.1842.tar
4.0K -rw-r--r-- 1 root root 1.2K Aug 17 10:05 packages/lsp-java-badge.svg
4.0K -rw-r--r-- 1 root root   35 Aug 17 10:05 packages/lsp-java-readme.txt
