Package: lsp-p4
Fetcher: github
Source:  https://github.com/dmakarov/p4ls.git

Updating /mnt/store/melpa/working/lsp-p4/
Checking out origin/HEAD
Checking out 669460d93b87fb876df11b2b68229677e7ad1a26
Copying files (->) and directories (=>)
  from /mnt/store/melpa/working/lsp-p4/
  to /tmp/lsp-p4hOiSle/lsp-p4-20190127.1049
  ! clients/emacs/lsp-p4.el -> lsp-p4.el
  ! clients/emacs/p4lang-mode.el -> p4lang-mode.el
Created lsp-p4-20190127.1049.tar containing:
  lsp-p4-20190127.1049/
  lsp-p4-20190127.1049/lsp-p4-pkg.el
  lsp-p4-20190127.1049/lsp-p4.el
  lsp-p4-20190127.1049/p4lang-mode.el
Built lsp-p4 in 5.080s, finished at 2021-08-17T10:05:52+0000
 ✓ Success:
4.0K -rw-r--r-- 1 root root  290 Aug 17 10:05 packages/lsp-p4-20190127.1049.entry
 20K -rw-r--r-- 1 root root  20K Aug 17 10:05 packages/lsp-p4-20190127.1049.tar
4.0K -rw-r--r-- 1 root root 1.2K Aug 17 10:05 packages/lsp-p4-badge.svg
4.0K -rw-r--r-- 1 root root  294 Aug 17 10:05 packages/lsp-p4-readme.txt
