Package: magit-popup
Fetcher: github
Source:  https://github.com/magit/magit-popup.git

Updating /mnt/store/melpa/working/magit-popup/
Copying files (->) and directories (=>)
  from /mnt/store/melpa/working/magit-popup/
  to /tmp/magit-popuppZzXbi/magit-popup-20200719.1015
    magit-popup.el -> magit-popup.el
    magit-popup.texi -> magit-popup.texi
Created /tmp/magit-popuppZzXbi/magit-popup-20200719.1015/magit-popup.info
Created magit-popup-20200719.1015.tar containing:
  magit-popup-20200719.1015/
  magit-popup-20200719.1015/dir
  magit-popup-20200719.1015/magit-popup-pkg.el
  magit-popup-20200719.1015/magit-popup.el
  magit-popup-20200719.1015/magit-popup.info
Built magit-popup in 8.587s, finished at Wed May 19 03:42:37 2021
 ✓ Success:
4.0K -rw-r--r-- 1 root root  421 May 19 03:42 packages/magit-popup-20200719.1015.entry
 92K -rw-r--r-- 1 root root  90K May 19 03:42 packages/magit-popup-20200719.1015.tar
4.0K -rw-r--r-- 1 root root 1.2K May 19 03:42 packages/magit-popup-badge.svg
4.0K -rw-r--r-- 1 root root  343 May 19 03:42 packages/magit-popup-readme.txt
