Package: magithub
Fetcher: github
Source:  https://github.com/vermiculus/magithub.git

Updating /mnt/store/melpa/working/magithub/
Copying files (->) and directories (=>)
  from /mnt/store/melpa/working/magithub/
  to /tmp/magithubHez7k0/magithub-20190512.2316
    magithub-ci.el -> magithub-ci.el
    magithub-comment.el -> magithub-comment.el
    magithub-completion.el -> magithub-completion.el
    magithub-core.el -> magithub-core.el
    magithub-dash.el -> magithub-dash.el
    magithub-edit-mode.el -> magithub-edit-mode.el
    magithub-faces.el -> magithub-faces.el
    magithub-issue-post.el -> magithub-issue-post.el
    magithub-issue-tricks.el -> magithub-issue-tricks.el
    magithub-issue-view.el -> magithub-issue-view.el
    magithub-issue.el -> magithub-issue.el
    magithub-label.el -> magithub-label.el
    magithub-notification.el -> magithub-notification.el
    magithub-orgs.el -> magithub-orgs.el
    magithub-repo.el -> magithub-repo.el
    magithub-settings.el -> magithub-settings.el
    magithub-user.el -> magithub-user.el
    magithub.el -> magithub.el
    magithub.texi -> magithub.texi
Created /tmp/magithubHez7k0/magithub-20190512.2316/magithub.info
Created magithub-20190512.2316.tar containing:
  magithub-20190512.2316/
  magithub-20190512.2316/dir
  magithub-20190512.2316/magithub-ci.el
  magithub-20190512.2316/magithub-comment.el
  magithub-20190512.2316/magithub-completion.el
  magithub-20190512.2316/magithub-core.el
  magithub-20190512.2316/magithub-dash.el
  magithub-20190512.2316/magithub-edit-mode.el
  magithub-20190512.2316/magithub-faces.el
  magithub-20190512.2316/magithub-issue-post.el
  magithub-20190512.2316/magithub-issue-tricks.el
  magithub-20190512.2316/magithub-issue-view.el
  magithub-20190512.2316/magithub-issue.el
  magithub-20190512.2316/magithub-label.el
  magithub-20190512.2316/magithub-notification.el
  magithub-20190512.2316/magithub-orgs.el
  magithub-20190512.2316/magithub-pkg.el
  magithub-20190512.2316/magithub-repo.el
  magithub-20190512.2316/magithub-settings.el
  magithub-20190512.2316/magithub-user.el
  magithub-20190512.2316/magithub.el
  magithub-20190512.2316/magithub.info
Built magithub in 9.790s, finished at Wed May 19 03:42:47 2021
 ✓ Success:
4.0K -rw-r--r-- 1 root root  507 May 19 03:42 packages/magithub-20190512.2316.entry
240K -rw-r--r-- 1 root root 240K May 19 03:42 packages/magithub-20190512.2316.tar
4.0K -rw-r--r-- 1 root root 1.2K May 19 03:42 packages/magithub-badge.svg
4.0K -rw-r--r-- 1 root root  604 May 19 03:42 packages/magithub-readme.txt
