Package: magit-section
Fetcher: github
Source:  https://github.com/magit/magit.git

Updating /mnt/store/melpa/working/magit-section/
Checking out origin/HEAD
Checking out de1dc8e74bbfabf00ed20fceec2cb03c4493c510
Copying files (->) and directories (=>)
  from /mnt/store/melpa/working/magit-section/
  to /tmp/magit-sectionkxyDEZ/magit-section-20210813.904
  ! lisp/magit-section.el -> magit-section.el
  ! Documentation/magit-section.texi -> magit-section.texi
Created /tmp/magit-sectionkxyDEZ/magit-section-20210813.904/magit-section.info
Created magit-section-20210813.904.tar containing:
  magit-section-20210813.904/
  magit-section-20210813.904/dir
  magit-section-20210813.904/magit-section-pkg.el
  magit-section-20210813.904/magit-section.el
  magit-section-20210813.904/magit-section.info
Built magit-section in 8.357s, finished at 2021-08-17T10:06:43+0000
 ✓ Success:
4.0K -rw-r--r-- 1 root root  370 Aug 17 10:06 packages/magit-section-20210813.904.entry
100K -rw-r--r-- 1 root root 100K Aug 17 10:06 packages/magit-section-20210813.904.tar
4.0K -rw-r--r-- 1 root root 1.2K Aug 17 10:06 packages/magit-section-badge.svg
4.0K -rw-r--r-- 1 root root  255 Aug 17 10:06 packages/magit-section-readme.txt
