Package: magrant
Fetcher: github
Source:  https://github.com/p3r7/magrant.git

Updating /mnt/store/melpa/working/magrant/
Checking out origin/HEAD
Checking out 6309c001355126e3ade79493479b517925943d17
Copying files (->) and directories (=>)
  from /mnt/store/melpa/working/magrant/
  to /tmp/magrantDXDTAR/magrant-20210706.1438
    magrant-box.el -> magrant-box.el
    magrant-core.el -> magrant-core.el
    magrant-faces.el -> magrant-faces.el
    magrant-machine.el -> magrant-machine.el
    magrant-utils.el -> magrant-utils.el
    magrant.el -> magrant.el
Created magrant-20210706.1438.tar containing:
  magrant-20210706.1438/
  magrant-20210706.1438/magrant-box.el
  magrant-20210706.1438/magrant-core.el
  magrant-20210706.1438/magrant-faces.el
  magrant-20210706.1438/magrant-machine.el
  magrant-20210706.1438/magrant-pkg.el
  magrant-20210706.1438/magrant-utils.el
  magrant-20210706.1438/magrant.el
Built magrant in 5.035s, finished at 2021-08-17T10:06:52+0000
 ✓ Success:
4.0K -rw-r--r-- 1 root root  388 Aug 17 10:06 packages/magrant-20210706.1438.entry
 32K -rw-r--r-- 1 root root  30K Aug 17 10:06 packages/magrant-20210706.1438.tar
4.0K -rw-r--r-- 1 root root 1.2K Aug 17 10:06 packages/magrant-badge.svg
4.0K -rw-r--r-- 1 root root  425 Aug 17 10:06 packages/magrant-readme.txt
