Package: majapahit-theme
Fetcher: gitlab
Source:  https://gitlab.com/franksn/majapahit-theme.git

Updating /mnt/store/melpa/working/majapahit-theme/
Copying files (->) and directories (=>)
  from /mnt/store/melpa/working/majapahit-theme/
  to /tmp/majapahit-themePUaxNx/majapahit-theme-20160817.1848
    majapahit-common.el -> majapahit-common.el
    majapahit-dark-theme.el -> majapahit-dark-theme.el
    majapahit-light-theme.el -> majapahit-light-theme.el
    majapahit-theme-pkg.el -> majapahit-theme-pkg.el
Created majapahit-theme-20160817.1848.tar containing:
  majapahit-theme-20160817.1848/
  majapahit-theme-20160817.1848/majapahit-common.el
  majapahit-theme-20160817.1848/majapahit-dark-theme.el
  majapahit-theme-20160817.1848/majapahit-light-theme.el
  majapahit-theme-20160817.1848/majapahit-theme-pkg.el
Built majapahit-theme in 3.852s, finished at Wed May 19 03:42:45 2021
 ✓ Success:
4.0K -rw-r--r-- 1 root root  159 May 19 03:42 packages/majapahit-theme-20160817.1848.entry
132K -rw-r--r-- 1 root root 130K May 19 03:42 packages/majapahit-theme-20160817.1848.tar
4.0K -rw-r--r-- 1 root root 1.2K May 19 03:42 packages/majapahit-theme-badge.svg
