Package: marginalia
Fetcher: github
Source:  https://github.com/minad/marginalia.git

Updating /mnt/store/melpa/working/marginalia/
Copying files (->) and directories (=>)
  from /mnt/store/melpa/working/marginalia/
  to /tmp/marginaliaVoP6fp/marginalia-20210518.1405
    marginalia.el -> marginalia.el
    marginalia.texi -> marginalia.texi
Created /tmp/marginaliaVoP6fp/marginalia-20210518.1405/marginalia.info
Created marginalia-20210518.1405.tar containing:
  marginalia-20210518.1405/
  marginalia-20210518.1405/dir
  marginalia-20210518.1405/marginalia-pkg.el
  marginalia-20210518.1405/marginalia.el
  marginalia-20210518.1405/marginalia.info
Built marginalia in 9.574s, finished at Wed May 19 03:43:09 2021
 ✓ Success:
4.0K -rw-r--r-- 1 root root  478 May 19 03:43 packages/marginalia-20210518.1405.entry
 52K -rw-r--r-- 1 root root  50K May 19 03:43 packages/marginalia-20210518.1405.tar
4.0K -rw-r--r-- 1 root root 1.2K May 19 03:43 packages/marginalia-badge.svg
4.0K -rw-r--r-- 1 root root   53 May 19 03:43 packages/marginalia-readme.txt
