Package: markdown-toc
Fetcher: github
Source:  https://github.com/ardumont/markdown-toc.git

Updating /mnt/store/melpa/working/markdown-toc/
Checking out origin/HEAD
Checking out f78cba9b5761c91058fed3a781bd3fed7f996e1f
Copying files (->) and directories (=>)
  from /mnt/store/melpa/working/markdown-toc/
  to /tmp/markdown-tocdExjCw/markdown-toc-20210629.931
    markdown-toc-pkg.el -> markdown-toc-pkg.el
    markdown-toc.el -> markdown-toc.el
Created markdown-toc-20210629.931.tar containing:
  markdown-toc-20210629.931/
  markdown-toc-20210629.931/markdown-toc-pkg.el
  markdown-toc-20210629.931/markdown-toc.el
Built markdown-toc in 5.043s, finished at 2021-08-17T10:07:20+0000
 ✓ Success:
4.0K -rw-r--r-- 1 root root  436 Aug 17 10:07 packages/markdown-toc-20210629.931.entry
 20K -rw-r--r-- 1 root root  20K Aug 17 10:07 packages/markdown-toc-20210629.931.tar
4.0K -rw-r--r-- 1 root root 1.2K Aug 17 10:07 packages/markdown-toc-badge.svg
4.0K -rw-r--r-- 1 root root  904 Aug 17 10:07 packages/markdown-toc-readme.txt
