Package: markdown-preview-mode
Fetcher: github
Source:  https://github.com/ancane/markdown-preview-mode.git

Updating /mnt/store/melpa/working/markdown-preview-mode/
Checking out origin/HEAD
Checking out dde87b96de9e81dd01d174da67ef68687b3a5eb5
Copying files (->) and directories (=>)
  from /mnt/store/melpa/working/markdown-preview-mode/
  to /tmp/markdown-preview-modeysZSwV/markdown-preview-mode-20210516.936
    markdown-preview-mode.el -> markdown-preview-mode.el
    preview.html -> preview.html
    favicon.ico -> favicon.ico
Created markdown-preview-mode-20210516.936.tar containing:
  markdown-preview-mode-20210516.936/
  markdown-preview-mode-20210516.936/favicon.ico
  markdown-preview-mode-20210516.936/markdown-preview-mode-pkg.el
  markdown-preview-mode-20210516.936/markdown-preview-mode.el
  markdown-preview-mode-20210516.936/preview.html
Built markdown-preview-mode in 4.678s, finished at 2021-08-17T10:07:17+0000
 ✓ Success:
4.0K -rw-r--r-- 1 root root  526 Aug 17 10:07 packages/markdown-preview-mode-20210516.936.entry
 44K -rw-r--r-- 1 root root  40K Aug 17 10:07 packages/markdown-preview-mode-20210516.936.tar
4.0K -rw-r--r-- 1 root root 1.2K Aug 17 10:07 packages/markdown-preview-mode-badge.svg
4.0K -rw-r--r-- 1 root root  129 Aug 17 10:07 packages/markdown-preview-mode-readme.txt
