Package: mark-multiple
Fetcher: github
Source:  https://github.com/magnars/mark-multiple.el.git

Updating /mnt/store/melpa/working/mark-multiple/
Copying files (->) and directories (=>)
  from /mnt/store/melpa/working/mark-multiple/
  to /tmp/mark-multiple7vFjha/mark-multiple-20121118.1554
    inline-string-rectangle.el -> inline-string-rectangle.el
    mark-more-like-this.el -> mark-more-like-this.el
    mark-multiple-pkg.el -> mark-multiple-pkg.el
    mark-multiple.el -> mark-multiple.el
    mm-pabbrev-integration.el -> mm-pabbrev-integration.el
    rename-sgml-tag.el -> rename-sgml-tag.el
Created mark-multiple-20121118.1554.tar containing:
  mark-multiple-20121118.1554/
  mark-multiple-20121118.1554/inline-string-rectangle.el
  mark-multiple-20121118.1554/mark-more-like-this.el
  mark-multiple-20121118.1554/mark-multiple-pkg.el
  mark-multiple-20121118.1554/mark-multiple.el
  mark-multiple-20121118.1554/mm-pabbrev-integration.el
  mark-multiple-20121118.1554/rename-sgml-tag.el
Built mark-multiple in 5.120s, finished at Wed May 19 03:43:05 2021
 ✓ Success:
4.0K -rw-r--r-- 1 root root  306 May 19 03:43 packages/mark-multiple-20121118.1554.entry
 32K -rw-r--r-- 1 root root  30K May 19 03:43 packages/mark-multiple-20121118.1554.tar
4.0K -rw-r--r-- 1 root root 1.2K May 19 03:43 packages/mark-multiple-badge.svg
4.0K -rw-r--r-- 1 root root 3.5K May 19 03:43 packages/mark-multiple-readme.txt
