Package: math-symbols
Fetcher: github
Source:  https://github.com/kawabata/math-symbols.git

Updating /mnt/store/melpa/working/math-symbols/
Checking out origin/HEAD
Checking out 091b81cb40ceaff97614999ffe85b572ace182f0
Copying files (->) and directories (=>)
  from /mnt/store/melpa/working/math-symbols/
  to /tmp/math-symbolsBt1Lag/math-symbols-20201005.2313
    math-symbols.el -> math-symbols.el
    unimathsymbols.txt -> unimathsymbols.txt
Created math-symbols-20201005.2313.tar containing:
  math-symbols-20201005.2313/
  math-symbols-20201005.2313/math-symbols-pkg.el
  math-symbols-20201005.2313/math-symbols.el
  math-symbols-20201005.2313/unimathsymbols.txt
Built math-symbols in 5.485s, finished at 2021-08-17T10:07:32+0000
 ✓ Success:
4.0K -rw-r--r-- 1 root root  399 Aug 17 10:07 packages/math-symbols-20201005.2313.entry
260K -rw-r--r-- 1 root root 260K Aug 17 10:07 packages/math-symbols-20201005.2313.tar
4.0K -rw-r--r-- 1 root root 1.2K Aug 17 10:07 packages/math-symbols-badge.svg
4.0K -rw-r--r-- 1 root root 2.6K Aug 17 10:07 packages/math-symbols-readme.txt
