Package: mb-url
Fetcher: github
Source:  https://github.com/dochang/mb-url.git

Updating /mnt/store/melpa/working/mb-url/
Checking out origin/HEAD
Checking out 7230902e1f844e0a1388f741e9ae6260cda3de69
Copying files (->) and directories (=>)
  from /mnt/store/melpa/working/mb-url/
  to /tmp/mb-urlSAsdmz/mb-url-20191006.1930
    mb-url-http.el -> mb-url-http.el
    mb-url-pkg.el -> mb-url-pkg.el
    mb-url.el -> mb-url.el
Created mb-url-20191006.1930.tar containing:
  mb-url-20191006.1930/
  mb-url-20191006.1930/mb-url-http.el
  mb-url-20191006.1930/mb-url-pkg.el
  mb-url-20191006.1930/mb-url.el
Built mb-url in 5.029s, finished at 2021-08-17T10:07:39+0000
 ✓ Success:
4.0K -rw-r--r-- 1 root root  268 Aug 17 10:07 packages/mb-url-20191006.1930.entry
 20K -rw-r--r-- 1 root root  20K Aug 17 10:07 packages/mb-url-20191006.1930.tar
4.0K -rw-r--r-- 1 root root 1.2K Aug 17 10:07 packages/mb-url-badge.svg
4.0K -rw-r--r-- 1 root root 3.5K Aug 17 10:07 packages/mb-url-readme.txt
