Package: md-readme
Fetcher: github
Source:  https://github.com/thomas11/md-readme.git

Updating /mnt/store/melpa/working/md-readme/
Copying files (->) and directories (=>)
  from /mnt/store/melpa/working/md-readme/
  to /tmp/md-readmec4EWek/md-readme-20191112.1943
    md-readme.el -> md-readme.el
    bin => bin
Created md-readme-20191112.1943.tar containing:
  md-readme-20191112.1943/
  md-readme-20191112.1943/bin/
  md-readme-20191112.1943/bin/md-readme
  md-readme-20191112.1943/md-readme-pkg.el
  md-readme-20191112.1943/md-readme.el
Built md-readme in 4.416s, finished at Wed May 19 03:43:35 2021
 ✓ Success:
4.0K -rw-r--r-- 1 root root  433 May 19 03:43 packages/md-readme-20191112.1943.entry
 20K -rw-r--r-- 1 root root  20K May 19 03:43 packages/md-readme-20191112.1943.tar
4.0K -rw-r--r-- 1 root root 1.2K May 19 03:43 packages/md-readme-badge.svg
4.0K -rw-r--r-- 1 root root 1.8K May 19 03:43 packages/md-readme-readme.txt
