Package: mentor
Fetcher: github
Source:  https://github.com/skangas/mentor.git

Updating /mnt/store/melpa/working/mentor/
Copying files (->) and directories (=>)
  from /mnt/store/melpa/working/mentor/
  to /tmp/mentor64jAjG/mentor-20201121.1649
    mentor-data.el -> mentor-data.el
    mentor-files.el -> mentor-files.el
    mentor-rpc.el -> mentor-rpc.el
    mentor.el -> mentor.el
    url-scgi.el -> url-scgi.el
Created mentor-20201121.1649.tar containing:
  mentor-20201121.1649/
  mentor-20201121.1649/mentor-data.el
  mentor-20201121.1649/mentor-files.el
  mentor-20201121.1649/mentor-pkg.el
  mentor-20201121.1649/mentor-rpc.el
  mentor-20201121.1649/mentor.el
  mentor-20201121.1649/url-scgi.el
Built mentor in 3.901s, finished at Wed May 19 03:43:43 2021
 ✓ Success:
4.0K -rw-r--r-- 1 root root  403 May 19 03:43 packages/mentor-20201121.1649.entry
112K -rw-r--r-- 1 root root 110K May 19 03:43 packages/mentor-20201121.1649.tar
4.0K -rw-r--r-- 1 root root 1.2K May 19 03:43 packages/mentor-badge.svg
4.0K -rw-r--r-- 1 root root  659 May 19 03:43 packages/mentor-readme.txt
