Package: merlin
Fetcher: github
Source:  https://github.com/ocaml/merlin.git

Updating /mnt/store/melpa/working/merlin/
Copying files (->) and directories (=>)
  from /mnt/store/melpa/working/merlin/
  to /tmp/merlin1wVcBe/merlin-20210408.1014
  ! emacs/merlin-cap.el -> merlin-cap.el
  ! emacs/merlin-imenu.el -> merlin-imenu.el
  ! emacs/merlin-xref.el -> merlin-xref.el
  ! emacs/merlin.el -> merlin.el
Created merlin-20210408.1014.tar containing:
  merlin-20210408.1014/
  merlin-20210408.1014/merlin-cap.el
  merlin-20210408.1014/merlin-imenu.el
  merlin-20210408.1014/merlin-pkg.el
  merlin-20210408.1014/merlin-xref.el
  merlin-20210408.1014/merlin.el
Built merlin in 4.321s, finished at Wed May 19 03:43:43 2021
 ✓ Success:
4.0K -rw-r--r-- 1 root root  374 May 19 03:43 packages/merlin-20210408.1014.entry
 92K -rw-r--r-- 1 root root  90K May 19 03:43 packages/merlin-20210408.1014.tar
8.0K -rw-r--r-- 1 root root 6.1K May 19 00:29 packages/merlin-ac-20210409.1323.el
4.0K -rw-r--r-- 1 root root  572 May 19 00:29 packages/merlin-ac-20210409.1323.entry
4.0K -rw-r--r-- 1 root root 1.2K May 19 00:29 packages/merlin-ac-badge.svg
4.0K -rw-r--r-- 1 root root  328 May 19 00:29 packages/merlin-ac-readme.txt
4.0K -rw-r--r-- 1 root root  126 May 19 03:43 packages/merlin-ac.log
4.0K -rw-r--r-- 1 root root 1.2K May 19 03:43 packages/merlin-badge.svg
8.0K -rw-r--r-- 1 root root 5.6K May 19 00:29 packages/merlin-company-20210409.1323.el
4.0K -rw-r--r-- 1 root root  538 May 19 00:29 packages/merlin-company-20210409.1323.entry
4.0K -rw-r--r-- 1 root root 1.2K May 19 00:29 packages/merlin-company-badge.svg
4.0K -rw-r--r-- 1 root root  216 May 19 00:29 packages/merlin-company-readme.txt
4.0K -rw-r--r-- 1 root root  136 May 19 03:43 packages/merlin-company.log
 28K -rw-r--r-- 1 root root  28K May 19 00:29 packages/merlin-eldoc-20190830.517.el
4.0K -rw-r--r-- 1 root root  414 May 19 00:29 packages/merlin-eldoc-20190830.517.entry
4.0K -rw-r--r-- 1 root root 1.2K May 19 00:29 packages/merlin-eldoc-badge.svg
4.0K -rw-r--r-- 1 root root  252 May 19 00:29 packages/merlin-eldoc-readme.txt
4.0K -rw-r--r-- 1 root root  138 May 19 03:43 packages/merlin-eldoc.log
4.0K -rw-r--r-- 1 root root 2.6K May 19 00:29 packages/merlin-iedit-20210409.1323.el
4.0K -rw-r--r-- 1 root root  523 May 19 00:29 packages/merlin-iedit-20210409.1323.entry
4.0K -rw-r--r-- 1 root root 1.2K May 19 00:29 packages/merlin-iedit-badge.svg
4.0K -rw-r--r-- 1 root root  141 May 19 00:29 packages/merlin-iedit-readme.txt
   0 -rw-r--r-- 1 root root    0 May 19 03:43 packages/merlin-iedit.log
4.0K -rw-r--r-- 1 root root  247 May 19 03:43 packages/merlin-readme.txt
