Package: meson-mode
Fetcher: github
Source:  https://github.com/wentasah/meson-mode.git

Updating /mnt/store/melpa/working/meson-mode/
Checking out origin/HEAD
Checking out 69fdb63b59ec7d1acd427cb7de7219c18af46f40
Copying files (->) and directories (=>)
  from /mnt/store/melpa/working/meson-mode/
  to /tmp/meson-modesjw34A/meson-mode-20210513.1354
    meson-mode.el -> meson-mode.el
    utils.el -> utils.el
Created meson-mode-20210513.1354.tar containing:
  meson-mode-20210513.1354/
  meson-mode-20210513.1354/meson-mode-pkg.el
  meson-mode-20210513.1354/meson-mode.el
  meson-mode-20210513.1354/utils.el
Built meson-mode in 5.262s, finished at 2021-08-17T10:08:02+0000
 ✓ Success:
4.0K -rw-r--r-- 1 root root  411 Aug 17 10:08 packages/meson-mode-20210513.1354.entry
 40K -rw-r--r-- 1 root root  40K Aug 17 10:08 packages/meson-mode-20210513.1354.tar
4.0K -rw-r--r-- 1 root root 1.2K Aug 17 10:08 packages/meson-mode-badge.svg
4.0K -rw-r--r-- 1 root root  411 Aug 17 10:08 packages/meson-mode-readme.txt
