Package: mgmtconfig-mode
Fetcher: github
Source:  https://github.com/purpleidea/mgmt.git

Updating /mnt/store/melpa/working/mgmtconfig-mode/
Command '(env LC_ALL=C git submodule update --init --recursive)' exited with non-zero status 1: Fetching origin
warning: unable to rmdir 'vendor/github.com/coreos/etcd': Directory not empty
warning: unable to rmdir 'vendor/github.com/docker/go-connections': Directory not empty
warning: unable to rmdir 'vendor/github.com/grpc-ecosystem/go-grpc-prometheus': Directory not empty
warning: unable to rmdir 'vendor/github.com/grpc-ecosystem/grpc-gateway': Directory not empty
HEAD is now at b3d1ed9 lang: funcs: core: math: Add a fortytwo function
Synchronizing submodule url for 'vendor/github.com/containerd/containerd'
Synchronizing submodule url for 'vendor/github.com/docker/distribution'
Synchronizing submodule url for 'vendor/github.com/docker/docker'
Synchronizing submodule url for 'vendor/github.com/hashicorp/go-multierror'
Synchronizing submodule url for 'vendor/github.com/ugorji/go'
Synchronizing submodule url for 'vendor/go.etcd.io/etcd'
Synchronizing submodule url for 'vendor/google.golang.org/grpc'
Synchronizing submodule url for 'vendor/gopkg.in/fsnotify.v1'
Synchronizing submodule url for 'vendor/honnef.co/go/augeas'
From https://github.com/purpleidea/distribution
 * branch              a778dab7d0f94fcd7950a8eb439fa1accb445839 -> FETCH_HEAD
Submodule path 'vendor/github.com/docker/distribution': checked out 'a778dab7d0f94fcd7950a8eb439fa1accb445839'
From https://github.com/purpleidea/docker
 * branch                  6c6f9d8cf0bae08f7c91c6794906eba3ebac9205 -> FETCH_HEAD
Submodule path 'vendor/github.com/docker/docker': checked out '6c6f9d8cf0bae08f7c91c6794906eba3ebac9205'
error: Your local changes to the following files would be overwritten by checkout:
	.github/ISSUE_TEMPLATE.md
	.github/PULL_REQUEST_TEMPLATE.md
	.gitignore
	.travis.yml
	.words
	CONTRIBUTING.md
	Dockerfile-release
	Dockerfile-release.arm64
	Dockerfile-release.ppc64le
	Documentation/demo.md
	Documentation/dev-guide/api_concurrency_reference_v3.md
	Documentation/dev-guide/api_reference_v3.md
	Documentation/dev-guide/apispec/swagger/rpc.swagger.json
	Documentation/dev-guide/apispec/swagger/v3election.swagger.json
	Documentation/dev-guide/interacting_v3.md
	Documentation/dev-internal/release.md
	Documentation/dl_build.md
	Documentation/faq.md
	Documentation/integrations.md
	Documentation/metrics.md
	Documentation/op-guide/authentication.md
	Documentation/op-guide/configuration.md
	Documentation/op-guide/gateway.md
	Documentation/op-guide/grafana.json
	Documentation/op-guide/hardware.md
	Documentation/op-guide/runtime-configuration.md
	Documentation/op-guide/security.md
	Documentation/tuning.md
	Documentation/upgrades/upgrade_3_3.md
	Documentation/upgrades/upgrade_3_4.md
	Documentation/upgrades/upgrade_3_5.md
	MAINTAINERS
	Makefile
	Procfile
	README.md
	auth/authpb/auth.pb.go
	auth/authpb/auth.proto
	auth/jwt.go
	auth/jwt_test.go
	auth/range_perm_cache.go
	auth/range_perm_cache_test.go
	auth/simple_token.go
	auth/simple_token_test.go
	auth/store.go
	auth/store_test.go
	bill-of-materials.json
	bill-of-materials.override.json
	build
	build.ps1
	client/README.md
	client/client.go
	client/client_test.go
	client/discover.go
	client/doc.go
	client/example_keys_test.go
	client/integration/client_test.go
	client/integration/main_test.go
	client/keys.go
	client/keys_bench_test.go
	client/keys_test.go
	client/main_test.go
	client/members.go
	client/members_test.go
	clientv3/README.md
	clientv3/auth.go
	clientv3/client.go
	clientv3/client_test.go
	clientv3/clientv3util/example_key_test.go
	clientv3/clientv3util/util.go
	clientv3/cluster.go
	clientv3/compact_op.go
	clientv3/compact_op_test.go
	clientv3/compare.go
	clientv3/concurrency/election.go
	clientv3/concurrency/example_election_test.go
	clientv3/concurrency/example_mutex_test.go
	clientv3/concurrency/example_stm_test.go
	clientv3/concurrency/key.go
	clientv3/concurrency/main_test.go
	clientv3/concurrency/mutex.go
	clientv3/concurrency/session.go
	clientv3/concurrency/stm.go
	clientv3/config.go
	clientv3/doc.go
	clientv3/example_auth_test.go
	clientv3/example_cluster_test.go
	clientv3/example_kv_test.go
	clientv3/example_lease_test.go
	clientv3/example_metrics_test.go
	clientv3/example_test.go
	clientv3/example_watch_test.go
	clientv3/integration/black_hole_test.go
	clientv3/integration/cluster_test.go
	clientv3/integration/dial_test.go
	clientv3/integration/kv_test.go
	clientv3/integration/lease_test.go
	clientv3/integration/leasing_test.go
	clientv3/integration/logger_test.go
	clientv3/integration/main_test.go
	clientv3/integration/maintenance_test.go
	clientv3/integration/metrics_test.go
	clientv3/integration/mirror_test.go
	clientv3/integration/namespace_test.go
	clientv3/integration/network_partition_test.go
	clientv3/integration/role_test.go
	clientv3/integration/server_shutdown_test.go
	clientv3/integration/txn_test.go
	clientv3/integration/user_test.go
	clientv3/integration/util.go
	clientv3/integration/watch_test.go
	clientv3/kv.go
	clientv3/lease.go
	clientv3/leasing/cache.go
	clientv3/leasing/kv.go
	clientv3/leasing/txn.go
	clientv3/leasing/util.go
	clientv3/logger.go
	clientv3/main_test.go
	clientv3/maintenance.go
	clientv3/mirror/syncer.go
	clientv3/namespace/doc.go
	clientv3/namespace/kv.go
	clientv3/namespace/lease.go
	clientv3/namespace/watch.go
	clientv3/naming/doc.go
	clientv3/naming/grpc.go
	clientv3/naming/grpc_test.go
	clientv3/op.go
	clientv3/op_test.go
	clientv3/options.go
	clientv3/ordering/kv.go
	clientv3/ordering/kv_test.go
	clientv3/ordering/logger_test.go
	clientv3/ordering/util.go
	clientv3/ordering/util_test.go
	clientv3/retry.go
	clientv3/txn.go
	clientv3/txn_test.go
	clientv3/watch.go
	clientv3/watch_test.go
	clientv3/yaml/config.go
	clientv3/yaml/c
error: The following untracked working tree files would be overwritten by checkout:
	.github/SECURITY.md
	Documentation/benchmarks/README.md
	Documentation/docs.md
	Documentation/etcd-mixin/README.md
	Documentation/etcd-mixin/mixin.libsonnet
	Documentation/etcd-mixin/test.yaml
	Documentation/learning/design-auth-v3.md
	Documentation/learning/design-client.md
	Documentation/learning/design-learner.md
	Documentation/learning/img/client-balancer-figure-01.png
	Documentation/learning/img/client-balancer-figure-02.png
	Documentation/learning/img/client-balancer-figure-03.png
	Documentation/learning/img/client-balancer-figure-04.png
	Documentation/learning/img/client-balancer-figure-05.png
	Documentation/learning/img/client-balancer-figure-06.png
	Documentation/learning/img/client-balancer-figure-07.png
	Documentation/learning/img/client-balancer-figure-08.png
	Documentation/learning/img/client-balancer-figure-09.png
	Documentation/learning/img/etcd.png
	Documentation/learning/img/server-learner-figure-01.png
	Documentation/learning/img/server-learner-figure-02.png
	Documentation/learning/img/server-learner-figure-03.png
	Documentation/learning/img/server-learner-figure-04.png
	Documentation/learning/img/server-learner-figure-05.png
	Documentation/learning/img/server-learner-figure-06.png
	Documentation/learning/img/server-learner-figure-07.png
	Documentation/learning/img/server-learner-figure-08.png
	Documentation/learning/img/server-learner-figure-09.png
	Documentation/learning/img/server-learner-figure-10.png
	Documentation/learning/img/server-learner-figure-11.png
	Documentation/learning/img/server-learner-figure-12.png
	Documentation/learning/img/server-learner-figure-13.png
	Documentation/metrics/latest
	Documentation/metrics/v3.1.0
	Documentation/metrics/v3.1.1
	Documentation/metrics/v3.1.10
	Documentation/metrics/v3.1.11
	Documentation/metrics/v3.1.12
	Documentation/metrics/v3.1.13
	Documentation/metrics/v3.1.14
	Documentation/metrics/v3.1.15
	Documentation/metrics/v3.1.16
	Documentation/metrics/v3.1.17
	Documentation/metrics/v3.1.18
	Documentation/metrics/v3.1.19
	Documentation/metrics/v3.1.2
	Documentation/metrics/v3.1.20
	Documentation/metrics/v3.1.3
	Documentation/metrics/v3.1.4
	Documentation/metrics/v3.1.5
	Documentation/metrics/v3.1.6
	Documentation/metrics/v3.1.7
	Documentation/metrics/v3.1.8
	Documentation/metrics/v3.1.9
	Documentation/metrics/v3.2.0
	Documentation/metrics/v3.2.1
	Documentation/metrics/v3.2.10
	Documentation/metrics/v3.2.11
	Documentation/metrics/v3.2.12
	Documentation/metrics/v3.2.13
	Documentation/metrics/v3.2.14
	Documentation/metrics/v3.2.15
	Documentation/metrics/v3.2.16
	Documentation/metrics/v3.2.17
	Documentation/metrics/v3.2.18
	Documentation/metrics/v3.2.19
	Documentation/metrics/v3.2.2
	Documentation/metrics/v3.2.20
	Documentation/metrics/v3.2.21
	Documentation/metrics/v3.2.22
	Documentation/metrics/v3.2.23
	Documentation/metrics/v3.2.24
	Documentation/metrics/v3.2.25
	Documentation/metrics/v3.2.3
	Documentation/metrics/v3.2.4
	Documentation/metrics/v3.2.5
	Documentation/metrics/v3.2.6
	Documentation/metrics/v3.2.7
	Documentation/metrics/v3.2.8
	Documentation/metrics/v3.2.9
	Documentation/metrics/v3.3.0
	Documentation/metrics/v3.3.1
	Documentation/metrics/v3.3.10
	Documentation/metrics/v3.3.2
	Documentation/metrics/v3.3.3
	Documentation/metrics/v3.3.4
	Documentation/metrics/v3.3.5
	Documentation/metrics/v3.3.6
	Documentation/metrics/v3.3.7
	Documentation/metrics/v3.3.8
	Documentation/metrics/v3.3.9
	Documentation/rfc/v3api.md
	Documentation/triage/PRs.md
	Documentation/triage/issues.md
	Documentation/v2/04_to_2_snapshot_migration.md
	Documentation/v2/README.md
	Documentation/v2/admin_guide.md
	Documentation/v2/api.md
	Documentation/v2/api_v3.md
	Documentation/v2/auth_api.md
	Documentation/v2/authentication.md
	Documentation/v2/backward_compatibility.md
	Documentation/v2/benchmarks/README.md
	Documentation/v2/benchmarks/etcd-2-1-0-alpha-benchmarks.md
	Documentation/v2/benchmarks/etcd-2-2-0-benchmarks.md
	Documentation/v2/benchmarks/etcd-2-2-0-rc-benchmarks.md
	Documentation/v2/bench
Aborting
Submodule path 'vendor/google.golang.org/grpc': checked out '754ee590a4f386d0910d887f3b8776354042260b'
Unable to checkout '8a03d2e9614b8192ebaa5a25ef92f6ff62e3593c' in submodule path 'vendor/go.etcd.io/etcd'

