Package: midje-mode
Fetcher: github
Source:  https://github.com/dnaumov/midje-mode.git

Updating /mnt/store/melpa/working/midje-mode/
Copying files (->) and directories (=>)
  from /mnt/store/melpa/working/midje-mode/
  to /tmp/midje-mode9OwQjk/midje-mode-20170809.403
    clojure-jump-to-file.el -> clojure-jump-to-file.el
    midje-mode-pkg.el -> midje-mode-pkg.el
    midje-mode-praise.el -> midje-mode-praise.el
    midje-mode.el -> midje-mode.el
Created midje-mode-20170809.403.tar containing:
  midje-mode-20170809.403/
  midje-mode-20170809.403/clojure-jump-to-file.el
  midje-mode-20170809.403/midje-mode-pkg.el
  midje-mode-20170809.403/midje-mode-praise.el
  midje-mode-20170809.403/midje-mode.el
Built midje-mode in 4.113s, finished at Wed May 19 03:44:06 2021
 ✓ Success:
4.0K -rw-r--r-- 1 root root  224 May 19 03:44 packages/midje-mode-20170809.403.entry
 32K -rw-r--r-- 1 root root  30K May 19 03:44 packages/midje-mode-20170809.403.tar
4.0K -rw-r--r-- 1 root root 1.2K May 19 03:44 packages/midje-mode-badge.svg
