Package: mingus
Fetcher: github
Source:  https://github.com/pft/mingus.git

Updating /mnt/store/melpa/working/mingus/
Copying files (->) and directories (=>)
  from /mnt/store/melpa/working/mingus/
  to /tmp/mingusb32NfT/mingus-20190106.1443
    mingus-stays-home.el -> mingus-stays-home.el
    mingus.el -> mingus.el
Created mingus-20190106.1443.tar containing:
  mingus-20190106.1443/
  mingus-20190106.1443/mingus-pkg.el
  mingus-20190106.1443/mingus-stays-home.el
  mingus-20190106.1443/mingus.el
Built mingus in 3.906s, finished at Wed May 19 03:44:12 2021
 ✓ Success:
4.0K -rw-r--r-- 1 root root  329 May 19 03:44 packages/mingus-20190106.1443.entry
200K -rw-r--r-- 1 root root 200K May 19 03:44 packages/mingus-20190106.1443.tar
4.0K -rw-r--r-- 1 root root 1.2K May 19 03:44 packages/mingus-badge.svg
8.0K -rw-r--r-- 1 root root 6.6K May 19 03:44 packages/mingus-readme.txt
