Package: mmm-mode
Fetcher: github
Source:  https://github.com/purcell/mmm-mode.git

Updating /mnt/store/melpa/working/mmm-mode/
Copying files (->) and directories (=>)
  from /mnt/store/melpa/working/mmm-mode/
  to /tmp/mmm-mode8z0eVr/mmm-mode-20200908.2236
    mmm-auto.el -> mmm-auto.el
    mmm-class.el -> mmm-class.el
    mmm-cmds.el -> mmm-cmds.el
    mmm-compat.el -> mmm-compat.el
    mmm-cweb.el -> mmm-cweb.el
    mmm-defaults.el -> mmm-defaults.el
    mmm-erb.el -> mmm-erb.el
    mmm-mason.el -> mmm-mason.el
    mmm-mode.el -> mmm-mode.el
    mmm-myghty.el -> mmm-myghty.el
    mmm-noweb.el -> mmm-noweb.el
    mmm-region.el -> mmm-region.el
    mmm-rpm.el -> mmm-rpm.el
    mmm-sample.el -> mmm-sample.el
    mmm-univ.el -> mmm-univ.el
    mmm-utils.el -> mmm-utils.el
    mmm-vars.el -> mmm-vars.el
    mmm.texinfo -> mmm.texinfo
Created /tmp/mmm-mode8z0eVr/mmm-mode-20200908.2236/mmm.info
Created mmm-mode-20200908.2236.tar containing:
  mmm-mode-20200908.2236/
  mmm-mode-20200908.2236/dir
  mmm-mode-20200908.2236/mmm-auto.el
  mmm-mode-20200908.2236/mmm-class.el
  mmm-mode-20200908.2236/mmm-cmds.el
  mmm-mode-20200908.2236/mmm-compat.el
  mmm-mode-20200908.2236/mmm-cweb.el
  mmm-mode-20200908.2236/mmm-defaults.el
  mmm-mode-20200908.2236/mmm-erb.el
  mmm-mode-20200908.2236/mmm-mason.el
  mmm-mode-20200908.2236/mmm-mode-pkg.el
  mmm-mode-20200908.2236/mmm-mode.el
  mmm-mode-20200908.2236/mmm-myghty.el
  mmm-mode-20200908.2236/mmm-noweb.el
  mmm-mode-20200908.2236/mmm-region.el
  mmm-mode-20200908.2236/mmm-rpm.el
  mmm-mode-20200908.2236/mmm-sample.el
  mmm-mode-20200908.2236/mmm-univ.el
  mmm-mode-20200908.2236/mmm-utils.el
  mmm-mode-20200908.2236/mmm-vars.el
  mmm-mode-20200908.2236/mmm.info
Built mmm-mode in 12.400s, finished at Wed May 19 03:44:41 2021
 ✓ Success:
4.0K -rw-r--r-- 1 root root  413 May 19 03:44 packages/mmm-mode-20200908.2236.entry
312K -rw-r--r-- 1 root root 310K May 19 03:44 packages/mmm-mode-20200908.2236.tar
4.0K -rw-r--r-- 1 root root 1.2K May 19 03:44 packages/mmm-mode-badge.svg
4.0K -rw-r--r-- 1 root root 2.2K May 19 03:44 packages/mmm-mode-readme.txt
