Package: modus-themes
Fetcher: gitlab
Source:  https://gitlab.com/protesilaos/modus-themes.git

Updating /mnt/store/melpa/working/modus-themes/
Checking out origin/main
Checking out 52532a1ac2f3b707e79ba67ada8bf36846e45048
Copying files (->) and directories (=>)
  from /mnt/store/melpa/working/modus-themes/
  to /tmp/modus-themesDmET0b/modus-themes-20210804.1453
    modus-operandi-theme.el -> modus-operandi-theme.el
    modus-themes.el -> modus-themes.el
    modus-vivendi-theme.el -> modus-vivendi-theme.el
  ! doc/modus-themes.info -> modus-themes.info
  ! doc/doclicense.texi -> doclicense.texi
Created /tmp/modus-themesDmET0b/modus-themes-20210804.1453/doclicense.info
Created modus-themes-20210804.1453.tar containing:
  modus-themes-20210804.1453/
  modus-themes-20210804.1453/dir
  modus-themes-20210804.1453/doclicense.info
  modus-themes-20210804.1453/modus-operandi-theme.el
  modus-themes-20210804.1453/modus-themes-pkg.el
  modus-themes-20210804.1453/modus-themes.el
  modus-themes-20210804.1453/modus-themes.info
  modus-themes-20210804.1453/modus-vivendi-theme.el
Built modus-themes in 8.148s, finished at 2021-08-17T10:09:17+0000
 ✓ Success:
4.0K -rw-r--r-- 1 root root  416 Aug 17 10:09 packages/modus-themes-20210804.1453.entry
632K -rw-r--r-- 1 root root 630K Aug 17 10:09 packages/modus-themes-20210804.1453.tar
4.0K -rw-r--r-- 1 root root 1.2K Aug 17 10:09 packages/modus-themes-badge.svg
8.0K -rw-r--r-- 1 root root 8.0K Aug 17 10:09 packages/modus-themes-readme.txt
