Package: monitor
Fetcher: github
Source:  https://github.com/GuiltyDolphin/monitor.git

Updating /mnt/store/melpa/working/monitor/
Checking out origin/HEAD
Checking out 63f4643a0ee81616dbb692b8b03bae21df2283e2
Copying files (->) and directories (=>)
  from /mnt/store/melpa/working/monitor/
  to /tmp/monitorqfwOaz/monitor-20161018.1144
    monitor.el -> monitor.el
  ! doc/fdl-1.3.texi -> fdl-1.3.texi
  ! doc/monitor.texi -> monitor.texi
Created /tmp/monitorqfwOaz/monitor-20161018.1144/fdl-1.3.info
Created /tmp/monitorqfwOaz/monitor-20161018.1144/monitor.info
Created monitor-20161018.1144.tar containing:
  monitor-20161018.1144/
  monitor-20161018.1144/dir
  monitor-20161018.1144/fdl-1.3.info
  monitor-20161018.1144/monitor-pkg.el
  monitor-20161018.1144/monitor.el
  monitor-20161018.1144/monitor.info
Built monitor in 11.587s, finished at 2021-08-17T10:09:24+0000
 ✓ Success:
4.0K -rw-r--r-- 1 root root  388 Aug 17 10:09 packages/monitor-20161018.1144.entry
 92K -rw-r--r-- 1 root root  90K Aug 17 10:09 packages/monitor-20161018.1144.tar
4.0K -rw-r--r-- 1 root root 1.2K Aug 17 10:09 packages/monitor-badge.svg
4.0K -rw-r--r-- 1 root root  634 Aug 17 10:09 packages/monitor-readme.txt
