Package: moom
Fetcher: github
Source:  https://github.com/takaxp/moom.git

Updating /mnt/store/melpa/working/moom/
Copying files (->) and directories (=>)
  from /mnt/store/melpa/working/moom/
  to /tmp/moomLXdQPk/moom-20210324.825
    moom-font.el -> moom-font.el
    moom.el -> moom.el
Created moom-20210324.825.tar containing:
  moom-20210324.825/
  moom-20210324.825/moom-font.el
  moom-20210324.825/moom-pkg.el
  moom-20210324.825/moom.el
Built moom in 3.891s, finished at Wed May 19 03:45:06 2021
 ✓ Success:
4.0K -rw-r--r-- 1 root root  385 May 19 03:45 packages/moom-20210324.825.entry
 80K -rw-r--r-- 1 root root  80K May 19 03:45 packages/moom-20210324.825.tar
4.0K -rw-r--r-- 1 root root 1.2K May 19 03:45 packages/moom-badge.svg
4.0K -rw-r--r-- 1 root root  551 May 19 03:45 packages/moom-readme.txt
