Package: mozc
Fetcher: github
Source:  https://github.com/google/mozc.git

Updating /mnt/store/melpa/working/mozc/
Built mozc in 22.560s, finished at Wed May 19 03:45:38 2021
 ✓ Success:
 80K -rw-r--r-- 1 root root  79K May 19 03:45 packages/mozc-20210306.1053.el
4.0K -rw-r--r-- 1 root root  206 May 19 03:45 packages/mozc-20210306.1053.entry
4.0K -rw-r--r-- 1 root root 1.2K May 19 03:45 packages/mozc-badge.svg
 12K -rw-r--r-- 1 root root 9.4K May 19 03:45 packages/mozc-cand-posframe-20200208.750.el
4.0K -rw-r--r-- 1 root root  532 May 19 03:45 packages/mozc-cand-posframe-20200208.750.entry
4.0K -rw-r--r-- 1 root root 1.2K May 19 03:45 packages/mozc-cand-posframe-badge.svg
4.0K -rw-r--r-- 1 root root  106 May 19 03:45 packages/mozc-cand-posframe-readme.txt
4.0K -rw-r--r-- 1 root root  591 May 19 03:45 packages/mozc-cand-posframe.log
8.0K -rwxr-xr-x 1 root root 4.7K May 19 03:45 packages/mozc-im-20160412.22.el
4.0K -rw-r--r-- 1 root root  326 May 19 03:45 packages/mozc-im-20160412.22.entry
4.0K -rw-r--r-- 1 root root 1.2K May 19 03:45 packages/mozc-im-badge.svg
4.0K -rw-r--r-- 1 root root  161 May 19 03:45 packages/mozc-im-readme.txt
4.0K -rw-r--r-- 1 root root  505 May 19 03:45 packages/mozc-im.log
8.0K -rwxr-xr-x 1 root root 5.2K May 19 03:45 packages/mozc-popup-20150224.34.el
4.0K -rw-r--r-- 1 root root  360 May 19 03:45 packages/mozc-popup-20150224.34.entry
4.0K -rw-r--r-- 1 root root 1.2K May 19 03:45 packages/mozc-popup-badge.svg
4.0K -rw-r--r-- 1 root root   89 May 19 03:45 packages/mozc-popup-readme.txt
4.0K -rw-r--r-- 1 root root  529 May 19 03:45 packages/mozc-popup.log
4.0K -rw-r--r-- 1 root root 2.9K May 19 03:45 packages/mozc-readme.txt
 12K -rw-r--r-- 1 root root 8.3K May 19 03:45 packages/mozc-temp-20160228.840.el
4.0K -rw-r--r-- 1 root root  387 May 19 03:45 packages/mozc-temp-20160228.840.entry
4.0K -rw-r--r-- 1 root root 1.2K May 19 03:45 packages/mozc-temp-badge.svg
4.0K -rw-r--r-- 1 root root  200 May 19 03:45 packages/mozc-temp-readme.txt
4.0K -rw-r--r-- 1 root root  522 May 19 03:45 packages/mozc-temp.log
