Package: mpdel
Fetcher: github
Source:  https://github.com/mpdel/mpdel.git

Updating /mnt/store/melpa/working/mpdel/
Copying files (->) and directories (=>)
  from /mnt/store/melpa/working/mpdel/
  to /tmp/mpdeld8xdr3/mpdel-20210107.1303
    mpdel-browser.el -> mpdel-browser.el
    mpdel-core.el -> mpdel-core.el
    mpdel-playlist.el -> mpdel-playlist.el
    mpdel-song.el -> mpdel-song.el
    mpdel-tablist.el -> mpdel-tablist.el
    mpdel.el -> mpdel.el
Created mpdel-20210107.1303.tar containing:
  mpdel-20210107.1303/
  mpdel-20210107.1303/mpdel-browser.el
  mpdel-20210107.1303/mpdel-core.el
  mpdel-20210107.1303/mpdel-pkg.el
  mpdel-20210107.1303/mpdel-playlist.el
  mpdel-20210107.1303/mpdel-song.el
  mpdel-20210107.1303/mpdel-tablist.el
  mpdel-20210107.1303/mpdel.el
Built mpdel in 3.938s, finished at Wed May 19 03:45:25 2021
 ✓ Success:
4.0K -rw-r--r-- 1 root root  384 May 19 03:45 packages/mpdel-20210107.1303.entry
 52K -rw-r--r-- 1 root root  50K May 19 03:45 packages/mpdel-20210107.1303.tar
4.0K -rw-r--r-- 1 root root 1.2K May 19 03:45 packages/mpdel-badge.svg
4.0K -rw-r--r-- 1 root root  286 May 19 03:45 packages/mpdel-readme.txt
