Package: mu-cite
Fetcher: github
Source:  https://github.com/ksato9700/mu-cite.git

Updating /mnt/store/melpa/working/mu-cite/
Copying files (->) and directories (=>)
  from /mnt/store/melpa/working/mu-cite/
  to /tmp/mu-citeGEfJDe/mu-cite-20190803.439
    latex-math-symbol.el -> latex-math-symbol.el
    mu-cite-pkg.el -> mu-cite-pkg.el
    mu-cite.el -> mu-cite.el
    mu-register.el -> mu-register.el
Created mu-cite-20190803.439.tar containing:
  mu-cite-20190803.439/
  mu-cite-20190803.439/latex-math-symbol.el
  mu-cite-20190803.439/mu-cite-pkg.el
  mu-cite-20190803.439/mu-cite.el
  mu-cite-20190803.439/mu-register.el
Built mu-cite in 4.357s, finished at Wed May 19 03:45:33 2021
 ✓ Success:
4.0K -rw-r--r-- 1 root root  370 May 19 03:45 packages/mu-cite-20190803.439.entry
 40K -rw-r--r-- 1 root root  40K May 19 03:45 packages/mu-cite-20190803.439.tar
4.0K -rw-r--r-- 1 root root 1.2K May 19 03:45 packages/mu-cite-badge.svg
4.0K -rw-r--r-- 1 root root  559 May 19 03:45 packages/mu-cite-readme.txt
