Package: multi
Fetcher: github
Source:  https://github.com/kurisuwhyte/emacs-multi.git

Updating /mnt/store/melpa/working/multi/
Built multi in 4.780s, finished at Wed May 19 03:45:45 2021
 ✓ Success:
8.0K -rw-r--r-- 1 root root 4.9K May 19 03:45 packages/multi-20131013.1544.el
4.0K -rw-r--r-- 1 root root  405 May 19 03:45 packages/multi-20131013.1544.entry
4.0K -rw-r--r-- 1 root root 1.2K May 19 03:45 packages/multi-badge.svg
 12K -rw-r--r-- 1 root root  11K May 19 03:45 packages/multi-compile-20200913.8.el
4.0K -rw-r--r-- 1 root root  410 May 19 03:45 packages/multi-compile-20200913.8.entry
4.0K -rw-r--r-- 1 root root 1.2K May 19 00:31 packages/multi-compile-badge.svg
4.0K -rw-r--r-- 1 root root 1.7K May 19 03:45 packages/multi-compile-readme.txt
4.0K -rw-r--r-- 1 root root  148 May 19 03:45 packages/multi-compile.log
4.0K -rw-r--r-- 1 root root  577 May 19 03:45 packages/multi-line-20170822.226.entry
 52K -rw-r--r-- 1 root root  50K May 19 03:45 packages/multi-line-20170822.226.tar
4.0K -rw-r--r-- 1 root root 1.2K May 19 03:45 packages/multi-line-badge.svg
4.0K -rw-r--r-- 1 root root  325 May 19 03:45 packages/multi-line-readme.txt
4.0K -rw-r--r-- 1 root root 1.7K May 19 03:45 packages/multi-line.log
 52K -rw-r--r-- 1 root root  49K May 19 00:31 packages/multi-project-20210105.1229.el
4.0K -rw-r--r-- 1 root root  430 May 19 00:31 packages/multi-project-20210105.1229.entry
4.0K -rw-r--r-- 1 root root 1.2K May 19 00:31 packages/multi-project-badge.svg
4.0K -rw-r--r-- 1 root root 2.8K May 19 00:31 packages/multi-project-readme.txt
4.0K -rw-r--r-- 1 root root  147 May 19 03:45 packages/multi-project.log
4.0K -rw-r--r-- 1 root root  403 May 19 00:31 packages/multi-run-20210108.336.entry
 32K -rw-r--r-- 1 root root  30K May 19 00:31 packages/multi-run-20210108.336.tar
4.0K -rw-r--r-- 1 root root 1.2K May 19 00:31 packages/multi-run-badge.svg
4.0K -rw-r--r-- 1 root root   73 May 19 00:31 packages/multi-run-readme.txt
4.0K -rw-r--r-- 1 root root  132 May 19 03:45 packages/multi-run.log
 36K -rw-r--r-- 1 root root  33K May 19 00:31 packages/multi-term-20200514.428.el
4.0K -rw-r--r-- 1 root root  430 May 19 00:31 packages/multi-term-20200514.428.entry
4.0K -rw-r--r-- 1 root root 1.2K May 19 00:31 packages/multi-term-badge.svg
4.0K -rw-r--r-- 1 root root 1.7K May 19 00:31 packages/multi-term-readme.txt
4.0K -rw-r--r-- 1 root root  141 May 19 03:45 packages/multi-term.log
 12K -rw-r--r-- 1 root root  11K May 19 00:31 packages/multi-vterm-20201203.1500.el
4.0K -rw-r--r-- 1 root root  338 May 19 00:31 packages/multi-vterm-20201203.1500.entry
4.0K -rw-r--r-- 1 root root 1.2K May 19 00:31 packages/multi-vterm-badge.svg
4.0K -rw-r--r-- 1 root root  844 May 19 00:31 packages/multi-vterm-readme.txt
   0 -rw-r--r-- 1 root root    0 May 19 03:45 packages/multi-vterm.log
4.0K -rw-r--r-- 1 root root  382 May 19 00:31 packages/multi-web-mode-20130824.354.entry
 20K -rw-r--r-- 1 root root  20K May 19 00:31 packages/multi-web-mode-20130824.354.tar
4.0K -rw-r--r-- 1 root root 1.2K May 19 00:31 packages/multi-web-mode-badge.svg
4.0K -rw-r--r-- 1 root root  292 May 19 00:31 packages/multi-web-mode-readme.txt
   0 -rw-r--r-- 1 root root    0 May 19 03:45 packages/multi-web-mode.log
