Package: multi-run
Fetcher: github
Source:  https://github.com/sagarjha/multi-run.git

Updating /mnt/store/melpa/working/multi-run/
Copying files (->) and directories (=>)
  from /mnt/store/melpa/working/multi-run/
  to /tmp/multi-run9cL2oG/multi-run-20210108.336
    multi-run-helpers.el -> multi-run-helpers.el
    multi-run-vars.el -> multi-run-vars.el
    multi-run.el -> multi-run.el
Created multi-run-20210108.336.tar containing:
  multi-run-20210108.336/
  multi-run-20210108.336/multi-run-helpers.el
  multi-run-20210108.336/multi-run-pkg.el
  multi-run-20210108.336/multi-run-vars.el
  multi-run-20210108.336/multi-run.el
Built multi-run in 4.239s, finished at Wed May 19 03:45:49 2021
 ✓ Success:
4.0K -rw-r--r-- 1 root root  403 May 19 03:45 packages/multi-run-20210108.336.entry
 32K -rw-r--r-- 1 root root  30K May 19 03:45 packages/multi-run-20210108.336.tar
4.0K -rw-r--r-- 1 root root 1.2K May 19 03:45 packages/multi-run-badge.svg
4.0K -rw-r--r-- 1 root root   73 May 19 03:45 packages/multi-run-readme.txt
