Package: nameframe
Fetcher: github
Source:  https://github.com/john2x/nameframe.git

Updating /mnt/store/melpa/working/nameframe/
Checking out origin/HEAD
Checking out aafb8c5c5fbe0510e2f5d5b6b6b5dd0b73abe5d8
Built nameframe in 5.340s, finished at 2021-08-17T10:11:04+0000
 ✓ Success:
8.0K -rw-r--r-- 1 root root 4.5K Aug 17 10:11 packages/nameframe-20171107.56.el
4.0K -rw-r--r-- 1 root root  316 Aug 17 10:11 packages/nameframe-20171107.56.entry
4.0K -rw-r--r-- 1 root root 1.2K Aug 17 10:11 packages/nameframe-badge.svg
4.0K -rw-r--r-- 1 root root 2.2K Aug 17 06:39 packages/nameframe-perspective-20170406.119.el
4.0K -rw-r--r-- 1 root root  400 Aug 17 06:39 packages/nameframe-perspective-20170406.119.entry
4.0K -rw-r--r-- 1 root root 1.2K Aug 17 06:39 packages/nameframe-perspective-badge.svg
4.0K -rw-r--r-- 1 root root  210 Aug 17 06:39 packages/nameframe-perspective-readme.txt
4.0K -rw-r--r-- 1 root root  233 Aug 17 10:11 packages/nameframe-perspective.log
4.0K -rw-r--r-- 1 root root 3.2K Aug 17 06:39 packages/nameframe-projectile-20160928.403.el
4.0K -rw-r--r-- 1 root root  406 Aug 17 06:39 packages/nameframe-projectile-20160928.403.entry
4.0K -rw-r--r-- 1 root root 1.2K Aug 17 06:39 packages/nameframe-projectile-badge.svg
4.0K -rw-r--r-- 1 root root  250 Aug 17 06:39 packages/nameframe-projectile-readme.txt
4.0K -rw-r--r-- 1 root root  177 Aug 17 10:11 packages/nameframe-projectile.log
4.0K -rw-r--r-- 1 root root  285 Aug 17 10:11 packages/nameframe-readme.txt
