Package: neotree
Fetcher: github
Source:  https://github.com/jaypei/emacs-neotree.git

Updating /mnt/store/melpa/working/neotree/
Checking out origin/HEAD
Checking out 98fe21334affaffe2334bf7c987edaf1980d2d0b
Copying files (->) and directories (=>)
  from /mnt/store/melpa/working/neotree/
  to /tmp/neotree0yNevD/neotree-20200324.1946
    neotree.el -> neotree.el
    icons => icons
Created neotree-20200324.1946.tar containing:
  neotree-20200324.1946/
  neotree-20200324.1946/icons/
  neotree-20200324.1946/icons/close.xpm
  neotree-20200324.1946/icons/leaf.xpm
  neotree-20200324.1946/icons/open.xpm
  neotree-20200324.1946/neotree-pkg.el
  neotree-20200324.1946/neotree.el
Built neotree in 4.729s, finished at 2021-08-17T10:11:29+0000
 ✓ Success:
4.0K -rw-r--r-- 1 root root  327 Aug 17 10:11 packages/neotree-20200324.1946.entry
 92K -rw-r--r-- 1 root root  90K Aug 17 10:11 packages/neotree-20200324.1946.tar
4.0K -rw-r--r-- 1 root root 1.2K Aug 17 10:11 packages/neotree-badge.svg
4.0K -rw-r--r-- 1 root root  259 Aug 17 10:11 packages/neotree-readme.txt
