Package: netease-cloud-music
Fetcher: github
Source:  https://github.com/SpringHan/netease-cloud-music.el.git

Updating /mnt/store/melpa/working/netease-cloud-music/
Checking out origin/HEAD
Checking out 3b6d2623ebfd43cdbe3dcf13e31c254930e85fbf
Copying files (->) and directories (=>)
  from /mnt/store/melpa/working/netease-cloud-music/
  to /tmp/netease-cloud-musicfnCbgl/netease-cloud-music-20210815.1439
    netease-cloud-music-functions.el -> netease-cloud-music-functions.el
    netease-cloud-music-ui.el -> netease-cloud-music-ui.el
    netease-cloud-music.el -> netease-cloud-music.el
Created netease-cloud-music-20210815.1439.tar containing:
  netease-cloud-music-20210815.1439/
  netease-cloud-music-20210815.1439/netease-cloud-music-functions.el
  netease-cloud-music-20210815.1439/netease-cloud-music-pkg.el
  netease-cloud-music-20210815.1439/netease-cloud-music-ui.el
  netease-cloud-music-20210815.1439/netease-cloud-music.el
Built netease-cloud-music in 4.853s, finished at 2021-08-17T10:11:30+0000
 ✓ Success:
4.0K -rw-r--r-- 1 root root  392 Aug 17 10:11 packages/netease-cloud-music-20210815.1439.entry
152K -rw-r--r-- 1 root root 150K Aug 17 10:11 packages/netease-cloud-music-20210815.1439.tar
4.0K -rw-r--r-- 1 root root 1.2K Aug 17 10:11 packages/netease-cloud-music-badge.svg
4.0K -rw-r--r-- 1 root root  286 Aug 17 10:11 packages/netease-cloud-music-readme.txt
