Package: ng2-mode
Fetcher: github
Source:  https://github.com/AdamNiederer/ng2-mode.git

Updating /mnt/store/melpa/working/ng2-mode/
Copying files (->) and directories (=>)
  from /mnt/store/melpa/working/ng2-mode/
  to /tmp/ng2-modeI2Turg/ng2-mode-20201203.1925
    ng2-html.el -> ng2-html.el
    ng2-mode.el -> ng2-mode.el
    ng2-shared.el -> ng2-shared.el
    ng2-ts.el -> ng2-ts.el
Created ng2-mode-20201203.1925.tar containing:
  ng2-mode-20201203.1925/
  ng2-mode-20201203.1925/ng2-html.el
  ng2-mode-20201203.1925/ng2-mode-pkg.el
  ng2-mode-20201203.1925/ng2-mode.el
  ng2-mode-20201203.1925/ng2-shared.el
  ng2-mode-20201203.1925/ng2-ts.el
Built ng2-mode in 4.785s, finished at Wed May 19 03:46:53 2021
 ✓ Success:
4.0K -rw-r--r-- 1 root root  424 May 19 03:46 packages/ng2-mode-20201203.1925.entry
 32K -rw-r--r-- 1 root root  30K May 19 03:46 packages/ng2-mode-20201203.1925.tar
4.0K -rw-r--r-- 1 root root 1.2K May 19 03:46 packages/ng2-mode-badge.svg
4.0K -rw-r--r-- 1 root root  237 May 19 03:46 packages/ng2-mode-readme.txt
