Package: nim-mode
Fetcher: github
Source:  https://github.com/nim-lang/nim-mode.git

Updating /mnt/store/melpa/working/nim-mode/
Copying files (->) and directories (=>)
  from /mnt/store/melpa/working/nim-mode/
  to /tmp/nim-modeK6EFYI/nim-mode-20191219.847
    nim-capf.el -> nim-capf.el
    nim-compile.el -> nim-compile.el
    nim-fill.el -> nim-fill.el
    nim-helper.el -> nim-helper.el
    nim-mode.el -> nim-mode.el
    nim-rx.el -> nim-rx.el
    nim-smie.el -> nim-smie.el
    nim-suggest.el -> nim-suggest.el
    nim-syntax.el -> nim-syntax.el
    nim-util.el -> nim-util.el
    nim-vars.el -> nim-vars.el
Created nim-mode-20191219.847.tar containing:
  nim-mode-20191219.847/
  nim-mode-20191219.847/nim-capf.el
  nim-mode-20191219.847/nim-compile.el
  nim-mode-20191219.847/nim-fill.el
  nim-mode-20191219.847/nim-helper.el
  nim-mode-20191219.847/nim-mode-pkg.el
  nim-mode-20191219.847/nim-mode.el
  nim-mode-20191219.847/nim-rx.el
  nim-mode-20191219.847/nim-smie.el
  nim-mode-20191219.847/nim-suggest.el
  nim-mode-20191219.847/nim-syntax.el
  nim-mode-20191219.847/nim-util.el
  nim-mode-20191219.847/nim-vars.el
Built nim-mode in 3.854s, finished at Wed May 19 03:46:59 2021
 ✓ Success:
4.0K -rw-r--r-- 1 root root  435 May 19 03:46 packages/nim-mode-20191219.847.entry
240K -rw-r--r-- 1 root root 240K May 19 03:46 packages/nim-mode-20191219.847.tar
4.0K -rw-r--r-- 1 root root 1.2K May 19 03:46 packages/nim-mode-badge.svg
4.0K -rw-r--r-- 1 root root 1.1K May 19 03:46 packages/nim-mode-readme.txt
