Package: nix-mode
Fetcher: github
Source:  https://github.com/NixOS/nix-mode.git

Updating /mnt/store/melpa/working/nix-mode/
Checking out origin/HEAD
Checking out 56748ac556d0406cc6c574f7347fe37decd8381e
Copying files (->) and directories (=>)
  from /mnt/store/melpa/working/nix-mode/
  to /tmp/nix-modertcgJc/nix-mode-20210809.1724
    nix-build.el -> nix-build.el
    nix-drv-mode.el -> nix-drv-mode.el
    nix-edit.el -> nix-edit.el
    nix-format.el -> nix-format.el
    nix-instantiate.el -> nix-instantiate.el
    nix-log.el -> nix-log.el
    nix-mode.el -> nix-mode.el
    nix-prettify-mode.el -> nix-prettify-mode.el
    nix-repl.el -> nix-repl.el
    nix-search.el -> nix-search.el
    nix-shebang.el -> nix-shebang.el
    nix-shell.el -> nix-shell.el
    nix-store.el -> nix-store.el
    nix.el -> nix.el
Created nix-mode-20210809.1724.tar containing:
  nix-mode-20210809.1724/
  nix-mode-20210809.1724/nix-build.el
  nix-mode-20210809.1724/nix-drv-mode.el
  nix-mode-20210809.1724/nix-edit.el
  nix-mode-20210809.1724/nix-format.el
  nix-mode-20210809.1724/nix-instantiate.el
  nix-mode-20210809.1724/nix-log.el
  nix-mode-20210809.1724/nix-mode-pkg.el
  nix-mode-20210809.1724/nix-mode.el
  nix-mode-20210809.1724/nix-prettify-mode.el
  nix-mode-20210809.1724/nix-repl.el
  nix-mode-20210809.1724/nix-search.el
  nix-mode-20210809.1724/nix-shebang.el
  nix-mode-20210809.1724/nix-shell.el
  nix-mode-20210809.1724/nix-store.el
  nix-mode-20210809.1724/nix.el
Built nix-mode in 4.186s, finished at 2021-08-17T10:11:50+0000
 ✓ Success:
4.0K -rw-r--r-- 1 root root  349 Aug 17 10:11 packages/nix-mode-20210809.1724.entry
100K -rw-r--r-- 1 root root 100K Aug 17 10:11 packages/nix-mode-20210809.1724.tar
4.0K -rw-r--r-- 1 root root 1.2K Aug 17 10:11 packages/nix-mode-badge.svg
4.0K -rw-r--r-- 1 root root  140 Aug 17 10:11 packages/nix-mode-readme.txt
