Package: nm
Fetcher: github
Source:  https://github.com/tjim/nevermore.git

Updating /mnt/store/melpa/working/nm/
Copying files (->) and directories (=>)
  from /mnt/store/melpa/working/nm/
  to /tmp/nm510ePn/nm-20151110.1910
    nm-company.el -> nm-company.el
    nm-dateparse.el -> nm-dateparse.el
    nm.el -> nm.el
Created nm-20151110.1910.tar containing:
  nm-20151110.1910/
  nm-20151110.1910/nm-company.el
  nm-20151110.1910/nm-dateparse.el
  nm-20151110.1910/nm-pkg.el
  nm-20151110.1910/nm.el
Built nm in 3.816s, finished at Sat Apr 24 07:39:36 2021
 ✓ Success:
4.0K -rw-r--r-- 1 root root  378 Apr 24 07:39 packages/nm-20151110.1910.entry
 72K -rw-r--r-- 1 root root  70K Apr 24 07:39 packages/nm-20151110.1910.tar
4.0K -rw-r--r-- 1 root root 1.2K Apr 24 07:39 packages/nm-badge.svg
