Package: nntwitter
Fetcher: github
Source:  https://github.com/dickmao/nntwitter.git

Updating /mnt/store/melpa/working/nntwitter/
Checking out origin/HEAD
Checking out 174eb3bdb1339872b62fe2bf0c27d9a3eb142d27
Copying files (->) and directories (=>)
  from /mnt/store/melpa/working/nntwitter/
  to /tmp/nntwitterK4UpWx/nntwitter-20210104.1423
  ! lisp/nntwitter-api.el -> nntwitter-api.el
  ! lisp/nntwitter-pkg.el -> nntwitter-pkg.el
  ! lisp/nntwitter.el -> nntwitter.el
Created nntwitter-20210104.1423.tar containing:
  nntwitter-20210104.1423/
  nntwitter-20210104.1423/nntwitter-api.el
  nntwitter-20210104.1423/nntwitter-pkg.el
  nntwitter-20210104.1423/nntwitter.el
Built nntwitter in 4.579s, finished at 2021-08-17T10:11:59+0000
 ✓ Success:
4.0K -rw-r--r-- 1 root root  342 Aug 17 10:11 packages/nntwitter-20210104.1423.entry
 80K -rw-r--r-- 1 root root  80K Aug 17 10:11 packages/nntwitter-20210104.1423.tar
4.0K -rw-r--r-- 1 root root 1.2K Aug 17 10:11 packages/nntwitter-badge.svg
4.0K -rw-r--r-- 1 root root   28 Aug 17 10:11 packages/nntwitter-readme.txt
