Package: nsis-mode
Fetcher: github
Source:  https://github.com/mattfidler/nsis-mode.git

Updating /mnt/store/melpa/working/nsis-mode/
Checking out origin/HEAD
Checking out 0a2e6ece2fe682dced4d31688b38bb472a877cdf
Copying files (->) and directories (=>)
  from /mnt/store/melpa/working/nsis-mode/
  to /tmp/nsis-mode82aiOk/nsis-mode-20190615.1827
    nsis-mode.el -> nsis-mode.el
    nsis-mode.texi -> nsis-mode.texi
Created /tmp/nsis-mode82aiOk/nsis-mode-20190615.1827/nsis-mode.info
Created nsis-mode-20190615.1827.tar containing:
  nsis-mode-20190615.1827/
  nsis-mode-20190615.1827/dir
  nsis-mode-20190615.1827/nsis-mode-pkg.el
  nsis-mode-20190615.1827/nsis-mode.el
  nsis-mode-20190615.1827/nsis-mode.info
Built nsis-mode in 7.647s, finished at 2021-08-17T10:12:33+0000
 ✓ Success:
4.0K -rw-r--r-- 1 root root  288 Aug 17 10:12 packages/nsis-mode-20190615.1827.entry
 92K -rw-r--r-- 1 root root  90K Aug 17 10:12 packages/nsis-mode-20190615.1827.tar
4.0K -rw-r--r-- 1 root root 1.2K Aug 17 10:12 packages/nsis-mode-badge.svg
4.0K -rw-r--r-- 1 root root  369 Aug 17 10:12 packages/nsis-mode-readme.txt
