Package: nyan-mode
Fetcher: github
Source:  https://github.com/TeMPOraL/nyan-mode.git

Updating /mnt/store/melpa/working/nyan-mode/
Copying files (->) and directories (=>)
  from /mnt/store/melpa/working/nyan-mode/
  to /tmp/nyan-moderEBeYB/nyan-mode-20200526.1054
    nyan-mode.el -> nyan-mode.el
    img => img
    mus => mus
Created nyan-mode-20200526.1054.tar containing:
  nyan-mode-20200526.1054/
  nyan-mode-20200526.1054/img/
  nyan-mode-20200526.1054/img/nyan-frame-1.xpm
  nyan-mode-20200526.1054/img/nyan-frame-2.xpm
  nyan-mode-20200526.1054/img/nyan-frame-3.xpm
  nyan-mode-20200526.1054/img/nyan-frame-4.xpm
  nyan-mode-20200526.1054/img/nyan-frame-5.xpm
  nyan-mode-20200526.1054/img/nyan-frame-6.xpm
  nyan-mode-20200526.1054/img/nyan.xpm
  nyan-mode-20200526.1054/img/outerspace.xpm
  nyan-mode-20200526.1054/img/rainbow.xpm
  nyan-mode-20200526.1054/mus/
  nyan-mode-20200526.1054/mus/nyanlooped.mp3
  nyan-mode-20200526.1054/nyan-mode-pkg.el
  nyan-mode-20200526.1054/nyan-mode.el
Built nyan-mode in 4.332s, finished at Wed May 19 03:48:15 2021
 ✓ Success:
4.0K -rw-r--r-- 1 root root  472 May 19 03:48 packages/nyan-mode-20200526.1054.entry
480K -rw-r--r-- 1 root root 480K May 19 03:48 packages/nyan-mode-20200526.1054.tar
4.0K -rw-r--r-- 1 root root 1.2K May 19 03:48 packages/nyan-mode-badge.svg
4.0K -rw-r--r-- 1 root root  536 May 19 03:48 packages/nyan-mode-readme.txt
