Package: ob-hy
Fetcher: github
Source:  https://github.com/brantou/ob-hy.git

Updating /mnt/store/melpa/working/ob-hy/
Copying files (->) and directories (=>)
  from /mnt/store/melpa/working/ob-hy/
  to /tmp/ob-hyPyrQcO/ob-hy-20180702.540
    ob-hy.el -> ob-hy.el
    test-ob-hy.el -> test-ob-hy.el
Created ob-hy-20180702.540.tar containing:
  ob-hy-20180702.540/
  ob-hy-20180702.540/ob-hy-pkg.el
  ob-hy-20180702.540/ob-hy.el
  ob-hy-20180702.540/test-ob-hy.el
Built ob-hy in 4.341s, finished at Wed May 19 03:48:38 2021
 ✓ Success:
4.0K -rw-r--r-- 1 root root  377 May 19 03:48 packages/ob-hy-20180702.540.entry
 32K -rw-r--r-- 1 root root  30K May 19 03:48 packages/ob-hy-20180702.540.tar
4.0K -rw-r--r-- 1 root root 1.2K May 19 03:48 packages/ob-hy-badge.svg
4.0K -rw-r--r-- 1 root root  317 May 19 03:48 packages/ob-hy-readme.txt
