Package: ob-ipython
Fetcher: github
Source:  https://github.com/gregsexton/ob-ipython.git

Updating /mnt/store/melpa/working/ob-ipython/
Copying files (->) and directories (=>)
  from /mnt/store/melpa/working/ob-ipython/
  to /tmp/ob-ipythonnHEXvc/ob-ipython-20180224.953
    ob-ipython.el -> ob-ipython.el
    client.py -> client.py
Created ob-ipython-20180224.953.tar containing:
  ob-ipython-20180224.953/
  ob-ipython-20180224.953/client.py
  ob-ipython-20180224.953/ob-ipython-pkg.el
  ob-ipython-20180224.953/ob-ipython.el
Built ob-ipython in 3.998s, finished at Wed May 19 03:48:39 2021
 ✓ Success:
4.0K -rw-r--r-- 1 root root  548 May 19 03:48 packages/ob-ipython-20180224.953.entry
 40K -rw-r--r-- 1 root root  40K May 19 03:48 packages/ob-ipython-20180224.953.tar
4.0K -rw-r--r-- 1 root root 1.2K May 19 03:48 packages/ob-ipython-badge.svg
4.0K -rw-r--r-- 1 root root   67 May 19 03:48 packages/ob-ipython-readme.txt
