Package: ob-rust
Fetcher: github
Source:  https://github.com/micanzhang/ob-rust.git

Updating /mnt/store/melpa/working/ob-rust/
Copying files (->) and directories (=>)
  from /mnt/store/melpa/working/ob-rust/
  to /tmp/ob-rustAVracK/ob-rust-20210204.244
    ob-rust.el -> ob-rust.el
    test-ob-rust.el -> test-ob-rust.el
Created ob-rust-20210204.244.tar containing:
  ob-rust-20210204.244/
  ob-rust-20210204.244/ob-rust-pkg.el
  ob-rust-20210204.244/ob-rust.el
  ob-rust-20210204.244/test-ob-rust.el
Built ob-rust in 3.832s, finished at Wed May 19 03:48:49 2021
 ✓ Success:
4.0K -rw-r--r-- 1 root root  303 May 19 03:48 packages/ob-rust-20210204.244.entry
 20K -rw-r--r-- 1 root root  20K May 19 03:48 packages/ob-rust-20210204.244.tar
4.0K -rw-r--r-- 1 root root 1.2K May 19 03:48 packages/ob-rust-badge.svg
4.0K -rw-r--r-- 1 root root  861 May 19 03:48 packages/ob-rust-readme.txt
