Package: ob-sagemath
Fetcher: github
Source:  https://github.com/sagemath/ob-sagemath.git

Updating /mnt/store/melpa/working/ob-sagemath/
Checking out origin/HEAD
Checking out 79645bce0c25a650bae61e550434bed836995dce
Copying files (->) and directories (=>)
  from /mnt/store/melpa/working/ob-sagemath/
  to /tmp/ob-sagemathi2ewev/ob-sagemath-20191106.828
    ob-sagemath.el -> ob-sagemath.el
    emacs_ob_sagemath.py -> emacs_ob_sagemath.py
Created ob-sagemath-20191106.828.tar containing:
  ob-sagemath-20191106.828/
  ob-sagemath-20191106.828/emacs_ob_sagemath.py
  ob-sagemath-20191106.828/ob-sagemath-pkg.el
  ob-sagemath-20191106.828/ob-sagemath.el
Built ob-sagemath in 3.847s, finished at 2021-08-17T10:13:20+0000
 ✓ Success:
4.0K -rw-r--r-- 1 root root  470 Aug 17 10:13 packages/ob-sagemath-20191106.828.entry
 32K -rw-r--r-- 1 root root  30K Aug 17 10:13 packages/ob-sagemath-20191106.828.tar
4.0K -rw-r--r-- 1 root root 1.2K Aug 17 10:13 packages/ob-sagemath-badge.svg
4.0K -rw-r--r-- 1 root root  128 Aug 17 10:13 packages/ob-sagemath-readme.txt
