Package: octicons
Fetcher: github
Source:  https://github.com/emacsorphanage/octicons.git

Updating /mnt/store/melpa/working/octicons/
Copying files (->) and directories (=>)
  from /mnt/store/melpa/working/octicons/
  to /tmp/octiconsmx5v7g/octicons-20151101.340
    octicons-data.el -> octicons-data.el
    octicons.el -> octicons.el
Created octicons-20151101.340.tar containing:
  octicons-20151101.340/
  octicons-20151101.340/octicons-data.el
  octicons-20151101.340/octicons-pkg.el
  octicons-20151101.340/octicons.el
Built octicons in 3.933s, finished at Wed May 19 03:49:10 2021
 ✓ Success:
4.0K -rw-r--r-- 1 root root  324 May 19 03:49 packages/octicons-20151101.340.entry
 12K -rw-r--r-- 1 root root  10K May 19 03:49 packages/octicons-20151101.340.tar
4.0K -rw-r--r-- 1 root root 1.2K May 19 03:49 packages/octicons-badge.svg
4.0K -rw-r--r-- 1 root root   54 May 19 03:49 packages/octicons-readme.txt
