Package: oer-reveal
Fetcher: gitlab
Source:  https://gitlab.com/oer/oer-reveal.git

Updating /mnt/store/melpa/working/oer-reveal/
Checking out origin/HEAD
Checking out e828f86ee607de487cb60393b41c6919d0b66356
Copying files (->) and directories (=>)
  from /mnt/store/melpa/working/oer-reveal/
  to /tmp/oer-revealQOS85r/oer-reveal-20210623.653
    oer-reveal-publish.el -> oer-reveal-publish.el
    oer-reveal.el -> oer-reveal.el
    ox-oer-reveal.el -> ox-oer-reveal.el
    README.md -> README.md
    README.md.license -> README.md.license
    LICENSE -> LICENSE
    LICENSES => LICENSES
    org => org
    css => css
    title-slide => title-slide
    examples => examples
Created oer-reveal-20210623.653.tar containing:
  oer-reveal-20210623.653/
  oer-reveal-20210623.653/LICENSE
  oer-reveal-20210623.653/LICENSES/
  oer-reveal-20210623.653/LICENSES/CC-BY-SA-4.0.txt
  oer-reveal-20210623.653/LICENSES/CC0-1.0.txt
  oer-reveal-20210623.653/LICENSES/GPL-3.0-or-later.txt
  oer-reveal-20210623.653/LICENSES/LicenseRef-MIT-HEH-JL.txt
  oer-reveal-20210623.653/LICENSES/LicenseRef-MIT-JL.txt
  oer-reveal-20210623.653/README.md
  oer-reveal-20210623.653/README.md.license
  oer-reveal-20210623.653/css/
  oer-reveal-20210623.653/css/dbis-longtitle.css
  oer-reveal-20210623.653/css/dbis.css
  oer-reveal-20210623.653/css/ercis-quote.css
  oer-reveal-20210623.653/css/ercis.css
  oer-reveal-20210623.653/css/ercis2019.css
  oer-reveal-20210623.653/css/folder_inbox.png
  oer-reveal-20210623.653/css/folder_inbox.png.base
  oer-reveal-20210623.653/css/folder_inbox.png.base.license
  oer-reveal-20210623.653/css/folder_inbox.png.license
  oer-reveal-20210623.653/css/hidelinks.js
  oer-reveal-20210623.653/css/index.css
  oer-reveal-20210623.653/css/oer-reveal.css
  oer-reveal-20210623.653/css/outgoing-link.png
  oer-reveal-20210623.653/css/outgoing-link.png.base
  oer-reveal-20210623.653/css/outgoing-link.png.base.license
  oer-reveal-20210623.653/css/outgoing-link.png.license
  oer-reveal-20210623.653/css/toc-style.css
  oer-reveal-20210623.653/css/wwu-ercis.css
  oer-reveal-20210623.653/examples/
  oer-reveal-20210623.653/examples/publish.el
  oer-reveal-20210623.653/examples/quizzes/
  oer-reveal-20210623.653/examples/quizzes/usage-hints.js
  oer-reveal-20210623.653/examples/test-audio-jump.org
  oer-reveal-20210623.653/examples/test-default.org
  oer-reveal-20210623.653/examples/test-license.org
  oer-reveal-20210623.653/examples/test-local.org
  oer-reveal-20210623.653/examples/test-plain.org
  oer-reveal-20210623.653/examples/title-slide.html
  oer-reveal-20210623.653/oer-reveal-pkg.el
  oer-reveal-20210623.653/oer-reveal-publish.el
  oer-reveal-20210623.653/oer-reveal.el
  oer-reveal-20210623.653/org/
  oer-reveal-20210623.653/org/backmatter-de.org
  oer-reveal-20210623.653/org/backmatter-ercis.org
  oer-reveal-20210623.653/org/backmatter.org
  oer-reveal-20210623.653/org/bibliography-de.org
  oer-reveal-20210623.653/org/bibliography.org
  oer-reveal-20210623.653/org/config-de.org
  oer-reveal-20210623.653/org/config-ercis2019-de.org
  oer-reveal-20210623.653/org/config-ercis2019.org
  oer-reveal-20210623.653/org/config-title-notes.org
  oer-reveal-20210623.653/org/config-usage-notes-de.org
  oer-reveal-20210623.653/org/config-usage-notes.org
  oer-reveal-20210623.653/org/config.org
  oer-reveal-20210623.653/org/finalslide-ercis.org
  oer-reveal-20210623.653/org/learning-objectives-notes.org
  oer-reveal-20210623.653/org/license-disclaimer-cc-by-sa-4.0-de.org
  oer-reveal-20210623.653/org/license-disclaimer-cc-by-sa-4.0.org
  oer-reveal-20210623.653/org/license-template-de.org
  oer-reveal-20210623.653/org/license-template.org
  oer-reveal-20210623.653/org/reveal.js-hints-de.org
  oer-reveal-20210623.653/org/reveal.js-hints.org
  oer-reveal-20210623.653/org/source-code-licenses-de.org
  oer-reveal-20210623.653/org/source-code-licenses.org
  oer-reveal-20210623.653/ox-oer-reveal.el
  oer-reveal-20210623.653/title-slide/
  oer-reveal-20210623.653/title-slide/course-mlde.html
  oer-reveal-20210623.653/title-slide/csos.html
  oer-reveal-20210623.653/title-slide/dbis-course.html
  oer-reveal-20210623.653/title-slide/dbis-talk-de.html
  oer-reveal-20210623.653/title-slide/dbis-talk-glr-de.html
  oer-reveal-20210623.653/title-slide/dbis-talk-pdf.html
  oer-reveal-20210623.653/title-slide/dbis-talk-qr-de.html
  oer-reveal-20210623.653/title-slide/dbis-talk-qr.html
  oer-reveal-20210623.653/title-slide/dbis-talk.html
  oer-reveal-20210623.653/title-slide/ds.html
  oer-reveal-20210623.653/title-slide/ercis-talk-online-qr.html
  oer-reveal-20210623.653/title-slide/ercis-talk-online.html
  oer-reveal-20210623.653/title-slide/ercis-talk.html
  oer-reveal-20210623.653/title-slide/ercis-talk2019.html
  oer-reveal-20210623.653/title-slide/ercis2019-talk-online-qr.html
  oer-reveal-20210623.653/title-slide/ercis2019-vortrag.html
  oer-reveal-20210623.653/title-slide/kurs-mlde.html
  oer-reveal-20210623.653/title-slide/kurs.html
Built oer-reveal in 5.929s, finished at 2021-08-17T10:13:43+0000
 ✓ Success:
4.0K -rw-r--r-- 1 root root  447 Aug 17 10:13 packages/oer-reveal-20210623.653.entry
492K -rw-r--r-- 1 root root 490K Aug 17 10:13 packages/oer-reveal-20210623.653.tar
4.0K -rw-r--r-- 1 root root 1.2K Aug 17 10:13 packages/oer-reveal-badge.svg
4.0K -rw-r--r-- 1 root root  698 Aug 17 10:13 packages/oer-reveal-readme.txt
