Package: omni-tags
Fetcher: github
Source:  https://github.com/AdrieanKhisbe/omni-tags.el.git

Updating /mnt/store/melpa/working/omni-tags/
Copying files (->) and directories (=>)
  from /mnt/store/melpa/working/omni-tags/
  to /tmp/omni-tagsOMeean/omni-tags-20170426.2109
    omni-tags-face.el -> omni-tags-face.el
    omni-tags-navigation.el -> omni-tags-navigation.el
    omni-tags-utils.el -> omni-tags-utils.el
    omni-tags.el -> omni-tags.el
Created omni-tags-20170426.2109.tar containing:
  omni-tags-20170426.2109/
  omni-tags-20170426.2109/omni-tags-face.el
  omni-tags-20170426.2109/omni-tags-navigation.el
  omni-tags-20170426.2109/omni-tags-pkg.el
  omni-tags-20170426.2109/omni-tags-utils.el
  omni-tags-20170426.2109/omni-tags.el
Built omni-tags in 5.337s, finished at Wed May 19 03:49:25 2021
 ✓ Success:
4.0K -rw-r--r-- 1 root root  428 May 19 03:49 packages/omni-tags-20170426.2109.entry
 32K -rw-r--r-- 1 root root  30K May 19 03:49 packages/omni-tags-20170426.2109.tar
4.0K -rw-r--r-- 1 root root 1.2K May 19 03:49 packages/omni-tags-badge.svg
4.0K -rw-r--r-- 1 root root  420 May 19 03:49 packages/omni-tags-readme.txt
