Package: omtose-phellack-theme
Fetcher: github
Source:  https://github.com/franksn/omtose-phellack-theme.git

Updating /mnt/store/melpa/working/omtose-phellack-theme/
Copying files (->) and directories (=>)
  from /mnt/store/melpa/working/omtose-phellack-theme/
  to /tmp/omtose-phellack-theme2kyXxS/omtose-phellack-theme-20161111.2120
  ! variants/omtose-darker-theme.el -> omtose-darker-theme.el
  ! variants/omtose-phellack-theme-pkg.el -> omtose-phellack-theme-pkg.el
  ! variants/omtose-softer-theme.el -> omtose-softer-theme.el
Created omtose-phellack-theme-20161111.2120.tar containing:
  omtose-phellack-theme-20161111.2120/
  omtose-phellack-theme-20161111.2120/omtose-darker-theme.el
  omtose-phellack-theme-20161111.2120/omtose-phellack-theme-pkg.el
  omtose-phellack-theme-20161111.2120/omtose-softer-theme.el
Built omtose-phellack-theme in 3.857s, finished at Wed May 19 03:49:25 2021
 ✓ Success:
4.0K -rw-r--r-- 1 root root  164 May 19 03:49 packages/omtose-phellack-theme-20161111.2120.entry
220K -rw-r--r-- 1 root root 220K May 19 03:49 packages/omtose-phellack-theme-20161111.2120.tar
4.0K -rw-r--r-- 1 root root 1.2K May 19 03:49 packages/omtose-phellack-theme-badge.svg
