Package: opener
Fetcher: github
Source:  https://github.com/0robustus1/opener.el.git

Updating /mnt/store/melpa/working/opener/
Checking out origin/HEAD
Checking out c384f67278046fdcd220275fdd212ab85672cbeb
Copying files (->) and directories (=>)
  from /mnt/store/melpa/working/opener/
  to /tmp/openernvKb2a/opener-20161207.1810
    opener.el -> opener.el
    opener.texi -> opener.texi
Created /tmp/openernvKb2a/opener-20161207.1810/opener.info
Created opener-20161207.1810.tar containing:
  opener-20161207.1810/
  opener-20161207.1810/dir
  opener-20161207.1810/opener-pkg.el
  opener-20161207.1810/opener.el
  opener-20161207.1810/opener.info
Built opener in 8.418s, finished at 2021-08-17T10:14:08+0000
 ✓ Success:
4.0K -rw-r--r-- 1 root root  404 Aug 17 10:14 packages/opener-20161207.1810.entry
 20K -rw-r--r-- 1 root root  20K Aug 17 10:14 packages/opener-20161207.1810.tar
4.0K -rw-r--r-- 1 root root 1.2K Aug 17 10:14 packages/opener-badge.svg
4.0K -rw-r--r-- 1 root root  571 Aug 17 10:14 packages/opener-readme.txt
