Package: open-in-msvs
Fetcher: github
Source:  https://github.com/evgeny-panasyuk/open-in-msvs.el.git

Updating /mnt/store/melpa/working/open-in-msvs/
Copying files (->) and directories (=>)
  from /mnt/store/melpa/working/open-in-msvs/
  to /tmp/open-in-msvsLMMmbg/open-in-msvs-20170123.2228
    open-in-msvs.el -> open-in-msvs.el
    open-in-msvs.vbs -> open-in-msvs.vbs
Created open-in-msvs-20170123.2228.tar containing:
  open-in-msvs-20170123.2228/
  open-in-msvs-20170123.2228/open-in-msvs-pkg.el
  open-in-msvs-20170123.2228/open-in-msvs.el
  open-in-msvs-20170123.2228/open-in-msvs.vbs
Built open-in-msvs in 3.967s, finished at Wed May 19 03:49:30 2021
 ✓ Success:
4.0K -rw-r--r-- 1 root root  396 May 19 03:49 packages/open-in-msvs-20170123.2228.entry
 12K -rw-r--r-- 1 root root  10K May 19 03:49 packages/open-in-msvs-20170123.2228.tar
4.0K -rw-r--r-- 1 root root 1.2K May 19 03:49 packages/open-in-msvs-badge.svg
4.0K -rw-r--r-- 1 root root  132 May 19 03:49 packages/open-in-msvs-readme.txt
