Package: org-gcal
Fetcher: github
Source:  https://github.com/kidd/org-gcal.el.git

Updating /mnt/store/melpa/working/org-gcal/
Copying files (->) and directories (=>)
  from /mnt/store/melpa/working/org-gcal/
  to /tmp/org-gcalgwL0ka/org-gcal-20210421.2203
    org-gcal.el -> org-gcal.el
    org-generic-id.el -> org-generic-id.el
Created org-gcal-20210421.2203.tar containing:
  org-gcal-20210421.2203/
  org-gcal-20210421.2203/org-gcal-pkg.el
  org-gcal-20210421.2203/org-gcal.el
  org-gcal-20210421.2203/org-generic-id.el
Built org-gcal in 4.170s, finished at Wed May 19 03:50:24 2021
 ✓ Success:
4.0K -rw-r--r-- 1 root root  481 May 19 03:50 packages/org-gcal-20210421.2203.entry
112K -rw-r--r-- 1 root root 110K May 19 03:50 packages/org-gcal-20210421.2203.tar
4.0K -rw-r--r-- 1 root root 1.2K May 19 03:50 packages/org-gcal-badge.svg
4.0K -rw-r--r-- 1 root root   75 May 19 03:50 packages/org-gcal-readme.txt
