Package: org-dp
Fetcher: github
Source:  https://github.com/tj64/org-dp.git

Updating /mnt/store/melpa/working/org-dp/
Checking out origin/HEAD
Checking out e720f1c155a795a5b65a04790ad195c413449716
Copying files (->) and directories (=>)
  from /mnt/store/melpa/working/org-dp/
  to /tmp/org-dpwfZ4XR/org-dp-20180311.923
    org-dp-lib.el -> org-dp-lib.el
    org-dp.el -> org-dp.el
Created org-dp-20180311.923.tar containing:
  org-dp-20180311.923/
  org-dp-20180311.923/org-dp-lib.el
  org-dp-20180311.923/org-dp-pkg.el
  org-dp-20180311.923/org-dp.el
Built org-dp in 6.156s, finished at 2021-08-17T10:14:45+0000
 ✓ Success:
4.0K -rw-r--r-- 1 root root  339 Aug 17 10:14 packages/org-dp-20180311.923.entry
 72K -rw-r--r-- 1 root root  70K Aug 17 10:14 packages/org-dp-20180311.923.tar
4.0K -rw-r--r-- 1 root root 1.2K Aug 17 10:14 packages/org-dp-badge.svg
