Package: org-iv
Fetcher: github
Source:  https://github.com/kuangdash/org-iv.git

Updating /mnt/store/melpa/working/org-iv/
Copying files (->) and directories (=>)
  from /mnt/store/melpa/working/org-iv/
  to /tmp/org-ivcoNeis/org-iv-20171001.1022
    org-iv-config.el -> org-iv-config.el
    org-iv-pkg.el -> org-iv-pkg.el
    org-iv.el -> org-iv.el
    default/css/.gitkeep -> default/css/.gitkeep
    default/js/.gitkeep -> default/js/.gitkeep
Created org-iv-20171001.1022.tar containing:
  org-iv-20171001.1022/
  org-iv-20171001.1022/default/
  org-iv-20171001.1022/default/css/
  org-iv-20171001.1022/default/css/.gitkeep
  org-iv-20171001.1022/default/js/
  org-iv-20171001.1022/default/js/.gitkeep
  org-iv-20171001.1022/org-iv-config.el
  org-iv-20171001.1022/org-iv-pkg.el
  org-iv-20171001.1022/org-iv.el
Built org-iv in 3.876s, finished at Wed May 19 03:50:31 2021
 ✓ Success:
4.0K -rw-r--r-- 1 root root  412 May 19 03:50 packages/org-iv-20171001.1022.entry
 20K -rw-r--r-- 1 root root  20K May 19 03:50 packages/org-iv-20171001.1022.tar
4.0K -rw-r--r-- 1 root root 1.2K May 19 03:50 packages/org-iv-badge.svg
4.0K -rw-r--r-- 1 root root  162 May 19 03:50 packages/org-iv-readme.txt
