Package: org-if
Fetcher: gitlab
Source:  https://gitlab.com/elzair/org-if.git

Updating /mnt/store/melpa/working/org-if/
Copying files (->) and directories (=>)
  from /mnt/store/melpa/working/org-if/
  to /tmp/org-ifZRei5L/org-if-20150920.1513
    ob-org-if.el -> ob-org-if.el
    org-if-active.el -> org-if-active.el
    org-if-interpreter.el -> org-if-interpreter.el
    org-if-link.el -> org-if-link.el
    org-if-misc.el -> org-if-misc.el
    org-if-mode.el -> org-if-mode.el
    org-if-pkg.el -> org-if-pkg.el
    org-if-reader.el -> org-if-reader.el
    org-if.el -> org-if.el
Created org-if-20150920.1513.tar containing:
  org-if-20150920.1513/
  org-if-20150920.1513/ob-org-if.el
  org-if-20150920.1513/org-if-active.el
  org-if-20150920.1513/org-if-interpreter.el
  org-if-20150920.1513/org-if-link.el
  org-if-20150920.1513/org-if-misc.el
  org-if-20150920.1513/org-if-mode.el
  org-if-20150920.1513/org-if-pkg.el
  org-if-20150920.1513/org-if-reader.el
  org-if-20150920.1513/org-if.el
Built org-if in 4.325s, finished at Wed May 19 03:50:28 2021
 ✓ Success:
4.0K -rw-r--r-- 1 root root  327 May 19 03:50 packages/org-if-20150920.1513.entry
 52K -rw-r--r-- 1 root root  50K May 19 03:50 packages/org-if-20150920.1513.tar
4.0K -rw-r--r-- 1 root root 1.2K May 19 03:50 packages/org-if-badge.svg
4.0K -rw-r--r-- 1 root root  107 May 19 03:50 packages/org-if-readme.txt
