Package: org-tfl
Fetcher: github
Source:  https://github.com/storax/org-tfl.git

Updating /mnt/store/melpa/working/org-tfl/
Checking out origin/HEAD
Checking out f0d7d39106a1de5457f5160cddd98ab892b61066
Copying files (->) and directories (=>)
  from /mnt/store/melpa/working/org-tfl/
  to /tmp/org-tflZD6lJY/org-tfl-20170923.1218
    org-tfl.el -> org-tfl.el
    bus.svg -> bus.svg
    cam.svg -> cam.svg
    coach.svg -> coach.svg
    disruption.svg -> disruption.svg
    dlr.svg -> dlr.svg
    information.svg -> information.svg
    location.svg -> location.svg
    overground.svg -> overground.svg
    replacement-bus.svg -> replacement-bus.svg
    river-bus.svg -> river-bus.svg
    train.svg -> train.svg
    tube.svg -> tube.svg
    walking.svg -> walking.svg
Created org-tfl-20170923.1218.tar containing:
  org-tfl-20170923.1218/
  org-tfl-20170923.1218/bus.svg
  org-tfl-20170923.1218/cam.svg
  org-tfl-20170923.1218/coach.svg
  org-tfl-20170923.1218/disruption.svg
  org-tfl-20170923.1218/dlr.svg
  org-tfl-20170923.1218/information.svg
  org-tfl-20170923.1218/location.svg
  org-tfl-20170923.1218/org-tfl-pkg.el
  org-tfl-20170923.1218/org-tfl.el
  org-tfl-20170923.1218/overground.svg
  org-tfl-20170923.1218/replacement-bus.svg
  org-tfl-20170923.1218/river-bus.svg
  org-tfl-20170923.1218/train.svg
  org-tfl-20170923.1218/tube.svg
  org-tfl-20170923.1218/walking.svg
Built org-tfl in 4.764s, finished at 2021-08-17T10:16:48+0000
 ✓ Success:
4.0K -rw-r--r-- 1 root root  450 Aug 17 10:16 packages/org-tfl-20170923.1218.entry
100K -rw-r--r-- 1 root root 100K Aug 17 10:16 packages/org-tfl-20170923.1218.tar
4.0K -rw-r--r-- 1 root root 1.2K Aug 17 10:16 packages/org-tfl-badge.svg
4.0K -rw-r--r-- 1 root root 1.6K Aug 17 10:16 packages/org-tfl-readme.txt
