Package: org-ml
Fetcher: github
Source:  https://github.com/ndwarshuis/org-ml.git

Updating /mnt/store/melpa/working/org-ml/
Checking out origin/HEAD
Checking out e14205312c54a1c97491c7f847d296b09f5f57b0
Copying files (->) and directories (=>)
  from /mnt/store/melpa/working/org-ml/
  to /tmp/org-mlfCb2kg/org-ml-20210627.1623
    org-ml-macs.el -> org-ml-macs.el
    org-ml.el -> org-ml.el
Created org-ml-20210627.1623.tar containing:
  org-ml-20210627.1623/
  org-ml-20210627.1623/org-ml-macs.el
  org-ml-20210627.1623/org-ml-pkg.el
  org-ml-20210627.1623/org-ml.el
Built org-ml in 4.203s, finished at 2021-08-17T10:15:22+0000
 ✓ Success:
4.0K -rw-r--r-- 1 root root  405 Aug 17 10:15 packages/org-ml-20210627.1623.entry
320K -rw-r--r-- 1 root root 320K Aug 17 10:15 packages/org-ml-20210627.1623.tar
4.0K -rw-r--r-- 1 root root 1.2K Aug 17 10:15 packages/org-ml-badge.svg
4.0K -rw-r--r-- 1 root root 1.2K Aug 17 10:15 packages/org-ml-readme.txt
