Package: org-treescope
Fetcher: gitlab
Source:  https://gitlab.com/mtekman/org-treescope.el.git

Updating /mnt/store/melpa/working/org-treescope/
Copying files (->) and directories (=>)
  from /mnt/store/melpa/working/org-treescope/
  to /tmp/org-treescopekkexHd/org-treescope-20200503.1609
    org-treescope-calendarranges.el -> org-treescope-calendarranges.el
    org-treescope-cyclestates.el -> org-treescope-cyclestates.el
    org-treescope-datehelper.el -> org-treescope-datehelper.el
    org-treescope-faces.el -> org-treescope-faces.el
    org-treescope-modehelper.el -> org-treescope-modehelper.el
    org-treescope-query.el -> org-treescope-query.el
    org-treescope.el -> org-treescope.el
Created org-treescope-20200503.1609.tar containing:
  org-treescope-20200503.1609/
  org-treescope-20200503.1609/org-treescope-calendarranges.el
  org-treescope-20200503.1609/org-treescope-cyclestates.el
  org-treescope-20200503.1609/org-treescope-datehelper.el
  org-treescope-20200503.1609/org-treescope-faces.el
  org-treescope-20200503.1609/org-treescope-modehelper.el
  org-treescope-20200503.1609/org-treescope-pkg.el
  org-treescope-20200503.1609/org-treescope-query.el
  org-treescope-20200503.1609/org-treescope.el
Built org-treescope in 5.040s, finished at Wed May 19 03:51:54 2021
 ✓ Success:
4.0K -rw-r--r-- 1 root root  393 May 19 03:51 packages/org-treescope-20200503.1609.entry
 40K -rw-r--r-- 1 root root  40K May 19 03:51 packages/org-treescope-20200503.1609.tar
4.0K -rw-r--r-- 1 root root 1.2K May 19 03:51 packages/org-treescope-badge.svg
4.0K -rw-r--r-- 1 root root  178 May 19 03:51 packages/org-treescope-readme.txt
