Package: org-linkotron
Fetcher: gitlab
Source:  https://gitlab.com/perweij/org-linkotron.git

Updating /mnt/store/melpa/working/org-linkotron/
Copying files (->) and directories (=>)
  from /mnt/store/melpa/working/org-linkotron/
  to /tmp/org-linkotron5eudhi/org-linkotron-20200112.2235
    org-linkotron.el -> org-linkotron.el
    org-linkotron.info -> org-linkotron.info
Created org-linkotron-20200112.2235.tar containing:
  org-linkotron-20200112.2235/
  org-linkotron-20200112.2235/dir
  org-linkotron-20200112.2235/org-linkotron-pkg.el
  org-linkotron-20200112.2235/org-linkotron.el
  org-linkotron-20200112.2235/org-linkotron.info
Built org-linkotron in 4.012s, finished at Wed May 19 03:50:38 2021
 ✓ Success:
4.0K -rw-r--r-- 1 root root  386 May 19 03:50 packages/org-linkotron-20200112.2235.entry
 20K -rw-r--r-- 1 root root  20K May 19 03:50 packages/org-linkotron-20200112.2235.tar
4.0K -rw-r--r-- 1 root root 1.2K May 19 03:50 packages/org-linkotron-badge.svg
4.0K -rw-r--r-- 1 root root  707 May 19 03:50 packages/org-linkotron-readme.txt
