Package: org-chef
Fetcher: github
Source:  https://github.com/Chobbes/org-chef.git

Updating /mnt/store/melpa/working/org-chef/
Checking out origin/HEAD
Checking out a97232b4706869ecae16a1352487a99bc3cf97af
Copying files (->) and directories (=>)
  from /mnt/store/melpa/working/org-chef/
  to /tmp/org-chefmhLK1A/org-chef-20210508.110
    org-chef-24kitchen.el -> org-chef-24kitchen.el
    org-chef-all-recipes.el -> org-chef-all-recipes.el
    org-chef-bbc-food.el -> org-chef-bbc-food.el
    org-chef-chef-koch.el -> org-chef-chef-koch.el
    org-chef-cultures-for-health.el -> org-chef-cultures-for-health.el
    org-chef-fine-cooking.el -> org-chef-fine-cooking.el
    org-chef-genius-kitchen.el -> org-chef-genius-kitchen.el
    org-chef-json-ld.el -> org-chef-json-ld.el
    org-chef-marmiton.el -> org-chef-marmiton.el
    org-chef-martha-stewart.el -> org-chef-martha-stewart.el
    org-chef-nytimes.el -> org-chef-nytimes.el
    org-chef-reluctant-gourmet.el -> org-chef-reluctant-gourmet.el
    org-chef-saveur.el -> org-chef-saveur.el
    org-chef-serious-eats.el -> org-chef-serious-eats.el
    org-chef-simply-recipes.el -> org-chef-simply-recipes.el
    org-chef-steamy-kitchen.el -> org-chef-steamy-kitchen.el
    org-chef-taste.el -> org-chef-taste.el
    org-chef-utils.el -> org-chef-utils.el
    org-chef-wordpress.el -> org-chef-wordpress.el
    org-chef-xiachufang.el -> org-chef-xiachufang.el
    org-chef.el -> org-chef.el
Created org-chef-20210508.110.tar containing:
  org-chef-20210508.110/
  org-chef-20210508.110/org-chef-24kitchen.el
  org-chef-20210508.110/org-chef-all-recipes.el
  org-chef-20210508.110/org-chef-bbc-food.el
  org-chef-20210508.110/org-chef-chef-koch.el
  org-chef-20210508.110/org-chef-cultures-for-health.el
  org-chef-20210508.110/org-chef-fine-cooking.el
  org-chef-20210508.110/org-chef-genius-kitchen.el
  org-chef-20210508.110/org-chef-json-ld.el
  org-chef-20210508.110/org-chef-marmiton.el
  org-chef-20210508.110/org-chef-martha-stewart.el
  org-chef-20210508.110/org-chef-nytimes.el
  org-chef-20210508.110/org-chef-pkg.el
  org-chef-20210508.110/org-chef-reluctant-gourmet.el
  org-chef-20210508.110/org-chef-saveur.el
  org-chef-20210508.110/org-chef-serious-eats.el
  org-chef-20210508.110/org-chef-simply-recipes.el
  org-chef-20210508.110/org-chef-steamy-kitchen.el
  org-chef-20210508.110/org-chef-taste.el
  org-chef-20210508.110/org-chef-utils.el
  org-chef-20210508.110/org-chef-wordpress.el
  org-chef-20210508.110/org-chef-xiachufang.el
  org-chef-20210508.110/org-chef.el
Built org-chef in 4.628s, finished at 2021-08-17T10:14:31+0000
 ✓ Success:
4.0K -rw-r--r-- 1 root root  449 Aug 17 10:14 packages/org-chef-20210508.110.entry
112K -rw-r--r-- 1 root root 110K Aug 17 10:14 packages/org-chef-20210508.110.tar
4.0K -rw-r--r-- 1 root root 1.2K Aug 17 10:14 packages/org-chef-badge.svg
4.0K -rw-r--r-- 1 root root  161 Aug 17 10:14 packages/org-chef-readme.txt
