Package: org-runbook
Fetcher: github
Source:  https://github.com/tyler-dodge/org-runbook.git

Updating /mnt/store/melpa/working/org-runbook/
Copying files (->) and directories (=>)
  from /mnt/store/melpa/working/org-runbook/
  to /tmp/org-runbookqbE948/org-runbook-20210502.1732
    org-runbook-ivy.el -> org-runbook-ivy.el
    org-runbook.el -> org-runbook.el
Created org-runbook-20210502.1732.tar containing:
  org-runbook-20210502.1732/
  org-runbook-20210502.1732/org-runbook-ivy.el
  org-runbook-20210502.1732/org-runbook-pkg.el
  org-runbook-20210502.1732/org-runbook.el
Built org-runbook in 4.562s, finished at Wed May 19 03:51:25 2021
 ✓ Success:
4.0K -rw-r--r-- 1 root root  533 May 19 03:51 packages/org-runbook-20210502.1732.entry
 40K -rw-r--r-- 1 root root  40K May 19 03:51 packages/org-runbook-20210502.1732.tar
4.0K -rw-r--r-- 1 root root 1.2K May 19 03:51 packages/org-runbook-badge.svg
4.0K -rw-r--r-- 1 root root 1.3K May 19 03:51 packages/org-runbook-readme.txt
