Package: org-roam
Fetcher: github
Source:  https://github.com/org-roam/org-roam.git

Updating /mnt/store/melpa/working/org-roam/
Checking out origin/HEAD
Checking out 95afbc676a2317ae75d358ef6c71b97548505777
Copying files (->) and directories (=>)
  from /mnt/store/melpa/working/org-roam/
  to /tmp/org-roamPWLmkB/org-roam-20210816.2020
    org-roam-capture.el -> org-roam-capture.el
    org-roam-compat.el -> org-roam-compat.el
    org-roam-db.el -> org-roam-db.el
    org-roam-migrate.el -> org-roam-migrate.el
    org-roam-mode.el -> org-roam-mode.el
    org-roam-node.el -> org-roam-node.el
    org-roam-utils.el -> org-roam-utils.el
    org-roam.el -> org-roam.el
  ! doc/org-roam.texi -> org-roam.texi
  ! extensions/org-roam-dailies.el -> org-roam-dailies.el
  ! extensions/org-roam-graph.el -> org-roam-graph.el
  ! extensions/org-roam-overlay.el -> org-roam-overlay.el
  ! extensions/org-roam-protocol.el -> org-roam-protocol.el
Created /tmp/org-roamPWLmkB/org-roam-20210816.2020/org-roam.info
Created org-roam-20210816.2020.tar containing:
  org-roam-20210816.2020/
  org-roam-20210816.2020/dir
  org-roam-20210816.2020/org-roam-capture.el
  org-roam-20210816.2020/org-roam-compat.el
  org-roam-20210816.2020/org-roam-dailies.el
  org-roam-20210816.2020/org-roam-db.el
  org-roam-20210816.2020/org-roam-graph.el
  org-roam-20210816.2020/org-roam-migrate.el
  org-roam-20210816.2020/org-roam-mode.el
  org-roam-20210816.2020/org-roam-node.el
  org-roam-20210816.2020/org-roam-overlay.el
  org-roam-20210816.2020/org-roam-pkg.el
  org-roam-20210816.2020/org-roam-protocol.el
  org-roam-20210816.2020/org-roam-utils.el
  org-roam-20210816.2020/org-roam.el
  org-roam-20210816.2020/org-roam.info
Built org-roam in 29.042s, finished at 2021-08-17T10:16:23+0000
 ✓ Success:
4.0K -rw-r--r-- 1 root root  574 Aug 17 10:16 packages/org-roam-20210816.2020.entry
312K -rw-r--r-- 1 root root 310K Aug 17 10:16 packages/org-roam-20210816.2020.tar
4.0K -rw-r--r-- 1 root root 1.2K Aug 17 10:16 packages/org-roam-badge.svg
4.0K -rw-r--r-- 1 root root  550 Aug 17 10:16 packages/org-roam-bibtex-20210810.1626.entry
180K -rw-r--r-- 1 root root 180K Aug 17 10:16 packages/org-roam-bibtex-20210810.1626.tar
4.0K -rw-r--r-- 1 root root 1.2K Aug 17 10:16 packages/org-roam-bibtex-badge.svg
4.0K -rw-r--r-- 1 root root 1.3K Aug 17 10:16 packages/org-roam-bibtex-readme.txt
4.0K -rw-r--r-- 1 root root 1.6K Aug 17 10:16 packages/org-roam-bibtex.log
4.0K -rw-r--r-- 1 root root 2.1K Aug 17 10:16 packages/org-roam-readme.txt
4.0K -rw-r--r-- 1 root root  531 Aug 17 10:16 packages/org-roam-server-20210723.1424.entry
1.3M -rw-r--r-- 1 root root 1.3M Aug 17 10:16 packages/org-roam-server-20210723.1424.tar
4.0K -rw-r--r-- 1 root root 1.2K Aug 17 10:16 packages/org-roam-server-badge.svg
4.0K -rw-r--r-- 1 root root  166 Aug 17 10:16 packages/org-roam-server-readme.txt
4.0K -rw-r--r-- 1 root root 1.7K Aug 17 10:16 packages/org-roam-server.log
