Package: org-web-tools
Fetcher: github
Source:  https://github.com/alphapapa/org-web-tools.git

Updating /mnt/store/melpa/working/org-web-tools/
Checking out origin/HEAD
Checking out b94a07add8558ef7b0666173dbb8a2554f1d41a6
Copying files (->) and directories (=>)
  from /mnt/store/melpa/working/org-web-tools/
  to /tmp/org-web-toolsk9Lo7b/org-web-tools-20201212.1058
    org-web-tools-archive.el -> org-web-tools-archive.el
    org-web-tools.el -> org-web-tools.el
Created org-web-tools-20201212.1058.tar containing:
  org-web-tools-20201212.1058/
  org-web-tools-20201212.1058/org-web-tools-archive.el
  org-web-tools-20201212.1058/org-web-tools-pkg.el
  org-web-tools-20201212.1058/org-web-tools.el
Built org-web-tools in 5.491s, finished at 2021-08-17T10:17:03+0000
 ✓ Success:
4.0K -rw-r--r-- 1 root root  506 Aug 17 10:17 packages/org-web-tools-20201212.1058.entry
 52K -rw-r--r-- 1 root root  50K Aug 17 10:17 packages/org-web-tools-20201212.1058.tar
4.0K -rw-r--r-- 1 root root 1.2K Aug 17 10:17 packages/org-web-tools-badge.svg
4.0K -rw-r--r-- 1 root root  482 Aug 17 10:17 packages/org-web-tools-readme.txt
