Package: org-cliplink
Fetcher: github
Source:  https://github.com/rexim/org-cliplink.git

Updating /mnt/store/melpa/working/org-cliplink/
Copying files (->) and directories (=>)
  from /mnt/store/melpa/working/org-cliplink/
  to /tmp/org-cliplinktATqBS/org-cliplink-20201126.1020
    org-cliplink-string.el -> org-cliplink-string.el
    org-cliplink-transport.el -> org-cliplink-transport.el
    org-cliplink.el -> org-cliplink.el
Created org-cliplink-20201126.1020.tar containing:
  org-cliplink-20201126.1020/
  org-cliplink-20201126.1020/org-cliplink-pkg.el
  org-cliplink-20201126.1020/org-cliplink-string.el
  org-cliplink-20201126.1020/org-cliplink-transport.el
  org-cliplink-20201126.1020/org-cliplink.el
Built org-cliplink in 4.086s, finished at Wed May 19 03:49:59 2021
 ✓ Success:
4.0K -rw-r--r-- 1 root root  354 May 19 03:49 packages/org-cliplink-20201126.1020.entry
 52K -rw-r--r-- 1 root root  50K May 19 03:49 packages/org-cliplink-20201126.1020.tar
4.0K -rw-r--r-- 1 root root 1.2K May 19 03:49 packages/org-cliplink-badge.svg
4.0K -rw-r--r-- 1 root root  289 May 19 03:49 packages/org-cliplink-readme.txt
