Package: org-octopress
Fetcher: github
Source:  https://github.com/yoshinari-nomura/org-octopress.git

Updating /mnt/store/melpa/working/org-octopress/
Note: org-octopress :files spec is equivalent to the default.
Copying files (->) and directories (=>)
  from /mnt/store/melpa/working/org-octopress/
  to /tmp/org-octopressLa89ud/org-octopress-20170821.415
    org-octopress.el -> org-octopress.el
    ox-jekyll.el -> ox-jekyll.el
Created org-octopress-20170821.415.tar containing:
  org-octopress-20170821.415/
  org-octopress-20170821.415/org-octopress-pkg.el
  org-octopress-20170821.415/org-octopress.el
  org-octopress-20170821.415/ox-jekyll.el
Built org-octopress in 4.000s, finished at Wed May 19 03:50:51 2021
 ✓ Success:
4.0K -rw-r--r-- 1 root root  387 May 19 03:50 packages/org-octopress-20170821.415.entry
 32K -rw-r--r-- 1 root root  30K May 19 03:50 packages/org-octopress-20170821.415.tar
4.0K -rw-r--r-- 1 root root 1.2K May 19 03:50 packages/org-octopress-badge.svg
4.0K -rw-r--r-- 1 root root  489 May 19 03:50 packages/org-octopress-readme.txt
