Package: org2jekyll
Fetcher: github
Source:  https://github.com/ardumont/org2jekyll.git

Updating /mnt/store/melpa/working/org2jekyll/
Checking out origin/HEAD
Checking out e469373e0c656cec475c145037be1902d2622f09
Copying files (->) and directories (=>)
  from /mnt/store/melpa/working/org2jekyll/
  to /tmp/org2jekylllTIMRS/org2jekyll-20210220.1845
    org2jekyll-utilities.el -> org2jekyll-utilities.el
    org2jekyll.el -> org2jekyll.el
Created org2jekyll-20210220.1845.tar containing:
  org2jekyll-20210220.1845/
  org2jekyll-20210220.1845/org2jekyll-pkg.el
  org2jekyll-20210220.1845/org2jekyll-utilities.el
  org2jekyll-20210220.1845/org2jekyll.el
Built org2jekyll in 4.522s, finished at 2021-08-17T10:17:10+0000
 ✓ Success:
4.0K -rw-r--r-- 1 root root  538 Aug 17 10:17 packages/org2jekyll-20210220.1845.entry
 40K -rw-r--r-- 1 root root  40K Aug 17 10:17 packages/org2jekyll-20210220.1845.tar
4.0K -rw-r--r-- 1 root root 1.2K Aug 17 10:17 packages/org2jekyll-badge.svg
4.0K -rw-r--r-- 1 root root  701 Aug 17 10:17 packages/org2jekyll-readme.txt
