Package: orglue
Fetcher: github
Source:  https://github.com/yoshinari-nomura/orglue.git

Updating /mnt/store/melpa/working/orglue/
Copying files (->) and directories (=>)
  from /mnt/store/melpa/working/orglue/
  to /tmp/orglueMKYcGr/orglue-20200411.311
    orglue-publish.el -> orglue-publish.el
    orglue.el -> orglue.el
Created orglue-20200411.311.tar containing:
  orglue-20200411.311/
  orglue-20200411.311/orglue-pkg.el
  orglue-20200411.311/orglue-publish.el
  orglue-20200411.311/orglue.el
Built orglue in 4.066s, finished at Wed May 19 03:52:13 2021
 ✓ Success:
4.0K -rw-r--r-- 1 root root  308 May 19 03:52 packages/orglue-20200411.311.entry
 32K -rw-r--r-- 1 root root  30K May 19 03:52 packages/orglue-20200411.311.tar
4.0K -rw-r--r-- 1 root root 1.2K May 19 03:52 packages/orglue-badge.svg
   0 -rw-r--r-- 1 root root    0 May 19 03:52 packages/orglue-readme.txt
