Package: orgtbl-join
Fetcher: github
Source:  https://github.com/tbanel/orgtbljoin.git

Updating /mnt/store/melpa/working/orgtbl-join/
Copying files (->) and directories (=>)
  from /mnt/store/melpa/working/orgtbl-join/
  to /tmp/orgtbl-joinVk6q07/orgtbl-join-20210225.923
    org-insert-dblock.el -> org-insert-dblock.el
    orgtbl-join.el -> orgtbl-join.el
Created orgtbl-join-20210225.923.tar containing:
  orgtbl-join-20210225.923/
  orgtbl-join-20210225.923/org-insert-dblock.el
  orgtbl-join-20210225.923/orgtbl-join-pkg.el
  orgtbl-join-20210225.923/orgtbl-join.el
Built orgtbl-join in 3.753s, finished at Wed May 19 03:52:17 2021
 ✓ Success:
4.0K -rw-r--r-- 1 root root  360 May 19 03:52 packages/orgtbl-join-20210225.923.entry
 32K -rw-r--r-- 1 root root  30K May 19 03:52 packages/orgtbl-join-20210225.923.tar
4.0K -rw-r--r-- 1 root root 1.2K May 19 03:52 packages/orgtbl-join-badge.svg
4.0K -rw-r--r-- 1 root root  348 May 19 03:52 packages/orgtbl-join-readme.txt
