Package: origami
Fetcher: github
Source:  https://github.com/gregsexton/origami.el.git

Updating /mnt/store/melpa/working/origami/
Checking out origin/HEAD
Checking out e558710a975e8511b9386edc81cd6bdd0a5bda74
Copying files (->) and directories (=>)
  from /mnt/store/melpa/working/origami/
  to /tmp/origamiOo1ORa/origami-20200331.1019
    origami-parsers.el -> origami-parsers.el
    origami.el -> origami.el
Created origami-20200331.1019.tar containing:
  origami-20200331.1019/
  origami-20200331.1019/origami-parsers.el
  origami-20200331.1019/origami-pkg.el
  origami-20200331.1019/origami.el
Built origami in 4.565s, finished at 2021-08-17T10:17:23+0000
 ✓ Success:
4.0K -rw-r--r-- 1 root root  415 Aug 17 10:17 packages/origami-20200331.1019.entry
 60K -rw-r--r-- 1 root root  60K Aug 17 10:17 packages/origami-20200331.1019.tar
4.0K -rw-r--r-- 1 root root 1.2K Aug 17 10:17 packages/origami-badge.svg
8.0K -rw-r--r-- 1 root root 4.4K Aug 17 10:17 packages/origami-predef-20200615.1044.el
4.0K -rw-r--r-- 1 root root  483 Aug 17 06:46 packages/origami-predef-20200615.1044.entry
4.0K -rw-r--r-- 1 root root 1.2K Aug 17 06:46 packages/origami-predef-badge.svg
4.0K -rw-r--r-- 1 root root 1.2K Aug 17 06:46 packages/origami-predef-readme.txt
4.0K -rw-r--r-- 1 root root  239 Aug 17 10:17 packages/origami-predef.log
   0 -rw-r--r-- 1 root root    0 Aug 17 10:17 packages/origami-readme.txt
