Package: osx-org-clock-menubar
Fetcher: github
Source:  https://github.com/jordonbiondo/osx-org-clock-menubar.git

Updating /mnt/store/melpa/working/osx-org-clock-menubar/
Copying files (->) and directories (=>)
  from /mnt/store/melpa/working/osx-org-clock-menubar/
  to /tmp/osx-org-clock-menubarkTRE9s/osx-org-clock-menubar-20150205.2111
    osx-org-clock-menubar.el -> osx-org-clock-menubar.el
    ocm-server.rb -> ocm-server.rb
Created osx-org-clock-menubar-20150205.2111.tar containing:
  osx-org-clock-menubar-20150205.2111/
  osx-org-clock-menubar-20150205.2111/ocm-server.rb
  osx-org-clock-menubar-20150205.2111/osx-org-clock-menubar-pkg.el
  osx-org-clock-menubar-20150205.2111/osx-org-clock-menubar.el
Built osx-org-clock-menubar in 4.053s, finished at Wed May 19 03:52:28 2021
 ✓ Success:
4.0K -rw-r--r-- 1 root root  390 May 19 03:52 packages/osx-org-clock-menubar-20150205.2111.entry
 20K -rw-r--r-- 1 root root  20K May 19 03:52 packages/osx-org-clock-menubar-20150205.2111.tar
4.0K -rw-r--r-- 1 root root 1.2K May 19 03:52 packages/osx-org-clock-menubar-badge.svg
4.0K -rw-r--r-- 1 root root  609 May 19 03:52 packages/osx-org-clock-menubar-readme.txt
