Package: osx-trash
Fetcher: github
Source:  https://github.com/emacsorphanage/osx-trash.git

Updating /mnt/store/melpa/working/osx-trash/
Copying files (->) and directories (=>)
  from /mnt/store/melpa/working/osx-trash/
  to /tmp/osx-trashGt1tAD/osx-trash-20210419.2229
    osx-trash.el -> osx-trash.el
    trashfile.AppleScript -> trashfile.AppleScript
Created osx-trash-20210419.2229.tar containing:
  osx-trash-20210419.2229/
  osx-trash-20210419.2229/osx-trash-pkg.el
  osx-trash-20210419.2229/osx-trash.el
  osx-trash-20210419.2229/trashfile.AppleScript
Built osx-trash in 4.583s, finished at Wed May 19 03:52:32 2021
 ✓ Success:
4.0K -rw-r--r-- 1 root root  414 May 19 03:52 packages/osx-trash-20210419.2229.entry
 12K -rw-r--r-- 1 root root  10K May 19 03:52 packages/osx-trash-20210419.2229.tar
4.0K -rw-r--r-- 1 root root 1.2K May 19 03:52 packages/osx-trash-badge.svg
4.0K -rw-r--r-- 1 root root  720 May 19 03:52 packages/osx-trash-readme.txt
