Package: outlook
Fetcher: github
Source:  https://github.com/asavonic/outlook.el.git

Updating /mnt/store/melpa/working/outlook/
Copying files (->) and directories (=>)
  from /mnt/store/melpa/working/outlook/
  to /tmp/outlook3bnFCN/outlook-20180428.1430
    outlook-mu4e.el -> outlook-mu4e.el
    outlook.el -> outlook.el
Created outlook-20180428.1430.tar containing:
  outlook-20180428.1430/
  outlook-20180428.1430/outlook-mu4e.el
  outlook-20180428.1430/outlook-pkg.el
  outlook-20180428.1430/outlook.el
Built outlook in 4.521s, finished at Wed May 19 03:52:36 2021
 ✓ Success:
4.0K -rw-r--r-- 1 root root  315 May 19 03:52 packages/outlook-20180428.1430.entry
 20K -rw-r--r-- 1 root root  20K May 19 03:52 packages/outlook-20180428.1430.tar
4.0K -rw-r--r-- 1 root root 1.2K May 19 03:52 packages/outlook-badge.svg
4.0K -rw-r--r-- 1 root root  218 May 19 03:52 packages/outlook-readme.txt
