Package: ox-hugo
Fetcher: github
Source:  https://github.com/kaushalmodi/ox-hugo.git

Updating /mnt/store/melpa/working/ox-hugo/
Checking out origin/HEAD
Checking out 6ec3d054ddadbca1f5effb961c1db583e377ca35
Copying files (->) and directories (=>)
  from /mnt/store/melpa/working/ox-hugo/
  to /tmp/ox-hugocTFZAS/ox-hugo-20210727.117
    org-hugo-auto-export-mode.el -> org-hugo-auto-export-mode.el
    ox-blackfriday.el -> ox-blackfriday.el
    ox-hugo-pandoc-cite.el -> ox-hugo-pandoc-cite.el
    ox-hugo.el -> ox-hugo.el
Created ox-hugo-20210727.117.tar containing:
  ox-hugo-20210727.117/
  ox-hugo-20210727.117/org-hugo-auto-export-mode.el
  ox-hugo-20210727.117/ox-blackfriday.el
  ox-hugo-20210727.117/ox-hugo-pandoc-cite.el
  ox-hugo-20210727.117/ox-hugo-pkg.el
  ox-hugo-20210727.117/ox-hugo.el
Built ox-hugo in 9.859s, finished at 2021-08-17T10:18:02+0000
 ✓ Success:
4.0K -rw-r--r-- 1 root root  274 Aug 17 10:18 packages/ox-hugo-20210727.117.entry
292K -rw-r--r-- 1 root root 290K Aug 17 10:18 packages/ox-hugo-20210727.117.tar
4.0K -rw-r--r-- 1 root root 1.2K Aug 17 10:18 packages/ox-hugo-badge.svg
4.0K -rw-r--r-- 1 root root 2.4K Aug 17 10:18 packages/ox-hugo-readme.txt
