Package: ox-leanpub
Fetcher: gitlab
Source:  https://gitlab.com/zzamboni/ox-leanpub.git

Updating /mnt/store/melpa/working/ox-leanpub/
Checking out origin/HEAD
Checking out e79c4c4429f64fe61cfa673dcd33273bba30f9db
Copying files (->) and directories (=>)
  from /mnt/store/melpa/working/ox-leanpub/
  to /tmp/ox-leanpubQYhPlf/ox-leanpub-20201129.2027
    ox-leanpub-book.el -> ox-leanpub-book.el
    ox-leanpub-markdown.el -> ox-leanpub-markdown.el
    ox-leanpub-markua.el -> ox-leanpub-markua.el
    ox-leanpub.el -> ox-leanpub.el
Created ox-leanpub-20201129.2027.tar containing:
  ox-leanpub-20201129.2027/
  ox-leanpub-20201129.2027/ox-leanpub-book.el
  ox-leanpub-20201129.2027/ox-leanpub-markdown.el
  ox-leanpub-20201129.2027/ox-leanpub-markua.el
  ox-leanpub-20201129.2027/ox-leanpub-pkg.el
  ox-leanpub-20201129.2027/ox-leanpub.el
Built ox-leanpub in 5.504s, finished at 2021-08-17T10:18:05+0000
 ✓ Success:
4.0K -rw-r--r-- 1 root root  500 Aug 17 10:18 packages/ox-leanpub-20201129.2027.entry
 80K -rw-r--r-- 1 root root  80K Aug 17 10:18 packages/ox-leanpub-20201129.2027.tar
4.0K -rw-r--r-- 1 root root 1.2K Aug 17 10:18 packages/ox-leanpub-badge.svg
4.0K -rw-r--r-- 1 root root 1.4K Aug 17 10:18 packages/ox-leanpub-readme.txt
