Package: ox-rfc
Fetcher: github
Source:  https://github.com/choppsv1/org-rfc-export.git

Updating /mnt/store/melpa/working/ox-rfc/
Checking out origin/HEAD
Checking out 1a49535cf927cd52ffa05c815b890888c4addf86
Copying files (->) and directories (=>)
  from /mnt/store/melpa/working/ox-rfc/
  to /tmp/ox-rfcNHhHyC/ox-rfc-20201218.1356
    ox-rfc.el -> ox-rfc.el
    ox-rfc.info -> ox-rfc.info
    fdl.texi -> fdl.texi
Created /tmp/ox-rfcNHhHyC/ox-rfc-20201218.1356/fdl.info
Created ox-rfc-20201218.1356.tar containing:
  ox-rfc-20201218.1356/
  ox-rfc-20201218.1356/dir
  ox-rfc-20201218.1356/fdl.info
  ox-rfc-20201218.1356/ox-rfc-pkg.el
  ox-rfc-20201218.1356/ox-rfc.el
  ox-rfc-20201218.1356/ox-rfc.info
Built ox-rfc in 8.441s, finished at 2021-08-17T10:18:18+0000
 ✓ Success:
4.0K -rw-r--r-- 1 root root  390 Aug 17 10:18 packages/ox-rfc-20201218.1356.entry
132K -rw-r--r-- 1 root root 130K Aug 17 10:18 packages/ox-rfc-20201218.1356.tar
4.0K -rw-r--r-- 1 root root 1.2K Aug 17 10:18 packages/ox-rfc-badge.svg
4.0K -rw-r--r-- 1 root root  360 Aug 17 10:18 packages/ox-rfc-readme.txt
