Package: package-lint
Fetcher: github
Source:  https://github.com/purcell/package-lint.git

Updating /mnt/store/melpa/working/package-lint/
Copying files (->) and directories (=>)
  from /mnt/store/melpa/working/package-lint/
  to /tmp/package-lintH33rZJ/package-lint-20210511.2055
    package-lint.el -> package-lint.el
    data => data
Created package-lint-20210511.2055.tar containing:
  package-lint-20210511.2055/
  package-lint-20210511.2055/data/
  package-lint-20210511.2055/data/stdlib-changes
  package-lint-20210511.2055/package-lint-pkg.el
  package-lint-20210511.2055/package-lint.el
Built package-lint in 4.014s, finished at Wed May 19 03:53:49 2021
 ✓ Success:
4.0K -rw-r--r-- 1 root root  475 May 19 03:53 packages/package-lint-20210511.2055.entry
760K -rw-r--r-- 1 root root 760K May 19 03:53 packages/package-lint-20210511.2055.tar
4.0K -rw-r--r-- 1 root root 1.2K May 19 03:53 packages/package-lint-badge.svg
4.0K -rw-r--r-- 1 root root 2.8K May 19 00:39 packages/package-lint-flymake-20210110.2231.el
4.0K -rw-r--r-- 1 root root  278 May 19 00:39 packages/package-lint-flymake-20210110.2231.entry
4.0K -rw-r--r-- 1 root root 1.2K May 19 00:39 packages/package-lint-flymake-badge.svg
4.0K -rw-r--r-- 1 root root  345 May 19 00:39 packages/package-lint-flymake-readme.txt
4.0K -rw-r--r-- 1 root root  156 May 19 03:53 packages/package-lint-flymake.log
4.0K -rw-r--r-- 1 root root  260 May 19 03:53 packages/package-lint-readme.txt
