Package: package-build
Fetcher: github
Source:  https://github.com/melpa/package-build.git

Updating /mnt/store/melpa/working/package-build/
Checking out origin/HEAD
Checking out 01246e739da2eded6e007631861cada633302faa
Copying files (->) and directories (=>)
  from /mnt/store/melpa/working/package-build/
  to /tmp/package-buildvJwJ5i/package-build-20210724.1143
    package-build-badges.el -> package-build-badges.el
    package-build.el -> package-build.el
    package-recipe-mode.el -> package-recipe-mode.el
    package-recipe.el -> package-recipe.el
Created package-build-20210724.1143.tar containing:
  package-build-20210724.1143/
  package-build-20210724.1143/package-build-badges.el
  package-build-20210724.1143/package-build-pkg.el
  package-build-20210724.1143/package-build.el
  package-build-20210724.1143/package-recipe-mode.el
  package-build-20210724.1143/package-recipe.el
Built package-build in 4.668s, finished at 2021-08-17T10:18:32+0000
 ✓ Success:
4.0K -rw-r--r-- 1 root root  404 Aug 17 10:18 packages/package-build-20210724.1143.entry
 72K -rw-r--r-- 1 root root  70K Aug 17 10:18 packages/package-build-20210724.1143.tar
4.0K -rw-r--r-- 1 root root 1.2K Aug 17 10:18 packages/package-build-badge.svg
4.0K -rw-r--r-- 1 root root  308 Aug 17 10:18 packages/package-build-readme.txt
