Package: package+
Fetcher: github
Source:  https://github.com/zenspider/package.git

Updating /mnt/store/melpa/working/package+/
Copying files (->) and directories (=>)
  from /mnt/store/melpa/working/package+/
  to /tmp/package+9SmgkG/package+-20210124.640
    package+.el -> package+.el
    package+advice.el -> package+advice.el
Created package+-20210124.640.tar containing:
  package+-20210124.640/
  package+-20210124.640/package+-pkg.el
  package+-20210124.640/package+.el
  package+-20210124.640/package+advice.el
Built package+ in 4.228s, finished at Wed May 19 03:53:47 2021
 ✓ Success:
 12K -rw-r--r-- 1 root root  12K Jan 24 21:46 packages/package+-20210124.640.el
4.0K -rw-r--r-- 1 root root  385 May 19 03:53 packages/package+-20210124.640.entry
 20K -rw-r--r-- 1 root root  20K May 19 03:53 packages/package+-20210124.640.tar
4.0K -rw-r--r-- 1 root root 1.2K May 19 03:53 packages/package+-badge.svg
4.0K -rw-r--r-- 1 root root  891 May 19 03:53 packages/package+-readme.txt
