Package: parinfer
Fetcher: github
Source:  https://github.com/DogLooksGood/parinfer-mode.git

Updating /mnt/store/melpa/working/parinfer/
Copying files (->) and directories (=>)
  from /mnt/store/melpa/working/parinfer/
  to /tmp/parinfer65WD1v/parinfer-20201021.254
    parinfer-ext.el -> parinfer-ext.el
    parinfer.el -> parinfer.el
    parinferlib.el -> parinferlib.el
Created parinfer-20201021.254.tar containing:
  parinfer-20201021.254/
  parinfer-20201021.254/parinfer-ext.el
  parinfer-20201021.254/parinfer-pkg.el
  parinfer-20201021.254/parinfer.el
  parinfer-20201021.254/parinferlib.el
Built parinfer in 13.590s, finished at Mon Feb 22 14:15:11 2021
 ✓ Success:
4.0K -rw-r--r-- 1 root root  340 Feb 22 14:15 packages/parinfer-20201021.254.entry
112K -rw-r--r-- 1 root root 110K Feb 22 14:15 packages/parinfer-20201021.254.tar
4.0K -rw-r--r-- 1 root root 1.2K Feb 22 14:15 packages/parinfer-badge.svg
4.0K -rw-r--r-- 1 root root  520 Feb 22 14:15 packages/parinfer-readme.txt
4.0K -rw-r--r-- 1 root root  448 Feb 22 14:15 packages/parinfer-rust-mode-20210218.1650.entry
 52K -rw-r--r-- 1 root root  50K Feb 22 14:15 packages/parinfer-rust-mode-20210218.1650.tar
4.0K -rw-r--r-- 1 root root 1.2K Feb 22 14:15 packages/parinfer-rust-mode-badge.svg
4.0K -rw-r--r-- 1 root root 2.1K Feb 22 14:15 packages/parinfer-rust-mode-readme.txt
4.0K -rw-r--r-- 1 root root  904 Feb 22 14:15 packages/parinfer-rust-mode.log
