Package: parrot
Fetcher: github
Source:  https://github.com/dp12/parrot.git

Updating /mnt/store/melpa/working/parrot/
Checking out origin/HEAD
Checking out 29265d118267e524453aaa9121c4eae213a63164
Copying files (->) and directories (=>)
  from /mnt/store/melpa/working/parrot/
  to /tmp/parrotR7cNJo/parrot-20191015.2127
    parrot-rotate.el -> parrot-rotate.el
    parrot.el -> parrot.el
    img => img
Created parrot-20191015.2127.tar containing:
  parrot-20191015.2127/
  parrot-20191015.2127/img/
  parrot-20191015.2127/img/confused/
  parrot-20191015.2127/img/confused/confused-parrot-frame-1.xpm
  parrot-20191015.2127/img/confused/confused-parrot-frame-10.xpm
  parrot-20191015.2127/img/confused/confused-parrot-frame-11.xpm
  parrot-20191015.2127/img/confused/confused-parrot-frame-12.xpm
  parrot-20191015.2127/img/confused/confused-parrot-frame-13.xpm
  parrot-20191015.2127/img/confused/confused-parrot-frame-14.xpm
  parrot-20191015.2127/img/confused/confused-parrot-frame-15.xpm
  parrot-20191015.2127/img/confused/confused-parrot-frame-16.xpm
  parrot-20191015.2127/img/confused/confused-parrot-frame-17.xpm
  parrot-20191015.2127/img/confused/confused-parrot-frame-18.xpm
  parrot-20191015.2127/img/confused/confused-parrot-frame-19.xpm
  parrot-20191015.2127/img/confused/confused-parrot-frame-2.xpm
  parrot-20191015.2127/img/confused/confused-parrot-frame-20.xpm
  parrot-20191015.2127/img/confused/confused-parrot-frame-21.xpm
  parrot-20191015.2127/img/confused/confused-parrot-frame-22.xpm
  parrot-20191015.2127/img/confused/confused-parrot-frame-23.xpm
  parrot-20191015.2127/img/confused/confused-parrot-frame-24.xpm
  parrot-20191015.2127/img/confused/confused-parrot-frame-25.xpm
  parrot-20191015.2127/img/confused/confused-parrot-frame-26.xpm
  parrot-20191015.2127/img/confused/confused-parrot-frame-3.xpm
  parrot-20191015.2127/img/confused/confused-parrot-frame-4.xpm
  parrot-20191015.2127/img/confused/confused-parrot-frame-5.xpm
  parrot-20191015.2127/img/confused/confused-parrot-frame-6.xpm
  parrot-20191015.2127/img/confused/confused-parrot-frame-7.xpm
  parrot-20191015.2127/img/confused/confused-parrot-frame-8.xpm
  parrot-20191015.2127/img/confused/confused-parrot-frame-9.xpm
  parrot-20191015.2127/img/default/
  parrot-20191015.2127/img/default/default-parrot-frame-1.xpm
  parrot-20191015.2127/img/default/default-parrot-frame-10.xpm
  parrot-20191015.2127/img/default/default-parrot-frame-2.xpm
  parrot-20191015.2127/img/default/default-parrot-frame-3.xpm
  parrot-20191015.2127/img/default/default-parrot-frame-4.xpm
  parrot-20191015.2127/img/default/default-parrot-frame-5.xpm
  parrot-20191015.2127/img/default/default-parrot-frame-6.xpm
  parrot-20191015.2127/img/default/default-parrot-frame-7.xpm
  parrot-20191015.2127/img/default/default-parrot-frame-8.xpm
  parrot-20191015.2127/img/default/default-parrot-frame-9.xpm
  parrot-20191015.2127/img/emacs/
  parrot-20191015.2127/img/emacs/emacs-parrot-frame-1.xpm
  parrot-20191015.2127/img/emacs/emacs-parrot-frame-10.xpm
  parrot-20191015.2127/img/emacs/emacs-parrot-frame-2.xpm
  parrot-20191015.2127/img/emacs/emacs-parrot-frame-3.xpm
  parrot-20191015.2127/img/emacs/emacs-parrot-frame-4.xpm
  parrot-20191015.2127/img/emacs/emacs-parrot-frame-5.xpm
  parrot-20191015.2127/img/emacs/emacs-parrot-frame-6.xpm
  parrot-20191015.2127/img/emacs/emacs-parrot-frame-7.xpm
  parrot-20191015.2127/img/emacs/emacs-parrot-frame-8.xpm
  parrot-20191015.2127/img/emacs/emacs-parrot-frame-9.xpm
  parrot-20191015.2127/img/nyan/
  parrot-20191015.2127/img/nyan/nyan-parrot-frame-1.xpm
  parrot-20191015.2127/img/nyan/nyan-parrot-frame-10.xpm
  parrot-20191015.2127/img/nyan/nyan-parrot-frame-2.xpm
  parrot-20191015.2127/img/nyan/nyan-parrot-frame-3.xpm
  parrot-20191015.2127/img/nyan/nyan-parrot-frame-4.xpm
  parrot-20191015.2127/img/nyan/nyan-parrot-frame-5.xpm
  parrot-20191015.2127/img/nyan/nyan-parrot-frame-6.xpm
  parrot-20191015.2127/img/nyan/nyan-parrot-frame-7.xpm
  parrot-20191015.2127/img/nyan/nyan-parrot-frame-8.xpm
  parrot-20191015.2127/img/nyan/nyan-parrot-frame-9.xpm
  parrot-20191015.2127/img/rotating/
  parrot-20191015.2127/img/rotating/rotating-parrot-frame-1.xpm
  parrot-20191015.2127/img/rotating/rotating-parrot-frame-10.xpm
  parrot-20191015.2127/img/rotating/rotating-parrot-frame-11.xpm
  parrot-20191015.2127/img/rotating/rotating-parrot-frame-12.xpm
  parrot-20191015.2127/img/rotating/rotating-parrot-frame-13.xpm
  parrot-20191015.2127/img/rotating/rotating-parrot-frame-2.xpm
  parrot-20191015.2127/img/rotating/rotating-parrot-frame-3.xpm
  parrot-20191015.2127/img/rotating/rotating-parrot-frame-4.xpm
  parrot-20191015.2127/img/rotating/rotating-parrot-frame-5.xpm
  parrot-20191015.2127/img/rotating/rotating-parrot-frame-6.xpm
  parrot-20191015.2127/img/rotating/rotating-parrot-frame-7.xpm
  parrot-20191015.2127/img/rotating/rotating-parrot-frame-8.xpm
  parrot-20191015.2127/img/rotating/rotating-parrot-frame-9.xpm
  parrot-20191015.2127/img/science/
  parrot-20191015.2127/img/science/science-parrot-frame-1.xpm
  parrot-20191015.2127/img/science/science-parrot-frame-10.xpm
  parrot-20191015.2127/img/science/science-parrot-frame-2.xpm
  parrot-20191015.2127/img/science/science-parrot-frame-3.xpm
  parrot-20191015.2127/img/science/science-parrot-frame-4.xpm
  parrot-20191015.2127/img/science/science-parrot-frame-5.xpm
  parrot-20191015.2127/img/science/science-parrot-frame-6.xpm
  parrot-20191015.2127/img/science/science-parrot-frame-7.xpm
  parrot-20191015.2127/img/science/science-parrot-frame-8.xpm
  parrot-20191015.2127/img/science/science-parrot-frame-9.xpm
  parrot-20191015.2127/img/thumbsup/
  parrot-20191015.2127/img/thumbsup/thumbsup-parrot-frame-1.xpm
  parrot-20191015.2127/img/thumbsup/thumbsup-parrot-frame-10.xpm
  parrot-20191015.2127/img/thumbsup/thumbsup-parrot-frame-11.xpm
  parrot-20191015.2127/img/thumbsup/thumbsup-parrot-frame-12.xpm
  parrot-20191015.2127/img/thumbsup/thumbsup-parrot-frame-2.xpm
  parrot-20191015.2127/img/thumbsup/thumbsup-parrot-frame-3.xpm
  parrot-20191015.2127/img/thumbsup/thumbsup-parrot-frame-4.xpm
  parrot-20191015.2127/img/thumbsup/thumbsup-parrot-frame-5.xpm
  parrot-20191015.2127/img/thumbsup/thumbsup-parrot-frame-6.xpm
  parrot-20191015.2127/img/thumbsup/thumbsup-parrot-frame-7.xpm
  parrot-20191015.2127/img/thumbsup/thumbsup-parrot-frame-8.xpm
  parrot-20191015.2127/img/thumbsup/thumbsup-parrot-frame-9.xpm
  parrot-20191015.2127/parrot-pkg.el
  parrot-20191015.2127/parrot-rotate.el
  parrot-20191015.2127/parrot.el
Built parrot in 6.215s, finished at 2021-08-17T10:19:04+0000
 ✓ Success:
4.0K -rw-r--r-- 1 root root  404 Aug 17 10:19 packages/parrot-20191015.2127.entry
492K -rw-r--r-- 1 root root 490K Aug 17 10:19 packages/parrot-20191015.2127.tar
4.0K -rw-r--r-- 1 root root 1.2K Aug 17 10:19 packages/parrot-badge.svg
4.0K -rw-r--r-- 1 root root  610 Aug 17 10:19 packages/parrot-readme.txt
