Package: pcmpl-git
Fetcher: github
Source:  https://github.com/leoliu/pcmpl-git-el.git

Updating /mnt/store/melpa/working/pcmpl-git/
Checking out origin/HEAD
Checking out 9472ac70baeda025ef7becd1cf141d72aec93f32
Copying files (->) and directories (=>)
  from /mnt/store/melpa/working/pcmpl-git/
  to /tmp/pcmpl-githuTZ6D/pcmpl-git-20170121.59
    pcmpl-git-parse.el -> pcmpl-git-parse.el
    pcmpl-git.el -> pcmpl-git.el
    git-options -> git-options
Created pcmpl-git-20170121.59.tar containing:
  pcmpl-git-20170121.59/
  pcmpl-git-20170121.59/git-options
  pcmpl-git-20170121.59/pcmpl-git-parse.el
  pcmpl-git-20170121.59/pcmpl-git-pkg.el
  pcmpl-git-20170121.59/pcmpl-git.el
Built pcmpl-git in 4.697s, finished at 2021-08-17T10:19:28+0000
 ✓ Success:
4.0K -rw-r--r-- 1 root root  265 Aug 17 10:19 packages/pcmpl-git-20170121.59.entry
 72K -rw-r--r-- 1 root root  70K Aug 17 10:19 packages/pcmpl-git-20170121.59.tar
4.0K -rw-r--r-- 1 root root 1.2K Aug 17 10:19 packages/pcmpl-git-badge.svg
4.0K -rw-r--r-- 1 root root  267 Aug 17 10:19 packages/pcmpl-git-readme.txt
