Package: persistent-overlays
Fetcher: github
Source:  https://github.com/mneilly/Emacs-Persistent-Overlays.git

Updating /mnt/store/melpa/working/persistent-overlays/
Checking out origin/HEAD
Checking out f563c8b966edc78c9d806661c4eb80e4781c4eab
Copying files (->) and directories (=>)
  from /mnt/store/melpa/working/persistent-overlays/
  to /tmp/persistent-overlaysmxdMlB/persistent-overlays-20161128.700
    persistent-overlays.el -> persistent-overlays.el
    README.md -> README.md
    LICENSE -> LICENSE
Created persistent-overlays-20161128.700.tar containing:
  persistent-overlays-20161128.700/
  persistent-overlays-20161128.700/LICENSE
  persistent-overlays-20161128.700/README.md
  persistent-overlays-20161128.700/persistent-overlays-pkg.el
  persistent-overlays-20161128.700/persistent-overlays.el
Built persistent-overlays in 4.678s, finished at 2021-08-17T10:19:46+0000
 ✓ Success:
4.0K -rw-r--r-- 1 root root  432 Aug 17 10:19 packages/persistent-overlays-20161128.700.entry
 72K -rw-r--r-- 1 root root  70K Aug 17 10:19 packages/persistent-overlays-20161128.700.tar
4.0K -rw-r--r-- 1 root root 1.2K Aug 17 10:19 packages/persistent-overlays-badge.svg
4.0K -rw-r--r-- 1 root root 1.5K Aug 17 10:19 packages/persistent-overlays-readme.txt
