Package: persp-mode
Fetcher: github
Source:  https://github.com/Bad-ptr/persp-mode.el.git

Updating /mnt/store/melpa/working/persp-mode/
Checking out origin/HEAD
Checking out 298df111f081b5925f0aa0126a1b8d334117e0a2
Built persp-mode in 5.170s, finished at 2021-08-17T10:19:51+0000
 ✓ Success:
168K -rw-r--r-- 1 root root 167K Aug 17 10:19 packages/persp-mode-20201128.2015.el
4.0K -rw-r--r-- 1 root root  523 Aug 17 10:19 packages/persp-mode-20201128.2015.entry
4.0K -rw-r--r-- 1 root root 1.2K Aug 17 10:19 packages/persp-mode-badge.svg
8.0K -rw-r--r-- 1 root root 6.8K Aug 17 06:48 packages/persp-mode-project-bridge-20210524.656.el
4.0K -rw-r--r-- 1 root root  618 Aug 17 06:48 packages/persp-mode-project-bridge-20210524.656.entry
4.0K -rw-r--r-- 1 root root 1.2K Aug 17 06:48 packages/persp-mode-project-bridge-badge.svg
4.0K -rw-r--r-- 1 root root   96 Aug 17 06:48 packages/persp-mode-project-bridge-readme.txt
4.0K -rw-r--r-- 1 root root  258 Aug 17 10:19 packages/persp-mode-project-bridge.log
 12K -rw-r--r-- 1 root root 8.2K Aug 17 06:48 packages/persp-mode-projectile-bridge-20170315.1120.el
4.0K -rw-r--r-- 1 root root  540 Aug 17 06:48 packages/persp-mode-projectile-bridge-20170315.1120.entry
4.0K -rw-r--r-- 1 root root 1.2K Aug 17 06:48 packages/persp-mode-projectile-bridge-badge.svg
4.0K -rw-r--r-- 1 root root   51 Aug 17 06:48 packages/persp-mode-projectile-bridge-readme.txt
4.0K -rw-r--r-- 1 root root  216 Aug 17 10:19 packages/persp-mode-projectile-bridge.log
4.0K -rw-r--r-- 1 root root 1.2K Aug 17 10:19 packages/persp-mode-readme.txt
