Package: pgdevenv
Fetcher: github
Source:  https://github.com/dimitri/pgdevenv-el.git

Updating /mnt/store/melpa/working/pgdevenv/
Checking out origin/HEAD
Checking out 7f1d5bc734750aca98cf67a9491cdbd5615fd132
Copying files (->) and directories (=>)
  from /mnt/store/melpa/working/pgdevenv/
  to /tmp/pgdevenvUELHzX/pgdevenv-20150105.2236
    pgdevenv.el -> pgdevenv.el
    pgsql-minor-mode.el -> pgsql-minor-mode.el
Created pgdevenv-20150105.2236.tar containing:
  pgdevenv-20150105.2236/
  pgdevenv-20150105.2236/pgdevenv-pkg.el
  pgdevenv-20150105.2236/pgdevenv.el
  pgdevenv-20150105.2236/pgsql-minor-mode.el
Built pgdevenv in 5.012s, finished at 2021-08-17T10:20:01+0000
 ✓ Success:
4.0K -rw-r--r-- 1 root root  358 Aug 17 10:20 packages/pgdevenv-20150105.2236.entry
 32K -rw-r--r-- 1 root root  30K Aug 17 10:20 packages/pgdevenv-20150105.2236.tar
4.0K -rw-r--r-- 1 root root 1.2K Aug 17 10:20 packages/pgdevenv-badge.svg
