Package: phpunit
Fetcher: github
Source:  https://github.com/nlamirault/phpunit.el.git

Updating /mnt/store/melpa/working/phpunit/
Copying files (->) and directories (=>)
  from /mnt/store/melpa/working/phpunit/
  to /tmp/phpunitiDwAtd/phpunit-20180829.1438
    phpunit-mode.el -> phpunit-mode.el
    phpunit.el -> phpunit.el
Created phpunit-20180829.1438.tar containing:
  phpunit-20180829.1438/
  phpunit-20180829.1438/phpunit-mode.el
  phpunit-20180829.1438/phpunit-pkg.el
  phpunit-20180829.1438/phpunit.el
Built phpunit in 4.053s, finished at Wed May 19 03:55:30 2021
 ✓ Success:
4.0K -rw-r--r-- 1 root root  553 May 19 03:55 packages/phpunit-20180829.1438.entry
 20K -rw-r--r-- 1 root root  20K May 19 03:55 packages/phpunit-20180829.1438.tar
4.0K -rw-r--r-- 1 root root 1.2K May 19 03:55 packages/phpunit-badge.svg
4.0K -rw-r--r-- 1 root root  424 May 19 03:55 packages/phpunit-readme.txt
