Package: pillar
Fetcher: github
Source:  https://github.com/pillar-markup/pillar-mode.git

Updating /mnt/store/melpa/working/pillar/
Checking out origin/HEAD
Checking out 13a7f676544cc66005ccd8e6fc1c25e4ccd6f909
Copying files (->) and directories (=>)
  from /mnt/store/melpa/working/pillar/
  to /tmp/pillar16xpiO/pillar-20141112.1811
    pillar-latex2pillar.el -> pillar-latex2pillar.el
    pillar.el -> pillar.el
Created pillar-20141112.1811.tar containing:
  pillar-20141112.1811/
  pillar-20141112.1811/pillar-latex2pillar.el
  pillar-20141112.1811/pillar-pkg.el
  pillar-20141112.1811/pillar.el
Built pillar in 4.641s, finished at 2021-08-17T10:20:31+0000
 ✓ Success:
4.0K -rw-r--r-- 1 root root  374 Aug 17 10:20 packages/pillar-20141112.1811.entry
 32K -rw-r--r-- 1 root root  30K Aug 17 10:20 packages/pillar-20141112.1811.tar
4.0K -rw-r--r-- 1 root root 1.2K Aug 17 10:20 packages/pillar-badge.svg
4.0K -rw-r--r-- 1 root root   36 Aug 17 10:20 packages/pillar-readme.txt
