Package: pinboard
Fetcher: github
Source:  https://github.com/davep/pinboard.el.git

Updating /mnt/store/melpa/working/pinboard/
Built pinboard in 3.980s, finished at Wed May 19 03:55:36 2021
 ✓ Success:
 28K -rw-r--r-- 1 root root  28K May 19 03:55 packages/pinboard-20200630.1544.el
4.0K -rw-r--r-- 1 root root  413 May 19 03:55 packages/pinboard-20200630.1544.entry
8.0K -rw-r--r-- 1 root root 6.3K May 19 00:41 packages/pinboard-api-20140324.1148.el
4.0K -rw-r--r-- 1 root root  368 May 19 00:41 packages/pinboard-api-20140324.1148.entry
4.0K -rw-r--r-- 1 root root 1.2K May 19 00:41 packages/pinboard-api-badge.svg
4.0K -rw-r--r-- 1 root root   46 May 19 00:41 packages/pinboard-api-readme.txt
4.0K -rw-r--r-- 1 root root  145 May 19 03:55 packages/pinboard-api.log
4.0K -rw-r--r-- 1 root root 1.2K May 19 03:55 packages/pinboard-badge.svg
4.0K -rw-r--r-- 1 root root 1.9K May 19 00:41 packages/pinboard-popular-20180511.1726.el
4.0K -rw-r--r-- 1 root root  287 May 19 00:41 packages/pinboard-popular-20180511.1726.entry
4.0K -rw-r--r-- 1 root root 1.2K May 19 00:41 packages/pinboard-popular-badge.svg
4.0K -rw-r--r-- 1 root root   60 May 19 00:41 packages/pinboard-popular-readme.txt
4.0K -rw-r--r-- 1 root root  153 May 19 03:55 packages/pinboard-popular.log
4.0K -rw-r--r-- 1 root root  923 May 19 03:55 packages/pinboard-readme.txt
