Package: pinot
Fetcher: github
Source:  https://github.com/tkf/emacs-pinot-search.git

Updating /mnt/store/melpa/working/pinot/
Checking out origin/HEAD
Checking out 67fda555a155b22bb2ce44ba618b4bd6fc5f144a
Copying files (->) and directories (=>)
  from /mnt/store/melpa/working/pinot/
  to /tmp/pinotlRtq5J/pinot-20140211.2026
    pinot.el -> pinot.el
    pinot-search-wrapper.py -> pinot-search-wrapper.py
Created pinot-20140211.2026.tar containing:
  pinot-20140211.2026/
  pinot-20140211.2026/pinot-pkg.el
  pinot-20140211.2026/pinot-search-wrapper.py
  pinot-20140211.2026/pinot.el
Built pinot in 4.428s, finished at 2021-08-17T10:20:37+0000
 ✓ Success:
4.0K -rw-r--r-- 1 root root  254 Aug 17 10:20 packages/pinot-20140211.2026.entry
 20K -rw-r--r-- 1 root root  20K Aug 17 10:20 packages/pinot-20140211.2026.tar
4.0K -rw-r--r-- 1 root root 1.2K Aug 17 10:20 packages/pinot-badge.svg
   0 -rw-r--r-- 1 root root    0 Aug 17 10:20 packages/pinot-readme.txt
