Package: pinyin
Fetcher: github
Source:  https://github.com/xuchunyang/pinyin.el.git

Updating /mnt/store/melpa/working/pinyin/
Copying files (->) and directories (=>)
  from /mnt/store/melpa/working/pinyin/
  to /tmp/pinyinsRHQe4/pinyin-20180620.1241
    pinyin.el -> pinyin.el
    pinyin-data/pinyin.txt -> pinyin-data/pinyin.txt
Created pinyin-20180620.1241.tar containing:
  pinyin-20180620.1241/
  pinyin-20180620.1241/pinyin-data/
  pinyin-20180620.1241/pinyin-data/pinyin.txt
  pinyin-20180620.1241/pinyin-pkg.el
  pinyin-20180620.1241/pinyin.el
Built pinyin in 4.572s, finished at Wed May 19 03:55:40 2021
 ✓ Success:
4.0K -rw-r--r-- 1 root root  375 May 19 03:55 packages/pinyin-20180620.1241.entry
912K -rw-r--r-- 1 root root 910K May 19 03:55 packages/pinyin-20180620.1241.tar
4.0K -rw-r--r-- 1 root root 1.2K May 19 03:55 packages/pinyin-badge.svg
4.0K -rw-r--r-- 1 root root   41 May 19 03:55 packages/pinyin-readme.txt
8.0K -rw-r--r-- 1 root root 5.2K May 19 03:55 packages/pinyin-search-20160515.358.el
4.0K -rw-r--r-- 1 root root  380 May 19 03:55 packages/pinyin-search-20160515.358.entry
4.0K -rw-r--r-- 1 root root 1.2K May 19 00:41 packages/pinyin-search-badge.svg
4.0K -rw-r--r-- 1 root root  417 May 19 03:55 packages/pinyin-search-readme.txt
4.0K -rw-r--r-- 1 root root  149 May 19 03:55 packages/pinyin-search.log
