Package: po-mode
Fetcher: github
Source:  https://github.com/emacsmirror/po-mode.git

Updating /mnt/store/melpa/working/po-mode/
Copying files (->) and directories (=>)
  from /mnt/store/melpa/working/po-mode/
  to /tmp/po-modeve7CyR/po-mode-20200606.1404
    po-compat.el -> po-compat.el
    po-mode.el -> po-mode.el
    start-po.el -> start-po.el
Created po-mode-20200606.1404.tar containing:
  po-mode-20200606.1404/
  po-mode-20200606.1404/po-compat.el
  po-mode-20200606.1404/po-mode-pkg.el
  po-mode-20200606.1404/po-mode.el
  po-mode-20200606.1404/start-po.el
Built po-mode in 4.080s, finished at Wed May 19 03:56:06 2021
 ✓ Success:
4.0K -rw-r--r-- 1 root root  174 May 19 03:56 packages/po-mode-20200606.1404.entry
152K -rw-r--r-- 1 root root 150K May 19 03:56 packages/po-mode-20200606.1404.tar
4.0K -rw-r--r-- 1 root root 1.2K May 19 03:56 packages/po-mode-badge.svg
4.0K -rw-r--r-- 1 root root 1.6K May 19 03:56 packages/po-mode-readme.txt
