Package: poet-theme
Fetcher: github
Source:  https://github.com/kunalb/poet.git

Updating /mnt/store/melpa/working/poet-theme/
Checking out origin/HEAD
Checking out 16eb694f0755c04c4db98614d0eca1199fddad70
Copying files (->) and directories (=>)
  from /mnt/store/melpa/working/poet-theme/
  to /tmp/poet-themeRmgJGC/poet-theme-20200606.2343
    poet-dark-monochrome-theme.el -> poet-dark-monochrome-theme.el
    poet-dark-theme.el -> poet-dark-theme.el
    poet-monochrome-theme.el -> poet-monochrome-theme.el
    poet-theme.el -> poet-theme.el
Created poet-theme-20200606.2343.tar containing:
  poet-theme-20200606.2343/
  poet-theme-20200606.2343/poet-dark-monochrome-theme.el
  poet-theme-20200606.2343/poet-dark-theme.el
  poet-theme-20200606.2343/poet-monochrome-theme.el
  poet-theme-20200606.2343/poet-theme-pkg.el
  poet-theme-20200606.2343/poet-theme.el
Built poet-theme in 6.431s, finished at 2021-08-17T10:21:16+0000
 ✓ Success:
4.0K -rw-r--r-- 1 root root  388 Aug 17 10:21 packages/poet-theme-20200606.2343.entry
 72K -rw-r--r-- 1 root root  70K Aug 17 10:21 packages/poet-theme-20200606.2343.tar
4.0K -rw-r--r-- 1 root root 1.2K Aug 17 10:21 packages/poet-theme-badge.svg
4.0K -rw-r--r-- 1 root root 1.4K Aug 17 10:21 packages/poet-theme-readme.txt
