Package: pomidor
Fetcher: github
Source:  https://github.com/TatriX/pomidor.git

Updating /mnt/store/melpa/working/pomidor/
Copying files (->) and directories (=>)
  from /mnt/store/melpa/working/pomidor/
  to /tmp/pomidor4JpFOU/pomidor-20210111.919
    pomidor.el -> pomidor.el
    tick.wav -> tick.wav
    tack.wav -> tack.wav
    overwork.wav -> overwork.wav
Created pomidor-20210111.919.tar containing:
  pomidor-20210111.919/
  pomidor-20210111.919/overwork.wav
  pomidor-20210111.919/pomidor-pkg.el
  pomidor-20210111.919/pomidor.el
  pomidor-20210111.919/tack.wav
  pomidor-20210111.919/tick.wav
Built pomidor in 3.791s, finished at Wed May 19 03:56:29 2021
 ✓ Success:
4.0K -rw-r--r-- 1 root root  422 May 19 03:56 packages/pomidor-20210111.919.entry
220K -rw-r--r-- 1 root root 220K May 19 03:56 packages/pomidor-20210111.919.tar
4.0K -rw-r--r-- 1 root root 1.2K May 19 03:56 packages/pomidor-badge.svg
4.0K -rw-r--r-- 1 root root   94 May 19 03:56 packages/pomidor-readme.txt
