Package: pony-mode
Fetcher: github
Source:  https://github.com/davidmiller/pony-mode.git

Updating /mnt/store/melpa/working/pony-mode/
Copying files (->) and directories (=>)
  from /mnt/store/melpa/working/pony-mode/
  to /tmp/pony-mode4AW2dh/pony-mode-20170807.1522
  ! src/pony-mode-pkg.el -> pony-mode-pkg.el
  ! src/pony-mode.el -> pony-mode.el
  ! src/pony-tpl.el -> pony-tpl.el
  ! src/snippets => snippets
Created pony-mode-20170807.1522.tar containing:
  pony-mode-20170807.1522/
  pony-mode-20170807.1522/pony-mode-pkg.el
  pony-mode-20170807.1522/pony-mode.el
  pony-mode-20170807.1522/pony-tpl.el
  pony-mode-20170807.1522/snippets/
  pony-mode-20170807.1522/snippets/html-mode/
  pony-mode-20170807.1522/snippets/html-mode/bl
  pony-mode-20170807.1522/snippets/html-mode/ex
  pony-mode-20170807.1522/snippets/html-mode/for
  pony-mode-20170807.1522/snippets/html-mode/if
  pony-mode-20170807.1522/snippets/html-mode/loa
  pony-mode-20170807.1522/snippets/html-mode/sup
  pony-mode-20170807.1522/snippets/html-mode/testc
  pony-mode-20170807.1522/snippets/html-mode/{{
  pony-mode-20170807.1522/snippets/python-mode/
  pony-mode-20170807.1522/snippets/python-mode/auth-view
  pony-mode-20170807.1522/snippets/python-mode/bn
  pony-mode-20170807.1522/snippets/python-mode/model
  pony-mode-20170807.1522/snippets/python-mode/modelform
  pony-mode-20170807.1522/snippets/python-mode/render-to
  pony-mode-20170807.1522/snippets/python-mode/testc
  pony-mode-20170807.1522/snippets/python-mode/tra
  pony-mode-20170807.1522/snippets/python-mode/view
Built pony-mode in 4.295s, finished at Wed May 19 03:56:31 2021
 ✓ Success:
4.0K -rw-r--r-- 1 root root  389 May 19 03:56 packages/pony-mode-20170807.1522.entry
 72K -rw-r--r-- 1 root root  70K May 19 03:56 packages/pony-mode-20170807.1522.tar
4.0K -rw-r--r-- 1 root root 1.2K May 19 03:56 packages/pony-mode-badge.svg
