Package: posix-manual
Fetcher: github
Source:  https://github.com/lassik/emacs-posix-manual.git

Updating /mnt/store/melpa/working/posix-manual/
Checking out origin/HEAD
Checking out ebaacd7266ae7a66605317f57b9f42e9cfb2ce1e
Copying files (->) and directories (=>)
  from /mnt/store/melpa/working/posix-manual/
  to /tmp/posix-manualK0SJ9t/posix-manual-20200301.1103
    posix-manual-data.el -> posix-manual-data.el
    posix-manual.el -> posix-manual.el
Created posix-manual-20200301.1103.tar containing:
  posix-manual-20200301.1103/
  posix-manual-20200301.1103/posix-manual-data.el
  posix-manual-20200301.1103/posix-manual-pkg.el
  posix-manual-20200301.1103/posix-manual.el
Built posix-manual in 9.275s, finished at 2021-08-17T10:22:07+0000
 ✓ Success:
4.0K -rw-r--r-- 1 root root  367 Aug 17 10:22 packages/posix-manual-20200301.1103.entry
120K -rw-r--r-- 1 root root 120K Aug 17 10:22 packages/posix-manual-20200301.1103.tar
4.0K -rw-r--r-- 1 root root 1.2K Aug 17 10:22 packages/posix-manual-badge.svg
4.0K -rw-r--r-- 1 root root  129 Aug 17 10:22 packages/posix-manual-readme.txt
