Package: pov-mode
Fetcher: github
Source:  https://github.com/melmothx/pov-mode.git

Updating /mnt/store/melpa/working/pov-mode/
Checking out origin/HEAD
Checking out 9fc1db3aab7c27155674dd1a87ec62606035d074
Copying files (->) and directories (=>)
  from /mnt/store/melpa/working/pov-mode/
  to /tmp/pov-modepizZ5r/pov-mode-20161115.743
    pov-mode-pkg.el -> pov-mode-pkg.el
    pov-mode.el -> pov-mode.el
    dir -> dir
    pov-mode.info -> pov-mode.info
Created pov-mode-20161115.743.tar containing:
  pov-mode-20161115.743/
  pov-mode-20161115.743/dir
  pov-mode-20161115.743/pov-mode-pkg.el
  pov-mode-20161115.743/pov-mode.el
  pov-mode-20161115.743/pov-mode.info
Built pov-mode in 9.888s, finished at 2021-08-17T10:22:09+0000
 ✓ Success:
4.0K -rw-r--r-- 1 root root  308 Aug 17 10:22 packages/pov-mode-20161115.743.entry
132K -rw-r--r-- 1 root root 130K Aug 17 10:22 packages/pov-mode-20161115.743.tar
4.0K -rw-r--r-- 1 root root 1.2K Aug 17 10:22 packages/pov-mode-badge.svg
4.0K -rw-r--r-- 1 root root 1.6K Aug 17 10:22 packages/pov-mode-readme.txt
