Package: pow
Fetcher: github
Source:  https://github.com/yukihr/emacs-pow.git

Updating /mnt/store/melpa/working/pow/
Checking out origin/HEAD
Checking out ea83986b8ca8e27cb996290d6463b111ec0966ce
Copying files (->) and directories (=>)
  from /mnt/store/melpa/working/pow/
  to /tmp/powknyjoQ/pow-20140420.806
    pow-app-list.el -> pow-app-list.el
    pow-app.el -> pow-app.el
    pow-commands.el -> pow-commands.el
    pow-helpers.el -> pow-helpers.el
    pow-tail-log.el -> pow-tail-log.el
    pow-variables.el -> pow-variables.el
    pow.el -> pow.el
Created pow-20140420.806.tar containing:
  pow-20140420.806/
  pow-20140420.806/pow-app-list.el
  pow-20140420.806/pow-app.el
  pow-20140420.806/pow-commands.el
  pow-20140420.806/pow-helpers.el
  pow-20140420.806/pow-pkg.el
  pow-20140420.806/pow-tail-log.el
  pow-20140420.806/pow-variables.el
  pow-20140420.806/pow.el
Built pow in 9.067s, finished at 2021-08-17T10:22:10+0000
 ✓ Success:
4.0K -rw-r--r-- 1 root root  399 Aug 17 10:22 packages/pow-20140420.806.entry
 52K -rw-r--r-- 1 root root  50K Aug 17 10:22 packages/pow-20140420.806.tar
4.0K -rw-r--r-- 1 root root 1.2K Aug 17 10:22 packages/pow-badge.svg
   0 -rw-r--r-- 1 root root    0 Aug 17 10:22 packages/pow-readme.txt
