Package: powerline-evil
Fetcher: github
Source:  https://github.com/johnson-christopher/powerline-evil.git

Updating /mnt/store/melpa/working/powerline-evil/
Checking out origin/HEAD
Checking out b77e2cf571e9990734f2b30d826f3a362b559fd1
Copying files (->) and directories (=>)
  from /mnt/store/melpa/working/powerline-evil/
  to /tmp/powerline-eviluQfIgP/powerline-evil-20190603.340
    powerline-evil-themes.el -> powerline-evil-themes.el
    powerline-evil.el -> powerline-evil.el
Created powerline-evil-20190603.340.tar containing:
  powerline-evil-20190603.340/
  powerline-evil-20190603.340/powerline-evil-pkg.el
  powerline-evil-20190603.340/powerline-evil-themes.el
  powerline-evil-20190603.340/powerline-evil.el
Built powerline-evil in 8.887s, finished at 2021-08-17T10:22:11+0000
 ✓ Success:
4.0K -rw-r--r-- 1 root root  463 Aug 17 10:22 packages/powerline-evil-20190603.340.entry
 20K -rw-r--r-- 1 root root  20K Aug 17 10:22 packages/powerline-evil-20190603.340.tar
4.0K -rw-r--r-- 1 root root 1.2K Aug 17 10:22 packages/powerline-evil-badge.svg
4.0K -rw-r--r-- 1 root root   73 Aug 17 10:22 packages/powerline-evil-readme.txt
