Package: prettier
Fetcher: github
Source:  https://github.com/jscheid/prettier.el.git

Updating /mnt/store/melpa/working/prettier/
Checking out origin/release
Checking out e38d21a885e234af9ea6b03f499c487175570571
Copying files (->) and directories (=>)
  from /mnt/store/melpa/working/prettier/
  to /tmp/prettierzKJwjV/prettier-20210606.1152
    prettier.el -> prettier.el
    dir -> dir
    prettier.info -> prettier.info
    bootstrap-min.js -> bootstrap-min.js
    prettier-el.js.gz.base64 -> prettier-el.js.gz.base64
Created prettier-20210606.1152.tar containing:
  prettier-20210606.1152/
  prettier-20210606.1152/bootstrap-min.js
  prettier-20210606.1152/dir
  prettier-20210606.1152/prettier-el.js.gz.base64
  prettier-20210606.1152/prettier-pkg.el
  prettier-20210606.1152/prettier.el
  prettier-20210606.1152/prettier.info
Built prettier in 4.357s, finished at 2021-08-17T10:22:27+0000
 ✓ Success:
4.0K -rw-r--r-- 1 root root  439 Aug 17 10:22 packages/prettier-20210606.1152.entry
 80K -rw-r--r-- 1 root root  80K Aug 17 10:22 packages/prettier-20210606.1152.tar
4.0K -rw-r--r-- 1 root root 1.2K Aug 17 10:22 packages/prettier-badge.svg
 12K -rw-r--r-- 1 root root 8.7K Aug 17 10:22 packages/prettier-js-20180109.726.el
4.0K -rw-r--r-- 1 root root  383 Aug 17 06:51 packages/prettier-js-20180109.726.entry
4.0K -rw-r--r-- 1 root root 1.2K Aug 17 06:51 packages/prettier-js-badge.svg
4.0K -rw-r--r-- 1 root root   60 Aug 17 06:51 packages/prettier-js-readme.txt
4.0K -rw-r--r-- 1 root root  220 Aug 17 10:22 packages/prettier-js.log
4.0K -rw-r--r-- 1 root root  255 Aug 17 10:22 packages/prettier-readme.txt
