Package: project-persist-drawer
Fetcher: github
Source:  https://github.com/rdallasgray/project-persist-drawer.git

Updating /mnt/store/melpa/working/project-persist-drawer/
Checking out origin/HEAD
Checking out 35bbe132a4fab6a0fec15ce6c0fd2fe6a4aa9626
Copying files (->) and directories (=>)
  from /mnt/store/melpa/working/project-persist-drawer/
  to /tmp/project-persist-drawerVXx8Ff/project-persist-drawer-20151108.1222
  ! lib/project-persist-drawer-pkg.el -> project-persist-drawer-pkg.el
  ! lib/project-persist-drawer.el -> project-persist-drawer.el
Created project-persist-drawer-20151108.1222.tar containing:
  project-persist-drawer-20151108.1222/
  project-persist-drawer-20151108.1222/project-persist-drawer-pkg.el
  project-persist-drawer-20151108.1222/project-persist-drawer.el
Built project-persist-drawer in 5.202s, finished at 2021-08-17T10:22:47+0000
 ✓ Success:
4.0K -rw-r--r-- 1 root root  445 Aug 17 10:22 packages/project-persist-drawer-20151108.1222.entry
 12K -rw-r--r-- 1 root root  10K Aug 17 10:22 packages/project-persist-drawer-20151108.1222.tar
4.0K -rw-r--r-- 1 root root 1.2K Aug 17 10:22 packages/project-persist-drawer-badge.svg
4.0K -rw-r--r-- 1 root root 1.1K Aug 17 10:22 packages/project-persist-drawer-readme.txt
