Package: promise
Fetcher: github
Source:  https://github.com/chuntaro/emacs-promise.git

Updating /mnt/store/melpa/working/promise/
Copying files (->) and directories (=>)
  from /mnt/store/melpa/working/promise/
  to /tmp/promiseMgMgVj/promise-20210307.727
    promise-core.el -> promise-core.el
    promise-done.el -> promise-done.el
    promise-es6-extensions.el -> promise-es6-extensions.el
    promise-finally.el -> promise-finally.el
    promise-rejection-tracking.el -> promise-rejection-tracking.el
    promise.el -> promise.el
Created promise-20210307.727.tar containing:
  promise-20210307.727/
  promise-20210307.727/promise-core.el
  promise-20210307.727/promise-done.el
  promise-20210307.727/promise-es6-extensions.el
  promise-20210307.727/promise-finally.el
  promise-20210307.727/promise-pkg.el
  promise-20210307.727/promise-rejection-tracking.el
  promise-20210307.727/promise.el
Built promise in 4.212s, finished at Wed May 19 03:57:29 2021
 ✓ Success:
4.0K -rw-r--r-- 1 root root  362 May 19 03:57 packages/promise-20210307.727.entry
 72K -rw-r--r-- 1 root root  70K May 19 03:57 packages/promise-20210307.727.tar
4.0K -rw-r--r-- 1 root root 1.2K May 19 03:57 packages/promise-badge.svg
4.0K -rw-r--r-- 1 root root 1.5K May 19 03:57 packages/promise-readme.txt
