Package: proof-general
Fetcher: github
Source:  https://github.com/ProofGeneral/PG.git

Updating /mnt/store/melpa/working/proof-general/
Checking out origin/master
Checking out e2ee96b209e740afd9349bfaab8410d98e1eaccd
Copying files (->) and directories (=>)
  from /mnt/store/melpa/working/proof-general/
  to /tmp/proof-generalvcZuNk/proof-general-20210813.2342
    proof-general-pkg.el -> proof-general-pkg.el
    proof-general.el -> proof-general.el
  ! doc/dir -> dir
  ! doc/PG-adapting.texi -> PG-adapting.texi
  ! doc/ProofGeneral.texi -> ProofGeneral.texi
    CHANGES -> CHANGES
    AUTHORS -> AUTHORS
    COPYING -> COPYING
    generic => generic
    images => images
    lib => lib
    coq/coq-abbrev.el -> coq/coq-abbrev.el
    coq/coq-autotest.el -> coq/coq-autotest.el
    coq/coq-compile-common.el -> coq/coq-compile-common.el
    coq/coq-db.el -> coq/coq-db.el
    coq/coq-diffs.el -> coq/coq-diffs.el
    coq/coq-indent.el -> coq/coq-indent.el
    coq/coq-local-vars.el -> coq/coq-local-vars.el
    coq/coq-mode.el -> coq/coq-mode.el
    coq/coq-par-compile.el -> coq/coq-par-compile.el
    coq/coq-seq-compile.el -> coq/coq-seq-compile.el
    coq/coq-smie.el -> coq/coq-smie.el
    coq/coq-syntax.el -> coq/coq-syntax.el
    coq/coq-system.el -> coq/coq-system.el
    coq/coq-unicode-tokens.el -> coq/coq-unicode-tokens.el
    coq/coq.el -> coq/coq.el
    easycrypt => easycrypt
    phox => phox
    pghaskell => pghaskell
    pgocaml => pgocaml
    pgshell => pgshell
Created /tmp/proof-generalvcZuNk/proof-general-20210813.2342/PG-adapting.info
Created /tmp/proof-generalvcZuNk/proof-general-20210813.2342/ProofGeneral.info
Created proof-general-20210813.2342.tar containing:
  proof-general-20210813.2342/
  proof-general-20210813.2342/AUTHORS
  proof-general-20210813.2342/CHANGES
  proof-general-20210813.2342/COPYING
  proof-general-20210813.2342/PG-adapting.info
  proof-general-20210813.2342/ProofGeneral.info
  proof-general-20210813.2342/coq/
  proof-general-20210813.2342/coq/coq-abbrev.el
  proof-general-20210813.2342/coq/coq-autotest.el
  proof-general-20210813.2342/coq/coq-compile-common.el
  proof-general-20210813.2342/coq/coq-db.el
  proof-general-20210813.2342/coq/coq-diffs.el
  proof-general-20210813.2342/coq/coq-indent.el
  proof-general-20210813.2342/coq/coq-local-vars.el
  proof-general-20210813.2342/coq/coq-mode.el
  proof-general-20210813.2342/coq/coq-par-compile.el
  proof-general-20210813.2342/coq/coq-seq-compile.el
  proof-general-20210813.2342/coq/coq-smie.el
  proof-general-20210813.2342/coq/coq-syntax.el
  proof-general-20210813.2342/coq/coq-system.el
  proof-general-20210813.2342/coq/coq-unicode-tokens.el
  proof-general-20210813.2342/coq/coq.el
  proof-general-20210813.2342/dir
  proof-general-20210813.2342/easycrypt/
  proof-general-20210813.2342/easycrypt/easycrypt-abbrev.el
  proof-general-20210813.2342/easycrypt/easycrypt-hooks.el
  proof-general-20210813.2342/easycrypt/easycrypt-keywords.el
  proof-general-20210813.2342/easycrypt/easycrypt-syntax.el
  proof-general-20210813.2342/easycrypt/easycrypt.el
  proof-general-20210813.2342/generic/
  proof-general-20210813.2342/generic/README
  proof-general-20210813.2342/generic/pg-assoc.el
  proof-general-20210813.2342/generic/pg-autotest.el
  proof-general-20210813.2342/generic/pg-custom.el
  proof-general-20210813.2342/generic/pg-goals.el
  proof-general-20210813.2342/generic/pg-movie.el
  proof-general-20210813.2342/generic/pg-pamacs.el
  proof-general-20210813.2342/generic/pg-pbrpm.el
  proof-general-20210813.2342/generic/pg-pgip.el
  proof-general-20210813.2342/generic/pg-response.el
  proof-general-20210813.2342/generic/pg-user.el
  proof-general-20210813.2342/generic/pg-vars.el
  proof-general-20210813.2342/generic/pg-xml.el
  proof-general-20210813.2342/generic/proof-autoloads.el
  proof-general-20210813.2342/generic/proof-auxmodes.el
  proof-general-20210813.2342/generic/proof-config.el
  proof-general-20210813.2342/generic/proof-depends.el
  proof-general-20210813.2342/generic/proof-easy-config.el
  proof-general-20210813.2342/generic/proof-faces.el
  proof-general-20210813.2342/generic/proof-indent.el
  proof-general-20210813.2342/generic/proof-maths-menu.el
  proof-general-20210813.2342/generic/proof-menu.el
  proof-general-20210813.2342/generic/proof-script.el
  proof-general-20210813.2342/generic/proof-shell.el
  proof-general-20210813.2342/generic/proof-site.el
  proof-general-20210813.2342/generic/proof-splash.el
  proof-general-20210813.2342/generic/proof-syntax.el
  proof-general-20210813.2342/generic/proof-toolbar.el
  proof-general-20210813.2342/generic/proof-tree.el
  proof-general-20210813.2342/generic/proof-unicode-tokens.el
  proof-general-20210813.2342/generic/proof-useropts.el
  proof-general-20210813.2342/generic/proof-utils.el
  proof-general-20210813.2342/generic/proof.el
  proof-general-20210813.2342/images/
  proof-general-20210813.2342/images/ProofGeneral-splash.png
  proof-general-20210813.2342/images/ProofGeneral.png
  proof-general-20210813.2342/images/README
  proof-general-20210813.2342/images/epg-abort.png
  proof-general-20210813.2342/images/epg-abort.xpm
  proof-general-20210813.2342/images/epg-command.png
  proof-general-20210813.2342/images/epg-command.xpm
  proof-general-20210813.2342/images/epg-context.png
  proof-general-20210813.2342/images/epg-context.xpm
  proof-general-20210813.2342/images/epg-find.png
  proof-general-20210813.2342/images/epg-find.xpm
  proof-general-20210813.2342/images/epg-goal.png
  proof-general-20210813.2342/images/epg-goal.xpm
  proof-general-20210813.2342/images/epg-goto.png
  proof-general-20210813.2342/images/epg-goto.xpm
  proof-general-20210813.2342/images/epg-help.png
  proof-general-20210813.2342/images/epg-help.xpm
  proof-general-20210813.2342/images/epg-home.png
  proof-general-20210813.2342/images/epg-home.xpm
  proof-general-20210813.2342/images/epg-info.png
  proof-general-20210813.2342/images/epg-info.xpm
  proof-general-20210813.2342/images/epg-interrupt.png
  proof-general-20210813.2342/images/epg-interrupt.xpm
  proof-general-20210813.2342/images/epg-next.png
  proof-general-20210813.2342/images/epg-next.xpm
  proof-general-20210813.2342/images/epg-prooftree.png
  proof-general-20210813.2342/images/epg-prooftree.xpm
  proof-general-20210813.2342/images/epg-qed.png
  proof-general-20210813.2342/images/epg-qed.xpm
  proof-general-20210813.2342/images/epg-restart.png
  proof-general-20210813.2342/images/epg-restart.xpm
  proof-general-20210813.2342/images/epg-retract.png
  proof-general-20210813.2342/images/epg-retract.xpm
  proof-general-20210813.2342/images/epg-state.png
  proof-general-20210813.2342/images/epg-state.xpm
  proof-general-20210813.2342/images/epg-undo.png
  proof-general-20210813.2342/images/epg-undo.xpm
  proof-general-20210813.2342/images/epg-use.png
  proof-general-20210813.2342/images/epg-use.xpm
  proof-general-20210813.2342/images/hiddenproof.xpm
  proof-general-20210813.2342/lib/
  proof-general-20210813.2342/lib/README
  proof-general-20210813.2342/lib/bufhist.el
  proof-general-20210813.2342/lib/holes.el
  proof-general-20210813.2342/lib/local-vars-list.el
  proof-general-20210813.2342/lib/maths-menu.el
  proof-general-20210813.2342/lib/pg-dev.el
  proof-general-20210813.2342/lib/pg-fontsets.el
  proof-general-20210813.2342/lib/proof-compat.el
  proof-general-20210813.2342/lib/scomint.el
  proof-general-20210813.2342/lib/span.el
  proof-general-20210813.2342/lib/texi-docstring-magic.el
  proof-general-20210813.2342/lib/unicode-chars.el
  proof-general-20210813.2342/lib/unicode-tokens.el
  proof-general-20210813.2342/pghaskell/
  proof-general-20210813.2342/pghaskell/pghaskell.el
  proof-general-20210813.2342/pgocaml/
  proof-general-20210813.2342/pgocaml/pgocaml.el
  proof-general-20210813.2342/pgshell/
  proof-general-20210813.2342/pgshell/README
  proof-general-20210813.2342/pgshell/example.pgsh
  proof-general-20210813.2342/pgshell/pgshell.el
  proof-general-20210813.2342/phox/
  proof-general-20210813.2342/phox/phox.el
  proof-general-20210813.2342/phox/sqrt2.phx
  proof-general-20210813.2342/proof-general-pkg.el
  proof-general-20210813.2342/proof-general.el
Built proof-general in 33.048s, finished at 2021-08-17T10:23:33+0000
 ✓ Success:
4.0K -rw-r--r-- 1 root root  251 Aug 17 10:23 packages/proof-general-20210813.2342.entry
2.6M -rw-r--r-- 1 root root 2.6M Aug 17 10:23 packages/proof-general-20210813.2342.tar
4.0K -rw-r--r-- 1 root root 1.2K Aug 17 10:23 packages/proof-general-badge.svg
4.0K -rw-r--r-- 1 root root  491 Aug 17 10:23 packages/proof-general-readme.txt
