Package: prosjekt
Fetcher: github
Source:  https://github.com/abingham/prosjekt.git

Updating /mnt/store/melpa/working/prosjekt/
Copying files (->) and directories (=>)
  from /mnt/store/melpa/working/prosjekt/
  to /tmp/prosjektpmVAiu/prosjekt-20151127.1416
  ! prosjekt/prosjekt.el -> prosjekt.el
  ! prosjekt/ext/async-shell-command-prosjekt.el -> async-shell-command-prosjekt.el
  ! prosjekt/ext/find-project-file-prosjekt.el -> find-project-file-prosjekt.el
Created prosjekt-20151127.1416.tar containing:
  prosjekt-20151127.1416/
  prosjekt-20151127.1416/async-shell-command-prosjekt.el
  prosjekt-20151127.1416/find-project-file-prosjekt.el
  prosjekt-20151127.1416/prosjekt-pkg.el
  prosjekt-20151127.1416/prosjekt.el
Built prosjekt in 3.837s, finished at Wed May 19 03:57:35 2021
 ✓ Success:
4.0K -rw-r--r-- 1 root root  354 May 19 03:57 packages/prosjekt-20151127.1416.entry
 32K -rw-r--r-- 1 root root  30K May 19 03:57 packages/prosjekt-20151127.1416.tar
4.0K -rw-r--r-- 1 root root 1.2K May 19 03:57 packages/prosjekt-badge.svg
4.0K -rw-r--r-- 1 root root 1.5K May 19 03:57 packages/prosjekt-readme.txt
