Package: pubmed
Fetcher: gitlab
Source:  https://gitlab.com/fvdbeek/emacs-pubmed.git

Updating /mnt/store/melpa/working/pubmed/
Checking out origin/HEAD
Checking out 88aeb71ed4354af0b58354636ee6a9485887213d
Copying files (->) and directories (=>)
  from /mnt/store/melpa/working/pubmed/
  to /tmp/pubmedm4crQL/pubmed-20200618.2203
    pubmed-advanced-search.el -> pubmed-advanced-search.el
    pubmed-bibtex.el -> pubmed-bibtex.el
    pubmed-dissemin.el -> pubmed-dissemin.el
    pubmed-openaccessbutton.el -> pubmed-openaccessbutton.el
    pubmed-pmc.el -> pubmed-pmc.el
    pubmed-scihub.el -> pubmed-scihub.el
    pubmed-springer.el -> pubmed-springer.el
    pubmed-unpaywall.el -> pubmed-unpaywall.el
    pubmed.el -> pubmed.el
Created pubmed-20200618.2203.tar containing:
  pubmed-20200618.2203/
  pubmed-20200618.2203/pubmed-advanced-search.el
  pubmed-20200618.2203/pubmed-bibtex.el
  pubmed-20200618.2203/pubmed-dissemin.el
  pubmed-20200618.2203/pubmed-openaccessbutton.el
  pubmed-20200618.2203/pubmed-pkg.el
  pubmed-20200618.2203/pubmed-pmc.el
  pubmed-20200618.2203/pubmed-scihub.el
  pubmed-20200618.2203/pubmed-springer.el
  pubmed-20200618.2203/pubmed-unpaywall.el
  pubmed-20200618.2203/pubmed.el
Built pubmed in 4.988s, finished at 2021-08-17T10:23:21+0000
 ✓ Success:
4.0K -rw-r--r-- 1 root root  473 Aug 17 10:23 packages/pubmed-20200618.2203.entry
232K -rw-r--r-- 1 root root 230K Aug 17 10:23 packages/pubmed-20200618.2203.tar
4.0K -rw-r--r-- 1 root root 1.2K Aug 17 10:23 packages/pubmed-badge.svg
4.0K -rw-r--r-- 1 root root  107 Aug 17 10:23 packages/pubmed-readme.txt
