Package: purp-theme
Fetcher: github
Source:  https://github.com/gnuvince/purp.git

Updating /mnt/store/melpa/working/purp-theme/
Checking out origin/HEAD
Checking out f821a7c30452d970ccb0ee08b68d56603860e31d
Copying files (->) and directories (=>)
  from /mnt/store/melpa/working/purp-theme/
  to /tmp/purp-themeRXENu8/purp-theme-20190629.1829
    blurb-theme.el -> blurb-theme.el
    purp-common.el -> purp-common.el
    purp-light-theme.el -> purp-light-theme.el
    purp-theme.el -> purp-theme.el
Created purp-theme-20190629.1829.tar containing:
  purp-theme-20190629.1829/
  purp-theme-20190629.1829/blurb-theme.el
  purp-theme-20190629.1829/purp-common.el
  purp-theme-20190629.1829/purp-light-theme.el
  purp-theme-20190629.1829/purp-theme-pkg.el
  purp-theme-20190629.1829/purp-theme.el
Built purp-theme in 4.194s, finished at 2021-08-17T10:23:27+0000
 ✓ Success:
4.0K -rw-r--r-- 1 root root  353 Aug 17 10:23 packages/purp-theme-20190629.1829.entry
 32K -rw-r--r-- 1 root root  30K Aug 17 10:23 packages/purp-theme-20190629.1829.tar
4.0K -rw-r--r-- 1 root root 1.2K Aug 17 10:23 packages/purp-theme-badge.svg
4.0K -rw-r--r-- 1 root root   36 Aug 17 10:23 packages/purp-theme-readme.txt
