Package: pyim-basedict
Fetcher: github
Source:  https://github.com/tumashu/pyim-basedict.git

Updating /mnt/store/melpa/working/pyim-basedict/
Copying files (->) and directories (=>)
  from /mnt/store/melpa/working/pyim-basedict/
  to /tmp/pyim-basedictuGNS4o/pyim-basedict-20210517.43
    pyim-basedict.el -> pyim-basedict.el
    pyim-basedict.pyim -> pyim-basedict.pyim
Created pyim-basedict-20210517.43.tar containing:
  pyim-basedict-20210517.43/
  pyim-basedict-20210517.43/pyim-basedict-pkg.el
  pyim-basedict-20210517.43/pyim-basedict.el
  pyim-basedict-20210517.43/pyim-basedict.pyim
Built pyim-basedict in 4.739s, finished at Wed May 19 03:58:17 2021
 ✓ Success:
4.0K -rw-r--r-- 1 root root  373 May 19 03:58 packages/pyim-basedict-20210517.43.entry
2.7M -rw-r--r-- 1 root root 2.7M May 19 03:58 packages/pyim-basedict-20210517.43.tar
4.0K -rw-r--r-- 1 root root 1.2K May 19 03:58 packages/pyim-basedict-badge.svg
4.0K -rw-r--r-- 1 root root  719 May 19 03:58 packages/pyim-basedict-readme.txt
