Package: pyim-wbdict
Fetcher: github
Source:  https://github.com/tumashu/pyim-wbdict.git

Updating /mnt/store/melpa/working/pyim-wbdict/
Copying files (->) and directories (=>)
  from /mnt/store/melpa/working/pyim-wbdict/
  to /tmp/pyim-wbdictTLwgVT/pyim-wbdict-20210504.1144
    pyim-wbdict.el -> pyim-wbdict.el
    pyim-wbdict-v86.pyim -> pyim-wbdict-v86.pyim
    pyim-wbdict-v98-morphe.pyim -> pyim-wbdict-v98-morphe.pyim
    pyim-wbdict-v98.pyim -> pyim-wbdict-v98.pyim
Created pyim-wbdict-20210504.1144.tar containing:
  pyim-wbdict-20210504.1144/
  pyim-wbdict-20210504.1144/pyim-wbdict-pkg.el
  pyim-wbdict-20210504.1144/pyim-wbdict-v86.pyim
  pyim-wbdict-20210504.1144/pyim-wbdict-v98-morphe.pyim
  pyim-wbdict-20210504.1144/pyim-wbdict-v98.pyim
  pyim-wbdict-20210504.1144/pyim-wbdict.el
Built pyim-wbdict in 4.483s, finished at Wed May 19 03:58:19 2021
 ✓ Success:
4.0K -rw-r--r-- 1 root root  410 May 19 03:58 packages/pyim-wbdict-20210504.1144.entry
4.5M -rw-r--r-- 1 root root 4.5M May 19 03:58 packages/pyim-wbdict-20210504.1144.tar
4.0K -rw-r--r-- 1 root root 1.2K May 19 03:58 packages/pyim-wbdict-badge.svg
4.0K -rw-r--r-- 1 root root  958 May 19 03:58 packages/pyim-wbdict-readme.txt
