Package: pyimpsort
Fetcher: github
Source:  https://github.com/emacsorphanage/pyimpsort.git

Updating /mnt/store/melpa/working/pyimpsort/
Checking out origin/HEAD
Checking out d5c61d70896b642646dfd3c809c06174ae086c1a
Copying files (->) and directories (=>)
  from /mnt/store/melpa/working/pyimpsort/
  to /tmp/pyimpsorttHBNrr/pyimpsort-20160130.453
    pyimpsort.el -> pyimpsort.el
    pyimpsort.py -> pyimpsort.py
Created pyimpsort-20160130.453.tar containing:
  pyimpsort-20160130.453/
  pyimpsort-20160130.453/pyimpsort-pkg.el
  pyimpsort-20160130.453/pyimpsort.el
  pyimpsort-20160130.453/pyimpsort.py
Built pyimpsort in 4.726s, finished at 2021-08-17T10:23:53+0000
 ✓ Success:
4.0K -rw-r--r-- 1 root root  394 Aug 17 10:23 packages/pyimpsort-20160130.453.entry
 20K -rw-r--r-- 1 root root  20K Aug 17 10:23 packages/pyimpsort-20160130.453.tar
4.0K -rw-r--r-- 1 root root 1.2K Aug 17 10:23 packages/pyimpsort-badge.svg
4.0K -rw-r--r-- 1 root root  791 Aug 17 10:23 packages/pyimpsort-readme.txt
