Package: pyim-cangjiedict
Fetcher: github
Source:  https://github.com/p1uxtar/pyim-cangjiedict.git

Updating /mnt/store/melpa/working/pyim-cangjiedict/
Checking out origin/HEAD
Checking out d17e3d32a6480939b350a91a915ebe8e6efad819
Copying files (->) and directories (=>)
  from /mnt/store/melpa/working/pyim-cangjiedict/
  to /tmp/pyim-cangjiedictAcgzTD/pyim-cangjiedict-20210617.934
    pyim-cangjie5dict.el -> pyim-cangjie5dict.el
    pyim-cangjiedict.el -> pyim-cangjiedict.el
    pyim-cangjie3dict.pyim -> pyim-cangjie3dict.pyim
    pyim-cangjie5dict.pyim -> pyim-cangjie5dict.pyim
    pyim-cangjie6dict.pyim -> pyim-cangjie6dict.pyim
Created pyim-cangjiedict-20210617.934.tar containing:
  pyim-cangjiedict-20210617.934/
  pyim-cangjiedict-20210617.934/pyim-cangjie3dict.pyim
  pyim-cangjiedict-20210617.934/pyim-cangjie5dict.el
  pyim-cangjiedict-20210617.934/pyim-cangjie5dict.pyim
  pyim-cangjiedict-20210617.934/pyim-cangjie6dict.pyim
  pyim-cangjiedict-20210617.934/pyim-cangjiedict-pkg.el
  pyim-cangjiedict-20210617.934/pyim-cangjiedict.el
Built pyim-cangjiedict in 4.769s, finished at 2021-08-17T10:23:47+0000
 ✓ Success:
4.0K -rw-r--r-- 1 root root  436 Aug 17 10:23 packages/pyim-cangjiedict-20210617.934.entry
5.0M -rw-r--r-- 1 root root 5.0M Aug 17 10:23 packages/pyim-cangjiedict-20210617.934.tar
4.0K -rw-r--r-- 1 root root 1.2K Aug 17 10:23 packages/pyim-cangjiedict-badge.svg
4.0K -rw-r--r-- 1 root root 1.8K Aug 17 10:23 packages/pyim-cangjiedict-readme.txt
