Package: pyim
Fetcher: github
Source:  https://github.com/tumashu/pyim.git

Updating /mnt/store/melpa/working/pyim/
Checking out origin/HEAD
Checking out c2604a549b26b7a2125f986e9d34f0b58353336d
Note: pyim :files spec is equivalent to the default.
Copying files (->) and directories (=>)
  from /mnt/store/melpa/working/pyim/
  to /tmp/pyim3q7wxh/pyim-20210803.226
    pyim-autoselector.el -> pyim-autoselector.el
    pyim-candidates.el -> pyim-candidates.el
    pyim-codes.el -> pyim-codes.el
    pyim-common.el -> pyim-common.el
    pyim-cregexp.el -> pyim-cregexp.el
    pyim-cstring.el -> pyim-cstring.el
    pyim-dcache.el -> pyim-dcache.el
    pyim-dhashcache.el -> pyim-dhashcache.el
    pyim-dict.el -> pyim-dict.el
    pyim-dregcache.el -> pyim-dregcache.el
    pyim-entered.el -> pyim-entered.el
    pyim-imobjs.el -> pyim-imobjs.el
    pyim-indicator.el -> pyim-indicator.el
    pyim-liberime.el -> pyim-liberime.el
    pyim-magic.el -> pyim-magic.el
    pyim-outcome.el -> pyim-outcome.el
    pyim-page.el -> pyim-page.el
    pyim-pinyin.el -> pyim-pinyin.el
    pyim-preview.el -> pyim-preview.el
    pyim-probe.el -> pyim-probe.el
    pyim-process.el -> pyim-process.el
    pyim-punctuation.el -> pyim-punctuation.el
    pyim-pymap.el -> pyim-pymap.el
    pyim-scheme.el -> pyim-scheme.el
    pyim.el -> pyim.el
Created pyim-20210803.226.tar containing:
  pyim-20210803.226/
  pyim-20210803.226/pyim-autoselector.el
  pyim-20210803.226/pyim-candidates.el
  pyim-20210803.226/pyim-codes.el
  pyim-20210803.226/pyim-common.el
  pyim-20210803.226/pyim-cregexp.el
  pyim-20210803.226/pyim-cstring.el
  pyim-20210803.226/pyim-dcache.el
  pyim-20210803.226/pyim-dhashcache.el
  pyim-20210803.226/pyim-dict.el
  pyim-20210803.226/pyim-dregcache.el
  pyim-20210803.226/pyim-entered.el
  pyim-20210803.226/pyim-imobjs.el
  pyim-20210803.226/pyim-indicator.el
  pyim-20210803.226/pyim-liberime.el
  pyim-20210803.226/pyim-magic.el
  pyim-20210803.226/pyim-outcome.el
  pyim-20210803.226/pyim-page.el
  pyim-20210803.226/pyim-pinyin.el
  pyim-20210803.226/pyim-pkg.el
  pyim-20210803.226/pyim-preview.el
  pyim-20210803.226/pyim-probe.el
  pyim-20210803.226/pyim-process.el
  pyim-20210803.226/pyim-punctuation.el
  pyim-20210803.226/pyim-pymap.el
  pyim-20210803.226/pyim-scheme.el
  pyim-20210803.226/pyim.el
Built pyim in 4.613s, finished at 2021-08-17T10:23:47+0000
 ✓ Success:
4.0K -rw-r--r-- 1 root root  477 Aug 17 10:23 packages/pyim-20210803.226.entry
432K -rw-r--r-- 1 root root 430K Aug 17 10:23 packages/pyim-20210803.226.tar
4.0K -rw-r--r-- 1 root root 1.2K Aug 17 10:23 packages/pyim-badge.svg
4.0K -rw-r--r-- 1 root root  373 Aug 17 06:52 packages/pyim-basedict-20210517.43.entry
2.7M -rw-r--r-- 1 root root 2.7M Aug 17 06:52 packages/pyim-basedict-20210517.43.tar
4.0K -rw-r--r-- 1 root root 1.2K Aug 17 06:52 packages/pyim-basedict-badge.svg
4.0K -rw-r--r-- 1 root root  719 Aug 17 06:52 packages/pyim-basedict-readme.txt
4.0K -rw-r--r-- 1 root root  222 Aug 17 10:23 packages/pyim-basedict.log
4.0K -rw-r--r-- 1 root root 1.2K Apr 29 04:47 packages/pyim-cangjie5dict-badge.svg
4.0K -rw-r--r-- 1 root root  524 Apr 29 04:47 packages/pyim-cangjie5dict-readme.txt
4.0K -rw-r--r-- 1 root root  215 May  1 17:49 packages/pyim-cangjie5dict.log
4.0K -rw-r--r-- 1 root root  436 Aug 17 10:23 packages/pyim-cangjiedict-20210617.934.entry
5.0M -rw-r--r-- 1 root root 5.0M Aug 17 10:23 packages/pyim-cangjiedict-20210617.934.tar
4.0K -rw-r--r-- 1 root root 1.2K Aug 17 06:52 packages/pyim-cangjiedict-badge.svg
4.0K -rw-r--r-- 1 root root 1.8K Aug 17 10:23 packages/pyim-cangjiedict-readme.txt
4.0K -rw-r--r-- 1 root root 1.1K Aug 17 10:23 packages/pyim-cangjiedict.log
   0 -rw-r--r-- 1 root root    0 Aug 17 10:23 packages/pyim-readme.txt
4.0K -rw-r--r-- 1 root root  357 Aug 17 10:23 packages/pyim-smzmdict-20210505.1445.entry
120K -rw-r--r-- 1 root root 120K Aug 17 10:23 packages/pyim-smzmdict-20210505.1445.tar
4.0K -rw-r--r-- 1 root root 1.2K Aug 17 06:52 packages/pyim-smzmdict-badge.svg
4.0K -rw-r--r-- 1 root root  765 Aug 17 10:23 packages/pyim-smzmdict-readme.txt
4.0K -rw-r--r-- 1 root root  683 Aug 17 10:23 packages/pyim-smzmdict.log
4.0K -rw-r--r-- 1 root root  408 Aug 17 06:52 packages/pyim-wbdict-20210719.38.entry
5.5M -rw-r--r-- 1 root root 5.5M Aug 17 06:52 packages/pyim-wbdict-20210719.38.tar
4.0K -rw-r--r-- 1 root root 1.2K Aug 17 06:52 packages/pyim-wbdict-badge.svg
4.0K -rw-r--r-- 1 root root 1.1K Aug 17 06:52 packages/pyim-wbdict-readme.txt
4.0K -rw-r--r-- 1 root root  137 Aug 17 10:23 packages/pyim-wbdict.log
