Package: python-environment
Fetcher: github
Source:  https://github.com/tkf/emacs-python-environment.git

Updating /mnt/store/melpa/working/python-environment/
Copying files (->) and directories (=>)
  from /mnt/store/melpa/working/python-environment/
  to /tmp/python-environmenthmyVRc/python-environment-20150310.853
    python-environment.el -> python-environment.el
    test-python-environment.el -> test-python-environment.el
Created python-environment-20150310.853.tar containing:
  python-environment-20150310.853/
  python-environment-20150310.853/python-environment-pkg.el
  python-environment-20150310.853/python-environment.el
  python-environment-20150310.853/test-python-environment.el
Built python-environment in 4.141s, finished at Wed May 19 03:58:27 2021
 ✓ Success:
4.0K -rw-r--r-- 1 root root  363 May 19 03:58 packages/python-environment-20150310.853.entry
 32K -rw-r--r-- 1 root root  30K May 19 03:58 packages/python-environment-20150310.853.tar
4.0K -rw-r--r-- 1 root root 1.2K May 19 03:58 packages/python-environment-badge.svg
   0 -rw-r--r-- 1 root root    0 May 19 03:58 packages/python-environment-readme.txt
