Package: python-info
Fetcher: github
Source:  https://github.com/Wilfred/python-info.git

Updating /mnt/store/melpa/working/python-info/
Checking out origin/HEAD
Checking out 306f15441b54b25757cdfd3b327b84024ea21ed7
Copying files (->) and directories (=>)
  from /mnt/store/melpa/working/python-info/
  to /tmp/python-infokgG4Cf/python-info-20151228.1852
    python-info.el -> python-info.el
    python.info -> python.info
    python.texi -> python.texi
Created python-info-20151228.1852.tar containing:
  python-info-20151228.1852/
  python-info-20151228.1852/dir
  python-info-20151228.1852/python-info-pkg.el
  python-info-20151228.1852/python-info.el
  python-info-20151228.1852/python.info
Built python-info in 1.634s, finished at 2021-08-17T10:42:41+0000
 ✓ Success:
4.0K -rw-r--r-- 1 root root  150 Aug 17 10:42 packages/python-info-20151228.1852.entry
 11M -rw-r--r-- 1 root root  11M Aug 17 10:42 packages/python-info-20151228.1852.tar
4.0K -rw-r--r-- 1 root root 1.2K Aug 17 10:42 packages/python-info-badge.svg
4.0K -rw-r--r-- 1 root root  160 Aug 17 10:42 packages/python-info-readme.txt
