Package: python-docstring
Fetcher: github
Source:  https://github.com/glyph/python-docstring-mode.git

Updating /mnt/store/melpa/working/python-docstring/
Copying files (->) and directories (=>)
  from /mnt/store/melpa/working/python-docstring/
  to /tmp/python-docstringtPfrIH/python-docstring-20190716.921
    docstring_wrap.py -> docstring_wrap.py
    python-docstring.el -> python-docstring.el
Created python-docstring-20190716.921.tar containing:
  python-docstring-20190716.921/
  python-docstring-20190716.921/docstring_wrap.py
  python-docstring-20190716.921/python-docstring-pkg.el
  python-docstring-20190716.921/python-docstring.el
Built python-docstring in 4.230s, finished at Wed May 19 03:58:27 2021
 ✓ Success:
4.0K -rw-r--r-- 1 root root  153 May 19 03:58 packages/python-docstring-20190716.921.entry
 40K -rw-r--r-- 1 root root  40K May 19 03:58 packages/python-docstring-20190716.921.tar
4.0K -rw-r--r-- 1 root root 1.2K May 19 03:58 packages/python-docstring-badge.svg
4.0K -rw-r--r-- 1 root root  321 May 19 03:58 packages/python-docstring-readme.txt
