Package: python-x
Fetcher: gitlab
Source:  https://gitlab.com/wavexx/python-x.el.git

Updating /mnt/store/melpa/working/python-x/
Checking out origin/HEAD
Checking out b1f8eaccee210d7c0580dba6dc9bd361fcf3765d
Copying files (->) and directories (=>)
  from /mnt/store/melpa/working/python-x/
  to /tmp/python-x3bzWYd/python-x-20190611.1303
    python-help-mode.el -> python-help-mode.el
    python-x-pkg.el -> python-x-pkg.el
    python-x.el -> python-x.el
Created python-x-20190611.1303.tar containing:
  python-x-20190611.1303/
  python-x-20190611.1303/python-help-mode.el
  python-x-20190611.1303/python-x-pkg.el
  python-x-20190611.1303/python-x.el
Built python-x in 4.561s, finished at 2021-08-17T10:24:08+0000
 ✓ Success:
4.0K -rw-r--r-- 1 root root  343 Aug 17 10:24 packages/python-x-20190611.1303.entry
 40K -rw-r--r-- 1 root root  40K Aug 17 10:24 packages/python-x-20190611.1303.tar
4.0K -rw-r--r-- 1 root root 1.2K Aug 17 10:24 packages/python-x-badge.svg
4.0K -rw-r--r-- 1 root root 3.4K Aug 17 10:24 packages/python-x-readme.txt
