Package: quasi-monochrome-theme
Fetcher: github
Source:  https://github.com/lbolla/emacs-quasi-monochrome.git

Updating /mnt/store/melpa/working/quasi-monochrome-theme/
Checking out origin/HEAD
Checking out b38d71860fdea945e10e8a766ac9dfa1410ade67
Copying files (->) and directories (=>)
  from /mnt/store/melpa/working/quasi-monochrome-theme/
  to /tmp/quasi-monochrome-theme9x8NR3/quasi-monochrome-theme-20200415.705
    quasi-monochrome-theme-pkg.el -> quasi-monochrome-theme-pkg.el
    quasi-monochrome-theme.el -> quasi-monochrome-theme.el
Created quasi-monochrome-theme-20200415.705.tar containing:
  quasi-monochrome-theme-20200415.705/
  quasi-monochrome-theme-20200415.705/quasi-monochrome-theme-pkg.el
  quasi-monochrome-theme-20200415.705/quasi-monochrome-theme.el
Built quasi-monochrome-theme in 4.390s, finished at 2021-08-17T10:24:15+0000
 ✓ Success:
4.0K -rw-r--r-- 1 root root  387 Aug 17 10:24 packages/quasi-monochrome-theme-20200415.705.entry
 32K -rw-r--r-- 1 root root  30K Aug 17 10:24 packages/quasi-monochrome-theme-20200415.705.tar
4.0K -rw-r--r-- 1 root root 1.2K Aug 17 10:24 packages/quasi-monochrome-theme-badge.svg
4.0K -rw-r--r-- 1 root root   46 Aug 17 10:24 packages/quasi-monochrome-theme-readme.txt
