Package: r-autoyas
Fetcher: github
Source:  https://github.com/mattfidler/r-autoyas.el.git

Updating /mnt/store/melpa/working/r-autoyas/
Checking out origin/HEAD
Checking out b4020ee7f5f895e0065b8b26da8a49c51432d530
Copying files (->) and directories (=>)
  from /mnt/store/melpa/working/r-autoyas/
  to /tmp/r-autoyasUrIN2v/r-autoyas-20140101.1510
    r-autoyas.el -> r-autoyas.el
    r-autoyas.texi -> r-autoyas.texi
Created /tmp/r-autoyasUrIN2v/r-autoyas-20140101.1510/r-autoyas.info
Created r-autoyas-20140101.1510.tar containing:
  r-autoyas-20140101.1510/
  r-autoyas-20140101.1510/dir
  r-autoyas-20140101.1510/r-autoyas-pkg.el
  r-autoyas-20140101.1510/r-autoyas.el
  r-autoyas-20140101.1510/r-autoyas.info
Built r-autoyas in 7.227s, finished at 2021-08-17T10:24:26+0000
 ✓ Success:
4.0K -rw-r--r-- 1 root root  430 Aug 17 10:24 packages/r-autoyas-20140101.1510.entry
 60K -rw-r--r-- 1 root root  60K Aug 17 10:24 packages/r-autoyas-20140101.1510.tar
4.0K -rw-r--r-- 1 root root 1.2K Aug 17 10:24 packages/r-autoyas-badge.svg
4.0K -rw-r--r-- 1 root root   71 Aug 17 10:24 packages/r-autoyas-readme.txt
