Package: rcirc-alert
Fetcher: github
Source:  https://github.com/csantosb/rcirc-alert.git

Updating /mnt/store/melpa/working/rcirc-alert/
Copying files (->) and directories (=>)
  from /mnt/store/melpa/working/rcirc-alert/
  to /tmp/rcirc-alertlDEmLM/rcirc-alert-20141127.1047
    rcirc-alert.el -> rcirc-alert.el
    xfrp_find_replace_pairs.el -> xfrp_find_replace_pairs.el
    rcirc-alert.sh -> rcirc-alert.sh
Created rcirc-alert-20141127.1047.tar containing:
  rcirc-alert-20141127.1047/
  rcirc-alert-20141127.1047/rcirc-alert-pkg.el
  rcirc-alert-20141127.1047/rcirc-alert.el
  rcirc-alert-20141127.1047/rcirc-alert.sh
  rcirc-alert-20141127.1047/xfrp_find_replace_pairs.el
Built rcirc-alert in 4.563s, finished at Wed May 19 03:59:42 2021
 ✓ Success:
4.0K -rw-r--r-- 1 root root  264 May 19 03:59 packages/rcirc-alert-20141127.1047.entry
 32K -rw-r--r-- 1 root root  30K May 19 03:59 packages/rcirc-alert-20141127.1047.tar
4.0K -rw-r--r-- 1 root root 1.2K May 19 03:59 packages/rcirc-alert-badge.svg
4.0K -rw-r--r-- 1 root root 1.4K May 19 03:59 packages/rcirc-alert-readme.txt
