Package: rdxmk
Fetcher: github
Source:  https://github.com/jsalzbergedu/rdxmk.git

Updating /mnt/store/melpa/working/rdxmk/
Copying files (->) and directories (=>)
  from /mnt/store/melpa/working/rdxmk/
  to /tmp/rdxmkr0E3xB/rdxmk-20170630.134
    rdxmk.el -> rdxmk.el
    dir -> dir
    rdxmk.info -> rdxmk.info
    fdl-1.3.texi -> fdl-1.3.texi
    rdxmkinfo.texi -> rdxmkinfo.texi
Created /tmp/rdxmkr0E3xB/rdxmk-20170630.134/fdl-1.3.info
Created /tmp/rdxmkr0E3xB/rdxmk-20170630.134/rdxmkinfo.info
Created rdxmk-20170630.134.tar containing:
  rdxmk-20170630.134/
  rdxmk-20170630.134/dir
  rdxmk-20170630.134/fdl-1.3.info
  rdxmk-20170630.134/rdxmk-pkg.el
  rdxmk-20170630.134/rdxmk.el
  rdxmk-20170630.134/rdxmk.info
  rdxmk-20170630.134/rdxmkinfo.info
Built rdxmk in 10.433s, finished at Wed May 19 03:59:53 2021
 ✓ Success:
4.0K -rw-r--r-- 1 root root  364 May 19 03:59 packages/rdxmk-20170630.134.entry
100K -rw-r--r-- 1 root root 100K May 19 03:59 packages/rdxmk-20170630.134.tar
4.0K -rw-r--r-- 1 root root 1.2K May 19 03:59 packages/rdxmk-badge.svg
4.0K -rw-r--r-- 1 root root 1.2K May 19 03:59 packages/rdxmk-readme.txt
