Package: react-snippets
Fetcher: github
Source:  https://github.com/johnmastro/react-snippets.el.git

Updating /mnt/store/melpa/working/react-snippets/
Copying files (->) and directories (=>)
  from /mnt/store/melpa/working/react-snippets/
  to /tmp/react-snippetsVWkSp0/react-snippets-20210430.1510
    react-snippets-pkg.el -> react-snippets-pkg.el
    react-snippets.el -> react-snippets.el
    snippets => snippets
Created react-snippets-20210430.1510.tar containing:
  react-snippets-20210430.1510/
  react-snippets-20210430.1510/react-snippets-pkg.el
  react-snippets-20210430.1510/react-snippets.el
  react-snippets-20210430.1510/snippets/
  react-snippets-20210430.1510/snippets/js-mode/
  react-snippets-20210430.1510/snippets/js-mode/cc.yasnippet
  react-snippets-20210430.1510/snippets/js-mode/cdm.yasnippet
  react-snippets-20210430.1510/snippets/js-mode/cdu.yasnippet
  react-snippets-20210430.1510/snippets/js-mode/cwm.yasnippet
  react-snippets-20210430.1510/snippets/js-mode/cwrp.yasnippet
  react-snippets-20210430.1510/snippets/js-mode/cwu.yasnippet
  react-snippets-20210430.1510/snippets/js-mode/cwum.yasnippet
  react-snippets-20210430.1510/snippets/js-mode/fc.yasnippet
  react-snippets-20210430.1510/snippets/js-mode/gdp.yasnippet
  react-snippets-20210430.1510/snippets/js-mode/gis.yasnippet
  react-snippets-20210430.1510/snippets/js-mode/r.yasnippet
  react-snippets-20210430.1510/snippets/js-mode/rcc.yasnippet
  react-snippets-20210430.1510/snippets/js-mode/rr.yasnippet
  react-snippets-20210430.1510/snippets/js-mode/scu.yasnippet
  react-snippets-20210430.1510/snippets/js-mode/sp.yasnippet
  react-snippets-20210430.1510/snippets/js-mode/ss.yasnippet
  react-snippets-20210430.1510/snippets/js2-mode/
  react-snippets-20210430.1510/snippets/js2-mode/.yas-parents
  react-snippets-20210430.1510/snippets/rjsx-mode/
  react-snippets-20210430.1510/snippets/rjsx-mode/.yas-parents
  react-snippets-20210430.1510/snippets/web-mode/
  react-snippets-20210430.1510/snippets/web-mode/.yas-parents
Built react-snippets in 4.451s, finished at Wed May 19 03:59:49 2021
 ✓ Success:
4.0K -rw-r--r-- 1 root root  310 May 19 03:59 packages/react-snippets-20210430.1510.entry
 32K -rw-r--r-- 1 root root  30K May 19 03:59 packages/react-snippets-20210430.1510.tar
4.0K -rw-r--r-- 1 root root 1.2K May 19 03:59 packages/react-snippets-badge.svg
4.0K -rw-r--r-- 1 root root   58 May 19 03:59 packages/react-snippets-readme.txt
