Package: realgud-rdb2
Fetcher: github
Source:  https://github.com/realgud/realgud-ruby-debugger2.git

Updating /mnt/store/melpa/working/realgud-rdb2/
Copying files (->) and directories (=>)
  from /mnt/store/melpa/working/realgud-rdb2/
  to /tmp/realgud-rdb2suOrnS/realgud-rdb2-20190520.1146
    realgud-rdb2.el -> realgud-rdb2.el
    rdb2/core.el -> rdb2/core.el
    rdb2/init.el -> rdb2/init.el
    rdb2/rdb2.el -> rdb2/rdb2.el
    rdb2/track-mode.el -> rdb2/track-mode.el
Created realgud-rdb2-20190520.1146.tar containing:
  realgud-rdb2-20190520.1146/
  realgud-rdb2-20190520.1146/rdb2/
  realgud-rdb2-20190520.1146/rdb2/core.el
  realgud-rdb2-20190520.1146/rdb2/init.el
  realgud-rdb2-20190520.1146/rdb2/rdb2.el
  realgud-rdb2-20190520.1146/rdb2/track-mode.el
  realgud-rdb2-20190520.1146/realgud-rdb2-pkg.el
  realgud-rdb2-20190520.1146/realgud-rdb2.el
Built realgud-rdb2 in 4.158s, finished at Wed May 19 04:00:00 2021
 ✓ Success:
4.0K -rw-r--r-- 1 root root  401 May 19 03:59 packages/realgud-rdb2-20190520.1146.entry
 32K -rw-r--r-- 1 root root  30K May 19 03:59 packages/realgud-rdb2-20190520.1146.tar
4.0K -rw-r--r-- 1 root root 1.2K May 19 04:00 packages/realgud-rdb2-badge.svg
4.0K -rw-r--r-- 1 root root   48 May 19 03:59 packages/realgud-rdb2-readme.txt
