Package: realgud-node-debug
Fetcher: github
Source:  https://github.com/realgud/realgud-node-debug.git

Updating /mnt/store/melpa/working/realgud-node-debug/
Checking out origin/HEAD
Checking out 72e786359ce9dace1796b0d81a00e9340e9c90ad
Copying files (->) and directories (=>)
  from /mnt/store/melpa/working/realgud-node-debug/
  to /tmp/realgud-node-debugmF7ADC/realgud-node-debug-20190525.1634
    realgud-node-debug.el -> realgud-node-debug.el
    realgud-node-debug/core.el -> realgud-node-debug/core.el
    realgud-node-debug/init.el -> realgud-node-debug/init.el
    realgud-node-debug/node-debug.el -> realgud-node-debug/node-debug.el
    realgud-node-debug/track-mode.el -> realgud-node-debug/track-mode.el
Created realgud-node-debug-20190525.1634.tar containing:
  realgud-node-debug-20190525.1634/
  realgud-node-debug-20190525.1634/realgud-node-debug-pkg.el
  realgud-node-debug-20190525.1634/realgud-node-debug.el
  realgud-node-debug-20190525.1634/realgud-node-debug/
  realgud-node-debug-20190525.1634/realgud-node-debug/core.el
  realgud-node-debug-20190525.1634/realgud-node-debug/init.el
  realgud-node-debug-20190525.1634/realgud-node-debug/node-debug.el
  realgud-node-debug-20190525.1634/realgud-node-debug/track-mode.el
Built realgud-node-debug in 4.494s, finished at 2021-08-17T10:25:03+0000
 ✓ Success:
4.0K -rw-r--r-- 1 root root  491 Aug 17 10:25 packages/realgud-node-debug-20190525.1634.entry
 32K -rw-r--r-- 1 root root  30K Aug 17 10:25 packages/realgud-node-debug-20190525.1634.tar
4.0K -rw-r--r-- 1 root root 1.2K Aug 17 10:25 packages/realgud-node-debug-badge.svg
4.0K -rw-r--r-- 1 root root  171 Aug 17 10:25 packages/realgud-node-debug-readme.txt
