Package: realgud-lldb
Fetcher: github
Source:  https://github.com/realgud/realgud-lldb.git

Updating /mnt/store/melpa/working/realgud-lldb/
Copying files (->) and directories (=>)
  from /mnt/store/melpa/working/realgud-lldb/
  to /tmp/realgud-lldbEeDhVG/realgud-lldb-20210417.1434
    cask-install.el -> cask-install.el
    realgud-lldb.el -> realgud-lldb.el
    lldb/core.el -> lldb/core.el
    lldb/init.el -> lldb/init.el
    lldb/lldb.el -> lldb/lldb.el
    lldb/track-mode.el -> lldb/track-mode.el
Created realgud-lldb-20210417.1434.tar containing:
  realgud-lldb-20210417.1434/
  realgud-lldb-20210417.1434/cask-install.el
  realgud-lldb-20210417.1434/lldb/
  realgud-lldb-20210417.1434/lldb/core.el
  realgud-lldb-20210417.1434/lldb/init.el
  realgud-lldb-20210417.1434/lldb/lldb.el
  realgud-lldb-20210417.1434/lldb/track-mode.el
  realgud-lldb-20210417.1434/realgud-lldb-pkg.el
  realgud-lldb-20210417.1434/realgud-lldb.el
Built realgud-lldb in 4.304s, finished at Wed May 19 03:59:57 2021
 ✓ Success:
4.0K -rw-r--r-- 1 root root  383 May 19 03:59 packages/realgud-lldb-20210417.1434.entry
 40K -rw-r--r-- 1 root root  40K May 19 03:59 packages/realgud-lldb-20210417.1434.tar
4.0K -rw-r--r-- 1 root root 1.2K May 19 03:59 packages/realgud-lldb-badge.svg
4.0K -rw-r--r-- 1 root root   72 May 19 03:59 packages/realgud-lldb-readme.txt
