Package: realgud-pry
Fetcher: github
Source:  https://github.com/realgud/realgud-pry.git

Updating /mnt/store/melpa/working/realgud-pry/
Copying files (->) and directories (=>)
  from /mnt/store/melpa/working/realgud-pry/
  to /tmp/realgud-pryd0qdQO/realgud-pry-20201011.1815
    realgud-pry.el -> realgud-pry.el
    pry/core.el -> pry/core.el
    pry/init.el -> pry/init.el
    pry/pry.el -> pry/pry.el
    pry/track-mode.el -> pry/track-mode.el
Created realgud-pry-20201011.1815.tar containing:
  realgud-pry-20201011.1815/
  realgud-pry-20201011.1815/pry/
  realgud-pry-20201011.1815/pry/core.el
  realgud-pry-20201011.1815/pry/init.el
  realgud-pry-20201011.1815/pry/pry.el
  realgud-pry-20201011.1815/pry/track-mode.el
  realgud-pry-20201011.1815/realgud-pry-pkg.el
  realgud-pry-20201011.1815/realgud-pry.el
Built realgud-pry in 3.999s, finished at Wed May 19 03:59:59 2021
 ✓ Success:
4.0K -rw-r--r-- 1 root root  405 May 19 03:59 packages/realgud-pry-20201011.1815.entry
 32K -rw-r--r-- 1 root root  30K May 19 03:59 packages/realgud-pry-20201011.1815.tar
4.0K -rw-r--r-- 1 root root 1.2K May 19 03:59 packages/realgud-pry-badge.svg
4.0K -rw-r--r-- 1 root root   42 May 19 03:59 packages/realgud-pry-readme.txt
