Package: realgud
Fetcher: github
Source:  https://github.com/realgud/realgud.git

Updating /mnt/store/melpa/working/realgud/
Checking out origin/HEAD
Checking out 7a70b27614c488be274898d0141ec82feb3a8d5a
Copying files (->) and directories (=>)
  from /mnt/store/melpa/working/realgud/
  to /tmp/realgudtQwrKK/realgud-20210522.2151
    realgud.el -> realgud.el
  ! realgud/.nosearch -> .nosearch
    realgud-recursive-autoloads.el -> realgud-recursive-autoloads.el
    realgud/common/attach.el -> realgud/common/attach.el
    realgud/common/backtrace-mode.el -> realgud/common/backtrace-mode.el
    realgud/common/backtrack-mode.el -> realgud/common/backtrack-mode.el
    realgud/common/bp-image-data.el -> realgud/common/bp-image-data.el
    realgud/common/bp.el -> realgud/common/bp.el
    realgud/common/breakpoint-mode.el -> realgud/common/breakpoint-mode.el
    realgud/common/cmds.el -> realgud/common/cmds.el
    realgud/common/core.el -> realgud/common/core.el
    realgud/common/custom.el -> realgud/common/custom.el
    realgud/common/eval.el -> realgud/common/eval.el
    realgud/common/file.el -> realgud/common/file.el
    realgud/common/follow.el -> realgud/common/follow.el
    realgud/common/fringe.el -> realgud/common/fringe.el
    realgud/common/helper.el -> realgud/common/helper.el
    realgud/common/init.el -> realgud/common/init.el
    realgud/common/key.el -> realgud/common/key.el
    realgud/common/lang.el -> realgud/common/lang.el
    realgud/common/loc.el -> realgud/common/loc.el
    realgud/common/locals-mode.el -> realgud/common/locals-mode.el
    realgud/common/lochist.el -> realgud/common/lochist.el
    realgud/common/menu.el -> realgud/common/menu.el
    realgud/common/regexp.el -> realgud/common/regexp.el
    realgud/common/reset.el -> realgud/common/reset.el
    realgud/common/run.el -> realgud/common/run.el
    realgud/common/send.el -> realgud/common/send.el
    realgud/common/shortkey.el -> realgud/common/shortkey.el
    realgud/common/track-mode.el -> realgud/common/track-mode.el
    realgud/common/track.el -> realgud/common/track.el
    realgud/common/utils.el -> realgud/common/utils.el
    realgud/common/window.el -> realgud/common/window.el
    realgud/common/buffer/backtrace.el -> realgud/common/buffer/backtrace.el
    realgud/common/buffer/breakpoint.el -> realgud/common/buffer/breakpoint.el
    realgud/common/buffer/command.el -> realgud/common/buffer/command.el
    realgud/common/buffer/helper.el -> realgud/common/buffer/helper.el
    realgud/common/buffer/info.el -> realgud/common/buffer/info.el
    realgud/common/buffer/locals.el -> realgud/common/buffer/locals.el
    realgud/common/buffer/source.el -> realgud/common/buffer/source.el
    realgud/debugger/bashdb/bashdb.el -> realgud/debugger/bashdb/bashdb.el
    realgud/debugger/bashdb/core.el -> realgud/debugger/bashdb/core.el
    realgud/debugger/bashdb/init.el -> realgud/debugger/bashdb/init.el
    realgud/debugger/bashdb/track-mode.el -> realgud/debugger/bashdb/track-mode.el
    realgud/debugger/gdb/core.el -> realgud/debugger/gdb/core.el
    realgud/debugger/gdb/gdb.el -> realgud/debugger/gdb/gdb.el
    realgud/debugger/gdb/init.el -> realgud/debugger/gdb/init.el
    realgud/debugger/gdb/track-mode.el -> realgud/debugger/gdb/track-mode.el
    realgud/debugger/gub/core.el -> realgud/debugger/gub/core.el
    realgud/debugger/gub/gub.el -> realgud/debugger/gub/gub.el
    realgud/debugger/gub/init.el -> realgud/debugger/gub/init.el
    realgud/debugger/gub/track-mode.el -> realgud/debugger/gub/track-mode.el
    realgud/debugger/kshdb/core.el -> realgud/debugger/kshdb/core.el
    realgud/debugger/kshdb/init.el -> realgud/debugger/kshdb/init.el
    realgud/debugger/kshdb/kshdb.el -> realgud/debugger/kshdb/kshdb.el
    realgud/debugger/kshdb/track-mode.el -> realgud/debugger/kshdb/track-mode.el
    realgud/debugger/pdb/core.el -> realgud/debugger/pdb/core.el
    realgud/debugger/pdb/init.el -> realgud/debugger/pdb/init.el
    realgud/debugger/pdb/pdb.el -> realgud/debugger/pdb/pdb.el
    realgud/debugger/pdb/track-mode.el -> realgud/debugger/pdb/track-mode.el
    realgud/debugger/perldb/core.el -> realgud/debugger/perldb/core.el
    realgud/debugger/perldb/init.el -> realgud/debugger/perldb/init.el
    realgud/debugger/perldb/perldb.el -> realgud/debugger/perldb/perldb.el
    realgud/debugger/perldb/track-mode.el -> realgud/debugger/perldb/track-mode.el
    realgud/debugger/rdebug/core.el -> realgud/debugger/rdebug/core.el
    realgud/debugger/rdebug/init.el -> realgud/debugger/rdebug/init.el
    realgud/debugger/rdebug/rdebug.el -> realgud/debugger/rdebug/rdebug.el
    realgud/debugger/rdebug/track-mode.el -> realgud/debugger/rdebug/track-mode.el
    realgud/debugger/remake/core.el -> realgud/debugger/remake/core.el
    realgud/debugger/remake/init.el -> realgud/debugger/remake/init.el
    realgud/debugger/remake/remake.el -> realgud/debugger/remake/remake.el
    realgud/debugger/remake/track-mode.el -> realgud/debugger/remake/track-mode.el
    realgud/debugger/trepan/backtrack-mode.el -> realgud/debugger/trepan/backtrack-mode.el
    realgud/debugger/trepan/core.el -> realgud/debugger/trepan/core.el
    realgud/debugger/trepan/init.el -> realgud/debugger/trepan/init.el
    realgud/debugger/trepan/track-mode.el -> realgud/debugger/trepan/track-mode.el
    realgud/debugger/trepan/trepan.el -> realgud/debugger/trepan/trepan.el
    realgud/debugger/trepan.pl/backtrack-mode.el -> realgud/debugger/trepan.pl/backtrack-mode.el
    realgud/debugger/trepan.pl/core.el -> realgud/debugger/trepan.pl/core.el
    realgud/debugger/trepan.pl/init.el -> realgud/debugger/trepan.pl/init.el
    realgud/debugger/trepan.pl/track-mode.el -> realgud/debugger/trepan.pl/track-mode.el
    realgud/debugger/trepan.pl/trepanpl.el -> realgud/debugger/trepan.pl/trepanpl.el
    realgud/debugger/trepan2/core.el -> realgud/debugger/trepan2/core.el
    realgud/debugger/trepan2/init.el -> realgud/debugger/trepan2/init.el
    realgud/debugger/trepan2/track-mode.el -> realgud/debugger/trepan2/track-mode.el
    realgud/debugger/trepan2/trepan2.el -> realgud/debugger/trepan2/trepan2.el
    realgud/debugger/trepan3k/core.el -> realgud/debugger/trepan3k/core.el
    realgud/debugger/trepan3k/init.el -> realgud/debugger/trepan3k/init.el
    realgud/debugger/trepan3k/track-mode.el -> realgud/debugger/trepan3k/track-mode.el
    realgud/debugger/trepan3k/trepan3k.el -> realgud/debugger/trepan3k/trepan3k.el
    realgud/debugger/trepanjs/backtrack-mode.el -> realgud/debugger/trepanjs/backtrack-mode.el
    realgud/debugger/trepanjs/core.el -> realgud/debugger/trepanjs/core.el
    realgud/debugger/trepanjs/init.el -> realgud/debugger/trepanjs/init.el
    realgud/debugger/trepanjs/track-mode.el -> realgud/debugger/trepanjs/track-mode.el
    realgud/debugger/trepanjs/trepanjs.el -> realgud/debugger/trepanjs/trepanjs.el
    realgud/debugger/zshdb/core.el -> realgud/debugger/zshdb/core.el
    realgud/debugger/zshdb/init.el -> realgud/debugger/zshdb/init.el
    realgud/debugger/zshdb/track-mode.el -> realgud/debugger/zshdb/track-mode.el
    realgud/debugger/zshdb/zshdb.el -> realgud/debugger/zshdb/zshdb.el
    realgud/lang/java.el -> realgud/lang/java.el
    realgud/lang/js.el -> realgud/lang/js.el
    realgud/lang/perl.el -> realgud/lang/perl.el
    realgud/lang/posix-shell.el -> realgud/lang/posix-shell.el
    realgud/lang/python.el -> realgud/lang/python.el
    realgud/lang/ruby.el -> realgud/lang/ruby.el
Created realgud-20210522.2151.tar containing:
  realgud-20210522.2151/
  realgud-20210522.2151/.nosearch
  realgud-20210522.2151/realgud-pkg.el
  realgud-20210522.2151/realgud-recursive-autoloads.el
  realgud-20210522.2151/realgud.el
  realgud-20210522.2151/realgud/
  realgud-20210522.2151/realgud/common/
  realgud-20210522.2151/realgud/common/attach.el
  realgud-20210522.2151/realgud/common/backtrace-mode.el
  realgud-20210522.2151/realgud/common/backtrack-mode.el
  realgud-20210522.2151/realgud/common/bp-image-data.el
  realgud-20210522.2151/realgud/common/bp.el
  realgud-20210522.2151/realgud/common/breakpoint-mode.el
  realgud-20210522.2151/realgud/common/buffer/
  realgud-20210522.2151/realgud/common/buffer/backtrace.el
  realgud-20210522.2151/realgud/common/buffer/breakpoint.el
  realgud-20210522.2151/realgud/common/buffer/command.el
  realgud-20210522.2151/realgud/common/buffer/helper.el
  realgud-20210522.2151/realgud/common/buffer/info.el
  realgud-20210522.2151/realgud/common/buffer/locals.el
  realgud-20210522.2151/realgud/common/buffer/source.el
  realgud-20210522.2151/realgud/common/cmds.el
  realgud-20210522.2151/realgud/common/core.el
  realgud-20210522.2151/realgud/common/custom.el
  realgud-20210522.2151/realgud/common/eval.el
  realgud-20210522.2151/realgud/common/file.el
  realgud-20210522.2151/realgud/common/follow.el
  realgud-20210522.2151/realgud/common/fringe.el
  realgud-20210522.2151/realgud/common/helper.el
  realgud-20210522.2151/realgud/common/init.el
  realgud-20210522.2151/realgud/common/key.el
  realgud-20210522.2151/realgud/common/lang.el
  realgud-20210522.2151/realgud/common/loc.el
  realgud-20210522.2151/realgud/common/locals-mode.el
  realgud-20210522.2151/realgud/common/lochist.el
  realgud-20210522.2151/realgud/common/menu.el
  realgud-20210522.2151/realgud/common/regexp.el
  realgud-20210522.2151/realgud/common/reset.el
  realgud-20210522.2151/realgud/common/run.el
  realgud-20210522.2151/realgud/common/send.el
  realgud-20210522.2151/realgud/common/shortkey.el
  realgud-20210522.2151/realgud/common/track-mode.el
  realgud-20210522.2151/realgud/common/track.el
  realgud-20210522.2151/realgud/common/utils.el
  realgud-20210522.2151/realgud/common/window.el
  realgud-20210522.2151/realgud/debugger/
  realgud-20210522.2151/realgud/debugger/bashdb/
  realgud-20210522.2151/realgud/debugger/bashdb/bashdb.el
  realgud-20210522.2151/realgud/debugger/bashdb/core.el
  realgud-20210522.2151/realgud/debugger/bashdb/init.el
  realgud-20210522.2151/realgud/debugger/bashdb/track-mode.el
  realgud-20210522.2151/realgud/debugger/gdb/
  realgud-20210522.2151/realgud/debugger/gdb/core.el
  realgud-20210522.2151/realgud/debugger/gdb/gdb.el
  realgud-20210522.2151/realgud/debugger/gdb/init.el
  realgud-20210522.2151/realgud/debugger/gdb/track-mode.el
  realgud-20210522.2151/realgud/debugger/gub/
  realgud-20210522.2151/realgud/debugger/gub/core.el
  realgud-20210522.2151/realgud/debugger/gub/gub.el
  realgud-20210522.2151/realgud/debugger/gub/init.el
  realgud-20210522.2151/realgud/debugger/gub/track-mode.el
  realgud-20210522.2151/realgud/debugger/kshdb/
  realgud-20210522.2151/realgud/debugger/kshdb/core.el
  realgud-20210522.2151/realgud/debugger/kshdb/init.el
  realgud-20210522.2151/realgud/debugger/kshdb/kshdb.el
  realgud-20210522.2151/realgud/debugger/kshdb/track-mode.el
  realgud-20210522.2151/realgud/debugger/pdb/
  realgud-20210522.2151/realgud/debugger/pdb/core.el
  realgud-20210522.2151/realgud/debugger/pdb/init.el
  realgud-20210522.2151/realgud/debugger/pdb/pdb.el
  realgud-20210522.2151/realgud/debugger/pdb/track-mode.el
  realgud-20210522.2151/realgud/debugger/perldb/
  realgud-20210522.2151/realgud/debugger/perldb/core.el
  realgud-20210522.2151/realgud/debugger/perldb/init.el
  realgud-20210522.2151/realgud/debugger/perldb/perldb.el
  realgud-20210522.2151/realgud/debugger/perldb/track-mode.el
  realgud-20210522.2151/realgud/debugger/rdebug/
  realgud-20210522.2151/realgud/debugger/rdebug/core.el
  realgud-20210522.2151/realgud/debugger/rdebug/init.el
  realgud-20210522.2151/realgud/debugger/rdebug/rdebug.el
  realgud-20210522.2151/realgud/debugger/rdebug/track-mode.el
  realgud-20210522.2151/realgud/debugger/remake/
  realgud-20210522.2151/realgud/debugger/remake/core.el
  realgud-20210522.2151/realgud/debugger/remake/init.el
  realgud-20210522.2151/realgud/debugger/remake/remake.el
  realgud-20210522.2151/realgud/debugger/remake/track-mode.el
  realgud-20210522.2151/realgud/debugger/trepan.pl/
  realgud-20210522.2151/realgud/debugger/trepan.pl/backtrack-mode.el
  realgud-20210522.2151/realgud/debugger/trepan.pl/core.el
  realgud-20210522.2151/realgud/debugger/trepan.pl/init.el
  realgud-20210522.2151/realgud/debugger/trepan.pl/track-mode.el
  realgud-20210522.2151/realgud/debugger/trepan.pl/trepanpl.el
  realgud-20210522.2151/realgud/debugger/trepan/
  realgud-20210522.2151/realgud/debugger/trepan/backtrack-mode.el
  realgud-20210522.2151/realgud/debugger/trepan/core.el
  realgud-20210522.2151/realgud/debugger/trepan/init.el
  realgud-20210522.2151/realgud/debugger/trepan/track-mode.el
  realgud-20210522.2151/realgud/debugger/trepan/trepan.el
  realgud-20210522.2151/realgud/debugger/trepan2/
  realgud-20210522.2151/realgud/debugger/trepan2/core.el
  realgud-20210522.2151/realgud/debugger/trepan2/init.el
  realgud-20210522.2151/realgud/debugger/trepan2/track-mode.el
  realgud-20210522.2151/realgud/debugger/trepan2/trepan2.el
  realgud-20210522.2151/realgud/debugger/trepan3k/
  realgud-20210522.2151/realgud/debugger/trepan3k/core.el
  realgud-20210522.2151/realgud/debugger/trepan3k/init.el
  realgud-20210522.2151/realgud/debugger/trepan3k/track-mode.el
  realgud-20210522.2151/realgud/debugger/trepan3k/trepan3k.el
  realgud-20210522.2151/realgud/debugger/trepanjs/
  realgud-20210522.2151/realgud/debugger/trepanjs/backtrack-mode.el
  realgud-20210522.2151/realgud/debugger/trepanjs/core.el
  realgud-20210522.2151/realgud/debugger/trepanjs/init.el
  realgud-20210522.2151/realgud/debugger/trepanjs/track-mode.el
  realgud-20210522.2151/realgud/debugger/trepanjs/trepanjs.el
  realgud-20210522.2151/realgud/debugger/zshdb/
  realgud-20210522.2151/realgud/debugger/zshdb/core.el
  realgud-20210522.2151/realgud/debugger/zshdb/init.el
  realgud-20210522.2151/realgud/debugger/zshdb/track-mode.el
  realgud-20210522.2151/realgud/debugger/zshdb/zshdb.el
  realgud-20210522.2151/realgud/lang/
  realgud-20210522.2151/realgud/lang/java.el
  realgud-20210522.2151/realgud/lang/js.el
  realgud-20210522.2151/realgud/lang/perl.el
  realgud-20210522.2151/realgud/lang/posix-shell.el
  realgud-20210522.2151/realgud/lang/python.el
  realgud-20210522.2151/realgud/lang/ruby.el
Built realgud in 5.646s, finished at 2021-08-17T10:24:58+0000
 ✓ Success:
4.0K -rw-r--r-- 1 root root  557 Aug 17 10:24 packages/realgud-20210522.2151.entry
760K -rw-r--r-- 1 root root 760K Aug 17 10:24 packages/realgud-20210522.2151.tar
4.0K -rw-r--r-- 1 root root 1.2K Aug 17 10:24 packages/realgud-badge.svg
4.0K -rw-r--r-- 1 root root  389 Aug 17 10:24 packages/realgud-byebug-20190520.1140.entry
 32K -rw-r--r-- 1 root root  30K Aug 17 10:24 packages/realgud-byebug-20190520.1140.tar
4.0K -rw-r--r-- 1 root root 1.2K Aug 17 10:24 packages/realgud-byebug-badge.svg
4.0K -rw-r--r-- 1 root root  223 Aug 17 10:24 packages/realgud-byebug-readme.txt
4.0K -rw-r--r-- 1 root root 1.4K Aug 17 10:24 packages/realgud-byebug.log
4.0K -rw-r--r-- 1 root root  384 Aug 17 06:54 packages/realgud-ipdb-20200722.1116.entry
 40K -rw-r--r-- 1 root root  40K Aug 17 06:54 packages/realgud-ipdb-20200722.1116.tar
4.0K -rw-r--r-- 1 root root 1.2K Aug 17 06:54 packages/realgud-ipdb-badge.svg
4.0K -rw-r--r-- 1 root root   71 Aug 17 06:54 packages/realgud-ipdb-readme.txt
4.0K -rw-r--r-- 1 root root  140 Aug 17 10:24 packages/realgud-ipdb.log
4.0K -rw-r--r-- 1 root root  421 Aug 17 06:54 packages/realgud-jdb-20200722.1120.entry
 40K -rw-r--r-- 1 root root  40K Aug 17 06:54 packages/realgud-jdb-20200722.1120.tar
4.0K -rw-r--r-- 1 root root 1.2K Aug 17 06:54 packages/realgud-jdb-badge.svg
4.0K -rw-r--r-- 1 root root  129 Aug 17 06:54 packages/realgud-jdb-readme.txt
4.0K -rw-r--r-- 1 root root  137 Aug 17 10:24 packages/realgud-jdb.log
4.0K -rw-r--r-- 1 root root  383 Aug 17 06:54 packages/realgud-lldb-20210417.1434.entry
 40K -rw-r--r-- 1 root root  40K Aug 17 06:54 packages/realgud-lldb-20210417.1434.tar
4.0K -rw-r--r-- 1 root root 1.2K Aug 17 06:54 packages/realgud-lldb-badge.svg
4.0K -rw-r--r-- 1 root root   72 Aug 17 06:54 packages/realgud-lldb-readme.txt
4.0K -rw-r--r-- 1 root root  140 Aug 17 10:24 packages/realgud-lldb.log
4.0K -rw-r--r-- 1 root root  491 Aug 17 06:54 packages/realgud-node-debug-20190525.1634.entry
 32K -rw-r--r-- 1 root root  30K Aug 17 06:54 packages/realgud-node-debug-20190525.1634.tar
4.0K -rw-r--r-- 1 root root 1.2K Aug 17 06:54 packages/realgud-node-debug-badge.svg
4.0K -rw-r--r-- 1 root root  171 Aug 17 06:54 packages/realgud-node-debug-readme.txt
   0 -rw-r--r-- 1 root root    0 Aug 17 10:24 packages/realgud-node-debug.log
4.0K -rw-r--r-- 1 root root  450 Aug 17 06:54 packages/realgud-node-inspect-20190523.1251.entry
 32K -rw-r--r-- 1 root root  30K Aug 17 06:54 packages/realgud-node-inspect-20190523.1251.tar
4.0K -rw-r--r-- 1 root root 1.2K Aug 17 06:54 packages/realgud-node-inspect-badge.svg
4.0K -rw-r--r-- 1 root root  243 Aug 17 06:54 packages/realgud-node-inspect-readme.txt
   0 -rw-r--r-- 1 root root    0 Aug 17 10:24 packages/realgud-node-inspect.log
4.0K -rw-r--r-- 1 root root  413 Aug 17 06:54 packages/realgud-old-debuggers-20190520.1150.entry
 80K -rw-r--r-- 1 root root  80K Aug 17 06:54 packages/realgud-old-debuggers-20190520.1150.tar
4.0K -rw-r--r-- 1 root root 1.2K Aug 17 06:54 packages/realgud-old-debuggers-badge.svg
4.0K -rw-r--r-- 1 root root   44 Aug 17 06:54 packages/realgud-old-debuggers-readme.txt
   0 -rw-r--r-- 1 root root    0 Aug 17 10:24 packages/realgud-old-debuggers.log
4.0K -rw-r--r-- 1 root root  405 Aug 17 06:54 packages/realgud-pry-20201011.1815.entry
 32K -rw-r--r-- 1 root root  30K Aug 17 06:54 packages/realgud-pry-20201011.1815.tar
4.0K -rw-r--r-- 1 root root 1.2K Aug 17 06:54 packages/realgud-pry-badge.svg
4.0K -rw-r--r-- 1 root root   42 Aug 17 06:54 packages/realgud-pry-readme.txt
   0 -rw-r--r-- 1 root root    0 Aug 17 10:24 packages/realgud-pry.log
4.0K -rw-r--r-- 1 root root  401 Aug 17 06:54 packages/realgud-rdb2-20190520.1146.entry
 32K -rw-r--r-- 1 root root  30K Aug 17 06:54 packages/realgud-rdb2-20190520.1146.tar
4.0K -rw-r--r-- 1 root root 1.2K Aug 17 06:54 packages/realgud-rdb2-badge.svg
4.0K -rw-r--r-- 1 root root   48 Aug 17 06:54 packages/realgud-rdb2-readme.txt
4.0K -rw-r--r-- 1 root root 1.4K Aug 17 06:54 packages/realgud-rdb2.log
4.0K -rw-r--r-- 1 root root 2.1K Aug 17 10:24 packages/realgud-readme.txt
4.0K -rw-r--r-- 1 root root  434 Aug 17 06:54 packages/realgud-trepan-ni-20210513.2237.entry
 32K -rw-r--r-- 1 root root  30K Aug 17 06:54 packages/realgud-trepan-ni-20210513.2237.tar
4.0K -rw-r--r-- 1 root root 1.2K Aug 17 06:54 packages/realgud-trepan-ni-badge.svg
4.0K -rw-r--r-- 1 root root  187 Aug 17 06:54 packages/realgud-trepan-ni-readme.txt
4.0K -rw-r--r-- 1 root root 1.6K Aug 17 06:54 packages/realgud-trepan-ni.log
