Package: realgud-old-debuggers
Fetcher: github
Source:  https://github.com/realgud/realgud-old-debuggers.git

Updating /mnt/store/melpa/working/realgud-old-debuggers/
Copying files (->) and directories (=>)
  from /mnt/store/melpa/working/realgud-old-debuggers/
  to /tmp/realgud-old-debuggers0otK9d/realgud-old-debuggers-20190520.1150
    realgud-old-debuggers.el -> realgud-old-debuggers.el
    pydb/core.el -> pydb/core.el
    pydb/init.el -> pydb/init.el
    pydb/pydb.el -> pydb/pydb.el
    pydb/track-mode.el -> pydb/track-mode.el
    pydbgr/core.el -> pydbgr/core.el
    pydbgr/init.el -> pydbgr/init.el
    pydbgr/pydbgr.el -> pydbgr/pydbgr.el
    pydbgr/track-mode.el -> pydbgr/track-mode.el
    trepan8/core.el -> trepan8/core.el
    trepan8/init.el -> trepan8/init.el
    trepan8/track-mode.el -> trepan8/track-mode.el
    trepan8/trepan8.el -> trepan8/trepan8.el
    trepanx/core.el -> trepanx/core.el
    trepanx/init.el -> trepanx/init.el
    trepanx/track-mode.el -> trepanx/track-mode.el
    trepanx/trepanx.el -> trepanx/trepanx.el
Created realgud-old-debuggers-20190520.1150.tar containing:
  realgud-old-debuggers-20190520.1150/
  realgud-old-debuggers-20190520.1150/pydb/
  realgud-old-debuggers-20190520.1150/pydb/core.el
  realgud-old-debuggers-20190520.1150/pydb/init.el
  realgud-old-debuggers-20190520.1150/pydb/pydb.el
  realgud-old-debuggers-20190520.1150/pydb/track-mode.el
  realgud-old-debuggers-20190520.1150/pydbgr/
  realgud-old-debuggers-20190520.1150/pydbgr/core.el
  realgud-old-debuggers-20190520.1150/pydbgr/init.el
  realgud-old-debuggers-20190520.1150/pydbgr/pydbgr.el
  realgud-old-debuggers-20190520.1150/pydbgr/track-mode.el
  realgud-old-debuggers-20190520.1150/realgud-old-debuggers-pkg.el
  realgud-old-debuggers-20190520.1150/realgud-old-debuggers.el
  realgud-old-debuggers-20190520.1150/trepan8/
  realgud-old-debuggers-20190520.1150/trepan8/core.el
  realgud-old-debuggers-20190520.1150/trepan8/init.el
  realgud-old-debuggers-20190520.1150/trepan8/track-mode.el
  realgud-old-debuggers-20190520.1150/trepan8/trepan8.el
  realgud-old-debuggers-20190520.1150/trepanx/
  realgud-old-debuggers-20190520.1150/trepanx/core.el
  realgud-old-debuggers-20190520.1150/trepanx/init.el
  realgud-old-debuggers-20190520.1150/trepanx/track-mode.el
  realgud-old-debuggers-20190520.1150/trepanx/trepanx.el
Built realgud-old-debuggers in 4.545s, finished at Wed May 19 03:59:59 2021
 ✓ Success:
4.0K -rw-r--r-- 1 root root  413 May 19 03:59 packages/realgud-old-debuggers-20190520.1150.entry
 80K -rw-r--r-- 1 root root  80K May 19 03:59 packages/realgud-old-debuggers-20190520.1150.tar
4.0K -rw-r--r-- 1 root root 1.2K May 19 03:59 packages/realgud-old-debuggers-badge.svg
4.0K -rw-r--r-- 1 root root   44 May 19 03:59 packages/realgud-old-debuggers-readme.txt
