Package: reason-mode
Fetcher: github
Source:  https://github.com/reasonml-editor/reason-mode.git

Updating /mnt/store/melpa/working/reason-mode/
Copying files (->) and directories (=>)
  from /mnt/store/melpa/working/reason-mode/
  to /tmp/reason-mode1i3xGa/reason-mode-20200929.1606
    reason-indent.el -> reason-indent.el
    reason-interaction.el -> reason-interaction.el
    reason-mode.el -> reason-mode.el
    refmt.el -> refmt.el
Created reason-mode-20200929.1606.tar containing:
  reason-mode-20200929.1606/
  reason-mode-20200929.1606/reason-indent.el
  reason-mode-20200929.1606/reason-interaction.el
  reason-mode-20200929.1606/reason-mode-pkg.el
  reason-mode-20200929.1606/reason-mode.el
  reason-mode-20200929.1606/refmt.el
Built reason-mode in 4.987s, finished at Wed May 19 04:00:05 2021
 ✓ Success:
4.0K -rw-r--r-- 1 root root  348 May 19 04:00 packages/reason-mode-20200929.1606.entry
 52K -rw-r--r-- 1 root root  50K May 19 04:00 packages/reason-mode-20200929.1606.tar
4.0K -rw-r--r-- 1 root root 1.2K May 19 04:00 packages/reason-mode-badge.svg
4.0K -rw-r--r-- 1 root root  460 May 19 04:00 packages/reason-mode-readme.txt
