Package: reazon
Fetcher: github
Source:  https://github.com/nickdrozd/reazon.git

Updating /mnt/store/melpa/working/reazon/
Copying files (->) and directories (=>)
  from /mnt/store/melpa/working/reazon/
  to /tmp/reazonZHOpie/reazon-20180921.1437
    reazon-perf.el -> reazon-perf.el
    reazon-sudoku.el -> reazon-sudoku.el
    reazon.el -> reazon.el
Created reazon-20180921.1437.tar containing:
  reazon-20180921.1437/
  reazon-20180921.1437/reazon-perf.el
  reazon-20180921.1437/reazon-pkg.el
  reazon-20180921.1437/reazon-sudoku.el
  reazon-20180921.1437/reazon.el
Built reazon in 4.379s, finished at Wed May 19 04:00:06 2021
 ✓ Success:
4.0K -rw-r--r-- 1 root root  355 May 19 04:00 packages/reazon-20180921.1437.entry
 32K -rw-r--r-- 1 root root  30K May 19 04:00 packages/reazon-20180921.1437.tar
4.0K -rw-r--r-- 1 root root 1.2K May 19 04:00 packages/reazon-badge.svg
4.0K -rw-r--r-- 1 root root  364 May 19 04:00 packages/reazon-readme.txt
