Package: recover-buffers
Fetcher: github
Source:  https://github.com/tripleee/recover-buffers.git

Updating /mnt/store/melpa/working/recover-buffers/
Checking out origin/HEAD
Checking out 81a5cb53099955ebc2a411a44cba5a394ee3f2d1
Copying files (->) and directories (=>)
  from /mnt/store/melpa/working/recover-buffers/
  to /tmp/recover-buffersZ0BTZw/recover-buffers-20171009.437
    50recover-buffers.el -> 50recover-buffers.el
    recover-buffers.el -> recover-buffers.el
Created recover-buffers-20171009.437.tar containing:
  recover-buffers-20171009.437/
  recover-buffers-20171009.437/50recover-buffers.el
  recover-buffers-20171009.437/recover-buffers-pkg.el
  recover-buffers-20171009.437/recover-buffers.el
Built recover-buffers in 4.442s, finished at 2021-08-17T10:25:16+0000
 ✓ Success:
4.0K -rw-r--r-- 1 root root  279 Aug 17 10:25 packages/recover-buffers-20171009.437.entry
 12K -rw-r--r-- 1 root root  10K Aug 17 10:25 packages/recover-buffers-20171009.437.tar
4.0K -rw-r--r-- 1 root root 1.2K Aug 17 10:25 packages/recover-buffers-badge.svg
4.0K -rw-r--r-- 1 root root  451 Aug 17 10:25 packages/recover-buffers-readme.txt
