Package: redtick
Fetcher: github
Source:  https://github.com/ferfebles/redtick.git

Updating /mnt/store/melpa/working/redtick/
Checking out origin/HEAD
Checking out 94b4cd43ac20c64dcac96edac2c1a3b9fcc59bb9
Copying files (->) and directories (=>)
  from /mnt/store/melpa/working/redtick/
  to /tmp/redtickQSVq6j/redtick-20180424.2136
    redtick.el -> redtick.el
    resources => resources
Created redtick-20180424.2136.tar containing:
  redtick-20180424.2136/
  redtick-20180424.2136/redtick-pkg.el
  redtick-20180424.2136/redtick.el
  redtick-20180424.2136/resources/
  redtick-20180424.2136/resources/end-rest.mp3
  redtick-20180424.2136/resources/rest.wav
  redtick-20180424.2136/resources/work.wav
Built redtick in 4.564s, finished at 2021-08-17T10:25:25+0000
 ✓ Success:
4.0K -rw-r--r-- 1 root root  301 Aug 17 10:25 packages/redtick-20180424.2136.entry
532K -rw-r--r-- 1 root root 530K Aug 17 10:25 packages/redtick-20180424.2136.tar
4.0K -rw-r--r-- 1 root root 1.2K Aug 17 10:25 packages/redtick-badge.svg
4.0K -rw-r--r-- 1 root root  718 Aug 17 10:25 packages/redtick-readme.txt
