Package: remark-mode
Fetcher: github
Source:  https://github.com/torgeir/remark-mode.el.git

Updating /mnt/store/melpa/working/remark-mode/
Checking out origin/HEAD
Checking out 9f15285445fdb53e720ffe72f5cf05231d340906
Copying files (->) and directories (=>)
  from /mnt/store/melpa/working/remark-mode/
  to /tmp/remark-modeRwhhPl/remark-mode-20210504.1238
    remark-mode.el -> remark-mode.el
    remark.html -> remark.html
    server.js -> server.js
Created remark-mode-20210504.1238.tar containing:
  remark-mode-20210504.1238/
  remark-mode-20210504.1238/remark-mode-pkg.el
  remark-mode-20210504.1238/remark-mode.el
  remark-mode-20210504.1238/remark.html
  remark-mode-20210504.1238/server.js
Built remark-mode in 4.254s, finished at 2021-08-17T10:25:38+0000
 ✓ Success:
4.0K -rw-r--r-- 1 root root  348 Aug 17 10:25 packages/remark-mode-20210504.1238.entry
 32K -rw-r--r-- 1 root root  30K Aug 17 10:25 packages/remark-mode-20210504.1238.tar
4.0K -rw-r--r-- 1 root root 1.2K Aug 17 10:25 packages/remark-mode-badge.svg
4.0K -rw-r--r-- 1 root root  112 Aug 17 10:25 packages/remark-mode-readme.txt
