Package: repeatable-motion
Fetcher: github
Source:  https://github.com/willghatch/emacs-repeatable-motion.git

Updating /mnt/store/melpa/working/repeatable-motion/
Copying files (->) and directories (=>)
  from /mnt/store/melpa/working/repeatable-motion/
  to /tmp/repeatable-motiondQ4hb6/repeatable-motion-20170620.1848
    repeatable-motion-common-motions.el -> repeatable-motion-common-motions.el
    repeatable-motion.el -> repeatable-motion.el
Created repeatable-motion-20170620.1848.tar containing:
  repeatable-motion-20170620.1848/
  repeatable-motion-20170620.1848/repeatable-motion-common-motions.el
  repeatable-motion-20170620.1848/repeatable-motion-pkg.el
  repeatable-motion-20170620.1848/repeatable-motion.el
Built repeatable-motion in 3.850s, finished at Wed May 19 04:00:36 2021
 ✓ Success:
4.0K -rw-r--r-- 1 root root  429 May 19 04:00 packages/repeatable-motion-20170620.1848.entry
 20K -rw-r--r-- 1 root root  20K May 19 04:00 packages/repeatable-motion-20170620.1848.tar
4.0K -rw-r--r-- 1 root root 1.2K May 19 04:00 packages/repeatable-motion-badge.svg
4.0K -rw-r--r-- 1 root root  279 May 19 04:00 packages/repeatable-motion-readme.txt
