Package: req-package
Fetcher: gitlab
Source:  https://gitlab.com/edvorg/req-package.git

Updating /mnt/store/melpa/working/req-package/
Copying files (->) and directories (=>)
  from /mnt/store/melpa/working/req-package/
  to /tmp/req-packageNsacF0/req-package-20180122.500
    req-package-args.el -> req-package-args.el
    req-package-cycles.el -> req-package-cycles.el
    req-package-hooks.el -> req-package-hooks.el
    req-package.el -> req-package.el
Created req-package-20180122.500.tar containing:
  req-package-20180122.500/
  req-package-20180122.500/req-package-args.el
  req-package-20180122.500/req-package-cycles.el
  req-package-20180122.500/req-package-hooks.el
  req-package-20180122.500/req-package-pkg.el
  req-package-20180122.500/req-package.el
Built req-package in 4.052s, finished at Wed May 19 04:00:43 2021
 ✓ Success:
4.0K -rw-r--r-- 1 root root  529 May 19 04:00 packages/req-package-20180122.500.entry
 32K -rw-r--r-- 1 root root  30K May 19 04:00 packages/req-package-20180122.500.tar
4.0K -rw-r--r-- 1 root root 1.2K May 19 04:00 packages/req-package-badge.svg
8.0K -rw-r--r-- 1 root root 7.1K May 19 04:00 packages/req-package-readme.txt
