Package: rescript-mode
Fetcher: github
Source:  https://github.com/jjlee/rescript-mode.git

Updating /mnt/store/melpa/working/rescript-mode/
Checking out origin/HEAD
Checking out 964a62f907bf786cec6a60719d17244b2958ac62
Copying files (->) and directories (=>)
  from /mnt/store/melpa/working/rescript-mode/
  to /tmp/rescript-modedeeQfi/rescript-mode-20210506.2101
    rescript-indent.el -> rescript-indent.el
    rescript-mode.el -> rescript-mode.el
Created rescript-mode-20210506.2101.tar containing:
  rescript-mode-20210506.2101/
  rescript-mode-20210506.2101/rescript-indent.el
  rescript-mode-20210506.2101/rescript-mode-pkg.el
  rescript-mode-20210506.2101/rescript-mode.el
Built rescript-mode in 4.412s, finished at 2021-08-17T10:25:53+0000
 ✓ Success:
4.0K -rw-r--r-- 1 root root  456 Aug 17 10:25 packages/rescript-mode-20210506.2101.entry
 40K -rw-r--r-- 1 root root  40K Aug 17 10:25 packages/rescript-mode-20210506.2101.tar
4.0K -rw-r--r-- 1 root root 1.2K Aug 17 10:25 packages/rescript-mode-badge.svg
4.0K -rw-r--r-- 1 root root  268 Aug 17 10:25 packages/rescript-mode-readme.txt
