Package: rg
Fetcher: github
Source:  https://github.com/dajva/rg.el.git

Updating /mnt/store/melpa/working/rg/
Checking out origin/HEAD
Checking out 0fa6d33d2f3123aecd0b0dbc5fa3d884edf10a92
Copying files (->) and directories (=>)
  from /mnt/store/melpa/working/rg/
  to /tmp/rgjnyehg/rg-20210625.939
    rg-header.el -> rg-header.el
    rg-history.el -> rg-history.el
    rg-ibuffer.el -> rg-ibuffer.el
    rg-info-hack.el -> rg-info-hack.el
    rg-isearch.el -> rg-isearch.el
    rg-menu.el -> rg-menu.el
    rg-result.el -> rg-result.el
    rg.el -> rg.el
    wgrep-rg.el -> wgrep-rg.el
    rgel.info -> rgel.info
Created rg-20210625.939.tar containing:
  rg-20210625.939/
  rg-20210625.939/dir
  rg-20210625.939/rg-header.el
  rg-20210625.939/rg-history.el
  rg-20210625.939/rg-ibuffer.el
  rg-20210625.939/rg-info-hack.el
  rg-20210625.939/rg-isearch.el
  rg-20210625.939/rg-menu.el
  rg-20210625.939/rg-pkg.el
  rg-20210625.939/rg-result.el
  rg-20210625.939/rg.el
  rg-20210625.939/rgel.info
  rg-20210625.939/wgrep-rg.el
Built rg in 4.034s, finished at 2021-08-17T10:26:07+0000
 ✓ Success:
4.0K -rw-r--r-- 1 root root  500 Aug 17 10:26 packages/rg-20210625.939.entry
200K -rw-r--r-- 1 root root 200K Aug 17 10:26 packages/rg-20210625.939.tar
4.0K -rw-r--r-- 1 root root 1.2K Aug 17 10:26 packages/rg-badge.svg
4.0K -rw-r--r-- 1 root root  687 Aug 17 10:26 packages/rg-readme.txt
