Package: rime
Fetcher: github
Source:  https://github.com/DogLooksGood/emacs-rime.git

Updating /mnt/store/melpa/working/rime/
Checking out origin/HEAD
Checking out 1d9bcc6dad4182e9b6a5839f8261b260e57be2fc
Copying files (->) and directories (=>)
  from /mnt/store/melpa/working/rime/
  to /tmp/rimezxYJZ4/rime-20210723.1236
    rime-predicates.el -> rime-predicates.el
    rime.el -> rime.el
    lib.c -> lib.c
    Makefile -> Makefile
Created rime-20210723.1236.tar containing:
  rime-20210723.1236/
  rime-20210723.1236/Makefile
  rime-20210723.1236/lib.c
  rime-20210723.1236/rime-pkg.el
  rime-20210723.1236/rime-predicates.el
  rime-20210723.1236/rime.el
Built rime in 4.689s, finished at 2021-08-17T10:26:14+0000
 ✓ Success:
4.0K -rw-r--r-- 1 root root  394 Aug 17 10:26 packages/rime-20210723.1236.entry
 72K -rw-r--r-- 1 root root  70K Aug 17 10:26 packages/rime-20210723.1236.tar
4.0K -rw-r--r-- 1 root root 1.2K Aug 17 10:26 packages/rime-badge.svg
4.0K -rw-r--r-- 1 root root 3.0K Aug 17 10:26 packages/rime-readme.txt
