Package: rmsbolt
Fetcher: gitlab
Source:  https://gitlab.com/jgkamat/rmsbolt.git

Updating /mnt/store/melpa/working/rmsbolt/
Checking out origin/HEAD
Checking out 972e6f41a2e0c76a1cdbab462965bbcb378bdb79
Copying files (->) and directories (=>)
  from /mnt/store/melpa/working/rmsbolt/
  to /tmp/rmsboltYDcybJ/rmsbolt-20210808.2012
    rmsbolt-java.el -> rmsbolt-java.el
    rmsbolt-split.el -> rmsbolt-split.el
    rmsbolt.el -> rmsbolt.el
  ! doc/rmsbolt.texi -> rmsbolt.texi
    starters => starters
Created /tmp/rmsboltYDcybJ/rmsbolt-20210808.2012/rmsbolt.info
Created rmsbolt-20210808.2012.tar containing:
  rmsbolt-20210808.2012/
  rmsbolt-20210808.2012/dir
  rmsbolt-20210808.2012/rmsbolt-java.el
  rmsbolt-20210808.2012/rmsbolt-pkg.el
  rmsbolt-20210808.2012/rmsbolt-split.el
  rmsbolt-20210808.2012/rmsbolt.el
  rmsbolt-20210808.2012/rmsbolt.info
  rmsbolt-20210808.2012/starters/
  rmsbolt-20210808.2012/starters/Rmsbolt.java
  rmsbolt-20210808.2012/starters/rmsbolt-starter.el
  rmsbolt-20210808.2012/starters/rmsbolt.c
  rmsbolt-20210808.2012/starters/rmsbolt.cpp
  rmsbolt-20210808.2012/starters/rmsbolt.d
  rmsbolt-20210808.2012/starters/rmsbolt.go
  rmsbolt-20210808.2012/starters/rmsbolt.hs
  rmsbolt-20210808.2012/starters/rmsbolt.lisp
  rmsbolt-20210808.2012/starters/rmsbolt.ml
  rmsbolt-20210808.2012/starters/rmsbolt.php
  rmsbolt-20210808.2012/starters/rmsbolt.pony
  rmsbolt-20210808.2012/starters/rmsbolt.py
  rmsbolt-20210808.2012/starters/rmsbolt.rs
  rmsbolt-20210808.2012/starters/rmsbolt.swift
  rmsbolt-20210808.2012/starters/rmsbolt.zig
Built rmsbolt in 9.013s, finished at 2021-08-17T10:26:26+0000
 ✓ Success:
4.0K -rw-r--r-- 1 root root  350 Aug 17 10:26 packages/rmsbolt-20210808.2012.entry
120K -rw-r--r-- 1 root root 120K Aug 17 10:26 packages/rmsbolt-20210808.2012.tar
4.0K -rw-r--r-- 1 root root 1.2K Aug 17 10:26 packages/rmsbolt-badge.svg
4.0K -rw-r--r-- 1 root root 1.9K Aug 17 10:26 packages/rmsbolt-readme.txt
