Package: robe
Fetcher: github
Source:  https://github.com/dgutov/robe.git

Updating /mnt/store/melpa/working/robe/
Checking out origin/HEAD
Checking out d721b32a8e9e3f0d861767fa67a67aa7f65a5cef
Copying files (->) and directories (=>)
  from /mnt/store/melpa/working/robe/
  to /tmp/robeaNW58R/robe-20210813.2237
    ac-robe.el -> ac-robe.el
    company-robe.el -> company-robe.el
    robe.el -> robe.el
    lib => lib
Created robe-20210813.2237.tar containing:
  robe-20210813.2237/
  robe-20210813.2237/ac-robe.el
  robe-20210813.2237/company-robe.el
  robe-20210813.2237/lib/
  robe-20210813.2237/lib/robe.rb
  robe-20210813.2237/lib/robe/
  robe-20210813.2237/lib/robe/core_ext.rb
  robe-20210813.2237/lib/robe/jvisor.rb
  robe-20210813.2237/lib/robe/sash.rb
  robe-20210813.2237/lib/robe/sash/
  robe-20210813.2237/lib/robe/sash/const_locations.rb
  robe-20210813.2237/lib/robe/sash/doc_for.rb
  robe-20210813.2237/lib/robe/sash/includes_tracker.rb
  robe-20210813.2237/lib/robe/scanners.rb
  robe-20210813.2237/lib/robe/server.rb
  robe-20210813.2237/lib/robe/type_space.rb
  robe-20210813.2237/lib/robe/visor.rb
  robe-20210813.2237/robe-pkg.el
  robe-20210813.2237/robe.el
Built robe in 4.896s, finished at 2021-08-17T10:26:22+0000
 ✓ Success:
4.0K -rw-r--r-- 1 root root  366 Aug 17 10:26 packages/robe-20210813.2237.entry
 92K -rw-r--r-- 1 root root  90K Aug 17 10:26 packages/robe-20210813.2237.tar
4.0K -rw-r--r-- 1 root root 1.2K Aug 17 10:26 packages/robe-badge.svg
4.0K -rw-r--r-- 1 root root  434 Aug 17 10:26 packages/robe-readme.txt
