Package: rspec-mode
Fetcher: github
Source:  https://github.com/pezra/rspec-mode.git

Updating /mnt/store/melpa/working/rspec-mode/
Checking out origin/HEAD
Checking out 92ef785010f6a68cbf73861e75ac6cf4e1832291
Copying files (->) and directories (=>)
  from /mnt/store/melpa/working/rspec-mode/
  to /tmp/rspec-modeTaW5t7/rspec-mode-20201228.1319
    rspec-mode.el -> rspec-mode.el
    snippets => snippets
Created rspec-mode-20201228.1319.tar containing:
  rspec-mode-20201228.1319/
  rspec-mode-20201228.1319/rspec-mode-pkg.el
  rspec-mode-20201228.1319/rspec-mode.el
  rspec-mode-20201228.1319/snippets/
  rspec-mode-20201228.1319/snippets/rspec-mode/
  rspec-mode-20201228.1319/snippets/rspec-mode/aft
  rspec-mode-20201228.1319/snippets/rspec-mode/back
  rspec-mode-20201228.1319/snippets/rspec-mode/bef
  rspec-mode-20201228.1319/snippets/rspec-mode/cont
  rspec-mode-20201228.1319/snippets/rspec-mode/dc
  rspec-mode-20201228.1319/snippets/rspec-mode/desc
  rspec-mode-20201228.1319/snippets/rspec-mode/descm
  rspec-mode-20201228.1319/snippets/rspec-mode/exp
  rspec-mode-20201228.1319/snippets/rspec-mode/expb
  rspec-mode-20201228.1319/snippets/rspec-mode/feat
  rspec-mode-20201228.1319/snippets/rspec-mode/featm
  rspec-mode-20201228.1319/snippets/rspec-mode/helper
  rspec-mode-20201228.1319/snippets/rspec-mode/iexp
  rspec-mode-20201228.1319/snippets/rspec-mode/it
  rspec-mode-20201228.1319/snippets/rspec-mode/itiexp
  rspec-mode-20201228.1319/snippets/rspec-mode/let
  rspec-mode-20201228.1319/snippets/rspec-mode/lfgb
  rspec-mode-20201228.1319/snippets/rspec-mode/lfgc
  rspec-mode-20201228.1319/snippets/rspec-mode/lfgs
  rspec-mode-20201228.1319/snippets/rspec-mode/sbj
  rspec-mode-20201228.1319/snippets/rspec-mode/scn
  rspec-mode-20201228.1319/snippets/rspec-mode/sfgb
  rspec-mode-20201228.1319/snippets/rspec-mode/sfgc
  rspec-mode-20201228.1319/snippets/rspec-mode/sfgs
  rspec-mode-20201228.1319/snippets/rspec-mode/sp
Built rspec-mode in 4.784s, finished at 2021-08-17T10:26:33+0000
 ✓ Success:
4.0K -rw-r--r-- 1 root root  391 Aug 17 10:26 packages/rspec-mode-20201228.1319.entry
 80K -rw-r--r-- 1 root root  80K Aug 17 10:26 packages/rspec-mode-20201228.1319.tar
4.0K -rw-r--r-- 1 root root 1.2K Aug 17 10:26 packages/rspec-mode-badge.svg
4.0K -rw-r--r-- 1 root root  872 Aug 17 10:26 packages/rspec-mode-readme.txt
