Package: ruby-tools
Fetcher: github
Source:  https://github.com/rejeep/ruby-tools.el.git

Updating /mnt/store/melpa/working/ruby-tools/
Checking out origin/HEAD
Checking out 6b97066b58a4f82eb2ecea6434a0a7e981aa4c18
Copying files (->) and directories (=>)
  from /mnt/store/melpa/working/ruby-tools/
  to /tmp/ruby-toolsGWQ3sw/ruby-tools-20151209.1615
    ruby-tools-pkg.el -> ruby-tools-pkg.el
    ruby-tools.el -> ruby-tools.el
Created ruby-tools-20151209.1615.tar containing:
  ruby-tools-20151209.1615/
  ruby-tools-20151209.1615/ruby-tools-pkg.el
  ruby-tools-20151209.1615/ruby-tools.el
Built ruby-tools in 4.621s, finished at 2021-08-17T10:26:47+0000
 ✓ Success:
4.0K -rw-r--r-- 1 root root  403 Aug 17 10:26 packages/ruby-tools-20151209.1615.entry
 12K -rw-r--r-- 1 root root  10K Aug 17 10:26 packages/ruby-tools-20151209.1615.tar
4.0K -rw-r--r-- 1 root root 1.2K Aug 17 10:26 packages/ruby-tools-badge.svg
4.0K -rw-r--r-- 1 root root  378 Aug 17 10:26 packages/ruby-tools-readme.txt
