Package: rust-mode
Fetcher: github
Source:  https://github.com/rust-lang/rust-mode.git

Updating /mnt/store/melpa/working/rust-mode/
Checking out origin/HEAD
Checking out 494d59f92cbe12533eb89b202fc4f5342afcd543
Copying files (->) and directories (=>)
  from /mnt/store/melpa/working/rust-mode/
  to /tmp/rust-modeWAVjMr/rust-mode-20210423.1157
    rust-cargo.el -> rust-cargo.el
    rust-compile.el -> rust-compile.el
    rust-mode.el -> rust-mode.el
    rust-playpen.el -> rust-playpen.el
    rust-rustfmt.el -> rust-rustfmt.el
    rust-utils.el -> rust-utils.el
Created rust-mode-20210423.1157.tar containing:
  rust-mode-20210423.1157/
  rust-mode-20210423.1157/rust-cargo.el
  rust-mode-20210423.1157/rust-compile.el
  rust-mode-20210423.1157/rust-mode-pkg.el
  rust-mode-20210423.1157/rust-mode.el
  rust-mode-20210423.1157/rust-playpen.el
  rust-mode-20210423.1157/rust-rustfmt.el
  rust-mode-20210423.1157/rust-utils.el
Built rust-mode in 4.635s, finished at 2021-08-17T10:26:57+0000
 ✓ Success:
4.0K -rw-r--r-- 1 root root  332 Aug 17 10:26 packages/rust-mode-20210423.1157.entry
100K -rw-r--r-- 1 root root 100K Aug 17 10:26 packages/rust-mode-20210423.1157.tar
4.0K -rw-r--r-- 1 root root 1.2K Aug 17 10:26 packages/rust-mode-badge.svg
4.0K -rw-r--r-- 1 root root   67 Aug 17 10:26 packages/rust-mode-readme.txt
