Package: sage-shell-mode
Fetcher: github
Source:  https://github.com/sagemath/sage-shell-mode.git

Updating /mnt/store/melpa/working/sage-shell-mode/
Checking out origin/HEAD
Checking out 7fc47d5eab0efac009d5a9316e3dfa223595ab5a
Copying files (->) and directories (=>)
  from /mnt/store/melpa/working/sage-shell-mode/
  to /tmp/sage-shell-modeLan9cB/sage-shell-mode-20201225.1011
    sage-shell-blocks.el -> sage-shell-blocks.el
    sage-shell-mode.el -> sage-shell-mode.el
    sage-shell-view.el -> sage-shell-view.el
    emacs_sage_shell.py -> emacs_sage_shell.py
    emacs_sage_shell_view.py -> emacs_sage_shell_view.py
Created sage-shell-mode-20201225.1011.tar containing:
  sage-shell-mode-20201225.1011/
  sage-shell-mode-20201225.1011/emacs_sage_shell.py
  sage-shell-mode-20201225.1011/emacs_sage_shell_view.py
  sage-shell-mode-20201225.1011/sage-shell-blocks.el
  sage-shell-mode-20201225.1011/sage-shell-mode-pkg.el
  sage-shell-mode-20201225.1011/sage-shell-mode.el
  sage-shell-mode-20201225.1011/sage-shell-view.el
Built sage-shell-mode in 4.798s, finished at 2021-08-17T10:27:07+0000
 ✓ Success:
4.0K -rw-r--r-- 1 root root  472 Aug 17 10:27 packages/sage-shell-mode-20201225.1011.entry
280K -rw-r--r-- 1 root root 280K Aug 17 10:27 packages/sage-shell-mode-20201225.1011.tar
4.0K -rw-r--r-- 1 root root 1.2K Aug 17 10:27 packages/sage-shell-mode-badge.svg
4.0K -rw-r--r-- 1 root root  829 Aug 17 10:27 packages/sage-shell-mode-readme.txt
