Package: sauron
Fetcher: github
Source:  https://github.com/djcb/sauron.git

Updating /mnt/store/melpa/working/sauron/
Checking out origin/HEAD
Checking out 5daade4836da5b1b2ab26d84128d6c38328a5d52
Copying files (->) and directories (=>)
  from /mnt/store/melpa/working/sauron/
  to /tmp/sauronXQHtcW/sauron-20201015.836
    sauron-ams-org.el -> sauron-ams-org.el
    sauron-appt.el -> sauron-appt.el
    sauron-compilation.el -> sauron-compilation.el
    sauron-dbus.el -> sauron-dbus.el
    sauron-elfeed.el -> sauron-elfeed.el
    sauron-erc.el -> sauron-erc.el
    sauron-identica.el -> sauron-identica.el
    sauron-jabber.el -> sauron-jabber.el
    sauron-mu4e.el -> sauron-mu4e.el
    sauron-notifications.el -> sauron-notifications.el
    sauron-org.el -> sauron-org.el
    sauron-tail.el -> sauron-tail.el
    sauron-twittering.el -> sauron-twittering.el
    sauron-zeroconf.el -> sauron-zeroconf.el
    sauron.el -> sauron.el
  ! sauron-pkg.el.in -> sauron-pkg.el
Created sauron-20201015.836.tar containing:
  sauron-20201015.836/
  sauron-20201015.836/sauron-ams-org.el
  sauron-20201015.836/sauron-appt.el
  sauron-20201015.836/sauron-compilation.el
  sauron-20201015.836/sauron-dbus.el
  sauron-20201015.836/sauron-elfeed.el
  sauron-20201015.836/sauron-erc.el
  sauron-20201015.836/sauron-identica.el
  sauron-20201015.836/sauron-jabber.el
  sauron-20201015.836/sauron-mu4e.el
  sauron-20201015.836/sauron-notifications.el
  sauron-20201015.836/sauron-org.el
  sauron-20201015.836/sauron-pkg.el
  sauron-20201015.836/sauron-tail.el
  sauron-20201015.836/sauron-twittering.el
  sauron-20201015.836/sauron-zeroconf.el
  sauron-20201015.836/sauron.el
Built sauron in 4.989s, finished at 2021-08-17T10:27:12+0000
 ✓ Success:
4.0K -rw-r--r-- 1 root root  313 Aug 17 10:27 packages/sauron-20201015.836.entry
112K -rw-r--r-- 1 root root 110K Aug 17 10:27 packages/sauron-20201015.836.tar
4.0K -rw-r--r-- 1 root root 1.2K Aug 17 10:27 packages/sauron-badge.svg
4.0K -rw-r--r-- 1 root root  192 Aug 17 10:27 packages/sauron-readme.txt
