Package: sbt-mode
Fetcher: github
Source:  https://github.com/hvesalai/emacs-sbt-mode.git

Updating /mnt/store/melpa/working/sbt-mode/
Checking out origin/HEAD
Checking out e29464a82bf706ef921f4e0052ce04fc74c34c84
Copying files (->) and directories (=>)
  from /mnt/store/melpa/working/sbt-mode/
  to /tmp/sbt-modeYSe8C1/sbt-mode-20210416.1845
    sbt-mode-buffer.el -> sbt-mode-buffer.el
    sbt-mode-comint.el -> sbt-mode-comint.el
    sbt-mode-hydra.el -> sbt-mode-hydra.el
    sbt-mode-project.el -> sbt-mode-project.el
    sbt-mode-rgrep.el -> sbt-mode-rgrep.el
    sbt-mode-vars.el -> sbt-mode-vars.el
    sbt-mode.el -> sbt-mode.el
Created sbt-mode-20210416.1845.tar containing:
  sbt-mode-20210416.1845/
  sbt-mode-20210416.1845/sbt-mode-buffer.el
  sbt-mode-20210416.1845/sbt-mode-comint.el
  sbt-mode-20210416.1845/sbt-mode-hydra.el
  sbt-mode-20210416.1845/sbt-mode-pkg.el
  sbt-mode-20210416.1845/sbt-mode-project.el
  sbt-mode-20210416.1845/sbt-mode-rgrep.el
  sbt-mode-20210416.1845/sbt-mode-vars.el
  sbt-mode-20210416.1845/sbt-mode.el
Built sbt-mode in 4.832s, finished at 2021-08-17T10:27:19+0000
 ✓ Success:
4.0K -rw-r--r-- 1 root root  257 Aug 17 10:27 packages/sbt-mode-20210416.1845.entry
 92K -rw-r--r-- 1 root root  90K Aug 17 10:27 packages/sbt-mode-20210416.1845.tar
4.0K -rw-r--r-- 1 root root 1.2K Aug 17 10:27 packages/sbt-mode-badge.svg
   0 -rw-r--r-- 1 root root    0 Aug 17 10:27 packages/sbt-mode-readme.txt
