Package: sclang-extensions
Fetcher: github
Source:  https://github.com/chrisbarrett/sclang-extensions.git

Updating /mnt/store/melpa/working/sclang-extensions/
Checking out origin/HEAD
Checking out e9cc79732f16fdb582129303110c163dcc0d6da0
Copying files (->) and directories (=>)
  from /mnt/store/melpa/working/sclang-extensions/
  to /tmp/sclang-extensionsoCtGmH/sclang-extensions-20160509.338
    sclang-ac-mode.el -> sclang-ac-mode.el
    sclang-doc-mode.el -> sclang-doc-mode.el
    sclang-extensions-utils.el -> sclang-extensions-utils.el
    sclang-extensions.el -> sclang-extensions.el
    sclang-post-mode.el -> sclang-post-mode.el
Created sclang-extensions-20160509.338.tar containing:
  sclang-extensions-20160509.338/
  sclang-extensions-20160509.338/sclang-ac-mode.el
  sclang-extensions-20160509.338/sclang-doc-mode.el
  sclang-extensions-20160509.338/sclang-extensions-pkg.el
  sclang-extensions-20160509.338/sclang-extensions-utils.el
  sclang-extensions-20160509.338/sclang-extensions.el
  sclang-extensions-20160509.338/sclang-post-mode.el
Built sclang-extensions in 9.302s, finished at 2021-08-17T10:27:35+0000
 ✓ Success:
4.0K -rw-r--r-- 1 root root  490 Aug 17 10:27 packages/sclang-extensions-20160509.338.entry
 52K -rw-r--r-- 1 root root  50K Aug 17 10:27 packages/sclang-extensions-20160509.338.tar
4.0K -rw-r--r-- 1 root root 1.2K Aug 17 10:27 packages/sclang-extensions-badge.svg
4.0K -rw-r--r-- 1 root root  298 Aug 17 10:27 packages/sclang-extensions-readme.txt
