Package: scratch
Fetcher: github
Source:  https://github.com/ieure/scratch-el.git

Updating /mnt/store/melpa/working/scratch/
Checking out origin/HEAD
Checking out 4813d82b39a451f2a6d5b730cd7ec49a9bdabcca
Built scratch in 10.709s, finished at 2021-08-17T10:27:40+0000
 ✓ Success:
8.0K -rw-r--r-- 1 root root 7.7K Aug 17 10:27 packages/scratch-20190314.614.el
4.0K -rw-r--r-- 1 root root  363 Aug 17 10:27 packages/scratch-20190314.614.entry
4.0K -rw-r--r-- 1 root root 1.2K Aug 17 10:27 packages/scratch-badge.svg
8.0K -rw-r--r-- 1 root root 5.9K Aug 17 10:27 packages/scratch-comment-20200812.1025.el
4.0K -rw-r--r-- 1 root root  404 Aug 17 06:56 packages/scratch-comment-20200812.1025.entry
4.0K -rw-r--r-- 1 root root 1.2K Aug 17 06:56 packages/scratch-comment-badge.svg
4.0K -rw-r--r-- 1 root root  270 Aug 17 06:56 packages/scratch-comment-readme.txt
4.0K -rw-r--r-- 1 root root  230 Aug 17 10:27 packages/scratch-comment.log
8.0K -rw-r--r-- 1 root root 5.8K Aug 17 10:27 packages/scratch-ext-20140104.516.el
4.0K -rw-r--r-- 1 root root  338 Aug 17 06:56 packages/scratch-ext-20140104.516.entry
4.0K -rw-r--r-- 1 root root 1.2K Aug 17 06:56 packages/scratch-ext-badge.svg
4.0K -rw-r--r-- 1 root root  317 Aug 17 06:56 packages/scratch-ext-readme.txt
4.0K -rw-r--r-- 1 root root  219 Aug 17 10:27 packages/scratch-ext.log
8.0K -rw-r--r-- 1 root root 4.9K Aug 17 06:56 packages/scratch-log-20141115.743.el
4.0K -rw-r--r-- 1 root root  272 Aug 17 06:56 packages/scratch-log-20141115.743.entry
4.0K -rw-r--r-- 1 root root 1.2K Aug 17 06:56 packages/scratch-log-badge.svg
4.0K -rw-r--r-- 1 root root  170 Aug 17 06:56 packages/scratch-log-readme.txt
4.0K -rw-r--r-- 1 root root  138 Aug 17 10:27 packages/scratch-log.log
 20K -rw-r--r-- 1 root root  18K Aug 17 06:56 packages/scratch-message-20170107.1336.el
4.0K -rw-r--r-- 1 root root  391 Aug 17 06:56 packages/scratch-message-20170107.1336.entry
4.0K -rw-r--r-- 1 root root 1.2K Aug 17 06:56 packages/scratch-message-badge.svg
4.0K -rw-r--r-- 1 root root  318 Aug 17 06:56 packages/scratch-message-readme.txt
4.0K -rw-r--r-- 1 root root  149 Aug 17 10:27 packages/scratch-message.log
4.0K -rw-r--r-- 1 root root 4.0K Aug 17 06:56 packages/scratch-palette-20210306.427.el
4.0K -rw-r--r-- 1 root root  282 Aug 17 06:56 packages/scratch-palette-20210306.427.entry
4.0K -rw-r--r-- 1 root root 1.2K Aug 17 06:56 packages/scratch-palette-badge.svg
4.0K -rw-r--r-- 1 root root  435 Aug 17 06:56 packages/scratch-palette-readme.txt
4.0K -rw-r--r-- 1 root root  148 Aug 17 10:27 packages/scratch-palette.log
 12K -rw-r--r-- 1 root root 9.6K Aug 17 06:56 packages/scratch-pop-20200910.226.el
4.0K -rw-r--r-- 1 root root  289 Aug 17 06:56 packages/scratch-pop-20200910.226.entry
4.0K -rw-r--r-- 1 root root 1.2K Aug 17 06:56 packages/scratch-pop-badge.svg
4.0K -rw-r--r-- 1 root root  682 Aug 17 06:56 packages/scratch-pop-readme.txt
   0 -rw-r--r-- 1 root root    0 Aug 17 10:27 packages/scratch-pop.log
4.0K -rw-r--r-- 1 root root 1.4K Aug 17 10:27 packages/scratch-readme.txt
