Package: sculpture-themes
Fetcher: github
Source:  https://github.com/t-e-r-m/sculpture-themes.git

Updating /mnt/store/melpa/working/sculpture-themes/
Checking out origin/HEAD
Checking out 1da2b3501f3732b4a58d28b502e356226a43a96f
Copying files (->) and directories (=>)
  from /mnt/store/melpa/working/sculpture-themes/
  to /tmp/sculpture-themesHQuW8L/sculpture-themes-20210530.624
    sculpture-themes-dark-theme.el -> sculpture-themes-dark-theme.el
    sculpture-themes-light-theme.el -> sculpture-themes-light-theme.el
    sculpture-themes.el -> sculpture-themes.el
Created sculpture-themes-20210530.624.tar containing:
  sculpture-themes-20210530.624/
  sculpture-themes-20210530.624/sculpture-themes-dark-theme.el
  sculpture-themes-20210530.624/sculpture-themes-light-theme.el
  sculpture-themes-20210530.624/sculpture-themes-pkg.el
  sculpture-themes-20210530.624/sculpture-themes.el
Built sculpture-themes in 7.825s, finished at 2021-08-17T10:28:08+0000
 ✓ Success:
4.0K -rw-r--r-- 1 root root  349 Aug 17 10:28 packages/sculpture-themes-20210530.624.entry
 80K -rw-r--r-- 1 root root  80K Aug 17 10:28 packages/sculpture-themes-20210530.624.tar
4.0K -rw-r--r-- 1 root root 1.2K Aug 17 10:28 packages/sculpture-themes-badge.svg
4.0K -rw-r--r-- 1 root root  141 Aug 17 10:28 packages/sculpture-themes-readme.txt
