Package: searchq
Fetcher: github
Source:  https://github.com/tcw165/searchq.git

Updating /mnt/store/melpa/working/searchq/
Checking out origin/HEAD
Checking out dd510d55ad66a82c6ef022cfe7c4a73ad5365f82
Copying files (->) and directories (=>)
  from /mnt/store/melpa/working/searchq/
  to /tmp/searchqv6HEDo/searchq-20150829.1211
    searchq.el -> searchq.el
    images/searchq-search.xpm -> images/searchq-search.xpm
    images/searchq-search.png -> images/searchq-search.png
Created searchq-20150829.1211.tar containing:
  searchq-20150829.1211/
  searchq-20150829.1211/images/
  searchq-20150829.1211/images/searchq-search.png
  searchq-20150829.1211/images/searchq-search.xpm
  searchq-20150829.1211/searchq-pkg.el
  searchq-20150829.1211/searchq.el
Built searchq in 5.134s, finished at 2021-08-17T10:28:13+0000
 ✓ Success:
4.0K -rw-r--r-- 1 root root  249 Aug 17 10:28 packages/searchq-20150829.1211.entry
 52K -rw-r--r-- 1 root root  50K Aug 17 10:28 packages/searchq-20150829.1211.tar
4.0K -rw-r--r-- 1 root root 1.2K Aug 17 10:28 packages/searchq-badge.svg
4.0K -rw-r--r-- 1 root root  591 Aug 17 10:28 packages/searchq-readme.txt
