Package: selectric-mode
Fetcher: github
Source:  https://github.com/rbanffy/selectric-mode.git

Updating /mnt/store/melpa/working/selectric-mode/
Checking out origin/HEAD
Checking out 1840de71f7414b7cd6ce425747c8e26a413233aa
Copying files (->) and directories (=>)
  from /mnt/store/melpa/working/selectric-mode/
  to /tmp/selectric-modeNOV6yk/selectric-mode-20200209.2107
    selectric-mode.el -> selectric-mode.el
    ping.wav -> ping.wav
    selectric-move.wav -> selectric-move.wav
    selectric-type.wav -> selectric-type.wav
Created selectric-mode-20200209.2107.tar containing:
  selectric-mode-20200209.2107/
  selectric-mode-20200209.2107/ping.wav
  selectric-mode-20200209.2107/selectric-mode-pkg.el
  selectric-mode-20200209.2107/selectric-mode.el
  selectric-mode-20200209.2107/selectric-move.wav
  selectric-mode-20200209.2107/selectric-type.wav
Built selectric-mode in 4.883s, finished at 2021-08-17T10:28:22+0000
 ✓ Success:
4.0K -rw-r--r-- 1 root root  385 Aug 17 10:28 packages/selectric-mode-20200209.2107.entry
252K -rw-r--r-- 1 root root 250K Aug 17 10:28 packages/selectric-mode-20200209.2107.tar
4.0K -rw-r--r-- 1 root root 1.2K Aug 17 10:28 packages/selectric-mode-badge.svg
4.0K -rw-r--r-- 1 root root   76 Aug 17 10:28 packages/selectric-mode-readme.txt
