Package: semi
Fetcher: github
Source:  https://github.com/wanderlust/semi.git

Updating /mnt/store/melpa/working/semi/
Copying files (->) and directories (=>)
  from /mnt/store/melpa/working/semi/
  to /tmp/semiuvNYvU/semi-20210214.853
    mail-mime-setup.el -> mail-mime-setup.el
    mime-edit.el -> mime-edit.el
    mime-image.el -> mime-image.el
    mime-mac.el -> mime-mac.el
    mime-partial.el -> mime-partial.el
    mime-pgp.el -> mime-pgp.el
    mime-play.el -> mime-play.el
    mime-setup.el -> mime-setup.el
    mime-shr.el -> mime-shr.el
    mime-signature.el -> mime-signature.el
    mime-tnef.el -> mime-tnef.el
    mime-vcard.el -> mime-vcard.el
    mime-view.el -> mime-view.el
    mime-w3.el -> mime-w3.el
    semi-def.el -> semi-def.el
    semi-pkg.el -> semi-pkg.el
    semi-setup.el -> semi-setup.el
    signature.el -> signature.el
    mime-ui-en.texi -> mime-ui-en.texi
    mime-ui-ja.texi -> mime-ui-ja.texi
Created /tmp/semiuvNYvU/semi-20210214.853/mime-ui-en.info
Created /tmp/semiuvNYvU/semi-20210214.853/mime-ui-ja.info
Created semi-20210214.853.tar containing:
  semi-20210214.853/
  semi-20210214.853/dir
  semi-20210214.853/mail-mime-setup.el
  semi-20210214.853/mime-edit.el
  semi-20210214.853/mime-image.el
  semi-20210214.853/mime-mac.el
  semi-20210214.853/mime-partial.el
  semi-20210214.853/mime-pgp.el
  semi-20210214.853/mime-play.el
  semi-20210214.853/mime-setup.el
  semi-20210214.853/mime-shr.el
  semi-20210214.853/mime-signature.el
  semi-20210214.853/mime-tnef.el
  semi-20210214.853/mime-ui-en.info
  semi-20210214.853/mime-ui-ja.info
  semi-20210214.853/mime-vcard.el
  semi-20210214.853/mime-view.el
  semi-20210214.853/mime-w3.el
  semi-20210214.853/semi-def.el
  semi-20210214.853/semi-pkg.el
  semi-20210214.853/semi-setup.el
  semi-20210214.853/signature.el
Built semi in 14.083s, finished at Wed May 19 04:03:16 2021
 ✓ Success:
4.0K -rw-r--r-- 1 root root  207 May 19 04:03 packages/semi-20210214.853.entry
352K -rw-r--r-- 1 root root 350K May 19 04:03 packages/semi-20210214.853.tar
4.0K -rw-r--r-- 1 root root 1.2K May 19 04:03 packages/semi-badge.svg
