Package: sequential-command
Fetcher: github
Source:  https://github.com/rubikitch/sequential-command.git

Updating /mnt/store/melpa/working/sequential-command/
Copying files (->) and directories (=>)
  from /mnt/store/melpa/working/sequential-command/
  to /tmp/sequential-commandBtndNu/sequential-command-20170926.40
    sequential-command-config.el -> sequential-command-config.el
    sequential-command.el -> sequential-command.el
Created sequential-command-20170926.40.tar containing:
  sequential-command-20170926.40/
  sequential-command-20170926.40/sequential-command-config.el
  sequential-command-20170926.40/sequential-command-pkg.el
  sequential-command-20170926.40/sequential-command.el
Built sequential-command in 3.913s, finished at Wed May 19 04:03:15 2021
 ✓ Success:
4.0K -rw-r--r-- 1 root root  418 May 19 04:03 packages/sequential-command-20170926.40.entry
 20K -rw-r--r-- 1 root root  20K May 19 04:03 packages/sequential-command-20170926.40.tar
4.0K -rw-r--r-- 1 root root 1.2K May 19 04:03 packages/sequential-command-badge.svg
4.0K -rw-r--r-- 1 root root  829 May 19 04:03 packages/sequential-command-readme.txt
