Package: serverspec
Fetcher: github
Source:  https://github.com/k1LoW/emacs-serverspec.git

Updating /mnt/store/melpa/working/serverspec/
Copying files (->) and directories (=>)
  from /mnt/store/melpa/working/serverspec/
  to /tmp/serverspecelbRW7/serverspec-20150623.1155
    serverspec.el -> serverspec.el
    snippets => snippets
    dict => dict
Created serverspec-20150623.1155.tar containing:
  serverspec-20150623.1155/
  serverspec-20150623.1155/dict/
  serverspec-20150623.1155/dict/serverspec
  serverspec-20150623.1155/serverspec-pkg.el
  serverspec-20150623.1155/serverspec.el
  serverspec-20150623.1155/snippets/
  serverspec-20150623.1155/snippets/text-mode/
  serverspec-20150623.1155/snippets/text-mode/serverspec/
  serverspec-20150623.1155/snippets/text-mode/serverspec/.yas-make-groups
  serverspec-20150623.1155/snippets/text-mode/serverspec/ResourceTypes/
  serverspec-20150623.1155/snippets/text-mode/serverspec/ResourceTypes/bond
  serverspec-20150623.1155/snippets/text-mode/serverspec/ResourceTypes/bridge
  serverspec-20150623.1155/snippets/text-mode/serverspec/ResourceTypes/cgroup
  serverspec-20150623.1155/snippets/text-mode/serverspec/ResourceTypes/command
  serverspec-20150623.1155/snippets/text-mode/serverspec/ResourceTypes/cron
  serverspec-20150623.1155/snippets/text-mode/serverspec/ResourceTypes/default_gateway
  serverspec-20150623.1155/snippets/text-mode/serverspec/ResourceTypes/docker_container
  serverspec-20150623.1155/snippets/text-mode/serverspec/ResourceTypes/docker_image
  serverspec-20150623.1155/snippets/text-mode/serverspec/ResourceTypes/file
  serverspec-20150623.1155/snippets/text-mode/serverspec/ResourceTypes/fstab
  serverspec-20150623.1155/snippets/text-mode/serverspec/ResourceTypes/group
  serverspec-20150623.1155/snippets/text-mode/serverspec/ResourceTypes/host
  serverspec-20150623.1155/snippets/text-mode/serverspec/ResourceTypes/iis_app_pool
  serverspec-20150623.1155/snippets/text-mode/serverspec/ResourceTypes/iis_website
  serverspec-20150623.1155/snippets/text-mode/serverspec/ResourceTypes/interface
  serverspec-20150623.1155/snippets/text-mode/serverspec/ResourceTypes/ip6tables
  serverspec-20150623.1155/snippets/text-mode/serverspec/ResourceTypes/ipfilter
  serverspec-20150623.1155/snippets/text-mode/serverspec/ResourceTypes/ipnat
  serverspec-20150623.1155/snippets/text-mode/serverspec/ResourceTypes/iptables
  serverspec-20150623.1155/snippets/text-mode/serverspec/ResourceTypes/kernel_module
  serverspec-20150623.1155/snippets/text-mode/serverspec/ResourceTypes/linux_kernel_parameter
  serverspec-20150623.1155/snippets/text-mode/serverspec/ResourceTypes/lxc
  serverspec-20150623.1155/snippets/text-mode/serverspec/ResourceTypes/mail_alias
  serverspec-20150623.1155/snippets/text-mode/serverspec/ResourceTypes/mysql_config
  serverspec-20150623.1155/snippets/text-mode/serverspec/ResourceTypes/package
  serverspec-20150623.1155/snippets/text-mode/serverspec/ResourceTypes/php_config
  serverspec-20150623.1155/snippets/text-mode/serverspec/ResourceTypes/port
  serverspec-20150623.1155/snippets/text-mode/serverspec/ResourceTypes/ppa
  serverspec-20150623.1155/snippets/text-mode/serverspec/ResourceTypes/process
  serverspec-20150623.1155/snippets/text-mode/serverspec/ResourceTypes/routing_table
  serverspec-20150623.1155/snippets/text-mode/serverspec/ResourceTypes/selinux
  serverspec-20150623.1155/snippets/text-mode/serverspec/ResourceTypes/selinux_module
  serverspec-20150623.1155/snippets/text-mode/serverspec/ResourceTypes/service
  serverspec-20150623.1155/snippets/text-mode/serverspec/ResourceTypes/user
  serverspec-20150623.1155/snippets/text-mode/serverspec/ResourceTypes/windows_feature
  serverspec-20150623.1155/snippets/text-mode/serverspec/ResourceTypes/windows_hot_fix
  serverspec-20150623.1155/snippets/text-mode/serverspec/ResourceTypes/windows_registry_key
  serverspec-20150623.1155/snippets/text-mode/serverspec/ResourceTypes/windows_scheduled_task
  serverspec-20150623.1155/snippets/text-mode/serverspec/ResourceTypes/x509_certificate
  serverspec-20150623.1155/snippets/text-mode/serverspec/ResourceTypes/x509_private_key
  serverspec-20150623.1155/snippets/text-mode/serverspec/ResourceTypes/yumrepo
  serverspec-20150623.1155/snippets/text-mode/serverspec/ResourceTypes/zfs
Built serverspec in 4.313s, finished at Wed May 19 04:03:17 2021
 ✓ Success:
4.0K -rw-r--r-- 1 root root  523 May 19 04:03 packages/serverspec-20150623.1155.entry
 60K -rw-r--r-- 1 root root  60K May 19 04:03 packages/serverspec-20150623.1155.tar
4.0K -rw-r--r-- 1 root root 1.2K May 19 04:03 packages/serverspec-badge.svg
   0 -rw-r--r-- 1 root root    0 May 19 04:03 packages/serverspec-readme.txt
