Package: servant
Fetcher: github
Source:  https://github.com/cask/servant.git

Updating /mnt/store/melpa/working/servant/
Checking out origin/HEAD
Checking out 4d2aa8250b54b28e6e7ee4cd5ebd98a33db2c134
Copying files (->) and directories (=>)
  from /mnt/store/melpa/working/servant/
  to /tmp/servantXGMdBn/servant-20140216.1219
    servant-cli.el -> servant-cli.el
    servant.el -> servant.el
    bin => bin
Created servant-20140216.1219.tar containing:
  servant-20140216.1219/
  servant-20140216.1219/bin/
  servant-20140216.1219/bin/servant
  servant-20140216.1219/servant-cli.el
  servant-20140216.1219/servant-pkg.el
  servant-20140216.1219/servant.el
Built servant in 4.601s, finished at 2021-08-17T10:28:36+0000
 ✓ Success:
4.0K -rw-r--r-- 1 root root  598 Aug 17 10:28 packages/servant-20140216.1219.entry
 20K -rw-r--r-- 1 root root  20K Aug 17 10:28 packages/servant-20140216.1219.tar
4.0K -rw-r--r-- 1 root root 1.2K Aug 17 10:28 packages/servant-badge.svg
4.0K -rw-r--r-- 1 root root  115 Aug 17 10:28 packages/servant-readme.txt
