Package: sesman
Fetcher: github
Source:  https://github.com/vspinu/sesman.git

Updating /mnt/store/melpa/working/sesman/
Checking out origin/HEAD
Checking out edee869c209c016e5f0c5cbb8abb9f3ccd2d1e05
Copying files (->) and directories (=>)
  from /mnt/store/melpa/working/sesman/
  to /tmp/sesmanShuwUb/sesman-20190909.1754
    sesman-browser.el -> sesman-browser.el
    sesman.el -> sesman.el
Created sesman-20190909.1754.tar containing:
  sesman-20190909.1754/
  sesman-20190909.1754/sesman-browser.el
  sesman-20190909.1754/sesman-pkg.el
  sesman-20190909.1754/sesman.el
Built sesman in 4.636s, finished at 2021-08-17T10:28:38+0000
 ✓ Success:
4.0K -rw-r--r-- 1 root root  283 Aug 17 10:28 packages/sesman-20190909.1754.entry
 72K -rw-r--r-- 1 root root  70K Aug 17 10:28 packages/sesman-20190909.1754.tar
4.0K -rw-r--r-- 1 root root 1.2K Aug 17 10:28 packages/sesman-badge.svg
4.0K -rw-r--r-- 1 root root  258 Aug 17 10:28 packages/sesman-readme.txt
