Package: shell-switcher
Fetcher: github
Source:  https://github.com/DamienCassou/shell-switcher.git

Updating /mnt/store/melpa/working/shell-switcher/
Checking out origin/HEAD
Checking out ed74b20fa12935be0068765f5bc8de97b92a8020
Copying files (->) and directories (=>)
  from /mnt/store/melpa/working/shell-switcher/
  to /tmp/shell-switcherKnNBa5/shell-switcher-20210509.1045
    rswitcher.el -> rswitcher.el
    shell-switcher.el -> shell-switcher.el
Created shell-switcher-20210509.1045.tar containing:
  shell-switcher-20210509.1045/
  shell-switcher-20210509.1045/rswitcher.el
  shell-switcher-20210509.1045/shell-switcher-pkg.el
  shell-switcher-20210509.1045/shell-switcher.el
Built shell-switcher in 4.110s, finished at 2021-08-17T10:28:57+0000
 ✓ Success:
4.0K -rw-r--r-- 1 root root  444 Aug 17 10:28 packages/shell-switcher-20210509.1045.entry
 32K -rw-r--r-- 1 root root  30K Aug 17 10:28 packages/shell-switcher-20210509.1045.tar
4.0K -rw-r--r-- 1 root root 1.2K Aug 17 10:28 packages/shell-switcher-badge.svg
4.0K -rw-r--r-- 1 root root  231 Aug 17 10:28 packages/shell-switcher-readme.txt
