Package: sicp
Fetcher: github
Source:  https://github.com/webframp/sicp-info.git

Updating /mnt/store/melpa/working/sicp/
Checking out origin/HEAD
Checking out 4002d83083d520c6b5ede2df36cc2cee885d450a
Copying files (->) and directories (=>)
  from /mnt/store/melpa/working/sicp/
  to /tmp/sicpmXAiXR/sicp-20200512.1137
    sicp.el -> sicp.el
    dir -> dir
    sicp.info -> sicp.info
    sicp.texi -> sicp.texi
Created sicp-20200512.1137.tar containing:
  sicp-20200512.1137/
  sicp-20200512.1137/dir
  sicp-20200512.1137/sicp-pkg.el
  sicp-20200512.1137/sicp.el
  sicp-20200512.1137/sicp.info
Built sicp in 4.666s, finished at 2021-08-17T10:29:19+0000
 ✓ Success:
4.0K -rw-r--r-- 1 root root  320 Aug 17 10:29 packages/sicp-20200512.1137.entry
1.5M -rw-r--r-- 1 root root 1.5M Aug 17 10:29 packages/sicp-20200512.1137.tar
4.0K -rw-r--r-- 1 root root 1.2K Aug 17 10:29 packages/sicp-badge.svg
4.0K -rw-r--r-- 1 root root  463 Aug 17 10:29 packages/sicp-readme.txt
