Package: simple-modeline
Fetcher: github
Source:  https://github.com/gexplorer/simple-modeline.git

Updating /mnt/store/melpa/working/simple-modeline/
Copying files (->) and directories (=>)
  from /mnt/store/melpa/working/simple-modeline/
  to /tmp/simple-modelineWvGYKc/simple-modeline-20210312.1048
    simple-modeline-core.el -> simple-modeline-core.el
    simple-modeline-segments.el -> simple-modeline-segments.el
    simple-modeline.el -> simple-modeline.el
Created simple-modeline-20210312.1048.tar containing:
  simple-modeline-20210312.1048/
  simple-modeline-20210312.1048/simple-modeline-core.el
  simple-modeline-20210312.1048/simple-modeline-pkg.el
  simple-modeline-20210312.1048/simple-modeline-segments.el
  simple-modeline-20210312.1048/simple-modeline.el
Built simple-modeline in 4.828s, finished at Wed May 19 04:04:04 2021
 ✓ Success:
4.0K -rw-r--r-- 1 root root  407 May 19 04:04 packages/simple-modeline-20210312.1048.entry
 20K -rw-r--r-- 1 root root  20K May 19 04:04 packages/simple-modeline-20210312.1048.tar
4.0K -rw-r--r-- 1 root root 1.2K May 19 04:04 packages/simple-modeline-badge.svg
4.0K -rw-r--r-- 1 root root  229 May 19 04:04 packages/simple-modeline-readme.txt
