Package: sketch-themes
Fetcher: github
Source:  https://github.com/dawranliou/sketch-themes.git

Updating /mnt/store/melpa/working/sketch-themes/
Copying files (->) and directories (=>)
  from /mnt/store/melpa/working/sketch-themes/
  to /tmp/sketch-themesXn00Mk/sketch-themes-20210325.1700
    sketch-black-theme.el -> sketch-black-theme.el
    sketch-themes.el -> sketch-themes.el
    sketch-white-theme.el -> sketch-white-theme.el
Created sketch-themes-20210325.1700.tar containing:
  sketch-themes-20210325.1700/
  sketch-themes-20210325.1700/sketch-black-theme.el
  sketch-themes-20210325.1700/sketch-themes-pkg.el
  sketch-themes-20210325.1700/sketch-themes.el
  sketch-themes-20210325.1700/sketch-white-theme.el
Built sketch-themes in 4.068s, finished at Wed May 19 04:04:13 2021
 ✓ Success:
4.0K -rw-r--r-- 1 root root  347 May 19 04:04 packages/sketch-themes-20210325.1700.entry
 20K -rw-r--r-- 1 root root  20K May 19 04:04 packages/sketch-themes-20210325.1700.tar
4.0K -rw-r--r-- 1 root root 1.2K May 19 04:04 packages/sketch-themes-badge.svg
4.0K -rw-r--r-- 1 root root  291 May 19 04:04 packages/sketch-themes-readme.txt
