Package: skewer-reload-stylesheets
Fetcher: github
Source:  https://github.com/NateEag/skewer-reload-stylesheets.git

Updating /mnt/store/melpa/working/skewer-reload-stylesheets/
Copying files (->) and directories (=>)
  from /mnt/store/melpa/working/skewer-reload-stylesheets/
  to /tmp/skewer-reload-stylesheetsQR1xNG/skewer-reload-stylesheets-20160725.1220
    skewer-reload-stylesheets.el -> skewer-reload-stylesheets.el
    skewer-reload-stylesheets.js -> skewer-reload-stylesheets.js
Created skewer-reload-stylesheets-20160725.1220.tar containing:
  skewer-reload-stylesheets-20160725.1220/
  skewer-reload-stylesheets-20160725.1220/skewer-reload-stylesheets-pkg.el
  skewer-reload-stylesheets-20160725.1220/skewer-reload-stylesheets.el
  skewer-reload-stylesheets-20160725.1220/skewer-reload-stylesheets.js
Built skewer-reload-stylesheets in 4.105s, finished at Wed May 19 04:04:16 2021
 ✓ Success:
4.0K -rw-r--r-- 1 root root  337 May 19 04:04 packages/skewer-reload-stylesheets-20160725.1220.entry
 20K -rw-r--r-- 1 root root  20K May 19 04:04 packages/skewer-reload-stylesheets-20160725.1220.tar
4.0K -rw-r--r-- 1 root root 1.2K May 19 04:04 packages/skewer-reload-stylesheets-badge.svg
4.0K -rw-r--r-- 1 root root 2.2K May 19 04:04 packages/skewer-reload-stylesheets-readme.txt
