Package: skype
Fetcher: github
Source:  https://github.com/kiwanami/emacs-skype.git

Updating /mnt/store/melpa/working/skype/
Checking out origin/HEAD
Checking out 8e3b33e620ed355522aa36434ff41e3ced080629
Copying files (->) and directories (=>)
  from /mnt/store/melpa/working/skype/
  to /tmp/skypeWoASTb/skype-20160711.824
    skype.el -> skype.el
    skype-proxy.py -> skype-proxy.py
Created skype-20160711.824.tar containing:
  skype-20160711.824/
  skype-20160711.824/skype-pkg.el
  skype-20160711.824/skype-proxy.py
  skype-20160711.824/skype.el
Built skype in 4.471s, finished at 2021-08-17T10:29:39+0000
 ✓ Success:
4.0K -rw-r--r-- 1 root root  283 Aug 17 10:29 packages/skype-20160711.824.entry
 80K -rw-r--r-- 1 root root  80K Aug 17 10:29 packages/skype-20160711.824.tar
4.0K -rw-r--r-- 1 root root 1.2K Aug 17 10:29 packages/skype-badge.svg
4.0K -rw-r--r-- 1 root root  409 Aug 17 10:29 packages/skype-readme.txt
