Package: slurm-mode
Fetcher: github
Source:  https://github.com/ffevotte/slurm.el.git

Updating /mnt/store/melpa/working/slurm-mode/
Checking out origin/HEAD
Checking out 589826fbb07f625b23c322df1cc16377c4fe6f66
Copying files (->) and directories (=>)
  from /mnt/store/melpa/working/slurm-mode/
  to /tmp/slurm-modeQ9Kc81/slurm-mode-20210519.1109
    slurm-mode.el -> slurm-mode.el
    slurm-pkg.el -> slurm-pkg.el
    slurm-script-mode.el -> slurm-script-mode.el
Created slurm-mode-20210519.1109.tar containing:
  slurm-mode-20210519.1109/
  slurm-mode-20210519.1109/slurm-mode-pkg.el
  slurm-mode-20210519.1109/slurm-mode.el
  slurm-mode-20210519.1109/slurm-pkg.el
  slurm-mode-20210519.1109/slurm-script-mode.el
Built slurm-mode in 4.754s, finished at 2021-08-17T13:55:39+0000
 ✓ Success:
4.0K -rw-r--r-- 1 root root  221 Aug 17 13:55 packages/slurm-mode-20210519.1109.entry
 40K -rw-r--r-- 1 root root  40K Aug 17 13:55 packages/slurm-mode-20210519.1109.tar
4.0K -rw-r--r-- 1 root root 1.2K Aug 17 13:55 packages/slurm-mode-badge.svg
4.0K -rw-r--r-- 1 root root  203 Aug 17 13:55 packages/slurm-mode-readme.txt
