Package: sly-quicklisp
Fetcher: github
Source:  https://github.com/joaotavora/sly-quicklisp.git

Updating /mnt/store/melpa/working/sly-quicklisp/
Checking out origin/HEAD
Checking out 4707b62803d7a29f172e9c5ff993b91187a9aaf3
Copying files (->) and directories (=>)
  from /mnt/store/melpa/working/sly-quicklisp/
  to /tmp/sly-quicklispVHyHCO/sly-quicklisp-20200707.1635
    sly-quicklisp-autoloads.el -> sly-quicklisp-autoloads.el
    sly-quicklisp.el -> sly-quicklisp.el
    slynk-quicklisp.lisp -> slynk-quicklisp.lisp
    slynk-quicklisp.asd -> slynk-quicklisp.asd
Created sly-quicklisp-20200707.1635.tar containing:
  sly-quicklisp-20200707.1635/
  sly-quicklisp-20200707.1635/sly-quicklisp-autoloads.el
  sly-quicklisp-20200707.1635/sly-quicklisp-pkg.el
  sly-quicklisp-20200707.1635/sly-quicklisp.el
  sly-quicklisp-20200707.1635/slynk-quicklisp.asd
  sly-quicklisp-20200707.1635/slynk-quicklisp.lisp
Built sly-quicklisp in 5.087s, finished at 2021-08-17T13:55:45+0000
 ✓ Success:
4.0K -rw-r--r-- 1 root root  383 Aug 17 13:55 packages/sly-quicklisp-20200707.1635.entry
 20K -rw-r--r-- 1 root root  20K Aug 17 13:55 packages/sly-quicklisp-20200707.1635.tar
4.0K -rw-r--r-- 1 root root 1.2K Aug 17 13:55 packages/sly-quicklisp-badge.svg
4.0K -rw-r--r-- 1 root root  165 Aug 17 13:55 packages/sly-quicklisp-readme.txt
