Package: sly-asdf
Fetcher: github
Source:  https://github.com/mmgeorge/sly-asdf.git

Updating /mnt/store/melpa/working/sly-asdf/
Copying files (->) and directories (=>)
  from /mnt/store/melpa/working/sly-asdf/
  to /tmp/sly-asdf8dmvnT/sly-asdf-20210407.600
    sly-asdf-flymake-base.el -> sly-asdf-flymake-base.el
    sly-asdf-flymake.el -> sly-asdf-flymake.el
    sly-asdf.el -> sly-asdf.el
    slynk-asdf.lisp -> slynk-asdf.lisp
    slynk-asdf.asd -> slynk-asdf.asd
Created sly-asdf-20210407.600.tar containing:
  sly-asdf-20210407.600/
  sly-asdf-20210407.600/sly-asdf-flymake-base.el
  sly-asdf-20210407.600/sly-asdf-flymake.el
  sly-asdf-20210407.600/sly-asdf-pkg.el
  sly-asdf-20210407.600/sly-asdf.el
  sly-asdf-20210407.600/slynk-asdf.asd
  sly-asdf-20210407.600/slynk-asdf.lisp
Built sly-asdf in 8.710s, finished at Wed May 19 04:04:41 2021
 ✓ Success:
4.0K -rw-r--r-- 1 root root  372 May 19 04:04 packages/sly-asdf-20210407.600.entry
120K -rw-r--r-- 1 root root 120K May 19 04:04 packages/sly-asdf-20210407.600.tar
4.0K -rw-r--r-- 1 root root 1.2K May 19 04:04 packages/sly-asdf-badge.svg
4.0K -rw-r--r-- 1 root root  237 May 19 04:04 packages/sly-asdf-readme.txt
