Package: sly
Fetcher: github
Source:  https://github.com/joaotavora/sly.git

Updating /mnt/store/melpa/working/sly/
Copying files (->) and directories (=>)
  from /mnt/store/melpa/working/sly/
  to /tmp/slyE5kANP/sly-20210303.1148
    sly.el -> sly.el
  ! doc/contributors.texi -> contributors.texi
  ! doc/sly.texi -> sly.texi
    lib => lib
    slynk => slynk
    contrib => contrib
  ! doc/images => images
Created /tmp/slyE5kANP/sly-20210303.1148/contributors.info
Created /tmp/slyE5kANP/sly-20210303.1148/sly.info
Created sly-20210303.1148.tar containing:
  sly-20210303.1148/
  sly-20210303.1148/contrib/
  sly-20210303.1148/contrib/sly-autodoc.el
  sly-20210303.1148/contrib/sly-fancy-inspector.el
  sly-20210303.1148/contrib/sly-fancy-trace.el
  sly-20210303.1148/contrib/sly-fancy.el
  sly-20210303.1148/contrib/sly-fontifying-fu.el
  sly-20210303.1148/contrib/sly-indentation.el
  sly-20210303.1148/contrib/sly-mrepl.el
  sly-20210303.1148/contrib/sly-package-fu.el
  sly-20210303.1148/contrib/sly-profiler.el
  sly-20210303.1148/contrib/sly-retro.el
  sly-20210303.1148/contrib/sly-scratch.el
  sly-20210303.1148/contrib/sly-stickers.el
  sly-20210303.1148/contrib/sly-trace-dialog.el
  sly-20210303.1148/contrib/sly-tramp.el
  sly-20210303.1148/contrib/slynk-arglists.lisp
  sly-20210303.1148/contrib/slynk-fancy-inspector.lisp
  sly-20210303.1148/contrib/slynk-indentation.lisp
  sly-20210303.1148/contrib/slynk-mrepl.lisp
  sly-20210303.1148/contrib/slynk-package-fu.lisp
  sly-20210303.1148/contrib/slynk-profiler.lisp
  sly-20210303.1148/contrib/slynk-retro.lisp
  sly-20210303.1148/contrib/slynk-stickers.lisp
  sly-20210303.1148/contrib/slynk-trace-dialog.lisp
  sly-20210303.1148/contrib/sylvesters.txt
  sly-20210303.1148/contributors.info
  sly-20210303.1148/dir
  sly-20210303.1148/images/
  sly-20210303.1148/images/stickers-1-placed-stickers.png
  sly-20210303.1148/images/stickers-2-armed-stickers.png
  sly-20210303.1148/images/stickers-3-replay-stickers.png
  sly-20210303.1148/images/stickers-4-breaking-stickers.png
  sly-20210303.1148/images/stickers-5-fetch-recordings.png
  sly-20210303.1148/images/tutorial-1.png
  sly-20210303.1148/images/tutorial-2.png
  sly-20210303.1148/images/tutorial-3.png
  sly-20210303.1148/images/tutorial-4.png
  sly-20210303.1148/images/tutorial-5.png
  sly-20210303.1148/images/tutorial-6.png
  sly-20210303.1148/lib/
  sly-20210303.1148/lib/.nosearch
  sly-20210303.1148/lib/hyperspec.el
  sly-20210303.1148/lib/sly-buttons.el
  sly-20210303.1148/lib/sly-cl-indent.el
  sly-20210303.1148/lib/sly-common.el
  sly-20210303.1148/lib/sly-completion.el
  sly-20210303.1148/lib/sly-messages.el
  sly-20210303.1148/lib/sly-parse.el
  sly-20210303.1148/lib/sly-tests.el
  sly-20210303.1148/sly-pkg.el
  sly-20210303.1148/sly.el
  sly-20210303.1148/sly.info
  sly-20210303.1148/slynk/
  sly-20210303.1148/slynk/backend/
  sly-20210303.1148/slynk/backend/abcl.lisp
  sly-20210303.1148/slynk/backend/allegro.lisp
  sly-20210303.1148/slynk/backend/ccl.lisp
  sly-20210303.1148/slynk/backend/clasp.lisp
  sly-20210303.1148/slynk/backend/clisp.lisp
  sly-20210303.1148/slynk/backend/cmucl.lisp
  sly-20210303.1148/slynk/backend/corman.lisp
  sly-20210303.1148/slynk/backend/ecl.lisp
  sly-20210303.1148/slynk/backend/lispworks.lisp
  sly-20210303.1148/slynk/backend/mkcl.lisp
  sly-20210303.1148/slynk/backend/sbcl.lisp
  sly-20210303.1148/slynk/backend/scl.lisp
  sly-20210303.1148/slynk/metering.lisp
  sly-20210303.1148/slynk/slynk-apropos.lisp
  sly-20210303.1148/slynk/slynk-backend.lisp
  sly-20210303.1148/slynk/slynk-completion.lisp
  sly-20210303.1148/slynk/slynk-gray.lisp
  sly-20210303.1148/slynk/slynk-loader.lisp
  sly-20210303.1148/slynk/slynk-match.lisp
  sly-20210303.1148/slynk/slynk-rpc.lisp
  sly-20210303.1148/slynk/slynk-source-file-cache.lisp
  sly-20210303.1148/slynk/slynk-source-path-parser.lisp
  sly-20210303.1148/slynk/slynk.asd
  sly-20210303.1148/slynk/slynk.lisp
  sly-20210303.1148/slynk/start-slynk.lisp
  sly-20210303.1148/slynk/xref.lisp
Built sly in 42.908s, finished at Wed May 19 04:05:15 2021
 ✓ Success:
4.0K -rw-r--r-- 1 root root  262 May 19 04:05 packages/sly-20210303.1148.entry
3.0M -rw-r--r-- 1 root root 3.0M May 19 04:05 packages/sly-20210303.1148.tar
4.0K -rw-r--r-- 1 root root  372 May 19 04:04 packages/sly-asdf-20210407.600.entry
120K -rw-r--r-- 1 root root 120K May 19 04:04 packages/sly-asdf-20210407.600.tar
4.0K -rw-r--r-- 1 root root 1.2K May 19 04:04 packages/sly-asdf-badge.svg
4.0K -rw-r--r-- 1 root root  237 May 19 04:04 packages/sly-asdf-readme.txt
4.0K -rw-r--r-- 1 root root 1.2K May 19 04:04 packages/sly-asdf.log
4.0K -rw-r--r-- 1 root root 1.2K May 19 04:05 packages/sly-badge.svg
4.0K -rw-r--r-- 1 root root  397 May 19 04:04 packages/sly-hello-world-20200225.1755.entry
 20K -rw-r--r-- 1 root root  20K May 19 04:04 packages/sly-hello-world-20200225.1755.tar
4.0K -rw-r--r-- 1 root root 1.2K May 19 04:04 packages/sly-hello-world-badge.svg
4.0K -rw-r--r-- 1 root root  152 May 19 04:04 packages/sly-hello-world-readme.txt
4.0K -rw-r--r-- 1 root root 1.3K May 19 04:04 packages/sly-hello-world.log
4.0K -rw-r--r-- 1 root root  302 May 19 04:04 packages/sly-macrostep-20191211.1630.entry
 32K -rw-r--r-- 1 root root  30K May 19 04:04 packages/sly-macrostep-20191211.1630.tar
4.0K -rw-r--r-- 1 root root 1.2K May 19 04:04 packages/sly-macrostep-badge.svg
4.0K -rw-r--r-- 1 root root 1.4K May 19 04:04 packages/sly-macrostep.log
4.0K -rw-r--r-- 1 root root  438 May 19 04:04 packages/sly-named-readtables-20191013.2138.entry
 20K -rw-r--r-- 1 root root  20K May 19 04:04 packages/sly-named-readtables-20191013.2138.tar
4.0K -rw-r--r-- 1 root root 1.2K May 19 04:04 packages/sly-named-readtables-badge.svg
4.0K -rw-r--r-- 1 root root 1.2K May 19 04:04 packages/sly-named-readtables-readme.txt
4.0K -rw-r--r-- 1 root root 1.6K May 19 04:04 packages/sly-named-readtables.log
4.0K -rw-r--r-- 1 root root  383 May 19 04:04 packages/sly-quicklisp-20200707.1635.entry
 20K -rw-r--r-- 1 root root  20K May 19 04:04 packages/sly-quicklisp-20200707.1635.tar
4.0K -rw-r--r-- 1 root root 1.2K May 19 04:04 packages/sly-quicklisp-badge.svg
4.0K -rw-r--r-- 1 root root  165 May 19 04:04 packages/sly-quicklisp-readme.txt
4.0K -rw-r--r-- 1 root root 1.3K May 19 04:04 packages/sly-quicklisp.log
4.0K -rw-r--r-- 1 root root 1.4K May 19 04:05 packages/sly-readme.txt
4.0K -rw-r--r-- 1 root root 2.5K May 19 04:04 packages/sly-repl-ansi-color-20171020.1516.el
4.0K -rw-r--r-- 1 root root  495 May 19 04:04 packages/sly-repl-ansi-color-20171020.1516.entry
4.0K -rw-r--r-- 1 root root 1.2K May 19 04:04 packages/sly-repl-ansi-color-badge.svg
4.0K -rw-r--r-- 1 root root  145 May 19 04:04 packages/sly-repl-ansi-color-readme.txt
4.0K -rw-r--r-- 1 root root  609 May 19 04:04 packages/sly-repl-ansi-color.log
