Package: smart-mode-line
Fetcher: github
Source:  https://github.com/Malabarba/smart-mode-line.git

Updating /mnt/store/melpa/working/smart-mode-line/
Copying files (->) and directories (=>)
  from /mnt/store/melpa/working/smart-mode-line/
  to /tmp/smart-mode-linelfSZAs/smart-mode-line-20210428.1641
    smart-mode-line-dark-theme.el -> smart-mode-line-dark-theme.el
    smart-mode-line-light-theme.el -> smart-mode-line-light-theme.el
    smart-mode-line-respectful-theme.el -> smart-mode-line-respectful-theme.el
    smart-mode-line.el -> smart-mode-line.el
Created smart-mode-line-20210428.1641.tar containing:
  smart-mode-line-20210428.1641/
  smart-mode-line-20210428.1641/smart-mode-line-dark-theme.el
  smart-mode-line-20210428.1641/smart-mode-line-light-theme.el
  smart-mode-line-20210428.1641/smart-mode-line-pkg.el
  smart-mode-line-20210428.1641/smart-mode-line-respectful-theme.el
  smart-mode-line-20210428.1641/smart-mode-line.el
Built smart-mode-line in 4.432s, finished at Wed May 19 04:05:14 2021
 ✓ Success:
4.0K -rw-r--r-- 1 root root  456 May 19 04:05 packages/smart-mode-line-20210428.1641.entry
 92K -rw-r--r-- 1 root root  90K May 19 04:05 packages/smart-mode-line-20210428.1641.tar
4.0K -rw-r--r-- 1 root root 2.3K May 19 04:05 packages/smart-mode-line-atom-one-dark-theme-20201229.1711.el
4.0K -rw-r--r-- 1 root root  553 May 19 04:05 packages/smart-mode-line-atom-one-dark-theme-20201229.1711.entry
4.0K -rw-r--r-- 1 root root 1.2K May 19 00:50 packages/smart-mode-line-atom-one-dark-theme-badge.svg
4.0K -rw-r--r-- 1 root root   42 May 19 04:05 packages/smart-mode-line-atom-one-dark-theme-readme.txt
4.0K -rw-r--r-- 1 root root  215 May 19 04:05 packages/smart-mode-line-atom-one-dark-theme.log
4.0K -rw-r--r-- 1 root root 1.2K May 19 04:05 packages/smart-mode-line-badge.svg
4.0K -rw-r--r-- 1 root root  553 May 19 00:50 packages/smart-mode-line-powerline-theme-20160706.38.entry
 20K -rw-r--r-- 1 root root  20K May 19 00:50 packages/smart-mode-line-powerline-theme-20160706.38.tar
4.0K -rw-r--r-- 1 root root 1.2K May 19 00:50 packages/smart-mode-line-powerline-theme-badge.svg
4.0K -rw-r--r-- 1 root root  183 May 19 04:05 packages/smart-mode-line-powerline-theme.log
8.0K -rw-r--r-- 1 root root 5.9K May 19 04:05 packages/smart-mode-line-readme.txt
