Package: smudge
Fetcher: github
Source:  https://github.com/danielfm/smudge.git

Updating /mnt/store/melpa/working/smudge/
Copying files (->) and directories (=>)
  from /mnt/store/melpa/working/smudge/
  to /tmp/smudge3RFVOf/smudge-20210326.2222
    smudge-api.el -> smudge-api.el
    smudge-apple.el -> smudge-apple.el
    smudge-connect.el -> smudge-connect.el
    smudge-controller.el -> smudge-controller.el
    smudge-dbus.el -> smudge-dbus.el
    smudge-device-select.el -> smudge-device-select.el
    smudge-playlist.el -> smudge-playlist.el
    smudge-remote.el -> smudge-remote.el
    smudge-track.el -> smudge-track.el
    smudge.el -> smudge.el
Created smudge-20210326.2222.tar containing:
  smudge-20210326.2222/
  smudge-20210326.2222/smudge-api.el
  smudge-20210326.2222/smudge-apple.el
  smudge-20210326.2222/smudge-connect.el
  smudge-20210326.2222/smudge-controller.el
  smudge-20210326.2222/smudge-dbus.el
  smudge-20210326.2222/smudge-device-select.el
  smudge-20210326.2222/smudge-pkg.el
  smudge-20210326.2222/smudge-playlist.el
  smudge-20210326.2222/smudge-remote.el
  smudge-20210326.2222/smudge-track.el
  smudge-20210326.2222/smudge.el
Built smudge in 4.407s, finished at Wed May 19 04:05:36 2021
 ✓ Success:
4.0K -rw-r--r-- 1 root root  322 May 19 04:05 packages/smudge-20210326.2222.entry
100K -rw-r--r-- 1 root root 100K May 19 04:05 packages/smudge-20210326.2222.tar
4.0K -rw-r--r-- 1 root root 1.2K May 19 04:05 packages/smudge-badge.svg
4.0K -rw-r--r-- 1 root root  499 May 19 04:05 packages/smudge-readme.txt
