Package: snakemake-mode
Fetcher: github
Source:  https://github.com/kyleam/snakemake-mode.git

Updating /mnt/store/melpa/working/snakemake-mode/
Checking out origin/HEAD
Checking out 592901893f297099ffb759b4d1359bcd3411d1a9
Copying files (->) and directories (=>)
  from /mnt/store/melpa/working/snakemake-mode/
  to /tmp/snakemake-modeHcHUsq/snakemake-mode-20201224.1744
    snakemake-mode.el -> snakemake-mode.el
    snakemake.el -> snakemake.el
Created snakemake-mode-20201224.1744.tar containing:
  snakemake-mode-20201224.1744/
  snakemake-mode-20201224.1744/snakemake-mode-pkg.el
  snakemake-mode-20201224.1744/snakemake-mode.el
  snakemake-mode-20201224.1744/snakemake.el
Built snakemake-mode in 4.971s, finished at 2021-08-17T13:56:24+0000
 ✓ Success:
4.0K -rw-r--r-- 1 root root  416 Aug 17 13:56 packages/snakemake-mode-20201224.1744.entry
 60K -rw-r--r-- 1 root root  60K Aug 17 13:56 packages/snakemake-mode-20201224.1744.tar
4.0K -rw-r--r-- 1 root root 1.2K Aug 17 13:56 packages/snakemake-mode-badge.svg
4.0K -rw-r--r-- 1 root root  746 Aug 17 13:56 packages/snakemake-mode-readme.txt
