Package: solarized-theme
Fetcher: github
Source:  https://github.com/bbatsov/solarized-emacs.git

Updating /mnt/store/melpa/working/solarized-theme/
Checking out origin/HEAD
Checking out 91788f32acb3a0b1c2d8a311f47a80ce6211f9c7
Copying files (->) and directories (=>)
  from /mnt/store/melpa/working/solarized-theme/
  to /tmp/solarized-themeoxSrUz/solarized-theme-20210808.1829
    solarized-dark-high-contrast-theme.el -> solarized-dark-high-contrast-theme.el
    solarized-dark-theme.el -> solarized-dark-theme.el
    solarized-faces.el -> solarized-faces.el
    solarized-gruvbox-dark-theme.el -> solarized-gruvbox-dark-theme.el
    solarized-gruvbox-light-theme.el -> solarized-gruvbox-light-theme.el
    solarized-light-high-contrast-theme.el -> solarized-light-high-contrast-theme.el
    solarized-light-theme.el -> solarized-light-theme.el
    solarized-palettes.el -> solarized-palettes.el
    solarized-theme-utils.el -> solarized-theme-utils.el
    solarized-theme.el -> solarized-theme.el
    solarized-wombat-dark-theme.el -> solarized-wombat-dark-theme.el
    solarized-zenburn-theme.el -> solarized-zenburn-theme.el
    solarized.el -> solarized.el
Created solarized-theme-20210808.1829.tar containing:
  solarized-theme-20210808.1829/
  solarized-theme-20210808.1829/solarized-dark-high-contrast-theme.el
  solarized-theme-20210808.1829/solarized-dark-theme.el
  solarized-theme-20210808.1829/solarized-faces.el
  solarized-theme-20210808.1829/solarized-gruvbox-dark-theme.el
  solarized-theme-20210808.1829/solarized-gruvbox-light-theme.el
  solarized-theme-20210808.1829/solarized-light-high-contrast-theme.el
  solarized-theme-20210808.1829/solarized-light-theme.el
  solarized-theme-20210808.1829/solarized-palettes.el
  solarized-theme-20210808.1829/solarized-theme-pkg.el
  solarized-theme-20210808.1829/solarized-theme-utils.el
  solarized-theme-20210808.1829/solarized-theme.el
  solarized-theme-20210808.1829/solarized-wombat-dark-theme.el
  solarized-theme-20210808.1829/solarized-zenburn-theme.el
  solarized-theme-20210808.1829/solarized.el
Built solarized-theme in 4.549s, finished at 2021-08-17T13:56:37+0000
 ✓ Success:
4.0K -rw-r--r-- 1 root root  427 Aug 17 13:56 packages/solarized-theme-20210808.1829.entry
200K -rw-r--r-- 1 root root 200K Aug 17 13:56 packages/solarized-theme-20210808.1829.tar
4.0K -rw-r--r-- 1 root root 1.2K Aug 17 13:56 packages/solarized-theme-badge.svg
4.0K -rw-r--r-- 1 root root  329 Aug 17 13:56 packages/solarized-theme-readme.txt
