Package: solidity-mode
Fetcher: github
Source:  https://github.com/ethereum/emacs-solidity.git

Updating /mnt/store/melpa/working/solidity-mode/
Checking out origin/HEAD
Checking out 6f7bd1641e5282ec5163188d8b8c2f6dfddc2e36
Copying files (->) and directories (=>)
  from /mnt/store/melpa/working/solidity-mode/
  to /tmp/solidity-mode2PzxtY/solidity-mode-20210717.844
    solidity-common.el -> solidity-common.el
    solidity-mode.el -> solidity-mode.el
Created solidity-mode-20210717.844.tar containing:
  solidity-mode-20210717.844/
  solidity-mode-20210717.844/solidity-common.el
  solidity-mode-20210717.844/solidity-mode-pkg.el
  solidity-mode-20210717.844/solidity-mode.el
Built solidity-mode in 4.511s, finished at 2021-08-17T13:56:38+0000
 ✓ Success:
4.0K -rw-r--r-- 1 root root  321 Aug 17 13:56 packages/solidity-mode-20210717.844.entry
 32K -rw-r--r-- 1 root root  30K Aug 17 13:56 packages/solidity-mode-20210717.844.tar
4.0K -rw-r--r-- 1 root root 1.2K Aug 17 13:56 packages/solidity-mode-badge.svg
4.0K -rw-r--r-- 1 root root  215 Aug 17 13:56 packages/solidity-mode-readme.txt
