Package: sonic-pi
Fetcher: github
Source:  https://github.com/repl-electric/sonic-pi.el.git

Updating /mnt/store/melpa/working/sonic-pi/
Copying files (->) and directories (=>)
  from /mnt/store/melpa/working/sonic-pi/
  to /tmp/sonic-piIxCt1o/sonic-pi-20171205.1205
    sonic-pi-console.el -> sonic-pi-console.el
    sonic-pi-mode.el -> sonic-pi-mode.el
    sonic-pi-osc.el -> sonic-pi-osc.el
    sonic-pi.el -> sonic-pi.el
Created sonic-pi-20171205.1205.tar containing:
  sonic-pi-20171205.1205/
  sonic-pi-20171205.1205/sonic-pi-console.el
  sonic-pi-20171205.1205/sonic-pi-mode.el
  sonic-pi-20171205.1205/sonic-pi-osc.el
  sonic-pi-20171205.1205/sonic-pi-pkg.el
  sonic-pi-20171205.1205/sonic-pi.el
Built sonic-pi in 5.421s, finished at Wed May 19 04:06:01 2021
 ✓ Success:
4.0K -rw-r--r-- 1 root root  474 May 19 04:06 packages/sonic-pi-20171205.1205.entry
 32K -rw-r--r-- 1 root root  30K May 19 04:06 packages/sonic-pi-20171205.1205.tar
4.0K -rw-r--r-- 1 root root 1.2K May 19 04:06 packages/sonic-pi-badge.svg
4.0K -rw-r--r-- 1 root root  142 May 19 04:06 packages/sonic-pi-readme.txt
