Package: soria-theme
Fetcher: github
Source:  https://github.com/mssola/soria.git

Updating /mnt/store/melpa/working/soria-theme/
Checking out origin/HEAD
Checking out cc225f51ea724d8767f97249d8c6b3fc5182d331
Copying files (->) and directories (=>)
  from /mnt/store/melpa/working/soria-theme/
  to /tmp/soria-themeUz9Yru/soria-theme-20210813.912
    soria-theme-tree.el -> soria-theme-tree.el
    soria-theme.el -> soria-theme.el
Created soria-theme-20210813.912.tar containing:
  soria-theme-20210813.912/
  soria-theme-20210813.912/soria-theme-pkg.el
  soria-theme-20210813.912/soria-theme-tree.el
  soria-theme-20210813.912/soria-theme.el
Built soria-theme in 5.080s, finished at 2021-08-17T13:56:45+0000
 ✓ Success:
4.0K -rw-r--r-- 1 root root  410 Aug 17 13:56 packages/soria-theme-20210813.912.entry
 60K -rw-r--r-- 1 root root  60K Aug 17 13:56 packages/soria-theme-20210813.912.tar
4.0K -rw-r--r-- 1 root root 1.2K Aug 17 13:56 packages/soria-theme-badge.svg
4.0K -rw-r--r-- 1 root root  189 Aug 17 13:56 packages/soria-theme-readme.txt
