Package: sotclojure
Fetcher: github
Source:  https://github.com/Malabarba/speed-of-thought-clojure.git

Updating /mnt/store/melpa/working/sotclojure/
Checking out origin/HEAD
Checking out a480c887b53cb007b7b099c5ffcab89b9e59d7bc
Copying files (->) and directories (=>)
  from /mnt/store/melpa/working/sotclojure/
  to /tmp/sotclojureNSneJ2/sotclojure-20170922.8
    sotclojure-on.el -> sotclojure-on.el
    sotclojure.el -> sotclojure.el
Created sotclojure-20170922.8.tar containing:
  sotclojure-20170922.8/
  sotclojure-20170922.8/sotclojure-on.el
  sotclojure-20170922.8/sotclojure-pkg.el
  sotclojure-20170922.8/sotclojure.el
Built sotclojure in 4.622s, finished at 2021-08-17T13:56:45+0000
 ✓ Success:
4.0K -rw-r--r-- 1 root root  544 Aug 17 13:56 packages/sotclojure-20170922.8.entry
 20K -rw-r--r-- 1 root root  20K Aug 17 13:56 packages/sotclojure-20170922.8.tar
4.0K -rw-r--r-- 1 root root 1.2K Aug 17 13:56 packages/sotclojure-badge.svg
4.0K -rw-r--r-- 1 root root 2.0K Aug 17 13:56 packages/sotclojure-readme.txt
