Package: soundklaus
Fetcher: github
Source:  https://github.com/r0man/soundklaus.el.git

Updating /mnt/store/melpa/working/soundklaus/
Checking out origin/HEAD
Checking out 15ce6e7f24a45e4f202d83cca9fa3bfdd94ca592
Copying files (->) and directories (=>)
  from /mnt/store/melpa/working/soundklaus/
  to /tmp/soundklaus2mwXiW/soundklaus-20191220.2112
    soundklaus-collection.el -> soundklaus-collection.el
    soundklaus-custom.el -> soundklaus-custom.el
    soundklaus-generic.el -> soundklaus-generic.el
    soundklaus-helm.el -> soundklaus-helm.el
    soundklaus-playlist.el -> soundklaus-playlist.el
    soundklaus-request.el -> soundklaus-request.el
    soundklaus-resource.el -> soundklaus-resource.el
    soundklaus-track.el -> soundklaus-track.el
    soundklaus-user.el -> soundklaus-user.el
    soundklaus-utils.el -> soundklaus-utils.el
    soundklaus.el -> soundklaus.el
Created soundklaus-20191220.2112.tar containing:
  soundklaus-20191220.2112/
  soundklaus-20191220.2112/soundklaus-collection.el
  soundklaus-20191220.2112/soundklaus-custom.el
  soundklaus-20191220.2112/soundklaus-generic.el
  soundklaus-20191220.2112/soundklaus-helm.el
  soundklaus-20191220.2112/soundklaus-pkg.el
  soundklaus-20191220.2112/soundklaus-playlist.el
  soundklaus-20191220.2112/soundklaus-request.el
  soundklaus-20191220.2112/soundklaus-resource.el
  soundklaus-20191220.2112/soundklaus-track.el
  soundklaus-20191220.2112/soundklaus-user.el
  soundklaus-20191220.2112/soundklaus-utils.el
  soundklaus-20191220.2112/soundklaus.el
Built soundklaus in 4.768s, finished at 2021-08-17T13:56:51+0000
 ✓ Success:
4.0K -rw-r--r-- 1 root root  592 Aug 17 13:56 packages/soundklaus-20191220.2112.entry
 92K -rw-r--r-- 1 root root  90K Aug 17 13:56 packages/soundklaus-20191220.2112.tar
4.0K -rw-r--r-- 1 root root 1.2K Aug 17 13:56 packages/soundklaus-badge.svg
4.0K -rw-r--r-- 1 root root   72 Aug 17 13:56 packages/soundklaus-readme.txt
