Package: spaceline
Fetcher: github
Source:  https://github.com/TheBB/spaceline.git

Updating /mnt/store/melpa/working/spaceline/
Checking out origin/HEAD
Checking out 50cc5b26d823bbfd347becd7da03cd29c2a2a0dc
Copying files (->) and directories (=>)
  from /mnt/store/melpa/working/spaceline/
  to /tmp/spaceline3ino6O/spaceline-20201016.1043
    spaceline-config.el -> spaceline-config.el
    spaceline-segments.el -> spaceline-segments.el
    spaceline.el -> spaceline.el
Created spaceline-20201016.1043.tar containing:
  spaceline-20201016.1043/
  spaceline-20201016.1043/spaceline-config.el
  spaceline-20201016.1043/spaceline-pkg.el
  spaceline-20201016.1043/spaceline-segments.el
  spaceline-20201016.1043/spaceline.el
Built spaceline in 4.363s, finished at 2021-08-17T13:56:57+0000
 ✓ Success:
4.0K -rw-r--r-- 1 root root  519 Aug 17 13:56 packages/spaceline-20201016.1043.entry
 80K -rw-r--r-- 1 root root  80K Aug 17 13:56 packages/spaceline-20201016.1043.tar
4.0K -rw-r--r-- 1 root root  544 Aug 17 10:31 packages/spaceline-all-the-icons-20190325.1602.entry
100K -rw-r--r-- 1 root root 100K Aug 17 10:31 packages/spaceline-all-the-icons-20190325.1602.tar
4.0K -rw-r--r-- 1 root root 1.2K Aug 17 10:31 packages/spaceline-all-the-icons-badge.svg
4.0K -rw-r--r-- 1 root root 3.0K Aug 17 10:31 packages/spaceline-all-the-icons-readme.txt
4.0K -rw-r--r-- 1 root root  256 Aug 17 13:56 packages/spaceline-all-the-icons.log
4.0K -rw-r--r-- 1 root root 1.2K Aug 17 13:56 packages/spaceline-badge.svg
4.0K -rw-r--r-- 1 root root  239 Aug 17 13:56 packages/spaceline-readme.txt
