Package: spdx
Fetcher: github
Source:  https://github.com/condy0919/spdx.el.git

Updating /mnt/store/melpa/working/spdx/
Checking out origin/HEAD
Checking out 1a623ea518c4fa7af37181eb15b8afd6197e3d93
Copying files (->) and directories (=>)
  from /mnt/store/melpa/working/spdx/
  to /tmp/spdxk6Evbl/spdx-20210810.1723
    spdx-data.el -> spdx-data.el
    spdx.el -> spdx.el
Created spdx-20210810.1723.tar containing:
  spdx-20210810.1723/
  spdx-20210810.1723/spdx-data.el
  spdx-20210810.1723/spdx-pkg.el
  spdx-20210810.1723/spdx.el
Built spdx in 5.447s, finished at 2021-08-17T13:57:05+0000
 ✓ Success:
4.0K -rw-r--r-- 1 root root  365 Aug 17 13:57 packages/spdx-20210810.1723.entry
 32K -rw-r--r-- 1 root root  30K Aug 17 13:57 packages/spdx-20210810.1723.tar
4.0K -rw-r--r-- 1 root root 1.2K Aug 17 13:57 packages/spdx-badge.svg
4.0K -rw-r--r-- 1 root root 1.1K Aug 17 13:57 packages/spdx-readme.txt
