Package: speech-tagger
Fetcher: github
Source:  https://github.com/cosmicexplorer/speech-tagger.git

Updating /mnt/store/melpa/working/speech-tagger/
Copying files (->) and directories (=>)
  from /mnt/store/melpa/working/speech-tagger/
  to /tmp/speech-taggerGPlCBv/speech-tagger-20170728.1829
  ! emacs/speech-tagger.el -> speech-tagger.el
  ! emacs/penn_treebank_tags.json -> penn_treebank_tags.json
Created speech-tagger-20170728.1829.tar containing:
  speech-tagger-20170728.1829/
  speech-tagger-20170728.1829/penn_treebank_tags.json
  speech-tagger-20170728.1829/speech-tagger-pkg.el
  speech-tagger-20170728.1829/speech-tagger.el
Built speech-tagger in 4.945s, finished at Wed May 19 04:06:24 2021
 ✓ Success:
4.0K -rw-r--r-- 1 root root  446 May 19 04:06 packages/speech-tagger-20170728.1829.entry
 40K -rw-r--r-- 1 root root  40K May 19 04:06 packages/speech-tagger-20170728.1829.tar
4.0K -rw-r--r-- 1 root root 1.2K May 19 04:06 packages/speech-tagger-badge.svg
4.0K -rw-r--r-- 1 root root  852 May 19 04:06 packages/speech-tagger-readme.txt
