Package: sphinx-mode
Fetcher: github
Source:  https://github.com/Fuco1/sphinx-mode.git

Updating /mnt/store/melpa/working/sphinx-mode/
Copying files (->) and directories (=>)
  from /mnt/store/melpa/working/sphinx-mode/
  to /tmp/sphinx-mode8CcL6Y/sphinx-mode-20180620.915
    sphinx-mode-pkg.el -> sphinx-mode-pkg.el
    sphinx-mode.el -> sphinx-mode.el
    sphinx-src.el -> sphinx-src.el
Created sphinx-mode-20180620.915.tar containing:
  sphinx-mode-20180620.915/
  sphinx-mode-20180620.915/sphinx-mode-pkg.el
  sphinx-mode-20180620.915/sphinx-mode.el
  sphinx-mode-20180620.915/sphinx-src.el
Built sphinx-mode in 4.638s, finished at Wed May 19 04:06:31 2021
 ✓ Success:
4.0K -rw-r--r-- 1 root root  368 May 19 04:06 packages/sphinx-mode-20180620.915.entry
 20K -rw-r--r-- 1 root root  20K May 19 04:06 packages/sphinx-mode-20180620.915.tar
4.0K -rw-r--r-- 1 root root 1.2K May 19 04:06 packages/sphinx-mode-badge.svg
   0 -rw-r--r-- 1 root root    0 May 19 04:06 packages/sphinx-mode-readme.txt
