Package: spiral
Fetcher: github
Source:  https://github.com/Unrepl/spiral.git

Updating /mnt/store/melpa/working/spiral/
Checking out origin/HEAD
Checking out 907b9792467139a942ba7b07ca0276b90770baf9
Copying files (->) and directories (=>)
  from /mnt/store/melpa/working/spiral/
  to /tmp/spiralJBVIwx/spiral-20180223.1140
    spiral-ast.el -> spiral-ast.el
    spiral-attachment.el -> spiral-attachment.el
    spiral-button.el -> spiral-button.el
    spiral-loop.el -> spiral-loop.el
    spiral-mode.el -> spiral-mode.el
    spiral-overlay.el -> spiral-overlay.el
    spiral-project.el -> spiral-project.el
    spiral-repl.el -> spiral-repl.el
    spiral-socket.el -> spiral-socket.el
    spiral-stacktrace.el -> spiral-stacktrace.el
    spiral-util.el -> spiral-util.el
    spiral.el -> spiral.el
    blob.clj -> blob.clj
    tools => tools
  ! parseclj/parseclj.el -> parseclj.el
  ! parseclj/parseedn.el -> parseedn.el
  ! parseclj/parseclj-parser.el -> parseclj-parser.el
  ! parseclj/parseclj-lex.el -> parseclj-lex.el
  ! parseclj/parseclj-ast.el -> parseclj-ast.el
Created spiral-20180223.1140.tar containing:
  spiral-20180223.1140/
  spiral-20180223.1140/blob.clj
  spiral-20180223.1140/parseclj-ast.el
  spiral-20180223.1140/parseclj-lex.el
  spiral-20180223.1140/parseclj-parser.el
  spiral-20180223.1140/parseclj.el
  spiral-20180223.1140/parseedn.el
  spiral-20180223.1140/spiral-ast.el
  spiral-20180223.1140/spiral-attachment.el
  spiral-20180223.1140/spiral-button.el
  spiral-20180223.1140/spiral-loop.el
  spiral-20180223.1140/spiral-mode.el
  spiral-20180223.1140/spiral-overlay.el
  spiral-20180223.1140/spiral-pkg.el
  spiral-20180223.1140/spiral-project.el
  spiral-20180223.1140/spiral-repl.el
  spiral-20180223.1140/spiral-socket.el
  spiral-20180223.1140/spiral-stacktrace.el
  spiral-20180223.1140/spiral-util.el
  spiral-20180223.1140/spiral.el
  spiral-20180223.1140/tools/
  spiral-20180223.1140/tools/src/
  spiral-20180223.1140/tools/src/spiral/
  spiral-20180223.1140/tools/src/spiral/tools/
  spiral-20180223.1140/tools/src/spiral/tools/completion.clj
  spiral-20180223.1140/tools/src/spiral/tools/load_file.clj
  spiral-20180223.1140/tools/vendor/
  spiral-20180223.1140/tools/vendor/compliment-0.3.4.jar
Built spiral in 6.132s, finished at 2021-08-17T13:57:17+0000
 ✓ Success:
4.0K -rw-r--r-- 1 root root  473 Aug 17 13:57 packages/spiral-20180223.1140.entry
320K -rw-r--r-- 1 root root 320K Aug 17 13:57 packages/spiral-20180223.1140.tar
4.0K -rw-r--r-- 1 root root 1.2K Aug 17 13:57 packages/spiral-badge.svg
4.0K -rw-r--r-- 1 root root  818 Aug 17 13:57 packages/spiral-readme.txt
