Package: spu
Fetcher: github
Source:  https://github.com/mola-T/SPU.git

Updating /mnt/store/melpa/working/spu/
Copying files (->) and directories (=>)
  from /mnt/store/melpa/working/spu/
  to /tmp/spu6tfG5h/spu-20161214.324
    spu-dark.el -> spu-dark.el
    spu.el -> spu.el
Created spu-20161214.324.tar containing:
  spu-20161214.324/
  spu-20161214.324/spu-dark.el
  spu-20161214.324/spu-pkg.el
  spu-20161214.324/spu.el
Built spu in 3.827s, finished at Wed May 19 04:06:42 2021
 ✓ Success:
4.0K -rw-r--r-- 1 root root  413 May 19 04:06 packages/spu-20161214.324.entry
 32K -rw-r--r-- 1 root root  30K May 19 04:06 packages/spu-20161214.324.tar
4.0K -rw-r--r-- 1 root root 1.2K May 19 04:06 packages/spu-badge.svg
4.0K -rw-r--r-- 1 root root  373 May 19 04:06 packages/spu-readme.txt
