Package: srfi
Fetcher: github
Source:  https://github.com/srfi-explorations/emacs-srfi.git

Updating /mnt/store/melpa/working/srfi/
Copying files (->) and directories (=>)
  from /mnt/store/melpa/working/srfi/
  to /tmp/srfit0hNba/srfi-20210504.632
    srfi-data.el -> srfi-data.el
    srfi.el -> srfi.el
Created srfi-20210504.632.tar containing:
  srfi-20210504.632/
  srfi-20210504.632/srfi-data.el
  srfi-20210504.632/srfi-pkg.el
  srfi-20210504.632/srfi.el
Built srfi in 4.438s, finished at Wed May 19 04:06:54 2021
 ✓ Success:
4.0K -rw-r--r-- 1 root root  371 May 19 04:06 packages/srfi-20210504.632.entry
 40K -rw-r--r-- 1 root root  40K May 19 04:06 packages/srfi-20210504.632.tar
4.0K -rw-r--r-- 1 root root 1.2K May 19 04:06 packages/srfi-badge.svg
4.0K -rw-r--r-- 1 root root  634 May 19 04:06 packages/srfi-readme.txt
