Package: ssh-config-mode
Fetcher: github
Source:  https://github.com/jhgorrell/ssh-config-mode-el.git

Updating /mnt/store/melpa/working/ssh-config-mode/
Copying files (->) and directories (=>)
  from /mnt/store/melpa/working/ssh-config-mode/
  to /tmp/ssh-config-modeIQP7Lj/ssh-config-mode-20210517.1925
    ssh-config-mode.el -> ssh-config-mode.el
    ssh-config-keywords.txt -> ssh-config-keywords.txt
Created ssh-config-mode-20210517.1925.tar containing:
  ssh-config-mode-20210517.1925/
  ssh-config-mode-20210517.1925/ssh-config-keywords.txt
  ssh-config-mode-20210517.1925/ssh-config-mode-pkg.el
  ssh-config-mode-20210517.1925/ssh-config-mode.el
Built ssh-config-mode in 4.119s, finished at Wed May 19 04:06:57 2021
 ✓ Success:
4.0K -rw-r--r-- 1 root root  379 May 19 04:06 packages/ssh-config-mode-20210517.1925.entry
 20K -rw-r--r-- 1 root root  20K May 19 04:06 packages/ssh-config-mode-20210517.1925.tar
4.0K -rw-r--r-- 1 root root 1.2K May 19 04:06 packages/ssh-config-mode-badge.svg
4.0K -rw-r--r-- 1 root root  562 May 19 04:06 packages/ssh-config-mode-readme.txt
