Package: ssh-tunnels
Fetcher: github
Source:  https://github.com/death/ssh-tunnels.git

Updating /mnt/store/melpa/working/ssh-tunnels/
Copying files (->) and directories (=>)
  from /mnt/store/melpa/working/ssh-tunnels/
  to /tmp/ssh-tunnelsUxXWwB/ssh-tunnels-20190622.931
    helm-ssh-tunnels.el -> helm-ssh-tunnels.el
    ssh-tunnels.el -> ssh-tunnels.el
Created ssh-tunnels-20190622.931.tar containing:
  ssh-tunnels-20190622.931/
  ssh-tunnels-20190622.931/helm-ssh-tunnels.el
  ssh-tunnels-20190622.931/ssh-tunnels-pkg.el
  ssh-tunnels-20190622.931/ssh-tunnels.el
Built ssh-tunnels in 3.876s, finished at Wed May 19 04:06:58 2021
 ✓ Success:
4.0K -rw-r--r-- 1 root root  380 May 19 04:06 packages/ssh-tunnels-20190622.931.entry
 32K -rw-r--r-- 1 root root  30K May 19 04:06 packages/ssh-tunnels-20190622.931.tar
4.0K -rw-r--r-- 1 root root 1.2K May 19 04:06 packages/ssh-tunnels-badge.svg
4.0K -rw-r--r-- 1 root root  789 May 19 04:06 packages/ssh-tunnels-readme.txt
