Package: status
Fetcher: github
Source:  https://github.com/tromey/emacs-status.git

Updating /mnt/store/melpa/working/status/
Copying files (->) and directories (=>)
  from /mnt/store/melpa/working/status/
  to /tmp/statusHNfZTM/status-20151230.1408
    emms-status.el -> emms-status.el
    erc-status.el -> erc-status.el
    status.el -> status.el
  ! status-pkg.el.in -> status-pkg.el
    status.py -> status.py
    player_pause.png -> player_pause.png
    player_play.png -> player_play.png
Created status-20151230.1408.tar containing:
  status-20151230.1408/
  status-20151230.1408/emms-status.el
  status-20151230.1408/erc-status.el
  status-20151230.1408/player_pause.png
  status-20151230.1408/player_play.png
  status-20151230.1408/status-pkg.el
  status-20151230.1408/status.el
  status-20151230.1408/status.py
Built status in 4.395s, finished at Wed May 19 04:07:08 2021
 ✓ Success:
4.0K -rw-r--r-- 1 root root  292 May 19 04:07 packages/status-20151230.1408.entry
 32K -rw-r--r-- 1 root root  30K May 19 04:07 packages/status-20151230.1408.tar
4.0K -rw-r--r-- 1 root root 1.2K May 19 04:07 packages/status-badge.svg
