Package: sublimity
Fetcher: github
Source:  https://github.com/zk-phi/sublimity.git

Updating /mnt/store/melpa/working/sublimity/
Copying files (->) and directories (=>)
  from /mnt/store/melpa/working/sublimity/
  to /tmp/sublimityJ24fiu/sublimity-20200905.1730
    sublimity-attractive.el -> sublimity-attractive.el
    sublimity-map.el -> sublimity-map.el
    sublimity-scroll.el -> sublimity-scroll.el
    sublimity.el -> sublimity.el
Created sublimity-20200905.1730.tar containing:
  sublimity-20200905.1730/
  sublimity-20200905.1730/sublimity-attractive.el
  sublimity-20200905.1730/sublimity-map.el
  sublimity-20200905.1730/sublimity-pkg.el
  sublimity-20200905.1730/sublimity-scroll.el
  sublimity-20200905.1730/sublimity.el
Built sublimity in 3.899s, finished at Wed May 19 04:07:32 2021
 ✓ Success:
4.0K -rw-r--r-- 1 root root  307 May 19 04:07 packages/sublimity-20200905.1730.entry
 32K -rw-r--r-- 1 root root  30K May 19 04:07 packages/sublimity-20200905.1730.tar
4.0K -rw-r--r-- 1 root root 1.2K May 19 04:07 packages/sublimity-badge.svg
4.0K -rw-r--r-- 1 root root  338 May 19 04:07 packages/sublimity-readme.txt
