Package: sublime-themes
Fetcher: github
Source:  https://github.com/owainlewis/emacs-color-themes.git

Updating /mnt/store/melpa/working/sublime-themes/
Copying files (->) and directories (=>)
  from /mnt/store/melpa/working/sublime-themes/
  to /tmp/sublime-themesG730hc/sublime-themes-20170606.1844
  ! themes/brin-theme.el -> brin-theme.el
  ! themes/dorsey-theme.el -> dorsey-theme.el
  ! themes/fogus-theme.el -> fogus-theme.el
  ! themes/graham-theme.el -> graham-theme.el
  ! themes/granger-theme.el -> granger-theme.el
  ! themes/hickey-theme.el -> hickey-theme.el
  ! themes/junio-theme.el -> junio-theme.el
  ! themes/mccarthy-theme.el -> mccarthy-theme.el
  ! themes/odersky-theme.el -> odersky-theme.el
  ! themes/ritchie-theme.el -> ritchie-theme.el
  ! themes/spolsky-theme.el -> spolsky-theme.el
  ! themes/sublime-themes.el -> sublime-themes.el
  ! themes/wilson-theme.el -> wilson-theme.el
Created sublime-themes-20170606.1844.tar containing:
  sublime-themes-20170606.1844/
  sublime-themes-20170606.1844/brin-theme.el
  sublime-themes-20170606.1844/dorsey-theme.el
  sublime-themes-20170606.1844/fogus-theme.el
  sublime-themes-20170606.1844/graham-theme.el
  sublime-themes-20170606.1844/granger-theme.el
  sublime-themes-20170606.1844/hickey-theme.el
  sublime-themes-20170606.1844/junio-theme.el
  sublime-themes-20170606.1844/mccarthy-theme.el
  sublime-themes-20170606.1844/odersky-theme.el
  sublime-themes-20170606.1844/ritchie-theme.el
  sublime-themes-20170606.1844/spolsky-theme.el
  sublime-themes-20170606.1844/sublime-themes-pkg.el
  sublime-themes-20170606.1844/sublime-themes.el
  sublime-themes-20170606.1844/wilson-theme.el
Built sublime-themes in 3.940s, finished at Wed May 19 04:07:32 2021
 ✓ Success:
4.0K -rw-r--r-- 1 root root  299 May 19 04:07 packages/sublime-themes-20170606.1844.entry
 72K -rw-r--r-- 1 root root  70K May 19 04:07 packages/sublime-themes-20170606.1844.tar
4.0K -rw-r--r-- 1 root root 1.2K May 19 04:07 packages/sublime-themes-badge.svg
   0 -rw-r--r-- 1 root root    0 May 19 04:07 packages/sublime-themes-readme.txt
