Package: suggest
Fetcher: github
Source:  https://github.com/Wilfred/suggest.el.git

Updating /mnt/store/melpa/working/suggest/
Checking out origin/HEAD
Checking out 83a2679baf661ee834e9e75921fd546243a6d919
Copying files (->) and directories (=>)
  from /mnt/store/melpa/working/suggest/
  to /tmp/suggestGi2A5q/suggest-20180916.1859
    suggest-bench.el -> suggest-bench.el
    suggest.el -> suggest.el
Created suggest-20180916.1859.tar containing:
  suggest-20180916.1859/
  suggest-20180916.1859/suggest-bench.el
  suggest-20180916.1859/suggest-pkg.el
  suggest-20180916.1859/suggest.el
Built suggest in 4.296s, finished at 2021-08-17T13:58:29+0000
 ✓ Success:
4.0K -rw-r--r-- 1 root root  498 Aug 17 13:58 packages/suggest-20180916.1859.entry
 40K -rw-r--r-- 1 root root  40K Aug 17 13:58 packages/suggest-20180916.1859.tar
4.0K -rw-r--r-- 1 root root 1.2K Aug 17 13:58 packages/suggest-badge.svg
4.0K -rw-r--r-- 1 root root  132 Aug 17 13:58 packages/suggest-readme.txt
