Package: suomalainen-kalenteri
Fetcher: github
Source:  https://github.com/tlikonen/suomalainen-kalenteri.git

Updating /mnt/store/melpa/working/suomalainen-kalenteri/
Copying files (->) and directories (=>)
  from /mnt/store/melpa/working/suomalainen-kalenteri/
  to /tmp/suomalainen-kalenterivaqqTw/suomalainen-kalenteri-20200830.1107
    loader.el -> loader.el
    suomalainen-kalenteri-pkg.el -> suomalainen-kalenteri-pkg.el
    suomalainen-kalenteri.el -> suomalainen-kalenteri.el
Created suomalainen-kalenteri-20200830.1107.tar containing:
  suomalainen-kalenteri-20200830.1107/
  suomalainen-kalenteri-20200830.1107/loader.el
  suomalainen-kalenteri-20200830.1107/suomalainen-kalenteri-pkg.el
  suomalainen-kalenteri-20200830.1107/suomalainen-kalenteri.el
Built suomalainen-kalenteri in 3.734s, finished at Wed May 19 04:07:40 2021
 ✓ Success:
4.0K -rw-r--r-- 1 root root  404 May 19 04:07 packages/suomalainen-kalenteri-20200830.1107.entry
 12K -rw-r--r-- 1 root root  10K May 19 04:07 packages/suomalainen-kalenteri-20200830.1107.tar
4.0K -rw-r--r-- 1 root root 1.2K May 19 04:07 packages/suomalainen-kalenteri-badge.svg
4.0K -rw-r--r-- 1 root root  295 May 19 04:07 packages/suomalainen-kalenteri-readme.txt
