Package: svg-mode-line-themes
Fetcher: github
Source:  https://github.com/sabof/svg-mode-line-themes.git

Updating /mnt/store/melpa/working/svg-mode-line-themes/
Checking out origin/HEAD
Checking out 80a0e01839cafbd66899202e7764c33231974259
Copying files (->) and directories (=>)
  from /mnt/store/melpa/working/svg-mode-line-themes/
  to /tmp/svg-mode-line-themes7A9DYf/svg-mode-line-themes-20150425.2006
    svg-mode-line-themes-bio-diesel.el -> svg-mode-line-themes-bio-diesel.el
    svg-mode-line-themes-black-crystal.el -> svg-mode-line-themes-black-crystal.el
    svg-mode-line-themes-core.el -> svg-mode-line-themes-core.el
    svg-mode-line-themes-diesel.el -> svg-mode-line-themes-diesel.el
    svg-mode-line-themes-nasa.el -> svg-mode-line-themes-nasa.el
    svg-mode-line-themes-widgets.el -> svg-mode-line-themes-widgets.el
    svg-mode-line-themes.el -> svg-mode-line-themes.el
Created svg-mode-line-themes-20150425.2006.tar containing:
  svg-mode-line-themes-20150425.2006/
  svg-mode-line-themes-20150425.2006/svg-mode-line-themes-bio-diesel.el
  svg-mode-line-themes-20150425.2006/svg-mode-line-themes-black-crystal.el
  svg-mode-line-themes-20150425.2006/svg-mode-line-themes-core.el
  svg-mode-line-themes-20150425.2006/svg-mode-line-themes-diesel.el
  svg-mode-line-themes-20150425.2006/svg-mode-line-themes-nasa.el
  svg-mode-line-themes-20150425.2006/svg-mode-line-themes-pkg.el
  svg-mode-line-themes-20150425.2006/svg-mode-line-themes-widgets.el
  svg-mode-line-themes-20150425.2006/svg-mode-line-themes.el
Built svg-mode-line-themes in 4.529s, finished at 2021-08-17T13:58:37+0000
 ✓ Success:
4.0K -rw-r--r-- 1 root root  306 Aug 17 13:58 packages/svg-mode-line-themes-20150425.2006.entry
 40K -rw-r--r-- 1 root root  40K Aug 17 13:58 packages/svg-mode-line-themes-20150425.2006.tar
4.0K -rw-r--r-- 1 root root 1.2K Aug 17 13:58 packages/svg-mode-line-themes-badge.svg
4.0K -rw-r--r-- 1 root root  144 Aug 17 13:58 packages/svg-mode-line-themes-readme.txt
