Package: switch-window
Fetcher: github
Source:  https://github.com/dimitri/switch-window.git

Updating /mnt/store/melpa/working/switch-window/
Copying files (->) and directories (=>)
  from /mnt/store/melpa/working/switch-window/
  to /tmp/switch-window01fmYg/switch-window-20210331.911
    switch-window-asciiart.el -> switch-window-asciiart.el
    switch-window-mvborder.el -> switch-window-mvborder.el
    switch-window.el -> switch-window.el
Created switch-window-20210331.911.tar containing:
  switch-window-20210331.911/
  switch-window-20210331.911/switch-window-asciiart.el
  switch-window-20210331.911/switch-window-mvborder.el
  switch-window-20210331.911/switch-window-pkg.el
  switch-window-20210331.911/switch-window.el
Built switch-window in 3.567s, finished at Wed May 19 04:07:59 2021
 ✓ Success:
4.0K -rw-r--r-- 1 root root  399 May 19 04:07 packages/switch-window-20210331.911.entry
 52K -rw-r--r-- 1 root root  50K May 19 04:07 packages/switch-window-20210331.911.tar
4.0K -rw-r--r-- 1 root root 1.2K May 19 04:07 packages/switch-window-badge.svg
8.0K -rw-r--r-- 1 root root 6.6K May 19 04:07 packages/switch-window-readme.txt
