Package: swoop
Fetcher: github
Source:  https://github.com/emacsorphanage/swoop.git

Updating /mnt/store/melpa/working/swoop/
Checking out origin/HEAD
Checking out 0c737a961970a2e61735545320367bafaa8dfc49
Copying files (->) and directories (=>)
  from /mnt/store/melpa/working/swoop/
  to /tmp/swoopP2moCZ/swoop-20200618.905
    swoop-edit.el -> swoop-edit.el
    swoop-lib.el -> swoop-lib.el
    swoop.el -> swoop.el
Created swoop-20200618.905.tar containing:
  swoop-20200618.905/
  swoop-20200618.905/swoop-edit.el
  swoop-20200618.905/swoop-lib.el
  swoop-20200618.905/swoop-pkg.el
  swoop-20200618.905/swoop.el
Built swoop in 4.871s, finished at 2021-08-17T13:58:53+0000
 ✓ Success:
4.0K -rw-r--r-- 1 root root  443 Aug 17 13:58 packages/swoop-20200618.905.entry
 60K -rw-r--r-- 1 root root  60K Aug 17 13:58 packages/swoop-20200618.905.tar
4.0K -rw-r--r-- 1 root root 1.2K Aug 17 13:58 packages/swoop-badge.svg
4.0K -rw-r--r-- 1 root root 1.4K Aug 17 13:58 packages/swoop-readme.txt
