Package: synosaurus
Fetcher: github
Source:  https://github.com/hpdeifel/synosaurus.git

Updating /mnt/store/melpa/working/synosaurus/
Checking out origin/HEAD
Checking out 14d34fc92a77c3a916b4d58400424c44ae99cd81
Copying files (->) and directories (=>)
  from /mnt/store/melpa/working/synosaurus/
  to /tmp/synosaurusJLTuEr/synosaurus-20191125.552
    synosaurus-openthesaurus.el -> synosaurus-openthesaurus.el
    synosaurus-pkg.el -> synosaurus-pkg.el
    synosaurus-wordnet.el -> synosaurus-wordnet.el
    synosaurus.el -> synosaurus.el
Created synosaurus-20191125.552.tar containing:
  synosaurus-20191125.552/
  synosaurus-20191125.552/synosaurus-openthesaurus.el
  synosaurus-20191125.552/synosaurus-pkg.el
  synosaurus-20191125.552/synosaurus-wordnet.el
  synosaurus-20191125.552/synosaurus.el
Built synosaurus in 5.443s, finished at 2021-08-17T13:59:06+0000
 ✓ Success:
4.0K -rw-r--r-- 1 root root  356 Aug 17 13:59 packages/synosaurus-20191125.552.entry
 20K -rw-r--r-- 1 root root  20K Aug 17 13:59 packages/synosaurus-20191125.552.tar
4.0K -rw-r--r-- 1 root root 1.2K Aug 17 13:59 packages/synosaurus-badge.svg
4.0K -rw-r--r-- 1 root root  353 Aug 17 13:59 packages/synosaurus-readme.txt
