Package: systemd
Fetcher: github
Source:  https://github.com/holomorph/systemd-mode.git

Updating /mnt/store/melpa/working/systemd/
Checking out origin/HEAD
Checking out b6ae63a236605b1c5e1069f7d3afe06ae32a7bae
Copying files (->) and directories (=>)
  from /mnt/store/melpa/working/systemd/
  to /tmp/systemdXeRnll/systemd-20210209.2052
    systemd.el -> systemd.el
    network-directives.txt -> network-directives.txt
    nspawn-directives.txt -> nspawn-directives.txt
    unit-directives.txt -> unit-directives.txt
Created systemd-20210209.2052.tar containing:
  systemd-20210209.2052/
  systemd-20210209.2052/network-directives.txt
  systemd-20210209.2052/nspawn-directives.txt
  systemd-20210209.2052/systemd-pkg.el
  systemd-20210209.2052/systemd.el
  systemd-20210209.2052/unit-directives.txt
Built systemd in 4.326s, finished at 2021-08-17T13:59:13+0000
 ✓ Success:
4.0K -rw-r--r-- 1 root root  306 Aug 17 13:59 packages/systemd-20210209.2052.entry
 40K -rw-r--r-- 1 root root  40K Aug 17 13:59 packages/systemd-20210209.2052.tar
4.0K -rw-r--r-- 1 root root 1.2K Aug 17 13:59 packages/systemd-badge.svg
4.0K -rw-r--r-- 1 root root  544 Aug 17 13:59 packages/systemd-readme.txt
