Package: tabbar-ruler
Fetcher: github
Source:  https://github.com/mattfidler/tabbar-ruler.el.git

Updating /mnt/store/melpa/working/tabbar-ruler/
Checking out origin/HEAD
Checking out 535568189aa12a3eff7f977d2783e57b6a65ab6a
Copying files (->) and directories (=>)
  from /mnt/store/melpa/working/tabbar-ruler/
  to /tmp/tabbar-rulerLlYGyQ/tabbar-ruler-20160802.307
    tabbar-ruler.el -> tabbar-ruler.el
    dir -> dir
    tabbar-ruler.info -> tabbar-ruler.info
Created tabbar-ruler-20160802.307.tar containing:
  tabbar-ruler-20160802.307/
  tabbar-ruler-20160802.307/dir
  tabbar-ruler-20160802.307/tabbar-ruler-pkg.el
  tabbar-ruler-20160802.307/tabbar-ruler.el
  tabbar-ruler-20160802.307/tabbar-ruler.info
Built tabbar-ruler in 4.712s, finished at 2021-08-17T13:59:21+0000
 ✓ Success:
4.0K -rw-r--r-- 1 root root  486 Aug 17 13:59 packages/tabbar-ruler-20160802.307.entry
100K -rw-r--r-- 1 root root 100K Aug 17 13:59 packages/tabbar-ruler-20160802.307.tar
4.0K -rw-r--r-- 1 root root 1.2K Aug 17 13:59 packages/tabbar-ruler-badge.svg
4.0K -rw-r--r-- 1 root root 1.9K Aug 17 13:59 packages/tabbar-ruler-readme.txt
