Package: tabbar
Fetcher: github
Source:  https://github.com/dholm/tabbar.git

Updating /mnt/store/melpa/working/tabbar/
Copying files (->) and directories (=>)
  from /mnt/store/melpa/working/tabbar/
  to /tmp/tabbarMJYZOK/tabbar-20180726.1735
    tabbar.el -> tabbar.el
    down.png -> down.png
    up.png -> up.png
Created tabbar-20180726.1735.tar containing:
  tabbar-20180726.1735/
  tabbar-20180726.1735/down.png
  tabbar-20180726.1735/tabbar-pkg.el
  tabbar-20180726.1735/tabbar.el
  tabbar-20180726.1735/up.png
Built tabbar in 3.080s, finished at Wed May 19 04:08:25 2021
 ✓ Success:
4.0K -rw-r--r-- 1 root root  274 May 19 04:08 packages/tabbar-20180726.1735.entry
 80K -rw-r--r-- 1 root root  80K May 19 04:08 packages/tabbar-20180726.1735.tar
4.0K -rw-r--r-- 1 root root 1.2K May 19 04:08 packages/tabbar-badge.svg
8.0K -rw-r--r-- 1 root root 6.6K May 19 04:08 packages/tabbar-readme.txt
4.0K -rw-r--r-- 1 root root  486 May 19 00:53 packages/tabbar-ruler-20160802.307.entry
100K -rw-r--r-- 1 root root 100K May 19 00:53 packages/tabbar-ruler-20160802.307.tar
4.0K -rw-r--r-- 1 root root 1.2K May 19 00:53 packages/tabbar-ruler-badge.svg
4.0K -rw-r--r-- 1 root root 1.9K May 19 00:53 packages/tabbar-ruler-readme.txt
4.0K -rw-r--r-- 1 root root  146 May 19 04:08 packages/tabbar-ruler.log
