Package: take-off
Fetcher: github
Source:  https://github.com/tburette/take-off.git

Updating /mnt/store/melpa/working/take-off/
Copying files (->) and directories (=>)
  from /mnt/store/melpa/working/take-off/
  to /tmp/take-offk1KG5w/take-off-20140531.917
    take-off.el -> take-off.el
    front => front
Created take-off-20140531.917.tar containing:
  take-off-20140531.917/
  take-off-20140531.917/front/
  take-off-20140531.917/front/bootstrap/
  take-off-20140531.917/front/bootstrap/bootstrap-theme.css
  take-off-20140531.917/front/bootstrap/bootstrap.css
  take-off-20140531.917/front/bootstrap/bootstrap.js
  take-off-20140531.917/front/emacs.css
  take-off-20140531.917/front/emacs.html
  take-off-20140531.917/front/emacs.js
  take-off-20140531.917/front/emacskey.js
  take-off-20140531.917/front/emacsrender.js
  take-off-20140531.917/front/jquery-1.11.1.js
  take-off-20140531.917/front/jquery.terminal.css
  take-off-20140531.917/front/jquery.touchSwipe.js
  take-off-20140531.917/take-off-pkg.el
  take-off-20140531.917/take-off.el
Built take-off in 3.741s, finished at Wed May 19 04:08:31 2021
 ✓ Success:
4.0K -rw-r--r-- 1 root root  373 May 19 04:08 packages/take-off-20140531.917.entry
580K -rw-r--r-- 1 root root 580K May 19 04:08 packages/take-off-20140531.917.tar
4.0K -rw-r--r-- 1 root root 1.2K May 19 04:08 packages/take-off-badge.svg
4.0K -rw-r--r-- 1 root root 1.4K May 19 04:08 packages/take-off-readme.txt
