Package: telephone-line
Fetcher: github
Source:  https://github.com/dbordak/telephone-line.git

Updating /mnt/store/melpa/working/telephone-line/
Copying files (->) and directories (=>)
  from /mnt/store/melpa/working/telephone-line/
  to /tmp/telephone-lineELmq1C/telephone-line-20210322.2248
    telephone-line-config.el -> telephone-line-config.el
    telephone-line-segments.el -> telephone-line-segments.el
    telephone-line-separators.el -> telephone-line-separators.el
    telephone-line-utils.el -> telephone-line-utils.el
    telephone-line.el -> telephone-line.el
Created telephone-line-20210322.2248.tar containing:
  telephone-line-20210322.2248/
  telephone-line-20210322.2248/telephone-line-config.el
  telephone-line-20210322.2248/telephone-line-pkg.el
  telephone-line-20210322.2248/telephone-line-segments.el
  telephone-line-20210322.2248/telephone-line-separators.el
  telephone-line-20210322.2248/telephone-line-utils.el
  telephone-line-20210322.2248/telephone-line.el
Built telephone-line in 3.765s, finished at Wed May 19 04:08:44 2021
 ✓ Success:
4.0K -rw-r--r-- 1 root root  432 May 19 04:08 packages/telephone-line-20210322.2248.entry
 60K -rw-r--r-- 1 root root  60K May 19 04:08 packages/telephone-line-20210322.2248.tar
4.0K -rw-r--r-- 1 root root 1.2K May 19 04:08 packages/telephone-line-badge.svg
4.0K -rw-r--r-- 1 root root  190 May 19 04:08 packages/telephone-line-readme.txt
