Package: ten-hundred-mode
Fetcher: github
Source:  https://github.com/aaron-em/ten-hundred-mode.el.git

Updating /mnt/store/melpa/working/ten-hundred-mode/
Copying files (->) and directories (=>)
  from /mnt/store/melpa/working/ten-hundred-mode/
  to /tmp/ten-hundred-modeFH626m/ten-hundred-mode-20161028.2236
    ten-hundred-mode.el -> ten-hundred-mode.el
    lib => lib
Created ten-hundred-mode-20161028.2236.tar containing:
  ten-hundred-mode-20161028.2236/
  ten-hundred-mode-20161028.2236/lib/
  ten-hundred-mode-20161028.2236/lib/.nosearch
  ten-hundred-mode-20161028.2236/lib/levenshtein.el
  ten-hundred-mode-20161028.2236/lib/stem-english.el
  ten-hundred-mode-20161028.2236/ten-hundred-mode-pkg.el
  ten-hundred-mode-20161028.2236/ten-hundred-mode.el
Built ten-hundred-mode in 7.180s, finished at Wed May 19 04:08:54 2021
 ✓ Success:
4.0K -rw-r--r-- 1 root root  187 May 19 04:08 packages/ten-hundred-mode-20161028.2236.entry
 60K -rw-r--r-- 1 root root  60K May 19 04:08 packages/ten-hundred-mode-20161028.2236.tar
4.0K -rw-r--r-- 1 root root 1.2K May 19 04:08 packages/ten-hundred-mode-badge.svg
4.0K -rw-r--r-- 1 root root 1.7K May 19 04:08 packages/ten-hundred-mode-readme.txt
