Package: term-alert
Fetcher: github
Source:  https://github.com/calliecameron/term-alert.git

Updating /mnt/store/melpa/working/term-alert/
Copying files (->) and directories (=>)
  from /mnt/store/melpa/working/term-alert/
  to /tmp/term-alertQASoa5/term-alert-20210414.1638
    term-alert-pkg.el -> term-alert-pkg.el
    term-alert.el -> term-alert.el
    setup => setup
Created term-alert-20210414.1638.tar containing:
  term-alert-20210414.1638/
  term-alert-20210414.1638/setup/
  term-alert-20210414.1638/setup/setup.bash
  term-alert-20210414.1638/setup/setup.zsh
  term-alert-20210414.1638/term-alert-pkg.el
  term-alert-20210414.1638/term-alert.el
Built term-alert in 8.084s, finished at Wed May 19 04:08:56 2021
 ✓ Success:
4.0K -rw-r--r-- 1 root root  524 May 19 04:08 packages/term-alert-20210414.1638.entry
 20K -rw-r--r-- 1 root root  20K May 19 04:08 packages/term-alert-20210414.1638.tar
4.0K -rw-r--r-- 1 root root 1.2K May 19 04:08 packages/term-alert-badge.svg
4.0K -rw-r--r-- 1 root root 1.7K May 19 04:08 packages/term-alert-readme.txt
