Package: tern
Fetcher: github
Source:  https://github.com/ternjs/tern.git

Updating /mnt/store/melpa/working/tern/
Checking out origin/HEAD
Checking out ef50c6f0269a6fd9ce742d0a87647d60a0ef850f
Built tern in 7.430s, finished at 2021-08-17T13:59:59+0000
 ✓ Success:
 28K -rw-r--r-- 1 root root  27K Aug 17 13:59 packages/tern-20181108.722.el
4.0K -rw-r--r-- 1 root root  306 Aug 17 13:59 packages/tern-20181108.722.entry
8.0K -rw-r--r-- 1 root root 4.2K Aug 17 10:34 packages/tern-auto-complete-20170521.1935.el
4.0K -rw-r--r-- 1 root root  409 Aug 17 10:34 packages/tern-auto-complete-20170521.1935.entry
4.0K -rw-r--r-- 1 root root 1.2K Aug 17 10:34 packages/tern-auto-complete-badge.svg
4.0K -rw-r--r-- 1 root root  453 Aug 17 10:34 packages/tern-auto-complete-readme.txt
4.0K -rw-r--r-- 1 root root  168 Aug 17 13:59 packages/tern-auto-complete.log
4.0K -rw-r--r-- 1 root root 1.2K Aug 17 13:59 packages/tern-badge.svg
4.0K -rw-r--r-- 1 root root 2.6K Aug 17 10:34 packages/tern-context-coloring-20161218.747.el
4.0K -rw-r--r-- 1 root root  516 Aug 17 10:34 packages/tern-context-coloring-20161218.747.entry
4.0K -rw-r--r-- 1 root root 1.2K Aug 17 10:34 packages/tern-context-coloring-badge.svg
4.0K -rw-r--r-- 1 root root  183 Aug 17 10:34 packages/tern-context-coloring-readme.txt
4.0K -rw-r--r-- 1 root root  178 Aug 17 13:59 packages/tern-context-coloring.log
4.0K -rw-r--r-- 1 root root  969 Jan 12  2019 packages/tern-django-badge.svg
4.0K -rw-r--r-- 1 root root   33 Jan 12  2019 packages/tern-django-readme.txt
