Package: theme-magic
Fetcher: github
Source:  https://github.com/jcaw/theme-magic.git

Updating /mnt/store/melpa/working/theme-magic/
Copying files (->) and directories (=>)
  from /mnt/store/melpa/working/theme-magic/
  to /tmp/theme-magic7Sqt3V/theme-magic-20190711.2034
    theme-magic.el -> theme-magic.el
    python => python
Created theme-magic-20190711.2034.tar containing:
  theme-magic-20190711.2034/
  theme-magic-20190711.2034/python/
  theme-magic-20190711.2034/python/wal_change_colors.py
  theme-magic-20190711.2034/theme-magic-pkg.el
  theme-magic-20190711.2034/theme-magic.el
Built theme-magic in 7.461s, finished at Wed May 19 04:09:49 2021
 ✓ Success:
4.0K -rw-r--r-- 1 root root  502 May 19 04:09 packages/theme-magic-20190711.2034.entry
 40K -rw-r--r-- 1 root root  40K May 19 04:09 packages/theme-magic-20190711.2034.tar
4.0K -rw-r--r-- 1 root root 1.2K May 19 04:09 packages/theme-magic-badge.svg
4.0K -rw-r--r-- 1 root root  684 May 19 04:09 packages/theme-magic-readme.txt
