Package: timesheet
Fetcher: github
Source:  https://github.com/tmarble/timesheet.el.git

Updating /mnt/store/melpa/working/timesheet/
Checking out origin/HEAD
Checking out 5098dc87d3d4f289b6c1b6532070dacbfe6de9fd
Copying files (->) and directories (=>)
  from /mnt/store/melpa/working/timesheet/
  to /tmp/timesheet1t9Nkf/timesheet-20191024.151
    timesheet.el -> timesheet.el
    bin => bin
    share => share
Created timesheet-20191024.151.tar containing:
  timesheet-20191024.151/
  timesheet-20191024.151/bin/
  timesheet-20191024.151/bin/shell.funcs
  timesheet-20191024.151/bin/timesheet-invoice
  timesheet-20191024.151/share/
  timesheet-20191024.151/share/defs.tex
  timesheet-20191024.151/share/logo.pdf
  timesheet-20191024.151/share/main.tex
  timesheet-20191024.151/share/yoyodyne-fr.org
  timesheet-20191024.151/share/yoyodyne-uk.org
  timesheet-20191024.151/share/yoyodyne.org
  timesheet-20191024.151/timesheet-pkg.el
  timesheet-20191024.151/timesheet.el
Built timesheet in 4.579s, finished at 2021-08-17T14:00:56+0000
 ✓ Success:
4.0K -rw-r--r-- 1 root root  386 Aug 17 14:00 packages/timesheet-20191024.151.entry
140K -rw-r--r-- 1 root root 140K Aug 17 14:00 packages/timesheet-20191024.151.tar
4.0K -rw-r--r-- 1 root root 1.2K Aug 17 14:00 packages/timesheet-badge.svg
4.0K -rw-r--r-- 1 root root 1.1K Aug 17 14:00 packages/timesheet-readme.txt
