Package: tracking
Fetcher: github
Source:  https://github.com/emacs-circe/circe.git

Updating /mnt/store/melpa/working/tracking/
Checking out origin/HEAD
Checking out 77e16de3b9fbaa0417b56a9acc70a9bca17c4ad0
Copying files (->) and directories (=>)
  from /mnt/store/melpa/working/tracking/
  to /tmp/trackingvNoiuQ/tracking-20210713.1609
    tracking.el -> tracking.el
    shorten.el -> shorten.el
Created tracking-20210713.1609.tar containing:
  tracking-20210713.1609/
  tracking-20210713.1609/shorten.el
  tracking-20210713.1609/tracking-pkg.el
  tracking-20210713.1609/tracking.el
Built tracking in 4.786s, finished at 2021-08-17T14:01:31+0000
 ✓ Success:
4.0K -rw-r--r-- 1 root root  326 Aug 17 14:01 packages/tracking-20210713.1609.entry
 32K -rw-r--r-- 1 root root  30K Aug 17 14:01 packages/tracking-20210713.1609.tar
4.0K -rw-r--r-- 1 root root 1.2K Aug 17 14:01 packages/tracking-badge.svg
4.0K -rw-r--r-- 1 root root  357 Aug 17 14:01 packages/tracking-readme.txt
