Package: transient
Fetcher: github
Source:  https://github.com/magit/transient.git

Updating /mnt/store/melpa/working/transient/
Checking out origin/HEAD
Checking out e17e2b2f6d7cdf2e27729fd28e3d7600b76ad24a
Copying files (->) and directories (=>)
  from /mnt/store/melpa/working/transient/
  to /tmp/transientA5hGiA/transient-20210816.1704
  ! lisp/transient.el -> transient.el
  ! docs/transient.texi -> transient.texi
Created /tmp/transientA5hGiA/transient-20210816.1704/transient.info
Created transient-20210816.1704.tar containing:
  transient-20210816.1704/
  transient-20210816.1704/dir
  transient-20210816.1704/transient-pkg.el
  transient-20210816.1704/transient.el
  transient-20210816.1704/transient.info
Built transient in 12.450s, finished at 2021-08-17T14:01:44+0000
 ✓ Success:
4.0K -rw-r--r-- 1 root root  362 Aug 17 14:01 packages/transient-20210816.1704.entry
260K -rw-r--r-- 1 root root 260K Aug 17 14:01 packages/transient-20210816.1704.tar
4.0K -rw-r--r-- 1 root root 1.2K Aug 17 14:01 packages/transient-badge.svg
 28K -rw-r--r-- 1 root root  27K Aug 17 14:01 packages/transient-dwim-20200812.1033.el
4.0K -rw-r--r-- 1 root root  397 Aug 17 14:01 packages/transient-dwim-20200812.1033.entry
4.0K -rw-r--r-- 1 root root 1.2K Aug 17 14:01 packages/transient-dwim-badge.svg
4.0K -rw-r--r-- 1 root root  633 Aug 17 14:01 packages/transient-dwim-readme.txt
4.0K -rw-r--r-- 1 root root  648 Aug 17 14:01 packages/transient-dwim.log
8.0K -rw-r--r-- 1 root root 4.4K Aug 17 14:01 packages/transient-posframe-20210102.130.el
4.0K -rw-r--r-- 1 root root  490 Aug 17 14:01 packages/transient-posframe-20210102.130.entry
4.0K -rw-r--r-- 1 root root 1.2K Aug 17 14:01 packages/transient-posframe-badge.svg
4.0K -rw-r--r-- 1 root root   86 Aug 17 14:01 packages/transient-posframe-readme.txt
4.0K -rw-r--r-- 1 root root  679 Aug 17 14:01 packages/transient-posframe.log
4.0K -rw-r--r-- 1 root root  994 Aug 17 14:01 packages/transient-readme.txt
