Package: travis
Fetcher: github
Source:  https://github.com/nlamirault/emacs-travis.git

Updating /mnt/store/melpa/working/travis/
Checking out origin/HEAD
Checking out 754ef07c17fed17ab03664ad11e2b0b2ef5e78ed
Copying files (->) and directories (=>)
  from /mnt/store/melpa/working/travis/
  to /tmp/travis4CNE6n/travis-20150825.1138
    travis-api.el -> travis-api.el
    travis-auth.el -> travis-auth.el
    travis-builds.el -> travis-builds.el
    travis-mode.el -> travis-mode.el
    travis-repos.el -> travis-repos.el
    travis-ui.el -> travis-ui.el
    travis-users.el -> travis-users.el
    travis-utils.el -> travis-utils.el
    travis-version.el -> travis-version.el
    travis.el -> travis.el
Created travis-20150825.1138.tar containing:
  travis-20150825.1138/
  travis-20150825.1138/travis-api.el
  travis-20150825.1138/travis-auth.el
  travis-20150825.1138/travis-builds.el
  travis-20150825.1138/travis-mode.el
  travis-20150825.1138/travis-pkg.el
  travis-20150825.1138/travis-repos.el
  travis-20150825.1138/travis-ui.el
  travis-20150825.1138/travis-users.el
  travis-20150825.1138/travis-utils.el
  travis-20150825.1138/travis-version.el
  travis-20150825.1138/travis.el
Built travis in 4.695s, finished at 2021-08-17T14:01:44+0000
 ✓ Success:
4.0K -rw-r--r-- 1 root root  436 Aug 17 14:01 packages/travis-20150825.1138.entry
 40K -rw-r--r-- 1 root root  40K Aug 17 14:01 packages/travis-20150825.1138.tar
4.0K -rw-r--r-- 1 root root 1.2K Aug 17 14:01 packages/travis-badge.svg
4.0K -rw-r--r-- 1 root root  225 Aug 17 14:01 packages/travis-readme.txt
