Package: tree-sitter-langs
Fetcher: github
Source:  https://github.com/emacs-tree-sitter/tree-sitter-langs.git

Updating /mnt/store/melpa/working/tree-sitter-langs/
Checking out origin/HEAD
Checking out e7b8db7c4006c04a4bc1fc6865ec31f223843192
Copying files (->) and directories (=>)
  from /mnt/store/melpa/working/tree-sitter-langs/
  to /tmp/tree-sitter-langsAsGq8F/tree-sitter-langs-20210815.1213
    tree-sitter-langs-build.el -> tree-sitter-langs-build.el
    tree-sitter-langs.el -> tree-sitter-langs.el
    queries => queries
Created tree-sitter-langs-20210815.1213.tar containing:
  tree-sitter-langs-20210815.1213/
  tree-sitter-langs-20210815.1213/queries/
  tree-sitter-langs-20210815.1213/queries/bash/
  tree-sitter-langs-20210815.1213/queries/bash/highlights.scm
  tree-sitter-langs-20210815.1213/queries/c/
  tree-sitter-langs-20210815.1213/queries/c/highlights.scm
  tree-sitter-langs-20210815.1213/queries/cpp/
  tree-sitter-langs-20210815.1213/queries/cpp/highlights.scm
  tree-sitter-langs-20210815.1213/queries/css/
  tree-sitter-langs-20210815.1213/queries/css/highlights.scm
  tree-sitter-langs-20210815.1213/queries/go/
  tree-sitter-langs-20210815.1213/queries/go/highlights.scm
  tree-sitter-langs-20210815.1213/queries/hcl/
  tree-sitter-langs-20210815.1213/queries/hcl/highlights.scm
  tree-sitter-langs-20210815.1213/queries/html/
  tree-sitter-langs-20210815.1213/queries/html/highlights.scm
  tree-sitter-langs-20210815.1213/queries/java/
  tree-sitter-langs-20210815.1213/queries/java/highlights.scm
  tree-sitter-langs-20210815.1213/queries/javascript/
  tree-sitter-langs-20210815.1213/queries/javascript/highlights.scm
  tree-sitter-langs-20210815.1213/queries/json/
  tree-sitter-langs-20210815.1213/queries/json/highlights.scm
  tree-sitter-langs-20210815.1213/queries/ocaml/
  tree-sitter-langs-20210815.1213/queries/ocaml/highlights.scm
  tree-sitter-langs-20210815.1213/queries/pgn/
  tree-sitter-langs-20210815.1213/queries/pgn/highlights.scm
  tree-sitter-langs-20210815.1213/queries/php/
  tree-sitter-langs-20210815.1213/queries/php/highlights.scm
  tree-sitter-langs-20210815.1213/queries/python/
  tree-sitter-langs-20210815.1213/queries/python/highlights.scm
  tree-sitter-langs-20210815.1213/queries/ruby/
  tree-sitter-langs-20210815.1213/queries/ruby/highlights.scm
  tree-sitter-langs-20210815.1213/queries/rust/
  tree-sitter-langs-20210815.1213/queries/rust/highlights.scm
  tree-sitter-langs-20210815.1213/queries/tsx/
  tree-sitter-langs-20210815.1213/queries/tsx/highlights.scm
  tree-sitter-langs-20210815.1213/queries/typescript/
  tree-sitter-langs-20210815.1213/queries/typescript/highlights.scm
  tree-sitter-langs-20210815.1213/tree-sitter-langs-build.el
  tree-sitter-langs-20210815.1213/tree-sitter-langs-pkg.el
  tree-sitter-langs-20210815.1213/tree-sitter-langs.el
Built tree-sitter-langs in 6.475s, finished at 2021-08-17T14:01:50+0000
 ✓ Success:
4.0K -rw-r--r-- 1 root root  497 Aug 17 14:01 packages/tree-sitter-langs-20210815.1213.entry
 92K -rw-r--r-- 1 root root  90K Aug 17 14:01 packages/tree-sitter-langs-20210815.1213.tar
4.0K -rw-r--r-- 1 root root 1.2K Aug 17 14:01 packages/tree-sitter-langs-badge.svg
4.0K -rw-r--r-- 1 root root 1.1K Aug 17 14:01 packages/tree-sitter-langs-readme.txt
