Package: tsc
Fetcher: github
Source:  https://github.com/emacs-tree-sitter/elisp-tree-sitter.git

Updating /mnt/store/melpa/working/tsc/
Checking out origin/HEAD
Checking out c7a1c34549cad41a3618c6f17e0e9dabd3e98fe1
Copying files (->) and directories (=>)
  from /mnt/store/melpa/working/tsc/
  to /tmp/tscDlgBvg/tsc-20210811.318
  ! core/tsc-dyn-get.el -> tsc-dyn-get.el
  ! core/tsc-obsolete.el -> tsc-obsolete.el
  ! core/tsc.el -> tsc.el
  ! core/Cargo.toml -> Cargo.toml
  ! core/src => src
Created tsc-20210811.318.tar containing:
  tsc-20210811.318/
  tsc-20210811.318/Cargo.toml
  tsc-20210811.318/src/
  tsc-20210811.318/src/cursor.rs
  tsc-20210811.318/src/error.rs
  tsc-20210811.318/src/lang.rs
  tsc-20210811.318/src/lib.rs
  tsc-20210811.318/src/node.rs
  tsc-20210811.318/src/parser.rs
  tsc-20210811.318/src/query.rs
  tsc-20210811.318/src/tree.rs
  tsc-20210811.318/src/types.rs
  tsc-20210811.318/tsc-dyn-get.el
  tsc-20210811.318/tsc-obsolete.el
  tsc-20210811.318/tsc-pkg.el
  tsc-20210811.318/tsc.el
Built tsc in 7.276s, finished at 2021-08-17T14:02:10+0000
 ✓ Success:
4.0K -rw-r--r-- 1 root root  502 Aug 17 14:02 packages/tsc-20210811.318.entry
 92K -rw-r--r-- 1 root root  90K Aug 17 14:02 packages/tsc-20210811.318.tar
4.0K -rw-r--r-- 1 root root 1.2K Aug 17 14:02 packages/tsc-badge.svg
4.0K -rw-r--r-- 1 root root   91 Aug 17 14:02 packages/tsc-readme.txt
