Package: tss
Fetcher: github
Source:  https://github.com/aki2o/emacs-tss.git

Updating /mnt/store/melpa/working/tss/
Copying files (->) and directories (=>)
  from /mnt/store/melpa/working/tss/
  to /tmp/tssUfvx50/tss-20150913.1408
    tss.el -> tss.el
    typescript.el -> typescript.el
Created tss-20150913.1408.tar containing:
  tss-20150913.1408/
  tss-20150913.1408/tss-pkg.el
  tss-20150913.1408/tss.el
  tss-20150913.1408/typescript.el
Built tss in 3.854s, finished at Wed May 19 04:11:40 2021
 ✓ Success:
4.0K -rw-r--r-- 1 root root  514 May 19 04:11 packages/tss-20150913.1408.entry
192K -rw-r--r-- 1 root root 190K May 19 04:11 packages/tss-20150913.1408.tar
4.0K -rw-r--r-- 1 root root 1.2K May 19 04:11 packages/tss-badge.svg
4.0K -rw-r--r-- 1 root root  277 May 19 04:11 packages/tss-readme.txt
