Package: tuareg
Fetcher: github
Source:  https://github.com/ocaml/tuareg.git

Updating /mnt/store/melpa/working/tuareg/
Checking out origin/HEAD
Checking out 465b61fddcb9556a3e5a10b9654b3aff537022f4
Copying files (->) and directories (=>)
  from /mnt/store/melpa/working/tuareg/
  to /tmp/tuaregmNGbnd/tuareg-20210730.2027
    dot-emacs.el -> dot-emacs.el
    ocamldebug.el -> ocamldebug.el
    tuareg-menhir.el -> tuareg-menhir.el
    tuareg-opam.el -> tuareg-opam.el
    tuareg-site-file.el -> tuareg-site-file.el
    tuareg.el -> tuareg.el
Created tuareg-20210730.2027.tar containing:
  tuareg-20210730.2027/
  tuareg-20210730.2027/dot-emacs.el
  tuareg-20210730.2027/ocamldebug.el
  tuareg-20210730.2027/tuareg-menhir.el
  tuareg-20210730.2027/tuareg-opam.el
  tuareg-20210730.2027/tuareg-pkg.el
  tuareg-20210730.2027/tuareg-site-file.el
  tuareg-20210730.2027/tuareg.el
Built tuareg in 4.685s, finished at 2021-08-17T14:02:13+0000
 ✓ Success:
4.0K -rw-r--r-- 1 root root  616 Aug 17 14:02 packages/tuareg-20210730.2027.entry
232K -rw-r--r-- 1 root root 230K Aug 17 14:02 packages/tuareg-20210730.2027.tar
4.0K -rw-r--r-- 1 root root 1.2K Aug 17 14:02 packages/tuareg-badge.svg
4.0K -rw-r--r-- 1 root root  441 Aug 17 14:02 packages/tuareg-readme.txt
