Package: tumblesocks
Fetcher: github
Source:  https://github.com/gcr/tumblesocks.git

Updating /mnt/store/melpa/working/tumblesocks/
Checking out origin/HEAD
Checking out 0e4c3847e31a59d405b9927107a23dde9531d744
Copying files (->) and directories (=>)
  from /mnt/store/melpa/working/tumblesocks/
  to /tmp/tumblesockstH5siO/tumblesocks-20191014.356
    tumblesocks-api.el -> tumblesocks-api.el
    tumblesocks-compose.el -> tumblesocks-compose.el
    tumblesocks-pkg.el -> tumblesocks-pkg.el
    tumblesocks-user.el -> tumblesocks-user.el
    tumblesocks-view.el -> tumblesocks-view.el
    tumblesocks.el -> tumblesocks.el
Created tumblesocks-20191014.356.tar containing:
  tumblesocks-20191014.356/
  tumblesocks-20191014.356/tumblesocks-api.el
  tumblesocks-20191014.356/tumblesocks-compose.el
  tumblesocks-20191014.356/tumblesocks-pkg.el
  tumblesocks-20191014.356/tumblesocks-user.el
  tumblesocks-20191014.356/tumblesocks-view.el
  tumblesocks-20191014.356/tumblesocks.el
Built tumblesocks in 4.403s, finished at 2021-08-17T14:02:14+0000
 ✓ Success:
4.0K -rw-r--r-- 1 root root  382 Aug 17 14:02 packages/tumblesocks-20191014.356.entry
 60K -rw-r--r-- 1 root root  60K Aug 17 14:02 packages/tumblesocks-20191014.356.tar
4.0K -rw-r--r-- 1 root root 1.2K Aug 17 14:02 packages/tumblesocks-badge.svg
