Package: ucs-utils
Fetcher: github
Source:  https://github.com/rolandwalker/ucs-utils.git

Updating /mnt/store/melpa/working/ucs-utils/
Checking out origin/HEAD
Checking out cbfd42f822bf5717934fa2d92060e6e24a813433
Copying files (->) and directories (=>)
  from /mnt/store/melpa/working/ucs-utils/
  to /tmp/ucs-utilstUKLY7/ucs-utils-20150826.1414
    ucs-utils-6.0-delta.el -> ucs-utils-6.0-delta.el
    ucs-utils.el -> ucs-utils.el
Created ucs-utils-20150826.1414.tar containing:
  ucs-utils-20150826.1414/
  ucs-utils-20150826.1414/ucs-utils-6.0-delta.el
  ucs-utils-20150826.1414/ucs-utils-pkg.el
  ucs-utils-20150826.1414/ucs-utils.el
Built ucs-utils in 4.959s, finished at 2021-08-17T14:02:31+0000
 ✓ Success:
4.0K -rw-r--r-- 1 root root  462 Aug 17 14:02 packages/ucs-utils-20150826.1414.entry
732K -rw-r--r-- 1 root root 730K Aug 17 14:02 packages/ucs-utils-20150826.1414.tar
4.0K -rw-r--r-- 1 root root 1.2K Aug 17 14:02 packages/ucs-utils-badge.svg
8.0K -rw-r--r-- 1 root root 4.5K Aug 17 14:02 packages/ucs-utils-readme.txt
