Package: use-package
Fetcher: github
Source:  https://github.com/jwiegley/use-package.git

Updating /mnt/store/melpa/working/use-package/
Checking out origin/HEAD
Checking out a7422fb8ab1baee19adb2717b5b47b9c3812a84c
Copying files (->) and directories (=>)
  from /mnt/store/melpa/working/use-package/
  to /tmp/use-packagefJ9QIh/use-package-20210207.1926
    use-package-bind-key.el -> use-package-bind-key.el
    use-package-core.el -> use-package-core.el
    use-package-delight.el -> use-package-delight.el
    use-package-diminish.el -> use-package-diminish.el
    use-package-ensure.el -> use-package-ensure.el
    use-package-jump.el -> use-package-jump.el
    use-package-lint.el -> use-package-lint.el
    use-package.el -> use-package.el
    use-package.texi -> use-package.texi
Created /tmp/use-packagefJ9QIh/use-package-20210207.1926/use-package.info
Created use-package-20210207.1926.tar containing:
  use-package-20210207.1926/
  use-package-20210207.1926/dir
  use-package-20210207.1926/use-package-bind-key.el
  use-package-20210207.1926/use-package-core.el
  use-package-20210207.1926/use-package-delight.el
  use-package-20210207.1926/use-package-diminish.el
  use-package-20210207.1926/use-package-ensure.el
  use-package-20210207.1926/use-package-jump.el
  use-package-20210207.1926/use-package-lint.el
  use-package-20210207.1926/use-package-pkg.el
  use-package-20210207.1926/use-package.el
  use-package-20210207.1926/use-package.info
Built use-package in 8.987s, finished at 2021-08-17T14:03:18+0000
 ✓ Success:
4.0K -rw-r--r-- 1 root root  474 Aug 17 14:03 packages/use-package-20210207.1926.entry
140K -rw-r--r-- 1 root root 140K Aug 17 14:03 packages/use-package-20210207.1926.tar
4.0K -rw-r--r-- 1 root root 1.2K Aug 17 14:03 packages/use-package-badge.svg
4.0K -rw-r--r-- 1 root root 1.4K Aug 17 14:03 packages/use-package-chords-20181024.2322.el
4.0K -rw-r--r-- 1 root root  559 Aug 17 14:03 packages/use-package-chords-20181024.2322.entry
4.0K -rw-r--r-- 1 root root 1.2K Aug 17 14:03 packages/use-package-chords-badge.svg
4.0K -rw-r--r-- 1 root root  139 Aug 17 14:03 packages/use-package-chords-readme.txt
4.0K -rw-r--r-- 1 root root  672 Aug 17 14:03 packages/use-package-chords.log
4.0K -rw-r--r-- 1 root root 2.5K Aug  3 11:06 packages/use-package-el-get-20180131.505.el
4.0K -rw-r--r-- 1 root root  463 Aug  3 11:06 packages/use-package-el-get-20180131.505.entry
4.0K -rw-r--r-- 1 root root 1.2K Aug  3 11:06 packages/use-package-el-get-badge.svg
4.0K -rw-r--r-- 1 root root  152 Aug  3 11:06 packages/use-package-el-get-readme.txt
4.0K -rw-r--r-- 1 root root  369 Aug 17 14:03 packages/use-package-el-get.log
4.0K -rw-r--r-- 1 root root 2.8K Aug 17 14:03 packages/use-package-ensure-system-package-20180913.1501.el
4.0K -rw-r--r-- 1 root root  534 Aug 17 14:03 packages/use-package-ensure-system-package-20180913.1501.entry
4.0K -rw-r--r-- 1 root root 1.2K Aug 17 14:03 packages/use-package-ensure-system-package-badge.svg
4.0K -rw-r--r-- 1 root root  124 Aug 17 14:03 packages/use-package-ensure-system-package-readme.txt
4.0K -rw-r--r-- 1 root root  777 Aug 17 14:03 packages/use-package-ensure-system-package.log
4.0K -rw-r--r-- 1 root root 3.2K Aug 17 14:03 packages/use-package-hydra-20181228.745.el
4.0K -rw-r--r-- 1 root root  457 Aug 17 14:03 packages/use-package-hydra-20181228.745.entry
4.0K -rw-r--r-- 1 root root 1.2K Aug 17 14:03 packages/use-package-hydra-badge.svg
4.0K -rw-r--r-- 1 root root  104 Aug 17 14:03 packages/use-package-hydra-readme.txt
4.0K -rw-r--r-- 1 root root  666 Aug 17 14:03 packages/use-package-hydra.log
4.0K -rw-r--r-- 1 root root  432 Aug 17 14:03 packages/use-package-readme.txt
