Package: vagrant-tramp
Fetcher: github
Source:  https://github.com/dougm/vagrant-tramp.git

Updating /mnt/store/melpa/working/vagrant-tramp/
Checking out origin/HEAD
Checking out 5f00b42a0c023c461cef7af4de7652d90c788b4d
Copying files (->) and directories (=>)
  from /mnt/store/melpa/working/vagrant-tramp/
  to /tmp/vagrant-trampyN50AP/vagrant-tramp-20210217.704
    vagrant-tramp.el -> vagrant-tramp.el
    bin => bin
Created vagrant-tramp-20210217.704.tar containing:
  vagrant-tramp-20210217.704/
  vagrant-tramp-20210217.704/bin/
  vagrant-tramp-20210217.704/bin/vagrant-tramp-ssh
  vagrant-tramp-20210217.704/vagrant-tramp-pkg.el
  vagrant-tramp-20210217.704/vagrant-tramp.el
Built vagrant-tramp in 4.484s, finished at 2021-08-17T14:03:24+0000
 ✓ Success:
4.0K -rw-r--r-- 1 root root  400 Aug 17 14:03 packages/vagrant-tramp-20210217.704.entry
 20K -rw-r--r-- 1 root root  20K Aug 17 14:03 packages/vagrant-tramp-20210217.704.tar
4.0K -rw-r--r-- 1 root root 1.2K Aug 17 14:03 packages/vagrant-tramp-badge.svg
4.0K -rw-r--r-- 1 root root   52 Aug 17 14:03 packages/vagrant-tramp-readme.txt
