Package: vc-auto-commit
Fetcher: github
Source:  https://github.com/thisirs/vc-auto-commit.git

Updating /mnt/store/melpa/working/vc-auto-commit/
Checking out origin/HEAD
Checking out 56f478016a541b395092a9d3cdc0da84a37b30a1
Copying files (->) and directories (=>)
  from /mnt/store/melpa/working/vc-auto-commit/
  to /tmp/vc-auto-commitlIRf9h/vc-auto-commit-20210216.1517
    vc-auto-commit.el -> vc-auto-commit.el
    vc-git-auto-commit.el -> vc-git-auto-commit.el
Created vc-auto-commit-20210216.1517.tar containing:
  vc-auto-commit-20210216.1517/
  vc-auto-commit-20210216.1517/vc-auto-commit-pkg.el
  vc-auto-commit-20210216.1517/vc-auto-commit.el
  vc-auto-commit-20210216.1517/vc-git-auto-commit.el
Built vc-auto-commit in 4.172s, finished at 2021-08-17T14:03:29+0000
 ✓ Success:
4.0K -rw-r--r-- 1 root root  383 Aug 17 14:03 packages/vc-auto-commit-20210216.1517.entry
 20K -rw-r--r-- 1 root root  20K Aug 17 14:03 packages/vc-auto-commit-20210216.1517.tar
4.0K -rw-r--r-- 1 root root 1.2K Aug 17 14:03 packages/vc-auto-commit-badge.svg
4.0K -rw-r--r-- 1 root root  407 Aug 17 14:03 packages/vc-auto-commit-readme.txt
