Package: vc-msg
Fetcher: github
Source:  https://github.com/redguardtoo/vc-msg.git

Updating /mnt/store/melpa/working/vc-msg/
Checking out origin/HEAD
Checking out 6c94578b5c692ade27c8b34bf5d99333ee7b4680
Copying files (->) and directories (=>)
  from /mnt/store/melpa/working/vc-msg/
  to /tmp/vc-msgU9K3bq/vc-msg-20201210.157
    vc-msg-git.el -> vc-msg-git.el
    vc-msg-hg.el -> vc-msg-hg.el
    vc-msg-p4.el -> vc-msg-p4.el
    vc-msg-sdk.el -> vc-msg-sdk.el
    vc-msg-svn.el -> vc-msg-svn.el
    vc-msg.el -> vc-msg.el
Created vc-msg-20201210.157.tar containing:
  vc-msg-20201210.157/
  vc-msg-20201210.157/vc-msg-git.el
  vc-msg-20201210.157/vc-msg-hg.el
  vc-msg-20201210.157/vc-msg-p4.el
  vc-msg-20201210.157/vc-msg-pkg.el
  vc-msg-20201210.157/vc-msg-sdk.el
  vc-msg-20201210.157/vc-msg-svn.el
  vc-msg-20201210.157/vc-msg.el
Built vc-msg in 4.928s, finished at 2021-08-17T14:03:35+0000
 ✓ Success:
4.0K -rw-r--r-- 1 root root  409 Aug 17 14:03 packages/vc-msg-20201210.157.entry
 52K -rw-r--r-- 1 root root  50K Aug 17 14:03 packages/vc-msg-20201210.157.tar
4.0K -rw-r--r-- 1 root root 1.2K Aug 17 14:03 packages/vc-msg-badge.svg
4.0K -rw-r--r-- 1 root root 2.4K Aug 17 14:03 packages/vc-msg-readme.txt
