Package: vdm-mode
Fetcher: github
Source:  https://github.com/peterwvj/vdm-mode.git

Updating /mnt/store/melpa/working/vdm-mode/
Copying files (->) and directories (=>)
  from /mnt/store/melpa/working/vdm-mode/
  to /tmp/vdm-modeMUL38T/vdm-mode-20190328.1408
    vdm-mode-util.el -> vdm-mode-util.el
    vdm-mode.el -> vdm-mode.el
Created vdm-mode-20190328.1408.tar containing:
  vdm-mode-20190328.1408/
  vdm-mode-20190328.1408/vdm-mode-pkg.el
  vdm-mode-20190328.1408/vdm-mode-util.el
  vdm-mode-20190328.1408/vdm-mode.el
Built vdm-mode in 4.303s, finished at Wed May 19 04:13:13 2021
 ✓ Success:
4.0K -rw-r--r-- 1 root root  428 May 19 04:13 packages/vdm-mode-20190328.1408.entry
 20K -rw-r--r-- 1 root root  20K May 19 04:13 packages/vdm-mode-20190328.1408.tar
4.0K -rw-r--r-- 1 root root 1.2K May 19 04:13 packages/vdm-mode-badge.svg
4.0K -rw-r--r-- 1 root root  368 May 19 04:13 packages/vdm-mode-readme.txt
