Package: visual-regexp-steroids
Fetcher: github
Source:  https://github.com/benma/visual-regexp-steroids.el.git

Updating /mnt/store/melpa/working/visual-regexp-steroids/
Checking out origin/HEAD
Checking out a6420b25ec0fbba43bf57875827092e1196d8a9e
Copying files (->) and directories (=>)
  from /mnt/store/melpa/working/visual-regexp-steroids/
  to /tmp/visual-regexp-steroidsB79BOs/visual-regexp-steroids-20170222.253
    visual-regexp-steroids.el -> visual-regexp-steroids.el
    regexp.py -> regexp.py
Created visual-regexp-steroids-20170222.253.tar containing:
  visual-regexp-steroids-20170222.253/
  visual-regexp-steroids-20170222.253/regexp.py
  visual-regexp-steroids-20170222.253/visual-regexp-steroids-pkg.el
  visual-regexp-steroids-20170222.253/visual-regexp-steroids.el
Built visual-regexp-steroids in 4.935s, finished at 2021-08-17T14:04:10+0000
 ✓ Success:
4.0K -rw-r--r-- 1 root root  477 Aug 17 14:04 packages/visual-regexp-steroids-20170222.253.entry
 32K -rw-r--r-- 1 root root  30K Aug 17 14:04 packages/visual-regexp-steroids-20170222.253.tar
4.0K -rw-r--r-- 1 root root 1.2K Aug 17 14:04 packages/visual-regexp-steroids-badge.svg
