Package: vtm
Fetcher: github
Source:  https://github.com/laishulu/emacs-vterm-manager.git

Updating /mnt/store/melpa/working/vtm/
Checking out origin/HEAD
Checking out d770fd8cff7c24688199392ad93c01485c6a9569
Copying files (->) and directories (=>)
  from /mnt/store/melpa/working/vtm/
  to /tmp/vtmJRPQN0/vtm-20200921.338
    example.el -> example.el
    vtm.el -> vtm.el
Created vtm-20200921.338.tar containing:
  vtm-20200921.338/
  vtm-20200921.338/example.el
  vtm-20200921.338/vtm-pkg.el
  vtm-20200921.338/vtm.el
Built vtm in 5.021s, finished at 2021-08-17T14:04:23+0000
 ✓ Success:
4.0K -rw-r--r-- 1 root root  255 Aug 17 14:04 packages/vtm-20200921.338.entry
 12K -rw-r--r-- 1 root root  10K Aug 17 14:04 packages/vtm-20200921.338.tar
4.0K -rw-r--r-- 1 root root 1.2K Aug 17 14:04 packages/vtm-badge.svg
4.0K -rw-r--r-- 1 root root  117 Aug 17 14:04 packages/vtm-readme.txt
