Package: vulpea
Fetcher: github
Source:  https://github.com/d12frosted/vulpea.git

Updating /mnt/store/melpa/working/vulpea/
Checking out origin/HEAD
Checking out ebbfc00978603c40222e260f06dbec9d781e3306
Copying files (->) and directories (=>)
  from /mnt/store/melpa/working/vulpea/
  to /tmp/vulpea93M93i/vulpea-20210718.944
    vulpea-buffer.el -> vulpea-buffer.el
    vulpea-db.el -> vulpea-db.el
    vulpea-meta.el -> vulpea-meta.el
    vulpea-note.el -> vulpea-note.el
    vulpea-select.el -> vulpea-select.el
    vulpea-utils.el -> vulpea-utils.el
    vulpea.el -> vulpea.el
Created vulpea-20210718.944.tar containing:
  vulpea-20210718.944/
  vulpea-20210718.944/vulpea-buffer.el
  vulpea-20210718.944/vulpea-db.el
  vulpea-20210718.944/vulpea-meta.el
  vulpea-20210718.944/vulpea-note.el
  vulpea-20210718.944/vulpea-pkg.el
  vulpea-20210718.944/vulpea-select.el
  vulpea-20210718.944/vulpea-utils.el
  vulpea-20210718.944/vulpea.el
Built vulpea in 5.013s, finished at 2021-08-17T14:04:27+0000
 ✓ Success:
4.0K -rw-r--r-- 1 root root  397 Aug 17 14:04 packages/vulpea-20210718.944.entry
 64K -rw-r--r-- 1 root root  60K Aug 17 14:04 packages/vulpea-20210718.944.tar
4.0K -rw-r--r-- 1 root root 1.2K Aug 17 14:04 packages/vulpea-badge.svg
4.0K -rw-r--r-- 1 root root  170 Aug 17 14:04 packages/vulpea-readme.txt
