Package: wandbox
Fetcher: github
Source:  https://github.com/kosh04/emacs-wandbox.git

Updating /mnt/store/melpa/working/wandbox/
Checking out origin/HEAD
Checking out e002fe41f2cd9b4ce2b1dc80b83301176e9117f1
Copying files (->) and directories (=>)
  from /mnt/store/melpa/working/wandbox/
  to /tmp/wandboxPKoraY/wandbox-20170603.1231
    tls-patch.el -> tls-patch.el
    wandbox.el -> wandbox.el
Created wandbox-20170603.1231.tar containing:
  wandbox-20170603.1231/
  wandbox-20170603.1231/tls-patch.el
  wandbox-20170603.1231/wandbox-pkg.el
  wandbox-20170603.1231/wandbox.el
Built wandbox in 4.611s, finished at 2021-08-17T14:04:42+0000
 ✓ Success:
4.0K -rw-r--r-- 1 root root  411 Aug 17 14:04 packages/wandbox-20170603.1231.entry
 40K -rw-r--r-- 1 root root  40K Aug 17 14:04 packages/wandbox-20170603.1231.tar
4.0K -rw-r--r-- 1 root root 1.2K Aug 17 14:04 packages/wandbox-badge.svg
4.0K -rw-r--r-- 1 root root 1.3K Aug 17 14:04 packages/wandbox-readme.txt
