Package: wand
Fetcher: github
Source:  https://github.com/cmpitg/wand.git

Updating /mnt/store/melpa/working/wand/
Checking out origin/HEAD
Checking out 08c3d9156517a31dd98ea64bfc269fae730b643c
Copying files (->) and directories (=>)
  from /mnt/store/melpa/working/wand/
  to /tmp/wandBceTHf/wand-20210511.725
    wand-helper.el -> wand-helper.el
    wand.el -> wand.el
Created wand-20210511.725.tar containing:
  wand-20210511.725/
  wand-20210511.725/wand-helper.el
  wand-20210511.725/wand-pkg.el
  wand-20210511.725/wand.el
Built wand in 4.654s, finished at 2021-08-17T14:04:41+0000
 ✓ Success:
4.0K -rw-r--r-- 1 root root  369 Aug 17 14:04 packages/wand-20210511.725.entry
 20K -rw-r--r-- 1 root root  20K Aug 17 14:04 packages/wand-20210511.725.tar
4.0K -rw-r--r-- 1 root root 1.2K Aug 17 14:04 packages/wand-badge.svg
4.0K -rw-r--r-- 1 root root  909 Aug 17 14:04 packages/wand-readme.txt
