Package: weather-metno
Fetcher: github
Source:  https://github.com/ruediger/weather-metno-el.git

Updating /mnt/store/melpa/working/weather-metno/
Checking out origin/HEAD
Checking out bfc7137095e0ee71aad70ac46f2af677f3c051b6
Copying files (->) and directories (=>)
  from /mnt/store/melpa/working/weather-metno/
  to /tmp/weather-metno9TeEJk/weather-metno-20150901.107
    org-weather-metno.el -> org-weather-metno.el
    weather-metno-mode-line.el -> weather-metno-mode-line.el
    weather-metno-query.el -> weather-metno-query.el
    weather-metno.el -> weather-metno.el
  ! weather-metno-pkg.el.in -> weather-metno-pkg.el
Created weather-metno-20150901.107.tar containing:
  weather-metno-20150901.107/
  weather-metno-20150901.107/org-weather-metno.el
  weather-metno-20150901.107/weather-metno-mode-line.el
  weather-metno-20150901.107/weather-metno-pkg.el
  weather-metno-20150901.107/weather-metno-query.el
  weather-metno-20150901.107/weather-metno.el
Built weather-metno in 5.550s, finished at 2021-08-17T14:04:52+0000
 ✓ Success:
4.0K -rw-r--r-- 1 root root  403 Aug 17 14:04 packages/weather-metno-20150901.107.entry
 60K -rw-r--r-- 1 root root  60K Aug 17 14:04 packages/weather-metno-20150901.107.tar
4.0K -rw-r--r-- 1 root root 1.2K Aug 17 14:04 packages/weather-metno-badge.svg
4.0K -rw-r--r-- 1 root root   87 Aug 17 14:04 packages/weather-metno-readme.txt
