Package: web-server
Fetcher: github
Source:  https://github.com/eschulte/emacs-web-server.git

Updating /mnt/store/melpa/working/web-server/
Checking out origin/HEAD
Checking out 6357a1c2d1718778503f7ee0909585094117525b
Copying files (->) and directories (=>)
  from /mnt/store/melpa/working/web-server/
  to /tmp/web-serverO5t0OU/web-server-20210708.2242
    web-server-status-codes.el -> web-server-status-codes.el
    web-server.el -> web-server.el
  ! doc/doclicense.texi -> doclicense.texi
  ! doc/gpl.texi -> gpl.texi
  ! doc/web-server.texi -> web-server.texi
Created /tmp/web-serverO5t0OU/web-server-20210708.2242/doclicense.info
Created /tmp/web-serverO5t0OU/web-server-20210708.2242/gpl.info
Created /tmp/web-serverO5t0OU/web-server-20210708.2242/web-server.info
Created web-server-20210708.2242.tar containing:
  web-server-20210708.2242/
  web-server-20210708.2242/dir
  web-server-20210708.2242/doclicense.info
  web-server-20210708.2242/gpl.info
  web-server-20210708.2242/web-server-pkg.el
  web-server-20210708.2242/web-server-status-codes.el
  web-server-20210708.2242/web-server.el
  web-server-20210708.2242/web-server.info
Built web-server in 17.537s, finished at 2021-08-17T14:05:15+0000
 ✓ Success:
4.0K -rw-r--r-- 1 root root  432 Aug 17 14:05 packages/web-server-20210708.2242.entry
212K -rw-r--r-- 1 root root 210K Aug 17 14:05 packages/web-server-20210708.2242.tar
4.0K -rw-r--r-- 1 root root 1.2K Aug 17 14:05 packages/web-server-badge.svg
4.0K -rw-r--r-- 1 root root  680 Aug 17 14:05 packages/web-server-readme.txt
