Package: weblorg
Fetcher: github
Source:  https://github.com/emacs-love/weblorg.git

Updating /mnt/store/melpa/working/weblorg/
Checking out origin/HEAD
Checking out ffea6a93f5d35fed8532f1187463a27eb46bff0a
Copying files (->) and directories (=>)
  from /mnt/store/melpa/working/weblorg/
  to /tmp/weblorgxZU5kL/weblorg-20210526.129
    weblorg.el -> weblorg.el
    themes => themes
Created weblorg-20210526.129.tar containing:
  weblorg-20210526.129/
  weblorg-20210526.129/themes/
  weblorg-20210526.129/themes/autodoc/
  weblorg-20210526.129/themes/autodoc/static/
  weblorg-20210526.129/themes/autodoc/static/emacs-bw.svg
  weblorg-20210526.129/themes/autodoc/static/style.css
  weblorg-20210526.129/themes/autodoc/templates/
  weblorg-20210526.129/themes/autodoc/templates/autodoc.html
  weblorg-20210526.129/themes/autodoc/templates/doc.html
  weblorg-20210526.129/themes/autodoc/templates/index.html
  weblorg-20210526.129/themes/autodoc/templates/layout.html
  weblorg-20210526.129/themes/default/
  weblorg-20210526.129/themes/default/static/
  weblorg-20210526.129/themes/default/static/style.css
  weblorg-20210526.129/themes/default/templates/
  weblorg-20210526.129/themes/default/templates/base_layout.html
  weblorg-20210526.129/themes/default/templates/blog.html
  weblorg-20210526.129/themes/default/templates/feed.xml
  weblorg-20210526.129/themes/default/templates/index.html
  weblorg-20210526.129/themes/default/templates/page.html
  weblorg-20210526.129/themes/default/templates/post.html
  weblorg-20210526.129/weblorg-pkg.el
  weblorg-20210526.129/weblorg.el
Built weblorg in 5.332s, finished at 2021-08-17T14:05:08+0000
 ✓ Success:
4.0K -rw-r--r-- 1 root root  353 Aug 17 14:05 packages/weblorg-20210526.129.entry
100K -rw-r--r-- 1 root root 100K Aug 17 14:05 packages/weblorg-20210526.129.tar
4.0K -rw-r--r-- 1 root root 1.2K Aug 17 14:05 packages/weblorg-badge.svg
4.0K -rw-r--r-- 1 root root 1.8K Aug 17 14:05 packages/weblorg-readme.txt
