Package: worf
Fetcher: github
Source:  https://github.com/abo-abo/worf.git

Updating /mnt/store/melpa/working/worf/
Checking out origin/HEAD
Checking out e31759db6aae8a951c0843a4c855bccb626348c4
Copying files (->) and directories (=>)
  from /mnt/store/melpa/working/worf/
  to /tmp/worfByHyzk/worf-20210809.1409
    elpa.el -> elpa.el
    worf.el -> worf.el
Created worf-20210809.1409.tar containing:
  worf-20210809.1409/
  worf-20210809.1409/elpa.el
  worf-20210809.1409/worf-pkg.el
  worf-20210809.1409/worf.el
Built worf in 5.044s, finished at 2021-08-17T14:06:36+0000
 ✓ Success:
4.0K -rw-r--r-- 1 root root  427 Aug 17 14:06 packages/worf-20210809.1409.entry
 80K -rw-r--r-- 1 root root  80K Aug 17 14:06 packages/worf-20210809.1409.tar
4.0K -rw-r--r-- 1 root root 1.2K Aug 17 14:06 packages/worf-badge.svg
4.0K -rw-r--r-- 1 root root 3.9K Aug 17 14:06 packages/worf-readme.txt
