Package: wucuo
Fetcher: github
Source:  https://github.com/redguardtoo/wucuo.git

Updating /mnt/store/melpa/working/wucuo/
Checking out origin/HEAD
Checking out 986c9d96ff898d346b453422e8e312f7976e6089
Copying files (->) and directories (=>)
  from /mnt/store/melpa/working/wucuo/
  to /tmp/wucuok719YE/wucuo-20210316.156
    wucuo-flyspell-html-verify.el -> wucuo-flyspell-html-verify.el
    wucuo-flyspell-org-verify.el -> wucuo-flyspell-org-verify.el
    wucuo-sdk.el -> wucuo-sdk.el
    wucuo.el -> wucuo.el
Created wucuo-20210316.156.tar containing:
  wucuo-20210316.156/
  wucuo-20210316.156/wucuo-flyspell-html-verify.el
  wucuo-20210316.156/wucuo-flyspell-org-verify.el
  wucuo-20210316.156/wucuo-pkg.el
  wucuo-20210316.156/wucuo-sdk.el
  wucuo-20210316.156/wucuo.el
Built wucuo in 4.965s, finished at 2021-08-17T14:06:46+0000
 ✓ Success:
4.0K -rw-r--r-- 1 root root  383 Aug 17 14:06 packages/wucuo-20210316.156.entry
 40K -rw-r--r-- 1 root root  40K Aug 17 14:06 packages/wucuo-20210316.156.tar
4.0K -rw-r--r-- 1 root root 1.2K Aug 17 14:06 packages/wucuo-badge.svg
4.0K -rw-r--r-- 1 root root 2.2K Aug 17 14:06 packages/wucuo-readme.txt
