Package: xmlunicode
Fetcher: github
Source:  https://github.com/ndw/xmlunicode.git

Updating /mnt/store/melpa/working/xmlunicode/
Checking out origin/HEAD
Checking out 7e4c71c30f0d5214c45d4d4d48b149029ddb6b77
Copying files (->) and directories (=>)
  from /mnt/store/melpa/working/xmlunicode/
  to /tmp/xmlunicodeGFIuZc/xmlunicode-20210717.1246
    xmlunicode-character-list.el -> xmlunicode-character-list.el
    xmlunicode-helm.el -> xmlunicode-helm.el
    xmlunicode.el -> xmlunicode.el
Created xmlunicode-20210717.1246.tar containing:
  xmlunicode-20210717.1246/
  xmlunicode-20210717.1246/xmlunicode-character-list.el
  xmlunicode-20210717.1246/xmlunicode-helm.el
  xmlunicode-20210717.1246/xmlunicode-pkg.el
  xmlunicode-20210717.1246/xmlunicode.el
Built xmlunicode in 4.834s, finished at 2021-08-17T14:07:15+0000
 ✓ Success:
4.0K -rw-r--r-- 1 root root  314 Aug 17 14:07 packages/xmlunicode-20210717.1246.entry
2.2M -rw-r--r-- 1 root root 2.2M Aug 17 14:07 packages/xmlunicode-20210717.1246.tar
4.0K -rw-r--r-- 1 root root 1.2K Aug 17 14:07 packages/xmlunicode-badge.svg
8.0K -rw-r--r-- 1 root root 6.7K Aug 17 14:07 packages/xmlunicode-readme.txt
