Package: xterm-keybinder
Fetcher: github
Source:  https://github.com/yuutayamada/xterm-keybinder-el.git

Updating /mnt/store/melpa/working/xterm-keybinder/
Checking out origin/HEAD
Checking out b29c4f700b0fa0c9f627f6725b36462b8fab06d6
Copying files (->) and directories (=>)
  from /mnt/store/melpa/working/xterm-keybinder/
  to /tmp/xterm-keybinder1dab6n/xterm-keybinder-20160523.56
    xterm-keybinder.el -> xterm-keybinder.el
    xterm-option -> xterm-option
    emacs-urxvt-client -> emacs-urxvt-client
Created xterm-keybinder-20160523.56.tar containing:
  xterm-keybinder-20160523.56/
  xterm-keybinder-20160523.56/emacs-urxvt-client
  xterm-keybinder-20160523.56/xterm-keybinder-pkg.el
  xterm-keybinder-20160523.56/xterm-keybinder.el
  xterm-keybinder-20160523.56/xterm-option
Built xterm-keybinder in 4.642s, finished at 2021-08-17T14:07:22+0000
 ✓ Success:
4.0K -rw-r--r-- 1 root root  388 Aug 17 14:07 packages/xterm-keybinder-20160523.56.entry
 72K -rw-r--r-- 1 root root  70K Aug 17 14:07 packages/xterm-keybinder-20160523.56.tar
4.0K -rw-r--r-- 1 root root 1.2K Aug 17 14:07 packages/xterm-keybinder-badge.svg
4.0K -rw-r--r-- 1 root root 2.0K Aug 17 14:07 packages/xterm-keybinder-readme.txt
