Package: xwwp
Fetcher: github
Source:  https://github.com/canatella/xwwp.git

Updating /mnt/store/melpa/working/xwwp/
Checking out origin/HEAD
Checking out f67e070a6e1b233e60274deb717274b000923231
Copying files (->) and directories (=>)
  from /mnt/store/melpa/working/xwwp/
  to /tmp/xwwpoThAut/xwwp-20200917.643
    xwwp.el -> xwwp.el
    xwwp-follow-link.el -> xwwp-follow-link.el
    xwwp-follow-link-ido.el -> xwwp-follow-link-ido.el
Created xwwp-20200917.643.tar containing:
  xwwp-20200917.643/
  xwwp-20200917.643/xwwp-follow-link-ido.el
  xwwp-20200917.643/xwwp-follow-link.el
  xwwp-20200917.643/xwwp-pkg.el
  xwwp-20200917.643/xwwp.el
Built xwwp in 4.493s, finished at 2021-08-17T14:07:27+0000
 ✓ Success:
4.0K -rw-r--r-- 1 root root  304 Aug 17 14:07 packages/xwwp-20200917.643.entry
 32K -rw-r--r-- 1 root root  30K Aug 17 14:07 packages/xwwp-20200917.643.tar
4.0K -rw-r--r-- 1 root root 1.2K Aug 17 14:07 packages/xwwp-badge.svg
4.0K -rw-r--r-- 1 root root 2.8K Aug 17 14:07 packages/xwwp-follow-link-helm-20200917.642.el
4.0K -rw-r--r-- 1 root root  382 Aug 17 10:41 packages/xwwp-follow-link-helm-20200917.642.entry
4.0K -rw-r--r-- 1 root root 1.2K Aug 17 10:41 packages/xwwp-follow-link-helm-badge.svg
4.0K -rw-r--r-- 1 root root   95 Aug 17 10:41 packages/xwwp-follow-link-helm-readme.txt
4.0K -rw-r--r-- 1 root root  231 Aug 17 14:07 packages/xwwp-follow-link-helm.log
8.0K -rw-r--r-- 1 root root 4.9K Aug 17 10:41 packages/xwwp-follow-link-ivy-20200917.642.el
4.0K -rw-r--r-- 1 root root  389 Aug 17 10:41 packages/xwwp-follow-link-ivy-20200917.642.entry
4.0K -rw-r--r-- 1 root root 1.2K Aug 17 10:41 packages/xwwp-follow-link-ivy-badge.svg
4.0K -rw-r--r-- 1 root root   94 Aug 17 10:41 packages/xwwp-follow-link-ivy-readme.txt
4.0K -rw-r--r-- 1 root root  229 Aug 17 14:07 packages/xwwp-follow-link-ivy.log
4.0K -rw-r--r-- 1 root root  210 Aug 17 14:07 packages/xwwp-readme.txt
