Package: yaml-imenu
Fetcher: github
Source:  https://github.com/knu/yaml-imenu.el.git

Updating /mnt/store/melpa/working/yaml-imenu/
Checking out origin/HEAD
Checking out 01741205fb33d2ed511502d1cd65a711e07a3117
Copying files (->) and directories (=>)
  from /mnt/store/melpa/working/yaml-imenu/
  to /tmp/yaml-imenuib6zX7/yaml-imenu-20210530.251
    yaml-imenu.el -> yaml-imenu.el
    parse_yaml.rb -> parse_yaml.rb
Created yaml-imenu-20210530.251.tar containing:
  yaml-imenu-20210530.251/
  yaml-imenu-20210530.251/parse_yaml.rb
  yaml-imenu-20210530.251/yaml-imenu-pkg.el
  yaml-imenu-20210530.251/yaml-imenu.el
Built yaml-imenu in 4.847s, finished at 2021-08-17T14:07:36+0000
 ✓ Success:
4.0K -rw-r--r-- 1 root root  452 Aug 17 14:07 packages/yaml-imenu-20210530.251.entry
 20K -rw-r--r-- 1 root root  20K Aug 17 14:07 packages/yaml-imenu-20210530.251.tar
4.0K -rw-r--r-- 1 root root 1.2K Aug 17 14:07 packages/yaml-imenu-badge.svg
4.0K -rw-r--r-- 1 root root  795 Aug 17 14:07 packages/yaml-imenu-readme.txt
