Package: yaml
Fetcher: github
Source:  https://github.com/zkry/yaml.el.git

Updating /mnt/store/melpa/working/yaml/
Checking out origin/HEAD
Checking out 84b88c9ed178af16da18b230c1f61c57cefedf28
Built yaml in 5.217s, finished at 2021-08-17T14:07:36+0000
 ✓ Success:
104K -rw-r--r-- 1 root root 103K Aug 17 14:07 packages/yaml-20210730.143.el
4.0K -rw-r--r-- 1 root root  330 Aug 17 14:07 packages/yaml-20210730.143.entry
4.0K -rw-r--r-- 1 root root 1.2K Aug 17 14:07 packages/yaml-badge.svg
4.0K -rw-r--r-- 1 root root  452 Aug 17 14:07 packages/yaml-imenu-20210530.251.entry
 20K -rw-r--r-- 1 root root  20K Aug 17 14:07 packages/yaml-imenu-20210530.251.tar
4.0K -rw-r--r-- 1 root root 1.2K Aug 17 14:07 packages/yaml-imenu-badge.svg
4.0K -rw-r--r-- 1 root root  795 Aug 17 14:07 packages/yaml-imenu-readme.txt
4.0K -rw-r--r-- 1 root root  695 Aug 17 14:07 packages/yaml-imenu.log
 20K -rw-r--r-- 1 root root  18K Aug 17 14:07 packages/yaml-mode-20210808.1122.el
4.0K -rw-r--r-- 1 root root  448 Aug 17 14:07 packages/yaml-mode-20210808.1122.entry
4.0K -rw-r--r-- 1 root root 1.2K Aug 17 10:41 packages/yaml-mode-badge.svg
4.0K -rw-r--r-- 1 root root  942 Aug 17 14:07 packages/yaml-mode-readme.txt
4.0K -rw-r--r-- 1 root root  210 Aug 17 14:07 packages/yaml-mode.log
4.0K -rw-r--r-- 1 root root  512 Aug 17 14:07 packages/yaml-readme.txt
4.0K -rw-r--r-- 1 root root 1.8K Aug 17 10:41 packages/yaml-tomato-20151123.753.el
4.0K -rw-r--r-- 1 root root  283 Aug 17 10:41 packages/yaml-tomato-20151123.753.entry
4.0K -rw-r--r-- 1 root root 1.2K Aug 17 10:41 packages/yaml-tomato-badge.svg
4.0K -rw-r--r-- 1 root root  273 Aug 17 10:41 packages/yaml-tomato-readme.txt
4.0K -rw-r--r-- 1 root root  221 Aug 17 14:07 packages/yaml-tomato.log
