Package: yandex-weather
Fetcher: github
Source:  https://github.com/acme4j/yandex-weather.el.git

Updating /mnt/store/melpa/working/yandex-weather/
Checking out origin/HEAD
Checking out 6f823fd9e04ff9efb2aa65f333079e9f7e6e5b28
Copying files (->) and directories (=>)
  from /mnt/store/melpa/working/yandex-weather/
  to /tmp/yandex-weatherPtRxX9/yandex-weather-20160311.2037
    org-yandex-weather.el -> org-yandex-weather.el
    yandex-weather.el -> yandex-weather.el
Created yandex-weather-20160311.2037.tar containing:
  yandex-weather-20160311.2037/
  yandex-weather-20160311.2037/org-yandex-weather.el
  yandex-weather-20160311.2037/yandex-weather-pkg.el
  yandex-weather-20160311.2037/yandex-weather.el
Built yandex-weather in 4.349s, finished at 2021-08-17T14:07:37+0000
 ✓ Success:
4.0K -rw-r--r-- 1 root root  144 Aug 17 14:07 packages/yandex-weather-20160311.2037.entry
 20K -rw-r--r-- 1 root root  20K Aug 17 14:07 packages/yandex-weather-20160311.2037.tar
4.0K -rw-r--r-- 1 root root 1.2K Aug 17 14:07 packages/yandex-weather-badge.svg
4.0K -rw-r--r-- 1 root root  529 Aug 17 14:07 packages/yandex-weather-readme.txt
