Package: yasnippet
Fetcher: github
Source:  https://github.com/joaotavora/yasnippet.git

Updating /mnt/store/melpa/working/yasnippet/
Checking out origin/HEAD
Checking out 5cbdbf0d2015540c59ed8ee0fcf4788effdf75b6
Built yasnippet in 5.376s, finished at 2021-08-17T14:07:45+0000
 ✓ Success:
216K -rw-r--r-- 1 root root 215K Aug 17 14:07 packages/yasnippet-20200604.246.el
4.0K -rw-r--r-- 1 root root  340 Aug 17 14:07 packages/yasnippet-20200604.246.entry
4.0K -rw-r--r-- 1 root root 1.2K Aug 17 14:07 packages/yasnippet-badge.svg
4.0K -rw-r--r-- 1 root root  362 Aug 17 10:41 packages/yasnippet-lean-20200526.326.entry
 32K -rw-r--r-- 1 root root  30K Aug 17 10:41 packages/yasnippet-lean-20200526.326.tar
4.0K -rw-r--r-- 1 root root 1.2K Aug 17 10:41 packages/yasnippet-lean-badge.svg
4.0K -rw-r--r-- 1 root root   48 Aug 17 10:41 packages/yasnippet-lean-readme.txt
4.0K -rw-r--r-- 1 root root  184 Aug 17 14:07 packages/yasnippet-lean.log
4.0K -rw-r--r-- 1 root root 3.3K Aug 17 14:07 packages/yasnippet-readme.txt
4.0K -rw-r--r-- 1 root root  440 Aug 17 10:41 packages/yasnippet-snippets-20210808.1851.entry
2.3M -rw-r--r-- 1 root root 2.3M Aug 17 10:41 packages/yasnippet-snippets-20210808.1851.tar
4.0K -rw-r--r-- 1 root root 1.2K Aug 17 10:41 packages/yasnippet-snippets-badge.svg
4.0K -rw-r--r-- 1 root root   55 Aug 17 10:41 packages/yasnippet-snippets-readme.txt
4.0K -rw-r--r-- 1 root root  163 Aug 17 14:07 packages/yasnippet-snippets.log
