Package: yatex
Fetcher: hg
Source:  https://www.yatex.org/hgrepos/yatex

Updating /mnt/store/melpa/working/yatex/
Checking out d4831b3672f87affbb0f7f69135e7824d0bd325b
Copying files (->) and directories (=>)
  from /mnt/store/melpa/working/yatex/
  to /tmp/yatex0zsuki/yatex-20210630.2200
    yahtml.el -> yahtml.el
    yatex.el -> yatex.el
    yatex19.el -> yatex19.el
    yatex23.el -> yatex23.el
    yatexadd.el -> yatexadd.el
    yatexenv.el -> yatexenv.el
    yatexflt.el -> yatexflt.el
    yatexgen.el -> yatexgen.el
    yatexhie.el -> yatexhie.el
    yatexhks.el -> yatexhks.el
    yatexhlp.el -> yatexhlp.el
    yatexinf.el -> yatexinf.el
    yatexlib.el -> yatexlib.el
    yatexm-o.el -> yatexm-o.el
    yatexmth.el -> yatexmth.el
    yatexpkg.el -> yatexpkg.el
    yatexprc.el -> yatexprc.el
    yatexsec.el -> yatexsec.el
    dir -> dir
Created yatex-20210630.2200.tar containing:
  yatex-20210630.2200/
  yatex-20210630.2200/dir
  yatex-20210630.2200/yahtml.el
  yatex-20210630.2200/yatex-pkg.el
  yatex-20210630.2200/yatex.el
  yatex-20210630.2200/yatex19.el
  yatex-20210630.2200/yatex23.el
  yatex-20210630.2200/yatexadd.el
  yatex-20210630.2200/yatexenv.el
  yatex-20210630.2200/yatexflt.el
  yatex-20210630.2200/yatexgen.el
  yatex-20210630.2200/yatexhie.el
  yatex-20210630.2200/yatexhks.el
  yatex-20210630.2200/yatexhlp.el
  yatex-20210630.2200/yatexinf.el
  yatex-20210630.2200/yatexlib.el
  yatex-20210630.2200/yatexm-o.el
  yatex-20210630.2200/yatexmth.el
  yatex-20210630.2200/yatexpkg.el
  yatex-20210630.2200/yatexprc.el
  yatex-20210630.2200/yatexsec.el
Built yatex in 21.533s, finished at 2021-08-17T14:08:07+0000
 ✓ Success:
4.0K -rw-r--r-- 1 root root  146 Aug 17 14:08 packages/yatex-20210630.2200.entry
632K -rw-r--r-- 1 root root 630K Aug 17 14:08 packages/yatex-20210630.2200.tar
4.0K -rw-r--r-- 1 root root 1.2K Aug 17 14:08 packages/yatex-badge.svg
