Package: zephir-mode
Fetcher: github
Source:  https://github.com/zephir-lang/zephir-mode.git

Updating /mnt/store/melpa/working/zephir-mode/
Checking out origin/HEAD
Checking out 4e9618b77dff67c1c7b6fff78605a62311db88b8
Copying files (->) and directories (=>)
  from /mnt/store/melpa/working/zephir-mode/
  to /tmp/zephir-modeTNBe4u/zephir-mode-20200417.830
    zephir-face.el -> zephir-face.el
    zephir-indent.el -> zephir-indent.el
    zephir-mode.el -> zephir-mode.el
    zephir.el -> zephir.el
Created zephir-mode-20200417.830.tar containing:
  zephir-mode-20200417.830/
  zephir-mode-20200417.830/zephir-face.el
  zephir-mode-20200417.830/zephir-indent.el
  zephir-mode-20200417.830/zephir-mode-pkg.el
  zephir-mode-20200417.830/zephir-mode.el
  zephir-mode-20200417.830/zephir.el
Built zephir-mode in 4.559s, finished at 2021-08-17T14:08:14+0000
 ✓ Success:
4.0K -rw-r--r-- 1 root root  454 Aug 17 14:08 packages/zephir-mode-20200417.830.entry
 52K -rw-r--r-- 1 root root  50K Aug 17 14:08 packages/zephir-mode-20200417.830.tar
4.0K -rw-r--r-- 1 root root 1.2K Aug 17 14:08 packages/zephir-mode-badge.svg
4.0K -rw-r--r-- 1 root root  132 Aug 17 14:08 packages/zephir-mode-readme.txt
