Package: zmq
Fetcher: github
Source:  https://github.com/nnicandro/emacs-zmq.git

Updating /mnt/store/melpa/working/zmq/
Checking out origin/HEAD
Checking out 38dc6c4119aee57666caf8f97c8a3d7f678823e0
Copying files (->) and directories (=>)
  from /mnt/store/melpa/working/zmq/
  to /tmp/zmqiwmAEp/zmq-20210613.343
    zmq.el -> zmq.el
    Makefile -> Makefile
    src => src
Created zmq-20210613.343.tar containing:
  zmq-20210613.343/
  zmq-20210613.343/Makefile
  zmq-20210613.343/src/
  zmq-20210613.343/src/Makefile.am
  zmq-20210613.343/src/configure.ac
  zmq-20210613.343/src/constants.c
  zmq-20210613.343/src/context.c
  zmq-20210613.343/src/context.h
  zmq-20210613.343/src/core.c
  zmq-20210613.343/src/core.h
  zmq-20210613.343/src/emacs-module.h
  zmq-20210613.343/src/emacs-zmq.c
  zmq-20210613.343/src/emacs-zmq.h
  zmq-20210613.343/src/msg.c
  zmq-20210613.343/src/msg.h
  zmq-20210613.343/src/poll.c
  zmq-20210613.343/src/poll.h
  zmq-20210613.343/src/socket.c
  zmq-20210613.343/src/socket.h
  zmq-20210613.343/src/util.c
  zmq-20210613.343/src/util.h
  zmq-20210613.343/zmq-pkg.el
  zmq-20210613.343/zmq.el
Built zmq in 4.381s, finished at 2021-08-17T14:08:25+0000
 ✓ Success:
4.0K -rw-r--r-- 1 root root  403 Aug 17 14:08 packages/zmq-20210613.343.entry
152K -rw-r--r-- 1 root root 150K Aug 17 14:08 packages/zmq-20210613.343.tar
4.0K -rw-r--r-- 1 root root 1.2K Aug 17 14:08 packages/zmq-badge.svg
4.0K -rw-r--r-- 1 root root   60 Aug 17 14:08 packages/zmq-readme.txt
