Package: zprint-mode
Fetcher: github
Source:  https://github.com/pesterhazy/zprint-mode.el.git

Updating /mnt/store/melpa/working/zprint-mode/
Checking out origin/HEAD
Checking out b9b72b4918156f2f44aa544be9e19ea391937c2a
Copying files (->) and directories (=>)
  from /mnt/store/melpa/working/zprint-mode/
  to /tmp/zprint-mode3ZVXPe/zprint-mode-20200731.1238
    zprint-mode.el -> zprint-mode.el
    bin => bin
Created zprint-mode-20200731.1238.tar containing:
  zprint-mode-20200731.1238/
  zprint-mode-20200731.1238/bin/
  zprint-mode-20200731.1238/bin/wrap-zprint
  zprint-mode-20200731.1238/zprint-mode-pkg.el
  zprint-mode-20200731.1238/zprint-mode.el
Built zprint-mode in 4.519s, finished at 2021-08-17T14:08:41+0000
 ✓ Success:
4.0K -rw-r--r-- 1 root root 3.7K Nov 30  2019 packages/zprint-mode-20191130.1829.el
4.0K -rw-r--r-- 1 root root  411 Aug 17 14:08 packages/zprint-mode-20200731.1238.entry
 12K -rw-r--r-- 1 root root  10K Aug 17 14:08 packages/zprint-mode-20200731.1238.tar
4.0K -rw-r--r-- 1 root root 1.2K Aug 17 14:08 packages/zprint-mode-badge.svg
4.0K -rw-r--r-- 1 root root   43 Aug 17 14:08 packages/zprint-mode-readme.txt
