Package: ztree
Fetcher: github
Source:  https://github.com/fourier/ztree.git

Updating /mnt/store/melpa/working/ztree/
Checking out origin/HEAD
Checking out f05677f9696e573c8c607e8876fb4a0cccbc491f
Copying files (->) and directories (=>)
  from /mnt/store/melpa/working/ztree/
  to /tmp/ztree7pvLqd/ztree-20210415.1947
    ztree-diff-model.el -> ztree-diff-model.el
    ztree-diff.el -> ztree-diff.el
    ztree-dir.el -> ztree-dir.el
    ztree-protocol.el -> ztree-protocol.el
    ztree-util.el -> ztree-util.el
    ztree-view.el -> ztree-view.el
    ztree.el -> ztree.el
Created ztree-20210415.1947.tar containing:
  ztree-20210415.1947/
  ztree-20210415.1947/ztree-diff-model.el
  ztree-20210415.1947/ztree-diff.el
  ztree-20210415.1947/ztree-dir.el
  ztree-20210415.1947/ztree-pkg.el
  ztree-20210415.1947/ztree-protocol.el
  ztree-20210415.1947/ztree-util.el
  ztree-20210415.1947/ztree-view.el
  ztree-20210415.1947/ztree.el
Built ztree in 4.368s, finished at 2021-08-17T14:08:41+0000
 ✓ Success:
4.0K -rw-r--r-- 1 root root  366 Aug 17 14:08 packages/ztree-20210415.1947.entry
100K -rw-r--r-- 1 root root 100K Aug 17 14:08 packages/ztree-20210415.1947.tar
4.0K -rw-r--r-- 1 root root 1.2K Aug 17 14:08 packages/ztree-badge.svg
4.0K -rw-r--r-- 1 root root    1 Aug 17 14:08 packages/ztree-readme.txt
