Package: ac-emoji
Fetcher: github
Source:  https://github.com/emacsorphanage/ac-emoji.git

Updating /mnt/store/melpa/working/ac-emoji/
Copying files (->) and directories (=>)
  from /mnt/store/melpa/working/ac-emoji/
  to /tmp/ac-emojiWx608c/ac-emoji-0.2
    ac-emoji-data.el -> ac-emoji-data.el
    ac-emoji.el -> ac-emoji.el
Created ac-emoji-0.2.tar containing:
  ac-emoji-0.2/
  ac-emoji-0.2/ac-emoji-data.el
  ac-emoji-0.2/ac-emoji-pkg.el
  ac-emoji-0.2/ac-emoji.el
Built ac-emoji in 2.801s, finished at Wed May 19 04:18:21 2021
 ✓ Success:
4.0K -rw-r--r-- 1 root root  363 May 19 04:18 packages-stable/ac-emoji-0.2.entry
 80K -rw-r--r-- 1 root root  80K May 19 04:18 packages-stable/ac-emoji-0.2.tar
4.0K -rw-r--r-- 1 root root 1.2K May 19 04:18 packages-stable/ac-emoji-badge.svg
4.0K -rw-r--r-- 1 root root  116 May 19 04:18 packages-stable/ac-emoji-readme.txt
