Package: ac-html
Fetcher: github
Source:  https://github.com/victorteokw/ac-html.git

Updating /mnt/store/melpa/working/ac-html/
Checking out 415a78c3b84855b0c0411832d21a0fb63239b184
Note: ac-html :files spec is equivalent to the default.
Copying files (->) and directories (=>)
  from /mnt/store/melpa/working/ac-html/
  to /tmp/ac-htmlzgp7lC/ac-html-0.31
    ac-haml.el -> ac-haml.el
    ac-html.el -> ac-html.el
    ac-jade.el -> ac-jade.el
    ac-slim.el -> ac-slim.el
Created ac-html-0.31.tar containing:
  ac-html-0.31/
  ac-html-0.31/ac-haml.el
  ac-html-0.31/ac-html-pkg.el
  ac-html-0.31/ac-html.el
  ac-html-0.31/ac-jade.el
  ac-html-0.31/ac-slim.el
Built ac-html in 4.971s, finished at 2021-08-17T10:43:06+0000
 ✓ Success:
4.0K -rw-r--r-- 1 root root  434 Aug 17 10:43 packages-stable/ac-html-0.31.entry
 32K -rw-r--r-- 1 root root  30K Aug 17 10:43 packages-stable/ac-html-0.31.tar
4.0K -rw-r--r-- 1 root root  196 Aug 17 10:43 packages-stable/ac-html-angular.log
4.0K -rw-r--r-- 1 root root 1.2K Aug 17 10:43 packages-stable/ac-html-badge.svg
4.0K -rw-r--r-- 1 root root  498 Aug 17 07:12 packages-stable/ac-html-bootstrap-0.9.3.entry
160K -rw-r--r-- 1 root root 160K Aug 17 07:12 packages-stable/ac-html-bootstrap-0.9.3.tar
4.0K -rw-r--r-- 1 root root 1.2K Aug 17 07:12 packages-stable/ac-html-bootstrap-badge.svg
4.0K -rw-r--r-- 1 root root  852 Aug 17 07:12 packages-stable/ac-html-bootstrap-readme.txt
4.0K -rw-r--r-- 1 root root  151 Aug 17 10:43 packages-stable/ac-html-bootstrap.log
8.0K -rw-r--r-- 1 root root 7.3K Aug 17 07:12 packages-stable/ac-html-csswatcher-0.1.7.el
4.0K -rw-r--r-- 1 root root  495 Aug 17 07:12 packages-stable/ac-html-csswatcher-0.1.7.entry
4.0K -rw-r--r-- 1 root root 1.2K Aug 17 07:13 packages-stable/ac-html-csswatcher-badge.svg
4.0K -rw-r--r-- 1 root root 1.2K Aug 17 07:12 packages-stable/ac-html-csswatcher-readme.txt
4.0K -rw-r--r-- 1 root root  154 Aug 17 10:43 packages-stable/ac-html-csswatcher.log
4.0K -rw-r--r-- 1 root root  586 Aug 17 10:43 packages-stable/ac-html-readme.txt
