Package: ac-php-core
Fetcher: github
Source:  https://github.com/xcwen/ac-php.git

Updating /mnt/store/melpa/working/ac-php-core/
Copying files (->) and directories (=>)
  from /mnt/store/melpa/working/ac-php-core/
  to /tmp/ac-php-coreQVpCQf/ac-php-core-2.4.0
    ac-php-comm-tags-data.el -> ac-php-comm-tags-data.el
    ac-php-core.el -> ac-php-core.el
    phpctags -> phpctags
    ac-php-comm-tags-data.json -> ac-php-comm-tags-data.json
Created ac-php-core-2.4.0.tar containing:
  ac-php-core-2.4.0/
  ac-php-core-2.4.0/ac-php-comm-tags-data.el
  ac-php-core-2.4.0/ac-php-comm-tags-data.json
  ac-php-core-2.4.0/ac-php-core-pkg.el
  ac-php-core-2.4.0/ac-php-core.el
  ac-php-core-2.4.0/phpctags
Built ac-php-core in 3.286s, finished at Wed May 19 04:18:32 2021
 ✓ Success:
4.0K -rw-r--r-- 1 root root  517 May 19 04:18 packages-stable/ac-php-core-2.4.0.entry
2.1M -rw-r--r-- 1 root root 2.1M May 19 04:18 packages-stable/ac-php-core-2.4.0.tar
4.0K -rw-r--r-- 1 root root 1.2K May 19 04:18 packages-stable/ac-php-core-badge.svg
4.0K -rw-r--r-- 1 root root  980 May 19 04:18 packages-stable/ac-php-core-readme.txt
