Package: all-the-icons
Fetcher: github
Source:  https://github.com/domtronn/all-the-icons.el.git

Updating /mnt/store/melpa/working/all-the-icons/
Checking out facbde4a7be292bf9490932cbe403b443273f45d
Copying files (->) and directories (=>)
  from /mnt/store/melpa/working/all-the-icons/
  to /tmp/all-the-iconslifoBO/all-the-icons-5.0.0
    all-the-icons-faces.el -> all-the-icons-faces.el
    all-the-icons.el -> all-the-icons.el
    data => data
Created all-the-icons-5.0.0.tar containing:
  all-the-icons-5.0.0/
  all-the-icons-5.0.0/all-the-icons-faces.el
  all-the-icons-5.0.0/all-the-icons-pkg.el
  all-the-icons-5.0.0/all-the-icons.el
  all-the-icons-5.0.0/data/
  all-the-icons-5.0.0/data/data-alltheicons.el
  all-the-icons-5.0.0/data/data-faicons.el
  all-the-icons-5.0.0/data/data-fileicons.el
  all-the-icons-5.0.0/data/data-material.el
  all-the-icons-5.0.0/data/data-octicons.el
  all-the-icons-5.0.0/data/data-weathericons.el
Built all-the-icons in 4.168s, finished at 2021-08-17T10:43:56+0000
 ✓ Success:
4.0K -rw-r--r-- 1 root root  385 Aug 17 10:43 packages-stable/all-the-icons-5.0.0.entry
192K -rw-r--r-- 1 root root 190K Aug 17 10:43 packages-stable/all-the-icons-5.0.0.tar
4.0K -rw-r--r-- 1 root root 1.2K Aug 17 10:43 packages-stable/all-the-icons-badge.svg
4.0K -rw-r--r-- 1 root root  236 Aug 17 10:43 packages-stable/all-the-icons-completion.log
8.0K -rw-r--r-- 1 root root 6.3K Aug 17 10:43 packages-stable/all-the-icons-dired-2.0.el
4.0K -rw-r--r-- 1 root root  437 Aug 17 10:43 packages-stable/all-the-icons-dired-2.0.entry
4.0K -rw-r--r-- 1 root root 1.2K Aug 17 10:43 packages-stable/all-the-icons-dired-badge.svg
4.0K -rw-r--r-- 1 root root  290 Aug 17 10:43 packages-stable/all-the-icons-dired-readme.txt
4.0K -rw-r--r-- 1 root root  669 Aug 17 10:43 packages-stable/all-the-icons-dired.log
4.0K -rw-r--r-- 1 root root  215 Aug 17 10:43 packages-stable/all-the-icons-gnus.log
8.0K -rw-r--r-- 1 root root 7.8K Aug 17 10:43 packages-stable/all-the-icons-ibuffer-1.3.0.el
4.0K -rw-r--r-- 1 root root  453 Aug 17 07:13 packages-stable/all-the-icons-ibuffer-1.3.0.entry
4.0K -rw-r--r-- 1 root root 1.2K Aug 17 07:13 packages-stable/all-the-icons-ibuffer-badge.svg
4.0K -rw-r--r-- 1 root root  243 Aug 17 07:13 packages-stable/all-the-icons-ibuffer-readme.txt
4.0K -rw-r--r-- 1 root root  224 Aug 17 10:43 packages-stable/all-the-icons-ibuffer.log
8.0K -rw-r--r-- 1 root root 5.5K Aug 17 10:43 packages-stable/all-the-icons-ivy-0.5.0.el
4.0K -rw-r--r-- 1 root root  344 Aug 17 07:13 packages-stable/all-the-icons-ivy-0.5.0.entry
4.0K -rw-r--r-- 1 root root 1.2K Aug 17 07:13 packages-stable/all-the-icons-ivy-badge.svg
4.0K -rw-r--r-- 1 root root  241 Aug 17 07:13 packages-stable/all-the-icons-ivy-readme.txt
 44K -rw-r--r-- 1 root root  42K Aug 17 07:13 packages-stable/all-the-icons-ivy-rich-1.6.2.el
4.0K -rw-r--r-- 1 root root  482 Aug 17 07:13 packages-stable/all-the-icons-ivy-rich-1.6.2.entry
4.0K -rw-r--r-- 1 root root 1.2K Aug 17 07:13 packages-stable/all-the-icons-ivy-rich-badge.svg
4.0K -rw-r--r-- 1 root root  243 Aug 17 07:13 packages-stable/all-the-icons-ivy-rich-readme.txt
4.0K -rw-r--r-- 1 root root  227 Aug 17 10:43 packages-stable/all-the-icons-ivy-rich.log
4.0K -rw-r--r-- 1 root root  206 Aug 17 10:43 packages-stable/all-the-icons-ivy.log
4.0K -rw-r--r-- 1 root root 1010 Aug 17 10:43 packages-stable/all-the-icons-readme.txt
