Package: angular-snippets
Fetcher: github
Source:  https://github.com/magnars/angular-snippets.el.git

Updating /mnt/store/melpa/working/angular-snippets/
Checking out 8533ae3231b7938cf12da271489685857dcb8ce0
Copying files (->) and directories (=>)
  from /mnt/store/melpa/working/angular-snippets/
  to /tmp/angular-snippetso3H5kN/angular-snippets-0.2.3
    angular-snippets-pkg.el -> angular-snippets-pkg.el
    angular-snippets.el -> angular-snippets.el
    snippets => snippets
Created angular-snippets-0.2.3.tar containing:
  angular-snippets-0.2.3/
  angular-snippets-0.2.3/angular-snippets-pkg.el
  angular-snippets-0.2.3/angular-snippets.el
  angular-snippets-0.2.3/snippets/
  angular-snippets-0.2.3/snippets/html-mode/
  angular-snippets-0.2.3/snippets/html-mode/ng-app.yasnippet
  angular-snippets-0.2.3/snippets/html-mode/ng-bind-html-unsafe.yasnippet
  angular-snippets-0.2.3/snippets/html-mode/ng-bind-template.yasnippet
  angular-snippets-0.2.3/snippets/html-mode/ng-bind.yasnippet
  angular-snippets-0.2.3/snippets/html-mode/ng-change.yasnippet
  angular-snippets-0.2.3/snippets/html-mode/ng-checked.yasnippet
  angular-snippets-0.2.3/snippets/html-mode/ng-class-even.yasnippet
  angular-snippets-0.2.3/snippets/html-mode/ng-class-odd.yasnippet
  angular-snippets-0.2.3/snippets/html-mode/ng-class.yasnippet
  angular-snippets-0.2.3/snippets/html-mode/ng-click.yasnippet
  angular-snippets-0.2.3/snippets/html-mode/ng-cloak.yasnippet
  angular-snippets-0.2.3/snippets/html-mode/ng-controller.yasnippet
  angular-snippets-0.2.3/snippets/html-mode/ng-csp.yasnippet
  angular-snippets-0.2.3/snippets/html-mode/ng-dblclick.yasnippet
  angular-snippets-0.2.3/snippets/html-mode/ng-disabled.yasnippet
  angular-snippets-0.2.3/snippets/html-mode/ng-form.yasnippet
  angular-snippets-0.2.3/snippets/html-mode/ng-hide.yasnippet
  angular-snippets-0.2.3/snippets/html-mode/ng-href.yasnippet
  angular-snippets-0.2.3/snippets/html-mode/ng-include.yasnippet
  angular-snippets-0.2.3/snippets/html-mode/ng-init.yasnippet
  angular-snippets-0.2.3/snippets/html-mode/ng-list.yasnippet
  angular-snippets-0.2.3/snippets/html-mode/ng-model.yasnippet
  angular-snippets-0.2.3/snippets/html-mode/ng-mousedown.yasnippet
  angular-snippets-0.2.3/snippets/html-mode/ng-mouseenter.yasnippet
  angular-snippets-0.2.3/snippets/html-mode/ng-mouseleave.yasnippet
  angular-snippets-0.2.3/snippets/html-mode/ng-mousemove.yasnippet
  angular-snippets-0.2.3/snippets/html-mode/ng-mouseover.yasnippet
  angular-snippets-0.2.3/snippets/html-mode/ng-mouseup.yasnippet
  angular-snippets-0.2.3/snippets/html-mode/ng-multiple.yasnippet
  angular-snippets-0.2.3/snippets/html-mode/ng-non-bindable.yasnippet
  angular-snippets-0.2.3/snippets/html-mode/ng-options.yasnippet
  angular-snippets-0.2.3/snippets/html-mode/ng-pluralize.yasnippet
  angular-snippets-0.2.3/snippets/html-mode/ng-readonly.yasnippet
  angular-snippets-0.2.3/snippets/html-mode/ng-repeat.yasnippet
  angular-snippets-0.2.3/snippets/html-mode/ng-selected.yasnippet
  angular-snippets-0.2.3/snippets/html-mode/ng-show.yasnippet
  angular-snippets-0.2.3/snippets/html-mode/ng-src.yasnippet
  angular-snippets-0.2.3/snippets/html-mode/ng-style.yasnippet
  angular-snippets-0.2.3/snippets/html-mode/ng-submit.yasnippet
  angular-snippets-0.2.3/snippets/html-mode/ng-switch.yasnippet
  angular-snippets-0.2.3/snippets/html-mode/ng-transclude.yasnippet
  angular-snippets-0.2.3/snippets/html-mode/ng-view.yasnippet
  angular-snippets-0.2.3/snippets/web-mode/
  angular-snippets-0.2.3/snippets/web-mode/.yas-parents
Built angular-snippets in 3.627s, finished at 2021-08-17T10:44:13+0000
 ✓ Success:
4.0K -rw-r--r-- 1 root root  336 Aug 17 10:44 packages-stable/angular-snippets-0.2.3.entry
 64K -rw-r--r-- 1 root root  60K Aug 17 10:44 packages-stable/angular-snippets-0.2.3.tar
4.0K -rw-r--r-- 1 root root 1.2K Aug 17 10:44 packages-stable/angular-snippets-badge.svg
4.0K -rw-r--r-- 1 root root   51 Aug 17 10:44 packages-stable/angular-snippets-readme.txt
