Package: annalist
Fetcher: github
Source:  https://github.com/noctuid/annalist.el.git

Updating /mnt/store/melpa/working/annalist/
Checking out 8443bafeb0549e1a7ebdbb8d05c15863a864795b
Copying files (->) and directories (=>)
  from /mnt/store/melpa/working/annalist/
  to /tmp/annalistU2pxaS/annalist-1.0.1
    annalist.el -> annalist.el
    annalist.texi -> annalist.texi
Created /tmp/annalistU2pxaS/annalist-1.0.1/annalist.info
Created annalist-1.0.1.tar containing:
  annalist-1.0.1/
  annalist-1.0.1/annalist-pkg.el
  annalist-1.0.1/annalist.el
  annalist-1.0.1/annalist.info
  annalist-1.0.1/dir
Built annalist in 7.160s, finished at 2021-08-17T10:44:18+0000
 ✓ Success:
4.0K -rw-r--r-- 1 root root  426 Aug 17 10:44 packages-stable/annalist-1.0.1.entry
 72K -rw-r--r-- 1 root root  70K Aug 17 10:44 packages-stable/annalist-1.0.1.tar
4.0K -rw-r--r-- 1 root root 1.2K Aug 17 10:44 packages-stable/annalist-badge.svg
4.0K -rw-r--r-- 1 root root  168 Aug 17 10:44 packages-stable/annalist-readme.txt
