Package: apropospriate-theme
Fetcher: github
Source:  https://github.com/waymondo/apropospriate-theme.git

Updating /mnt/store/melpa/working/apropospriate-theme/
Checking out 0d918da74a7a225fe5a586e26f5d834e579c5323
Copying files (->) and directories (=>)
  from /mnt/store/melpa/working/apropospriate-theme/
  to /tmp/apropospriate-themeKOI1zs/apropospriate-theme-0.1.0
    apropospriate-dark-theme.el -> apropospriate-dark-theme.el
    apropospriate-light-theme.el -> apropospriate-light-theme.el
    apropospriate-theme-pkg.el -> apropospriate-theme-pkg.el
    apropospriate-theme.el -> apropospriate-theme.el
    apropospriate.el -> apropospriate.el
Created apropospriate-theme-0.1.0.tar containing:
  apropospriate-theme-0.1.0/
  apropospriate-theme-0.1.0/apropospriate-dark-theme.el
  apropospriate-theme-0.1.0/apropospriate-light-theme.el
  apropospriate-theme-0.1.0/apropospriate-theme-pkg.el
  apropospriate-theme-0.1.0/apropospriate-theme.el
  apropospriate-theme-0.1.0/apropospriate.el
Built apropospriate-theme in 7.712s, finished at 2021-08-17T10:44:41+0000
 ✓ Success:
4.0K -rw-r--r-- 1 root root  200 Aug 17 10:44 packages-stable/apropospriate-theme-0.1.0.entry
 52K -rw-r--r-- 1 root root  50K Aug 17 10:44 packages-stable/apropospriate-theme-0.1.0.tar
4.0K -rw-r--r-- 1 root root 1.2K Aug 17 10:44 packages-stable/apropospriate-theme-badge.svg
