Package: autodisass-llvm-bitcode
Fetcher: github
Source:  https://github.com/gbalats/autodisass-llvm-bitcode.git

Updating /mnt/store/melpa/working/autodisass-llvm-bitcode/
Checking out 14bb1bfe2be3b04d6e0c87a7a9d1e88ce15506d0
Copying files (->) and directories (=>)
  from /mnt/store/melpa/working/autodisass-llvm-bitcode/
  to /tmp/autodisass-llvm-bitcodegrY7Cz/autodisass-llvm-bitcode-1.1
    autodisass-llvm-bitcode-pkg.el -> autodisass-llvm-bitcode-pkg.el
    autodisass-llvm-bitcode.el -> autodisass-llvm-bitcode.el
Created autodisass-llvm-bitcode-1.1.tar containing:
  autodisass-llvm-bitcode-1.1/
  autodisass-llvm-bitcode-1.1/autodisass-llvm-bitcode-pkg.el
  autodisass-llvm-bitcode-1.1/autodisass-llvm-bitcode.el
Built autodisass-llvm-bitcode in 3.542s, finished at 2021-08-17T10:45:41+0000
 ✓ Success:
4.0K -rw-r--r-- 1 root root  345 Aug 17 10:45 packages-stable/autodisass-llvm-bitcode-1.1.entry
 12K -rw-r--r-- 1 root root  10K Aug 17 10:45 packages-stable/autodisass-llvm-bitcode-1.1.tar
4.0K -rw-r--r-- 1 root root 1.2K Aug 17 10:45 packages-stable/autodisass-llvm-bitcode-badge.svg
4.0K -rw-r--r-- 1 root root  481 Aug 17 10:45 packages-stable/autodisass-llvm-bitcode-readme.txt
