Package: autodisass-java-bytecode
Fetcher: github
Source:  https://github.com/gbalats/autodisass-java-bytecode.git

Updating /mnt/store/melpa/working/autodisass-java-bytecode/
Checking out 3d61dbe266133c950b39e880f78d142751c7dc4c
Copying files (->) and directories (=>)
  from /mnt/store/melpa/working/autodisass-java-bytecode/
  to /tmp/autodisass-java-bytecodeNW9rRc/autodisass-java-bytecode-1.3
    ad-javap-mode.el -> ad-javap-mode.el
    autodisass-java-bytecode-pkg.el -> autodisass-java-bytecode-pkg.el
    autodisass-java-bytecode.el -> autodisass-java-bytecode.el
Created autodisass-java-bytecode-1.3.tar containing:
  autodisass-java-bytecode-1.3/
  autodisass-java-bytecode-1.3/ad-javap-mode.el
  autodisass-java-bytecode-1.3/autodisass-java-bytecode-pkg.el
  autodisass-java-bytecode-1.3/autodisass-java-bytecode.el
Built autodisass-java-bytecode in 3.549s, finished at 2021-08-17T10:45:41+0000
 ✓ Success:
4.0K -rw-r--r-- 1 root root  354 Aug 17 10:45 packages-stable/autodisass-java-bytecode-1.3.entry
 20K -rw-r--r-- 1 root root  20K Aug 17 10:45 packages-stable/autodisass-java-bytecode-1.3.tar
4.0K -rw-r--r-- 1 root root 1.2K Aug 17 10:45 packages-stable/autodisass-java-bytecode-badge.svg
4.0K -rw-r--r-- 1 root root  440 Aug 17 10:45 packages-stable/autodisass-java-bytecode-readme.txt
