Package: bbdb
Fetcher: git
Source:  https://git.savannah.nongnu.org/git/bbdb.git

Updating /mnt/store/melpa/working/bbdb/
Checking out 7490fe6c51e7e8c6bad5622d2b46461214bccb94
Copying files (->) and directories (=>)
  from /mnt/store/melpa/working/bbdb/
  to /tmp/bbdbIHTKrM/bbdb-3.2
  ! lisp/bbdb-anniv.el -> bbdb-anniv.el
  ! lisp/bbdb-com.el -> bbdb-com.el
  ! lisp/bbdb-gnus-aux.el -> bbdb-gnus-aux.el
  ! lisp/bbdb-gnus.el -> bbdb-gnus.el
  ! lisp/bbdb-ispell.el -> bbdb-ispell.el
  ! lisp/bbdb-message.el -> bbdb-message.el
  ! lisp/bbdb-mhe.el -> bbdb-mhe.el
  ! lisp/bbdb-migrate.el -> bbdb-migrate.el
  ! lisp/bbdb-mu4e.el -> bbdb-mu4e.el
  ! lisp/bbdb-mua.el -> bbdb-mua.el
  ! lisp/bbdb-pgp.el -> bbdb-pgp.el
  ! lisp/bbdb-pkg.el.in -> bbdb-pkg.el
  ! lisp/bbdb-rmail.el -> bbdb-rmail.el
  ! lisp/bbdb-sc.el -> bbdb-sc.el
  ! lisp/bbdb-site.el.in -> bbdb-site.el
  ! lisp/bbdb-snarf.el -> bbdb-snarf.el
  ! lisp/bbdb-tex.el -> bbdb-tex.el
  ! lisp/bbdb-vm-aux.el -> bbdb-vm-aux.el
  ! lisp/bbdb-vm.el -> bbdb-vm.el
  ! lisp/bbdb-wl.el -> bbdb-wl.el
  ! lisp/bbdb.el -> bbdb.el
  ! doc/bbdb.texi -> bbdb.texi
  ! doc/doclicense.texi -> doclicense.texi
  ! doc/gpl.texi -> gpl.texi
Created /tmp/bbdbIHTKrM/bbdb-3.2/bbdb.info
Created /tmp/bbdbIHTKrM/bbdb-3.2/doclicense.info
Created /tmp/bbdbIHTKrM/bbdb-3.2/gpl.info
Created bbdb-3.2.tar containing:
  bbdb-3.2/
  bbdb-3.2/bbdb-anniv.el
  bbdb-3.2/bbdb-com.el
  bbdb-3.2/bbdb-gnus-aux.el
  bbdb-3.2/bbdb-gnus.el
  bbdb-3.2/bbdb-ispell.el
  bbdb-3.2/bbdb-message.el
  bbdb-3.2/bbdb-mhe.el
  bbdb-3.2/bbdb-migrate.el
  bbdb-3.2/bbdb-mu4e.el
  bbdb-3.2/bbdb-mua.el
  bbdb-3.2/bbdb-pgp.el
  bbdb-3.2/bbdb-pkg.el
  bbdb-3.2/bbdb-rmail.el
  bbdb-3.2/bbdb-sc.el
  bbdb-3.2/bbdb-site.el
  bbdb-3.2/bbdb-snarf.el
  bbdb-3.2/bbdb-tex.el
  bbdb-3.2/bbdb-vm-aux.el
  bbdb-3.2/bbdb-vm.el
  bbdb-3.2/bbdb-wl.el
  bbdb-3.2/bbdb.el
  bbdb-3.2/bbdb.info
  bbdb-3.2/dir
  bbdb-3.2/doclicense.info
  bbdb-3.2/gpl.info
Built bbdb in 14.942s, finished at 2021-08-17T10:46:22+0000
 ✓ Success:
 40K -rw-r--r-- 1 root root  39K Aug 17 10:46 packages-stable/bbdb--0.0.2.el
4.0K -rw-r--r-- 1 root root  425 Aug 17 10:46 packages-stable/bbdb--0.0.2.entry
4.0K -rw-r--r-- 1 root root 1.2K Aug 17 10:46 packages-stable/bbdb--badge.svg
4.0K -rw-r--r-- 1 root root  189 Aug 17 10:46 packages-stable/bbdb--readme.txt
4.0K -rw-r--r-- 1 root root  559 Aug 17 10:46 packages-stable/bbdb-.log
4.0K -rw-r--r-- 1 root root  153 Aug 17 10:46 packages-stable/bbdb-3.2.entry
672K -rw-r--r-- 1 root root 670K Aug 17 10:46 packages-stable/bbdb-3.2.tar
4.0K -rw-r--r-- 1 root root 1.2K Aug 17 10:46 packages-stable/bbdb-badge.svg
4.0K -rw-r--r-- 1 root root  190 Aug 17 10:46 packages-stable/bbdb-csv-import.log
4.0K -rw-r--r-- 1 root root  172 Aug 17 10:46 packages-stable/bbdb-ext.log
4.0K -rw-r--r-- 1 root root  707 Aug 17 10:46 packages-stable/bbdb-readme.txt
4.0K -rw-r--r-- 1 root root  381 Aug 17 10:46 packages-stable/bbdb-vcard-0.3.entry
132K -rw-r--r-- 1 root root 130K Aug 17 10:46 packages-stable/bbdb-vcard-0.3.tar
4.0K -rw-r--r-- 1 root root 1.2K Aug 17 10:46 packages-stable/bbdb-vcard-badge.svg
 12K -rw-r--r-- 1 root root 9.1K Aug 17 10:46 packages-stable/bbdb-vcard-readme.txt
4.0K -rw-r--r-- 1 root root 1013 Aug 17 10:46 packages-stable/bbdb-vcard.log
