Package: binder
Fetcher: github
Source:  https://github.com/rnkn/binder.git

Updating /mnt/store/melpa/working/binder/
Checking out c4e5e7ced638ccac678b6ba0c3ca6a0278374273
Copying files (->) and directories (=>)
  from /mnt/store/melpa/working/binder/
  to /tmp/binderTDPGAh/binder-0.4.4
    binder-tutorial.el -> binder-tutorial.el
    binder.el -> binder.el
Created binder-0.4.4.tar containing:
  binder-0.4.4/
  binder-0.4.4/binder-pkg.el
  binder-0.4.4/binder-tutorial.el
  binder-0.4.4/binder.el
Built binder in 3.562s, finished at 2021-08-17T10:46:39+0000
 ✓ Success:
4.0K -rw-r--r-- 1 root root  396 Aug 17 10:46 packages-stable/binder-0.4.4.entry
 72K -rw-r--r-- 1 root root  70K Aug 17 10:46 packages-stable/binder-0.4.4.tar
4.0K -rw-r--r-- 1 root root 1.2K Aug 17 10:46 packages-stable/binder-badge.svg
8.0K -rw-r--r-- 1 root root 7.3K Aug 17 10:46 packages-stable/binder-readme.txt
