Package: bing-dict
Fetcher: github
Source:  https://github.com/cute-jumper/bing-dict.el.git

Updating /mnt/store/melpa/working/bing-dict/
Copying files (->) and directories (=>)
  from /mnt/store/melpa/working/bing-dict/
  to /tmp/bing-dictgVWW59/bing-dict-0.2.4
    bing-dict-cache.el -> bing-dict-cache.el
    bing-dict.el -> bing-dict.el
Created bing-dict-0.2.4.tar containing:
  bing-dict-0.2.4/
  bing-dict-0.2.4/bing-dict-cache.el
  bing-dict-0.2.4/bing-dict-pkg.el
  bing-dict-0.2.4/bing-dict.el
Built bing-dict in 2.865s, finished at Wed May 19 04:21:16 2021
 ✓ Success:
4.0K -rw-r--r-- 1 root root  364 May 19 04:21 packages-stable/bing-dict-0.2.4.entry
 32K -rw-r--r-- 1 root root  30K May 19 04:21 packages-stable/bing-dict-0.2.4.tar
4.0K -rw-r--r-- 1 root root 1.2K May 19 04:21 packages-stable/bing-dict-badge.svg
8.0K -rw-r--r-- 1 root root 4.6K May 19 04:21 packages-stable/bing-dict-readme.txt
