Package: brf
Fetcher: git
Source:  https://bitbucket.org/MikeWoolley/brf-mode

Updating /mnt/store/melpa/working/brf/
Copying files (->) and directories (=>)
  from /mnt/store/melpa/working/brf/
  to /tmp/brfeWUKIe/brf-1.20
    brf-bookmark.el -> brf-bookmark.el
    brf-compat.el -> brf-compat.el
    brf-editing.el -> brf-editing.el
    brf-marking.el -> brf-marking.el
    brf-menu.el -> brf-menu.el
    brf-movement.el -> brf-movement.el
    brf-undo.el -> brf-undo.el
    brf-window.el -> brf-window.el
    brf.el -> brf.el
    brf-mode.info -> brf-mode.info
Created brf-1.20.tar containing:
  brf-1.20/
  brf-1.20/brf-bookmark.el
  brf-1.20/brf-compat.el
  brf-1.20/brf-editing.el
  brf-1.20/brf-marking.el
  brf-1.20/brf-menu.el
  brf-1.20/brf-mode.info
  brf-1.20/brf-movement.el
  brf-1.20/brf-pkg.el
  brf-1.20/brf-undo.el
  brf-1.20/brf-window.el
  brf-1.20/brf.el
  brf-1.20/dir
Built brf in 6.339s, finished at Wed May 19 04:21:51 2021
 ✓ Success:
4.0K -rw-r--r-- 1 root root  416 May 19 04:21 packages-stable/brf-1.20.entry
100K -rw-r--r-- 1 root root 100K May 19 04:21 packages-stable/brf-1.20.tar
4.0K -rw-r--r-- 1 root root 1.2K May 19 04:21 packages-stable/brf-badge.svg
4.0K -rw-r--r-- 1 root root  505 May 19 04:21 packages-stable/brf-readme.txt
