Package: buffer-manage
Fetcher: github
Source:  https://github.com/plandes/buffer-manage.git

Updating /mnt/store/melpa/working/buffer-manage/
Copying files (->) and directories (=>)
  from /mnt/store/melpa/working/buffer-manage/
  to /tmp/buffer-manageJzvkn2/buffer-manage-0.12
    buffer-manage.el -> buffer-manage.el
    config-manage-base.el -> config-manage-base.el
    config-manage-declare.el -> config-manage-declare.el
    config-manage-mode.el -> config-manage-mode.el
    config-manage-prop.el -> config-manage-prop.el
    config-manage.el -> config-manage.el
Created buffer-manage-0.12.tar containing:
  buffer-manage-0.12/
  buffer-manage-0.12/buffer-manage-pkg.el
  buffer-manage-0.12/buffer-manage.el
  buffer-manage-0.12/config-manage-base.el
  buffer-manage-0.12/config-manage-declare.el
  buffer-manage-0.12/config-manage-mode.el
  buffer-manage-0.12/config-manage-prop.el
  buffer-manage-0.12/config-manage.el
Built buffer-manage in 6.435s, finished at Wed May 19 04:22:11 2021
 ✓ Success:
4.0K -rw-r--r-- 1 root root  348 May 19 04:22 packages-stable/buffer-manage-0.12.entry
112K -rw-r--r-- 1 root root 110K May 19 04:22 packages-stable/buffer-manage-0.12.tar
4.0K -rw-r--r-- 1 root root 1.2K May 19 04:22 packages-stable/buffer-manage-badge.svg
4.0K -rw-r--r-- 1 root root  701 May 19 04:22 packages-stable/buffer-manage-readme.txt
