Package: bug-reference-github
Fetcher: github
Source:  https://github.com/arnested/bug-reference-github.git

Updating /mnt/store/melpa/working/bug-reference-github/
Copying files (->) and directories (=>)
  from /mnt/store/melpa/working/bug-reference-github/
  to /tmp/bug-reference-githubE1zXDi/bug-reference-github-1.0.0
    bug-reference-github.el -> bug-reference-github.el
    dir -> dir
    bug-reference-github.info -> bug-reference-github.info
Created bug-reference-github-1.0.0.tar containing:
  bug-reference-github-1.0.0/
  bug-reference-github-1.0.0/bug-reference-github-pkg.el
  bug-reference-github-1.0.0/bug-reference-github.el
  bug-reference-github-1.0.0/bug-reference-github.info
  bug-reference-github-1.0.0/dir
Built bug-reference-github in 3.773s, finished at Wed May 19 04:22:17 2021
 ✓ Success:
4.0K -rw-r--r-- 1 root root  390 May 19 04:22 packages-stable/bug-reference-github-1.0.0.entry
 20K -rw-r--r-- 1 root root  20K May 19 04:22 packages-stable/bug-reference-github-1.0.0.tar
4.0K -rw-r--r-- 1 root root 1.2K May 19 04:22 packages-stable/bug-reference-github-badge.svg
4.0K -rw-r--r-- 1 root root  764 May 19 04:22 packages-stable/bug-reference-github-readme.txt
