Package: build-farm
Fetcher: github
Source:  https://github.com/alezost/build-farm.el.git

Updating /mnt/store/melpa/working/build-farm/
Checking out 5c268a3c235ace0d79ef1ec82c440120317e06f5
Copying files (->) and directories (=>)
  from /mnt/store/melpa/working/build-farm/
  to /tmp/build-farmHPU0Bf/build-farm-0.2.2
    build-farm-build.el -> build-farm-build.el
    build-farm-evaluation.el -> build-farm-evaluation.el
    build-farm-jobset.el -> build-farm-jobset.el
    build-farm-popup.el -> build-farm-popup.el
    build-farm-project.el -> build-farm-project.el
    build-farm-url.el -> build-farm-url.el
    build-farm-utils.el -> build-farm-utils.el
    build-farm.el -> build-farm.el
Created build-farm-0.2.2.tar containing:
  build-farm-0.2.2/
  build-farm-0.2.2/build-farm-build.el
  build-farm-0.2.2/build-farm-evaluation.el
  build-farm-0.2.2/build-farm-jobset.el
  build-farm-0.2.2/build-farm-pkg.el
  build-farm-0.2.2/build-farm-popup.el
  build-farm-0.2.2/build-farm-project.el
  build-farm-0.2.2/build-farm-url.el
  build-farm-0.2.2/build-farm-utils.el
  build-farm-0.2.2/build-farm.el
Built build-farm in 3.623s, finished at 2021-08-17T10:47:25+0000
 ✓ Success:
4.0K -rw-r--r-- 1 root root  467 Aug 17 10:47 packages-stable/build-farm-0.2.2.entry
100K -rw-r--r-- 1 root root 100K Aug 17 10:47 packages-stable/build-farm-0.2.2.tar
4.0K -rw-r--r-- 1 root root 1.2K Aug 17 10:47 packages-stable/build-farm-badge.svg
4.0K -rw-r--r-- 1 root root  905 Aug 17 10:47 packages-stable/build-farm-readme.txt
