Package: calibredb
Fetcher: github
Source:  https://github.com/chenyanming/calibredb.el.git

Updating /mnt/store/melpa/working/calibredb/
Checking out 933140a3227ee61cfccf3cf0c567b5c9e64f1ded
Copying files (->) and directories (=>)
  from /mnt/store/melpa/working/calibredb/
  to /tmp/calibredb3dedTG/calibredb-2.10.0
    calibredb-annotation.el -> calibredb-annotation.el
    calibredb-core.el -> calibredb-core.el
    calibredb-faces.el -> calibredb-faces.el
    calibredb-helm.el -> calibredb-helm.el
    calibredb-ivy.el -> calibredb-ivy.el
    calibredb-library.el -> calibredb-library.el
    calibredb-org.el -> calibredb-org.el
    calibredb-search.el -> calibredb-search.el
    calibredb-show.el -> calibredb-show.el
    calibredb-transient.el -> calibredb-transient.el
    calibredb-utils.el -> calibredb-utils.el
    calibredb.el -> calibredb.el
Created calibredb-2.10.0.tar containing:
  calibredb-2.10.0/
  calibredb-2.10.0/calibredb-annotation.el
  calibredb-2.10.0/calibredb-core.el
  calibredb-2.10.0/calibredb-faces.el
  calibredb-2.10.0/calibredb-helm.el
  calibredb-2.10.0/calibredb-ivy.el
  calibredb-2.10.0/calibredb-library.el
  calibredb-2.10.0/calibredb-org.el
  calibredb-2.10.0/calibredb-pkg.el
  calibredb-2.10.0/calibredb-search.el
  calibredb-2.10.0/calibredb-show.el
  calibredb-2.10.0/calibredb-transient.el
  calibredb-2.10.0/calibredb-utils.el
  calibredb-2.10.0/calibredb.el
Built calibredb in 4.332s, finished at 2021-08-17T10:47:48+0000
 ✓ Success:
4.0K -rw-r--r-- 1 root root  451 Aug 17 10:47 packages-stable/calibredb-2.10.0.entry
200K -rw-r--r-- 1 root root 200K Aug 17 10:47 packages-stable/calibredb-2.10.0.tar
4.0K -rw-r--r-- 1 root root 1.2K Aug 17 10:47 packages-stable/calibredb-badge.svg
4.0K -rw-r--r-- 1 root root  381 Aug 17 10:47 packages-stable/calibredb-readme.txt
