Package: cask-package-toolset
Fetcher: github
Source:  https://github.com/AdrieanKhisbe/cask-package-toolset.el.git

Updating /mnt/store/melpa/working/cask-package-toolset/
Checking out 2c74cd827e88c7f8360581a841e45f0b794510e7
Copying files (->) and directories (=>)
  from /mnt/store/melpa/working/cask-package-toolset/
  to /tmp/cask-package-toolsetfbjzXf/cask-package-toolset-0.9.2
    cask-package-toolset.el -> cask-package-toolset.el
    bin => bin
    templates => templates
Created cask-package-toolset-0.9.2.tar containing:
  cask-package-toolset-0.9.2/
  cask-package-toolset-0.9.2/bin/
  cask-package-toolset-0.9.2/bin/package-toolset
  cask-package-toolset-0.9.2/cask-package-toolset-pkg.el
  cask-package-toolset-0.9.2/cask-package-toolset.el
  cask-package-toolset-0.9.2/templates/
  cask-package-toolset-0.9.2/templates/.ert-runner
  cask-package-toolset-0.9.2/templates/.gitignore
  cask-package-toolset-0.9.2/templates/.nosearch
  cask-package-toolset-0.9.2/templates/.travis.yml
  cask-package-toolset-0.9.2/templates/Makefile
  cask-package-toolset-0.9.2/templates/test/
  cask-package-toolset-0.9.2/templates/test/package-test.el
  cask-package-toolset-0.9.2/templates/test/test-helper.el
  cask-package-toolset-0.9.2/templates/undercover.el
  cask-package-toolset-0.9.2/templates/void
  cask-package-toolset-0.9.2/templates/void-template
Built cask-package-toolset in 3.830s, finished at 2021-08-17T10:47:59+0000
 ✓ Success:
4.0K -rw-r--r-- 1 root root  566 Aug 17 10:47 packages-stable/cask-package-toolset-0.9.2.entry
 44K -rw-r--r-- 1 root root  40K Aug 17 10:47 packages-stable/cask-package-toolset-0.9.2.tar
4.0K -rw-r--r-- 1 root root 1.2K Aug 17 10:47 packages-stable/cask-package-toolset-badge.svg
4.0K -rw-r--r-- 1 root root  276 Aug 17 10:47 packages-stable/cask-package-toolset-readme.txt
