Package: cerbere
Fetcher: github
Source:  https://github.com/nlamirault/cerbere.git

Updating /mnt/store/melpa/working/cerbere/
Checking out 57fb26e56e7f951ae2e5a5b2905a5abbb63fae02
Copying files (->) and directories (=>)
  from /mnt/store/melpa/working/cerbere/
  to /tmp/cerbere4Kvuib/cerbere-0.1.0
    cerbere-common.el -> cerbere-common.el
    cerbere-gotest.el -> cerbere-gotest.el
    cerbere-phpunit.el -> cerbere-phpunit.el
    cerbere-tox.el -> cerbere-tox.el
    cerbere.el -> cerbere.el
Created cerbere-0.1.0.tar containing:
  cerbere-0.1.0/
  cerbere-0.1.0/cerbere-common.el
  cerbere-0.1.0/cerbere-gotest.el
  cerbere-0.1.0/cerbere-phpunit.el
  cerbere-0.1.0/cerbere-pkg.el
  cerbere-0.1.0/cerbere-tox.el
  cerbere-0.1.0/cerbere.el
Built cerbere in 4.496s, finished at 2021-08-17T10:48:16+0000
 ✓ Success:
4.0K -rw-r--r-- 1 root root  496 Aug 17 10:48 packages-stable/cerbere-0.1.0.entry
 32K -rw-r--r-- 1 root root  30K Aug 17 10:48 packages-stable/cerbere-0.1.0.tar
4.0K -rw-r--r-- 1 root root 1.2K Aug 17 10:48 packages-stable/cerbere-badge.svg
   0 -rw-r--r-- 1 root root    0 Aug 17 10:48 packages-stable/cerbere-readme.txt
