Package: company-cabal
Fetcher: github
Source:  https://github.com/iquiw/company-cabal.git

Updating /mnt/store/melpa/working/company-cabal/
Checking out f458de88cad16ed48a605e8347e56433e73dcef8
Copying files (->) and directories (=>)
  from /mnt/store/melpa/working/company-cabal/
  to /tmp/company-cabal8nQbDd/company-cabal-0.2.1
    company-cabal-fields.el -> company-cabal-fields.el
    company-cabal.el -> company-cabal.el
Created company-cabal-0.2.1.tar containing:
  company-cabal-0.2.1/
  company-cabal-0.2.1/company-cabal-fields.el
  company-cabal-0.2.1/company-cabal-pkg.el
  company-cabal-0.2.1/company-cabal.el
Built company-cabal in 3.127s, finished at 2021-08-17T10:49:49+0000
 ✓ Success:
4.0K -rw-r--r-- 1 root root  360 Aug 17 10:49 packages-stable/company-cabal-0.2.1.entry
 32K -rw-r--r-- 1 root root  30K Aug 17 10:49 packages-stable/company-cabal-0.2.1.tar
4.0K -rw-r--r-- 1 root root 1.2K Aug 17 10:49 packages-stable/company-cabal-badge.svg
4.0K -rw-r--r-- 1 root root  231 Aug 17 10:49 packages-stable/company-cabal-readme.txt
