Package: company-plisp
Fetcher: gitlab
Source:  https://gitlab.com/sasanidas/company-plisp.git

Updating /mnt/store/melpa/working/company-plisp/
Checking out 0e6941e1832faafb2176238339667edd482acd95
Copying files (->) and directories (=>)
  from /mnt/store/melpa/working/company-plisp/
  to /tmp/company-plispqazZrY/company-plisp-0.0.1
    company-plisp.el -> company-plisp.el
    company-plisp.l -> company-plisp.l
Created company-plisp-0.0.1.tar containing:
  company-plisp-0.0.1/
  company-plisp-0.0.1/company-plisp-pkg.el
  company-plisp-0.0.1/company-plisp.el
  company-plisp-0.0.1/company-plisp.l
Built company-plisp in 7.226s, finished at 2021-08-17T10:50:18+0000
 ✓ Success:
4.0K -rw-r--r-- 1 root root  480 Aug 17 10:50 packages-stable/company-plisp-0.0.1.entry
 12K -rw-r--r-- 1 root root  10K Aug 17 10:50 packages-stable/company-plisp-0.0.1.tar
4.0K -rw-r--r-- 1 root root 1.2K Aug 17 10:50 packages-stable/company-plisp-badge.svg
4.0K -rw-r--r-- 1 root root   63 Aug 17 10:50 packages-stable/company-plisp-readme.txt
