Package: composable
Fetcher: github
Source:  https://github.com/paldepind/composable.el.git

Updating /mnt/store/melpa/working/composable/
Checking out 4739b6a730498e7526d06222810c3ccf3723d509
Copying files (->) and directories (=>)
  from /mnt/store/melpa/working/composable/
  to /tmp/composableTR5pQe/composable-0.0.1
    composable-mark.el -> composable-mark.el
    composable.el -> composable.el
Created composable-0.0.1.tar containing:
  composable-0.0.1/
  composable-0.0.1/composable-mark.el
  composable-0.0.1/composable-pkg.el
  composable-0.0.1/composable.el
Built composable in 3.483s, finished at 2021-08-17T10:50:51+0000
 ✓ Success:
4.0K -rw-r--r-- 1 root root  312 Aug 17 10:50 packages-stable/composable-0.0.1.entry
 20K -rw-r--r-- 1 root root  20K Aug 17 10:50 packages-stable/composable-0.0.1.tar
4.0K -rw-r--r-- 1 root root 1.2K Aug 17 10:50 packages-stable/composable-badge.svg
4.0K -rw-r--r-- 1 root root 1.5K Aug 17 10:50 packages-stable/composable-readme.txt
