Package: conllu-mode
Fetcher: github
Source:  https://github.com/odanoburu/conllu-mode.git

Updating /mnt/store/melpa/working/conllu-mode/
Checking out d1b5b682e0a481ab74caed20bbca6177edb83080
Copying files (->) and directories (=>)
  from /mnt/store/melpa/working/conllu-mode/
  to /tmp/conllu-modeD0OyTC/conllu-mode-0.5.0
    conllu-align.el -> conllu-align.el
    conllu-edit.el -> conllu-edit.el
    conllu-flycheck.el -> conllu-flycheck.el
    conllu-mode.el -> conllu-mode.el
    conllu-move.el -> conllu-move.el
    conllu-parse.el -> conllu-parse.el
    conllu-thing.el -> conllu-thing.el
Created conllu-mode-0.5.0.tar containing:
  conllu-mode-0.5.0/
  conllu-mode-0.5.0/conllu-align.el
  conllu-mode-0.5.0/conllu-edit.el
  conllu-mode-0.5.0/conllu-flycheck.el
  conllu-mode-0.5.0/conllu-mode-pkg.el
  conllu-mode-0.5.0/conllu-mode.el
  conllu-mode-0.5.0/conllu-move.el
  conllu-mode-0.5.0/conllu-parse.el
  conllu-mode-0.5.0/conllu-thing.el
Built conllu-mode in 2.667s, finished at 2021-08-17T10:50:55+0000
 ✓ Success:
4.0K -rw-r--r-- 1 root root  490 Aug 17 10:50 packages-stable/conllu-mode-0.5.0.entry
 64K -rw-r--r-- 1 root root  60K Aug 17 10:50 packages-stable/conllu-mode-0.5.0.tar
4.0K -rw-r--r-- 1 root root 1.2K Aug 17 10:50 packages-stable/conllu-mode-badge.svg
4.0K -rw-r--r-- 1 root root  373 Aug 17 10:50 packages-stable/conllu-mode-readme.txt
