Package: ctune
Fetcher: github
Source:  https://github.com/maurooaranda/ctune.git

Updating /mnt/store/melpa/working/ctune/
Checking out 320aeaa6d17632e3c2d13b87adb4a40dc68b5cb3
Copying files (->) and directories (=>)
  from /mnt/store/melpa/working/ctune/
  to /tmp/ctuneETSq09/ctune-0.2
    ctune.el -> ctune.el
    ctune.texi -> ctune.texi
Created /tmp/ctuneETSq09/ctune-0.2/ctune.info
Created ctune-0.2.tar containing:
  ctune-0.2/
  ctune-0.2/ctune-pkg.el
  ctune-0.2/ctune.el
  ctune-0.2/ctune.info
  ctune-0.2/dir
Built ctune in 5.674s, finished at 2021-08-17T10:51:54+0000
 ✓ Success:
4.0K -rw-r--r-- 1 root root  342 Aug 17 10:51 packages-stable/ctune-0.2.entry
 64K -rw-r--r-- 1 root root  60K Aug 17 10:51 packages-stable/ctune-0.2.tar
4.0K -rw-r--r-- 1 root root 1.2K Aug 17 10:51 packages-stable/ctune-badge.svg
4.0K -rw-r--r-- 1 root root 2.2K Aug 17 10:51 packages-stable/ctune-readme.txt
