Package: dionysos
Fetcher: github
Source:  https://github.com/nlamirault/dionysos.git

Updating /mnt/store/melpa/working/dionysos/
Checking out 98bc789d20e41020d6e62d63d3c78f8032fa4bf2
Copying files (->) and directories (=>)
  from /mnt/store/melpa/working/dionysos/
  to /tmp/dionysosHrJfYX/dionysos-0.6.0
    dionysos-backend-mpd.el -> dionysos-backend-mpd.el
    dionysos-backend-mplayer.el -> dionysos-backend-mplayer.el
    dionysos-backend-vlc.el -> dionysos-backend-vlc.el
    dionysos-backend.el -> dionysos-backend.el
    dionysos-custom.el -> dionysos-custom.el
    dionysos-fs-mode.el -> dionysos-fs-mode.el
    dionysos-io.el -> dionysos-io.el
    dionysos-mode.el -> dionysos-mode.el
    dionysos-mpd-mode.el -> dionysos-mpd-mode.el
    dionysos-notify.el -> dionysos-notify.el
    dionysos-process.el -> dionysos-process.el
    dionysos-ui.el -> dionysos-ui.el
    dionysos-version.el -> dionysos-version.el
    dionysos-volume.el -> dionysos-volume.el
    dionysos.el -> dionysos.el
Created dionysos-0.6.0.tar containing:
  dionysos-0.6.0/
  dionysos-0.6.0/dionysos-backend-mpd.el
  dionysos-0.6.0/dionysos-backend-mplayer.el
  dionysos-0.6.0/dionysos-backend-vlc.el
  dionysos-0.6.0/dionysos-backend.el
  dionysos-0.6.0/dionysos-custom.el
  dionysos-0.6.0/dionysos-fs-mode.el
  dionysos-0.6.0/dionysos-io.el
  dionysos-0.6.0/dionysos-mode.el
  dionysos-0.6.0/dionysos-mpd-mode.el
  dionysos-0.6.0/dionysos-notify.el
  dionysos-0.6.0/dionysos-pkg.el
  dionysos-0.6.0/dionysos-process.el
  dionysos-0.6.0/dionysos-ui.el
  dionysos-0.6.0/dionysos-version.el
  dionysos-0.6.0/dionysos-volume.el
  dionysos-0.6.0/dionysos.el
Built dionysos in 3.951s, finished at 2021-08-17T10:53:09+0000
 ✓ Success:
4.0K -rw-r--r-- 1 root root  522 Aug 17 10:53 packages-stable/dionysos-0.6.0.entry
 60K -rw-r--r-- 1 root root  60K Aug 17 10:53 packages-stable/dionysos-0.6.0.tar
4.0K -rw-r--r-- 1 root root 1.2K Aug 17 10:53 packages-stable/dionysos-badge.svg
4.0K -rw-r--r-- 1 root root  318 Aug 17 10:53 packages-stable/dionysos-readme.txt
