Package: docker
Fetcher: github
Source:  https://github.com/Silex/docker.el.git

Updating /mnt/store/melpa/working/docker/
Copying files (->) and directories (=>)
  from /mnt/store/melpa/working/docker/
  to /tmp/dockerwFeivx/docker-1.3.0
    docker-compose.el -> docker-compose.el
    docker-container.el -> docker-container.el
    docker-group.el -> docker-group.el
    docker-image.el -> docker-image.el
    docker-machine.el -> docker-machine.el
    docker-network.el -> docker-network.el
    docker-process.el -> docker-process.el
    docker-utils.el -> docker-utils.el
    docker-volume.el -> docker-volume.el
    docker.el -> docker.el
Created docker-1.3.0.tar containing:
  docker-1.3.0/
  docker-1.3.0/docker-compose.el
  docker-1.3.0/docker-container.el
  docker-1.3.0/docker-group.el
  docker-1.3.0/docker-image.el
  docker-1.3.0/docker-machine.el
  docker-1.3.0/docker-network.el
  docker-1.3.0/docker-pkg.el
  docker-1.3.0/docker-process.el
  docker-1.3.0/docker-utils.el
  docker-1.3.0/docker-volume.el
  docker-1.3.0/docker.el
Built docker in 3.042s, finished at Wed May 19 04:28:28 2021
 ✓ Success:
4.0K -rw-r--r-- 1 root root  516 May 19 04:28 packages-stable/docker-1.3.0.entry
 92K -rw-r--r-- 1 root root  90K May 19 04:28 packages-stable/docker-1.3.0.tar
4.0K -rw-r--r-- 1 root root  181 May 19 04:28 packages-stable/docker-api.log
4.0K -rw-r--r-- 1 root root 1.2K May 19 04:28 packages-stable/docker-badge.svg
 12K -rw-r--r-- 1 root root 8.5K May 19 01:13 packages-stable/docker-cli-1.0.0.el
4.0K -rw-r--r-- 1 root root  398 May 19 01:13 packages-stable/docker-cli-1.0.0.entry
4.0K -rw-r--r-- 1 root root 1.2K May 19 01:13 packages-stable/docker-cli-badge.svg
4.0K -rw-r--r-- 1 root root  461 May 19 01:13 packages-stable/docker-cli-readme.txt
4.0K -rw-r--r-- 1 root root  132 May 19 04:28 packages-stable/docker-cli.log
 28K -rw-r--r-- 1 root root  26K May 19 01:13 packages-stable/docker-compose-mode-1.1.0.el
4.0K -rw-r--r-- 1 root root  440 May 19 01:13 packages-stable/docker-compose-mode-1.1.0.entry
4.0K -rw-r--r-- 1 root root 1.2K May 19 01:13 packages-stable/docker-compose-mode-badge.svg
4.0K -rw-r--r-- 1 root root  476 May 19 01:13 packages-stable/docker-compose-mode-readme.txt
   0 -rw-r--r-- 1 root root    0 May 19 04:28 packages-stable/docker-compose-mode.log
4.0K -rw-r--r-- 1 root root  113 May 19 04:28 packages-stable/docker-readme.txt
4.0K -rw-r--r-- 1 root root  425 May 19 01:13 packages-stable/docker-tramp-0.1.entry
 20K -rw-r--r-- 1 root root  20K May 19 01:13 packages-stable/docker-tramp-0.1.tar
4.0K -rw-r--r-- 1 root root 1.2K May 19 01:13 packages-stable/docker-tramp-badge.svg
4.0K -rw-r--r-- 1 root root 1.2K May 19 01:13 packages-stable/docker-tramp-readme.txt
   0 -rw-r--r-- 1 root root    0 May 19 04:28 packages-stable/docker-tramp.log
