Package: docstr
Fetcher: github
Source:  https://github.com/jcs-elpa/docstr.git

Updating /mnt/store/melpa/working/docstr/
Checking out 63b0460a4785b4b4aee5cc072b52fb2d3a7eef6e
Copying files (->) and directories (=>)
  from /mnt/store/melpa/working/docstr/
  to /tmp/docstrt9HaDB/docstr-5.7.0
    docstr-faces.el -> docstr-faces.el
    docstr-key.el -> docstr-key.el
    docstr-util.el -> docstr-util.el
    docstr-writers.el -> docstr-writers.el
    docstr.el -> docstr.el
  ! langs/docstr-actionscript.el -> docstr-actionscript.el
  ! langs/docstr-c++.el -> docstr-c++.el
  ! langs/docstr-c.el -> docstr-c.el
  ! langs/docstr-csharp.el -> docstr-csharp.el
  ! langs/docstr-go.el -> docstr-go.el
  ! langs/docstr-groovy.el -> docstr-groovy.el
  ! langs/docstr-java.el -> docstr-java.el
  ! langs/docstr-js.el -> docstr-js.el
  ! langs/docstr-lua.el -> docstr-lua.el
  ! langs/docstr-objc.el -> docstr-objc.el
  ! langs/docstr-php.el -> docstr-php.el
  ! langs/docstr-python.el -> docstr-python.el
  ! langs/docstr-ruby.el -> docstr-ruby.el
  ! langs/docstr-rust.el -> docstr-rust.el
  ! langs/docstr-scala.el -> docstr-scala.el
  ! langs/docstr-swift.el -> docstr-swift.el
  ! langs/docstr-typescript.el -> docstr-typescript.el
Created docstr-5.7.0.tar containing:
  docstr-5.7.0/
  docstr-5.7.0/docstr-actionscript.el
  docstr-5.7.0/docstr-c++.el
  docstr-5.7.0/docstr-c.el
  docstr-5.7.0/docstr-csharp.el
  docstr-5.7.0/docstr-faces.el
  docstr-5.7.0/docstr-go.el
  docstr-5.7.0/docstr-groovy.el
  docstr-5.7.0/docstr-java.el
  docstr-5.7.0/docstr-js.el
  docstr-5.7.0/docstr-key.el
  docstr-5.7.0/docstr-lua.el
  docstr-5.7.0/docstr-objc.el
  docstr-5.7.0/docstr-php.el
  docstr-5.7.0/docstr-pkg.el
  docstr-5.7.0/docstr-python.el
  docstr-5.7.0/docstr-ruby.el
  docstr-5.7.0/docstr-rust.el
  docstr-5.7.0/docstr-scala.el
  docstr-5.7.0/docstr-swift.el
  docstr-5.7.0/docstr-typescript.el
  docstr-5.7.0/docstr-util.el
  docstr-5.7.0/docstr-writers.el
  docstr-5.7.0/docstr.el
Built docstr in 5.217s, finished at 2021-08-17T10:54:05+0000
 ✓ Success:
4.0K -rw-r--r-- 1 root root  330 Aug 17 10:54 packages-stable/docstr-5.7.0.entry
112K -rw-r--r-- 1 root root 110K Aug 17 10:54 packages-stable/docstr-5.7.0.tar
4.0K -rw-r--r-- 1 root root 1.2K Aug 17 10:54 packages-stable/docstr-badge.svg
4.0K -rw-r--r-- 1 root root   82 Aug 17 10:54 packages-stable/docstr-readme.txt
