Package: doom-modeline
Fetcher: github
Source:  https://github.com/seagle0128/doom-modeline.git

Updating /mnt/store/melpa/working/doom-modeline/
Checking out d514f43679513819b37333a64a44523f239150b6
Copying files (->) and directories (=>)
  from /mnt/store/melpa/working/doom-modeline/
  to /tmp/doom-modeline3wLsnM/doom-modeline-3.2.0
    doom-modeline-core.el -> doom-modeline-core.el
    doom-modeline-env.el -> doom-modeline-env.el
    doom-modeline-segments.el -> doom-modeline-segments.el
    doom-modeline.el -> doom-modeline.el
Created doom-modeline-3.2.0.tar containing:
  doom-modeline-3.2.0/
  doom-modeline-3.2.0/doom-modeline-core.el
  doom-modeline-3.2.0/doom-modeline-env.el
  doom-modeline-3.2.0/doom-modeline-pkg.el
  doom-modeline-3.2.0/doom-modeline-segments.el
  doom-modeline-3.2.0/doom-modeline.el
Built doom-modeline in 3.852s, finished at 2021-08-17T10:54:09+0000
 ✓ Success:
4.0K -rw-r--r-- 1 root root  452 Aug 17 10:54 packages-stable/doom-modeline-3.2.0.entry
212K -rw-r--r-- 1 root root 210K Aug 17 10:54 packages-stable/doom-modeline-3.2.0.tar
4.0K -rw-r--r-- 1 root root 1.2K Aug 17 10:54 packages-stable/doom-modeline-badge.svg
4.0K -rw-r--r-- 1 root root  238 Aug 17 10:54 packages-stable/doom-modeline-now-playing.log
4.0K -rw-r--r-- 1 root root 2.0K Aug 17 10:54 packages-stable/doom-modeline-readme.txt
