Package: drag-stuff
Fetcher: github
Source:  https://github.com/rejeep/drag-stuff.el.git

Updating /mnt/store/melpa/working/drag-stuff/
Checking out d49fe376d24f0f8ac5ade67b6d7fccc2487c81db
Copying files (->) and directories (=>)
  from /mnt/store/melpa/working/drag-stuff/
  to /tmp/drag-stuffa52eUF/drag-stuff-0.3.0
    drag-stuff-pkg.el -> drag-stuff-pkg.el
    drag-stuff.el -> drag-stuff.el
Created drag-stuff-0.3.0.tar containing:
  drag-stuff-0.3.0/
  drag-stuff-0.3.0/drag-stuff-pkg.el
  drag-stuff-0.3.0/drag-stuff.el
Built drag-stuff in 3.928s, finished at 2021-08-17T10:54:20+0000
 ✓ Success:
4.0K -rw-r--r-- 1 root root  392 Aug 17 10:54 packages-stable/drag-stuff-0.3.0.entry
 20K -rw-r--r-- 1 root root  20K Aug 17 10:54 packages-stable/drag-stuff-0.3.0.tar
4.0K -rw-r--r-- 1 root root 1.2K Aug 17 10:54 packages-stable/drag-stuff-badge.svg
4.0K -rw-r--r-- 1 root root 1.1K Aug 17 10:54 packages-stable/drag-stuff-readme.txt
