Package: drupal-mode
Fetcher: github
Source:  https://github.com/arnested/drupal-mode.git

Updating /mnt/store/melpa/working/drupal-mode/
Checking out 5171414a8136650b08b96da0329113ca1fe555c8
Copying files (->) and directories (=>)
  from /mnt/store/melpa/working/drupal-mode/
  to /tmp/drupal-modewsAonC/drupal-mode-0.7.3
    drupal-mode.el -> drupal-mode.el
    drush-make-mode.el -> drush-make-mode.el
    drupal => drupal
Created drupal-mode-0.7.3.tar containing:
  drupal-mode-0.7.3/
  drupal-mode-0.7.3/drupal-mode-pkg.el
  drupal-mode-0.7.3/drupal-mode.el
  drupal-mode-0.7.3/drupal/
  drupal-mode-0.7.3/drupal/autoinsert.el
  drupal-mode-0.7.3/drupal/eldoc.el
  drupal-mode-0.7.3/drupal/emacs-drush.el
  drupal-mode-0.7.3/drupal/etags.el
  drupal-mode-0.7.3/drupal/flycheck.el
  drupal-mode-0.7.3/drupal/flymake-phpcs.el
  drupal-mode-0.7.3/drupal/ggtags.el
  drupal-mode-0.7.3/drupal/gtags.el
  drupal-mode-0.7.3/drupal/helm-gtags.el
  drupal-mode-0.7.3/drupal/ispell.el
  drupal-mode-0.7.3/drupal/pcomplete.el
  drupal-mode-0.7.3/drupal/phpcs.el
  drupal-mode-0.7.3/drupal/webjump.el
  drupal-mode-0.7.3/drush-make-mode.el
Built drupal-mode in 4.349s, finished at 2021-08-17T10:54:25+0000
 ✓ Success:
4.0K -rw-r--r-- 1 root root  413 Aug 17 10:54 packages-stable/drupal-mode-0.7.3.entry
 92K -rw-r--r-- 1 root root  90K Aug 17 10:54 packages-stable/drupal-mode-0.7.3.tar
4.0K -rw-r--r-- 1 root root 1.2K Aug 17 10:54 packages-stable/drupal-mode-badge.svg
4.0K -rw-r--r-- 1 root root  187 Aug 17 10:54 packages-stable/drupal-mode-readme.txt
