Package: dtrt-indent
Fetcher: github
Source:  https://github.com/jscheid/dtrt-indent.git

Updating /mnt/store/melpa/working/dtrt-indent/
Copying files (->) and directories (=>)
  from /mnt/store/melpa/working/dtrt-indent/
  to /tmp/dtrt-indentvyAQsc/dtrt-indent-1.4
    dtrt-indent-diag.el -> dtrt-indent-diag.el
    dtrt-indent.el -> dtrt-indent.el
Created dtrt-indent-1.4.tar containing:
  dtrt-indent-1.4/
  dtrt-indent-1.4/dtrt-indent-diag.el
  dtrt-indent-1.4/dtrt-indent-pkg.el
  dtrt-indent-1.4/dtrt-indent.el
Built dtrt-indent in 2.944s, finished at Wed May 19 04:28:52 2021
 ✓ Success:
4.0K -rw-r--r-- 1 root root  329 May 19 04:28 packages-stable/dtrt-indent-1.4.entry
 60K -rw-r--r-- 1 root root  60K May 19 04:28 packages-stable/dtrt-indent-1.4.tar
4.0K -rw-r--r-- 1 root root 1.2K May 19 04:28 packages-stable/dtrt-indent-badge.svg
8.0K -rw-r--r-- 1 root root 5.6K May 19 04:28 packages-stable/dtrt-indent-readme.txt
