Package: e2wm
Fetcher: github
Source:  https://github.com/kiwanami/emacs-window-manager.git

Updating /mnt/store/melpa/working/e2wm/
Checking out 4353d3394c77a49f8f0291c239858c8c5e877549
Copying files (->) and directories (=>)
  from /mnt/store/melpa/working/e2wm/
  to /tmp/e2wmYvoM9a/e2wm-1.4
    e2wm.el -> e2wm.el
    e2wm-vcs.el -> e2wm-vcs.el
Created e2wm-1.4.tar containing:
  e2wm-1.4/
  e2wm-1.4/e2wm-pkg.el
  e2wm-1.4/e2wm-vcs.el
  e2wm-1.4/e2wm.el
Built e2wm in 3.673s, finished at 2021-08-17T10:54:41+0000
 ✓ Success:
4.0K -rw-r--r-- 1 root root  334 Aug 17 10:54 packages-stable/e2wm-1.4.entry
172K -rw-r--r-- 1 root root 170K Aug 17 10:54 packages-stable/e2wm-1.4.tar
 40K -rw-r--r-- 1 root root  37K Aug 17 10:54 packages-stable/e2wm-R-0.4.el
4.0K -rw-r--r-- 1 root root  260 Aug 17 07:25 packages-stable/e2wm-R-0.4.entry
4.0K -rw-r--r-- 1 root root 1.2K Aug 17 07:25 packages-stable/e2wm-R-badge.svg
4.0K -rw-r--r-- 1 root root  148 Aug 17 07:25 packages-stable/e2wm-R-readme.txt
4.0K -rw-r--r-- 1 root root  179 Aug 17 10:54 packages-stable/e2wm-R.log
4.0K -rw-r--r-- 1 root root 1.2K Aug 17 10:54 packages-stable/e2wm-badge.svg
4.0K -rw-r--r-- 1 root root  193 Aug 17 10:54 packages-stable/e2wm-bookmark.log
8.0K -rw-r--r-- 1 root root 5.3K Aug 17 07:25 packages-stable/e2wm-direx-0.0.7.el
4.0K -rw-r--r-- 1 root root  445 Aug 17 07:25 packages-stable/e2wm-direx-0.0.7.entry
4.0K -rw-r--r-- 1 root root 1.2K Aug 17 07:25 packages-stable/e2wm-direx-badge.svg
4.0K -rw-r--r-- 1 root root   65 Aug 17 07:25 packages-stable/e2wm-direx-readme.txt
4.0K -rw-r--r-- 1 root root  186 Aug 17 10:54 packages-stable/e2wm-direx.log
 12K -rw-r--r-- 1 root root 9.2K Aug 17 07:25 packages-stable/e2wm-pkgex4pl-0.0.1.el
4.0K -rw-r--r-- 1 root root  426 Aug 17 07:25 packages-stable/e2wm-pkgex4pl-0.0.1.entry
4.0K -rw-r--r-- 1 root root 1.2K Aug 17 07:25 packages-stable/e2wm-pkgex4pl-badge.svg
4.0K -rw-r--r-- 1 root root   68 Aug 17 07:25 packages-stable/e2wm-pkgex4pl-readme.txt
4.0K -rw-r--r-- 1 root root  141 Aug 17 10:54 packages-stable/e2wm-pkgex4pl.log
4.0K -rw-r--r-- 1 root root 4.0K Aug 17 10:54 packages-stable/e2wm-readme.txt
4.0K -rw-r--r-- 1 root root  147 Aug 17 10:54 packages-stable/e2wm-svg-clock.log
 16K -rw-r--r-- 1 root root  14K Aug 17 07:25 packages-stable/e2wm-sww-0.0.3.el
4.0K -rw-r--r-- 1 root root  387 Aug 17 07:25 packages-stable/e2wm-sww-0.0.3.entry
4.0K -rw-r--r-- 1 root root 1.2K Aug 17 07:25 packages-stable/e2wm-sww-badge.svg
4.0K -rw-r--r-- 1 root root   63 Aug 17 07:25 packages-stable/e2wm-sww-readme.txt
4.0K -rw-r--r-- 1 root root  126 Aug 17 10:54 packages-stable/e2wm-sww.log
 60K -rw-r--r-- 1 root root  60K Aug 17 07:25 packages-stable/e2wm-term-0.0.5.el
4.0K -rw-r--r-- 1 root root  463 Aug 17 07:25 packages-stable/e2wm-term-0.0.5.entry
4.0K -rw-r--r-- 1 root root 1.2K Aug 17 07:25 packages-stable/e2wm-term-badge.svg
4.0K -rw-r--r-- 1 root root  617 Aug 17 07:25 packages-stable/e2wm-term-readme.txt
4.0K -rw-r--r-- 1 root root  129 Aug 17 10:54 packages-stable/e2wm-term.log
