Package: ebib
Fetcher: github
Source:  https://github.com/joostkremers/ebib.git

Updating /mnt/store/melpa/working/ebib/
Copying files (->) and directories (=>)
  from /mnt/store/melpa/working/ebib/
  to /tmp/ebibjenV4Z/ebib-2.32.1
    ebib-biblio.el -> ebib-biblio.el
    ebib-db.el -> ebib-db.el
    ebib-filters.el -> ebib-filters.el
    ebib-keywords.el -> ebib-keywords.el
    ebib-notes.el -> ebib-notes.el
    ebib-reading-list.el -> ebib-reading-list.el
    ebib-utils.el -> ebib-utils.el
    ebib.el -> ebib.el
    org-ebib.el -> org-ebib.el
    ebib.info -> ebib.info
Created ebib-2.32.1.tar containing:
  ebib-2.32.1/
  ebib-2.32.1/dir
  ebib-2.32.1/ebib-biblio.el
  ebib-2.32.1/ebib-db.el
  ebib-2.32.1/ebib-filters.el
  ebib-2.32.1/ebib-keywords.el
  ebib-2.32.1/ebib-notes.el
  ebib-2.32.1/ebib-pkg.el
  ebib-2.32.1/ebib-reading-list.el
  ebib-2.32.1/ebib-utils.el
  ebib-2.32.1/ebib.el
  ebib-2.32.1/ebib.info
  ebib-2.32.1/org-ebib.el
Built ebib in 3.289s, finished at Wed May 19 04:29:14 2021
 ✓ Success:
4.0K -rw-r--r-- 1 root root  373 May 19 04:29 packages-stable/ebib-2.32.1.entry
580K -rw-r--r-- 1 root root 580K May 19 04:29 packages-stable/ebib-2.32.1.tar
4.0K -rw-r--r-- 1 root root 1.2K May 19 04:29 packages-stable/ebib-badge.svg
4.0K -rw-r--r-- 1 root root  540 May 19 04:29 packages-stable/ebib-readme.txt
