Package: ede-php-autoload
Fetcher: github
Source:  https://github.com/emacs-php/ede-php-autoload.git

Updating /mnt/store/melpa/working/ede-php-autoload/
Copying files (->) and directories (=>)
  from /mnt/store/melpa/working/ede-php-autoload/
  to /tmp/ede-php-autoloadBCghZp/ede-php-autoload-1.1.0
    ede-php-autoload-composer.el -> ede-php-autoload-composer.el
    ede-php-autoload-mode.el -> ede-php-autoload-mode.el
    ede-php-autoload-semanticdb.el -> ede-php-autoload-semanticdb.el
    ede-php-autoload.el -> ede-php-autoload.el
    ede-php-autoload => ede-php-autoload
Created ede-php-autoload-1.1.0.tar containing:
  ede-php-autoload-1.1.0/
  ede-php-autoload-1.1.0/ede-php-autoload-composer.el
  ede-php-autoload-1.1.0/ede-php-autoload-mode.el
  ede-php-autoload-1.1.0/ede-php-autoload-pkg.el
  ede-php-autoload-1.1.0/ede-php-autoload-semanticdb.el
  ede-php-autoload-1.1.0/ede-php-autoload.el
  ede-php-autoload-1.1.0/ede-php-autoload/
  ede-php-autoload-1.1.0/ede-php-autoload/class-loader.el
  ede-php-autoload-1.1.0/ede-php-autoload/class-loader/
  ede-php-autoload-1.1.0/ede-php-autoload/class-loader/aggregate.el
  ede-php-autoload-1.1.0/ede-php-autoload/class-loader/classmap.el
  ede-php-autoload-1.1.0/ede-php-autoload/class-loader/core.el
  ede-php-autoload-1.1.0/ede-php-autoload/class-loader/psr0.el
  ede-php-autoload-1.1.0/ede-php-autoload/class-loader/psr4.el
Built ede-php-autoload in 3.556s, finished at Wed May 19 04:29:19 2021
 ✓ Success:
4.0K -rw-r--r-- 1 root root  449 May 19 04:29 packages-stable/ede-php-autoload-1.1.0.entry
 72K -rw-r--r-- 1 root root  70K May 19 04:29 packages-stable/ede-php-autoload-1.1.0.tar
4.0K -rw-r--r-- 1 root root 1.2K May 19 04:29 packages-stable/ede-php-autoload-badge.svg
8.0K -rw-r--r-- 1 root root 7.1K May 19 04:29 packages-stable/ede-php-autoload-composer-installers-0.1.0.el
4.0K -rw-r--r-- 1 root root  528 May 19 04:29 packages-stable/ede-php-autoload-composer-installers-0.1.0.entry
4.0K -rw-r--r-- 1 root root 1.2K May 19 01:14 packages-stable/ede-php-autoload-composer-installers-badge.svg
4.0K -rw-r--r-- 1 root root  336 May 19 04:29 packages-stable/ede-php-autoload-composer-installers-readme.txt
4.0K -rw-r--r-- 1 root root  210 May 19 04:29 packages-stable/ede-php-autoload-composer-installers.log
8.0K -rw-r--r-- 1 root root 5.6K May 19 04:29 packages-stable/ede-php-autoload-drupal-0.1.1.el
4.0K -rw-r--r-- 1 root root  411 May 19 01:14 packages-stable/ede-php-autoload-drupal-0.1.1.entry
4.0K -rw-r--r-- 1 root root 1.2K May 19 01:14 packages-stable/ede-php-autoload-drupal-badge.svg
4.0K -rw-r--r-- 1 root root  385 May 19 01:14 packages-stable/ede-php-autoload-drupal-readme.txt
4.0K -rw-r--r-- 1 root root  171 May 19 04:29 packages-stable/ede-php-autoload-drupal.log
4.0K -rw-r--r-- 1 root root  555 May 19 04:29 packages-stable/ede-php-autoload-readme.txt
