Package: edwina
Fetcher: github
Source:  https://github.com/ajgrf/edwina.git

Updating /mnt/store/melpa/working/edwina/
Checking out cc0a039a400e8ef07b0d96d2169f1407e0af107a
Copying files (->) and directories (=>)
  from /mnt/store/melpa/working/edwina/
  to /tmp/edwinaAaBeqN/edwina-0.2.0
    edwin.el -> edwin.el
    edwina.el -> edwina.el
Created edwina-0.2.0.tar containing:
  edwina-0.2.0/
  edwina-0.2.0/edwin.el
  edwina-0.2.0/edwina-pkg.el
  edwina-0.2.0/edwina.el
Built edwina in 4.965s, finished at 2021-08-17T10:55:16+0000
 ✓ Success:
4.0K -rw-r--r-- 1 root root  307 Aug 17 10:55 packages-stable/edwina-0.2.0.entry
 20K -rw-r--r-- 1 root root  20K Aug 17 10:55 packages-stable/edwina-0.2.0.tar
4.0K -rw-r--r-- 1 root root 1.2K Aug 17 10:55 packages-stable/edwina-badge.svg
4.0K -rw-r--r-- 1 root root  162 Aug 17 10:55 packages-stable/edwina-readme.txt
