Package: egison-mode
Fetcher: github
Source:  https://github.com/egison/egison.git

Updating /mnt/store/melpa/working/egison-mode/
Checking out 87db16156ded2b39c87383f2fe6e1ee5e8e8757e
Copying files (->) and directories (=>)
  from /mnt/store/melpa/working/egison-mode/
  to /tmp/egison-modeY2zinM/egison-mode-4.1.2
  ! elisp/egison-mode.el -> egison-mode.el
  ! elisp/s-egison-mode.el -> s-egison-mode.el
Created egison-mode-4.1.2.tar containing:
  egison-mode-4.1.2/
  egison-mode-4.1.2/egison-mode-pkg.el
  egison-mode-4.1.2/egison-mode.el
  egison-mode-4.1.2/s-egison-mode.el
Built egison-mode in 5.812s, finished at 2021-08-17T10:55:25+0000
 ✓ Success:
4.0K -rw-r--r-- 1 root root  346 Aug 17 10:55 packages-stable/egison-mode-4.1.2.entry
 20K -rw-r--r-- 1 root root  20K Aug 17 10:55 packages-stable/egison-mode-4.1.2.tar
4.0K -rw-r--r-- 1 root root 1.2K Aug 17 10:55 packages-stable/egison-mode-badge.svg
4.0K -rw-r--r-- 1 root root  267 Aug 17 10:55 packages-stable/egison-mode-readme.txt
