Package: eglot-jl
Fetcher: github
Source:  https://github.com/non-Jedi/eglot-jl.git

Updating /mnt/store/melpa/working/eglot-jl/
Checking out 49f170e01c5a107c2cb662c00544d827eaa2c4d8
Copying files (->) and directories (=>)
  from /mnt/store/melpa/working/eglot-jl/
  to /tmp/eglot-jlnZBfXL/eglot-jl-2.1.1
    eglot-jl.el -> eglot-jl.el
    eglot-jl.jl -> eglot-jl.jl
    Manifest.toml -> Manifest.toml
    Project.toml -> Project.toml
Created eglot-jl-2.1.1.tar containing:
  eglot-jl-2.1.1/
  eglot-jl-2.1.1/Manifest.toml
  eglot-jl-2.1.1/Project.toml
  eglot-jl-2.1.1/eglot-jl-pkg.el
  eglot-jl-2.1.1/eglot-jl.el
  eglot-jl-2.1.1/eglot-jl.jl
Built eglot-jl in 4.956s, finished at 2021-08-17T10:55:26+0000
 ✓ Success:
4.0K -rw-r--r-- 1 root root  438 Aug 17 10:55 packages-stable/eglot-jl-2.1.1.entry
 20K -rw-r--r-- 1 root root  20K Aug 17 10:55 packages-stable/eglot-jl-2.1.1.tar
4.0K -rw-r--r-- 1 root root 1.2K Aug 17 10:55 packages-stable/eglot-jl-badge.svg
4.0K -rw-r--r-- 1 root root  332 Aug 17 10:55 packages-stable/eglot-jl-readme.txt
