Package: el-spice
Fetcher: github
Source:  https://github.com/vedang/el-spice.git

Updating /mnt/store/melpa/working/el-spice/
Checking out d69d7fea76e4a4dd618d9ceb301bf86b877ace82
Copying files (->) and directories (=>)
  from /mnt/store/melpa/working/el-spice/
  to /tmp/el-spiceDJ8jPE/el-spice-0.3.0
    el-spice.el -> el-spice.el
    list-callers.el -> list-callers.el
Created el-spice-0.3.0.tar containing:
  el-spice-0.3.0/
  el-spice-0.3.0/el-spice-pkg.el
  el-spice-0.3.0/el-spice.el
  el-spice-0.3.0/list-callers.el
Built el-spice in 3.535s, finished at 2021-08-17T10:55:37+0000
 ✓ Success:
4.0K -rw-r--r-- 1 root root  376 Aug 17 10:55 packages-stable/el-spice-0.3.0.entry
 32K -rw-r--r-- 1 root root  30K Aug 17 10:55 packages-stable/el-spice-0.3.0.tar
4.0K -rw-r--r-- 1 root root 1.2K Aug 17 10:55 packages-stable/el-spice-badge.svg
4.0K -rw-r--r-- 1 root root   60 Aug 17 10:55 packages-stable/el-spice-readme.txt
