Package: electric-operator
Fetcher: github
Source:  https://github.com/davidshepherd7/electric-operator.git

Updating /mnt/store/melpa/working/electric-operator/
Checking out 21e6b84754118912768263a393442a7aefb4742b
Copying files (->) and directories (=>)
  from /mnt/store/melpa/working/electric-operator/
  to /tmp/electric-operatorYmFxVe/electric-operator-1.1.0
    electric-operator-benchmark.el -> electric-operator-benchmark.el
    electric-operator.el -> electric-operator.el
Created electric-operator-1.1.0.tar containing:
  electric-operator-1.1.0/
  electric-operator-1.1.0/electric-operator-benchmark.el
  electric-operator-1.1.0/electric-operator-pkg.el
  electric-operator-1.1.0/electric-operator.el
Built electric-operator in 7.504s, finished at 2021-08-17T10:55:56+0000
 ✓ Success:
4.0K -rw-r--r-- 1 root root  493 Aug 17 10:55 packages-stable/electric-operator-1.1.0.entry
 40K -rw-r--r-- 1 root root  40K Aug 17 10:55 packages-stable/electric-operator-1.1.0.tar
4.0K -rw-r--r-- 1 root root 1.2K Aug 17 10:55 packages-stable/electric-operator-badge.svg
4.0K -rw-r--r-- 1 root root  126 Aug 17 10:55 packages-stable/electric-operator-readme.txt
