Package: elfeed-protocol
Fetcher: github
Source:  https://github.com/fasheng/elfeed-protocol.git

Updating /mnt/store/melpa/working/elfeed-protocol/
Checking out 4a59e26216ceb6eb466781f15b6ac770b90437f6
Copying files (->) and directories (=>)
  from /mnt/store/melpa/working/elfeed-protocol/
  to /tmp/elfeed-protocolE2xmx0/elfeed-protocol-0.8.0
    elfeed-protocol-common.el -> elfeed-protocol-common.el
    elfeed-protocol-fever.el -> elfeed-protocol-fever.el
    elfeed-protocol-newsblur.el -> elfeed-protocol-newsblur.el
    elfeed-protocol-owncloud.el -> elfeed-protocol-owncloud.el
    elfeed-protocol-ttrss.el -> elfeed-protocol-ttrss.el
    elfeed-protocol.el -> elfeed-protocol.el
Created elfeed-protocol-0.8.0.tar containing:
  elfeed-protocol-0.8.0/
  elfeed-protocol-0.8.0/elfeed-protocol-common.el
  elfeed-protocol-0.8.0/elfeed-protocol-fever.el
  elfeed-protocol-0.8.0/elfeed-protocol-newsblur.el
  elfeed-protocol-0.8.0/elfeed-protocol-owncloud.el
  elfeed-protocol-0.8.0/elfeed-protocol-pkg.el
  elfeed-protocol-0.8.0/elfeed-protocol-ttrss.el
  elfeed-protocol-0.8.0/elfeed-protocol.el
Built elfeed-protocol in 7.486s, finished at 2021-08-17T10:56:09+0000
 ✓ Success:
4.0K -rw-r--r-- 1 root root  448 Aug 17 10:56 packages-stable/elfeed-protocol-0.8.0.entry
160K -rw-r--r-- 1 root root 160K Aug 17 10:56 packages-stable/elfeed-protocol-0.8.0.tar
4.0K -rw-r--r-- 1 root root 1.2K Aug 17 10:56 packages-stable/elfeed-protocol-badge.svg
4.0K -rw-r--r-- 1 root root 1.9K Aug 17 10:56 packages-stable/elfeed-protocol-readme.txt
