Package: elfeed
Fetcher: github
Source:  https://github.com/skeeto/elfeed.git

Updating /mnt/store/melpa/working/elfeed/
Checking out a8ae79f5826ac74df692e9aa6f6b098f967a3525
Copying files (->) and directories (=>)
  from /mnt/store/melpa/working/elfeed/
  to /tmp/elfeedq2nI5v/elfeed-3.4.1
    elfeed-csv.el -> elfeed-csv.el
    elfeed-curl.el -> elfeed-curl.el
    elfeed-db.el -> elfeed-db.el
    elfeed-lib.el -> elfeed-lib.el
    elfeed-link.el -> elfeed-link.el
    elfeed-log.el -> elfeed-log.el
    elfeed-pkg.el -> elfeed-pkg.el
    elfeed-search.el -> elfeed-search.el
    elfeed-show.el -> elfeed-show.el
    elfeed.el -> elfeed.el
    xml-query.el -> xml-query.el
Created elfeed-3.4.1.tar containing:
  elfeed-3.4.1/
  elfeed-3.4.1/elfeed-csv.el
  elfeed-3.4.1/elfeed-curl.el
  elfeed-3.4.1/elfeed-db.el
  elfeed-3.4.1/elfeed-lib.el
  elfeed-3.4.1/elfeed-link.el
  elfeed-3.4.1/elfeed-log.el
  elfeed-3.4.1/elfeed-pkg.el
  elfeed-3.4.1/elfeed-search.el
  elfeed-3.4.1/elfeed-show.el
  elfeed-3.4.1/elfeed.el
  elfeed-3.4.1/xml-query.el
Built elfeed in 8.030s, finished at 2021-08-17T10:56:03+0000
 ✓ Success:
4.0K -rw-r--r-- 1 root root  326 Aug 17 10:56 packages-stable/elfeed-3.4.1.entry
180K -rw-r--r-- 1 root root 180K Aug 17 10:56 packages-stable/elfeed-3.4.1.tar
 12K -rw-r--r-- 1 root root  12K Aug 17 07:26 packages-stable/elfeed-autotag-0.1.2.el
4.0K -rw-r--r-- 1 root root  474 Aug 17 07:26 packages-stable/elfeed-autotag-0.1.2.entry
4.0K -rw-r--r-- 1 root root 1.2K Aug 17 07:26 packages-stable/elfeed-autotag-badge.svg
4.0K -rw-r--r-- 1 root root  120 Aug 17 07:26 packages-stable/elfeed-autotag-readme.txt
4.0K -rw-r--r-- 1 root root  201 Aug 17 10:56 packages-stable/elfeed-autotag.log
4.0K -rw-r--r-- 1 root root 1.2K Aug 17 10:56 packages-stable/elfeed-badge.svg
4.0K -rw-r--r-- 1 root root  205 Aug 17 10:56 packages-stable/elfeed-dashboard.log
4.0K -rw-r--r-- 1 root root  147 Aug 17 10:56 packages-stable/elfeed-goodies.log
4.0K -rw-r--r-- 1 root root  136 Aug 17 10:56 packages-stable/elfeed-org.log
4.0K -rw-r--r-- 1 root root  448 Aug 17 07:26 packages-stable/elfeed-protocol-0.8.0.entry
160K -rw-r--r-- 1 root root 160K Aug 17 07:26 packages-stable/elfeed-protocol-0.8.0.tar
4.0K -rw-r--r-- 1 root root 1.2K Aug 17 07:26 packages-stable/elfeed-protocol-badge.svg
4.0K -rw-r--r-- 1 root root 1.9K Aug 17 07:26 packages-stable/elfeed-protocol-readme.txt
4.0K -rw-r--r-- 1 root root  149 Aug 17 10:56 packages-stable/elfeed-protocol.log
4.0K -rw-r--r-- 1 root root   99 Aug 17 10:56 packages-stable/elfeed-readme.txt
4.0K -rw-r--r-- 1 root root  378 Aug 17 07:26 packages-stable/elfeed-score-0.7.10.entry
200K -rw-r--r-- 1 root root 200K Aug 17 07:26 packages-stable/elfeed-score-0.7.10.tar
4.0K -rw-r--r-- 1 root root 1.2K Aug 17 07:26 packages-stable/elfeed-score-badge.svg
4.0K -rw-r--r-- 1 root root  629 Aug 17 07:26 packages-stable/elfeed-score-readme.txt
   0 -rw-r--r-- 1 root root    0 Aug 17 10:56 packages-stable/elfeed-score.log
4.0K -rw-r--r-- 1 root root  430 Aug 17 07:26 packages-stable/elfeed-web-3.4.1.entry
 20K -rw-r--r-- 1 root root  20K Aug 17 07:26 packages-stable/elfeed-web-3.4.1.tar
4.0K -rw-r--r-- 1 root root 1.2K Aug 17 07:26 packages-stable/elfeed-web-badge.svg
4.0K -rw-r--r-- 1 root root 1.2K Aug 17 07:26 packages-stable/elfeed-web-readme.txt
   0 -rw-r--r-- 1 root root    0 Aug 17 10:56 packages-stable/elfeed-web.log
