Package: elscreen-tab
Fetcher: github
Source:  https://github.com/aki-s/elscreen-tab.git

Updating /mnt/store/melpa/working/elscreen-tab/
Copying files (->) and directories (=>)
  from /mnt/store/melpa/working/elscreen-tab/
  to /tmp/elscreen-tabUpWy21/elscreen-tab-1.1.0
    elscreen-tab--emacs27.el -> elscreen-tab--emacs27.el
    elscreen-tab.el -> elscreen-tab.el
Created elscreen-tab-1.1.0.tar containing:
  elscreen-tab-1.1.0/
  elscreen-tab-1.1.0/elscreen-tab--emacs27.el
  elscreen-tab-1.1.0/elscreen-tab-pkg.el
  elscreen-tab-1.1.0/elscreen-tab.el
Built elscreen-tab in 2.887s, finished at Wed May 19 04:30:36 2021
 ✓ Success:
4.0K -rw-r--r-- 1 root root  454 May 19 04:30 packages-stable/elscreen-tab-1.1.0.entry
 40K -rw-r--r-- 1 root root  40K May 19 04:30 packages-stable/elscreen-tab-1.1.0.tar
4.0K -rw-r--r-- 1 root root 1.2K May 19 04:30 packages-stable/elscreen-tab-badge.svg
4.0K -rw-r--r-- 1 root root  647 May 19 04:30 packages-stable/elscreen-tab-readme.txt
