Package: emacsql
Fetcher: github
Source:  https://github.com/skeeto/emacsql.git

Updating /mnt/store/melpa/working/emacsql/
Checking out bcd75ba221db9e50eb0eaa7a24aa9c6a43115bcd
Copying files (->) and directories (=>)
  from /mnt/store/melpa/working/emacsql/
  to /tmp/emacsqlnDdZks/emacsql-3.0.0
    emacsql.el -> emacsql.el
    emacsql-compiler.el -> emacsql-compiler.el
    README.md -> README.md
Created emacsql-3.0.0.tar containing:
  emacsql-3.0.0/
  emacsql-3.0.0/README.md
  emacsql-3.0.0/emacsql-compiler.el
  emacsql-3.0.0/emacsql-pkg.el
  emacsql-3.0.0/emacsql.el
Built emacsql in 4.039s, finished at 2021-08-17T10:56:51+0000
 ✓ Success:
4.0K -rw-r--r-- 1 root root  341 Aug 17 10:56 packages-stable/emacsql-3.0.0.entry
 52K -rw-r--r-- 1 root root  50K Aug 17 10:56 packages-stable/emacsql-3.0.0.tar
4.0K -rw-r--r-- 1 root root 1.2K Aug 17 10:56 packages-stable/emacsql-badge.svg
8.0K -rw-r--r-- 1 root root 6.1K Aug 17 07:27 packages-stable/emacsql-mysql-3.0.0.el
4.0K -rw-r--r-- 1 root root  366 Aug 17 07:27 packages-stable/emacsql-mysql-3.0.0.entry
4.0K -rw-r--r-- 1 root root 1.2K Aug 17 07:27 packages-stable/emacsql-mysql-badge.svg
4.0K -rw-r--r-- 1 root root   61 Aug 17 07:27 packages-stable/emacsql-mysql-readme.txt
4.0K -rw-r--r-- 1 root root  190 Aug 17 10:56 packages-stable/emacsql-mysql.log
4.0K -rw-r--r-- 1 root root  386 Aug 17 07:27 packages-stable/emacsql-psql-3.0.0.entry
 20K -rw-r--r-- 1 root root  20K Aug 17 07:27 packages-stable/emacsql-psql-3.0.0.tar
4.0K -rw-r--r-- 1 root root 1.2K Aug 17 07:27 packages-stable/emacsql-psql-badge.svg
4.0K -rw-r--r-- 1 root root  189 Aug 17 07:27 packages-stable/emacsql-psql-readme.txt
4.0K -rw-r--r-- 1 root root  134 Aug 17 10:56 packages-stable/emacsql-psql.log
4.0K -rw-r--r-- 1 root root 1.8K Aug 17 10:56 packages-stable/emacsql-readme.txt
4.0K -rw-r--r-- 1 root root  369 Aug 17 07:27 packages-stable/emacsql-sqlite-3.0.0.entry
7.5M -rw-r--r-- 1 root root 7.5M Aug 17 07:27 packages-stable/emacsql-sqlite-3.0.0.tar
4.0K -rw-r--r-- 1 root root 1.2K Aug 17 07:27 packages-stable/emacsql-sqlite-badge.svg
4.0K -rw-r--r-- 1 root root  125 Aug 17 07:27 packages-stable/emacsql-sqlite-readme.txt
4.0K -rw-r--r-- 1 root root  138 Aug 17 10:56 packages-stable/emacsql-sqlite.log
 12K -rw-r--r-- 1 root root 9.9K Aug 17 07:27 packages-stable/emacsql-sqlite3-1.0.2.el
4.0K -rw-r--r-- 1 root root  406 Aug 17 07:27 packages-stable/emacsql-sqlite3-1.0.2.entry
4.0K -rw-r--r-- 1 root root 1.2K Aug 17 07:27 packages-stable/emacsql-sqlite3-badge.svg
4.0K -rw-r--r-- 1 root root 2.1K Aug 17 07:27 packages-stable/emacsql-sqlite3-readme.txt
   0 -rw-r--r-- 1 root root    0 Aug 17 10:56 packages-stable/emacsql-sqlite3.log
