Package: emacsc
Fetcher: github
Source:  https://github.com/knu/emacsc.git

Updating /mnt/store/melpa/working/emacsc/
Copying files (->) and directories (=>)
  from /mnt/store/melpa/working/emacsc/
  to /tmp/emacsc10oYEx/emacsc-1.3.20210302
  ! lisp/ediff-batch.el -> ediff-batch.el
  ! lisp/emacsc.el -> emacsc.el
    bin => bin
Created emacsc-1.3.20210302.tar containing:
  emacsc-1.3.20210302/
  emacsc-1.3.20210302/bin/
  emacsc-1.3.20210302/bin/dired
  emacsc-1.3.20210302/bin/ediff
  emacsc-1.3.20210302/bin/ediff-merge
  emacsc-1.3.20210302/bin/emacsc
  emacsc-1.3.20210302/bin/evil
  emacsc-1.3.20210302/bin/magit
  emacsc-1.3.20210302/ediff-batch.el
  emacsc-1.3.20210302/emacsc-pkg.el
  emacsc-1.3.20210302/emacsc.el
Built emacsc in 4.423s, finished at Wed May 19 04:30:40 2021
 ✓ Success:
4.0K -rw-r--r-- 1 root root  299 May 19 04:30 packages-stable/emacsc-1.3.20210302.entry
 40K -rw-r--r-- 1 root root  40K May 19 04:30 packages-stable/emacsc-1.3.20210302.tar
4.0K -rw-r--r-- 1 root root 1.2K May 19 04:30 packages-stable/emacsc-badge.svg
4.0K -rw-r--r-- 1 root root  458 May 19 04:30 packages-stable/emacsc-readme.txt
