Package: embark
Fetcher: github
Source:  https://github.com/oantolin/embark.git

Updating /mnt/store/melpa/working/embark/
Checking out 47daded610b245caf01a97d74c940aff91fe14e2
Copying files (->) and directories (=>)
  from /mnt/store/melpa/working/embark/
  to /tmp/embarkLD2ph9/embark-0.10
    embark.el -> embark.el
    embark.texi -> embark.texi
Created /tmp/embarkLD2ph9/embark-0.10/embark.info
Created embark-0.10.tar containing:
  embark-0.10/
  embark-0.10/dir
  embark-0.10/embark-pkg.el
  embark-0.10/embark.el
  embark-0.10/embark.info
Built embark in 9.506s, finished at 2021-08-17T10:57:04+0000
 ✓ Success:
4.0K -rw-r--r-- 1 root root  365 Aug 17 10:57 packages-stable/embark-0.10.entry
120K -rw-r--r-- 1 root root 120K Aug 17 10:57 packages-stable/embark-0.10.tar
4.0K -rw-r--r-- 1 root root 1.2K Aug 17 10:57 packages-stable/embark-badge.svg
 12K -rw-r--r-- 1 root root 8.8K Aug 17 10:57 packages-stable/embark-consult-0.10.el
4.0K -rw-r--r-- 1 root root  423 Aug 17 10:57 packages-stable/embark-consult-0.10.entry
4.0K -rw-r--r-- 1 root root 1.2K Aug 17 10:57 packages-stable/embark-consult-badge.svg
4.0K -rw-r--r-- 1 root root 1.7K Aug 17 10:57 packages-stable/embark-consult-readme.txt
4.0K -rw-r--r-- 1 root root  624 Aug 17 10:57 packages-stable/embark-consult.log
4.0K -rw-r--r-- 1 root root 4.0K Aug 17 10:57 packages-stable/embark-readme.txt
