Package: emms-player-simple-mpv
Fetcher: github
Source:  https://github.com/momomo5717/emms-player-simple-mpv.git

Updating /mnt/store/melpa/working/emms-player-simple-mpv/
Checking out b4d0312c8cae9eaff5bb5976347e3dd4465d13c6
Copying files (->) and directories (=>)
  from /mnt/store/melpa/working/emms-player-simple-mpv/
  to /tmp/emms-player-simple-mpvwbOZmh/emms-player-simple-mpv-0.4.0
    emms-player-simple-mpv-control-functions.el -> emms-player-simple-mpv-control-functions.el
    emms-player-simple-mpv-e.g.hydra.el -> emms-player-simple-mpv-e.g.hydra.el
    emms-player-simple-mpv-e.g.playlist-fname.el -> emms-player-simple-mpv-e.g.playlist-fname.el
    emms-player-simple-mpv-e.g.time-display.el -> emms-player-simple-mpv-e.g.time-display.el
    emms-player-simple-mpv.el -> emms-player-simple-mpv.el
Created emms-player-simple-mpv-0.4.0.tar containing:
  emms-player-simple-mpv-0.4.0/
  emms-player-simple-mpv-0.4.0/emms-player-simple-mpv-control-functions.el
  emms-player-simple-mpv-0.4.0/emms-player-simple-mpv-e.g.hydra.el
  emms-player-simple-mpv-0.4.0/emms-player-simple-mpv-e.g.playlist-fname.el
  emms-player-simple-mpv-0.4.0/emms-player-simple-mpv-e.g.time-display.el
  emms-player-simple-mpv-0.4.0/emms-player-simple-mpv-pkg.el
  emms-player-simple-mpv-0.4.0/emms-player-simple-mpv.el
Built emms-player-simple-mpv in 3.573s, finished at 2021-08-17T10:57:10+0000
 ✓ Success:
4.0K -rw-r--r-- 1 root root  409 Aug 17 10:57 packages-stable/emms-player-simple-mpv-0.4.0.entry
 72K -rw-r--r-- 1 root root  70K Aug 17 10:57 packages-stable/emms-player-simple-mpv-0.4.0.tar
4.0K -rw-r--r-- 1 root root 1.2K Aug 17 10:57 packages-stable/emms-player-simple-mpv-badge.svg
4.0K -rw-r--r-- 1 root root 1.4K Aug 17 10:57 packages-stable/emms-player-simple-mpv-readme.txt
