Package: enh-ruby-mode
Fetcher: github
Source:  https://github.com/zenspider/enhanced-ruby-mode.git

Updating /mnt/store/melpa/working/enh-ruby-mode/
Copying files (->) and directories (=>)
  from /mnt/store/melpa/working/enh-ruby-mode/
  to /tmp/enh-ruby-modey4fqRA/enh-ruby-mode-20191111
    enh-ruby-mode.el -> enh-ruby-mode.el
    ruby/erm.rb -> ruby/erm.rb
    ruby/erm_buffer.rb -> ruby/erm_buffer.rb
Created enh-ruby-mode-20191111.tar containing:
  enh-ruby-mode-20191111/
  enh-ruby-mode-20191111/enh-ruby-mode-pkg.el
  enh-ruby-mode-20191111/enh-ruby-mode.el
  enh-ruby-mode-20191111/ruby/
  enh-ruby-mode-20191111/ruby/erm.rb
  enh-ruby-mode-20191111/ruby/erm_buffer.rb
Built enh-ruby-mode in 3.282s, finished at Wed May 19 04:31:03 2021
 ✓ Success:
4.0K -rw-r--r-- 1 root root  333 May 19 04:31 packages-stable/enh-ruby-mode-20191111.entry
 92K -rw-r--r-- 1 root root  90K May 19 04:31 packages-stable/enh-ruby-mode-20191111.tar
4.0K -rw-r--r-- 1 root root 1.2K May 19 04:31 packages-stable/enh-ruby-mode-badge.svg
4.0K -rw-r--r-- 1 root root  769 May 19 04:31 packages-stable/enh-ruby-mode-readme.txt
