Package: enotify
Fetcher: github
Source:  https://github.com/laynor/enotify.git

Updating /mnt/store/melpa/working/enotify/
Copying files (->) and directories (=>)
  from /mnt/store/melpa/working/enotify/
  to /tmp/enotifyqkFEjh/enotify-0.1.3
    enotify-group.el -> enotify-group.el
    enotify-messages.el -> enotify-messages.el
    enotify-mode-line.el -> enotify-mode-line.el
    enotify-network.el -> enotify-network.el
    enotify.el -> enotify.el
    footer.el -> footer.el
    header.el -> header.el
Created enotify-0.1.3.tar containing:
  enotify-0.1.3/
  enotify-0.1.3/enotify-group.el
  enotify-0.1.3/enotify-messages.el
  enotify-0.1.3/enotify-mode-line.el
  enotify-0.1.3/enotify-network.el
  enotify-0.1.3/enotify-pkg.el
  enotify-0.1.3/enotify.el
  enotify-0.1.3/footer.el
  enotify-0.1.3/header.el
Built enotify in 2.561s, finished at Wed May 19 04:31:06 2021
 ✓ Success:
4.0K -rw-r--r-- 1 root root  123 May 19 04:31 packages-stable/enotify-0.1.3.entry
 32K -rw-r--r-- 1 root root  30K May 19 04:31 packages-stable/enotify-0.1.3.tar
4.0K -rw-r--r-- 1 root root 1.2K May 19 04:31 packages-stable/enotify-badge.svg
