Package: esxml
Fetcher: github
Source:  https://github.com/tali713/esxml.git

Updating /mnt/store/melpa/working/esxml/
Checking out 9f96449f6059cb75491dc812ddeb1b6200ec6740
Copying files (->) and directories (=>)
  from /mnt/store/melpa/working/esxml/
  to /tmp/esxmll152cP/esxml-0.3.7
    esxml.el -> esxml.el
    esxml-query.el -> esxml-query.el
Created esxml-0.3.7.tar containing:
  esxml-0.3.7/
  esxml-0.3.7/esxml-pkg.el
  esxml-0.3.7/esxml-query.el
  esxml-0.3.7/esxml.el
Built esxml in 3.615s, finished at 2021-08-17T10:58:25+0000
 ✓ Success:
4.0K -rw-r--r-- 1 root root  321 Aug 17 10:58 packages-stable/esxml-0.3.7.entry
 52K -rw-r--r-- 1 root root  50K Aug 17 10:58 packages-stable/esxml-0.3.7.tar
4.0K -rw-r--r-- 1 root root 1.2K Aug 17 10:58 packages-stable/esxml-badge.svg
4.0K -rw-r--r-- 1 root root  882 Aug 17 10:58 packages-stable/esxml-readme.txt
