Package: evil-org
Fetcher: github
Source:  https://github.com/Somelauw/evil-org-mode.git

Updating /mnt/store/melpa/working/evil-org/
Copying files (->) and directories (=>)
  from /mnt/store/melpa/working/evil-org/
  to /tmp/evil-orglZx8gQ/evil-org-1.0.2
    evil-org-agenda.el -> evil-org-agenda.el
    evil-org.el -> evil-org.el
Created evil-org-1.0.2.tar containing:
  evil-org-1.0.2/
  evil-org-1.0.2/evil-org-agenda.el
  evil-org-1.0.2/evil-org-pkg.el
  evil-org-1.0.2/evil-org.el
Built evil-org in 2.809s, finished at Wed May 19 04:32:27 2021
 ✓ Success:
4.0K -rw-r--r-- 1 root root  346 May 19 04:32 packages-stable/evil-org-1.0.2.entry
 52K -rw-r--r-- 1 root root  50K May 19 04:32 packages-stable/evil-org-1.0.2.tar
4.0K -rw-r--r-- 1 root root 1.2K May 19 04:32 packages-stable/evil-org-badge.svg
4.0K -rw-r--r-- 1 root root   67 May 19 04:32 packages-stable/evil-org-readme.txt
