Package: evil-opener
Fetcher: github
Source:  https://github.com/0robustus1/opener.el.git

Updating /mnt/store/melpa/working/evil-opener/
Copying files (->) and directories (=>)
  from /mnt/store/melpa/working/evil-opener/
  to /tmp/evil-openeriOql7A/evil-opener-0.2.2
    evil-opener.el -> evil-opener.el
    evil-opener.texi -> evil-opener.texi
Created /tmp/evil-openeriOql7A/evil-opener-0.2.2/evil-opener.info
Created evil-opener-0.2.2.tar containing:
  evil-opener-0.2.2/
  evil-opener-0.2.2/dir
  evil-opener-0.2.2/evil-opener-pkg.el
  evil-opener-0.2.2/evil-opener.el
  evil-opener-0.2.2/evil-opener.info
Built evil-opener in 6.179s, finished at Wed May 19 04:32:30 2021
 ✓ Success:
4.0K -rw-r--r-- 1 root root  428 May 19 04:32 packages-stable/evil-opener-0.2.2.entry
 20K -rw-r--r-- 1 root root  20K May 19 04:32 packages-stable/evil-opener-0.2.2.tar
4.0K -rw-r--r-- 1 root root 1.2K May 19 04:32 packages-stable/evil-opener-badge.svg
4.0K -rw-r--r-- 1 root root  716 May 19 04:32 packages-stable/evil-opener-readme.txt
