Package: evil-nerd-commenter
Fetcher: github
Source:  https://github.com/redguardtoo/evil-nerd-commenter.git

Updating /mnt/store/melpa/working/evil-nerd-commenter/
Copying files (->) and directories (=>)
  from /mnt/store/melpa/working/evil-nerd-commenter/
  to /tmp/evil-nerd-commenterRXpb8c/evil-nerd-commenter-3.5.4
    evil-nerd-commenter-operator.el -> evil-nerd-commenter-operator.el
    evil-nerd-commenter-sdk.el -> evil-nerd-commenter-sdk.el
    evil-nerd-commenter.el -> evil-nerd-commenter.el
Created evil-nerd-commenter-3.5.4.tar containing:
  evil-nerd-commenter-3.5.4/
  evil-nerd-commenter-3.5.4/evil-nerd-commenter-operator.el
  evil-nerd-commenter-3.5.4/evil-nerd-commenter-pkg.el
  evil-nerd-commenter-3.5.4/evil-nerd-commenter-sdk.el
  evil-nerd-commenter-3.5.4/evil-nerd-commenter.el
Built evil-nerd-commenter in 3.202s, finished at Wed May 19 04:32:25 2021
 ✓ Success:
4.0K -rw-r--r-- 1 root root  454 May 19 04:32 packages-stable/evil-nerd-commenter-3.5.4.entry
 60K -rw-r--r-- 1 root root  60K May 19 04:32 packages-stable/evil-nerd-commenter-3.5.4.tar
4.0K -rw-r--r-- 1 root root 1.2K May 19 04:32 packages-stable/evil-nerd-commenter-badge.svg
4.0K -rw-r--r-- 1 root root 3.6K May 19 04:32 packages-stable/evil-nerd-commenter-readme.txt
