Package: ewal-spacemacs-themes
Fetcher: github
Source:  https://github.com/wurosh/ewal.git

Updating /mnt/store/melpa/working/ewal-spacemacs-themes/
Copying files (->) and directories (=>)
  from /mnt/store/melpa/working/ewal-spacemacs-themes/
  to /tmp/ewal-spacemacs-themesngYxag/ewal-spacemacs-themes-0.2.1
  ! spacemacs-themes/ewal-spacemacs-classic-theme.el -> ewal-spacemacs-classic-theme.el
  ! spacemacs-themes/ewal-spacemacs-modern-theme.el -> ewal-spacemacs-modern-theme.el
  ! spacemacs-themes/ewal-spacemacs-themes.el -> ewal-spacemacs-themes.el
Created ewal-spacemacs-themes-0.2.1.tar containing:
  ewal-spacemacs-themes-0.2.1/
  ewal-spacemacs-themes-0.2.1/ewal-spacemacs-classic-theme.el
  ewal-spacemacs-themes-0.2.1/ewal-spacemacs-modern-theme.el
  ewal-spacemacs-themes-0.2.1/ewal-spacemacs-themes-pkg.el
  ewal-spacemacs-themes-0.2.1/ewal-spacemacs-themes.el
Built ewal-spacemacs-themes in 2.835s, finished at Wed May 19 04:32:51 2021
 ✓ Success:
4.0K -rw-r--r-- 1 root root  361 May 19 04:32 packages-stable/ewal-spacemacs-themes-0.2.1.entry
 20K -rw-r--r-- 1 root root  20K May 19 04:32 packages-stable/ewal-spacemacs-themes-0.2.1.tar
4.0K -rw-r--r-- 1 root root 1.2K May 19 04:32 packages-stable/ewal-spacemacs-themes-badge.svg
4.0K -rw-r--r-- 1 root root  196 May 19 04:32 packages-stable/ewal-spacemacs-themes-readme.txt
