Package: extend-dnd
Fetcher: github
Source:  https://github.com/mattfidler/extend-dnd.git

Updating /mnt/store/melpa/working/extend-dnd/
Copying files (->) and directories (=>)
  from /mnt/store/melpa/working/extend-dnd/
  to /tmp/extend-dndDphyhy/extend-dnd-0.5
    extend-dnd.el -> extend-dnd.el
    dir -> dir
    extend-dnd.info -> extend-dnd.info
Created extend-dnd-0.5.tar containing:
  extend-dnd-0.5/
  extend-dnd-0.5/dir
  extend-dnd-0.5/extend-dnd-pkg.el
  extend-dnd-0.5/extend-dnd.el
  extend-dnd-0.5/extend-dnd.info
Built extend-dnd in 6.005s, finished at Wed May 19 04:33:08 2021
 ✓ Success:
4.0K -rw-r--r-- 1 root root  313 May 19 04:33 packages-stable/extend-dnd-0.5.entry
 32K -rw-r--r-- 1 root root  30K May 19 04:33 packages-stable/extend-dnd-0.5.tar
4.0K -rw-r--r-- 1 root root 1.2K May 19 04:33 packages-stable/extend-dnd-badge.svg
4.0K -rw-r--r-- 1 root root 1.7K May 19 04:33 packages-stable/extend-dnd-readme.txt
