Package: exwm-x
Fetcher: github
Source:  https://github.com/tumashu/exwm-x.git

Updating /mnt/store/melpa/working/exwm-x/
Checking out 8fd00a0ca586e1c80d08209919f1414b448bc228
Copying files (->) and directories (=>)
  from /mnt/store/melpa/working/exwm-x/
  to /tmp/exwm-xtjEBhh/exwm-x-2.0.2
    exwm-x.el -> exwm-x.el
    exwmx-appconfig.el -> exwmx-appconfig.el
    exwmx-appmenu.el -> exwmx-appmenu.el
    exwmx-button.el -> exwmx-button.el
    exwmx-core.el -> exwmx-core.el
    exwmx-dmenu.el -> exwmx-dmenu.el
    exwmx-example.el -> exwmx-example.el
    exwmx-floating.el -> exwmx-floating.el
    exwmx-grocery.el -> exwmx-grocery.el
    exwmx-loader.el -> exwmx-loader.el
    exwmx-quickrun.el -> exwmx-quickrun.el
    exwmx-sendstring.el -> exwmx-sendstring.el
    exwmx-xfce.el -> exwmx-xfce.el
Created exwm-x-2.0.2.tar containing:
  exwm-x-2.0.2/
  exwm-x-2.0.2/exwm-x-pkg.el
  exwm-x-2.0.2/exwm-x.el
  exwm-x-2.0.2/exwmx-appconfig.el
  exwm-x-2.0.2/exwmx-appmenu.el
  exwm-x-2.0.2/exwmx-button.el
  exwm-x-2.0.2/exwmx-core.el
  exwm-x-2.0.2/exwmx-dmenu.el
  exwm-x-2.0.2/exwmx-example.el
  exwm-x-2.0.2/exwmx-floating.el
  exwm-x-2.0.2/exwmx-grocery.el
  exwm-x-2.0.2/exwmx-loader.el
  exwm-x-2.0.2/exwmx-quickrun.el
  exwm-x-2.0.2/exwmx-sendstring.el
  exwm-x-2.0.2/exwmx-xfce.el
Built exwm-x in 3.410s, finished at 2021-08-17T10:59:46+0000
 ✓ Success:
4.0K -rw-r--r-- 1 root root  395 Aug 17 10:59 packages-stable/exwm-x-2.0.2.entry
100K -rw-r--r-- 1 root root 100K Aug 17 10:59 packages-stable/exwm-x-2.0.2.tar
4.0K -rw-r--r-- 1 root root 1.2K Aug 17 10:59 packages-stable/exwm-x-badge.svg
 12K -rw-r--r-- 1 root root 9.9K Aug 17 10:59 packages-stable/exwm-x-readme.txt
