Package: f3
Fetcher: github
Source:  https://github.com/cosmicexplorer/f3.git

Updating /mnt/store/melpa/working/f3/
Copying files (->) and directories (=>)
  from /mnt/store/melpa/working/f3/
  to /tmp/f3sZd46k/f3-0.1
    f3.el -> f3.el
    update-commentary.el -> update-commentary.el
Created f3-0.1.tar containing:
  f3-0.1/
  f3-0.1/f3-pkg.el
  f3-0.1/f3.el
  f3-0.1/update-commentary.el
Built f3 in 6.073s, finished at Wed May 19 04:33:25 2021
 ✓ Success:
4.0K -rw-r--r-- 1 root root  403 May 19 04:33 packages-stable/f3-0.1.entry
 52K -rw-r--r-- 1 root root  50K May 19 04:33 packages-stable/f3-0.1.tar
4.0K -rw-r--r-- 1 root root 1.2K May 19 04:33 packages-stable/f3-badge.svg
8.0K -rw-r--r-- 1 root root 5.7K May 19 04:33 packages-stable/f3-readme.txt
