Package: fabric
Fetcher: github
Source:  https://github.com/nlamirault/fabric.el.git

Updating /mnt/store/melpa/working/fabric/
Checking out cfcb4cfffd62908d8363bb78fab99d217c5813f4
Copying files (->) and directories (=>)
  from /mnt/store/melpa/working/fabric/
  to /tmp/fabricyDUZxi/fabric-0.2.0
    fabric.el -> fabric.el
    fabric.el-pkg.el -> fabric.el-pkg.el
Created fabric-0.2.0.tar containing:
  fabric-0.2.0/
  fabric-0.2.0/fabric-pkg.el
  fabric-0.2.0/fabric.el
  fabric-0.2.0/fabric.el-pkg.el
Built fabric in 3.678s, finished at 2021-08-17T10:59:50+0000
 ✓ Success:
4.0K -rw-r--r-- 1 root root  351 Aug 17 10:59 packages-stable/fabric-0.2.0.entry
 12K -rw-r--r-- 1 root root  10K Aug 17 10:59 packages-stable/fabric-0.2.0.tar
4.0K -rw-r--r-- 1 root root 1.2K Aug 17 10:59 packages-stable/fabric-badge.svg
4.0K -rw-r--r-- 1 root root  154 Aug 17 10:59 packages-stable/fabric-readme.txt
