Package: flex-compile
Fetcher: github
Source:  https://github.com/plandes/flex-compile.git

Updating /mnt/store/melpa/working/flex-compile/
Copying files (->) and directories (=>)
  from /mnt/store/melpa/working/flex-compile/
  to /tmp/flex-compile2uVuGg/flex-compile-0.7
    flex-compile-base.el -> flex-compile-base.el
    flex-compile-choice-program.el -> flex-compile-choice-program.el
    flex-compile-clojure.el -> flex-compile-clojure.el
    flex-compile-comint.el -> flex-compile-comint.el
    flex-compile-command.el -> flex-compile-command.el
    flex-compile-config.el -> flex-compile-config.el
    flex-compile-ess.el -> flex-compile-ess.el
    flex-compile-make.el -> flex-compile-make.el
    flex-compile-manage.el -> flex-compile-manage.el
    flex-compile-org-export.el -> flex-compile-org-export.el
    flex-compile-python.el -> flex-compile-python.el
    flex-compile-repl.el -> flex-compile-repl.el
    flex-compile-script.el -> flex-compile-script.el
    flex-compile-single-buffer.el -> flex-compile-single-buffer.el
    flex-compile-xml-validate.el -> flex-compile-xml-validate.el
    flex-compile.el -> flex-compile.el
    flex-compiler.el -> flex-compiler.el
Created flex-compile-0.7.tar containing:
  flex-compile-0.7/
  flex-compile-0.7/flex-compile-base.el
  flex-compile-0.7/flex-compile-choice-program.el
  flex-compile-0.7/flex-compile-clojure.el
  flex-compile-0.7/flex-compile-comint.el
  flex-compile-0.7/flex-compile-command.el
  flex-compile-0.7/flex-compile-config.el
  flex-compile-0.7/flex-compile-ess.el
  flex-compile-0.7/flex-compile-make.el
  flex-compile-0.7/flex-compile-manage.el
  flex-compile-0.7/flex-compile-org-export.el
  flex-compile-0.7/flex-compile-pkg.el
  flex-compile-0.7/flex-compile-python.el
  flex-compile-0.7/flex-compile-repl.el
  flex-compile-0.7/flex-compile-script.el
  flex-compile-0.7/flex-compile-single-buffer.el
  flex-compile-0.7/flex-compile-xml-validate.el
  flex-compile-0.7/flex-compile.el
  flex-compile-0.7/flex-compiler.el
Built flex-compile in 3.333s, finished at Wed May 19 04:34:16 2021
 ✓ Success:
4.0K -rw-r--r-- 1 root root  405 May 19 04:34 packages-stable/flex-compile-0.7.entry
120K -rw-r--r-- 1 root root 120K May 19 04:34 packages-stable/flex-compile-0.7.tar
4.0K -rw-r--r-- 1 root root 1.2K May 19 04:34 packages-stable/flex-compile-badge.svg
4.0K -rw-r--r-- 1 root root  418 May 19 04:34 packages-stable/flex-compile-readme.txt
