Package: flycheck-grammalecte
Fetcher: git
Source:  https://git.umaneti.net/flycheck-grammalecte/

Updating /mnt/store/melpa/working/flycheck-grammalecte/
Copying files (->) and directories (=>)
  from /mnt/store/melpa/working/flycheck-grammalecte/
  to /tmp/flycheck-grammalecteXrFF1H/flycheck-grammalecte-1.4
    flycheck-grammalecte.el -> flycheck-grammalecte.el
    test-profile.el -> test-profile.el
    flycheck-grammalecte.py -> flycheck-grammalecte.py
    conjugueur.py -> conjugueur.py
Created flycheck-grammalecte-1.4.tar containing:
  flycheck-grammalecte-1.4/
  flycheck-grammalecte-1.4/conjugueur.py
  flycheck-grammalecte-1.4/flycheck-grammalecte-pkg.el
  flycheck-grammalecte-1.4/flycheck-grammalecte.el
  flycheck-grammalecte-1.4/flycheck-grammalecte.py
  flycheck-grammalecte-1.4/test-profile.el
Built flycheck-grammalecte in 4.355s, finished at Wed May 19 04:34:48 2021
 ✓ Success:
4.0K -rw-r--r-- 1 root root  481 May 19 04:34 packages-stable/flycheck-grammalecte-1.4.entry
 60K -rw-r--r-- 1 root root  60K May 19 04:34 packages-stable/flycheck-grammalecte-1.4.tar
4.0K -rw-r--r-- 1 root root 1.2K May 19 04:34 packages-stable/flycheck-grammalecte-badge.svg
4.0K -rw-r--r-- 1 root root   69 May 19 04:34 packages-stable/flycheck-grammalecte-readme.txt
