Package: flycheck-apertium
Fetcher: github
Source:  https://github.com/unhammer/flycheck-apertium.git

Updating /mnt/store/melpa/working/flycheck-apertium/
Checking out 205df9ae18b95d56ef7a574accd89d8015e1678c
Copying files (->) and directories (=>)
  from /mnt/store/melpa/working/flycheck-apertium/
  to /tmp/flycheck-apertiumkkjr1T/flycheck-apertium-0.3.0
    flycheck-apertium.el -> flycheck-apertium.el
    dix.xsd -> dix.xsd
Created flycheck-apertium-0.3.0.tar containing:
  flycheck-apertium-0.3.0/
  flycheck-apertium-0.3.0/dix.xsd
  flycheck-apertium-0.3.0/flycheck-apertium-pkg.el
  flycheck-apertium-0.3.0/flycheck-apertium.el
Built flycheck-apertium in 3.817s, finished at 2021-08-17T11:00:52+0000
 ✓ Success:
4.0K -rw-r--r-- 1 root root  432 Aug 17 11:00 packages-stable/flycheck-apertium-0.3.0.entry
 20K -rw-r--r-- 1 root root  20K Aug 17 11:00 packages-stable/flycheck-apertium-0.3.0.tar
4.0K -rw-r--r-- 1 root root 1.2K Aug 17 11:00 packages-stable/flycheck-apertium-badge.svg
4.0K -rw-r--r-- 1 root root  497 Aug 17 11:00 packages-stable/flycheck-apertium-readme.txt
