Package: flycheck
Fetcher: github
Source:  https://github.com/flycheck/flycheck.git

Updating /mnt/store/melpa/working/flycheck/
Copying files (->) and directories (=>)
  from /mnt/store/melpa/working/flycheck/
  to /tmp/flycheckT3xzaI/flycheck-31
    flycheck-buttercup.el -> flycheck-buttercup.el
    flycheck-ert.el -> flycheck-ert.el
    flycheck.el -> flycheck.el
Created flycheck-31.tar containing:
  flycheck-31/
  flycheck-31/flycheck-buttercup.el
  flycheck-31/flycheck-ert.el
  flycheck-31/flycheck-pkg.el
  flycheck-31/flycheck.el
Built flycheck in 4.247s, finished at Wed May 19 04:34:26 2021
 ✓ Success:
4.0K -rw-r--r-- 1 root root  490 May 19 04:34 packages-stable/flycheck-31.entry
420K -rw-r--r-- 1 root root 420K May 19 04:34 packages-stable/flycheck-31.tar
4.0K -rw-r--r-- 1 root root 2.5K May 19 04:34 packages-stable/flycheck-ameba-0.1.0.el
4.0K -rw-r--r-- 1 root root  257 May 19 04:34 packages-stable/flycheck-ameba-0.1.0.entry
4.0K -rw-r--r-- 1 root root 1.2K May 19 04:34 packages-stable/flycheck-ameba-badge.svg
4.0K -rw-r--r-- 1 root root  254 May 19 04:34 packages-stable/flycheck-ameba-readme.txt
4.0K -rw-r--r-- 1 root root  579 May 19 04:34 packages-stable/flycheck-ameba.log
4.0K -rw-r--r-- 1 root root  432 May 19 04:34 packages-stable/flycheck-apertium-0.3.0.entry
 20K -rw-r--r-- 1 root root  20K May 19 04:34 packages-stable/flycheck-apertium-0.3.0.tar
4.0K -rw-r--r-- 1 root root 1.2K May 19 04:34 packages-stable/flycheck-apertium-badge.svg
4.0K -rw-r--r-- 1 root root  497 May 19 04:34 packages-stable/flycheck-apertium-readme.txt
4.0K -rw-r--r-- 1 root root 1.1K May 19 04:34 packages-stable/flycheck-apertium.log
4.0K -rw-r--r-- 1 root root  200 May 19 04:34 packages-stable/flycheck-aspell.log
4.0K -rw-r--r-- 1 root root  191 May 19 04:34 packages-stable/flycheck-ats2.log
4.0K -rw-r--r-- 1 root root 1.2K May 19 04:34 packages-stable/flycheck-badge.svg
4.0K -rw-r--r-- 1 root root  155 May 19 04:34 packages-stable/flycheck-bashate.log
4.0K -rw-r--r-- 1 root root 3.7K May 19 01:19 packages-stable/flycheck-cask-0.4.el
4.0K -rw-r--r-- 1 root root  423 May 19 01:19 packages-stable/flycheck-cask-0.4.entry
4.0K -rw-r--r-- 1 root root 1.2K May 19 01:19 packages-stable/flycheck-cask-badge.svg
4.0K -rw-r--r-- 1 root root  166 May 19 01:19 packages-stable/flycheck-cask-readme.txt
4.0K -rw-r--r-- 1 root root  144 May 19 04:34 packages-stable/flycheck-cask.log
4.0K -rw-r--r-- 1 root root 4.0K May 19 01:19 packages-stable/flycheck-cfn-1.0.0.el
4.0K -rw-r--r-- 1 root root  385 May 19 01:19 packages-stable/flycheck-cfn-1.0.0.entry
4.0K -rw-r--r-- 1 root root 1.2K May 19 01:19 packages-stable/flycheck-cfn-badge.svg
4.0K -rw-r--r-- 1 root root  501 May 19 01:19 packages-stable/flycheck-cfn-readme.txt
4.0K -rw-r--r-- 1 root root  133 May 19 04:34 packages-stable/flycheck-cfn.log
8.0K -rw-r--r-- 1 root root 4.2K May 19 01:19 packages-stable/flycheck-checkbashisms-1.5.el
4.0K -rw-r--r-- 1 root root  441 May 19 01:19 packages-stable/flycheck-checkbashisms-1.5.entry
4.0K -rw-r--r-- 1 root root 1.2K May 19 01:19 packages-stable/flycheck-checkbashisms-badge.svg
4.0K -rw-r--r-- 1 root root   52 May 19 01:19 packages-stable/flycheck-checkbashisms-readme.txt
4.0K -rw-r--r-- 1 root root  170 May 19 04:34 packages-stable/flycheck-checkbashisms.log
4.0K -rw-r--r-- 1 root root 2.6K May 19 01:19 packages-stable/flycheck-checkpatch-0.1.el
4.0K -rw-r--r-- 1 root root  431 May 19 01:19 packages-stable/flycheck-checkpatch-0.1.entry
4.0K -rw-r--r-- 1 root root 1.2K May 19 01:19 packages-stable/flycheck-checkpatch-badge.svg
4.0K -rw-r--r-- 1 root root  228 May 19 01:19 packages-stable/flycheck-checkpatch-readme.txt
   0 -rw-r--r-- 1 root root    0 May 19 04:34 packages-stable/flycheck-checkpatch.log
   0 -rw-r--r-- 1 root root    0 May 19 04:34 packages-stable/flycheck-clang-analyzer.log
8.0K -rw-r--r-- 1 root root 7.5K May 19 01:19 packages-stable/flycheck-clang-tidy-0.3.0.el
4.0K -rw-r--r-- 1 root root  451 May 19 01:19 packages-stable/flycheck-clang-tidy-0.3.0.entry
4.0K -rw-r--r-- 1 root root 1.2K May 19 01:19 packages-stable/flycheck-clang-tidy-badge.svg
4.0K -rw-r--r-- 1 root root   62 May 19 01:19 packages-stable/flycheck-clang-tidy-readme.txt
   0 -rw-r--r-- 1 root root    0 May 19 04:34 packages-stable/flycheck-clang-tidy.log
4.0K -rw-r--r-- 1 root root  218 May 19 01:19 packages-stable/flycheck-clangcheck.log
8.0K -rw-r--r-- 1 root root 4.4K May 19 01:19 packages-stable/flycheck-clj-kondo-0.0.3.el
4.0K -rw-r--r-- 1 root root  400 May 19 01:19 packages-stable/flycheck-clj-kondo-0.0.3.entry
4.0K -rw-r--r-- 1 root root 1.2K May 19 01:19 packages-stable/flycheck-clj-kondo-badge.svg
4.0K -rw-r--r-- 1 root root  247 May 19 01:19 packages-stable/flycheck-clj-kondo-readme.txt
4.0K -rw-r--r-- 1 root root  612 May 19 01:19 packages-stable/flycheck-clj-kondo.log
 12K -rw-r--r-- 1 root root 9.0K May 19 01:19 packages-stable/flycheck-clojure-0.1.5.el
4.0K -rw-r--r-- 1 root root  501 May 19 01:19 packages-stable/flycheck-clojure-0.1.5.entry
4.0K -rw-r--r-- 1 root root 1.2K May 19 01:19 packages-stable/flycheck-clojure-badge.svg
4.0K -rw-r--r-- 1 root root  178 May 19 01:19 packages-stable/flycheck-clojure-readme.txt
4.0K -rw-r--r-- 1 root root  601 May 19 01:19 packages-stable/flycheck-clojure.log
4.0K -rw-r--r-- 1 root root  202 May 19 01:19 packages-stable/flycheck-clolyze.log
8.0K -rw-r--r-- 1 root root 4.7K May 19 01:19 packages-stable/flycheck-color-mode-line-0.3.el
4.0K -rw-r--r-- 1 root root  449 May 19 01:19 packages-stable/flycheck-color-mode-line-0.3.entry
4.0K -rw-r--r-- 1 root root 1.2K May 19 01:19 packages-stable/flycheck-color-mode-line-badge.svg
4.0K -rw-r--r-- 1 root root  525 May 19 01:19 packages-stable/flycheck-color-mode-line-readme.txt
4.0K -rw-r--r-- 1 root root  656 May 19 01:19 packages-stable/flycheck-color-mode-line.log
4.0K -rw-r--r-- 1 root root  211 May 19 01:19 packages-stable/flycheck-coverity.log
4.0K -rw-r--r-- 1 root root  200 May 19 01:19 packages-stable/flycheck-credo.log
4.0K -rw-r--r-- 1 root root 2.4K May 19 01:19 packages-stable/flycheck-crystal-0.1.0.el
4.0K -rw-r--r-- 1 root root  287 May 19 01:19 packages-stable/flycheck-crystal-0.1.0.entry
4.0K -rw-r--r-- 1 root root 1.2K May 19 01:19 packages-stable/flycheck-crystal-badge.svg
4.0K -rw-r--r-- 1 root root  254 May 19 01:19 packages-stable/flycheck-crystal-readme.txt
4.0K -rw-r--r-- 1 root root  608 May 19 01:19 packages-stable/flycheck-crystal.log
4.0K -rw-r--r-- 1 root root  233 May 19 01:19 packages-stable/flycheck-css-colorguard.log
4.0K -rw-r--r-- 1 root root  203 May 19 01:19 packages-stable/flycheck-cstyle.log
4.0K -rw-r--r-- 1 root root  205 May 19 01:19 packages-stable/flycheck-cython.log
4.0K -rw-r--r-- 1 root root  217 May 19 01:19 packages-stable/flycheck-d-unittest.log
4.0K -rw-r--r-- 1 root root  202 May 19 01:19 packages-stable/flycheck-dedukti.log
4.0K -rw-r--r-- 1 root root  212 May 19 01:19 packages-stable/flycheck-dialyxir.log
4.0K -rw-r--r-- 1 root root  213 May 19 01:19 packages-stable/flycheck-dialyzer.log
 16K -rw-r--r-- 1 root root  14K May 19 01:20 packages-stable/flycheck-dmd-dub-0.12.el
4.0K -rw-r--r-- 1 root root  448 May 19 01:20 packages-stable/flycheck-dmd-dub-0.12.entry
4.0K -rw-r--r-- 1 root root 1.2K May 19 01:20 packages-stable/flycheck-dmd-dub-badge.svg
4.0K -rw-r--r-- 1 root root  420 May 19 01:20 packages-stable/flycheck-dmd-dub-readme.txt
4.0K -rw-r--r-- 1 root root  596 May 19 01:20 packages-stable/flycheck-dmd-dub.log
4.0K -rw-r--r-- 1 root root  200 May 19 01:19 packages-stable/flycheck-dogma.log
4.0K -rw-r--r-- 1 root root  213 May 19 01:19 packages-stable/flycheck-drstring.log
4.0K -rw-r--r-- 1 root root  207 May 19 01:19 packages-stable/flycheck-dtrace.log
 20K -rw-r--r-- 1 root root  18K May 19 01:20 packages-stable/flycheck-eldev-1.1.el
4.0K -rw-r--r-- 1 root root  422 May 19 01:20 packages-stable/flycheck-eldev-1.1.entry
4.0K -rw-r--r-- 1 root root 1.2K May 19 01:20 packages-stable/flycheck-eldev-badge.svg
4.0K -rw-r--r-- 1 root root 1.2K May 19 01:20 packages-stable/flycheck-eldev-readme.txt
4.0K -rw-r--r-- 1 root root  576 May 19 01:20 packages-stable/flycheck-eldev.log
4.0K -rw-r--r-- 1 root root  205 May 19 01:20 packages-stable/flycheck-elixir.log
4.0K -rw-r--r-- 1 root root  189 May 19 01:20 packages-stable/flycheck-elm.log
4.0K -rw-r--r-- 1 root root  195 May 19 01:20 packages-stable/flycheck-elsa.log
4.0K -rw-r--r-- 1 root root  219 May 19 01:20 packages-stable/flycheck-flawfinder.log
4.0K -rw-r--r-- 1 root root  197 May 19 01:20 packages-stable/flycheck-flow.log
4.0K -rw-r--r-- 1 root root  201 May 19 01:20 packages-stable/flycheck-ghcmod.log
4.0K -rw-r--r-- 1 root root  231 May 19 01:20 packages-stable/flycheck-golangci-lint.log
8.0K -rw-r--r-- 1 root root 4.3K May 19 01:20 packages-stable/flycheck-gometalinter-0.1.4.el
4.0K -rw-r--r-- 1 root root  407 May 19 01:20 packages-stable/flycheck-gometalinter-0.1.4.entry
4.0K -rw-r--r-- 1 root root 1.2K May 19 01:20 packages-stable/flycheck-gometalinter-badge.svg
4.0K -rw-r--r-- 1 root root   34 May 19 01:20 packages-stable/flycheck-gometalinter-readme.txt
4.0K -rw-r--r-- 1 root root  634 May 19 01:20 packages-stable/flycheck-gometalinter.log
8.0K -rw-r--r-- 1 root root 5.1K May 19 01:20 packages-stable/flycheck-google-cpplint-1.0.2.el
4.0K -rw-r--r-- 1 root root  438 May 19 01:20 packages-stable/flycheck-google-cpplint-1.0.2.entry
4.0K -rw-r--r-- 1 root root 1.2K May 19 01:20 packages-stable/flycheck-google-cpplint-badge.svg
4.0K -rw-r--r-- 1 root root  673 May 19 01:20 packages-stable/flycheck-google-cpplint-readme.txt
4.0K -rw-r--r-- 1 root root  652 May 19 01:20 packages-stable/flycheck-google-cpplint.log
4.0K -rw-r--r-- 1 root root  202 May 19 01:20 packages-stable/flycheck-gradle.log
4.0K -rw-r--r-- 1 root root  481 May 19 01:20 packages-stable/flycheck-grammalecte-1.4.entry
 60K -rw-r--r-- 1 root root  60K May 19 01:20 packages-stable/flycheck-grammalecte-1.4.tar
4.0K -rw-r--r-- 1 root root 1.2K May 19 01:20 packages-stable/flycheck-grammalecte-badge.svg
4.0K -rw-r--r-- 1 root root   69 May 19 01:20 packages-stable/flycheck-grammalecte-readme.txt
4.0K -rw-r--r-- 1 root root 1.3K May 19 01:20 packages-stable/flycheck-grammalecte.log
8.0K -rw-r--r-- 1 root root 8.0K May 19 01:20 packages-stable/flycheck-grammarly-0.2.3.el
4.0K -rw-r--r-- 1 root root  457 May 19 01:20 packages-stable/flycheck-grammarly-0.2.3.entry
4.0K -rw-r--r-- 1 root root 1.2K May 19 01:20 packages-stable/flycheck-grammarly-badge.svg
4.0K -rw-r--r-- 1 root root   33 May 19 01:20 packages-stable/flycheck-grammarly-readme.txt
4.0K -rw-r--r-- 1 root root  619 May 19 01:20 packages-stable/flycheck-grammarly.log
8.0K -rw-r--r-- 1 root root 4.8K May 19 01:20 packages-stable/flycheck-guile-0.2.el
4.0K -rw-r--r-- 1 root root  391 May 19 01:20 packages-stable/flycheck-guile-0.2.entry
4.0K -rw-r--r-- 1 root root 1.2K May 19 01:20 packages-stable/flycheck-guile-badge.svg
4.0K -rw-r--r-- 1 root root   48 May 19 01:20 packages-stable/flycheck-guile-readme.txt
4.0K -rw-r--r-- 1 root root  579 May 19 01:20 packages-stable/flycheck-guile.log
4.0K -rw-r--r-- 1 root root  568 May 19 01:20 packages-stable/flycheck-haskell-0.8.entry
 32K -rw-r--r-- 1 root root  30K May 19 01:20 packages-stable/flycheck-haskell-0.8.tar
4.0K -rw-r--r-- 1 root root 1.2K May 19 01:20 packages-stable/flycheck-haskell-badge.svg
4.0K -rw-r--r-- 1 root root  441 May 19 01:20 packages-stable/flycheck-haskell-readme.txt
4.0K -rw-r--r-- 1 root root 1.1K May 19 01:20 packages-stable/flycheck-haskell.log
4.0K -rw-r--r-- 1 root root 3.1K May 19 01:20 packages-stable/flycheck-hdevtools-0.3.el
4.0K -rw-r--r-- 1 root root  452 May 19 01:20 packages-stable/flycheck-hdevtools-0.3.entry
4.0K -rw-r--r-- 1 root root 1.2K May 19 01:20 packages-stable/flycheck-hdevtools-badge.svg
4.0K -rw-r--r-- 1 root root  133 May 19 01:20 packages-stable/flycheck-hdevtools-readme.txt
4.0K -rw-r--r-- 1 root root  608 May 19 01:20 packages-stable/flycheck-hdevtools.log
8.0K -rw-r--r-- 1 root root 4.3K May 19 01:20 packages-stable/flycheck-hledger-0.3.0.el
4.0K -rw-r--r-- 1 root root  398 May 19 01:20 packages-stable/flycheck-hledger-0.3.0.entry
4.0K -rw-r--r-- 1 root root 1.2K May 19 01:20 packages-stable/flycheck-hledger-badge.svg
4.0K -rw-r--r-- 1 root root  128 May 19 01:20 packages-stable/flycheck-hledger-readme.txt
4.0K -rw-r--r-- 1 root root  600 May 19 01:20 packages-stable/flycheck-hledger.log
4.0K -rw-r--r-- 1 root root 3.3K May 19 01:20 packages-stable/flycheck-indent-1.0.0.el
4.0K -rw-r--r-- 1 root root  431 May 19 01:20 packages-stable/flycheck-indent-1.0.0.entry
4.0K -rw-r--r-- 1 root root 1.2K May 19 01:20 packages-stable/flycheck-indent-badge.svg
4.0K -rw-r--r-- 1 root root  131 May 19 01:20 packages-stable/flycheck-indent-readme.txt
4.0K -rw-r--r-- 1 root root  585 May 19 01:20 packages-stable/flycheck-indent.log
 12K -rw-r--r-- 1 root root 8.5K May 19 01:20 packages-stable/flycheck-indicator-1.1.1.el
4.0K -rw-r--r-- 1 root root  459 May 19 01:20 packages-stable/flycheck-indicator-1.1.1.entry
4.0K -rw-r--r-- 1 root root 1.2K May 19 01:20 packages-stable/flycheck-indicator-badge.svg
4.0K -rw-r--r-- 1 root root  343 May 19 01:20 packages-stable/flycheck-indicator-readme.txt
4.0K -rw-r--r-- 1 root root  613 May 19 01:20 packages-stable/flycheck-indicator.log
4.0K -rw-r--r-- 1 root root 2.4K May 19 01:20 packages-stable/flycheck-ini-pyinilint-0.3.el
4.0K -rw-r--r-- 1 root root  435 May 19 01:20 packages-stable/flycheck-ini-pyinilint-0.3.entry
4.0K -rw-r--r-- 1 root root 1.2K May 19 01:20 packages-stable/flycheck-ini-pyinilint-badge.svg
4.0K -rw-r--r-- 1 root root  462 May 19 01:20 packages-stable/flycheck-ini-pyinilint-readme.txt
4.0K -rw-r--r-- 1 root root  643 May 19 01:20 packages-stable/flycheck-ini-pyinilint.log
4.0K -rw-r--r-- 1 root root  201 May 19 01:20 packages-stable/flycheck-inline.log
8.0K -rw-r--r-- 1 root root 4.3K May 19 01:20 packages-stable/flycheck-irony-0.1.0.el
4.0K -rw-r--r-- 1 root root  452 May 19 01:20 packages-stable/flycheck-irony-0.1.0.entry
4.0K -rw-r--r-- 1 root root 1.2K May 19 01:20 packages-stable/flycheck-irony-badge.svg
4.0K -rw-r--r-- 1 root root  165 May 19 01:20 packages-stable/flycheck-irony-readme.txt
4.0K -rw-r--r-- 1 root root  579 May 19 01:20 packages-stable/flycheck-irony.log
4.0K -rw-r--r-- 1 root root  194 May 19 01:20 packages-stable/flycheck-jest.log
8.0K -rw-r--r-- 1 root root 4.1K May 19 01:20 packages-stable/flycheck-joker-1.5.0.el
4.0K -rw-r--r-- 1 root root  306 May 19 01:20 packages-stable/flycheck-joker-1.5.0.entry
4.0K -rw-r--r-- 1 root root 1.2K May 19 01:20 packages-stable/flycheck-joker-badge.svg
4.0K -rw-r--r-- 1 root root  690 May 19 01:20 packages-stable/flycheck-joker-readme.txt
4.0K -rw-r--r-- 1 root root  580 May 19 01:20 packages-stable/flycheck-joker.log
 12K -rw-r--r-- 1 root root 8.4K May 19 01:20 packages-stable/flycheck-julia-0.1.1.el
4.0K -rw-r--r-- 1 root root  408 May 19 01:20 packages-stable/flycheck-julia-0.1.1.entry
4.0K -rw-r--r-- 1 root root 1.2K May 19 01:20 packages-stable/flycheck-julia-badge.svg
4.0K -rw-r--r-- 1 root root  588 May 19 01:20 packages-stable/flycheck-julia-readme.txt
4.0K -rw-r--r-- 1 root root  578 May 19 01:20 packages-stable/flycheck-julia.log
4.0K -rw-r--r-- 1 root root  181 May 19 01:20 packages-stable/flycheck-keg.log
4.0K -rw-r--r-- 1 root root 1.9K May 19 01:20 packages-stable/flycheck-kotlin-0.4.el
4.0K -rw-r--r-- 1 root root  295 May 19 01:20 packages-stable/flycheck-kotlin-0.4.entry
4.0K -rw-r--r-- 1 root root 1.2K May 19 01:20 packages-stable/flycheck-kotlin-badge.svg
4.0K -rw-r--r-- 1 root root  154 May 19 01:20 packages-stable/flycheck-kotlin-readme.txt
4.0K -rw-r--r-- 1 root root  581 May 19 01:20 packages-stable/flycheck-kotlin.log
8.0K -rw-r--r-- 1 root root 5.6K May 19 01:20 packages-stable/flycheck-ledger-0.5.el
4.0K -rw-r--r-- 1 root root  432 May 19 01:20 packages-stable/flycheck-ledger-0.5.entry
4.0K -rw-r--r-- 1 root root 1.2K May 19 01:20 packages-stable/flycheck-ledger-badge.svg
4.0K -rw-r--r-- 1 root root  205 May 19 01:20 packages-stable/flycheck-ledger-readme.txt
4.0K -rw-r--r-- 1 root root  583 May 19 01:20 packages-stable/flycheck-ledger.log
4.0K -rw-r--r-- 1 root root  207 May 19 01:20 packages-stable/flycheck-lilypond.log
4.0K -rw-r--r-- 1 root root  216 May 19 01:20 packages-stable/flycheck-liquidhs.log
4.0K -rw-r--r-- 1 root root  205 May 19 01:20 packages-stable/flycheck-mercury.log
4.0K -rw-r--r-- 1 root root 1021 May 17  2020 packages-stable/flycheck-mix-badge.svg
4.0K -rw-r--r-- 1 root root  259 May 17  2020 packages-stable/flycheck-mix-readme.txt
4.0K -rw-r--r-- 1 root root 2.6K May 19 01:20 packages-stable/flycheck-mmark-0.1.0.el
4.0K -rw-r--r-- 1 root root  418 May 19 01:20 packages-stable/flycheck-mmark-0.1.0.entry
4.0K -rw-r--r-- 1 root root 1.2K May 19 01:20 packages-stable/flycheck-mmark-badge.svg
4.0K -rw-r--r-- 1 root root   71 May 19 01:20 packages-stable/flycheck-mmark-readme.txt
4.0K -rw-r--r-- 1 root root  580 May 19 01:20 packages-stable/flycheck-mmark.log
4.0K -rw-r--r-- 1 root root  197 May 19 01:20 packages-stable/flycheck-mypy.log
4.0K -rw-r--r-- 1 root root  190 May 19 01:20 packages-stable/flycheck-nim.log
8.0K -rw-r--r-- 1 root root 5.4K May 19 01:20 packages-stable/flycheck-nimsuggest-0.8.1.el
4.0K -rw-r--r-- 1 root root  451 May 19 01:20 packages-stable/flycheck-nimsuggest-0.8.1.entry
4.0K -rw-r--r-- 1 root root 1.2K May 19 01:20 packages-stable/flycheck-nimsuggest-badge.svg
4.0K -rw-r--r-- 1 root root  480 May 19 01:20 packages-stable/flycheck-nimsuggest-readme.txt
4.0K -rw-r--r-- 1 root root  623 May 19 01:20 packages-stable/flycheck-nimsuggest.log
 12K -rw-r--r-- 1 root root  12K May 19 01:20 packages-stable/flycheck-objc-clang-4.0.1.el
4.0K -rw-r--r-- 1 root root  484 May 19 01:20 packages-stable/flycheck-objc-clang-4.0.1.entry
4.0K -rw-r--r-- 1 root root 1.2K May 19 01:20 packages-stable/flycheck-objc-clang-badge.svg
4.0K -rw-r--r-- 1 root root  152 May 19 01:20 packages-stable/flycheck-objc-clang-readme.txt
4.0K -rw-r--r-- 1 root root  622 May 19 01:20 packages-stable/flycheck-objc-clang.log
8.0K -rw-r--r-- 1 root root 6.6K May 19 01:20 packages-stable/flycheck-ocaml-0.3.el
4.0K -rw-r--r-- 1 root root  475 May 19 01:20 packages-stable/flycheck-ocaml-0.3.entry
4.0K -rw-r--r-- 1 root root 1.2K May 19 01:20 packages-stable/flycheck-ocaml-badge.svg
4.0K -rw-r--r-- 1 root root  879 May 19 01:20 packages-stable/flycheck-ocaml-readme.txt
4.0K -rw-r--r-- 1 root root  576 May 19 01:20 packages-stable/flycheck-ocaml.log
4.0K -rw-r--r-- 1 root root 2.8K May 19 01:20 packages-stable/flycheck-package-0.14.el
4.0K -rw-r--r-- 1 root root  511 May 19 01:20 packages-stable/flycheck-package-0.14.entry
4.0K -rw-r--r-- 1 root root 1.2K May 19 01:20 packages-stable/flycheck-package-badge.svg
4.0K -rw-r--r-- 1 root root  341 May 19 01:20 packages-stable/flycheck-package-readme.txt
4.0K -rw-r--r-- 1 root root  593 May 19 01:20 packages-stable/flycheck-package.log
4.0K -rw-r--r-- 1 root root  194 May 19 01:20 packages-stable/flycheck-pact.log
4.0K -rw-r--r-- 1 root root  195 Mar 16 00:32 packages-stable/flycheck-perl6.log
4.0K -rw-r--r-- 1 root root 3.1K May 19 01:20 packages-stable/flycheck-pest-0.1.0.el
4.0K -rw-r--r-- 1 root root  413 May 19 01:20 packages-stable/flycheck-pest-0.1.0.entry
4.0K -rw-r--r-- 1 root root 1.2K May 19 01:20 packages-stable/flycheck-pest-badge.svg
4.0K -rw-r--r-- 1 root root  182 May 19 01:20 packages-stable/flycheck-pest-readme.txt
4.0K -rw-r--r-- 1 root root  565 May 19 01:20 packages-stable/flycheck-pest.log
4.0K -rw-r--r-- 1 root root 3.1K May 19 01:20 packages-stable/flycheck-phpstan-0.5.0.el
4.0K -rw-r--r-- 1 root root  434 May 19 01:20 packages-stable/flycheck-phpstan-0.5.0.entry
4.0K -rw-r--r-- 1 root root 1.2K May 19 01:20 packages-stable/flycheck-phpstan-badge.svg
4.0K -rw-r--r-- 1 root root  264 May 19 01:20 packages-stable/flycheck-phpstan-readme.txt
4.0K -rw-r--r-- 1 root root  591 May 19 01:20 packages-stable/flycheck-phpstan.log
4.0K -rw-r--r-- 1 root root  216 May 19 01:20 packages-stable/flycheck-pkg-config.log
4.0K -rw-r--r-- 1 root root  211 May 19 01:20 packages-stable/flycheck-plantuml.log
4.0K -rw-r--r-- 1 root root 2.5K May 19 01:20 packages-stable/flycheck-pony-0.3.0.el
4.0K -rw-r--r-- 1 root root  254 May 19 01:20 packages-stable/flycheck-pony-0.3.0.entry
4.0K -rw-r--r-- 1 root root 1.2K May 19 01:20 packages-stable/flycheck-pony-badge.svg
4.0K -rw-r--r-- 1 root root  257 May 19 01:20 packages-stable/flycheck-pony-readme.txt
4.0K -rw-r--r-- 1 root root  572 May 19 01:20 packages-stable/flycheck-pony.log
8.0K -rw-r--r-- 1 root root 5.1K May 19 01:20 packages-stable/flycheck-popup-tip-0.12.2.el
4.0K -rw-r--r-- 1 root root  522 May 19 01:20 packages-stable/flycheck-popup-tip-0.12.2.entry
4.0K -rw-r--r-- 1 root root 1.2K May 19 01:20 packages-stable/flycheck-popup-tip-badge.svg
4.0K -rw-r--r-- 1 root root  432 May 19 01:20 packages-stable/flycheck-popup-tip-readme.txt
4.0K -rw-r--r-- 1 root root  614 May 19 01:20 packages-stable/flycheck-popup-tip.log
8.0K -rw-r--r-- 1 root root 4.7K May 19 01:20 packages-stable/flycheck-pos-tip-0.3.el
4.0K -rw-r--r-- 1 root root  531 May 19 01:20 packages-stable/flycheck-pos-tip-0.3.entry
4.0K -rw-r--r-- 1 root root 1.2K May 19 01:20 packages-stable/flycheck-pos-tip-badge.svg
4.0K -rw-r--r-- 1 root root  133 May 19 01:20 packages-stable/flycheck-pos-tip-readme.txt
4.0K -rw-r--r-- 1 root root  592 May 19 01:20 packages-stable/flycheck-pos-tip.log
4.0K -rw-r--r-- 1 root root  211 May 19 01:20 packages-stable/flycheck-posframe.log
 12K -rw-r--r-- 1 root root  11K May 19 01:20 packages-stable/flycheck-projectile-0.2.0.el
4.0K -rw-r--r-- 1 root root  442 May 19 01:20 packages-stable/flycheck-projectile-0.2.0.entry
4.0K -rw-r--r-- 1 root root 1.2K May 19 01:20 packages-stable/flycheck-projectile-badge.svg
4.0K -rw-r--r-- 1 root root   68 May 19 01:20 packages-stable/flycheck-projectile-readme.txt
4.0K -rw-r--r-- 1 root root  688 May 19 01:20 packages-stable/flycheck-projectile.log
4.0K -rw-r--r-- 1 root root  218 May 19 01:20 packages-stable/flycheck-prospector.log
4.0K -rw-r--r-- 1 root root 3.1K May 19 01:20 packages-stable/flycheck-psalm-0.6.0.el
4.0K -rw-r--r-- 1 root root  398 May 19 01:20 packages-stable/flycheck-psalm-0.6.0.entry
4.0K -rw-r--r-- 1 root root 1.2K May 19 01:20 packages-stable/flycheck-psalm-badge.svg
4.0K -rw-r--r-- 1 root root  260 May 19 01:20 packages-stable/flycheck-psalm-readme.txt
4.0K -rw-r--r-- 1 root root  575 May 19 01:20 packages-stable/flycheck-psalm.log
4.0K -rw-r--r-- 1 root root  323 May 19 01:20 packages-stable/flycheck-pycheckers-0.15.entry
 72K -rw-r--r-- 1 root root  70K May 19 01:20 packages-stable/flycheck-pycheckers-0.15.tar
4.0K -rw-r--r-- 1 root root 1.2K May 19 01:20 packages-stable/flycheck-pycheckers-badge.svg
8.0K -rw-r--r-- 1 root root 5.3K May 19 01:20 packages-stable/flycheck-pycheckers-readme.txt
4.0K -rw-r--r-- 1 root root 1.1K May 19 01:20 packages-stable/flycheck-pycheckers.log
4.0K -rw-r--r-- 1 root root  208 May 19 01:20 packages-stable/flycheck-pyflakes.log
4.0K -rw-r--r-- 1 root root  191 May 19 01:20 packages-stable/flycheck-pyre.log
4.0K -rw-r--r-- 1 root root  189 May 19 01:20 packages-stable/flycheck-raku.log
4.0K -rw-r--r-- 1 root root 1.2K May 19 04:34 packages-stable/flycheck-readme.txt
4.0K -rw-r--r-- 1 root root  967 Apr  6  2019 packages-stable/flycheck-rebar3-badge.svg
4.0K -rw-r--r-- 1 root root  390 Apr  6  2019 packages-stable/flycheck-rebar3-readme.txt
4.0K -rw-r--r-- 1 root root 3.6K May 19 01:20 packages-stable/flycheck-relint-0.6.el
4.0K -rw-r--r-- 1 root root  443 May 19 01:20 packages-stable/flycheck-relint-0.6.entry
4.0K -rw-r--r-- 1 root root 1.2K May 19 01:20 packages-stable/flycheck-relint-badge.svg
4.0K -rw-r--r-- 1 root root  216 May 19 01:20 packages-stable/flycheck-relint-readme.txt
4.0K -rw-r--r-- 1 root root  583 May 19 01:20 packages-stable/flycheck-relint.log
8.0K -rw-r--r-- 1 root root 4.8K May 19 01:20 packages-stable/flycheck-rtags-3.23.el
4.0K -rw-r--r-- 1 root root  394 May 19 01:20 packages-stable/flycheck-rtags-3.23.entry
4.0K -rw-r--r-- 1 root root 1.2K May 19 01:20 packages-stable/flycheck-rtags-badge.svg
4.0K -rw-r--r-- 1 root root  683 May 19 01:20 packages-stable/flycheck-rtags-readme.txt
4.0K -rw-r--r-- 1 root root  573 May 19 01:20 packages-stable/flycheck-rtags.log
 12K -rw-r--r-- 1 root root 8.6K May 19 01:20 packages-stable/flycheck-rust-1.1.el
4.0K -rw-r--r-- 1 root root  489 May 19 01:20 packages-stable/flycheck-rust-1.1.entry
4.0K -rw-r--r-- 1 root root 1.2K May 19 01:20 packages-stable/flycheck-rust-badge.svg
4.0K -rw-r--r-- 1 root root  262 May 19 01:20 packages-stable/flycheck-rust-readme.txt
4.0K -rw-r--r-- 1 root root  568 May 19 01:20 packages-stable/flycheck-rust.log
4.0K -rw-r--r-- 1 root root  514 May 19 01:20 packages-stable/flycheck-stan-10.2.0.entry
 52K -rw-r--r-- 1 root root  50K May 19 01:20 packages-stable/flycheck-stan-10.2.0.tar
4.0K -rw-r--r-- 1 root root 1.2K May 19 01:20 packages-stable/flycheck-stan-badge.svg
4.0K -rw-r--r-- 1 root root   57 May 19 01:20 packages-stable/flycheck-stan-readme.txt
4.0K -rw-r--r-- 1 root root 1006 May 19 01:20 packages-stable/flycheck-stan.log
 12K -rw-r--r-- 1 root root 9.4K May 19 01:20 packages-stable/flycheck-status-emoji-1.3.el
4.0K -rw-r--r-- 1 root root  483 May 19 01:20 packages-stable/flycheck-status-emoji-1.3.entry
4.0K -rw-r--r-- 1 root root 1.2K May 19 01:20 packages-stable/flycheck-status-emoji-badge.svg
4.0K -rw-r--r-- 1 root root  591 May 19 01:20 packages-stable/flycheck-status-emoji-readme.txt
4.0K -rw-r--r-- 1 root root  630 May 19 01:20 packages-stable/flycheck-status-emoji.log
8.0K -rw-r--r-- 1 root root 5.5K May 19 01:20 packages-stable/flycheck-swift-2.0.el
4.0K -rw-r--r-- 1 root root  227 May 19 01:20 packages-stable/flycheck-swift-2.0.entry
4.0K -rw-r--r-- 1 root root 1.2K May 19 01:20 packages-stable/flycheck-swift-badge.svg
4.0K -rw-r--r-- 1 root root   38 May 19 01:20 packages-stable/flycheck-swift-readme.txt
4.0K -rw-r--r-- 1 root root  579 May 19 01:20 packages-stable/flycheck-swift.log
 16K -rw-r--r-- 1 root root  13K May 19 01:20 packages-stable/flycheck-swift3-3.1.1.el
4.0K -rw-r--r-- 1 root root  452 May 19 01:20 packages-stable/flycheck-swift3-3.1.1.entry
4.0K -rw-r--r-- 1 root root 1.2K May 19 01:20 packages-stable/flycheck-swift3-badge.svg
4.0K -rw-r--r-- 1 root root  473 May 19 01:20 packages-stable/flycheck-swift3-readme.txt
4.0K -rw-r--r-- 1 root root  590 May 19 01:20 packages-stable/flycheck-swift3.log
4.0K -rw-r--r-- 1 root root  214 May 19 01:20 packages-stable/flycheck-swiftlint.log
4.0K -rw-r--r-- 1 root root  198 May 19 01:20 packages-stable/flycheck-swiftx.log
4.0K -rw-r--r-- 1 root root  188 May 19 01:20 packages-stable/flycheck-tcl.log
4.0K -rw-r--r-- 1 root root  421 May 19 01:20 packages-stable/flycheck-tip-0.5.0.entry
 32K -rw-r--r-- 1 root root  30K May 19 01:20 packages-stable/flycheck-tip-0.5.0.tar
4.0K -rw-r--r-- 1 root root 1.2K May 19 01:20 packages-stable/flycheck-tip-badge.svg
4.0K -rw-r--r-- 1 root root  612 May 19 01:20 packages-stable/flycheck-tip-readme.txt
4.0K -rw-r--r-- 1 root root 1.1K May 19 01:20 packages-stable/flycheck-tip.log
4.0K -rw-r--r-- 1 root root 3.1K May 19 01:20 packages-stable/flycheck-title-1.0.el
4.0K -rw-r--r-- 1 root root  305 May 19 01:20 packages-stable/flycheck-title-1.0.entry
4.0K -rw-r--r-- 1 root root 1.2K May 19 01:20 packages-stable/flycheck-title-badge.svg
4.0K -rw-r--r-- 1 root root  419 May 19 01:20 packages-stable/flycheck-title-readme.txt
4.0K -rw-r--r-- 1 root root  575 May 19 01:20 packages-stable/flycheck-title.log
4.0K -rw-r--r-- 1 root root  193 May 19 01:20 packages-stable/flycheck-vale.log
4.0K -rw-r--r-- 1 root root 3.0K May 19 01:20 packages-stable/flycheck-vdm-0.0.4.el
4.0K -rw-r--r-- 1 root root  457 May 19 01:20 packages-stable/flycheck-vdm-0.0.4.entry
4.0K -rw-r--r-- 1 root root 1.2K May 19 01:20 packages-stable/flycheck-vdm-badge.svg
4.0K -rw-r--r-- 1 root root   79 May 19 01:20 packages-stable/flycheck-vdm-readme.txt
4.0K -rw-r--r-- 1 root root  560 May 19 01:20 packages-stable/flycheck-vdm.log
4.0K -rw-r--r-- 1 root root  198 May 19 01:20 packages-stable/flycheck-xcode.log
4.0K -rw-r--r-- 1 root root 2.3K May 19 01:20 packages-stable/flycheck-yamllint-0.1.0.el
4.0K -rw-r--r-- 1 root root  441 May 19 01:20 packages-stable/flycheck-yamllint-0.1.0.entry
4.0K -rw-r--r-- 1 root root 1.2K May 19 01:20 packages-stable/flycheck-yamllint-badge.svg
   0 -rw-r--r-- 1 root root    0 May 19 01:20 packages-stable/flycheck-yamllint-readme.txt
4.0K -rw-r--r-- 1 root root  612 May 19 01:20 packages-stable/flycheck-yamllint.log
4.0K -rw-r--r-- 1 root root  191 May 19 01:20 packages-stable/flycheck-yang.log
8.0K -rw-r--r-- 1 root root 4.5K May 19 01:20 packages-stable/flycheck-ycmd-1.2.el
4.0K -rw-r--r-- 1 root root  435 May 19 01:20 packages-stable/flycheck-ycmd-1.2.entry
4.0K -rw-r--r-- 1 root root 1.2K May 19 01:20 packages-stable/flycheck-ycmd-badge.svg
4.0K -rw-r--r-- 1 root root  291 May 19 01:20 packages-stable/flycheck-ycmd-readme.txt
4.0K -rw-r--r-- 1 root root  565 May 19 01:20 packages-stable/flycheck-ycmd.log
