Package: fontawesome
Fetcher: github
Source:  https://github.com/emacsorphanage/fontawesome.git

Updating /mnt/store/melpa/working/fontawesome/
Copying files (->) and directories (=>)
  from /mnt/store/melpa/working/fontawesome/
  to /tmp/fontawesomeTOoFI0/fontawesome-0.4
    fontawesome-data.el -> fontawesome-data.el
    fontawesome.el -> fontawesome.el
Created fontawesome-0.4.tar containing:
  fontawesome-0.4/
  fontawesome-0.4/fontawesome-data.el
  fontawesome-0.4/fontawesome-pkg.el
  fontawesome-0.4/fontawesome.el
Built fontawesome in 3.617s, finished at Wed May 19 04:36:03 2021
 ✓ Success:
4.0K -rw-r--r-- 1 root root  367 May 19 04:36 packages-stable/fontawesome-0.4.entry
 32K -rw-r--r-- 1 root root  30K May 19 04:36 packages-stable/fontawesome-0.4.tar
4.0K -rw-r--r-- 1 root root 1.2K May 19 04:36 packages-stable/fontawesome-badge.svg
4.0K -rw-r--r-- 1 root root   92 May 19 04:36 packages-stable/fontawesome-readme.txt
