Package: fuel
Fetcher: github
Source:  https://github.com/factor/factor.git

Updating /mnt/store/melpa/working/fuel/
Copying files (->) and directories (=>)
  from /mnt/store/melpa/working/fuel/
  to /tmp/fuelSjLiNd/fuel-0.98
  ! misc/fuel/factor-mode.el -> factor-mode.el
  ! misc/fuel/factor-smie.el -> factor-smie.el
  ! misc/fuel/fuel-autodoc.el -> fuel-autodoc.el
  ! misc/fuel/fuel-autohelp.el -> fuel-autohelp.el
  ! misc/fuel/fuel-base.el -> fuel-base.el
  ! misc/fuel/fuel-completion.el -> fuel-completion.el
  ! misc/fuel/fuel-connection.el -> fuel-connection.el
  ! misc/fuel/fuel-debug-uses.el -> fuel-debug-uses.el
  ! misc/fuel/fuel-debug.el -> fuel-debug.el
  ! misc/fuel/fuel-edit.el -> fuel-edit.el
  ! misc/fuel/fuel-eval.el -> fuel-eval.el
  ! misc/fuel/fuel-help.el -> fuel-help.el
  ! misc/fuel/fuel-listener.el -> fuel-listener.el
  ! misc/fuel/fuel-log.el -> fuel-log.el
  ! misc/fuel/fuel-markup.el -> fuel-markup.el
  ! misc/fuel/fuel-menu.el -> fuel-menu.el
  ! misc/fuel/fuel-mode.el -> fuel-mode.el
  ! misc/fuel/fuel-pkg.el -> fuel-pkg.el
  ! misc/fuel/fuel-popup.el -> fuel-popup.el
  ! misc/fuel/fuel-refactor.el -> fuel-refactor.el
  ! misc/fuel/fuel-scaffold.el -> fuel-scaffold.el
  ! misc/fuel/fuel-stack.el -> fuel-stack.el
  ! misc/fuel/fuel-table.el -> fuel-table.el
  ! misc/fuel/fuel-tests.el -> fuel-tests.el
  ! misc/fuel/fuel-xref.el -> fuel-xref.el
Created fuel-0.98.tar containing:
  fuel-0.98/
  fuel-0.98/factor-mode.el
  fuel-0.98/factor-smie.el
  fuel-0.98/fuel-autodoc.el
  fuel-0.98/fuel-autohelp.el
  fuel-0.98/fuel-base.el
  fuel-0.98/fuel-completion.el
  fuel-0.98/fuel-connection.el
  fuel-0.98/fuel-debug-uses.el
  fuel-0.98/fuel-debug.el
  fuel-0.98/fuel-edit.el
  fuel-0.98/fuel-eval.el
  fuel-0.98/fuel-help.el
  fuel-0.98/fuel-listener.el
  fuel-0.98/fuel-log.el
  fuel-0.98/fuel-markup.el
  fuel-0.98/fuel-menu.el
  fuel-0.98/fuel-mode.el
  fuel-0.98/fuel-pkg.el
  fuel-0.98/fuel-popup.el
  fuel-0.98/fuel-refactor.el
  fuel-0.98/fuel-scaffold.el
  fuel-0.98/fuel-stack.el
  fuel-0.98/fuel-table.el
  fuel-0.98/fuel-tests.el
  fuel-0.98/fuel-xref.el
Built fuel in 9.898s, finished at Wed May 19 04:36:32 2021
 ✓ Success:
4.0K -rw-r--r-- 1 root root  193 May 19 04:36 packages-stable/fuel-0.98.entry
212K -rw-r--r-- 1 root root 210K May 19 04:36 packages-stable/fuel-0.98.tar
4.0K -rw-r--r-- 1 root root 1.2K May 19 04:36 packages-stable/fuel-badge.svg
