Package: fxrd-mode
Fetcher: github
Source:  https://github.com/msherry/fxrd-mode.git

Updating /mnt/store/melpa/working/fxrd-mode/
Copying files (->) and directories (=>)
  from /mnt/store/melpa/working/fxrd-mode/
  to /tmp/fxrd-modeu6s6Hn/fxrd-mode-1.0
    fxrd-mode.el -> fxrd-mode.el
    fxrd-validators.el -> fxrd-validators.el
  ! fxrd-modes/cbnot-mode.el -> cbnot-mode.el
  ! fxrd-modes/nacha-mode.el -> nacha-mode.el
  ! fxrd-modes/rm37-mode.el -> rm37-mode.el
  ! fxrd-modes/sample-mode.el -> sample-mode.el
  ! fxrd-modes/tso6-mode.el -> tso6-mode.el
Created fxrd-mode-1.0.tar containing:
  fxrd-mode-1.0/
  fxrd-mode-1.0/cbnot-mode.el
  fxrd-mode-1.0/fxrd-mode-pkg.el
  fxrd-mode-1.0/fxrd-mode.el
  fxrd-mode-1.0/fxrd-validators.el
  fxrd-mode-1.0/nacha-mode.el
  fxrd-mode-1.0/rm37-mode.el
  fxrd-mode-1.0/sample-mode.el
  fxrd-mode-1.0/tso6-mode.el
Built fxrd-mode in 3.332s, finished at Wed May 19 04:36:35 2021
 ✓ Success:
4.0K -rw-r--r-- 1 root root  374 May 19 04:36 packages-stable/fxrd-mode-1.0.entry
 60K -rw-r--r-- 1 root root  60K May 19 04:36 packages-stable/fxrd-mode-1.0.tar
4.0K -rw-r--r-- 1 root root 1.2K May 19 04:36 packages-stable/fxrd-mode-badge.svg
4.0K -rw-r--r-- 1 root root 1.1K May 19 04:36 packages-stable/fxrd-mode-readme.txt
