Package: gams-mode
Fetcher: github
Source:  https://github.com/ShiroTakeda/gams-mode.git

Updating /mnt/store/melpa/working/gams-mode/
Checking out 52e984d64c48f518222e0f6bd326236f78d7bf7a
Copying files (->) and directories (=>)
  from /mnt/store/melpa/working/gams-mode/
  to /tmp/gams-modeBzpnTg/gams-mode-6.7
    gams-mode.el -> gams-mode.el
    gams-logo.xpm -> gams-logo.xpm
Created gams-mode-6.7.tar containing:
  gams-mode-6.7/
  gams-mode-6.7/gams-logo.xpm
  gams-mode-6.7/gams-mode-pkg.el
  gams-mode-6.7/gams-mode.el
Built gams-mode in 4.102s, finished at 2021-08-17T11:03:48+0000
 ✓ Success:
620K -rw-r--r-- 1 root root 618K Feb 28 19:41 packages-stable/gams-mode-6.7.el
4.0K -rw-r--r-- 1 root root  364 Aug 17 11:03 packages-stable/gams-mode-6.7.entry
632K -rw-r--r-- 1 root root 630K Aug 17 11:03 packages-stable/gams-mode-6.7.tar
4.0K -rw-r--r-- 1 root root 1.2K Aug 17 11:03 packages-stable/gams-mode-badge.svg
4.0K -rw-r--r-- 1 root root  485 Aug 17 11:03 packages-stable/gams-mode-readme.txt
