Package: geiser-racket
Fetcher: gitlab
Source:  https://gitlab.com/emacs-geiser/racket.git

Updating /mnt/store/melpa/working/geiser-racket/
Copying files (->) and directories (=>)
  from /mnt/store/melpa/working/geiser-racket/
  to /tmp/geiser-racketbkG7tc/geiser-racket-1.0
    geiser-racket.el -> geiser-racket.el
    src/geiser => src/geiser
  ! bin => src/bin
  ! bin/racket-server.sh -> src/racket-server.sh
Created geiser-racket-1.0.tar containing:
  geiser-racket-1.0/
  geiser-racket-1.0/geiser-racket-pkg.el
  geiser-racket-1.0/geiser-racket.el
  geiser-racket-1.0/src/
  geiser-racket-1.0/src/bin/
  geiser-racket-1.0/src/bin/racket-server.sh
  geiser-racket-1.0/src/geiser/
  geiser-racket-1.0/src/geiser/autodoc.rkt
  geiser-racket-1.0/src/geiser/completions.rkt
  geiser-racket-1.0/src/geiser/enter.rkt
  geiser-racket-1.0/src/geiser/eval.rkt
  geiser-racket-1.0/src/geiser/images.rkt
  geiser-racket-1.0/src/geiser/locations.rkt
  geiser-racket-1.0/src/geiser/main.rkt
  geiser-racket-1.0/src/geiser/modules.rkt
  geiser-racket-1.0/src/geiser/server.rkt
  geiser-racket-1.0/src/geiser/startup.rkt
  geiser-racket-1.0/src/geiser/user.rkt
  geiser-racket-1.0/src/geiser/utils.rkt
  geiser-racket-1.0/src/racket-server.sh
Built geiser-racket in 3.084s, finished at Wed May 19 04:36:49 2021
 ✓ Success:
4.0K -rw-r--r-- 1 root root  406 May 19 04:36 packages-stable/geiser-racket-1.0.entry
 80K -rw-r--r-- 1 root root  80K May 19 04:36 packages-stable/geiser-racket-1.0.tar
4.0K -rw-r--r-- 1 root root 1.2K May 19 04:36 packages-stable/geiser-racket-badge.svg
4.0K -rw-r--r-- 1 root root   94 May 19 04:36 packages-stable/geiser-racket-readme.txt
