Package: geiser-chicken
Fetcher: gitlab
Source:  https://gitlab.com/emacs-geiser/chicken.git

Updating /mnt/store/melpa/working/geiser-chicken/
Checking out ceab39c89607f55cba88e5606ba5eb37c7df5260
Copying files (->) and directories (=>)
  from /mnt/store/melpa/working/geiser-chicken/
  to /tmp/geiser-chicken6XYZbb/geiser-chicken-0.16
    geiser-chicken.el -> geiser-chicken.el
    src/geiser => src/geiser
Created geiser-chicken-0.16.tar containing:
  geiser-chicken-0.16/
  geiser-chicken-0.16/geiser-chicken-pkg.el
  geiser-chicken-0.16/geiser-chicken.el
  geiser-chicken-0.16/src/
  geiser-chicken-0.16/src/geiser/
  geiser-chicken-0.16/src/geiser/chicken4.scm
  geiser-chicken-0.16/src/geiser/chicken5.scm
Built geiser-chicken in 3.844s, finished at 2021-08-17T11:03:56+0000
 ✓ Success:
4.0K -rw-r--r-- 1 root root  381 Aug 17 11:03 packages-stable/geiser-chicken-0.16.entry
 64K -rw-r--r-- 1 root root  60K Aug 17 11:03 packages-stable/geiser-chicken-0.16.tar
4.0K -rw-r--r-- 1 root root 1.2K Aug 17 11:03 packages-stable/geiser-chicken-badge.svg
4.0K -rw-r--r-- 1 root root   69 Aug 17 11:03 packages-stable/geiser-chicken-readme.txt
