Package: geiser-chez
Fetcher: gitlab
Source:  https://gitlab.com/emacs-geiser/chez.git

Updating /mnt/store/melpa/working/geiser-chez/
Checking out 03da1c17253856d8713bc5a25140cb5002c9c188
Copying files (->) and directories (=>)
  from /mnt/store/melpa/working/geiser-chez/
  to /tmp/geiser-chezrIYZzV/geiser-chez-0.16
    geiser-chez.el -> geiser-chez.el
    src/geiser => src/geiser
Created geiser-chez-0.16.tar containing:
  geiser-chez-0.16/
  geiser-chez-0.16/geiser-chez-pkg.el
  geiser-chez-0.16/geiser-chez.el
  geiser-chez-0.16/src/
  geiser-chez-0.16/src/geiser/
  geiser-chez-0.16/src/geiser/geiser.ss
  geiser-chez-0.16/src/geiser/test.ss
Built geiser-chez in 3.674s, finished at 2021-08-17T11:03:55+0000
 ✓ Success:
4.0K -rw-r--r-- 1 root root  435 Aug 17 11:03 packages-stable/geiser-chez-0.16.entry
 32K -rw-r--r-- 1 root root  30K Aug 17 11:03 packages-stable/geiser-chez-0.16.tar
4.0K -rw-r--r-- 1 root root 1.2K Aug 17 11:03 packages-stable/geiser-chez-badge.svg
4.0K -rw-r--r-- 1 root root   57 Aug 17 11:03 packages-stable/geiser-chez-readme.txt
