Package: geiser-mit
Fetcher: gitlab
Source:  https://gitlab.com/emacs-geiser/mit.git

Updating /mnt/store/melpa/working/geiser-mit/
Copying files (->) and directories (=>)
  from /mnt/store/melpa/working/geiser-mit/
  to /tmp/geiser-mitbzXBRQ/geiser-mit-0.14
    geiser-mit.el -> geiser-mit.el
    src/geiser => src/geiser
Created geiser-mit-0.14.tar containing:
  geiser-mit-0.14/
  geiser-mit-0.14/geiser-mit-pkg.el
  geiser-mit-0.14/geiser-mit.el
  geiser-mit-0.14/src/
  geiser-mit-0.14/src/geiser/
  geiser-mit-0.14/src/geiser/compile.scm
  geiser-mit-0.14/src/geiser/emacs.scm
  geiser-mit-0.14/src/geiser/geiser.pkg
  geiser-mit-0.14/src/geiser/load.scm
Built geiser-mit in 2.721s, finished at Wed May 19 04:36:49 2021
 ✓ Success:
4.0K -rw-r--r-- 1 root root  444 May 19 04:36 packages-stable/geiser-mit-0.14.entry
 32K -rw-r--r-- 1 root root  30K May 19 04:36 packages-stable/geiser-mit-0.14.tar
4.0K -rw-r--r-- 1 root root 1.2K May 19 04:36 packages-stable/geiser-mit-badge.svg
4.0K -rw-r--r-- 1 root root   56 May 19 04:36 packages-stable/geiser-mit-readme.txt
