Package: git-commit
Fetcher: github
Source:  https://github.com/magit/magit.git

Updating /mnt/store/melpa/working/git-commit/
Checking out 38ac3fe82352dd6007c5103897abd2ef456b7158
Copying files (->) and directories (=>)
  from /mnt/store/melpa/working/git-commit/
  to /tmp/git-commit12vBh2/git-commit-3.2.1
  ! lisp/git-commit.el -> git-commit.el
    LICENSE -> LICENSE
Created git-commit-3.2.1.tar containing:
  git-commit-3.2.1/
  git-commit-3.2.1/LICENSE
  git-commit-3.2.1/git-commit-pkg.el
  git-commit-3.2.1/git-commit.el
Built git-commit in 4.292s, finished at 2021-08-17T11:04:28+0000
 ✓ Success:
4.0K -rw-r--r-- 1 root root  636 Aug 17 11:04 packages-stable/git-commit-3.2.1.entry
 80K -rw-r--r-- 1 root root  80K Aug 17 11:04 packages-stable/git-commit-3.2.1.tar
4.0K -rw-r--r-- 1 root root 1.2K Aug 17 11:04 packages-stable/git-commit-badge.svg
 16K -rw-r--r-- 1 root root  14K Aug 17 11:04 packages-stable/git-commit-insert-issue-0.4.1.el
4.0K -rw-r--r-- 1 root root  509 Aug 17 11:04 packages-stable/git-commit-insert-issue-0.4.1.entry
4.0K -rw-r--r-- 1 root root 1.2K Aug 17 11:04 packages-stable/git-commit-insert-issue-badge.svg
4.0K -rw-r--r-- 1 root root  171 Aug 17 11:04 packages-stable/git-commit-insert-issue-readme.txt
4.0K -rw-r--r-- 1 root root  709 Aug 17 11:04 packages-stable/git-commit-insert-issue.log
4.0K -rw-r--r-- 1 root root 3.5K Aug 17 11:04 packages-stable/git-commit-readme.txt
