Package: git-gutter
Fetcher: github
Source:  https://github.com/emacsorphanage/git-gutter.git

Updating /mnt/store/melpa/working/git-gutter/
Checking out 570067d4f4e54ef6003fe442de5536806ff19e98
Built git-gutter in 4.355s, finished at 2021-08-17T11:04:29+0000
 ✓ Success:
 44K -rw-r--r-- 1 root root  43K Aug 17 11:04 packages-stable/git-gutter-0.91.el
4.0K -rw-r--r-- 1 root root  374 Aug 17 11:04 packages-stable/git-gutter-0.91.entry
4.0K -rw-r--r-- 1 root root 1.2K Aug 17 11:04 packages-stable/git-gutter-badge.svg
8.0K -rw-r--r-- 1 root root 4.9K Aug 17 07:36 packages-stable/git-gutter-fringe+-0.1.el
4.0K -rw-r--r-- 1 root root  438 Aug 17 07:36 packages-stable/git-gutter-fringe+-0.1.entry
4.0K -rw-r--r-- 1 root root 1.2K Aug 17 07:36 packages-stable/git-gutter-fringe+-badge.svg
   0 -rw-r--r-- 1 root root    0 Aug 17 07:36 packages-stable/git-gutter-fringe+-readme.txt
4.0K -rw-r--r-- 1 root root  166 Aug 17 11:04 packages-stable/git-gutter-fringe+.log
8.0K -rw-r--r-- 1 root root 5.0K Aug 17 11:04 packages-stable/git-gutter-fringe-0.23.el
4.0K -rw-r--r-- 1 root root  472 Aug 17 11:04 packages-stable/git-gutter-fringe-0.23.entry
4.0K -rw-r--r-- 1 root root 1.2K Aug 17 11:04 packages-stable/git-gutter-fringe-badge.svg
4.0K -rw-r--r-- 1 root root  331 Aug 17 11:04 packages-stable/git-gutter-fringe-readme.txt
4.0K -rw-r--r-- 1 root root  662 Aug 17 11:04 packages-stable/git-gutter-fringe.log
4.0K -rw-r--r-- 1 root root   53 Aug 17 11:04 packages-stable/git-gutter-readme.txt
