Package: git-walktree
Fetcher: github
Source:  https://github.com/10sr/git-walktree-el.git

Updating /mnt/store/melpa/working/git-walktree/
Copying files (->) and directories (=>)
  from /mnt/store/melpa/working/git-walktree/
  to /tmp/git-walktreeXL3gZw/git-walktree-0.1.0
    git-walktree-mode.el -> git-walktree-mode.el
    git-walktree-read.el -> git-walktree-read.el
    git-walktree-utils.el -> git-walktree-utils.el
    git-walktree.el -> git-walktree.el
Created git-walktree-0.1.0.tar containing:
  git-walktree-0.1.0/
  git-walktree-0.1.0/git-walktree-mode.el
  git-walktree-0.1.0/git-walktree-pkg.el
  git-walktree-0.1.0/git-walktree-read.el
  git-walktree-0.1.0/git-walktree-utils.el
  git-walktree-0.1.0/git-walktree.el
Built git-walktree in 2.476s, finished at Wed May 19 04:37:21 2021
 ✓ Success:
4.0K -rw-r--r-- 1 root root  415 May 19 04:37 packages-stable/git-walktree-0.1.0.entry
 52K -rw-r--r-- 1 root root  50K May 19 04:37 packages-stable/git-walktree-0.1.0.tar
4.0K -rw-r--r-- 1 root root 1.2K May 19 04:37 packages-stable/git-walktree-badge.svg
4.0K -rw-r--r-- 1 root root  282 May 19 04:37 packages-stable/git-walktree-readme.txt
