Package: github-elpa
Fetcher: github
Source:  https://github.com/10sr/github-elpa.git

Updating /mnt/store/melpa/working/github-elpa/
Checking out c5960375ed5d67465412be7eb0ac558082feebc7
Copying files (->) and directories (=>)
  from /mnt/store/melpa/working/github-elpa/
  to /tmp/github-elpahnNLBg/github-elpa-0.0.1
    github-elpa.el -> github-elpa.el
    bin => bin
Created github-elpa-0.0.1.tar containing:
  github-elpa-0.0.1/
  github-elpa-0.0.1/bin/
  github-elpa-0.0.1/bin/github-elpa
  github-elpa-0.0.1/github-elpa-pkg.el
  github-elpa-0.0.1/github-elpa.el
Built github-elpa in 3.488s, finished at 2021-08-17T11:04:45+0000
 ✓ Success:
4.0K -rw-r--r-- 1 root root  422 Aug 17 11:04 packages-stable/github-elpa-0.0.1.entry
 20K -rw-r--r-- 1 root root  20K Aug 17 11:04 packages-stable/github-elpa-0.0.1.tar
4.0K -rw-r--r-- 1 root root 1.2K Aug 17 11:04 packages-stable/github-elpa-badge.svg
4.0K -rw-r--r-- 1 root root  389 Aug 17 11:04 packages-stable/github-elpa-readme.txt
