Package: gnuplot
Fetcher: github
Source:  https://github.com/emacsorphanage/gnuplot.git

Updating /mnt/store/melpa/working/gnuplot/
Checking out 116cad8e09024223f97e81b0a4503cef20de9bf5
Copying files (->) and directories (=>)
  from /mnt/store/melpa/working/gnuplot/
  to /tmp/gnuplotAqurO1/gnuplot-0.8.0
    gnuplot.el -> gnuplot.el
    gnuplot-gui.el -> gnuplot-gui.el
    gnuplot-context.el -> gnuplot-context.el
Created gnuplot-0.8.0.tar containing:
  gnuplot-0.8.0/
  gnuplot-0.8.0/gnuplot-context.el
  gnuplot-0.8.0/gnuplot-gui.el
  gnuplot-0.8.0/gnuplot-pkg.el
  gnuplot-0.8.0/gnuplot.el
Built gnuplot in 3.957s, finished at 2021-08-17T11:05:12+0000
 ✓ Success:
4.0K -rw-r--r-- 1 root root  399 Aug 17 11:05 packages-stable/gnuplot-0.8.0.entry
260K -rw-r--r-- 1 root root 260K Aug 17 11:05 packages-stable/gnuplot-0.8.0.tar
4.0K -rw-r--r-- 1 root root 1.2K Aug 17 11:05 packages-stable/gnuplot-badge.svg
4.0K -rw-r--r-- 1 root root  186 Aug 17 11:05 packages-stable/gnuplot-mode.log
4.0K -rw-r--r-- 1 root root 2.3K Aug 17 11:05 packages-stable/gnuplot-readme.txt
