Package: gnus-notes
Fetcher: github
Source:  https://github.com/deusmax/gnus-notes.git

Updating /mnt/store/melpa/working/gnus-notes/
Checking out d8ce2dd3a1632f071a366e5c01dd5b954c3c6534
Copying files (->) and directories (=>)
  from /mnt/store/melpa/working/gnus-notes/
  to /tmp/gnus-notesYuKfcv/gnus-notes-0.4.1
    gnus-notes-helm.el -> gnus-notes-helm.el
    gnus-notes-org.el -> gnus-notes-org.el
    gnus-notes.el -> gnus-notes.el
Created gnus-notes-0.4.1.tar containing:
  gnus-notes-0.4.1/
  gnus-notes-0.4.1/gnus-notes-helm.el
  gnus-notes-0.4.1/gnus-notes-org.el
  gnus-notes-0.4.1/gnus-notes-pkg.el
  gnus-notes-0.4.1/gnus-notes.el
Built gnus-notes in 3.364s, finished at 2021-08-17T11:05:13+0000
 ✓ Success:
4.0K -rw-r--r-- 1 root root  632 Aug 17 11:05 packages-stable/gnus-notes-0.4.1.entry
 72K -rw-r--r-- 1 root root  70K Aug 17 11:05 packages-stable/gnus-notes-0.4.1.tar
4.0K -rw-r--r-- 1 root root 1.2K Aug 17 11:05 packages-stable/gnus-notes-badge.svg
4.0K -rw-r--r-- 1 root root 1.7K Aug 17 11:05 packages-stable/gnus-notes-readme.txt
