Package: grails-projectile-mode
Fetcher: github
Source:  https://github.com/yveszoundi/grails-projectile-mode.git

Updating /mnt/store/melpa/working/grails-projectile-mode/
Copying files (->) and directories (=>)
  from /mnt/store/melpa/working/grails-projectile-mode/
  to /tmp/grails-projectile-mode0OwWDP/grails-projectile-mode-1.1.2
    grails-projectile-commands.el -> grails-projectile-commands.el
    grails-projectile-config.el -> grails-projectile-config.el
    grails-projectile-discover.el -> grails-projectile-discover.el
    grails-projectile-mode.el -> grails-projectile-mode.el
Created grails-projectile-mode-1.1.2.tar containing:
  grails-projectile-mode-1.1.2/
  grails-projectile-mode-1.1.2/grails-projectile-commands.el
  grails-projectile-mode-1.1.2/grails-projectile-config.el
  grails-projectile-mode-1.1.2/grails-projectile-discover.el
  grails-projectile-mode-1.1.2/grails-projectile-mode-pkg.el
  grails-projectile-mode-1.1.2/grails-projectile-mode.el
Built grails-projectile-mode in 2.925s, finished at Wed May 19 04:38:29 2021
 ✓ Success:
4.0K -rw-r--r-- 1 root root  457 May 19 04:38 packages-stable/grails-projectile-mode-1.1.2.entry
 52K -rw-r--r-- 1 root root  50K May 19 04:38 packages-stable/grails-projectile-mode-1.1.2.tar
4.0K -rw-r--r-- 1 root root 1.2K May 19 04:38 packages-stable/grails-projectile-mode-badge.svg
4.0K -rw-r--r-- 1 root root 1.2K May 19 04:38 packages-stable/grails-projectile-mode-readme.txt
