Package: graphene
Fetcher: github
Source:  https://github.com/rdallasgray/graphene.git

Updating /mnt/store/melpa/working/graphene/
Copying files (->) and directories (=>)
  from /mnt/store/melpa/working/graphene/
  to /tmp/graphene8Tmk8F/graphene-1.0.0
  ! lib/graphene-editing.el -> graphene-editing.el
  ! lib/graphene-env.el -> graphene-env.el
  ! lib/graphene-helper-functions.el -> graphene-helper-functions.el
  ! lib/graphene-linux-defaults.el -> graphene-linux-defaults.el
  ! lib/graphene-look.el -> graphene-look.el
  ! lib/graphene-osx-defaults.el -> graphene-osx-defaults.el
  ! lib/graphene-other-defaults.el -> graphene-other-defaults.el
  ! lib/graphene-pkg.el -> graphene-pkg.el
  ! lib/graphene-projects.el -> graphene-projects.el
  ! lib/graphene-smartparens-config.el -> graphene-smartparens-config.el
  ! lib/graphene-windows-defaults.el -> graphene-windows-defaults.el
  ! lib/graphene.el -> graphene.el
Created graphene-1.0.0.tar containing:
  graphene-1.0.0/
  graphene-1.0.0/graphene-editing.el
  graphene-1.0.0/graphene-env.el
  graphene-1.0.0/graphene-helper-functions.el
  graphene-1.0.0/graphene-linux-defaults.el
  graphene-1.0.0/graphene-look.el
  graphene-1.0.0/graphene-osx-defaults.el
  graphene-1.0.0/graphene-other-defaults.el
  graphene-1.0.0/graphene-pkg.el
  graphene-1.0.0/graphene-projects.el
  graphene-1.0.0/graphene-smartparens-config.el
  graphene-1.0.0/graphene-windows-defaults.el
  graphene-1.0.0/graphene.el
Built graphene in 3.055s, finished at Wed May 19 04:38:32 2021
 ✓ Success:
4.0K -rw-r--r-- 1 root root  717 May 19 04:38 packages-stable/graphene-1.0.0.entry
 60K -rw-r--r-- 1 root root  60K May 19 04:38 packages-stable/graphene-1.0.0.tar
4.0K -rw-r--r-- 1 root root 1.2K May 19 04:38 packages-stable/graphene-badge.svg
 16K -rw-r--r-- 1 root root  15K May 19 04:38 packages-stable/graphene-meta-theme-0.0.6.el
4.0K -rw-r--r-- 1 root root  408 May 19 01:24 packages-stable/graphene-meta-theme-0.0.6.entry
4.0K -rw-r--r-- 1 root root 1.2K May 19 01:24 packages-stable/graphene-meta-theme-badge.svg
4.0K -rw-r--r-- 1 root root  342 May 19 01:24 packages-stable/graphene-meta-theme-readme.txt
4.0K -rw-r--r-- 1 root root  165 May 19 04:38 packages-stable/graphene-meta-theme.log
8.0K -rw-r--r-- 1 root root 6.6K May 19 04:38 packages-stable/graphene-readme.txt
