Package: grizzl
Fetcher: github
Source:  https://github.com/grizzl/grizzl.git

Updating /mnt/store/melpa/working/grizzl/
Checking out 243ddefe1b2deead9d54c5c5191b993b621b6ce2
Copying files (->) and directories (=>)
  from /mnt/store/melpa/working/grizzl/
  to /tmp/grizzlB7dMOs/grizzl-0.1.1
    grizzl-core.el -> grizzl-core.el
    grizzl-pkg.el -> grizzl-pkg.el
    grizzl-read.el -> grizzl-read.el
    grizzl.el -> grizzl.el
Created grizzl-0.1.1.tar containing:
  grizzl-0.1.1/
  grizzl-0.1.1/grizzl-core.el
  grizzl-0.1.1/grizzl-pkg.el
  grizzl-0.1.1/grizzl-read.el
  grizzl-0.1.1/grizzl.el
Built grizzl in 3.632s, finished at 2021-08-17T11:06:14+0000
 ✓ Success:
4.0K -rw-r--r-- 1 root root  335 Aug 17 11:06 packages-stable/grizzl-0.1.1.entry
 32K -rw-r--r-- 1 root root  30K Aug 17 11:06 packages-stable/grizzl-0.1.1.tar
4.0K -rw-r--r-- 1 root root 1.2K Aug 17 11:06 packages-stable/grizzl-badge.svg
