Package: gruvbox-theme
Fetcher: github
Source:  https://github.com/greduan/emacs-theme-gruvbox.git

Updating /mnt/store/melpa/working/gruvbox-theme/
Checking out 69a6ddf6c7e8c84174b94900ba71ddd08ec0237f
Copying files (->) and directories (=>)
  from /mnt/store/melpa/working/gruvbox-theme/
  to /tmp/gruvbox-theme7FBbi7/gruvbox-theme-1.28.0
    gruvbox-dark-hard-theme.el -> gruvbox-dark-hard-theme.el
    gruvbox-dark-medium-theme.el -> gruvbox-dark-medium-theme.el
    gruvbox-dark-soft-theme.el -> gruvbox-dark-soft-theme.el
    gruvbox-light-hard-theme.el -> gruvbox-light-hard-theme.el
    gruvbox-light-medium-theme.el -> gruvbox-light-medium-theme.el
    gruvbox-light-soft-theme.el -> gruvbox-light-soft-theme.el
    gruvbox-theme.el -> gruvbox-theme.el
    gruvbox.el -> gruvbox.el
Created gruvbox-theme-1.28.0.tar containing:
  gruvbox-theme-1.28.0/
  gruvbox-theme-1.28.0/gruvbox-dark-hard-theme.el
  gruvbox-theme-1.28.0/gruvbox-dark-medium-theme.el
  gruvbox-theme-1.28.0/gruvbox-dark-soft-theme.el
  gruvbox-theme-1.28.0/gruvbox-light-hard-theme.el
  gruvbox-theme-1.28.0/gruvbox-light-medium-theme.el
  gruvbox-theme-1.28.0/gruvbox-light-soft-theme.el
  gruvbox-theme-1.28.0/gruvbox-theme-pkg.el
  gruvbox-theme-1.28.0/gruvbox-theme.el
  gruvbox-theme-1.28.0/gruvbox.el
Built gruvbox-theme in 4.148s, finished at 2021-08-17T11:06:18+0000
 ✓ Success:
4.0K -rw-r--r-- 1 root root  344 Aug 17 11:06 packages-stable/gruvbox-theme-1.28.0.entry
 92K -rw-r--r-- 1 root root  90K Aug 17 11:06 packages-stable/gruvbox-theme-1.28.0.tar
4.0K -rw-r--r-- 1 root root 1.2K Aug 17 11:06 packages-stable/gruvbox-theme-badge.svg
4.0K -rw-r--r-- 1 root root  600 Aug 17 11:06 packages-stable/gruvbox-theme-readme.txt
