Package: haskell-emacs
Fetcher: github
Source:  https://github.com/knupfer/haskell-emacs.git

Updating /mnt/store/melpa/working/haskell-emacs/
Checking out a2c6a079175904689eed7c6c200754bfa85d1ed9
Copying files (->) and directories (=>)
  from /mnt/store/melpa/working/haskell-emacs/
  to /tmp/haskell-emacszpJPOv/haskell-emacs-4.0.3
    haskell-emacs.el -> haskell-emacs.el
    HaskellEmacs.hs -> HaskellEmacs.hs
    README.org -> README.org
    Foreign => Foreign
Created haskell-emacs-4.0.3.tar containing:
  haskell-emacs-4.0.3/
  haskell-emacs-4.0.3/Foreign/
  haskell-emacs-4.0.3/Foreign/Emacs.hs
  haskell-emacs-4.0.3/Foreign/Emacs/
  haskell-emacs-4.0.3/Foreign/Emacs/Internal.hs
  haskell-emacs-4.0.3/HaskellEmacs.hs
  haskell-emacs-4.0.3/README.org
  haskell-emacs-4.0.3/haskell-emacs-pkg.el
  haskell-emacs-4.0.3/haskell-emacs.el
Built haskell-emacs in 3.800s, finished at 2021-08-17T11:06:43+0000
 ✓ Success:
4.0K -rw-r--r-- 1 root root  308 Aug 17 11:06 packages-stable/haskell-emacs-4.0.3.entry
 60K -rw-r--r-- 1 root root  60K Aug 17 11:06 packages-stable/haskell-emacs-4.0.3.tar
4.0K -rw-r--r-- 1 root root 1.2K Aug 17 11:06 packages-stable/haskell-emacs-badge.svg
4.0K -rw-r--r-- 1 root root  394 Aug 17 11:06 packages-stable/haskell-emacs-base-4.0.3.entry
 20K -rw-r--r-- 1 root root  20K Aug 17 11:06 packages-stable/haskell-emacs-base-4.0.3.tar
4.0K -rw-r--r-- 1 root root 1.2K Aug 17 11:06 packages-stable/haskell-emacs-base-badge.svg
4.0K -rw-r--r-- 1 root root  542 Aug 17 11:06 packages-stable/haskell-emacs-base-readme.txt
4.0K -rw-r--r-- 1 root root 1.2K Aug 17 11:06 packages-stable/haskell-emacs-base.log
4.0K -rw-r--r-- 1 root root  468 Aug 17 11:06 packages-stable/haskell-emacs-readme.txt
4.0K -rw-r--r-- 1 root root  396 Aug 17 11:06 packages-stable/haskell-emacs-text-4.0.3.entry
 12K -rw-r--r-- 1 root root  10K Aug 17 11:06 packages-stable/haskell-emacs-text-4.0.3.tar
4.0K -rw-r--r-- 1 root root 1.2K Aug 17 07:39 packages-stable/haskell-emacs-text-badge.svg
4.0K -rw-r--r-- 1 root root  574 Aug 17 11:06 packages-stable/haskell-emacs-text-readme.txt
4.0K -rw-r--r-- 1 root root  673 Aug 17 11:06 packages-stable/haskell-emacs-text.log
