Package: haskell-mode
Fetcher: github
Source:  https://github.com/haskell/haskell-mode.git

Updating /mnt/store/melpa/working/haskell-mode/
Checking out e72677668f5fc7cc148008e885a0f256e245dd43
Copying files (->) and directories (=>)
  from /mnt/store/melpa/working/haskell-mode/
  to /tmp/haskell-modewV8uHx/haskell-mode-17.2
    ghc-core.el -> ghc-core.el
    ghci-script-mode.el -> ghci-script-mode.el
    haskell-align-imports.el -> haskell-align-imports.el
    haskell-c2hs.el -> haskell-c2hs.el
    haskell-cabal.el -> haskell-cabal.el
    haskell-collapse.el -> haskell-collapse.el
    haskell-commands.el -> haskell-commands.el
    haskell-compile.el -> haskell-compile.el
    haskell-complete-module.el -> haskell-complete-module.el
    haskell-completions.el -> haskell-completions.el
    haskell-customize.el -> haskell-customize.el
    haskell-debug.el -> haskell-debug.el
    haskell-decl-scan.el -> haskell-decl-scan.el
    haskell-doc.el -> haskell-doc.el
    haskell-font-lock.el -> haskell-font-lock.el
    haskell-ghc-support.el -> haskell-ghc-support.el
    haskell-hoogle.el -> haskell-hoogle.el
    haskell-indent.el -> haskell-indent.el
    haskell-indentation.el -> haskell-indentation.el
    haskell-interactive-mode.el -> haskell-interactive-mode.el
    haskell-lexeme.el -> haskell-lexeme.el
    haskell-load.el -> haskell-load.el
    haskell-menu.el -> haskell-menu.el
    haskell-mode-pkg.el -> haskell-mode-pkg.el
    haskell-mode.el -> haskell-mode.el
    haskell-modules.el -> haskell-modules.el
    haskell-move-nested.el -> haskell-move-nested.el
    haskell-navigate-imports.el -> haskell-navigate-imports.el
    haskell-presentation-mode.el -> haskell-presentation-mode.el
    haskell-process.el -> haskell-process.el
    haskell-repl.el -> haskell-repl.el
    haskell-sandbox.el -> haskell-sandbox.el
    haskell-session.el -> haskell-session.el
    haskell-sort-imports.el -> haskell-sort-imports.el
    haskell-string.el -> haskell-string.el
    haskell-svg.el -> haskell-svg.el
    haskell-unicode-input-method.el -> haskell-unicode-input-method.el
    haskell-utils.el -> haskell-utils.el
    haskell.el -> haskell.el
    highlight-uses-mode.el -> highlight-uses-mode.el
    inf-haskell.el -> inf-haskell.el
    w3m-haddock.el -> w3m-haddock.el
  ! doc/haskell-mode.texi -> haskell-mode.texi
    NEWS -> NEWS
    logo.svg -> logo.svg
Created /tmp/haskell-modewV8uHx/haskell-mode-17.2/haskell-mode.info
Created haskell-mode-17.2.tar containing:
  haskell-mode-17.2/
  haskell-mode-17.2/NEWS
  haskell-mode-17.2/dir
  haskell-mode-17.2/ghc-core.el
  haskell-mode-17.2/ghci-script-mode.el
  haskell-mode-17.2/haskell-align-imports.el
  haskell-mode-17.2/haskell-c2hs.el
  haskell-mode-17.2/haskell-cabal.el
  haskell-mode-17.2/haskell-collapse.el
  haskell-mode-17.2/haskell-commands.el
  haskell-mode-17.2/haskell-compile.el
  haskell-mode-17.2/haskell-complete-module.el
  haskell-mode-17.2/haskell-completions.el
  haskell-mode-17.2/haskell-customize.el
  haskell-mode-17.2/haskell-debug.el
  haskell-mode-17.2/haskell-decl-scan.el
  haskell-mode-17.2/haskell-doc.el
  haskell-mode-17.2/haskell-font-lock.el
  haskell-mode-17.2/haskell-ghc-support.el
  haskell-mode-17.2/haskell-hoogle.el
  haskell-mode-17.2/haskell-indent.el
  haskell-mode-17.2/haskell-indentation.el
  haskell-mode-17.2/haskell-interactive-mode.el
  haskell-mode-17.2/haskell-lexeme.el
  haskell-mode-17.2/haskell-load.el
  haskell-mode-17.2/haskell-menu.el
  haskell-mode-17.2/haskell-mode-pkg.el
  haskell-mode-17.2/haskell-mode.el
  haskell-mode-17.2/haskell-mode.info
  haskell-mode-17.2/haskell-modules.el
  haskell-mode-17.2/haskell-move-nested.el
  haskell-mode-17.2/haskell-navigate-imports.el
  haskell-mode-17.2/haskell-presentation-mode.el
  haskell-mode-17.2/haskell-process.el
  haskell-mode-17.2/haskell-repl.el
  haskell-mode-17.2/haskell-sandbox.el
  haskell-mode-17.2/haskell-session.el
  haskell-mode-17.2/haskell-sort-imports.el
  haskell-mode-17.2/haskell-string.el
  haskell-mode-17.2/haskell-svg.el
  haskell-mode-17.2/haskell-unicode-input-method.el
  haskell-mode-17.2/haskell-utils.el
  haskell-mode-17.2/haskell.el
  haskell-mode-17.2/highlight-uses-mode.el
  haskell-mode-17.2/inf-haskell.el
  haskell-mode-17.2/logo.svg
  haskell-mode-17.2/w3m-haddock.el
Built haskell-mode in 13.081s, finished at 2021-08-17T11:06:53+0000
 ✓ Success:
4.0K -rw-r--r-- 1 root root  551 Aug 17 11:06 packages-stable/haskell-mode-17.2.entry
900K -rw-r--r-- 1 root root 900K Aug 17 11:06 packages-stable/haskell-mode-17.2.tar
4.0K -rw-r--r-- 1 root root 1.2K Aug 17 11:06 packages-stable/haskell-mode-badge.svg
4.0K -rw-r--r-- 1 root root  588 Aug 17 11:06 packages-stable/haskell-mode-readme.txt
