Package: helm-w32-launcher
Fetcher: github
Source:  https://github.com/Fanael/helm-w32-launcher.git

Updating /mnt/store/melpa/working/helm-w32-launcher/
Copying files (->) and directories (=>)
  from /mnt/store/melpa/working/helm-w32-launcher/
  to /tmp/helm-w32-launcherWns2Vs/helm-w32-launcher-0.1.6
    helm-w32-launcher.el -> helm-w32-launcher.el
    helper-src => helper-src
    license.txt -> license.txt
Created helm-w32-launcher-0.1.6.tar containing:
  helm-w32-launcher-0.1.6/
  helm-w32-launcher-0.1.6/helm-w32-launcher-pkg.el
  helm-w32-launcher-0.1.6/helm-w32-launcher.el
  helm-w32-launcher-0.1.6/helper-src/
  helm-w32-launcher-0.1.6/helper-src/ICommand.cs
  helm-w32-launcher-0.1.6/helper-src/ItemLister.cs
  helm-w32-launcher-0.1.6/helper-src/LispPrinter.cs
  helm-w32-launcher-0.1.6/helper-src/NativeMethods.cs
  helm-w32-launcher-0.1.6/helper-src/ProcessStarter.cs
  helm-w32-launcher-0.1.6/helper-src/Program.cs
  helm-w32-launcher-0.1.6/license.txt
Built helm-w32-launcher in 2.704s, finished at Wed May 19 04:41:23 2021
 ✓ Success:
4.0K -rw-r--r-- 1 root root  431 May 19 04:41 packages-stable/helm-w32-launcher-0.1.6.entry
 32K -rw-r--r-- 1 root root  30K May 19 04:41 packages-stable/helm-w32-launcher-0.1.6.tar
4.0K -rw-r--r-- 1 root root 1.2K May 19 04:41 packages-stable/helm-w32-launcher-badge.svg
4.0K -rw-r--r-- 1 root root  335 May 19 04:41 packages-stable/helm-w32-launcher-readme.txt
