Package: helm-perldoc
Fetcher: github
Source:  https://github.com/emacsorphanage/helm-perldoc.git

Updating /mnt/store/melpa/working/helm-perldoc/
Checking out 18645f2065a07acce2c6b50a2f9d7a2554e532a3
Copying files (->) and directories (=>)
  from /mnt/store/melpa/working/helm-perldoc/
  to /tmp/helm-perldoceG0xZd/helm-perldoc-0.7
    helm-perldoc.el -> helm-perldoc.el
    helm-perldoc-collect-modules.pl -> helm-perldoc-collect-modules.pl
Created helm-perldoc-0.7.tar containing:
  helm-perldoc-0.7/
  helm-perldoc-0.7/helm-perldoc-collect-modules.pl
  helm-perldoc-0.7/helm-perldoc-pkg.el
  helm-perldoc-0.7/helm-perldoc.el
Built helm-perldoc in 3.692s, finished at 2021-08-17T11:08:49+0000
 ✓ Success:
4.0K -rw-r--r-- 1 root root  378 Aug 17 11:08 packages-stable/helm-perldoc-0.7.entry
 20K -rw-r--r-- 1 root root  20K Aug 17 11:08 packages-stable/helm-perldoc-0.7.tar
4.0K -rw-r--r-- 1 root root 1.2K Aug 17 11:08 packages-stable/helm-perldoc-badge.svg
   0 -rw-r--r-- 1 root root    0 Aug 17 11:08 packages-stable/helm-perldoc-readme.txt
