Package: helm-ext
Fetcher: github
Source:  https://github.com/cute-jumper/helm-ext.git

Updating /mnt/store/melpa/working/helm-ext/
Copying files (->) and directories (=>)
  from /mnt/store/melpa/working/helm-ext/
  to /tmp/helm-extoCs5dN/helm-ext-0.1.2
    helm-ext-ff.el -> helm-ext-ff.el
    helm-ext-minibuffer.el -> helm-ext-minibuffer.el
    helm-ext.el -> helm-ext.el
Created helm-ext-0.1.2.tar containing:
  helm-ext-0.1.2/
  helm-ext-0.1.2/helm-ext-ff.el
  helm-ext-0.1.2/helm-ext-minibuffer.el
  helm-ext-0.1.2/helm-ext-pkg.el
  helm-ext-0.1.2/helm-ext.el
Built helm-ext in 3.119s, finished at Wed May 19 04:40:14 2021
 ✓ Success:
4.0K -rw-r--r-- 1 root root  324 May 19 04:40 packages-stable/helm-ext-0.1.2.entry
 40K -rw-r--r-- 1 root root  40K May 19 04:40 packages-stable/helm-ext-0.1.2.tar
4.0K -rw-r--r-- 1 root root 1.2K May 19 04:40 packages-stable/helm-ext-badge.svg
4.0K -rw-r--r-- 1 root root 3.9K May 19 04:40 packages-stable/helm-ext-readme.txt
