Package: hyde
Fetcher: github
Source:  https://github.com/nibrahim/Hyde.git

Updating /mnt/store/melpa/working/hyde/
Checking out d2145be76242538c2f8e4b8a061e7ef793895c4a
Copying files (->) and directories (=>)
  from /mnt/store/melpa/working/hyde/
  to /tmp/hydeGDxKWM/hyde-0.2
    hyde-git.el -> hyde-git.el
    hyde-md.el -> hyde-md.el
    hyde.el -> hyde.el
    sample-dot-hyde.el -> sample-dot-hyde.el
Created hyde-0.2.tar containing:
  hyde-0.2/
  hyde-0.2/hyde-git.el
  hyde-0.2/hyde-md.el
  hyde-0.2/hyde-pkg.el
  hyde-0.2/hyde.el
  hyde-0.2/sample-dot-hyde.el
Built hyde in 3.734s, finished at 2021-08-17T11:10:29+0000
 ✓ Success:
4.0K -rw-r--r-- 1 root root  130 Aug 17 11:10 packages-stable/hyde-0.2.entry
 32K -rw-r--r-- 1 root root  30K Aug 17 11:10 packages-stable/hyde-0.2.tar
4.0K -rw-r--r-- 1 root root 1.2K Aug 17 11:10 packages-stable/hyde-badge.svg
