Package: immaterial-theme
Fetcher: github
Source:  https://github.com/petergardfjall/emacs-immaterial-theme.git

Updating /mnt/store/melpa/working/immaterial-theme/
Checking out 288b367ea0efccd5e98efbdf925591ffc989a654
Copying files (->) and directories (=>)
  from /mnt/store/melpa/working/immaterial-theme/
  to /tmp/immaterial-themeQmDrtu/immaterial-theme-0.7.0
    immaterial-dark-theme.el -> immaterial-dark-theme.el
    immaterial-light-theme.el -> immaterial-light-theme.el
    immaterial-theme.el -> immaterial-theme.el
Created immaterial-theme-0.7.0.tar containing:
  immaterial-theme-0.7.0/
  immaterial-theme-0.7.0/immaterial-dark-theme.el
  immaterial-theme-0.7.0/immaterial-light-theme.el
  immaterial-theme-0.7.0/immaterial-theme-pkg.el
  immaterial-theme-0.7.0/immaterial-theme.el
Built immaterial-theme in 4.003s, finished at 2021-08-17T11:11:12+0000
 ✓ Success:
4.0K -rw-r--r-- 1 root root  373 Aug 17 11:11 packages-stable/immaterial-theme-0.7.0.entry
 40K -rw-r--r-- 1 root root  40K Aug 17 11:11 packages-stable/immaterial-theme-0.7.0.tar
4.0K -rw-r--r-- 1 root root 1.2K Aug 17 11:11 packages-stable/immaterial-theme-badge.svg
4.0K -rw-r--r-- 1 root root  220 Aug 17 11:11 packages-stable/immaterial-theme-readme.txt
