Package: impatient-showdown
Fetcher: github
Source:  https://github.com/jcs-elpa/impatient-showdown.git

Updating /mnt/store/melpa/working/impatient-showdown/
Copying files (->) and directories (=>)
  from /mnt/store/melpa/working/impatient-showdown/
  to /tmp/impatient-showdowncHOFrS/impatient-showdown-0.1.2
    impatient-showdown.el -> impatient-showdown.el
    preview.html -> preview.html
Created impatient-showdown-0.1.2.tar containing:
  impatient-showdown-0.1.2/
  impatient-showdown-0.1.2/impatient-showdown-pkg.el
  impatient-showdown-0.1.2/impatient-showdown.el
  impatient-showdown-0.1.2/preview.html
Built impatient-showdown in 3.346s, finished at Wed May 19 04:43:04 2021
 ✓ Success:
4.0K -rw-r--r-- 1 root root  445 May 19 04:43 packages-stable/impatient-showdown-0.1.2.entry
 20K -rw-r--r-- 1 root root  20K May 19 04:43 packages-stable/impatient-showdown-0.1.2.tar
4.0K -rw-r--r-- 1 root root 1.2K May 19 04:43 packages-stable/impatient-showdown-badge.svg
4.0K -rw-r--r-- 1 root root   56 May 19 04:43 packages-stable/impatient-showdown-readme.txt
