Package: inline-crypt
Fetcher: github
Source:  https://github.com/Sodel-the-Vociferous/inline-crypt-el.git

Updating /mnt/store/melpa/working/inline-crypt/
Checking out 497ce9dc29a8ccac0b6dd6854f5d120514350282
Copying files (->) and directories (=>)
  from /mnt/store/melpa/working/inline-crypt/
  to /tmp/inline-cryptJzdIie/inline-crypt-0.1.4
    inline-crypt-pkg.el -> inline-crypt-pkg.el
    inline-crypt.el -> inline-crypt.el
Created inline-crypt-0.1.4.tar containing:
  inline-crypt-0.1.4/
  inline-crypt-0.1.4/inline-crypt-pkg.el
  inline-crypt-0.1.4/inline-crypt.el
Built inline-crypt in 3.393s, finished at 2021-08-17T11:11:38+0000
 ✓ Success:
4.0K -rw-r--r-- 1 root root  361 Aug 17 11:11 packages-stable/inline-crypt-0.1.4.entry
 20K -rw-r--r-- 1 root root  20K Aug 17 11:11 packages-stable/inline-crypt-0.1.4.tar
4.0K -rw-r--r-- 1 root root 1.2K Aug 17 11:11 packages-stable/inline-crypt-badge.svg
4.0K -rw-r--r-- 1 root root  504 Aug 17 11:11 packages-stable/inline-crypt-readme.txt
