Package: irony
Fetcher: github
Source:  https://github.com/Sarcasm/irony-mode.git

Updating /mnt/store/melpa/working/irony/
Checking out cc8d89302edaa860ba918e97cdc4c0623ad51420
Copying files (->) and directories (=>)
  from /mnt/store/melpa/working/irony/
  to /tmp/irony9MVazS/irony-1.5.0
    .dir-locals.el -> .dir-locals.el
    irony-cdb-clang-complete.el -> irony-cdb-clang-complete.el
    irony-cdb-json.el -> irony-cdb-json.el
    irony-cdb-libclang.el -> irony-cdb-libclang.el
    irony-cdb.el -> irony-cdb.el
    irony-completion.el -> irony-completion.el
    irony-diagnostics.el -> irony-diagnostics.el
    irony-iotask.el -> irony-iotask.el
    irony-snippet.el -> irony-snippet.el
    irony.el -> irony.el
    server => server
Created irony-1.5.0.tar containing:
  irony-1.5.0/
  irony-1.5.0/.dir-locals.el
  irony-1.5.0/irony-cdb-clang-complete.el
  irony-1.5.0/irony-cdb-json.el
  irony-1.5.0/irony-cdb-libclang.el
  irony-1.5.0/irony-cdb.el
  irony-1.5.0/irony-completion.el
  irony-1.5.0/irony-diagnostics.el
  irony-1.5.0/irony-iotask.el
  irony-1.5.0/irony-pkg.el
  irony-1.5.0/irony-snippet.el
  irony-1.5.0/irony.el
  irony-1.5.0/server/
  irony-1.5.0/server/.clang-format
  irony-1.5.0/server/.clang-tidy
  irony-1.5.0/server/CMakeLists.txt
  irony-1.5.0/server/build-aux/
  irony-1.5.0/server/build-aux/run-clang-tidy/
  irony-1.5.0/server/build-aux/run-clang-tidy/LICENSE.TXT
  irony-1.5.0/server/build-aux/run-clang-tidy/README
  irony-1.5.0/server/build-aux/run-clang-tidy/run-clang-tidy.py
  irony-1.5.0/server/cmake/
  irony-1.5.0/server/cmake/CheckClangResourceDir.cmake
  irony-1.5.0/server/cmake/LibClangDiagnosticsChecker.cpp
  irony-1.5.0/server/cmake/modules/
  irony-1.5.0/server/cmake/modules/FindLibClang.cmake
  irony-1.5.0/server/src/
  irony-1.5.0/server/src/CMakeLists.txt
  irony-1.5.0/server/src/Command.cpp
  irony-1.5.0/server/src/Command.h
  irony-1.5.0/server/src/Commands.def
  irony-1.5.0/server/src/CompDBCache.cpp
  irony-1.5.0/server/src/CompDBCache.h
  irony-1.5.0/server/src/Irony.cpp
  irony-1.5.0/server/src/Irony.h
  irony-1.5.0/server/src/Style.h
  irony-1.5.0/server/src/TUManager.cpp
  irony-1.5.0/server/src/TUManager.h
  irony-1.5.0/server/src/main.cpp
  irony-1.5.0/server/src/support/
  irony-1.5.0/server/src/support/CIndex.h
  irony-1.5.0/server/src/support/CommandLineParser.cpp
  irony-1.5.0/server/src/support/CommandLineParser.h
  irony-1.5.0/server/src/support/NonCopyable.h
  irony-1.5.0/server/src/support/TemporaryFile.cpp
  irony-1.5.0/server/src/support/TemporaryFile.h
  irony-1.5.0/server/src/support/iomanip_quoted.h
  irony-1.5.0/server/test/
  irony-1.5.0/server/test/CMakeLists.txt
  irony-1.5.0/server/test/elisp/
  irony-1.5.0/server/test/elisp/CMakeLists.txt
  irony-1.5.0/server/test/elisp/irony-cdb-json.el
  irony-1.5.0/server/test/elisp/irony-iotask.el
  irony-1.5.0/server/test/elisp/irony.el
  irony-1.5.0/server/test/elisp/test-config.el
Built irony in 3.746s, finished at 2021-08-17T11:11:54+0000
 ✓ Success:
4.0K -rw-r--r-- 1 root root  391 Aug 17 11:11 packages-stable/irony-1.5.0.entry
252K -rw-r--r-- 1 root root 250K Aug 17 11:11 packages-stable/irony-1.5.0.tar
4.0K -rw-r--r-- 1 root root 1.2K Aug 17 11:11 packages-stable/irony-badge.svg
4.0K -rw-r--r-- 1 root root  184 Aug 17 11:11 packages-stable/irony-eldoc.log
4.0K -rw-r--r-- 1 root root  631 Aug 17 11:11 packages-stable/irony-readme.txt
