Package: j-mode
Fetcher: github
Source:  https://github.com/zellio/j-mode.git

Updating /mnt/store/melpa/working/j-mode/
Checking out 67d982d69771f72e88bf1b7315d122311e7396b7
Copying files (->) and directories (=>)
  from /mnt/store/melpa/working/j-mode/
  to /tmp/j-modeimuA7f/j-mode-1.1.1
    j-console.el -> j-console.el
    j-font-lock.el -> j-font-lock.el
    j-help.el -> j-help.el
    j-mode.el -> j-mode.el
Created j-mode-1.1.1.tar containing:
  j-mode-1.1.1/
  j-mode-1.1.1/j-console.el
  j-mode-1.1.1/j-font-lock.el
  j-mode-1.1.1/j-help.el
  j-mode-1.1.1/j-mode-pkg.el
  j-mode-1.1.1/j-mode.el
Built j-mode in 3.466s, finished at 2021-08-17T11:12:28+0000
 ✓ Success:
4.0K -rw-r--r-- 1 root root  204 Aug 17 11:12 packages-stable/j-mode-1.1.1.entry
 32K -rw-r--r-- 1 root root  30K Aug 17 11:12 packages-stable/j-mode-1.1.1.tar
4.0K -rw-r--r-- 1 root root 1.2K Aug 17 11:12 packages-stable/j-mode-badge.svg
4.0K -rw-r--r-- 1 root root  468 Aug 17 11:12 packages-stable/j-mode-readme.txt
