Package: js2-refactor
Fetcher: github
Source:  https://github.com/js-emacs/js2-refactor.el.git

Updating /mnt/store/melpa/working/js2-refactor/
Checking out f65c7684c5129e3571c970ac650df83847e5e32a
Copying files (->) and directories (=>)
  from /mnt/store/melpa/working/js2-refactor/
  to /tmp/js2-refactoruhM7C8/js2-refactor-0.9.0
    js2-refactor-pkg.el -> js2-refactor-pkg.el
    js2-refactor.el -> js2-refactor.el
    js2r-conditionals.el -> js2r-conditionals.el
    js2r-conveniences.el -> js2r-conveniences.el
    js2r-formatting.el -> js2r-formatting.el
    js2r-functions.el -> js2r-functions.el
    js2r-helpers.el -> js2r-helpers.el
    js2r-iife.el -> js2r-iife.el
    js2r-paredit.el -> js2r-paredit.el
    js2r-vars.el -> js2r-vars.el
    js2r-wrapping.el -> js2r-wrapping.el
Created js2-refactor-0.9.0.tar containing:
  js2-refactor-0.9.0/
  js2-refactor-0.9.0/js2-refactor-pkg.el
  js2-refactor-0.9.0/js2-refactor.el
  js2-refactor-0.9.0/js2r-conditionals.el
  js2-refactor-0.9.0/js2r-conveniences.el
  js2-refactor-0.9.0/js2r-formatting.el
  js2-refactor-0.9.0/js2r-functions.el
  js2-refactor-0.9.0/js2r-helpers.el
  js2-refactor-0.9.0/js2r-iife.el
  js2-refactor-0.9.0/js2r-paredit.el
  js2-refactor-0.9.0/js2r-vars.el
  js2-refactor-0.9.0/js2r-wrapping.el
Built js2-refactor in 8.082s, finished at 2021-08-17T11:13:23+0000
 ✓ Success:
4.0K -rw-r--r-- 1 root root  486 Aug 17 11:13 packages-stable/js2-refactor-0.9.0.entry
 92K -rw-r--r-- 1 root root  90K Aug 17 11:13 packages-stable/js2-refactor-0.9.0.tar
4.0K -rw-r--r-- 1 root root 1.2K Aug 17 11:13 packages-stable/js2-refactor-badge.svg
8.0K -rw-r--r-- 1 root root 4.9K Aug 17 11:13 packages-stable/js2-refactor-readme.txt
