Package: js3-mode
Fetcher: github
Source:  https://github.com/tamzinblake/js3-mode.git

Updating /mnt/store/melpa/working/js3-mode/
Checking out f54c0a7eb45070ff423a32c69c68bc0cd5894692
Copying files (->) and directories (=>)
  from /mnt/store/melpa/working/js3-mode/
  to /tmp/js3-modecMfhvM/js3-mode-1.1.0
    js3-mode.el -> js3-mode.el
    js3.el -> js3.el
Created js3-mode-1.1.0.tar containing:
  js3-mode-1.1.0/
  js3-mode-1.1.0/js3-mode-pkg.el
  js3-mode-1.1.0/js3-mode.el
  js3-mode-1.1.0/js3.el
Built js3-mode in 8.211s, finished at 2021-08-17T11:13:25+0000
 ✓ Success:
4.0K -rw-r--r-- 1 root root  304 Aug 17 11:13 packages-stable/js3-mode-1.1.0.entry
872K -rw-r--r-- 1 root root 870K Aug 17 11:13 packages-stable/js3-mode-1.1.0.tar
4.0K -rw-r--r-- 1 root root 1.2K Aug 17 11:13 packages-stable/js3-mode-badge.svg
4.0K -rw-r--r-- 1 root root 2.1K Aug 17 11:13 packages-stable/js3-mode-readme.txt
