Package: jupyter
Fetcher: github
Source:  https://github.com/nnicandro/emacs-jupyter.git

Updating /mnt/store/melpa/working/jupyter/
Copying files (->) and directories (=>)
  from /mnt/store/melpa/working/jupyter/
  to /tmp/jupyteruoPQLc/jupyter-0.8.2
    jupyter-R.el -> jupyter-R.el
    jupyter-base.el -> jupyter-base.el
    jupyter-c++.el -> jupyter-c++.el
    jupyter-channel-ioloop-comm.el -> jupyter-channel-ioloop-comm.el
    jupyter-channel-ioloop.el -> jupyter-channel-ioloop.el
    jupyter-channel.el -> jupyter-channel.el
    jupyter-client.el -> jupyter-client.el
    jupyter-comm-layer.el -> jupyter-comm-layer.el
    jupyter-env.el -> jupyter-env.el
    jupyter-ioloop-comm.el -> jupyter-ioloop-comm.el
    jupyter-ioloop.el -> jupyter-ioloop.el
    jupyter-javascript.el -> jupyter-javascript.el
    jupyter-julia.el -> jupyter-julia.el
    jupyter-kernel-manager.el -> jupyter-kernel-manager.el
    jupyter-kernel-process-manager.el -> jupyter-kernel-process-manager.el
    jupyter-kernelspec.el -> jupyter-kernelspec.el
    jupyter-messages.el -> jupyter-messages.el
    jupyter-mime.el -> jupyter-mime.el
    jupyter-org-client.el -> jupyter-org-client.el
    jupyter-org-extensions.el -> jupyter-org-extensions.el
    jupyter-python.el -> jupyter-python.el
    jupyter-repl.el -> jupyter-repl.el
    jupyter-rest-api.el -> jupyter-rest-api.el
    jupyter-server-ioloop.el -> jupyter-server-ioloop.el
    jupyter-server.el -> jupyter-server.el
    jupyter-tramp.el -> jupyter-tramp.el
    jupyter-widget-client.el -> jupyter-widget-client.el
    jupyter-zmq-channel-comm.el -> jupyter-zmq-channel-comm.el
    jupyter-zmq-channel-ioloop.el -> jupyter-zmq-channel-ioloop.el
    jupyter-zmq-channel.el -> jupyter-zmq-channel.el
    jupyter.el -> jupyter.el
    ob-jupyter.el -> ob-jupyter.el
    Makefile -> Makefile
    widget.html -> widget.html
    js => js
Created jupyter-0.8.2.tar containing:
  jupyter-0.8.2/
  jupyter-0.8.2/Makefile
  jupyter-0.8.2/js/
  jupyter-0.8.2/js/Makefile
  jupyter-0.8.2/js/emacs-jupyter.js
  jupyter-0.8.2/js/index.js
  jupyter-0.8.2/js/manager.js
  jupyter-0.8.2/js/package.json
  jupyter-0.8.2/js/webpack.config.js
  jupyter-0.8.2/jupyter-R.el
  jupyter-0.8.2/jupyter-base.el
  jupyter-0.8.2/jupyter-c++.el
  jupyter-0.8.2/jupyter-channel-ioloop-comm.el
  jupyter-0.8.2/jupyter-channel-ioloop.el
  jupyter-0.8.2/jupyter-channel.el
  jupyter-0.8.2/jupyter-client.el
  jupyter-0.8.2/jupyter-comm-layer.el
  jupyter-0.8.2/jupyter-env.el
  jupyter-0.8.2/jupyter-ioloop-comm.el
  jupyter-0.8.2/jupyter-ioloop.el
  jupyter-0.8.2/jupyter-javascript.el
  jupyter-0.8.2/jupyter-julia.el
  jupyter-0.8.2/jupyter-kernel-manager.el
  jupyter-0.8.2/jupyter-kernel-process-manager.el
  jupyter-0.8.2/jupyter-kernelspec.el
  jupyter-0.8.2/jupyter-messages.el
  jupyter-0.8.2/jupyter-mime.el
  jupyter-0.8.2/jupyter-org-client.el
  jupyter-0.8.2/jupyter-org-extensions.el
  jupyter-0.8.2/jupyter-pkg.el
  jupyter-0.8.2/jupyter-python.el
  jupyter-0.8.2/jupyter-repl.el
  jupyter-0.8.2/jupyter-rest-api.el
  jupyter-0.8.2/jupyter-server-ioloop.el
  jupyter-0.8.2/jupyter-server.el
  jupyter-0.8.2/jupyter-tramp.el
  jupyter-0.8.2/jupyter-widget-client.el
  jupyter-0.8.2/jupyter-zmq-channel-comm.el
  jupyter-0.8.2/jupyter-zmq-channel-ioloop.el
  jupyter-0.8.2/jupyter-zmq-channel.el
  jupyter-0.8.2/jupyter.el
  jupyter-0.8.2/ob-jupyter.el
  jupyter-0.8.2/widget.html
Built jupyter in 3.559s, finished at Wed May 19 04:45:20 2021
 ✓ Success:
4.0K -rw-r--r-- 1 root root  430 May 19 04:45 packages-stable/jupyter-0.8.2.entry
720K -rw-r--r-- 1 root root 720K May 19 04:45 packages-stable/jupyter-0.8.2.tar
4.0K -rw-r--r-- 1 root root 1.2K May 19 04:45 packages-stable/jupyter-badge.svg
4.0K -rw-r--r-- 1 root root   53 May 19 04:45 packages-stable/jupyter-readme.txt
