Package: kaesar
Fetcher: github
Source:  https://github.com/mhayashi1120/Emacs-kaesar.git

Updating /mnt/store/melpa/working/kaesar/
Checking out 4fa74851cd928f30e9f2ee1aa27ee6074ad253ea
Built kaesar in 4.077s, finished at 2021-08-17T11:13:46+0000
 ✓ Success:
 48K -rw-r--r-- 1 root root  46K Aug 17 11:13 packages-stable/kaesar-0.9.0.el
4.0K -rw-r--r-- 1 root root  406 Aug 17 11:13 packages-stable/kaesar-0.9.0.entry
4.0K -rw-r--r-- 1 root root 1.2K Aug 17 11:13 packages-stable/kaesar-badge.svg
8.0K -rw-r--r-- 1 root root 6.3K Aug 17 11:13 packages-stable/kaesar-file-0.9.0.el
4.0K -rw-r--r-- 1 root root  452 Aug 17 07:47 packages-stable/kaesar-file-0.9.0.entry
4.0K -rw-r--r-- 1 root root 1.2K Aug 17 07:47 packages-stable/kaesar-file-badge.svg
4.0K -rw-r--r-- 1 root root  260 Aug 17 07:47 packages-stable/kaesar-file-readme.txt
4.0K -rw-r--r-- 1 root root  197 Aug 17 11:13 packages-stable/kaesar-file.log
 16K -rw-r--r-- 1 root root  14K Aug 17 07:47 packages-stable/kaesar-mode-0.9.0.el
4.0K -rw-r--r-- 1 root root  485 Aug 17 07:47 packages-stable/kaesar-mode-0.9.0.entry
4.0K -rw-r--r-- 1 root root 1.2K Aug 17 07:47 packages-stable/kaesar-mode-badge.svg
4.0K -rw-r--r-- 1 root root  340 Aug 17 07:47 packages-stable/kaesar-mode-readme.txt
4.0K -rw-r--r-- 1 root root  197 Aug 17 11:13 packages-stable/kaesar-mode.log
4.0K -rw-r--r-- 1 root root 1.7K Aug 17 11:13 packages-stable/kaesar-readme.txt
