Package: keepass-mode
Fetcher: github
Source:  https://github.com/ifosch/keepass-mode.git

Updating /mnt/store/melpa/working/keepass-mode/
Checking out e505cb1b4c3f659fe4e3ecf7c6bfc47fe4f6a05a
Copying files (->) and directories (=>)
  from /mnt/store/melpa/working/keepass-mode/
  to /tmp/keepass-modegiY5nP/keepass-mode-0.0.4
    keepass-mode-pkg.el -> keepass-mode-pkg.el
    keepass-mode.el -> keepass-mode.el
Created keepass-mode-0.0.4.tar containing:
  keepass-mode-0.0.4/
  keepass-mode-0.0.4/keepass-mode-pkg.el
  keepass-mode-0.0.4/keepass-mode.el
Built keepass-mode in 3.854s, finished at 2021-08-17T11:13:59+0000
 ✓ Success:
4.0K -rw-r--r-- 1 root root  347 Aug 17 11:13 packages-stable/keepass-mode-0.0.4.entry
 12K -rw-r--r-- 1 root root  10K Aug 17 11:13 packages-stable/keepass-mode-0.0.4.tar
4.0K -rw-r--r-- 1 root root 1.2K Aug 17 11:13 packages-stable/keepass-mode-badge.svg
4.0K -rw-r--r-- 1 root root  179 Aug 17 11:13 packages-stable/keepass-mode-readme.txt
