Package: khardel
Fetcher: github
Source:  https://github.com/DamienCassou/khardel.git

Updating /mnt/store/melpa/working/khardel/
Copying files (->) and directories (=>)
  from /mnt/store/melpa/working/khardel/
  to /tmp/khardelMTG2u6/khardel-0.2.0
    khardel-org.el -> khardel-org.el
    khardel.el -> khardel.el
Created khardel-0.2.0.tar containing:
  khardel-0.2.0/
  khardel-0.2.0/khardel-org.el
  khardel-0.2.0/khardel-pkg.el
  khardel-0.2.0/khardel.el
Built khardel in 2.643s, finished at Wed May 19 01:31:18 2021
 ✓ Success:
4.0K -rw-r--r-- 1 root root  344 May 19 01:31 packages-stable/khardel-0.2.0.entry
 20K -rw-r--r-- 1 root root  20K May 19 01:31 packages-stable/khardel-0.2.0.tar
4.0K -rw-r--r-- 1 root root 1.2K May 19 01:31 packages-stable/khardel-badge.svg
4.0K -rw-r--r-- 1 root root  105 May 19 01:31 packages-stable/khardel-readme.txt
