Package: know-your-http-well
Fetcher: github
Source:  https://github.com/for-GET/know-your-http-well.git

Updating /mnt/store/melpa/working/know-your-http-well/
Checking out 1f7ad95f79fb277503b35af3a87faaf583138fc8
Copying files (->) and directories (=>)
  from /mnt/store/melpa/working/know-your-http-well/
  to /tmp/know-your-http-wellxnyXJj/know-your-http-well-0.5.0
  ! emacs/http-headers.el -> http-headers.el
  ! emacs/http-methods.el -> http-methods.el
  ! emacs/http-relations.el -> http-relations.el
  ! emacs/http-status-codes.el -> http-status-codes.el
  ! emacs/know-your-http-well.el -> know-your-http-well.el
  ! emacs/media-types.el -> media-types.el
Created know-your-http-well-0.5.0.tar containing:
  know-your-http-well-0.5.0/
  know-your-http-well-0.5.0/http-headers.el
  know-your-http-well-0.5.0/http-methods.el
  know-your-http-well-0.5.0/http-relations.el
  know-your-http-well-0.5.0/http-status-codes.el
  know-your-http-well-0.5.0/know-your-http-well-pkg.el
  know-your-http-well-0.5.0/know-your-http-well.el
  know-your-http-well-0.5.0/media-types.el
Built know-your-http-well in 3.789s, finished at 2021-08-17T11:14:22+0000
 ✓ Success:
4.0K -rw-r--r-- 1 root root  194 Aug 17 11:14 packages-stable/know-your-http-well-0.5.0.entry
 92K -rw-r--r-- 1 root root  90K Aug 17 11:14 packages-stable/know-your-http-well-0.5.0.tar
4.0K -rw-r--r-- 1 root root 1.2K Aug 17 11:14 packages-stable/know-your-http-well-badge.svg
   0 -rw-r--r-- 1 root root    0 Aug 17 11:14 packages-stable/know-your-http-well-readme.txt
