Package: lfe-mode
Fetcher: github
Source:  https://github.com/rvirding/lfe.git

Updating /mnt/store/melpa/working/lfe-mode/
Copying files (->) and directories (=>)
  from /mnt/store/melpa/working/lfe-mode/
  to /tmp/lfe-modepmNAaf/lfe-mode-1.3
  ! emacs/inferior-lfe.el -> inferior-lfe.el
  ! emacs/lfe-mode.el -> lfe-mode.el
  ! emacs/lfe-indent.el -> lfe-indent.el
Created lfe-mode-1.3.tar containing:
  lfe-mode-1.3/
  lfe-mode-1.3/inferior-lfe.el
  lfe-mode-1.3/lfe-indent.el
  lfe-mode-1.3/lfe-mode-pkg.el
  lfe-mode-1.3/lfe-mode.el
Built lfe-mode in 3.742s, finished at Wed May 19 01:32:11 2021
 ✓ Success:
4.0K -rw-r--r-- 1 root root  126 May 19 01:32 packages-stable/lfe-mode-1.3.entry
 32K -rw-r--r-- 1 root root  30K May 19 01:32 packages-stable/lfe-mode-1.3.tar
4.0K -rw-r--r-- 1 root root 1.2K May 19 01:32 packages-stable/lfe-mode-badge.svg
4.0K -rw-r--r-- 1 root root   46 May 19 01:32 packages-stable/lfe-mode-readme.txt
