Package: libbcel
Fetcher: github
Source:  https://github.com/DamienCassou/libbcel.git

Updating /mnt/store/melpa/working/libbcel/
Checking out cea7275349952d2884153e38296d27aa7c3d648f
Copying files (->) and directories (=>)
  from /mnt/store/melpa/working/libbcel/
  to /tmp/libbcelI1oSLt/libbcel-0.4.0
    libbcel-client.el -> libbcel-client.el
    libbcel-nav.el -> libbcel-nav.el
    libbcel-oauth.el -> libbcel-oauth.el
    libbcel-structs.el -> libbcel-structs.el
    libbcel.el -> libbcel.el
Created libbcel-0.4.0.tar containing:
  libbcel-0.4.0/
  libbcel-0.4.0/libbcel-client.el
  libbcel-0.4.0/libbcel-nav.el
  libbcel-0.4.0/libbcel-oauth.el
  libbcel-0.4.0/libbcel-pkg.el
  libbcel-0.4.0/libbcel-structs.el
  libbcel-0.4.0/libbcel.el
Built libbcel in 4.864s, finished at 2021-08-17T11:15:17+0000
 ✓ Success:
4.0K -rw-r--r-- 1 root root  349 Aug 17 11:15 packages-stable/libbcel-0.4.0.entry
 40K -rw-r--r-- 1 root root  40K Aug 17 11:15 packages-stable/libbcel-0.4.0.tar
4.0K -rw-r--r-- 1 root root 1.2K Aug 17 11:15 packages-stable/libbcel-badge.svg
4.0K -rw-r--r-- 1 root root  177 Aug 17 11:15 packages-stable/libbcel-readme.txt
