Package: liberime
Fetcher: github
Source:  https://github.com/merrickluo/liberime.git

Updating /mnt/store/melpa/working/liberime/
Checking out f13a98ddd7be658e742b0f42988b02db9d779e85
Copying files (->) and directories (=>)
  from /mnt/store/melpa/working/liberime/
  to /tmp/liberimeES0VvX/liberime-0.0.6
    liberime.el -> liberime.el
    src => src
    LICENSE -> LICENSE
    Makefile -> Makefile
    README.org -> README.org
Created liberime-0.0.6.tar containing:
  liberime-0.0.6/
  liberime-0.0.6/LICENSE
  liberime-0.0.6/Makefile
  liberime-0.0.6/README.org
  liberime-0.0.6/liberime-pkg.el
  liberime-0.0.6/liberime.el
  liberime-0.0.6/src/
  liberime-0.0.6/src/emacs-module.h
  liberime-0.0.6/src/init.c
  liberime-0.0.6/src/interface.c
  liberime-0.0.6/src/interface.h
  liberime-0.0.6/src/liberime-core.c
  liberime-0.0.6/src/liberime-core.h
Built liberime in 5.007s, finished at 2021-08-17T11:15:19+0000
 ✓ Success:
4.0K -rw-r--r-- 1 root root  239 Aug 17 11:15 packages-stable/liberime-0.0.6.entry
112K -rw-r--r-- 1 root root 110K Aug 17 11:15 packages-stable/liberime-0.0.6.tar
4.0K -rw-r--r-- 1 root root 1.2K Aug 17 11:15 packages-stable/liberime-badge.svg
4.0K -rw-r--r-- 1 root root   25 Aug 17 11:15 packages-stable/liberime-readme.txt
