Package: lispy
Fetcher: github
Source:  https://github.com/abo-abo/lispy.git

Updating /mnt/store/melpa/working/lispy/
Checking out 9c41bc011ae570283cb286659f75d12d38d437ea
Copying files (->) and directories (=>)
  from /mnt/store/melpa/working/lispy/
  to /tmp/lispyPpD6Ut/lispy-0.27.0
    elpa.el -> elpa.el
    le-clojure.el -> le-clojure.el
    le-hy.el -> le-hy.el
    le-julia.el -> le-julia.el
    le-lisp.el -> le-lisp.el
    le-python.el -> le-python.el
    le-scheme.el -> le-scheme.el
    lispy-inline.el -> lispy-inline.el
    lispy-pkg.el -> lispy-pkg.el
    lispy-tags.el -> lispy-tags.el
    lispy.el -> lispy.el
    lispy-clojure.clj -> lispy-clojure.clj
    lispy-python.py -> lispy-python.py
Created lispy-0.27.0.tar containing:
  lispy-0.27.0/
  lispy-0.27.0/elpa.el
  lispy-0.27.0/le-clojure.el
  lispy-0.27.0/le-hy.el
  lispy-0.27.0/le-julia.el
  lispy-0.27.0/le-lisp.el
  lispy-0.27.0/le-python.el
  lispy-0.27.0/le-scheme.el
  lispy-0.27.0/lispy-clojure.clj
  lispy-0.27.0/lispy-inline.el
  lispy-0.27.0/lispy-pkg.el
  lispy-0.27.0/lispy-python.py
  lispy-0.27.0/lispy-tags.el
  lispy-0.27.0/lispy.el
Built lispy in 4.132s, finished at 2021-08-17T11:15:37+0000
 ✓ Success:
4.0K -rw-r--r-- 1 root root  423 Aug 17 11:15 packages-stable/lispy-0.27.0.entry
452K -rw-r--r-- 1 root root 450K Aug 17 11:15 packages-stable/lispy-0.27.0.tar
4.0K -rw-r--r-- 1 root root 1.2K Aug 17 11:15 packages-stable/lispy-badge.svg
8.0K -rw-r--r-- 1 root root 4.9K Aug 17 11:15 packages-stable/lispy-readme.txt
