Package: live-py-mode
Fetcher: github
Source:  https://github.com/donkirkby/live-py-plugin.git

Updating /mnt/store/melpa/working/live-py-mode/
Checking out 26d51013e75ddedd5eb8600a0a3dd035319f9d3f
Copying files (->) and directories (=>)
  from /mnt/store/melpa/working/live-py-mode/
  to /tmp/live-py-mode1A62hu/live-py-mode-4.4.0
  ! emacs-live-py-mode/live-py-mode.el -> live-py-mode.el
  ! plugin/PySrc/space_tracer => space_tracer
Created live-py-mode-4.4.0.tar containing:
  live-py-mode-4.4.0/
  live-py-mode-4.4.0/live-py-mode-pkg.el
  live-py-mode-4.4.0/live-py-mode.el
  live-py-mode-4.4.0/space_tracer/
  live-py-mode-4.4.0/space_tracer/__init__.py
  live-py-mode-4.4.0/space_tracer/__main__.py
  live-py-mode-4.4.0/space_tracer/about.py
  live-py-mode-4.4.0/space_tracer/canvas.py
  live-py-mode-4.4.0/space_tracer/code_tracer.py
  live-py-mode-4.4.0/space_tracer/main.py
  live-py-mode-4.4.0/space_tracer/mock_turtle.py
  live-py-mode-4.4.0/space_tracer/module_importers.py
  live-py-mode-4.4.0/space_tracer/report_builder.py
  live-py-mode-4.4.0/space_tracer/traced_finder.py
Built live-py-mode in 3.797s, finished at 2021-08-17T11:15:48+0000
 ✓ Success:
4.0K -rw-r--r-- 1 root root  363 Aug 17 11:15 packages-stable/live-py-mode-4.4.0.entry
160K -rw-r--r-- 1 root root 160K Aug 17 11:15 packages-stable/live-py-mode-4.4.0.tar
4.0K -rw-r--r-- 1 root root 1.2K Aug 17 11:15 packages-stable/live-py-mode-badge.svg
4.0K -rw-r--r-- 1 root root  156 Aug 17 11:15 packages-stable/live-py-mode-readme.txt
