Package: lsp-sonarlint
Fetcher: github
Source:  https://github.com/emacs-lsp/lsp-sonarlint.git

Updating /mnt/store/melpa/working/lsp-sonarlint/
Copying files (->) and directories (=>)
  from /mnt/store/melpa/working/lsp-sonarlint/
  to /tmp/lsp-sonarlintf11cxx/lsp-sonarlint-0.0.2
    lsp-sonarlint.el -> lsp-sonarlint.el
  ! languages/xml/lsp-sonarlint-xml.el -> languages/lsp-sonarlint-xml.el
  ! languages/scala/lsp-sonarlint-scala.el -> languages/lsp-sonarlint-scala.el
  ! languages/ruby/lsp-sonarlint-ruby.el -> languages/lsp-sonarlint-ruby.el
  ! languages/python/lsp-sonarlint-python.el -> languages/lsp-sonarlint-python.el
  ! languages/php/lsp-sonarlint-php.el -> languages/lsp-sonarlint-php.el
  ! languages/javascript/lsp-sonarlint-javascript.el -> languages/lsp-sonarlint-javascript.el
  ! languages/java/lsp-sonarlint-java.el -> languages/lsp-sonarlint-java.el
  ! languages/html/lsp-sonarlint-html.el -> languages/lsp-sonarlint-html.el
    server/LICENSE -> server/LICENSE
    server/sonarlint-language-server.jar -> server/sonarlint-language-server.jar
Created lsp-sonarlint-0.0.2.tar containing:
  lsp-sonarlint-0.0.2/
  lsp-sonarlint-0.0.2/languages/
  lsp-sonarlint-0.0.2/languages/lsp-sonarlint-html.el
  lsp-sonarlint-0.0.2/languages/lsp-sonarlint-java.el
  lsp-sonarlint-0.0.2/languages/lsp-sonarlint-javascript.el
  lsp-sonarlint-0.0.2/languages/lsp-sonarlint-php.el
  lsp-sonarlint-0.0.2/languages/lsp-sonarlint-python.el
  lsp-sonarlint-0.0.2/languages/lsp-sonarlint-ruby.el
  lsp-sonarlint-0.0.2/languages/lsp-sonarlint-scala.el
  lsp-sonarlint-0.0.2/languages/lsp-sonarlint-xml.el
  lsp-sonarlint-0.0.2/lsp-sonarlint-pkg.el
  lsp-sonarlint-0.0.2/lsp-sonarlint.el
  lsp-sonarlint-0.0.2/server/
  lsp-sonarlint-0.0.2/server/LICENSE
  lsp-sonarlint-0.0.2/server/sonarlint-language-server.jar
Built lsp-sonarlint in 3.751s, finished at Wed May 19 01:33:14 2021
 ✓ Success:
4.0K -rw-r--r-- 1 root root  472 May 19 01:33 packages-stable/lsp-sonarlint-0.0.2.entry
 14M -rw-r--r-- 1 root root  14M May 19 01:33 packages-stable/lsp-sonarlint-0.0.2.tar
4.0K -rw-r--r-- 1 root root 1.2K May 19 01:33 packages-stable/lsp-sonarlint-badge.svg
4.0K -rw-r--r-- 1 root root  201 May 19 01:33 packages-stable/lsp-sonarlint-readme.txt
