Package: lua-mode
Fetcher: github
Source:  https://github.com/immerrr/lua-mode.git

Updating /mnt/store/melpa/working/lua-mode/
Note: lua-mode :files spec is equivalent to the default.
Copying files (->) and directories (=>)
  from /mnt/store/melpa/working/lua-mode/
  to /tmp/lua-modeDJrGEu/lua-mode-20201010
    init-tryout.el -> init-tryout.el
    lua-mode.el -> lua-mode.el
Created lua-mode-20201010.tar containing:
  lua-mode-20201010/
  lua-mode-20201010/init-tryout.el
  lua-mode-20201010/lua-mode-pkg.el
  lua-mode-20201010/lua-mode.el
Built lua-mode in 3.395s, finished at Wed May 19 01:33:17 2021
 ✓ Success:
4.0K -rw-r--r-- 1 root root  909 May 19 01:33 packages-stable/lua-mode-20201010.entry
 92K -rw-r--r-- 1 root root  90K May 19 01:33 packages-stable/lua-mode-20201010.tar
4.0K -rw-r--r-- 1 root root 1.2K May 19 01:33 packages-stable/lua-mode-badge.svg
4.0K -rw-r--r-- 1 root root 2.1K May 19 01:33 packages-stable/lua-mode-readme.txt
