Package: magit
Fetcher: github
Source:  https://github.com/magit/magit.git

Updating /mnt/store/melpa/working/magit/
Checking out 38ac3fe82352dd6007c5103897abd2ef456b7158
Copying files (->) and directories (=>)
  from /mnt/store/melpa/working/magit/
  to /tmp/magitCDvJwZ/magit-3.2.1
  ! lisp/magit-apply.el -> magit-apply.el
  ! lisp/magit-autorevert.el -> magit-autorevert.el
  ! lisp/magit-bisect.el -> magit-bisect.el
  ! lisp/magit-blame.el -> magit-blame.el
  ! lisp/magit-bookmark.el -> magit-bookmark.el
  ! lisp/magit-branch.el -> magit-branch.el
  ! lisp/magit-clone.el -> magit-clone.el
  ! lisp/magit-commit.el -> magit-commit.el
  ! lisp/magit-core.el -> magit-core.el
  ! lisp/magit-diff.el -> magit-diff.el
  ! lisp/magit-ediff.el -> magit-ediff.el
  ! lisp/magit-extras.el -> magit-extras.el
  ! lisp/magit-fetch.el -> magit-fetch.el
  ! lisp/magit-files.el -> magit-files.el
  ! lisp/magit-git.el -> magit-git.el
  ! lisp/magit-gitignore.el -> magit-gitignore.el
  ! lisp/magit-imenu.el -> magit-imenu.el
  ! lisp/magit-libgit-pkg.el -> magit-libgit-pkg.el
  ! lisp/magit-log.el -> magit-log.el
  ! lisp/magit-margin.el -> magit-margin.el
  ! lisp/magit-merge.el -> magit-merge.el
  ! lisp/magit-mode.el -> magit-mode.el
  ! lisp/magit-notes.el -> magit-notes.el
  ! lisp/magit-obsolete.el -> magit-obsolete.el
  ! lisp/magit-patch.el -> magit-patch.el
  ! lisp/magit-pkg.el -> magit-pkg.el
  ! lisp/magit-process.el -> magit-process.el
  ! lisp/magit-pull.el -> magit-pull.el
  ! lisp/magit-push.el -> magit-push.el
  ! lisp/magit-reflog.el -> magit-reflog.el
  ! lisp/magit-refs.el -> magit-refs.el
  ! lisp/magit-remote.el -> magit-remote.el
  ! lisp/magit-repos.el -> magit-repos.el
  ! lisp/magit-reset.el -> magit-reset.el
  ! lisp/magit-section-pkg.el -> magit-section-pkg.el
  ! lisp/magit-sequence.el -> magit-sequence.el
  ! lisp/magit-stash.el -> magit-stash.el
  ! lisp/magit-status.el -> magit-status.el
  ! lisp/magit-submodule.el -> magit-submodule.el
  ! lisp/magit-subtree.el -> magit-subtree.el
  ! lisp/magit-tag.el -> magit-tag.el
  ! lisp/magit-transient.el -> magit-transient.el
  ! lisp/magit-utils.el -> magit-utils.el
  ! lisp/magit-wip.el -> magit-wip.el
  ! lisp/magit-worktree.el -> magit-worktree.el
  ! lisp/magit.el -> magit.el
  ! lisp/git-rebase.el -> git-rebase.el
  ! Documentation/magit.texi -> magit.texi
  ! Documentation/AUTHORS.md -> AUTHORS.md
    LICENSE -> LICENSE
Created /tmp/magitCDvJwZ/magit-3.2.1/magit.info
Created magit-3.2.1.tar containing:
  magit-3.2.1/
  magit-3.2.1/AUTHORS.md
  magit-3.2.1/LICENSE
  magit-3.2.1/dir
  magit-3.2.1/git-rebase.el
  magit-3.2.1/magit-apply.el
  magit-3.2.1/magit-autorevert.el
  magit-3.2.1/magit-bisect.el
  magit-3.2.1/magit-blame.el
  magit-3.2.1/magit-bookmark.el
  magit-3.2.1/magit-branch.el
  magit-3.2.1/magit-clone.el
  magit-3.2.1/magit-commit.el
  magit-3.2.1/magit-core.el
  magit-3.2.1/magit-diff.el
  magit-3.2.1/magit-ediff.el
  magit-3.2.1/magit-extras.el
  magit-3.2.1/magit-fetch.el
  magit-3.2.1/magit-files.el
  magit-3.2.1/magit-git.el
  magit-3.2.1/magit-gitignore.el
  magit-3.2.1/magit-imenu.el
  magit-3.2.1/magit-libgit-pkg.el
  magit-3.2.1/magit-log.el
  magit-3.2.1/magit-margin.el
  magit-3.2.1/magit-merge.el
  magit-3.2.1/magit-mode.el
  magit-3.2.1/magit-notes.el
  magit-3.2.1/magit-obsolete.el
  magit-3.2.1/magit-patch.el
  magit-3.2.1/magit-pkg.el
  magit-3.2.1/magit-process.el
  magit-3.2.1/magit-pull.el
  magit-3.2.1/magit-push.el
  magit-3.2.1/magit-reflog.el
  magit-3.2.1/magit-refs.el
  magit-3.2.1/magit-remote.el
  magit-3.2.1/magit-repos.el
  magit-3.2.1/magit-reset.el
  magit-3.2.1/magit-section-pkg.el
  magit-3.2.1/magit-sequence.el
  magit-3.2.1/magit-stash.el
  magit-3.2.1/magit-status.el
  magit-3.2.1/magit-submodule.el
  magit-3.2.1/magit-subtree.el
  magit-3.2.1/magit-tag.el
  magit-3.2.1/magit-transient.el
  magit-3.2.1/magit-utils.el
  magit-3.2.1/magit-wip.el
  magit-3.2.1/magit-worktree.el
  magit-3.2.1/magit.el
  magit-3.2.1/magit.info
  magit-3.2.1/magit.info-1
  magit-3.2.1/magit.info-2
Built magit in 34.527s, finished at 2021-08-17T11:17:17+0000
 ✓ Success:
4.0K -rw-r--r-- 1 root root  511 Aug 17 11:17 packages-stable/magit-3.2.1.entry
1.7M -rw-r--r-- 1 root root 1.7M Aug 17 11:17 packages-stable/magit-3.2.1.tar
 32K -rw-r--r-- 1 root root  29K Aug 17 11:16 packages-stable/magit-annex-1.8.0.el
4.0K -rw-r--r-- 1 root root  436 Aug 17 11:16 packages-stable/magit-annex-1.8.0.entry
4.0K -rw-r--r-- 1 root root 1.2K Aug 17 11:16 packages-stable/magit-annex-badge.svg
4.0K -rw-r--r-- 1 root root 1.6K Aug 17 11:16 packages-stable/magit-annex-readme.txt
4.0K -rw-r--r-- 1 root root  607 Aug 17 11:16 packages-stable/magit-annex.log
4.0K -rw-r--r-- 1 root root 1.2K Aug 17 11:17 packages-stable/magit-badge.svg
4.0K -rw-r--r-- 1 root root  198 Aug 17 11:16 packages-stable/magit-circleci.log
4.0K -rw-r--r-- 1 root root  187 Aug 17 11:16 packages-stable/magit-delta.log
4.0K -rw-r--r-- 1 root root  215 Aug 17 11:16 packages-stable/magit-diff-flycheck.log
8.0K -rw-r--r-- 1 root root 5.5K Aug 17 11:16 packages-stable/magit-filenotify-0.1.el
4.0K -rw-r--r-- 1 root root  381 Aug 17 11:16 packages-stable/magit-filenotify-0.1.entry
4.0K -rw-r--r-- 1 root root 1.2K Aug 17 11:16 packages-stable/magit-filenotify-badge.svg
4.0K -rw-r--r-- 1 root root  221 Aug 17 11:16 packages-stable/magit-filenotify-readme.txt
4.0K -rw-r--r-- 1 root root  646 Aug 17 11:16 packages-stable/magit-filenotify.log
4.0K -rw-r--r-- 1 root root 2.9K Aug 17 11:16 packages-stable/magit-find-file-2.1.0.el
4.0K -rw-r--r-- 1 root root  417 Aug 17 11:16 packages-stable/magit-find-file-2.1.0.entry
4.0K -rw-r--r-- 1 root root 1.2K Aug 17 11:16 packages-stable/magit-find-file-badge.svg
4.0K -rw-r--r-- 1 root root  572 Aug 17 11:16 packages-stable/magit-find-file-readme.txt
4.0K -rw-r--r-- 1 root root  647 Aug 17 11:16 packages-stable/magit-find-file.log
 24K -rw-r--r-- 1 root root  21K Aug 17 11:16 packages-stable/magit-gerrit-0.3.el
4.0K -rw-r--r-- 1 root root  352 Aug 17 11:16 packages-stable/magit-gerrit-0.3.entry
4.0K -rw-r--r-- 1 root root 1.2K Aug 17 11:16 packages-stable/magit-gerrit-badge.svg
4.0K -rw-r--r-- 1 root root  308 Aug 17 11:16 packages-stable/magit-gerrit-readme.txt
4.0K -rw-r--r-- 1 root root  620 Aug 17 11:16 packages-stable/magit-gerrit.log
 28K -rw-r--r-- 1 root root  27K Aug 17 11:16 packages-stable/magit-gh-pulls-0.5.3.el
4.0K -rw-r--r-- 1 root root  472 Aug 17 11:16 packages-stable/magit-gh-pulls-0.5.3.entry
4.0K -rw-r--r-- 1 root root 1.2K Aug 17 11:16 packages-stable/magit-gh-pulls-badge.svg
4.0K -rw-r--r-- 1 root root 1.2K Aug 17 11:16 packages-stable/magit-gh-pulls-readme.txt
4.0K -rw-r--r-- 1 root root  631 Aug 17 11:16 packages-stable/magit-gh-pulls.log
 24K -rw-r--r-- 1 root root  21K Aug 17 11:16 packages-stable/magit-gitflow-2.2.3.el
4.0K -rw-r--r-- 1 root root  388 Aug 17 11:16 packages-stable/magit-gitflow-2.2.3.entry
4.0K -rw-r--r-- 1 root root 1.2K Aug 17 11:16 packages-stable/magit-gitflow-badge.svg
4.0K -rw-r--r-- 1 root root  163 Aug 17 11:16 packages-stable/magit-gitflow-readme.txt
4.0K -rw-r--r-- 1 root root  626 Aug 17 11:16 packages-stable/magit-gitflow.log
 16K -rw-r--r-- 1 root root  16K Aug 17 11:16 packages-stable/magit-imerge-1.1.0.el
4.0K -rw-r--r-- 1 root root  374 Aug 17 11:16 packages-stable/magit-imerge-1.1.0.entry
4.0K -rw-r--r-- 1 root root 1.2K Aug 17 11:16 packages-stable/magit-imerge-badge.svg
4.0K -rw-r--r-- 1 root root 1.4K Aug 17 11:16 packages-stable/magit-imerge-readme.txt
4.0K -rw-r--r-- 1 root root  615 Aug 17 11:16 packages-stable/magit-imerge.log
 16K -rw-r--r-- 1 root root  16K Aug 17 11:16 packages-stable/magit-lfs-0.4.0.el
4.0K -rw-r--r-- 1 root root  455 Aug 17 11:16 packages-stable/magit-lfs-0.4.0.entry
4.0K -rw-r--r-- 1 root root 1.2K Aug 17 11:16 packages-stable/magit-lfs-badge.svg
4.0K -rw-r--r-- 1 root root  626 Aug 17 11:16 packages-stable/magit-lfs-readme.txt
4.0K -rw-r--r-- 1 root root  592 Aug 17 11:16 packages-stable/magit-lfs.log
4.0K -rw-r--r-- 1 root root 2.8K Aug 17 11:16 packages-stable/magit-libgit-3.2.1.el
4.0K -rw-r--r-- 1 root root  393 Aug 17 11:16 packages-stable/magit-libgit-3.2.1.entry
4.0K -rw-r--r-- 1 root root 1.2K Aug 17 11:16 packages-stable/magit-libgit-badge.svg
4.0K -rw-r--r-- 1 root root  493 Aug 17 11:16 packages-stable/magit-libgit-readme.txt
4.0K -rw-r--r-- 1 root root  608 Aug 17 11:16 packages-stable/magit-libgit.log
4.0K -rw-r--r-- 1 root root 2.8K Aug 17 11:16 packages-stable/magit-org-todos-0.1.2.el
4.0K -rw-r--r-- 1 root root  377 Aug 17 11:16 packages-stable/magit-org-todos-0.1.2.entry
4.0K -rw-r--r-- 1 root root 1.2K Aug 17 11:16 packages-stable/magit-org-todos-badge.svg
4.0K -rw-r--r-- 1 root root   97 Aug 17 11:16 packages-stable/magit-org-todos-readme.txt
4.0K -rw-r--r-- 1 root root  645 Aug 17 11:16 packages-stable/magit-org-todos.log
4.0K -rw-r--r-- 1 root root  216 Aug 17 11:16 packages-stable/magit-p4.log
4.0K -rw-r--r-- 1 root root  224 Aug 17 11:16 packages-stable/magit-patch-changelog.log
4.0K -rw-r--r-- 1 root root  414 Aug 17 11:17 packages-stable/magit-popup-2.13.3.entry
 92K -rw-r--r-- 1 root root  90K Aug 17 11:17 packages-stable/magit-popup-2.13.3.tar
4.0K -rw-r--r-- 1 root root 1.2K Aug 17 11:17 packages-stable/magit-popup-badge.svg
4.0K -rw-r--r-- 1 root root  343 Aug 17 11:17 packages-stable/magit-popup-readme.txt
4.0K -rw-r--r-- 1 root root 1.1K Aug 17 11:17 packages-stable/magit-popup.log
4.0K -rw-r--r-- 1 root root  177 Aug 17 11:16 packages-stable/magit-rbr.log
4.0K -rw-r--r-- 1 root root  581 Aug 17 11:17 packages-stable/magit-readme.txt
4.0K -rw-r--r-- 1 root root  210 Aug 17 11:16 packages-stable/magit-reviewboard.log
4.0K -rw-r--r-- 1 root root  363 Aug 17 11:17 packages-stable/magit-section-3.2.1.entry
100K -rw-r--r-- 1 root root 100K Aug 17 11:17 packages-stable/magit-section-3.2.1.tar
4.0K -rw-r--r-- 1 root root 1.2K Aug 17 11:17 packages-stable/magit-section-badge.svg
4.0K -rw-r--r-- 1 root root  255 Aug 17 11:17 packages-stable/magit-section-readme.txt
4.0K -rw-r--r-- 1 root root 1.2K Aug 17 11:17 packages-stable/magit-section.log
 28K -rw-r--r-- 1 root root  28K Dec 24  2020 packages-stable/magit-stgit-2.2.0.el
4.0K -rw-r--r-- 1 root root  123 Dec 23  2020 packages-stable/magit-stgit-2.2.0.entry
4.0K -rw-r--r-- 1 root root 1.2K Dec 23  2020 packages-stable/magit-stgit-badge.svg
4.0K -rw-r--r-- 1 root root 1.1K Dec 23  2020 packages-stable/magit-stgit-readme.txt
4.0K -rw-r--r-- 1 root root  225 Aug 17 11:17 packages-stable/magit-stgit.log
 16K -rw-r--r-- 1 root root  13K Aug 17 11:17 packages-stable/magit-svn-2.2.3.el
4.0K -rw-r--r-- 1 root root  387 Aug 17 11:17 packages-stable/magit-svn-2.2.3.entry
4.0K -rw-r--r-- 1 root root 1.2K Aug 17 11:17 packages-stable/magit-svn-badge.svg
4.0K -rw-r--r-- 1 root root 1.1K Aug 17 11:17 packages-stable/magit-svn-readme.txt
4.0K -rw-r--r-- 1 root root  600 Aug 17 11:17 packages-stable/magit-svn.log
 16K -rw-r--r-- 1 root root  14K Aug 17 11:17 packages-stable/magit-tbdiff-1.1.0.el
4.0K -rw-r--r-- 1 root root  375 Aug 17 11:17 packages-stable/magit-tbdiff-1.1.0.entry
4.0K -rw-r--r-- 1 root root 1.2K Aug 17 11:17 packages-stable/magit-tbdiff-badge.svg
4.0K -rw-r--r-- 1 root root 1.6K Aug 17 11:17 packages-stable/magit-tbdiff-readme.txt
4.0K -rw-r--r-- 1 root root  615 Aug 17 11:17 packages-stable/magit-tbdiff.log
 72K -rw-r--r-- 1 root root  69K Aug 17 11:17 packages-stable/magit-todos-1.5.3.el
4.0K -rw-r--r-- 1 root root  560 Aug 17 11:17 packages-stable/magit-todos-1.5.3.entry
4.0K -rw-r--r-- 1 root root 1.2K Aug 17 11:17 packages-stable/magit-todos-badge.svg
4.0K -rw-r--r-- 1 root root  224 Aug 17 11:17 packages-stable/magit-todos-readme.txt
4.0K -rw-r--r-- 1 root root  611 Aug 17 11:17 packages-stable/magit-todos.log
 12K -rw-r--r-- 1 root root 9.3K Aug 17 11:17 packages-stable/magit-topgit-2.1.2.el
4.0K -rw-r--r-- 1 root root  333 Aug 17 11:17 packages-stable/magit-topgit-2.1.2.entry
4.0K -rw-r--r-- 1 root root 1.2K Aug 17 11:17 packages-stable/magit-topgit-badge.svg
4.0K -rw-r--r-- 1 root root 1.1K Aug 17 11:17 packages-stable/magit-topgit-readme.txt
4.0K -rw-r--r-- 1 root root  617 Aug 17 11:17 packages-stable/magit-topgit.log
4.0K -rw-r--r-- 1 root root 3.1K Aug 17 11:17 packages-stable/magit-vcsh-0.4.1.el
4.0K -rw-r--r-- 1 root root  452 Aug 17 11:17 packages-stable/magit-vcsh-0.4.1.entry
4.0K -rw-r--r-- 1 root root 1.2K Aug 17 11:17 packages-stable/magit-vcsh-badge.svg
4.0K -rw-r--r-- 1 root root  468 Aug 17 11:17 packages-stable/magit-vcsh-readme.txt
4.0K -rw-r--r-- 1 root root  604 Aug 17 11:17 packages-stable/magit-vcsh.log
