Package: magik-mode
Fetcher: github
Source:  https://github.com/roadrunner1776/magik.git

Updating /mnt/store/melpa/working/magik-mode/
Copying files (->) and directories (=>)
  from /mnt/store/melpa/working/magik-mode/
  to /tmp/magik-modeogZE0i/magik-mode-0.0.3
    magik-aliases.el -> magik-aliases.el
    magik-cb.el -> magik-cb.el
    magik-electric.el -> magik-electric.el
    magik-indent.el -> magik-indent.el
    magik-keys.el -> magik-keys.el
    magik-lint.el -> magik-lint.el
    magik-loadlist.el -> magik-loadlist.el
    magik-menu.el -> magik-menu.el
    magik-mode.el -> magik-mode.el
    magik-module.el -> magik-module.el
    magik-msg.el -> magik-msg.el
    magik-pragma.el -> magik-pragma.el
    magik-product.el -> magik-product.el
    magik-session-filter.el -> magik-session-filter.el
    magik-session.el -> magik-session.el
    magik-template.el -> magik-template.el
    magik-utils.el -> magik-utils.el
    magik-version.el -> magik-version.el
Created magik-mode-0.0.3.tar containing:
  magik-mode-0.0.3/
  magik-mode-0.0.3/magik-aliases.el
  magik-mode-0.0.3/magik-cb.el
  magik-mode-0.0.3/magik-electric.el
  magik-mode-0.0.3/magik-indent.el
  magik-mode-0.0.3/magik-keys.el
  magik-mode-0.0.3/magik-lint.el
  magik-mode-0.0.3/magik-loadlist.el
  magik-mode-0.0.3/magik-menu.el
  magik-mode-0.0.3/magik-mode-pkg.el
  magik-mode-0.0.3/magik-mode.el
  magik-mode-0.0.3/magik-module.el
  magik-mode-0.0.3/magik-msg.el
  magik-mode-0.0.3/magik-pragma.el
  magik-mode-0.0.3/magik-product.el
  magik-mode-0.0.3/magik-session-filter.el
  magik-mode-0.0.3/magik-session.el
  magik-mode-0.0.3/magik-template.el
  magik-mode-0.0.3/magik-utils.el
  magik-mode-0.0.3/magik-version.el
Built magik-mode in 2.996s, finished at Wed May 19 01:33:27 2021
 ✓ Success:
4.0K -rw-r--r-- 1 root root  234 May 19 01:33 packages-stable/magik-mode-0.0.3.entry
440K -rw-r--r-- 1 root root 440K May 19 01:33 packages-stable/magik-mode-0.0.3.tar
4.0K -rw-r--r-- 1 root root 1.2K May 19 01:33 packages-stable/magik-mode-badge.svg
4.0K -rw-r--r-- 1 root root   71 May 19 01:33 packages-stable/magik-mode-readme.txt
