Package: magit-popup
Fetcher: github
Source:  https://github.com/magit/magit-popup.git

Updating /mnt/store/melpa/working/magit-popup/
Copying files (->) and directories (=>)
  from /mnt/store/melpa/working/magit-popup/
  to /tmp/magit-popupEyKp0d/magit-popup-2.13.3
    magit-popup.el -> magit-popup.el
    magit-popup.texi -> magit-popup.texi
Created /tmp/magit-popupEyKp0d/magit-popup-2.13.3/magit-popup.info
Created magit-popup-2.13.3.tar containing:
  magit-popup-2.13.3/
  magit-popup-2.13.3/dir
  magit-popup-2.13.3/magit-popup-pkg.el
  magit-popup-2.13.3/magit-popup.el
  magit-popup-2.13.3/magit-popup.info
Built magit-popup in 9.274s, finished at Wed May 19 01:33:44 2021
 ✓ Success:
4.0K -rw-r--r-- 1 root root  414 May 19 01:33 packages-stable/magit-popup-2.13.3.entry
 92K -rw-r--r-- 1 root root  90K May 19 01:33 packages-stable/magit-popup-2.13.3.tar
4.0K -rw-r--r-- 1 root root 1.2K May 19 01:33 packages-stable/magit-popup-badge.svg
4.0K -rw-r--r-- 1 root root  343 May 19 01:33 packages-stable/magit-popup-readme.txt
