Package: magithub
Fetcher: github
Source:  https://github.com/vermiculus/magithub.git

Updating /mnt/store/melpa/working/magithub/
Copying files (->) and directories (=>)
  from /mnt/store/melpa/working/magithub/
  to /tmp/magithubZmytgx/magithub-0.1.7
    magithub-ci.el -> magithub-ci.el
    magithub-comment.el -> magithub-comment.el
    magithub-completion.el -> magithub-completion.el
    magithub-core.el -> magithub-core.el
    magithub-dash.el -> magithub-dash.el
    magithub-edit-mode.el -> magithub-edit-mode.el
    magithub-faces.el -> magithub-faces.el
    magithub-issue-post.el -> magithub-issue-post.el
    magithub-issue-tricks.el -> magithub-issue-tricks.el
    magithub-issue-view.el -> magithub-issue-view.el
    magithub-issue.el -> magithub-issue.el
    magithub-label.el -> magithub-label.el
    magithub-notification.el -> magithub-notification.el
    magithub-orgs.el -> magithub-orgs.el
    magithub-repo.el -> magithub-repo.el
    magithub-settings.el -> magithub-settings.el
    magithub-user.el -> magithub-user.el
    magithub.el -> magithub.el
    magithub.texi -> magithub.texi
Created /tmp/magithubZmytgx/magithub-0.1.7/magithub.info
Created magithub-0.1.7.tar containing:
  magithub-0.1.7/
  magithub-0.1.7/dir
  magithub-0.1.7/magithub-ci.el
  magithub-0.1.7/magithub-comment.el
  magithub-0.1.7/magithub-completion.el
  magithub-0.1.7/magithub-core.el
  magithub-0.1.7/magithub-dash.el
  magithub-0.1.7/magithub-edit-mode.el
  magithub-0.1.7/magithub-faces.el
  magithub-0.1.7/magithub-issue-post.el
  magithub-0.1.7/magithub-issue-tricks.el
  magithub-0.1.7/magithub-issue-view.el
  magithub-0.1.7/magithub-issue.el
  magithub-0.1.7/magithub-label.el
  magithub-0.1.7/magithub-notification.el
  magithub-0.1.7/magithub-orgs.el
  magithub-0.1.7/magithub-pkg.el
  magithub-0.1.7/magithub-repo.el
  magithub-0.1.7/magithub-settings.el
  magithub-0.1.7/magithub-user.el
  magithub-0.1.7/magithub.el
  magithub-0.1.7/magithub.info
Built magithub in 9.743s, finished at Wed May 19 01:33:53 2021
 ✓ Success:
4.0K -rw-r--r-- 1 root root  499 May 19 01:33 packages-stable/magithub-0.1.7.entry
232K -rw-r--r-- 1 root root 230K May 19 01:33 packages-stable/magithub-0.1.7.tar
4.0K -rw-r--r-- 1 root root 1.2K May 19 01:33 packages-stable/magithub-badge.svg
4.0K -rw-r--r-- 1 root root  604 May 19 01:33 packages-stable/magithub-readme.txt
