Package: markdown-preview-mode
Fetcher: github
Source:  https://github.com/ancane/markdown-preview-mode.git

Updating /mnt/store/melpa/working/markdown-preview-mode/
Copying files (->) and directories (=>)
  from /mnt/store/melpa/working/markdown-preview-mode/
  to /tmp/markdown-preview-modeLdbVGB/markdown-preview-mode-0.9.4
    markdown-preview-mode.el -> markdown-preview-mode.el
    preview.html -> preview.html
    favicon.ico -> favicon.ico
Created markdown-preview-mode-0.9.4.tar containing:
  markdown-preview-mode-0.9.4/
  markdown-preview-mode-0.9.4/favicon.ico
  markdown-preview-mode-0.9.4/markdown-preview-mode-pkg.el
  markdown-preview-mode-0.9.4/markdown-preview-mode.el
  markdown-preview-mode-0.9.4/preview.html
Built markdown-preview-mode in 3.638s, finished at Wed May 19 01:34:09 2021
 ✓ Success:
4.0K -rw-r--r-- 1 root root  519 May 19 01:34 packages-stable/markdown-preview-mode-0.9.4.entry
 40K -rw-r--r-- 1 root root  40K May 19 01:34 packages-stable/markdown-preview-mode-0.9.4.tar
4.0K -rw-r--r-- 1 root root 1.2K May 19 01:34 packages-stable/markdown-preview-mode-badge.svg
4.0K -rw-r--r-- 1 root root  129 May 19 01:34 packages-stable/markdown-preview-mode-readme.txt
