Package: material-theme
Fetcher: github
Source:  https://github.com/cpaulik/emacs-material-theme.git

Updating /mnt/store/melpa/working/material-theme/
Checking out 67a496c937542f6ee7c4a2164d23f0296ef3a645
Copying files (->) and directories (=>)
  from /mnt/store/melpa/working/material-theme/
  to /tmp/material-themeXC8B1P/material-theme-1.4
    material-light-theme.el -> material-light-theme.el
    material-theme.el -> material-theme.el
Created material-theme-1.4.tar containing:
  material-theme-1.4/
  material-theme-1.4/material-light-theme.el
  material-theme-1.4/material-theme-pkg.el
  material-theme-1.4/material-theme.el
Built material-theme in 3.420s, finished at 2021-08-17T11:17:38+0000
 ✓ Success:
4.0K -rw-r--r-- 1 root root  390 Aug 17 11:17 packages-stable/material-theme-1.4.entry
112K -rw-r--r-- 1 root root 110K Aug 17 11:17 packages-stable/material-theme-1.4.tar
4.0K -rw-r--r-- 1 root root 1.2K Aug 17 11:17 packages-stable/material-theme-badge.svg
4.0K -rw-r--r-- 1 root root  116 Aug 17 11:17 packages-stable/material-theme-readme.txt
