Package: mc-extras
Fetcher: github
Source:  https://github.com/knu/mc-extras.el.git

Updating /mnt/store/melpa/working/mc-extras/
Checking out f0ba639e9b18cc56e80ae45bbb2b694dbad9171a
Copying files (->) and directories (=>)
  from /mnt/store/melpa/working/mc-extras/
  to /tmp/mc-extrasOc6gbb/mc-extras-1.2.4
    mc-cua.el -> mc-cua.el
    mc-extras.el -> mc-extras.el
    mc-freeze.el -> mc-freeze.el
    mc-mark-extras.el -> mc-mark-extras.el
    mc-move.el -> mc-move.el
    mc-rect.el -> mc-rect.el
    mc-remove.el -> mc-remove.el
Created mc-extras-1.2.4.tar containing:
  mc-extras-1.2.4/
  mc-extras-1.2.4/mc-cua.el
  mc-extras-1.2.4/mc-extras-pkg.el
  mc-extras-1.2.4/mc-extras.el
  mc-extras-1.2.4/mc-freeze.el
  mc-extras-1.2.4/mc-mark-extras.el
  mc-extras-1.2.4/mc-move.el
  mc-extras-1.2.4/mc-rect.el
  mc-extras-1.2.4/mc-remove.el
Built mc-extras in 3.754s, finished at 2021-08-17T11:17:47+0000
 ✓ Success:
4.0K -rw-r--r-- 1 root root  396 Aug 17 11:17 packages-stable/mc-extras-1.2.4.entry
 40K -rw-r--r-- 1 root root  40K Aug 17 11:17 packages-stable/mc-extras-1.2.4.tar
4.0K -rw-r--r-- 1 root root 1.2K Aug 17 11:17 packages-stable/mc-extras-badge.svg
4.0K -rw-r--r-- 1 root root 1.4K Aug 17 11:17 packages-stable/mc-extras-readme.txt
