Package: meghanada
Fetcher: github
Source:  https://github.com/mopemope/meghanada-emacs.git

Updating /mnt/store/melpa/working/meghanada/
Copying files (->) and directories (=>)
  from /mnt/store/melpa/working/meghanada/
  to /tmp/meghanadaKBUufv/meghanada-1.3.1
    company-meghanada.el -> company-meghanada.el
    eldoc-meghanada.el -> eldoc-meghanada.el
    flycheck-meghanada.el -> flycheck-meghanada.el
    meghanada.el -> meghanada.el
Created meghanada-1.3.1.tar containing:
  meghanada-1.3.1/
  meghanada-1.3.1/company-meghanada.el
  meghanada-1.3.1/eldoc-meghanada.el
  meghanada-1.3.1/flycheck-meghanada.el
  meghanada-1.3.1/meghanada-pkg.el
  meghanada-1.3.1/meghanada.el
Built meghanada in 6.339s, finished at Wed May 19 01:34:41 2021
 ✓ Success:
4.0K -rw-r--r-- 1 root root  500 May 19 01:34 packages-stable/meghanada-1.3.1.entry
112K -rw-r--r-- 1 root root 110K May 19 01:34 packages-stable/meghanada-1.3.1.tar
4.0K -rw-r--r-- 1 root root 1.2K May 19 01:34 packages-stable/meghanada-badge.svg
4.0K -rw-r--r-- 1 root root  118 May 19 01:34 packages-stable/meghanada-readme.txt
