Package: mentor
Fetcher: github
Source:  https://github.com/skangas/mentor.git

Updating /mnt/store/melpa/working/mentor/
Copying files (->) and directories (=>)
  from /mnt/store/melpa/working/mentor/
  to /tmp/mentorRvIqsx/mentor-0.3.4
    mentor-data.el -> mentor-data.el
    mentor-files.el -> mentor-files.el
    mentor-rpc.el -> mentor-rpc.el
    mentor.el -> mentor.el
    url-scgi.el -> url-scgi.el
Created mentor-0.3.4.tar containing:
  mentor-0.3.4/
  mentor-0.3.4/mentor-data.el
  mentor-0.3.4/mentor-files.el
  mentor-0.3.4/mentor-pkg.el
  mentor-0.3.4/mentor-rpc.el
  mentor-0.3.4/mentor.el
  mentor-0.3.4/url-scgi.el
Built mentor in 6.166s, finished at Wed May 19 01:34:50 2021
 ✓ Success:
4.0K -rw-r--r-- 1 root root  394 May 19 01:34 packages-stable/mentor-0.3.4.entry
100K -rw-r--r-- 1 root root 100K May 19 01:34 packages-stable/mentor-0.3.4.tar
4.0K -rw-r--r-- 1 root root 1.2K May 19 01:34 packages-stable/mentor-badge.svg
4.0K -rw-r--r-- 1 root root  658 May 19 01:34 packages-stable/mentor-readme.txt
