Package: merlin
Fetcher: github
Source:  https://github.com/ocaml/merlin.git

Updating /mnt/store/melpa/working/merlin/
Checking out 55caee534acf364b093653a6108521d57d56af1c
Copying files (->) and directories (=>)
  from /mnt/store/melpa/working/merlin/
  to /tmp/merlinZx4Pdc/merlin-4.3.1snapshot412
  ! emacs/merlin-cap.el -> merlin-cap.el
  ! emacs/merlin-imenu.el -> merlin-imenu.el
  ! emacs/merlin-xref.el -> merlin-xref.el
  ! emacs/merlin.el -> merlin.el
Created merlin-4.3.1snapshot412.tar containing:
  merlin-4.3.1snapshot412/
  merlin-4.3.1snapshot412/merlin-cap.el
  merlin-4.3.1snapshot412/merlin-imenu.el
  merlin-4.3.1snapshot412/merlin-pkg.el
  merlin-4.3.1snapshot412/merlin-xref.el
  merlin-4.3.1snapshot412/merlin.el
Built merlin in 4.829s, finished at 2021-08-17T11:17:57+0000
 ✓ Success:
4.0K -rw-r--r-- 1 root root  373 Aug 17 11:17 packages-stable/merlin-4.3.1snapshot412.entry
100K -rw-r--r-- 1 root root 100K Aug 17 11:17 packages-stable/merlin-4.3.1snapshot412.tar
8.0K -rw-r--r-- 1 root root 6.1K Aug 17 11:17 packages-stable/merlin-ac-4.3.1snapshot412.el
4.0K -rw-r--r-- 1 root root  571 Aug 17 11:17 packages-stable/merlin-ac-4.3.1snapshot412.entry
4.0K -rw-r--r-- 1 root root 1.2K Aug 17 07:51 packages-stable/merlin-ac-badge.svg
4.0K -rw-r--r-- 1 root root  328 Aug 17 11:17 packages-stable/merlin-ac-readme.txt
4.0K -rw-r--r-- 1 root root  180 Aug 17 11:17 packages-stable/merlin-ac.log
4.0K -rw-r--r-- 1 root root 1.2K Aug 17 11:17 packages-stable/merlin-badge.svg
8.0K -rw-r--r-- 1 root root 5.5K Aug 17 11:17 packages-stable/merlin-company-4.3.1snapshot412.el
4.0K -rw-r--r-- 1 root root  537 Aug 17 07:51 packages-stable/merlin-company-4.3.1snapshot412.entry
4.0K -rw-r--r-- 1 root root 1.2K Aug 17 07:51 packages-stable/merlin-company-badge.svg
4.0K -rw-r--r-- 1 root root  216 Aug 17 07:51 packages-stable/merlin-company-readme.txt
4.0K -rw-r--r-- 1 root root  190 Aug 17 11:17 packages-stable/merlin-company.log
 28K -rw-r--r-- 1 root root  27K Aug 17 11:17 packages-stable/merlin-eldoc-1.3.el
4.0K -rw-r--r-- 1 root root  405 Aug 17 07:51 packages-stable/merlin-eldoc-1.3.entry
4.0K -rw-r--r-- 1 root root 1.2K Aug 17 07:51 packages-stable/merlin-eldoc-badge.svg
4.0K -rw-r--r-- 1 root root  252 Aug 17 07:51 packages-stable/merlin-eldoc-readme.txt
4.0K -rw-r--r-- 1 root root  192 Aug 17 11:17 packages-stable/merlin-eldoc.log
4.0K -rw-r--r-- 1 root root 2.6K Aug 17 07:51 packages-stable/merlin-iedit-4.3.1snapshot412.el
4.0K -rw-r--r-- 1 root root  522 Aug 17 07:51 packages-stable/merlin-iedit-4.3.1snapshot412.entry
4.0K -rw-r--r-- 1 root root 1.2K Aug 17 07:51 packages-stable/merlin-iedit-badge.svg
4.0K -rw-r--r-- 1 root root  141 Aug 17 07:51 packages-stable/merlin-iedit-readme.txt
4.0K -rw-r--r-- 1 root root  132 Aug 17 11:17 packages-stable/merlin-iedit.log
4.0K -rw-r--r-- 1 root root  247 Aug 17 11:17 packages-stable/merlin-readme.txt
