Package: mpdel
Fetcher: github
Source:  https://github.com/mpdel/mpdel.git

Updating /mnt/store/melpa/working/mpdel/
Checking out 9370631540b74fd75d024e3bfacb962a09498063
Copying files (->) and directories (=>)
  from /mnt/store/melpa/working/mpdel/
  to /tmp/mpdeljnM5bY/mpdel-1.0.0
    mpdel-core.el -> mpdel-core.el
    mpdel-nav.el -> mpdel-nav.el
    mpdel-playlist.el -> mpdel-playlist.el
    mpdel-song.el -> mpdel-song.el
    mpdel.el -> mpdel.el
Created mpdel-1.0.0.tar containing:
  mpdel-1.0.0/
  mpdel-1.0.0/mpdel-core.el
  mpdel-1.0.0/mpdel-nav.el
  mpdel-1.0.0/mpdel-pkg.el
  mpdel-1.0.0/mpdel-playlist.el
  mpdel-1.0.0/mpdel-song.el
  mpdel-1.0.0/mpdel.el
Built mpdel in 3.668s, finished at 2021-08-17T11:19:35+0000
 ✓ Success:
4.0K -rw-r--r-- 1 root root  354 Aug 17 11:19 packages-stable/mpdel-1.0.0.entry
 52K -rw-r--r-- 1 root root  50K Aug 17 11:19 packages-stable/mpdel-1.0.0.tar
4.0K -rw-r--r-- 1 root root 1.2K Aug 17 11:19 packages-stable/mpdel-badge.svg
4.0K -rw-r--r-- 1 root root  286 Aug 17 11:19 packages-stable/mpdel-readme.txt
