Package: mtg-deck-mode
Fetcher: github
Source:  https://github.com/mattiasb/mtg-deck-mode.git

Updating /mnt/store/melpa/working/mtg-deck-mode/
Copying files (->) and directories (=>)
  from /mnt/store/melpa/working/mtg-deck-mode/
  to /tmp/mtg-deck-mode1QMXe1/mtg-deck-mode-0.2
    mtg-deck-mode.el -> mtg-deck-mode.el
    formats => formats
Created mtg-deck-mode-0.2.tar containing:
  mtg-deck-mode-0.2/
  mtg-deck-mode-0.2/formats/
  mtg-deck-mode-0.2/formats/all.cards
  mtg-deck-mode-0.2/formats/all.names
  mtg-deck-mode-0.2/formats/legacy.names
  mtg-deck-mode-0.2/formats/modern.names
  mtg-deck-mode-0.2/formats/standard.names
  mtg-deck-mode-0.2/formats/vintage.names
  mtg-deck-mode-0.2/mtg-deck-mode-pkg.el
  mtg-deck-mode-0.2/mtg-deck-mode.el
Built mtg-deck-mode in 3.346s, finished at Wed May 19 01:36:19 2021
 ✓ Success:
4.0K -rw-r--r-- 1 root root  392 May 19 01:36 packages-stable/mtg-deck-mode-0.2.entry
4.1M -rw-r--r-- 1 root root 4.1M May 19 01:36 packages-stable/mtg-deck-mode-0.2.tar
4.0K -rw-r--r-- 1 root root 1.2K May 19 01:36 packages-stable/mtg-deck-mode-badge.svg
   0 -rw-r--r-- 1 root root    0 May 19 01:36 packages-stable/mtg-deck-mode-readme.txt
