Package: multi-line
Fetcher: github
Source:  https://github.com/IvanMalison/multi-line.git

Updating /mnt/store/melpa/working/multi-line/
Checking out 778c7510b7f066f53cf1f96a6ad1079fda5dc1f7
Copying files (->) and directories (=>)
  from /mnt/store/melpa/working/multi-line/
  to /tmp/multi-line2Rqyyo/multi-line-0.1.5
    multi-line-candidate.el -> multi-line-candidate.el
    multi-line-cycle.el -> multi-line-cycle.el
    multi-line-decorator.el -> multi-line-decorator.el
    multi-line-enter.el -> multi-line-enter.el
    multi-line-find.el -> multi-line-find.el
    multi-line-highlight.el -> multi-line-highlight.el
    multi-line-respace.el -> multi-line-respace.el
    multi-line-shared.el -> multi-line-shared.el
    multi-line.el -> multi-line.el
Created multi-line-0.1.5.tar containing:
  multi-line-0.1.5/
  multi-line-0.1.5/multi-line-candidate.el
  multi-line-0.1.5/multi-line-cycle.el
  multi-line-0.1.5/multi-line-decorator.el
  multi-line-0.1.5/multi-line-enter.el
  multi-line-0.1.5/multi-line-find.el
  multi-line-0.1.5/multi-line-highlight.el
  multi-line-0.1.5/multi-line-pkg.el
  multi-line-0.1.5/multi-line-respace.el
  multi-line-0.1.5/multi-line-shared.el
  multi-line-0.1.5/multi-line.el
Built multi-line in 4.024s, finished at 2021-08-17T11:19:54+0000
 ✓ Success:
4.0K -rw-r--r-- 1 root root  540 Aug 17 11:19 packages-stable/multi-line-0.1.5.entry
 52K -rw-r--r-- 1 root root  50K Aug 17 11:19 packages-stable/multi-line-0.1.5.tar
4.0K -rw-r--r-- 1 root root 1.2K Aug 17 11:19 packages-stable/multi-line-badge.svg
4.0K -rw-r--r-- 1 root root  325 Aug 17 11:19 packages-stable/multi-line-readme.txt
