Package: multi-web-mode
Fetcher: github
Source:  https://github.com/fgallina/multi-web-mode.git

Updating /mnt/store/melpa/working/multi-web-mode/
Checking out 0517b9e2b3052533ac0cb71eba7073ed309fce06
Copying files (->) and directories (=>)
  from /mnt/store/melpa/working/multi-web-mode/
  to /tmp/multi-web-modewkGQla/multi-web-mode-0.2.1
    customizations.el -> customizations.el
    load.el -> load.el
    multi-web-mode.el -> multi-web-mode.el
    multi-web-utils.el -> multi-web-utils.el
Created multi-web-mode-0.2.1.tar containing:
  multi-web-mode-0.2.1/
  multi-web-mode-0.2.1/customizations.el
  multi-web-mode-0.2.1/load.el
  multi-web-mode-0.2.1/multi-web-mode-pkg.el
  multi-web-mode-0.2.1/multi-web-mode.el
  multi-web-mode-0.2.1/multi-web-utils.el
Built multi-web-mode in 4.145s, finished at 2021-08-17T11:19:58+0000
 ✓ Success:
4.0K -rw-r--r-- 1 root root  333 Aug 17 11:19 packages-stable/multi-web-mode-0.2.1.entry
 32K -rw-r--r-- 1 root root  30K Aug 17 11:19 packages-stable/multi-web-mode-0.2.1.tar
4.0K -rw-r--r-- 1 root root 1.2K Aug 17 11:19 packages-stable/multi-web-mode-badge.svg
4.0K -rw-r--r-- 1 root root  291 Aug 17 11:19 packages-stable/multi-web-mode-readme.txt
