Package: ng2-mode
Fetcher: github
Source:  https://github.com/AdamNiederer/ng2-mode.git

Updating /mnt/store/melpa/working/ng2-mode/
Checking out e916960f87af92d5111e25511c99afc188cda647
Copying files (->) and directories (=>)
  from /mnt/store/melpa/working/ng2-mode/
  to /tmp/ng2-modeoJiO2D/ng2-mode-0.2.2
    ng2-html.el -> ng2-html.el
    ng2-mode.el -> ng2-mode.el
    ng2-shared.el -> ng2-shared.el
    ng2-ts.el -> ng2-ts.el
Created ng2-mode-0.2.2.tar containing:
  ng2-mode-0.2.2/
  ng2-mode-0.2.2/ng2-html.el
  ng2-mode-0.2.2/ng2-mode-pkg.el
  ng2-mode-0.2.2/ng2-mode.el
  ng2-mode-0.2.2/ng2-shared.el
  ng2-mode-0.2.2/ng2-ts.el
Built ng2-mode in 3.534s, finished at 2021-08-17T11:20:41+0000
 ✓ Success:
4.0K -rw-r--r-- 1 root root  416 Aug 17 11:20 packages-stable/ng2-mode-0.2.2.entry
 32K -rw-r--r-- 1 root root  30K Aug 17 11:20 packages-stable/ng2-mode-0.2.2.tar
4.0K -rw-r--r-- 1 root root 1.2K Aug 17 11:20 packages-stable/ng2-mode-badge.svg
4.0K -rw-r--r-- 1 root root  237 Aug 17 11:20 packages-stable/ng2-mode-readme.txt
