Package: nim-mode
Fetcher: github
Source:  https://github.com/nim-lang/nim-mode.git

Updating /mnt/store/melpa/working/nim-mode/
Checking out 86abed21b9b718ac65cc167f208e0bd5b92c79ed
Copying files (->) and directories (=>)
  from /mnt/store/melpa/working/nim-mode/
  to /tmp/nim-mode5SjrUU/nim-mode-0.4.1
    flycheck-nimsuggest.el -> flycheck-nimsuggest.el
    nim-capf.el -> nim-capf.el
    nim-compile.el -> nim-compile.el
    nim-eldoc.el -> nim-eldoc.el
    nim-fill.el -> nim-fill.el
    nim-helper.el -> nim-helper.el
    nim-mode.el -> nim-mode.el
    nim-rx.el -> nim-rx.el
    nim-smie.el -> nim-smie.el
    nim-suggest.el -> nim-suggest.el
    nim-syntax.el -> nim-syntax.el
    nim-util.el -> nim-util.el
    nim-vars.el -> nim-vars.el
    nimscript-mode.el -> nimscript-mode.el
Created nim-mode-0.4.1.tar containing:
  nim-mode-0.4.1/
  nim-mode-0.4.1/flycheck-nimsuggest.el
  nim-mode-0.4.1/nim-capf.el
  nim-mode-0.4.1/nim-compile.el
  nim-mode-0.4.1/nim-eldoc.el
  nim-mode-0.4.1/nim-fill.el
  nim-mode-0.4.1/nim-helper.el
  nim-mode-0.4.1/nim-mode-pkg.el
  nim-mode-0.4.1/nim-mode.el
  nim-mode-0.4.1/nim-rx.el
  nim-mode-0.4.1/nim-smie.el
  nim-mode-0.4.1/nim-suggest.el
  nim-mode-0.4.1/nim-syntax.el
  nim-mode-0.4.1/nim-util.el
  nim-mode-0.4.1/nim-vars.el
  nim-mode-0.4.1/nimscript-mode.el
Built nim-mode in 3.632s, finished at 2021-08-17T11:20:46+0000
 ✓ Success:
4.0K -rw-r--r-- 1 root root  414 Aug 17 11:20 packages-stable/nim-mode-0.4.1.entry
240K -rw-r--r-- 1 root root 240K Aug 17 11:20 packages-stable/nim-mode-0.4.1.tar
4.0K -rw-r--r-- 1 root root 1.2K Aug 17 11:20 packages-stable/nim-mode-badge.svg
4.0K -rw-r--r-- 1 root root 1.7K Aug 17 11:20 packages-stable/nim-mode-readme.txt
