Package: nix-mode
Fetcher: github
Source:  https://github.com/NixOS/nix-mode.git

Updating /mnt/store/melpa/working/nix-mode/
Copying files (->) and directories (=>)
  from /mnt/store/melpa/working/nix-mode/
  to /tmp/nix-modexDuaME/nix-mode-1.4.5
    nix-build.el -> nix-build.el
    nix-drv-mode.el -> nix-drv-mode.el
    nix-edit.el -> nix-edit.el
    nix-format.el -> nix-format.el
    nix-instantiate.el -> nix-instantiate.el
    nix-log.el -> nix-log.el
    nix-mode.el -> nix-mode.el
    nix-prettify-mode.el -> nix-prettify-mode.el
    nix-repl.el -> nix-repl.el
    nix-search.el -> nix-search.el
    nix-shebang.el -> nix-shebang.el
    nix-shell.el -> nix-shell.el
    nix-store.el -> nix-store.el
    nix.el -> nix.el
Created nix-mode-1.4.5.tar containing:
  nix-mode-1.4.5/
  nix-mode-1.4.5/nix-build.el
  nix-mode-1.4.5/nix-drv-mode.el
  nix-mode-1.4.5/nix-edit.el
  nix-mode-1.4.5/nix-format.el
  nix-mode-1.4.5/nix-instantiate.el
  nix-mode-1.4.5/nix-log.el
  nix-mode-1.4.5/nix-mode-pkg.el
  nix-mode-1.4.5/nix-mode.el
  nix-mode-1.4.5/nix-prettify-mode.el
  nix-mode-1.4.5/nix-repl.el
  nix-mode-1.4.5/nix-search.el
  nix-mode-1.4.5/nix-shebang.el
  nix-mode-1.4.5/nix-shell.el
  nix-mode-1.4.5/nix-store.el
  nix-mode-1.4.5/nix.el
Built nix-mode in 3.282s, finished at Wed May 19 01:37:24 2021
 ✓ Success:
4.0K -rw-r--r-- 1 root root  315 May 19 01:37 packages-stable/nix-mode-1.4.5.entry
100K -rw-r--r-- 1 root root 100K May 19 01:37 packages-stable/nix-mode-1.4.5.tar
4.0K -rw-r--r-- 1 root root 1.2K May 19 01:37 packages-stable/nix-mode-badge.svg
4.0K -rw-r--r-- 1 root root  140 May 19 01:37 packages-stable/nix-mode-readme.txt
