Package: ob-ess-julia
Fetcher: github
Source:  https://github.com/frederic-santos/ob-ess-julia.git

Updating /mnt/store/melpa/working/ob-ess-julia/
Copying files (->) and directories (=>)
  from /mnt/store/melpa/working/ob-ess-julia/
  to /tmp/ob-ess-juliaHQSuFg/ob-ess-julia-1.0.3
    ob-ess-julia.el -> ob-ess-julia.el
    ob-ess-julia-startup.jl -> ob-ess-julia-startup.jl
Created ob-ess-julia-1.0.3.tar containing:
  ob-ess-julia-1.0.3/
  ob-ess-julia-1.0.3/ob-ess-julia-pkg.el
  ob-ess-julia-1.0.3/ob-ess-julia-startup.jl
  ob-ess-julia-1.0.3/ob-ess-julia.el
Built ob-ess-julia in 3.303s, finished at Wed May 19 01:38:07 2021
 ✓ Success:
4.0K -rw-r--r-- 1 root root  370 May 19 01:38 packages-stable/ob-ess-julia-1.0.3.entry
 32K -rw-r--r-- 1 root root  30K May 19 01:38 packages-stable/ob-ess-julia-1.0.3.tar
4.0K -rw-r--r-- 1 root root 1.2K May 19 01:38 packages-stable/ob-ess-julia-badge.svg
4.0K -rw-r--r-- 1 root root   76 May 19 01:38 packages-stable/ob-ess-julia-readme.txt
