Package: ob-http
Fetcher: github
Source:  https://github.com/zweifisch/ob-http.git

Updating /mnt/store/melpa/working/ob-http/
Copying files (->) and directories (=>)
  from /mnt/store/melpa/working/ob-http/
  to /tmp/ob-httpI0C0ye/ob-http-0.2.0
    ob-http-mode.el -> ob-http-mode.el
    ob-http.el -> ob-http.el
Created ob-http-0.2.0.tar containing:
  ob-http-0.2.0/
  ob-http-0.2.0/ob-http-mode.el
  ob-http-0.2.0/ob-http-pkg.el
  ob-http-0.2.0/ob-http.el
Built ob-http in 2.926s, finished at Wed May 19 01:38:09 2021
 ✓ Success:
4.0K -rw-r--r-- 1 root root  333 May 19 01:38 packages-stable/ob-http-0.2.0.entry
 20K -rw-r--r-- 1 root root  20K May 19 01:38 packages-stable/ob-http-0.2.0.tar
4.0K -rw-r--r-- 1 root root 1.2K May 19 01:38 packages-stable/ob-http-badge.svg
4.0K -rw-r--r-- 1 root root   32 May 19 01:38 packages-stable/ob-http-readme.txt
