Package: ob-ml-marklogic
Fetcher: github
Source:  https://github.com/ndw/ob-ml-marklogic.git

Updating /mnt/store/melpa/working/ob-ml-marklogic/
Checking out dd05ac905bf6332180918de7d7cb32790036a664
Copying files (->) and directories (=>)
  from /mnt/store/melpa/working/ob-ml-marklogic/
  to /tmp/ob-ml-marklogicjyc0FZ/ob-ml-marklogic-1.1.0
    ob-ml-common.el -> ob-ml-common.el
    ob-ml-javascript.el -> ob-ml-javascript.el
    ob-ml-marklogic.el -> ob-ml-marklogic.el
    ob-ml-sparql.el -> ob-ml-sparql.el
    ob-ml-xquery.el -> ob-ml-xquery.el
Created ob-ml-marklogic-1.1.0.tar containing:
  ob-ml-marklogic-1.1.0/
  ob-ml-marklogic-1.1.0/ob-ml-common.el
  ob-ml-marklogic-1.1.0/ob-ml-javascript.el
  ob-ml-marklogic-1.1.0/ob-ml-marklogic-pkg.el
  ob-ml-marklogic-1.1.0/ob-ml-marklogic.el
  ob-ml-marklogic-1.1.0/ob-ml-sparql.el
  ob-ml-marklogic-1.1.0/ob-ml-xquery.el
Built ob-ml-marklogic in 4.750s, finished at 2021-08-17T11:21:51+0000
 ✓ Success:
4.0K -rw-r--r-- 1 root root  378 Aug 17 11:21 packages-stable/ob-ml-marklogic-1.1.0.entry
 32K -rw-r--r-- 1 root root  30K Aug 17 11:21 packages-stable/ob-ml-marklogic-1.1.0.tar
4.0K -rw-r--r-- 1 root root 1.2K Aug 17 11:21 packages-stable/ob-ml-marklogic-badge.svg
4.0K -rw-r--r-- 1 root root 3.9K Aug 17 11:21 packages-stable/ob-ml-marklogic-readme.txt
