Package: org-ml
Fetcher: github
Source:  https://github.com/ndwarshuis/org-ml.git

Updating /mnt/store/melpa/working/org-ml/
Checking out e14205312c54a1c97491c7f847d296b09f5f57b0
Copying files (->) and directories (=>)
  from /mnt/store/melpa/working/org-ml/
  to /tmp/org-mlHNQVT4/org-ml-5.7.0
    org-ml-macs.el -> org-ml-macs.el
    org-ml.el -> org-ml.el
Created org-ml-5.7.0.tar containing:
  org-ml-5.7.0/
  org-ml-5.7.0/org-ml-macs.el
  org-ml-5.7.0/org-ml-pkg.el
  org-ml-5.7.0/org-ml.el
Built org-ml in 3.705s, finished at 2021-08-17T11:23:24+0000
 ✓ Success:
4.0K -rw-r--r-- 1 root root  397 Aug 17 11:23 packages-stable/org-ml-5.7.0.entry
320K -rw-r--r-- 1 root root 320K Aug 17 11:23 packages-stable/org-ml-5.7.0.tar
4.0K -rw-r--r-- 1 root root 1.2K Aug 17 11:23 packages-stable/org-ml-badge.svg
4.0K -rw-r--r-- 1 root root 1.2K Aug 17 11:23 packages-stable/org-ml-readme.txt
