Package: org-commentary
Fetcher: github
Source:  https://github.com/smaximov/org-commentary.git

Updating /mnt/store/melpa/working/org-commentary/
Checking out 04fbe7f5ccc2bbe2a1bdbb2ca30e757238e24fc2
Copying files (->) and directories (=>)
  from /mnt/store/melpa/working/org-commentary/
  to /tmp/org-commentaryV9PuAQ/org-commentary-0.3.0
    org-commentary-cli.el -> org-commentary-cli.el
    org-commentary-export.el -> org-commentary-export.el
    org-commentary-headers.el -> org-commentary-headers.el
    org-commentary-util.el -> org-commentary-util.el
    org-commentary.el -> org-commentary.el
    bin => bin
Created org-commentary-0.3.0.tar containing:
  org-commentary-0.3.0/
  org-commentary-0.3.0/bin/
  org-commentary-0.3.0/bin/org-doc
  org-commentary-0.3.0/org-commentary-cli.el
  org-commentary-0.3.0/org-commentary-export.el
  org-commentary-0.3.0/org-commentary-headers.el
  org-commentary-0.3.0/org-commentary-pkg.el
  org-commentary-0.3.0/org-commentary-util.el
  org-commentary-0.3.0/org-commentary.el
Built org-commentary in 3.789s, finished at 2021-08-17T11:22:55+0000
 ✓ Success:
4.0K -rw-r--r-- 1 root root  466 Aug 17 11:22 packages-stable/org-commentary-0.3.0.entry
 52K -rw-r--r-- 1 root root  50K Aug 17 11:22 packages-stable/org-commentary-0.3.0.tar
4.0K -rw-r--r-- 1 root root 1.2K Aug 17 11:22 packages-stable/org-commentary-badge.svg
 12K -rw-r--r-- 1 root root 9.6K Aug 17 11:22 packages-stable/org-commentary-readme.txt
