Package: org-pomodoro
Fetcher: github
Source:  https://github.com/marcinkoziej/org-pomodoro.git

Updating /mnt/store/melpa/working/org-pomodoro/
Copying files (->) and directories (=>)
  from /mnt/store/melpa/working/org-pomodoro/
  to /tmp/org-pomodorodR1o8a/org-pomodoro-2.1.0
    org-pomodoro-pidgin.el -> org-pomodoro-pidgin.el
    org-pomodoro.el -> org-pomodoro.el
    resources => resources
Created org-pomodoro-2.1.0.tar containing:
  org-pomodoro-2.1.0/
  org-pomodoro-2.1.0/org-pomodoro-pidgin.el
  org-pomodoro-2.1.0/org-pomodoro-pkg.el
  org-pomodoro-2.1.0/org-pomodoro.el
  org-pomodoro-2.1.0/resources/
  org-pomodoro-2.1.0/resources/bell.wav
  org-pomodoro-2.1.0/resources/bell_multiple.wav
  org-pomodoro-2.1.0/resources/tick.wav
Built org-pomodoro in 3.072s, finished at Wed May 19 01:39:44 2021
 ✓ Success:
4.0K -rw-r--r-- 1 root root  387 May 19 01:39 packages-stable/org-pomodoro-2.1.0.entry
152K -rw-r--r-- 1 root root 150K May 19 01:39 packages-stable/org-pomodoro-2.1.0.tar
4.0K -rw-r--r-- 1 root root 1.2K May 19 01:39 packages-stable/org-pomodoro-badge.svg
4.0K -rw-r--r-- 1 root root  423 May 19 01:39 packages-stable/org-pomodoro-readme.txt
