Package: org-vcard
Fetcher: github
Source:  https://github.com/flexibeast/org-vcard.git

Updating /mnt/store/melpa/working/org-vcard/
Copying files (->) and directories (=>)
  from /mnt/store/melpa/working/org-vcard/
  to /tmp/org-vcardUGDhnW/org-vcard-0.2.0
    org-vcard.el -> org-vcard.el
    styles => styles
Created org-vcard-0.2.0.tar containing:
  org-vcard-0.2.0/
  org-vcard-0.2.0/org-vcard-pkg.el
  org-vcard-0.2.0/org-vcard.el
  org-vcard-0.2.0/styles/
  org-vcard-0.2.0/styles/flat/
  org-vcard-0.2.0/styles/flat/functions.el
  org-vcard-0.2.0/styles/flat/mappings/
  org-vcard-0.2.0/styles/flat/mappings/en
  org-vcard-0.2.0/styles/flat/mappings/en_AU
  org-vcard-0.2.0/styles/flat/mappings/en_US
  org-vcard-0.2.0/styles/tree/
  org-vcard-0.2.0/styles/tree/functions.el
  org-vcard-0.2.0/styles/tree/mappings/
  org-vcard-0.2.0/styles/tree/mappings/en
  org-vcard-0.2.0/styles/tree/mappings/en_AU
  org-vcard-0.2.0/styles/tree/mappings/en_US
Built org-vcard in 3.594s, finished at Wed May 19 01:40:47 2021
 ✓ Success:
4.0K -rw-r--r-- 1 root root  365 May 19 01:40 packages-stable/org-vcard-0.2.0.entry
100K -rw-r--r-- 1 root root 100K May 19 01:40 packages-stable/org-vcard-0.2.0.tar
4.0K -rw-r--r-- 1 root root 1.2K May 19 01:40 packages-stable/org-vcard-badge.svg
8.0K -rw-r--r-- 1 root root 6.1K May 19 01:40 packages-stable/org-vcard-readme.txt
