Package: org-ref
Fetcher: github
Source:  https://github.com/jkitchin/org-ref.git

Updating /mnt/store/melpa/working/org-ref/
Checking out db6c52f41faba686a378a8c57356a563f5cef496
Copying files (->) and directories (=>)
  from /mnt/store/melpa/working/org-ref/
  to /tmp/org-reft47Vri/org-ref-1.1.1
    doi-utils.el -> doi-utils.el
    nist-webbook.el -> nist-webbook.el
    org-ref-arxiv.el -> org-ref-arxiv.el
    org-ref-bibtex.el -> org-ref-bibtex.el
    org-ref-citeproc.el -> org-ref-citeproc.el
    org-ref-core.el -> org-ref-core.el
    org-ref-glossary.el -> org-ref-glossary.el
    org-ref-helm-bibtex.el -> org-ref-helm-bibtex.el
    org-ref-helm-cite.el -> org-ref-helm-cite.el
    org-ref-helm.el -> org-ref-helm.el
    org-ref-isbn.el -> org-ref-isbn.el
    org-ref-ivy-cite.el -> org-ref-ivy-cite.el
    org-ref-ivy.el -> org-ref-ivy.el
    org-ref-latex.el -> org-ref-latex.el
    org-ref-pdf.el -> org-ref-pdf.el
    org-ref-pubmed.el -> org-ref-pubmed.el
    org-ref-reftex.el -> org-ref-reftex.el
    org-ref-sci-id.el -> org-ref-sci-id.el
    org-ref-scifinder.el -> org-ref-scifinder.el
    org-ref-scopus.el -> org-ref-scopus.el
    org-ref-url-utils.el -> org-ref-url-utils.el
    org-ref-utils.el -> org-ref-utils.el
    org-ref-worldcat.el -> org-ref-worldcat.el
    org-ref-wos.el -> org-ref-wos.el
    org-ref.el -> org-ref.el
    x2bib.el -> x2bib.el
    org-ref.org -> org-ref.org
    org-ref.bib -> org-ref.bib
    citeproc => citeproc
Created org-ref-1.1.1.tar containing:
  org-ref-1.1.1/
  org-ref-1.1.1/citeproc/
  org-ref-1.1.1/citeproc/csl/
  org-ref-1.1.1/citeproc/csl/acs-nano.csl
  org-ref-1.1.1/citeproc/csl/author-year.el
  org-ref-1.1.1/citeproc/csl/unsrt-footnote.el
  org-ref-1.1.1/citeproc/csl/unsrt-paren.el
  org-ref-1.1.1/citeproc/csl/unsrt.el
  org-ref-1.1.1/citeproc/readme-author-year.org
  org-ref-1.1.1/citeproc/readme-unsrt.org
  org-ref-1.1.1/citeproc/readme.bib
  org-ref-1.1.1/citeproc/readme.org
  org-ref-1.1.1/doi-utils.el
  org-ref-1.1.1/nist-webbook.el
  org-ref-1.1.1/org-ref-arxiv.el
  org-ref-1.1.1/org-ref-bibtex.el
  org-ref-1.1.1/org-ref-citeproc.el
  org-ref-1.1.1/org-ref-core.el
  org-ref-1.1.1/org-ref-glossary.el
  org-ref-1.1.1/org-ref-helm-bibtex.el
  org-ref-1.1.1/org-ref-helm-cite.el
  org-ref-1.1.1/org-ref-helm.el
  org-ref-1.1.1/org-ref-isbn.el
  org-ref-1.1.1/org-ref-ivy-cite.el
  org-ref-1.1.1/org-ref-ivy.el
  org-ref-1.1.1/org-ref-latex.el
  org-ref-1.1.1/org-ref-pdf.el
  org-ref-1.1.1/org-ref-pkg.el
  org-ref-1.1.1/org-ref-pubmed.el
  org-ref-1.1.1/org-ref-reftex.el
  org-ref-1.1.1/org-ref-sci-id.el
  org-ref-1.1.1/org-ref-scifinder.el
  org-ref-1.1.1/org-ref-scopus.el
  org-ref-1.1.1/org-ref-url-utils.el
  org-ref-1.1.1/org-ref-utils.el
  org-ref-1.1.1/org-ref-worldcat.el
  org-ref-1.1.1/org-ref-wos.el
  org-ref-1.1.1/org-ref.bib
  org-ref-1.1.1/org-ref.el
  org-ref-1.1.1/org-ref.org
  org-ref-1.1.1/x2bib.el
Built org-ref in 4.183s, finished at 2021-08-17T11:23:48+0000
 ✓ Success:
4.0K -rw-r--r-- 1 root root  627 Aug 17 11:23 packages-stable/org-ref-1.1.1.entry
640K -rw-r--r-- 1 root root 640K Aug 17 11:23 packages-stable/org-ref-1.1.1.tar
4.0K -rw-r--r-- 1 root root 1.2K Aug 17 11:23 packages-stable/org-ref-badge.svg
4.0K -rw-r--r-- 1 root root  281 Aug 17 11:23 packages-stable/org-ref-readme.txt
