Package: org-roam-bibtex
Fetcher: github
Source:  https://github.com/org-roam/org-roam-bibtex.git

Updating /mnt/store/melpa/working/org-roam-bibtex/
Checking out eea7469fc32eddc9d74621b7ecc1f36832b7efd3
Copying files (->) and directories (=>)
  from /mnt/store/melpa/working/org-roam-bibtex/
  to /tmp/org-roam-bibtextLZvO8/org-roam-bibtex-0.6.0
    orb-anystyle.el -> orb-anystyle.el
    orb-compat.el -> orb-compat.el
    orb-core.el -> orb-core.el
    orb-helm.el -> orb-helm.el
    orb-ivy.el -> orb-ivy.el
    orb-pdf-scrapper.el -> orb-pdf-scrapper.el
    orb-utils.el -> orb-utils.el
    org-roam-bibtex.el -> org-roam-bibtex.el
Created org-roam-bibtex-0.6.0.tar containing:
  org-roam-bibtex-0.6.0/
  org-roam-bibtex-0.6.0/orb-anystyle.el
  org-roam-bibtex-0.6.0/orb-compat.el
  org-roam-bibtex-0.6.0/orb-core.el
  org-roam-bibtex-0.6.0/orb-helm.el
  org-roam-bibtex-0.6.0/orb-ivy.el
  org-roam-bibtex-0.6.0/orb-pdf-scrapper.el
  org-roam-bibtex-0.6.0/orb-utils.el
  org-roam-bibtex-0.6.0/org-roam-bibtex-pkg.el
  org-roam-bibtex-0.6.0/org-roam-bibtex.el
Built org-roam-bibtex in 3.874s, finished at 2021-08-17T11:23:52+0000
 ✓ Success:
4.0K -rw-r--r-- 1 root root  542 Aug 17 11:23 packages-stable/org-roam-bibtex-0.6.0.entry
180K -rw-r--r-- 1 root root 180K Aug 17 11:23 packages-stable/org-roam-bibtex-0.6.0.tar
4.0K -rw-r--r-- 1 root root 1.2K Aug 17 11:23 packages-stable/org-roam-bibtex-badge.svg
4.0K -rw-r--r-- 1 root root 1.3K Aug 17 11:23 packages-stable/org-roam-bibtex-readme.txt
