Package: org-toodledo
Fetcher: github
Source:  https://github.com/myuhe/org-toodledo.git

Updating /mnt/store/melpa/working/org-toodledo/
Copying files (->) and directories (=>)
  from /mnt/store/melpa/working/org-toodledo/
  to /tmp/org-toodledoJVX68d/org-toodledo-2.1.0
    http-post-simple.el -> http-post-simple.el
    org-toodledo.el -> org-toodledo.el
    w3mexcerpt.el -> w3mexcerpt.el
Created org-toodledo-2.1.0.tar containing:
  org-toodledo-2.1.0/
  org-toodledo-2.1.0/http-post-simple.el
  org-toodledo-2.1.0/org-toodledo-pkg.el
  org-toodledo-2.1.0/org-toodledo.el
  org-toodledo-2.1.0/w3mexcerpt.el
Built org-toodledo in 6.188s, finished at Wed May 19 01:40:36 2021
 ✓ Success:
4.0K -rw-r--r-- 1 root root  143 May 19 01:40 packages-stable/org-toodledo-2.1.0.entry
 92K -rw-r--r-- 1 root root  90K May 19 01:40 packages-stable/org-toodledo-2.1.0.tar
4.0K -rw-r--r-- 1 root root 1.2K May 19 01:40 packages-stable/org-toodledo-badge.svg
