Package: org-super-agenda
Fetcher: github
Source:  https://github.com/alphapapa/org-super-agenda.git

Updating /mnt/store/melpa/working/org-super-agenda/
Copying files (->) and directories (=>)
  from /mnt/store/melpa/working/org-super-agenda/
  to /tmp/org-super-agenda1nISNw/org-super-agenda-1.2
    org-super-agenda.el -> org-super-agenda.el
    org-super-agenda.info -> org-super-agenda.info
Created org-super-agenda-1.2.tar containing:
  org-super-agenda-1.2/
  org-super-agenda-1.2/dir
  org-super-agenda-1.2/org-super-agenda-pkg.el
  org-super-agenda-1.2/org-super-agenda.el
  org-super-agenda-1.2/org-super-agenda.info
Built org-super-agenda in 6.010s, finished at Wed May 19 01:40:18 2021
 ✓ Success:
4.0K -rw-r--r-- 1 root root  524 May 19 01:40 packages-stable/org-super-agenda-1.2.entry
 92K -rw-r--r-- 1 root root  90K May 19 01:40 packages-stable/org-super-agenda-1.2.tar
4.0K -rw-r--r-- 1 root root 1.2K May 19 01:40 packages-stable/org-super-agenda-badge.svg
4.0K -rw-r--r-- 1 root root 3.9K May 19 01:40 packages-stable/org-super-agenda-readme.txt
