Package: org-roam-server
Fetcher: github
Source:  https://github.com/org-roam/org-roam-server.git

Updating /mnt/store/melpa/working/org-roam-server/
Checking out 2093ea5a1a1f2d128dd377778472a481913717b4
Copying files (->) and directories (=>)
  from /mnt/store/melpa/working/org-roam-server/
  to /tmp/org-roam-serverrHEtFf/org-roam-server-1.1.2
    org-roam-server.el -> org-roam-server.el
    index.html -> index.html
    assets => assets
Created org-roam-server-1.1.2.tar containing:
  org-roam-server-1.1.2/
  org-roam-server-1.1.2/assets/
  org-roam-server-1.1.2/assets/bootstrap-toggle.min.css
  org-roam-server-1.1.2/assets/bootstrap-toggle.min.js
  org-roam-server-1.1.2/assets/bootstrap.min.css
  org-roam-server-1.1.2/assets/bootstrap.min.js
  org-roam-server-1.1.2/assets/jquery-3.5.0.min.js
  org-roam-server-1.1.2/assets/org.css
  org-roam-server-1.1.2/assets/select2.min.css
  org-roam-server-1.1.2/assets/select2.min.js
  org-roam-server-1.1.2/assets/vis-network.min.js
  org-roam-server-1.1.2/index.html
  org-roam-server-1.1.2/org-roam-server-pkg.el
  org-roam-server-1.1.2/org-roam-server.el
Built org-roam-server in 4.335s, finished at 2021-08-17T11:23:53+0000
 ✓ Success:
4.0K -rw-r--r-- 1 root root  523 Aug 17 11:23 packages-stable/org-roam-server-1.1.2.entry
1.3M -rw-r--r-- 1 root root 1.3M Aug 17 11:23 packages-stable/org-roam-server-1.1.2.tar
4.0K -rw-r--r-- 1 root root 1.2K Aug 17 11:23 packages-stable/org-roam-server-badge.svg
4.0K -rw-r--r-- 1 root root  166 Aug 17 11:23 packages-stable/org-roam-server-readme.txt
