Package: org-re-reveal-ref
Fetcher: gitlab
Source:  https://gitlab.com/oer/org-re-reveal-ref.git

Updating /mnt/store/melpa/working/org-re-reveal-ref/
Checking out abcd622e4edaa5e4480bcd1e7e4953f67c90e036
Copying files (->) and directories (=>)
  from /mnt/store/melpa/working/org-re-reveal-ref/
  to /tmp/org-re-reveal-refohXllK/org-re-reveal-ref-1.0.0
    org-re-reveal-ref.el -> org-re-reveal-ref.el
    LICENSES => LICENSES
    README.org -> README.org
    references.bib -> references.bib
Created org-re-reveal-ref-1.0.0.tar containing:
  org-re-reveal-ref-1.0.0/
  org-re-reveal-ref-1.0.0/LICENSES/
  org-re-reveal-ref-1.0.0/LICENSES/GPL-3.0-or-later.txt
  org-re-reveal-ref-1.0.0/README.org
  org-re-reveal-ref-1.0.0/org-re-reveal-ref-pkg.el
  org-re-reveal-ref-1.0.0/org-re-reveal-ref.el
  org-re-reveal-ref-1.0.0/references.bib
Built org-re-reveal-ref in 4.801s, finished at 2021-08-17T11:23:46+0000
 ✓ Success:
4.0K -rw-r--r-- 1 root root  494 Aug 17 11:23 packages-stable/org-re-reveal-ref-1.0.0.entry
 64K -rw-r--r-- 1 root root  60K Aug 17 11:23 packages-stable/org-re-reveal-ref-1.0.0.tar
4.0K -rw-r--r-- 1 root root 1.2K Aug 17 11:23 packages-stable/org-re-reveal-ref-badge.svg
4.0K -rw-r--r-- 1 root root 2.0K Aug 17 11:23 packages-stable/org-re-reveal-ref-readme.txt
