Package: org2jekyll
Fetcher: github
Source:  https://github.com/ardumont/org2jekyll.git

Updating /mnt/store/melpa/working/org2jekyll/
Checking out cd10a4d8894b80218c159bf1db2ac9cb075e0651
Copying files (->) and directories (=>)
  from /mnt/store/melpa/working/org2jekyll/
  to /tmp/org2jekylldog4Mm/org2jekyll-0.2.7
    org2jekyll-utilities.el -> org2jekyll-utilities.el
    org2jekyll.el -> org2jekyll.el
Created org2jekyll-0.2.7.tar containing:
  org2jekyll-0.2.7/
  org2jekyll-0.2.7/org2jekyll-pkg.el
  org2jekyll-0.2.7/org2jekyll-utilities.el
  org2jekyll-0.2.7/org2jekyll.el
Built org2jekyll in 7.170s, finished at 2021-08-17T11:24:47+0000
 ✓ Success:
4.0K -rw-r--r-- 1 root root  541 Aug 17 11:24 packages-stable/org2jekyll-0.2.7.entry
 40K -rw-r--r-- 1 root root  40K Aug 17 11:24 packages-stable/org2jekyll-0.2.7.tar
4.0K -rw-r--r-- 1 root root 1.2K Aug 17 11:24 packages-stable/org2jekyll-badge.svg
4.0K -rw-r--r-- 1 root root  701 Aug 17 11:24 packages-stable/org2jekyll-readme.txt
