Package: osx-location
Fetcher: github
Source:  https://github.com/purcell/osx-location.git

Updating /mnt/store/melpa/working/osx-location/
Checking out 110aee945b53ea550e4debe69bf3c077d940ec8c
Copying files (->) and directories (=>)
  from /mnt/store/melpa/working/osx-location/
  to /tmp/osx-locationrr9Cik/osx-location-0.4
    osx-location-pkg.el -> osx-location-pkg.el
    osx-location.el -> osx-location.el
    EmacsLocationHelper -> EmacsLocationHelper
Created osx-location-0.4.tar containing:
  osx-location-0.4/
  osx-location-0.4/EmacsLocationHelper
  osx-location-0.4/osx-location-pkg.el
  osx-location-0.4/osx-location.el
Built osx-location in 4.350s, finished at 2021-08-17T11:25:05+0000
 ✓ Success:
4.0K -rw-r--r-- 1 root root  383 Aug 17 11:25 packages-stable/osx-location-0.4.entry
 32K -rw-r--r-- 1 root root  30K Aug 17 11:25 packages-stable/osx-location-0.4.tar
4.0K -rw-r--r-- 1 root root 1.2K Aug 17 11:25 packages-stable/osx-location-badge.svg
4.0K -rw-r--r-- 1 root root 1.3K Aug 17 11:25 packages-stable/osx-location-readme.txt
