Package: outlook
Fetcher: github
Source:  https://github.com/asavonic/outlook.el.git

Updating /mnt/store/melpa/working/outlook/
Copying files (->) and directories (=>)
  from /mnt/store/melpa/working/outlook/
  to /tmp/outlookVz9FPh/outlook-0.1
    outlook-mu4e.el -> outlook-mu4e.el
    outlook.el -> outlook.el
Created outlook-0.1.tar containing:
  outlook-0.1/
  outlook-0.1/outlook-mu4e.el
  outlook-0.1/outlook-pkg.el
  outlook-0.1/outlook.el
Built outlook in 2.992s, finished at Wed May 19 01:41:13 2021
 ✓ Success:
4.0K -rw-r--r-- 1 root root  305 May 19 01:41 packages-stable/outlook-0.1.entry
 20K -rw-r--r-- 1 root root  20K May 19 01:41 packages-stable/outlook-0.1.tar
4.0K -rw-r--r-- 1 root root 1.2K May 19 01:41 packages-stable/outlook-badge.svg
4.0K -rw-r--r-- 1 root root  218 May 19 01:41 packages-stable/outlook-readme.txt
