Package: pallet
Fetcher: github
Source:  https://github.com/rdallasgray/pallet.git

Updating /mnt/store/melpa/working/pallet/
Checking out 815ccf038e6386a80dc7aa55c34d829934ad9fbf
Copying files (->) and directories (=>)
  from /mnt/store/melpa/working/pallet/
  to /tmp/palleteQuL8d/pallet-0.9.2
  ! lib/pallet-pkg.el -> pallet-pkg.el
  ! lib/pallet.el -> pallet.el
Created pallet-0.9.2.tar containing:
  pallet-0.9.2/
  pallet-0.9.2/pallet-pkg.el
  pallet-0.9.2/pallet.el
Built pallet in 4.004s, finished at 2021-08-17T11:25:58+0000
 ✓ Success:
4.0K -rw-r--r-- 1 root root  384 Aug 17 11:25 packages-stable/pallet-0.9.2.entry
 20K -rw-r--r-- 1 root root  20K Aug 17 11:25 packages-stable/pallet-0.9.2.tar
4.0K -rw-r--r-- 1 root root 1.2K Aug 17 11:25 packages-stable/pallet-badge.svg
8.0K -rw-r--r-- 1 root root 5.6K Aug 17 11:25 packages-stable/pallet-readme.txt
