Package: parseclj
Fetcher: github
Source:  https://github.com/clojure-emacs/parseclj.git

Updating /mnt/store/melpa/working/parseclj/
Copying files (->) and directories (=>)
  from /mnt/store/melpa/working/parseclj/
  to /tmp/parsecljtXjCEm/parseclj-0.2.0
    parseclj-ast.el -> parseclj-ast.el
    parseclj-lex.el -> parseclj-lex.el
    parseclj-parser.el -> parseclj-parser.el
    parseclj.el -> parseclj.el
Created parseclj-0.2.0.tar containing:
  parseclj-0.2.0/
  parseclj-0.2.0/parseclj-ast.el
  parseclj-0.2.0/parseclj-lex.el
  parseclj-0.2.0/parseclj-parser.el
  parseclj-0.2.0/parseclj-pkg.el
  parseclj-0.2.0/parseclj.el
Built parseclj in 3.174s, finished at Wed May 19 01:42:05 2021
 ✓ Success:
4.0K -rw-r--r-- 1 root root  345 May 19 01:42 packages-stable/parseclj-0.2.0.entry
 52K -rw-r--r-- 1 root root  50K May 19 01:42 packages-stable/parseclj-0.2.0.tar
4.0K -rw-r--r-- 1 root root 1.2K May 19 01:42 packages-stable/parseclj-badge.svg
4.0K -rw-r--r-- 1 root root   38 May 19 01:42 packages-stable/parseclj-readme.txt
