Package: phi-search
Fetcher: github
Source:  https://github.com/zk-phi/phi-search.git

Updating /mnt/store/melpa/working/phi-search/
Checking out 40b86bfe9ae15377fbee842b1de3d93c2eb7dd69
Copying files (->) and directories (=>)
  from /mnt/store/melpa/working/phi-search/
  to /tmp/phi-searchnNKcv4/phi-search-20160630
    phi-replace.el -> phi-replace.el
    phi-search-core.el -> phi-search-core.el
    phi-search.el -> phi-search.el
Created phi-search-20160630.tar containing:
  phi-search-20160630/
  phi-search-20160630/phi-replace.el
  phi-search-20160630/phi-search-core.el
  phi-search-20160630/phi-search-pkg.el
  phi-search-20160630/phi-search.el
Built phi-search in 3.958s, finished at 2021-08-17T11:26:57+0000
 ✓ Success:
4.0K -rw-r--r-- 1 root root  299 Aug 17 11:26 packages-stable/phi-search-20160630.entry
 52K -rw-r--r-- 1 root root  50K Aug 17 11:26 packages-stable/phi-search-20160630.tar
4.0K -rw-r--r-- 1 root root 1.2K Aug 17 11:26 packages-stable/phi-search-badge.svg
4.0K -rw-r--r-- 1 root root  203 Aug 17 11:26 packages-stable/phi-search-dired.log
 12K -rw-r--r-- 1 root root  11K Aug 17 08:01 packages-stable/phi-search-mc-2.2.1.el
4.0K -rw-r--r-- 1 root root  410 Aug 17 08:01 packages-stable/phi-search-mc-2.2.1.entry
4.0K -rw-r--r-- 1 root root 1.2K Aug 17 08:01 packages-stable/phi-search-mc-badge.svg
4.0K -rw-r--r-- 1 root root 1.9K Aug 17 08:01 packages-stable/phi-search-mc-readme.txt
4.0K -rw-r--r-- 1 root root  142 Aug 17 11:26 packages-stable/phi-search-mc.log
4.0K -rw-r--r-- 1 root root  154 Aug 17 11:26 packages-stable/phi-search-migemo.log
4.0K -rw-r--r-- 1 root root 1.2K Aug 17 11:26 packages-stable/phi-search-readme.txt
