Package: php-auto-yasnippets
Fetcher: github
Source:  https://github.com/emacs-php/php-auto-yasnippets.git

Updating /mnt/store/melpa/working/php-auto-yasnippets/
Copying files (->) and directories (=>)
  from /mnt/store/melpa/working/php-auto-yasnippets/
  to /tmp/php-auto-yasnippets6QFOvc/php-auto-yasnippets-2.3.1
    php-auto-yasnippets.el -> php-auto-yasnippets.el
    Create-PHP-YASnippet.php -> Create-PHP-YASnippet.php
Created php-auto-yasnippets-2.3.1.tar containing:
  php-auto-yasnippets-2.3.1/
  php-auto-yasnippets-2.3.1/Create-PHP-YASnippet.php
  php-auto-yasnippets-2.3.1/php-auto-yasnippets-pkg.el
  php-auto-yasnippets-2.3.1/php-auto-yasnippets.el
Built php-auto-yasnippets in 2.388s, finished at Thu Feb  4 20:54:10 2021
 ✓ Success:
4.0K -rw-r--r-- 1 root root  382 Feb  4 20:54 packages-stable/php-auto-yasnippets-2.3.1.entry
 32K -rw-r--r-- 1 root root  30K Feb  4 20:54 packages-stable/php-auto-yasnippets-2.3.1.tar
4.0K -rw-r--r-- 1 root root 1.2K Feb  4 20:54 packages-stable/php-auto-yasnippets-badge.svg
4.0K -rw-r--r-- 1 root root 1.9K Feb  4 20:54 packages-stable/php-auto-yasnippets-readme.txt
