Package: php-mode
Fetcher: github
Source:  https://github.com/emacs-php/php-mode.git

Updating /mnt/store/melpa/working/php-mode/
Copying files (->) and directories (=>)
  from /mnt/store/melpa/working/php-mode/
  to /tmp/php-modehm72Nr/php-mode-1.24.0
  ! lisp/php-align.el -> php-align.el
  ! lisp/php-face.el -> php-face.el
  ! lisp/php-local-manual.el -> php-local-manual.el
  ! lisp/php-mode-debug.el -> php-mode-debug.el
  ! lisp/php-mode.el -> php-mode.el
  ! lisp/php-project.el -> php-project.el
  ! lisp/php.el -> php.el
Created php-mode-1.24.0.tar containing:
  php-mode-1.24.0/
  php-mode-1.24.0/php-align.el
  php-mode-1.24.0/php-face.el
  php-mode-1.24.0/php-local-manual.el
  php-mode-1.24.0/php-mode-debug.el
  php-mode-1.24.0/php-mode-pkg.el
  php-mode-1.24.0/php-mode.el
  php-mode-1.24.0/php-project.el
  php-mode-1.24.0/php.el
Built php-mode in 3.837s, finished at Wed May 19 01:42:49 2021
 ✓ Success:
4.0K -rw-r--r-- 1 root root  348 May 19 01:42 packages-stable/php-mode-1.24.0.entry
132K -rw-r--r-- 1 root root 130K May 19 01:42 packages-stable/php-mode-1.24.0.tar
4.0K -rw-r--r-- 1 root root 1.2K May 19 01:42 packages-stable/php-mode-badge.svg
4.0K -rw-r--r-- 1 root root  983 May 19 01:42 packages-stable/php-mode-readme.txt
