Package: phpactor
Fetcher: github
Source:  https://github.com/emacs-php/phpactor.el.git

Updating /mnt/store/melpa/working/phpactor/
Copying files (->) and directories (=>)
  from /mnt/store/melpa/working/phpactor/
  to /tmp/phpactorWnK7rX/phpactor-0.1.0
    phpactor.el -> phpactor.el
    composer.json -> composer.json
    composer.lock -> composer.lock
Created phpactor-0.1.0.tar containing:
  phpactor-0.1.0/
  phpactor-0.1.0/composer.json
  phpactor-0.1.0/composer.lock
  phpactor-0.1.0/phpactor-pkg.el
  phpactor-0.1.0/phpactor.el
Built phpactor in 4.132s, finished at Wed May 19 01:42:52 2021
 ✓ Success:
4.0K -rw-r--r-- 1 root root  391 May 19 01:42 packages-stable/phpactor-0.1.0.entry
100K -rw-r--r-- 1 root root 100K May 19 01:42 packages-stable/phpactor-0.1.0.tar
4.0K -rw-r--r-- 1 root root 1.2K May 19 01:42 packages-stable/phpactor-badge.svg
4.0K -rw-r--r-- 1 root root  543 May 19 01:42 packages-stable/phpactor-readme.txt
