Package: pillar
Fetcher: github
Source:  https://github.com/pillar-markup/pillar-mode.git

Updating /mnt/store/melpa/working/pillar/
Copying files (->) and directories (=>)
  from /mnt/store/melpa/working/pillar/
  to /tmp/pillarnBUs0b/pillar-1.0.0
    pillar-latex2pillar.el -> pillar-latex2pillar.el
    pillar.el -> pillar.el
Created pillar-1.0.0.tar containing:
  pillar-1.0.0/
  pillar-1.0.0/pillar-latex2pillar.el
  pillar-1.0.0/pillar-pkg.el
  pillar-1.0.0/pillar.el
Built pillar in 3.548s, finished at Wed May 19 01:43:00 2021
 ✓ Success:
4.0K -rw-r--r-- 1 root root  366 May 19 01:43 packages-stable/pillar-1.0.0.entry
 32K -rw-r--r-- 1 root root  30K May 19 01:43 packages-stable/pillar-1.0.0.tar
4.0K -rw-r--r-- 1 root root 1.2K May 19 01:43 packages-stable/pillar-badge.svg
4.0K -rw-r--r-- 1 root root   36 May 19 01:43 packages-stable/pillar-readme.txt
