Package: polymode
Fetcher: github
Source:  https://github.com/polymode/polymode.git

Updating /mnt/store/melpa/working/polymode/
Copying files (->) and directories (=>)
  from /mnt/store/melpa/working/polymode/
  to /tmp/polymodeO27Q4k/polymode-0.2.2
    poly-lock.el -> poly-lock.el
    polymode-base.el -> polymode-base.el
    polymode-classes.el -> polymode-classes.el
    polymode-compat.el -> polymode-compat.el
    polymode-core.el -> polymode-core.el
    polymode-debug.el -> polymode-debug.el
    polymode-export.el -> polymode-export.el
    polymode-methods.el -> polymode-methods.el
    polymode-tangle.el -> polymode-tangle.el
    polymode-test-utils.el -> polymode-test-utils.el
    polymode-weave.el -> polymode-weave.el
    polymode.el -> polymode.el
Created polymode-0.2.2.tar containing:
  polymode-0.2.2/
  polymode-0.2.2/poly-lock.el
  polymode-0.2.2/polymode-base.el
  polymode-0.2.2/polymode-classes.el
  polymode-0.2.2/polymode-compat.el
  polymode-0.2.2/polymode-core.el
  polymode-0.2.2/polymode-debug.el
  polymode-0.2.2/polymode-export.el
  polymode-0.2.2/polymode-methods.el
  polymode-0.2.2/polymode-pkg.el
  polymode-0.2.2/polymode-tangle.el
  polymode-0.2.2/polymode-test-utils.el
  polymode-0.2.2/polymode-weave.el
  polymode-0.2.2/polymode.el
Built polymode in 2.964s, finished at Wed May 19 01:43:39 2021
 ✓ Success:
4.0K -rw-r--r-- 1 root root  351 May 19 01:43 packages-stable/polymode-0.2.2.entry
292K -rw-r--r-- 1 root root 290K May 19 01:43 packages-stable/polymode-0.2.2.tar
4.0K -rw-r--r-- 1 root root 1.2K May 19 01:43 packages-stable/polymode-badge.svg
4.0K -rw-r--r-- 1 root root  117 May 19 01:43 packages-stable/polymode-readme.txt
