Package: pony-snippets
Fetcher: github
Source:  https://github.com/ponylang/pony-snippets.git

Updating /mnt/store/melpa/working/pony-snippets/
Checking out 56018b23a11563c6766ed706024b22aa5a4556b4
Copying files (->) and directories (=>)
  from /mnt/store/melpa/working/pony-snippets/
  to /tmp/pony-snippetszjUOWy/pony-snippets-0.0.1
    pony-snippets.el -> pony-snippets.el
    snippets => snippets
Created pony-snippets-0.0.1.tar containing:
  pony-snippets-0.0.1/
  pony-snippets-0.0.1/pony-snippets-pkg.el
  pony-snippets-0.0.1/pony-snippets.el
  pony-snippets-0.0.1/snippets/
  pony-snippets-0.0.1/snippets/ponylang-mode/
  pony-snippets-0.0.1/snippets/ponylang-mode/.yas-ignore-filenames-as-triggers
  pony-snippets-0.0.1/snippets/ponylang-mode/.yas-make-groups
  pony-snippets-0.0.1/snippets/ponylang-mode/actor
  pony-snippets-0.0.1/snippets/ponylang-mode/be
  pony-snippets-0.0.1/snippets/ponylang-mode/class
  pony-snippets-0.0.1/snippets/ponylang-mode/for-else.block
  pony-snippets-0.0.1/snippets/ponylang-mode/for.block
  pony-snippets-0.0.1/snippets/ponylang-mode/fun
  pony-snippets-0.0.1/snippets/ponylang-mode/if-else.block
  pony-snippets-0.0.1/snippets/ponylang-mode/if.block
  pony-snippets-0.0.1/snippets/ponylang-mode/interface
  pony-snippets-0.0.1/snippets/ponylang-mode/lambda.block
  pony-snippets-0.0.1/snippets/ponylang-mode/match-else.block
  pony-snippets-0.0.1/snippets/ponylang-mode/match.block
  pony-snippets-0.0.1/snippets/ponylang-mode/new
  pony-snippets-0.0.1/snippets/ponylang-mode/newc
  pony-snippets-0.0.1/snippets/ponylang-mode/object.block
  pony-snippets-0.0.1/snippets/ponylang-mode/primitive
  pony-snippets-0.0.1/snippets/ponylang-mode/recover.block
  pony-snippets-0.0.1/snippets/ponylang-mode/repeat-else.block
  pony-snippets-0.0.1/snippets/ponylang-mode/repeat.block
  pony-snippets-0.0.1/snippets/ponylang-mode/struct
  pony-snippets-0.0.1/snippets/ponylang-mode/trait
  pony-snippets-0.0.1/snippets/ponylang-mode/try-else.block
  pony-snippets-0.0.1/snippets/ponylang-mode/try.block
  pony-snippets-0.0.1/snippets/ponylang-mode/type
  pony-snippets-0.0.1/snippets/ponylang-mode/use
  pony-snippets-0.0.1/snippets/ponylang-mode/while-else.block
  pony-snippets-0.0.1/snippets/ponylang-mode/while.block
  pony-snippets-0.0.1/snippets/ponylang-mode/with.block
Built pony-snippets in 3.801s, finished at 2021-08-17T11:27:59+0000
 ✓ Success:
4.0K -rw-r--r-- 1 root root  242 Aug 17 11:27 packages-stable/pony-snippets-0.0.1.entry
 40K -rw-r--r-- 1 root root  40K Aug 17 11:27 packages-stable/pony-snippets-0.0.1.tar
4.0K -rw-r--r-- 1 root root 1.2K Aug 17 11:27 packages-stable/pony-snippets-badge.svg
4.0K -rw-r--r-- 1 root root 1.1K Aug 17 11:27 packages-stable/pony-snippets-readme.txt
