Package: pophint
Fetcher: github
Source:  https://github.com/aki2o/emacs-pophint.git

Updating /mnt/store/melpa/working/pophint/
Checking out 5e13da4578ae7ba00e6f7bae31eb546d713cc19d
Copying files (->) and directories (=>)
  from /mnt/store/melpa/working/pophint/
  to /tmp/pophinthrCWnd/pophint-1.3.0
    pophint-dired.el -> pophint-dired.el
    pophint-direx.el -> pophint-direx.el
    pophint-e2wm.el -> pophint-e2wm.el
    pophint-elisp.el -> pophint-elisp.el
    pophint-eww.el -> pophint-eww.el
    pophint-help.el -> pophint-help.el
    pophint-info.el -> pophint-info.el
    pophint-isearch.el -> pophint-isearch.el
    pophint-line.el -> pophint-line.el
    pophint-mark.el -> pophint-mark.el
    pophint-outline.el -> pophint-outline.el
    pophint-ow.el -> pophint-ow.el
    pophint-quote.el -> pophint-quote.el
    pophint-region.el -> pophint-region.el
    pophint-slack.el -> pophint-slack.el
    pophint-sym.el -> pophint-sym.el
    pophint-tags.el -> pophint-tags.el
    pophint-thing.el -> pophint-thing.el
    pophint-url.el -> pophint-url.el
    pophint-vb.el -> pophint-vb.el
    pophint-w3m.el -> pophint-w3m.el
    pophint-widget.el -> pophint-widget.el
    pophint-yank.el -> pophint-yank.el
    pophint-yaol.el -> pophint-yaol.el
    pophint.el -> pophint.el
Created pophint-1.3.0.tar containing:
  pophint-1.3.0/
  pophint-1.3.0/pophint-dired.el
  pophint-1.3.0/pophint-direx.el
  pophint-1.3.0/pophint-e2wm.el
  pophint-1.3.0/pophint-elisp.el
  pophint-1.3.0/pophint-eww.el
  pophint-1.3.0/pophint-help.el
  pophint-1.3.0/pophint-info.el
  pophint-1.3.0/pophint-isearch.el
  pophint-1.3.0/pophint-line.el
  pophint-1.3.0/pophint-mark.el
  pophint-1.3.0/pophint-outline.el
  pophint-1.3.0/pophint-ow.el
  pophint-1.3.0/pophint-pkg.el
  pophint-1.3.0/pophint-quote.el
  pophint-1.3.0/pophint-region.el
  pophint-1.3.0/pophint-slack.el
  pophint-1.3.0/pophint-sym.el
  pophint-1.3.0/pophint-tags.el
  pophint-1.3.0/pophint-thing.el
  pophint-1.3.0/pophint-url.el
  pophint-1.3.0/pophint-vb.el
  pophint-1.3.0/pophint-w3m.el
  pophint-1.3.0/pophint-widget.el
  pophint-1.3.0/pophint-yank.el
  pophint-1.3.0/pophint-yaol.el
  pophint-1.3.0/pophint.el
Built pophint in 3.593s, finished at 2021-08-17T11:27:59+0000
 ✓ Success:
4.0K -rw-r--r-- 1 root root  423 Aug 17 11:27 packages-stable/pophint-1.3.0.entry
172K -rw-r--r-- 1 root root 170K Aug 17 11:27 packages-stable/pophint-1.3.0.tar
4.0K -rw-r--r-- 1 root root 1.2K Aug 17 11:27 packages-stable/pophint-badge.svg
4.0K -rw-r--r-- 1 root root 2.1K Aug 17 11:27 packages-stable/pophint-readme.txt
