Package: project-persist-drawer
Fetcher: github
Source:  https://github.com/rdallasgray/project-persist-drawer.git

Updating /mnt/store/melpa/working/project-persist-drawer/
Checking out 35aa403a46825529a2d280db4597831f40955d35
Copying files (->) and directories (=>)
  from /mnt/store/melpa/working/project-persist-drawer/
  to /tmp/project-persist-drawer2jr6w6/project-persist-drawer-0.0.4
  ! lib/project-persist-drawer-pkg.el -> project-persist-drawer-pkg.el
  ! lib/project-persist-drawer.el -> project-persist-drawer.el
Created project-persist-drawer-0.0.4.tar containing:
  project-persist-drawer-0.0.4/
  project-persist-drawer-0.0.4/project-persist-drawer-pkg.el
  project-persist-drawer-0.0.4/project-persist-drawer.el
Built project-persist-drawer in 3.481s, finished at 2021-08-17T11:28:40+0000
 ✓ Success:
4.0K -rw-r--r-- 1 root root  437 Aug 17 11:28 packages-stable/project-persist-drawer-0.0.4.entry
 12K -rw-r--r-- 1 root root  10K Aug 17 11:28 packages-stable/project-persist-drawer-0.0.4.tar
4.0K -rw-r--r-- 1 root root 1.2K Aug 17 11:28 packages-stable/project-persist-drawer-badge.svg
4.0K -rw-r--r-- 1 root root 1.1K Aug 17 11:28 packages-stable/project-persist-drawer-readme.txt
