Package: pyramid
Fetcher: github
Source:  https://github.com/dakra/pyramid.el.git

Updating /mnt/store/melpa/working/pyramid/
Checking out 59d7ec03dcb1968160ac1dfe3c979cc83fe0fe4b
Copying files (->) and directories (=>)
  from /mnt/store/melpa/working/pyramid/
  to /tmp/pyramidoBMCo0/pyramid-0.1
    pyramid.el -> pyramid.el
    snippets => snippets
Created pyramid-0.1.tar containing:
  pyramid-0.1/
  pyramid-0.1/pyramid-pkg.el
  pyramid-0.1/pyramid.el
  pyramid-0.1/snippets/
  pyramid-0.1/snippets/python-mode/
  pyramid-0.1/snippets/python-mode/assign_translate
  pyramid-0.1/snippets/python-mode/translate
  pyramid-0.1/snippets/python-mode/view
  pyramid-0.1/snippets/web-mode/
  pyramid-0.1/snippets/web-mode/route_url
Built pyramid in 3.505s, finished at 2021-08-17T11:29:28+0000
 ✓ Success:
4.0K -rw-r--r-- 1 root root  454 Aug 17 11:29 packages-stable/pyramid-0.1.entry
 40K -rw-r--r-- 1 root root  40K Aug 17 11:29 packages-stable/pyramid-0.1.tar
4.0K -rw-r--r-- 1 root root 1.2K Aug 17 11:29 packages-stable/pyramid-badge.svg
4.0K -rw-r--r-- 1 root root  359 Aug 17 11:29 packages-stable/pyramid-readme.txt
