Package: python-environment
Fetcher: github
Source:  https://github.com/tkf/emacs-python-environment.git

Updating /mnt/store/melpa/working/python-environment/
Checking out 401006584e32864a10c69d29f14414828909362e
Copying files (->) and directories (=>)
  from /mnt/store/melpa/working/python-environment/
  to /tmp/python-environmenthawXQt/python-environment-0.0.2
    python-environment.el -> python-environment.el
    test-python-environment.el -> test-python-environment.el
Created python-environment-0.0.2.tar containing:
  python-environment-0.0.2/
  python-environment-0.0.2/python-environment-pkg.el
  python-environment-0.0.2/python-environment.el
  python-environment-0.0.2/test-python-environment.el
Built python-environment in 3.343s, finished at 2021-08-17T11:29:33+0000
 ✓ Success:
4.0K -rw-r--r-- 1 root root  356 Aug 17 11:29 packages-stable/python-environment-0.0.2.entry
 32K -rw-r--r-- 1 root root  30K Aug 17 11:29 packages-stable/python-environment-0.0.2.tar
4.0K -rw-r--r-- 1 root root 1.2K Aug 17 11:29 packages-stable/python-environment-badge.svg
   0 -rw-r--r-- 1 root root    0 Aug 17 11:29 packages-stable/python-environment-readme.txt
