Package: react-snippets
Fetcher: github
Source:  https://github.com/johnmastro/react-snippets.el.git

Updating /mnt/store/melpa/working/react-snippets/
Checking out bfc4b68b81374a6a080240592641091a7e8a6d61
Copying files (->) and directories (=>)
  from /mnt/store/melpa/working/react-snippets/
  to /tmp/react-snippetsSKTdWk/react-snippets-0.1
    react-snippets-pkg.el -> react-snippets-pkg.el
    react-snippets.el -> react-snippets.el
    snippets => snippets
Created react-snippets-0.1.tar containing:
  react-snippets-0.1/
  react-snippets-0.1/react-snippets-pkg.el
  react-snippets-0.1/react-snippets.el
  react-snippets-0.1/snippets/
  react-snippets-0.1/snippets/js-mode/
  react-snippets-0.1/snippets/js-mode/cc.yasnippet
  react-snippets-0.1/snippets/js-mode/cdm.yasnippet
  react-snippets-0.1/snippets/js-mode/cdu.yasnippet
  react-snippets-0.1/snippets/js-mode/cwm.yasnippet
  react-snippets-0.1/snippets/js-mode/cwrp.yasnippet
  react-snippets-0.1/snippets/js-mode/cwu.yasnippet
  react-snippets-0.1/snippets/js-mode/cwum.yasnippet
  react-snippets-0.1/snippets/js-mode/gdp.yasnippet
  react-snippets-0.1/snippets/js-mode/gis.yasnippet
  react-snippets-0.1/snippets/js-mode/r.yasnippet
  react-snippets-0.1/snippets/js-mode/rr.yasnippet
  react-snippets-0.1/snippets/js-mode/scu.yasnippet
  react-snippets-0.1/snippets/js-mode/sp.yasnippet
  react-snippets-0.1/snippets/js-mode/ss.yasnippet
  react-snippets-0.1/snippets/js2-mode/
  react-snippets-0.1/snippets/js2-mode/.yas-parents
  react-snippets-0.1/snippets/rjsx-mode/
  react-snippets-0.1/snippets/rjsx-mode/.yas-parents
  react-snippets-0.1/snippets/web-mode/
  react-snippets-0.1/snippets/web-mode/.yas-parents
Built react-snippets in 3.905s, finished at 2021-08-17T11:30:33+0000
 ✓ Success:
4.0K -rw-r--r-- 1 root root  300 Aug 17 11:30 packages-stable/react-snippets-0.1.entry
 32K -rw-r--r-- 1 root root  30K Aug 17 11:30 packages-stable/react-snippets-0.1.tar
4.0K -rw-r--r-- 1 root root 1.2K Aug 17 11:30 packages-stable/react-snippets-badge.svg
4.0K -rw-r--r-- 1 root root   58 Aug 17 11:30 packages-stable/react-snippets-readme.txt
