Package: realgud-trepan-ni
Fetcher: github
Source:  https://github.com/realgud/realgud-trepan-ni.git

Updating /mnt/store/melpa/working/realgud-trepan-ni/
Checking out ce008862ea33de0a9e6c06099b9ddff8f620f2e4
Copying files (->) and directories (=>)
  from /mnt/store/melpa/working/realgud-trepan-ni/
  to /tmp/realgud-trepan-ni47La0d/realgud-trepan-ni-1.0.1
    realgud-trepan-ni.el -> realgud-trepan-ni.el
    trepan-ni/core.el -> trepan-ni/core.el
    trepan-ni/init.el -> trepan-ni/init.el
    trepan-ni/track-mode.el -> trepan-ni/track-mode.el
    trepan-ni/trepan-ni.el -> trepan-ni/trepan-ni.el
Created realgud-trepan-ni-1.0.1.tar containing:
  realgud-trepan-ni-1.0.1/
  realgud-trepan-ni-1.0.1/realgud-trepan-ni-pkg.el
  realgud-trepan-ni-1.0.1/realgud-trepan-ni.el
  realgud-trepan-ni-1.0.1/trepan-ni/
  realgud-trepan-ni-1.0.1/trepan-ni/core.el
  realgud-trepan-ni-1.0.1/trepan-ni/init.el
  realgud-trepan-ni-1.0.1/trepan-ni/track-mode.el
  realgud-trepan-ni-1.0.1/trepan-ni/trepan-ni.el
Built realgud-trepan-ni in 3.377s, finished at 2021-08-17T11:30:42+0000
 ✓ Success:
4.0K -rw-r--r-- 1 root root  455 Aug 17 11:30 packages-stable/realgud-trepan-ni-1.0.1.entry
 32K -rw-r--r-- 1 root root  30K Aug 17 11:30 packages-stable/realgud-trepan-ni-1.0.1.tar
4.0K -rw-r--r-- 1 root root 1.2K Aug 17 11:30 packages-stable/realgud-trepan-ni-badge.svg
4.0K -rw-r--r-- 1 root root  187 Aug 17 11:30 packages-stable/realgud-trepan-ni-readme.txt
