Package: realgud-pry
Fetcher: github
Source:  https://github.com/realgud/realgud-pry.git

Updating /mnt/store/melpa/working/realgud-pry/
Copying files (->) and directories (=>)
  from /mnt/store/melpa/working/realgud-pry/
  to /tmp/realgud-pryuk8SNS/realgud-pry-1.0.0
    realgud-pry.el -> realgud-pry.el
    pry/core.el -> pry/core.el
    pry/init.el -> pry/init.el
    pry/pry.el -> pry/pry.el
    pry/track-mode.el -> pry/track-mode.el
Created realgud-pry-1.0.0.tar containing:
  realgud-pry-1.0.0/
  realgud-pry-1.0.0/pry/
  realgud-pry-1.0.0/pry/core.el
  realgud-pry-1.0.0/pry/init.el
  realgud-pry-1.0.0/pry/pry.el
  realgud-pry-1.0.0/pry/track-mode.el
  realgud-pry-1.0.0/realgud-pry-pkg.el
  realgud-pry-1.0.0/realgud-pry.el
Built realgud-pry in 2.891s, finished at Wed May 19 01:45:43 2021
 ✓ Success:
4.0K -rw-r--r-- 1 root root  397 May 19 01:45 packages-stable/realgud-pry-1.0.0.entry
 32K -rw-r--r-- 1 root root  30K May 19 01:45 packages-stable/realgud-pry-1.0.0.tar
4.0K -rw-r--r-- 1 root root 1.2K May 19 01:45 packages-stable/realgud-pry-badge.svg
4.0K -rw-r--r-- 1 root root   42 May 19 01:45 packages-stable/realgud-pry-readme.txt
