Package: reason-mode
Fetcher: github
Source:  https://github.com/reasonml-editor/reason-mode.git

Updating /mnt/store/melpa/working/reason-mode/
Checking out ab9c9264389f695a4718ee9892bd6f5ed03ac1cf
Copying files (->) and directories (=>)
  from /mnt/store/melpa/working/reason-mode/
  to /tmp/reason-modeo9TukW/reason-mode-0.3.0
    reason-mode.el -> reason-mode.el
    refmt.el -> refmt.el
Created reason-mode-0.3.0.tar containing:
  reason-mode-0.3.0/
  reason-mode-0.3.0/reason-mode-pkg.el
  reason-mode-0.3.0/reason-mode.el
  reason-mode-0.3.0/refmt.el
Built reason-mode in 3.421s, finished at 2021-08-17T11:30:43+0000
 ✓ Success:
4.0K -rw-r--r-- 1 root root  360 Aug 17 11:30 packages-stable/reason-mode-0.3.0.entry
 72K -rw-r--r-- 1 root root  70K Aug 17 11:30 packages-stable/reason-mode-0.3.0.tar
4.0K -rw-r--r-- 1 root root 1.2K Aug 17 11:30 packages-stable/reason-mode-badge.svg
4.0K -rw-r--r-- 1 root root  460 Aug 17 11:30 packages-stable/reason-mode-readme.txt
