Package: recover-buffers
Fetcher: github
Source:  https://github.com/tripleee/recover-buffers.git

Updating /mnt/store/melpa/working/recover-buffers/
Checking out 114ac5f442e66f6dac7635aeffd8de69963140e8
Copying files (->) and directories (=>)
  from /mnt/store/melpa/working/recover-buffers/
  to /tmp/recover-bufferstEnXC9/recover-buffers-1.0
    50recover-buffers.el -> 50recover-buffers.el
    recover-buffers.el -> recover-buffers.el
Created recover-buffers-1.0.tar containing:
  recover-buffers-1.0/
  recover-buffers-1.0/50recover-buffers.el
  recover-buffers-1.0/recover-buffers-pkg.el
  recover-buffers-1.0/recover-buffers.el
Built recover-buffers in 3.363s, finished at 2021-08-17T11:30:49+0000
 ✓ Success:
4.0K -rw-r--r-- 1 root root  270 Aug 17 11:30 packages-stable/recover-buffers-1.0.entry
 12K -rw-r--r-- 1 root root  10K Aug 17 11:30 packages-stable/recover-buffers-1.0.tar
4.0K -rw-r--r-- 1 root root 1.2K Aug 17 11:30 packages-stable/recover-buffers-badge.svg
4.0K -rw-r--r-- 1 root root  396 Aug 17 11:30 packages-stable/recover-buffers-readme.txt
