Package: rime
Fetcher: github
Source:  https://github.com/DogLooksGood/emacs-rime.git

Updating /mnt/store/melpa/working/rime/
Checking out b93e761209211f8a6de1bb4b8f1d36651564a8d9
Copying files (->) and directories (=>)
  from /mnt/store/melpa/working/rime/
  to /tmp/rime1cYpNn/rime-1.0.5
    rime-predicates.el -> rime-predicates.el
    rime.el -> rime.el
    lib.c -> lib.c
    Makefile -> Makefile
Created rime-1.0.5.tar containing:
  rime-1.0.5/
  rime-1.0.5/Makefile
  rime-1.0.5/lib.c
  rime-1.0.5/rime-pkg.el
  rime-1.0.5/rime-predicates.el
  rime-1.0.5/rime.el
Built rime in 3.709s, finished at 2021-08-17T11:31:32+0000
 ✓ Success:
4.0K -rw-r--r-- 1 root root  386 Aug 17 11:31 packages-stable/rime-1.0.5.entry
 72K -rw-r--r-- 1 root root  70K Aug 17 11:31 packages-stable/rime-1.0.5.tar
4.0K -rw-r--r-- 1 root root 1.2K Aug 17 11:31 packages-stable/rime-badge.svg
4.0K -rw-r--r-- 1 root root 3.0K Aug 17 11:31 packages-stable/rime-readme.txt
