Package: robe
Fetcher: github
Source:  https://github.com/dgutov/robe.git

Updating /mnt/store/melpa/working/robe/
Checking out 082da38797d247f9c64568ad712a345e041d5c84
Copying files (->) and directories (=>)
  from /mnt/store/melpa/working/robe/
  to /tmp/robepGFMb3/robe-0.8.3
    ac-robe.el -> ac-robe.el
    company-robe.el -> company-robe.el
    robe.el -> robe.el
    lib => lib
Created robe-0.8.3.tar containing:
  robe-0.8.3/
  robe-0.8.3/ac-robe.el
  robe-0.8.3/company-robe.el
  robe-0.8.3/lib/
  robe-0.8.3/lib/robe.rb
  robe-0.8.3/lib/robe/
  robe-0.8.3/lib/robe/core_ext.rb
  robe-0.8.3/lib/robe/jvisor.rb
  robe-0.8.3/lib/robe/sash.rb
  robe-0.8.3/lib/robe/sash/
  robe-0.8.3/lib/robe/sash/const_locations.rb
  robe-0.8.3/lib/robe/sash/doc_for.rb
  robe-0.8.3/lib/robe/sash/includes_tracker.rb
  robe-0.8.3/lib/robe/scanners.rb
  robe-0.8.3/lib/robe/server.rb
  robe-0.8.3/lib/robe/type_space.rb
  robe-0.8.3/lib/robe/visor.rb
  robe-0.8.3/robe-pkg.el
  robe-0.8.3/robe.el
Built robe in 3.840s, finished at 2021-08-17T11:31:38+0000
 ✓ Success:
4.0K -rw-r--r-- 1 root root  358 Aug 17 11:31 packages-stable/robe-0.8.3.entry
 80K -rw-r--r-- 1 root root  80K Aug 17 11:31 packages-stable/robe-0.8.3.tar
4.0K -rw-r--r-- 1 root root 1.2K Aug 17 11:31 packages-stable/robe-badge.svg
4.0K -rw-r--r-- 1 root root  434 Aug 17 11:31 packages-stable/robe-readme.txt
