Package: scala-mode
Fetcher: github
Source:  https://github.com/hvesalai/emacs-scala-mode.git

Updating /mnt/store/melpa/working/scala-mode/
Copying files (->) and directories (=>)
  from /mnt/store/melpa/working/scala-mode/
  to /tmp/scala-modeA8hp0w/scala-mode-1.1.0
    scala-mode-fontlock.el -> scala-mode-fontlock.el
    scala-mode-imenu.el -> scala-mode-imenu.el
    scala-mode-indent.el -> scala-mode-indent.el
    scala-mode-lib.el -> scala-mode-lib.el
    scala-mode-map.el -> scala-mode-map.el
    scala-mode-paragraph.el -> scala-mode-paragraph.el
    scala-mode-prettify-symbols.el -> scala-mode-prettify-symbols.el
    scala-mode-syntax.el -> scala-mode-syntax.el
    scala-mode.el -> scala-mode.el
Created scala-mode-1.1.0.tar containing:
  scala-mode-1.1.0/
  scala-mode-1.1.0/scala-mode-fontlock.el
  scala-mode-1.1.0/scala-mode-imenu.el
  scala-mode-1.1.0/scala-mode-indent.el
  scala-mode-1.1.0/scala-mode-lib.el
  scala-mode-1.1.0/scala-mode-map.el
  scala-mode-1.1.0/scala-mode-paragraph.el
  scala-mode-1.1.0/scala-mode-pkg.el
  scala-mode-1.1.0/scala-mode-prettify-symbols.el
  scala-mode-1.1.0/scala-mode-syntax.el
  scala-mode-1.1.0/scala-mode.el
Built scala-mode in 3.141s, finished at Wed May 19 01:47:32 2021
 ✓ Success:
4.0K -rw-r--r-- 1 root root  232 May 19 01:47 packages-stable/scala-mode-1.1.0.entry
132K -rw-r--r-- 1 root root 130K May 19 01:47 packages-stable/scala-mode-1.1.0.tar
4.0K -rw-r--r-- 1 root root 1.2K May 19 01:47 packages-stable/scala-mode-badge.svg
   0 -rw-r--r-- 1 root root    0 May 19 01:47 packages-stable/scala-mode-readme.txt
