Package: selectrum
Fetcher: github
Source:  https://github.com/raxod502/selectrum.git

Updating /mnt/store/melpa/working/selectrum/
Checking out a9ecaa018f249c15fae8e1af5d4df337e846e92f
Copying files (->) and directories (=>)
  from /mnt/store/melpa/working/selectrum/
  to /tmp/selectrumLGXPjW/selectrum-3.1
    selectrum-helm.el -> selectrum-helm.el
    selectrum.el -> selectrum.el
Created selectrum-3.1.tar containing:
  selectrum-3.1/
  selectrum-3.1/selectrum-helm.el
  selectrum-3.1/selectrum-pkg.el
  selectrum-3.1/selectrum.el
Built selectrum in 3.672s, finished at 2021-08-17T11:32:42+0000
 ✓ Success:
4.0K -rw-r--r-- 1 root root  377 Aug 17 11:32 packages-stable/selectrum-3.1.entry
140K -rw-r--r-- 1 root root 140K Aug 17 11:32 packages-stable/selectrum-3.1.tar
4.0K -rw-r--r-- 1 root root 1.2K Aug 17 11:32 packages-stable/selectrum-badge.svg
 12K -rw-r--r-- 1 root root 8.2K Aug 17 11:32 packages-stable/selectrum-prescient-5.1.el
4.0K -rw-r--r-- 1 root root  462 Aug 17 11:32 packages-stable/selectrum-prescient-5.1.entry
4.0K -rw-r--r-- 1 root root 1.2K Aug 17 11:32 packages-stable/selectrum-prescient-badge.svg
4.0K -rw-r--r-- 1 root root  287 Aug 17 11:32 packages-stable/selectrum-prescient-readme.txt
4.0K -rw-r--r-- 1 root root  283 Aug 17 11:32 packages-stable/selectrum-prescient.log
4.0K -rw-r--r-- 1 root root  745 Aug 17 11:32 packages-stable/selectrum-readme.txt
