Package: shell-switcher
Fetcher: github
Source:  https://github.com/DamienCassou/shell-switcher.git

Updating /mnt/store/melpa/working/shell-switcher/
Checking out 2c5575ae859a82041a4bacd1793b844bfc24c34f
Copying files (->) and directories (=>)
  from /mnt/store/melpa/working/shell-switcher/
  to /tmp/shell-switcher0COvId/shell-switcher-1.0.1
    rswitcher.el -> rswitcher.el
    shell-switcher.el -> shell-switcher.el
Created shell-switcher-1.0.1.tar containing:
  shell-switcher-1.0.1/
  shell-switcher-1.0.1/rswitcher.el
  shell-switcher-1.0.1/shell-switcher-pkg.el
  shell-switcher-1.0.1/shell-switcher.el
Built shell-switcher in 3.516s, finished at 2021-08-17T11:33:09+0000
 ✓ Success:
4.0K -rw-r--r-- 1 root root  417 Aug 17 11:33 packages-stable/shell-switcher-1.0.1.entry
 32K -rw-r--r-- 1 root root  30K Aug 17 11:33 packages-stable/shell-switcher-1.0.1.tar
4.0K -rw-r--r-- 1 root root 1.2K Aug 17 11:33 packages-stable/shell-switcher-badge.svg
4.0K -rw-r--r-- 1 root root  231 Aug 17 11:33 packages-stable/shell-switcher-readme.txt
