Package: shm
Fetcher: github
Source:  https://github.com/projectional-haskell/structured-haskell-mode.git

Updating /mnt/store/melpa/working/shm/
Copying files (->) and directories (=>)
  from /mnt/store/melpa/working/shm/
  to /tmp/shmTyCV6I/shm-1.0.20
  ! elisp/shm-ast-documentation.el -> shm-ast-documentation.el
  ! elisp/shm-ast.el -> shm-ast.el
  ! elisp/shm-case-split.el -> shm-case-split.el
  ! elisp/shm-constraint.el -> shm-constraint.el
  ! elisp/shm-customizations.el -> shm-customizations.el
  ! elisp/shm-debug.el -> shm-debug.el
  ! elisp/shm-edit-string.el -> shm-edit-string.el
  ! elisp/shm-evaporate.el -> shm-evaporate.el
  ! elisp/shm-fold.el -> shm-fold.el
  ! elisp/shm-in.el -> shm-in.el
  ! elisp/shm-indent.el -> shm-indent.el
  ! elisp/shm-insert-del.el -> shm-insert-del.el
  ! elisp/shm-layout.el -> shm-layout.el
  ! elisp/shm-macros.el -> shm-macros.el
  ! elisp/shm-manipulation.el -> shm-manipulation.el
  ! elisp/shm-nav.el -> shm-nav.el
  ! elisp/shm-node.el -> shm-node.el
  ! elisp/shm-overlays.el -> shm-overlays.el
  ! elisp/shm-reformat.el -> shm-reformat.el
  ! elisp/shm-simple-indent.el -> shm-simple-indent.el
  ! elisp/shm-slot.el -> shm-slot.el
  ! elisp/shm-test.el -> shm-test.el
  ! elisp/shm-tests.el -> shm-tests.el
  ! elisp/shm-type.el -> shm-type.el
  ! elisp/shm-yank-kill.el -> shm-yank-kill.el
  ! elisp/shm.el -> shm.el
Created shm-1.0.20.tar containing:
  shm-1.0.20/
  shm-1.0.20/shm-ast-documentation.el
  shm-1.0.20/shm-ast.el
  shm-1.0.20/shm-case-split.el
  shm-1.0.20/shm-constraint.el
  shm-1.0.20/shm-customizations.el
  shm-1.0.20/shm-debug.el
  shm-1.0.20/shm-edit-string.el
  shm-1.0.20/shm-evaporate.el
  shm-1.0.20/shm-fold.el
  shm-1.0.20/shm-in.el
  shm-1.0.20/shm-indent.el
  shm-1.0.20/shm-insert-del.el
  shm-1.0.20/shm-layout.el
  shm-1.0.20/shm-macros.el
  shm-1.0.20/shm-manipulation.el
  shm-1.0.20/shm-nav.el
  shm-1.0.20/shm-node.el
  shm-1.0.20/shm-overlays.el
  shm-1.0.20/shm-pkg.el
  shm-1.0.20/shm-reformat.el
  shm-1.0.20/shm-simple-indent.el
  shm-1.0.20/shm-slot.el
  shm-1.0.20/shm-test.el
  shm-1.0.20/shm-tests.el
  shm-1.0.20/shm-type.el
  shm-1.0.20/shm-yank-kill.el
  shm-1.0.20/shm.el
Built shm in 3.478s, finished at Wed May 19 01:48:22 2021
 ✓ Success:
4.0K -rw-r--r-- 1 root root  299 May 19 01:48 packages-stable/shm-1.0.20.entry
220K -rw-r--r-- 1 root root 220K May 19 01:48 packages-stable/shm-1.0.20.tar
4.0K -rw-r--r-- 1 root root 1.2K May 19 01:48 packages-stable/shm-badge.svg
4.0K -rw-r--r-- 1 root root   55 May 19 01:48 packages-stable/shm-readme.txt
