Package: simple-bookmarks
Fetcher: github
Source:  https://github.com/jtkDvlp/simple-bookmarks.git

Updating /mnt/store/melpa/working/simple-bookmarks/
Copying files (->) and directories (=>)
  from /mnt/store/melpa/working/simple-bookmarks/
  to /tmp/simple-bookmarksnDCTaB/simple-bookmarks-1.9
    simple-bookmarks-filters.el -> simple-bookmarks-filters.el
    simple-bookmarks-funcs.el -> simple-bookmarks-funcs.el
    simple-bookmarks-interactive.el -> simple-bookmarks-interactive.el
    simple-bookmarks-utils.el -> simple-bookmarks-utils.el
    simple-bookmarks.el -> simple-bookmarks.el
Created simple-bookmarks-1.9.tar containing:
  simple-bookmarks-1.9/
  simple-bookmarks-1.9/simple-bookmarks-filters.el
  simple-bookmarks-1.9/simple-bookmarks-funcs.el
  simple-bookmarks-1.9/simple-bookmarks-interactive.el
  simple-bookmarks-1.9/simple-bookmarks-pkg.el
  simple-bookmarks-1.9/simple-bookmarks-utils.el
  simple-bookmarks-1.9/simple-bookmarks.el
Built simple-bookmarks in 3.064s, finished at Wed May 19 01:48:35 2021
 ✓ Success:
4.0K -rw-r--r-- 1 root root  426 May 19 01:48 packages-stable/simple-bookmarks-1.9.entry
 32K -rw-r--r-- 1 root root  30K May 19 01:48 packages-stable/simple-bookmarks-1.9.tar
4.0K -rw-r--r-- 1 root root 1.2K May 19 01:48 packages-stable/simple-bookmarks-badge.svg
4.0K -rw-r--r-- 1 root root 3.4K May 19 01:48 packages-stable/simple-bookmarks-readme.txt
