Package: skeletor
Fetcher: github
Source:  https://github.com/chrisbarrett/skeletor.el.git

Updating /mnt/store/melpa/working/skeletor/
Checking out d986806559628623b591542143707de8d76347d0
Copying files (->) and directories (=>)
  from /mnt/store/melpa/working/skeletor/
  to /tmp/skeletorCkVlUg/skeletor-1.6.1
    skeletor.el -> skeletor.el
  ! doc/fdl-1.3.texi -> fdl-1.3.texi
    licenses => licenses
    project-skeletons => project-skeletons
Created /tmp/skeletorCkVlUg/skeletor-1.6.1/fdl-1.3.info
Created skeletor-1.6.1.tar containing:
  skeletor-1.6.1/
  skeletor-1.6.1/dir
  skeletor-1.6.1/fdl-1.3.info
  skeletor-1.6.1/licenses/
  skeletor-1.6.1/licenses/Apache-2.0
  skeletor-1.6.1/licenses/BSD-2
  skeletor-1.6.1/licenses/DWTFYW
  skeletor-1.6.1/licenses/MIT
  skeletor-1.6.1/licenses/gpl-3.0
  skeletor-1.6.1/licenses/lgpl-3.0
  skeletor-1.6.1/project-skeletons/
  skeletor-1.6.1/project-skeletons/.dir-locals.el
  skeletor-1.6.1/project-skeletons/elisp-package-with-docs/
  skeletor-1.6.1/project-skeletons/elisp-package-with-docs/CONTRIBUTING.md
  skeletor-1.6.1/project-skeletons/elisp-package-with-docs/Cask
  skeletor-1.6.1/project-skeletons/elisp-package-with-docs/Makefile
  skeletor-1.6.1/project-skeletons/elisp-package-with-docs/README.md
  skeletor-1.6.1/project-skeletons/elisp-package-with-docs/__DOT__dir-locals.el
  skeletor-1.6.1/project-skeletons/elisp-package-with-docs/__DOT__gitignore
  skeletor-1.6.1/project-skeletons/elisp-package-with-docs/__DOT__travis.yml
  skeletor-1.6.1/project-skeletons/elisp-package-with-docs/__PROJECT-NAME__.el
  skeletor-1.6.1/project-skeletons/elisp-package-with-docs/doc/
  skeletor-1.6.1/project-skeletons/elisp-package-with-docs/doc/__PROJECT-NAME__.org
  skeletor-1.6.1/project-skeletons/elisp-package-with-docs/doc/fdl-1.3.texi
  skeletor-1.6.1/project-skeletons/elisp-package-with-docs/test/
  skeletor-1.6.1/project-skeletons/elisp-package-with-docs/test/__PROJECT-NAME__-tests.el
  skeletor-1.6.1/project-skeletons/elisp-package/
  skeletor-1.6.1/project-skeletons/elisp-package/CONTRIBUTING.md
  skeletor-1.6.1/project-skeletons/elisp-package/Cask
  skeletor-1.6.1/project-skeletons/elisp-package/Makefile
  skeletor-1.6.1/project-skeletons/elisp-package/README.md
  skeletor-1.6.1/project-skeletons/elisp-package/__DOT__dir-locals.el
  skeletor-1.6.1/project-skeletons/elisp-package/__DOT__gitignore
  skeletor-1.6.1/project-skeletons/elisp-package/__DOT__travis.yml
  skeletor-1.6.1/project-skeletons/elisp-package/__PROJECT-NAME__.el
  skeletor-1.6.1/project-skeletons/elisp-package/test/
  skeletor-1.6.1/project-skeletons/elisp-package/test/__PROJECT-NAME__-tests.el
  skeletor-1.6.1/project-skeletons/generic/
  skeletor-1.6.1/project-skeletons/generic/CONTRIBUTING.md
  skeletor-1.6.1/project-skeletons/generic/README.md
  skeletor-1.6.1/project-skeletons/haskell-project/
  skeletor-1.6.1/project-skeletons/haskell-project/CONTRIBUTING.md
  skeletor-1.6.1/project-skeletons/haskell-project/README.md
  skeletor-1.6.1/project-skeletons/haskell-project/__DOT__gitignore
  skeletor-1.6.1/project-skeletons/python-library/
  skeletor-1.6.1/project-skeletons/python-library/CONTRIBUTING.md
  skeletor-1.6.1/project-skeletons/python-library/INSTALL
  skeletor-1.6.1/project-skeletons/python-library/Makefile
  skeletor-1.6.1/project-skeletons/python-library/README.md
  skeletor-1.6.1/project-skeletons/python-library/__DOT__gitignore
  skeletor-1.6.1/project-skeletons/python-library/__init__.py
  skeletor-1.6.1/project-skeletons/scala-project/
  skeletor-1.6.1/project-skeletons/scala-project/CONTRIBUTING.md
  skeletor-1.6.1/project-skeletons/scala-project/README.md
  skeletor-1.6.1/project-skeletons/scala-project/__DOT__gitignore
  skeletor-1.6.1/project-skeletons/scala-project/build.sbt
  skeletor-1.6.1/skeletor-pkg.el
  skeletor-1.6.1/skeletor.el
Built skeletor in 5.802s, finished at 2021-08-17T11:33:40+0000
 ✓ Success:
4.0K -rw-r--r-- 1 root root  416 Aug 17 11:33 packages-stable/skeletor-1.6.1.entry
212K -rw-r--r-- 1 root root 210K Aug 17 11:33 packages-stable/skeletor-1.6.1.tar
4.0K -rw-r--r-- 1 root root 1.2K Aug 17 11:33 packages-stable/skeletor-badge.svg
4.0K -rw-r--r-- 1 root root  525 Aug 17 11:33 packages-stable/skeletor-readme.txt
