Package: sketch-themes
Fetcher: github
Source:  https://github.com/dawranliou/sketch-themes.git

Updating /mnt/store/melpa/working/sketch-themes/
Checking out df8182628052bf55e7779fb6967383629059b5c0
Copying files (->) and directories (=>)
  from /mnt/store/melpa/working/sketch-themes/
  to /tmp/sketch-themeswTw1jE/sketch-themes-1.0
    sketch-black-theme.el -> sketch-black-theme.el
    sketch-themes.el -> sketch-themes.el
    sketch-white-theme.el -> sketch-white-theme.el
Created sketch-themes-1.0.tar containing:
  sketch-themes-1.0/
  sketch-themes-1.0/sketch-black-theme.el
  sketch-themes-1.0/sketch-themes-pkg.el
  sketch-themes-1.0/sketch-themes.el
  sketch-themes-1.0/sketch-white-theme.el
Built sketch-themes in 3.512s, finished at 2021-08-17T11:33:38+0000
 ✓ Success:
4.0K -rw-r--r-- 1 root root  337 Aug 17 11:33 packages-stable/sketch-themes-1.0.entry
 20K -rw-r--r-- 1 root root  20K Aug 17 11:33 packages-stable/sketch-themes-1.0.tar
4.0K -rw-r--r-- 1 root root 1.2K Aug 17 11:33 packages-stable/sketch-themes-badge.svg
4.0K -rw-r--r-- 1 root root  291 Aug 17 11:33 packages-stable/sketch-themes-readme.txt
