Package: smart-mode-line
Fetcher: github
Source:  https://github.com/Malabarba/smart-mode-line.git

Updating /mnt/store/melpa/working/smart-mode-line/
Copying files (->) and directories (=>)
  from /mnt/store/melpa/working/smart-mode-line/
  to /tmp/smart-mode-lineFmIFMm/smart-mode-line-2.13
    smart-mode-line-dark-theme.el -> smart-mode-line-dark-theme.el
    smart-mode-line-light-theme.el -> smart-mode-line-light-theme.el
    smart-mode-line-respectful-theme.el -> smart-mode-line-respectful-theme.el
    smart-mode-line.el -> smart-mode-line.el
Created smart-mode-line-2.13.tar containing:
  smart-mode-line-2.13/
  smart-mode-line-2.13/smart-mode-line-dark-theme.el
  smart-mode-line-2.13/smart-mode-line-light-theme.el
  smart-mode-line-2.13/smart-mode-line-pkg.el
  smart-mode-line-2.13/smart-mode-line-respectful-theme.el
  smart-mode-line-2.13/smart-mode-line.el
Built smart-mode-line in 4.374s, finished at Wed May 19 01:49:08 2021
 ✓ Success:
4.0K -rw-r--r-- 1 root root  447 May 19 01:49 packages-stable/smart-mode-line-2.13.entry
 92K -rw-r--r-- 1 root root  90K May 19 01:49 packages-stable/smart-mode-line-2.13.tar
4.0K -rw-r--r-- 1 root root  286 May 19 01:49 packages-stable/smart-mode-line-atom-one-dark-theme.log
4.0K -rw-r--r-- 1 root root 1.2K May 19 01:49 packages-stable/smart-mode-line-badge.svg
4.0K -rw-r--r-- 1 root root  546 May 19 01:49 packages-stable/smart-mode-line-powerline-theme-2.13.entry
 20K -rw-r--r-- 1 root root  20K May 19 01:49 packages-stable/smart-mode-line-powerline-theme-2.13.tar
4.0K -rw-r--r-- 1 root root 1.2K May 18 22:34 packages-stable/smart-mode-line-powerline-theme-badge.svg
4.0K -rw-r--r-- 1 root root  886 May 19 01:49 packages-stable/smart-mode-line-powerline-theme.log
8.0K -rw-r--r-- 1 root root 5.9K May 19 01:49 packages-stable/smart-mode-line-readme.txt
