Package: smart-mode-line-powerline-theme
Fetcher: github
Source:  https://github.com/Malabarba/smart-mode-line.git

Updating /mnt/store/melpa/working/smart-mode-line-powerline-theme/
Checking out 9a6d821e0c78361ab35c6e403fc582b76558a1a7
Copying files (->) and directories (=>)
  from /mnt/store/melpa/working/smart-mode-line-powerline-theme/
  to /tmp/smart-mode-line-powerline-themeJ9GXNC/smart-mode-line-powerline-theme-2.13
  ! themes/smart-mode-line-light-powerline-theme.el -> smart-mode-line-light-powerline-theme.el
  ! themes/smart-mode-line-powerline-theme.el -> smart-mode-line-powerline-theme.el
Created smart-mode-line-powerline-theme-2.13.tar containing:
  smart-mode-line-powerline-theme-2.13/
  smart-mode-line-powerline-theme-2.13/smart-mode-line-light-powerline-theme.el
  smart-mode-line-powerline-theme-2.13/smart-mode-line-powerline-theme-pkg.el
  smart-mode-line-powerline-theme-2.13/smart-mode-line-powerline-theme.el
Built smart-mode-line-powerline-theme in 3.712s, finished at 2021-08-17T11:34:06+0000
 ✓ Success:
4.0K -rw-r--r-- 1 root root  546 Aug 17 11:34 packages-stable/smart-mode-line-powerline-theme-2.13.entry
 20K -rw-r--r-- 1 root root  20K Aug 17 11:34 packages-stable/smart-mode-line-powerline-theme-2.13.tar
4.0K -rw-r--r-- 1 root root 1.2K Aug 17 11:34 packages-stable/smart-mode-line-powerline-theme-badge.svg
