Package: sml-basis
Fetcher: github
Source:  https://github.com/lassik/emacs-sml-basis.git

Updating /mnt/store/melpa/working/sml-basis/
Checking out c048d575e30a20ec825fd0c5eb9c8a4428a43298
Copying files (->) and directories (=>)
  from /mnt/store/melpa/working/sml-basis/
  to /tmp/sml-basisy7XBVS/sml-basis-0.1
    sml-basis-data.el -> sml-basis-data.el
    sml-basis.el -> sml-basis.el
Created sml-basis-0.1.tar containing:
  sml-basis-0.1/
  sml-basis-0.1/sml-basis-data.el
  sml-basis-0.1/sml-basis-pkg.el
  sml-basis-0.1/sml-basis.el
Built sml-basis in 3.654s, finished at 2021-08-17T11:34:18+0000
 ✓ Success:
4.0K -rw-r--r-- 1 root root  373 Aug 17 11:34 packages-stable/sml-basis-0.1.entry
152K -rw-r--r-- 1 root root 150K Aug 17 11:34 packages-stable/sml-basis-0.1.tar
4.0K -rw-r--r-- 1 root root 1.2K Aug 17 11:34 packages-stable/sml-basis-badge.svg
4.0K -rw-r--r-- 1 root root  417 Aug 17 11:34 packages-stable/sml-basis-readme.txt
