Package: sotclojure
Fetcher: github
Source:  https://github.com/Malabarba/speed-of-thought-clojure.git

Updating /mnt/store/melpa/working/sotclojure/
Checking out ceac82aa691e8d98946471be6aaff9c9a4603c32
Copying files (->) and directories (=>)
  from /mnt/store/melpa/working/sotclojure/
  to /tmp/sotclojuretnOjqZ/sotclojure-1.3.1
    sotclojure-on.el -> sotclojure-on.el
    sotclojure.el -> sotclojure.el
Created sotclojure-1.3.1.tar containing:
  sotclojure-1.3.1/
  sotclojure-1.3.1/sotclojure-on.el
  sotclojure-1.3.1/sotclojure-pkg.el
  sotclojure-1.3.1/sotclojure.el
Built sotclojure in 3.595s, finished at 2021-08-17T11:34:40+0000
 ✓ Success:
4.0K -rw-r--r-- 1 root root  539 Aug 17 11:34 packages-stable/sotclojure-1.3.1.entry
 20K -rw-r--r-- 1 root root  20K Aug 17 11:34 packages-stable/sotclojure-1.3.1.tar
4.0K -rw-r--r-- 1 root root 1.2K Aug 17 11:34 packages-stable/sotclojure-badge.svg
4.0K -rw-r--r-- 1 root root 2.0K Aug 17 11:34 packages-stable/sotclojure-readme.txt
