Package: spaceline
Fetcher: github
Source:  https://github.com/TheBB/spaceline.git

Updating /mnt/store/melpa/working/spaceline/
Checking out 2d1a7bfb5bdaf24958f50b4bf93182847916af85
Copying files (->) and directories (=>)
  from /mnt/store/melpa/working/spaceline/
  to /tmp/spacelineX27btt/spaceline-2.0.1
    spaceline-config.el -> spaceline-config.el
    spaceline-segments.el -> spaceline-segments.el
    spaceline.el -> spaceline.el
Created spaceline-2.0.1.tar containing:
  spaceline-2.0.1/
  spaceline-2.0.1/spaceline-config.el
  spaceline-2.0.1/spaceline-pkg.el
  spaceline-2.0.1/spaceline-segments.el
  spaceline-2.0.1/spaceline.el
Built spaceline in 4.467s, finished at 2021-08-17T11:34:48+0000
 ✓ Success:
4.0K -rw-r--r-- 1 root root  511 Aug 17 11:34 packages-stable/spaceline-2.0.1.entry
 60K -rw-r--r-- 1 root root  60K Aug 17 11:34 packages-stable/spaceline-2.0.1.tar
4.0K -rw-r--r-- 1 root root  536 Aug 17 08:10 packages-stable/spaceline-all-the-icons-1.4.0.entry
100K -rw-r--r-- 1 root root 100K Aug 17 08:10 packages-stable/spaceline-all-the-icons-1.4.0.tar
4.0K -rw-r--r-- 1 root root 1.2K Aug 17 08:10 packages-stable/spaceline-all-the-icons-badge.svg
4.0K -rw-r--r-- 1 root root 3.0K Aug 17 08:10 packages-stable/spaceline-all-the-icons-readme.txt
4.0K -rw-r--r-- 1 root root  177 Aug 17 11:34 packages-stable/spaceline-all-the-icons.log
4.0K -rw-r--r-- 1 root root 1.2K Aug 17 11:34 packages-stable/spaceline-badge.svg
4.0K -rw-r--r-- 1 root root  239 Aug 17 11:34 packages-stable/spaceline-readme.txt
