Package: spaceline-all-the-icons
Fetcher: github
Source:  https://github.com/domtronn/spaceline-all-the-icons.el.git

Updating /mnt/store/melpa/working/spaceline-all-the-icons/
Checking out 7eafe2d7a81f8d10e03498bdcc3bec0ea50f905d
Copying files (->) and directories (=>)
  from /mnt/store/melpa/working/spaceline-all-the-icons/
  to /tmp/spaceline-all-the-iconsMgFnlg/spaceline-all-the-icons-1.4.0
    spaceline-all-the-icons-segments.el -> spaceline-all-the-icons-segments.el
    spaceline-all-the-icons-separators.el -> spaceline-all-the-icons-separators.el
    spaceline-all-the-icons.el -> spaceline-all-the-icons.el
Created spaceline-all-the-icons-1.4.0.tar containing:
  spaceline-all-the-icons-1.4.0/
  spaceline-all-the-icons-1.4.0/spaceline-all-the-icons-pkg.el
  spaceline-all-the-icons-1.4.0/spaceline-all-the-icons-segments.el
  spaceline-all-the-icons-1.4.0/spaceline-all-the-icons-separators.el
  spaceline-all-the-icons-1.4.0/spaceline-all-the-icons.el
Built spaceline-all-the-icons in 4.890s, finished at 2021-08-17T11:34:51+0000
 ✓ Success:
4.0K -rw-r--r-- 1 root root  536 Aug 17 11:34 packages-stable/spaceline-all-the-icons-1.4.0.entry
100K -rw-r--r-- 1 root root 100K Aug 17 11:34 packages-stable/spaceline-all-the-icons-1.4.0.tar
4.0K -rw-r--r-- 1 root root 1.2K Aug 17 11:34 packages-stable/spaceline-all-the-icons-badge.svg
4.0K -rw-r--r-- 1 root root 3.0K Aug 17 11:34 packages-stable/spaceline-all-the-icons-readme.txt
