Package: sphinx-mode
Fetcher: github
Source:  https://github.com/Fuco1/sphinx-mode.git

Updating /mnt/store/melpa/working/sphinx-mode/
Checking out 3d6e3059350593dc077f06f54c33869b9e28f7bc
Copying files (->) and directories (=>)
  from /mnt/store/melpa/working/sphinx-mode/
  to /tmp/sphinx-modesszlfj/sphinx-mode-0.1.1
    sphinx-mode-pkg.el -> sphinx-mode-pkg.el
    sphinx-mode.el -> sphinx-mode.el
    sphinx-src.el -> sphinx-src.el
Created sphinx-mode-0.1.1.tar containing:
  sphinx-mode-0.1.1/
  sphinx-mode-0.1.1/sphinx-mode-pkg.el
  sphinx-mode-0.1.1/sphinx-mode.el
  sphinx-mode-0.1.1/sphinx-src.el
Built sphinx-mode in 6.048s, finished at 2021-08-17T11:35:05+0000
 ✓ Success:
4.0K -rw-r--r-- 1 root root  315 Aug 17 11:35 packages-stable/sphinx-mode-0.1.1.entry
 12K -rw-r--r-- 1 root root  10K Aug 17 11:35 packages-stable/sphinx-mode-0.1.1.tar
4.0K -rw-r--r-- 1 root root 1.2K Aug 17 11:35 packages-stable/sphinx-mode-badge.svg
   0 -rw-r--r-- 1 root root    0 Aug 17 11:35 packages-stable/sphinx-mode-readme.txt
