Package: stan-mode
Fetcher: github
Source:  https://github.com/stan-dev/stan-mode.git

Updating /mnt/store/melpa/working/stan-mode/
Checking out 2dd330604563d143031fc8ffd516266217aa1f9b
Copying files (->) and directories (=>)
  from /mnt/store/melpa/working/stan-mode/
  to /tmp/stan-modesii3xg/stan-mode-10.2.0
  ! stan-mode/stan-keywords.el -> stan-keywords.el
  ! stan-mode/stan-mode.el -> stan-mode.el
Created stan-mode-10.2.0.tar containing:
  stan-mode-10.2.0/
  stan-mode-10.2.0/stan-keywords.el
  stan-mode-10.2.0/stan-mode-pkg.el
  stan-mode-10.2.0/stan-mode.el
Built stan-mode in 4.296s, finished at 2021-08-17T11:35:27+0000
 ✓ Success:
4.0K -rw-r--r-- 1 root root  528 Aug 17 11:35 packages-stable/stan-mode-10.2.0.entry
 60K -rw-r--r-- 1 root root  60K Aug 17 11:35 packages-stable/stan-mode-10.2.0.tar
4.0K -rw-r--r-- 1 root root 1.2K Aug 17 11:35 packages-stable/stan-mode-badge.svg
4.0K -rw-r--r-- 1 root root  242 Aug 17 11:35 packages-stable/stan-mode-readme.txt
