Package: swift-mode
Fetcher: github
Source:  https://github.com/swift-emacs/swift-mode.git

Updating /mnt/store/melpa/working/swift-mode/
Checking out 1b47a09f1c0e15c543e0551e7f1e643f437e7711
Copying files (->) and directories (=>)
  from /mnt/store/melpa/working/swift-mode/
  to /tmp/swift-modeGjCRMl/swift-mode-8.3.0
    src-autoloads.el -> src-autoloads.el
    swift-mode-beginning-of-defun.el -> swift-mode-beginning-of-defun.el
    swift-mode-font-lock.el -> swift-mode-font-lock.el
    swift-mode-imenu.el -> swift-mode-imenu.el
    swift-mode-indent.el -> swift-mode-indent.el
    swift-mode-lexer.el -> swift-mode-lexer.el
    swift-mode-repl.el -> swift-mode-repl.el
    swift-mode-standard-types.el -> swift-mode-standard-types.el
    swift-mode.el -> swift-mode.el
Created swift-mode-8.3.0.tar containing:
  swift-mode-8.3.0/
  swift-mode-8.3.0/src-autoloads.el
  swift-mode-8.3.0/swift-mode-beginning-of-defun.el
  swift-mode-8.3.0/swift-mode-font-lock.el
  swift-mode-8.3.0/swift-mode-imenu.el
  swift-mode-8.3.0/swift-mode-indent.el
  swift-mode-8.3.0/swift-mode-lexer.el
  swift-mode-8.3.0/swift-mode-pkg.el
  swift-mode-8.3.0/swift-mode-repl.el
  swift-mode-8.3.0/swift-mode-standard-types.el
  swift-mode-8.3.0/swift-mode.el
Built swift-mode in 4.084s, finished at 2021-08-17T11:36:23+0000
 ✓ Success:
4.0K -rw-r--r-- 1 root root  312 Aug 17 11:36 packages-stable/swift-mode-8.3.0.entry
440K -rw-r--r-- 1 root root 440K Aug 17 11:36 packages-stable/swift-mode-8.3.0.tar
4.0K -rw-r--r-- 1 root root 1.2K Aug 17 11:36 packages-stable/swift-mode-badge.svg
4.0K -rw-r--r-- 1 root root   51 Aug 17 11:36 packages-stable/swift-mode-readme.txt
