Package: swoop
Fetcher: github
Source:  https://github.com/emacsorphanage/swoop.git

Updating /mnt/store/melpa/working/swoop/
Copying files (->) and directories (=>)
  from /mnt/store/melpa/working/swoop/
  to /tmp/swoopTDphBR/swoop-1.0
    swoop-edit.el -> swoop-edit.el
    swoop-lib.el -> swoop-lib.el
    swoop.el -> swoop.el
Created swoop-1.0.tar containing:
  swoop-1.0/
  swoop-1.0/swoop-edit.el
  swoop-1.0/swoop-lib.el
  swoop-1.0/swoop-pkg.el
  swoop-1.0/swoop.el
Built swoop in 2.659s, finished at Wed May 19 01:50:54 2021
 ✓ Success:
4.0K -rw-r--r-- 1 root root  434 May 19 01:50 packages-stable/swoop-1.0.entry
 60K -rw-r--r-- 1 root root  60K May 19 01:50 packages-stable/swoop-1.0.tar
4.0K -rw-r--r-- 1 root root 1.2K May 19 01:50 packages-stable/swoop-badge.svg
4.0K -rw-r--r-- 1 root root 1.4K May 19 01:50 packages-stable/swoop-readme.txt
