Package: tabbar
Fetcher: github
Source:  https://github.com/dholm/tabbar.git

Updating /mnt/store/melpa/working/tabbar/
Checking out 82bbda31cbe8ef367dd6501c3aa14b7f2c835910
Copying files (->) and directories (=>)
  from /mnt/store/melpa/working/tabbar/
  to /tmp/tabbarPzRPPx/tabbar-2.2
    tabbar.el -> tabbar.el
    down.png -> down.png
    up.png -> up.png
Created tabbar-2.2.tar containing:
  tabbar-2.2/
  tabbar-2.2/down.png
  tabbar-2.2/tabbar-pkg.el
  tabbar-2.2/tabbar.el
  tabbar-2.2/up.png
Built tabbar in 3.500s, finished at 2021-08-17T11:36:48+0000
 ✓ Success:
4.0K -rw-r--r-- 1 root root  264 Aug 17 11:36 packages-stable/tabbar-2.2.entry
 80K -rw-r--r-- 1 root root  80K Aug 17 11:36 packages-stable/tabbar-2.2.tar
4.0K -rw-r--r-- 1 root root 1.2K Aug 17 11:36 packages-stable/tabbar-badge.svg
8.0K -rw-r--r-- 1 root root 6.6K Aug 17 11:36 packages-stable/tabbar-readme.txt
4.0K -rw-r--r-- 1 root root  409 Aug 17 08:12 packages-stable/tabbar-ruler-0.45.entry
 92K -rw-r--r-- 1 root root  90K Aug 17 08:12 packages-stable/tabbar-ruler-0.45.tar
4.0K -rw-r--r-- 1 root root 1.2K Aug 17 08:12 packages-stable/tabbar-ruler-badge.svg
4.0K -rw-r--r-- 1 root root 1.9K Aug 17 08:12 packages-stable/tabbar-ruler-readme.txt
4.0K -rw-r--r-- 1 root root  200 Aug 17 11:36 packages-stable/tabbar-ruler.log
