Package: tablist
Fetcher: github
Source:  https://github.com/politza/tablist.git

Updating /mnt/store/melpa/working/tablist/
Checking out f6b495d09494784163c3e6ba75b771b71fe226a8
Copying files (->) and directories (=>)
  from /mnt/store/melpa/working/tablist/
  to /tmp/tablistMfgv69/tablist-1.0
    tablist-filter.el -> tablist-filter.el
    tablist.el -> tablist.el
Created tablist-1.0.tar containing:
  tablist-1.0/
  tablist-1.0/tablist-filter.el
  tablist-1.0/tablist-pkg.el
  tablist-1.0/tablist.el
Built tablist in 4.071s, finished at 2021-08-17T11:36:51+0000
 ✓ Success:
4.0K -rw-r--r-- 1 root root  303 Aug 17 11:36 packages-stable/tablist-1.0.entry
 92K -rw-r--r-- 1 root root  90K Aug 17 11:36 packages-stable/tablist-1.0.tar
4.0K -rw-r--r-- 1 root root 1.2K Aug 17 11:36 packages-stable/tablist-badge.svg
4.0K -rw-r--r-- 1 root root  252 Aug 17 11:36 packages-stable/tablist-readme.txt
