Package: tao-theme
Fetcher: github
Source:  https://github.com/11111000000/tao-theme-emacs.git

Updating /mnt/store/melpa/working/tao-theme/
Checking out af142b423536b47bce67afda5108dbf3a9317521
Copying files (->) and directories (=>)
  from /mnt/store/melpa/working/tao-theme/
  to /tmp/tao-themeOulEIM/tao-theme-1.1.1
    tao-theme-pkg.el -> tao-theme-pkg.el
    tao-theme.el -> tao-theme.el
    tao-yang-theme.el -> tao-yang-theme.el
    tao-yin-theme.el -> tao-yin-theme.el
Created tao-theme-1.1.1.tar containing:
  tao-theme-1.1.1/
  tao-theme-1.1.1/tao-theme-pkg.el
  tao-theme-1.1.1/tao-theme.el
  tao-theme-1.1.1/tao-yang-theme.el
  tao-theme-1.1.1/tao-yin-theme.el
Built tao-theme in 4.123s, finished at 2021-08-17T11:36:56+0000
 ✓ Success:
4.0K -rw-r--r-- 1 root root  390 Aug 17 11:36 packages-stable/tao-theme-1.1.1.entry
100K -rw-r--r-- 1 root root 100K Aug 17 11:36 packages-stable/tao-theme-1.1.1.tar
4.0K -rw-r--r-- 1 root root 1.2K Aug 17 11:36 packages-stable/tao-theme-badge.svg
4.0K -rw-r--r-- 1 root root  539 Aug 17 11:36 packages-stable/tao-theme-readme.txt
