Package: term-alert
Fetcher: github
Source:  https://github.com/calliecameron/term-alert.git

Updating /mnt/store/melpa/working/term-alert/
Checking out 47af9e6fe483ef0d393098c145f499362a33292a
Copying files (->) and directories (=>)
  from /mnt/store/melpa/working/term-alert/
  to /tmp/term-alertfhnkcU/term-alert-1.2
    term-alert-pkg.el -> term-alert-pkg.el
    term-alert.el -> term-alert.el
    setup => setup
Created term-alert-1.2.tar containing:
  term-alert-1.2/
  term-alert-1.2/setup/
  term-alert-1.2/setup/setup.bash
  term-alert-1.2/setup/setup.zsh
  term-alert-1.2/term-alert-pkg.el
  term-alert-1.2/term-alert.el
Built term-alert in 3.441s, finished at 2021-08-17T11:37:10+0000
 ✓ Success:
4.0K -rw-r--r-- 1 root root  520 Aug 17 11:37 packages-stable/term-alert-1.2.entry
 20K -rw-r--r-- 1 root root  20K Aug 17 11:37 packages-stable/term-alert-1.2.tar
4.0K -rw-r--r-- 1 root root 1.2K Aug 17 11:37 packages-stable/term-alert-badge.svg
4.0K -rw-r--r-- 1 root root 1.7K Aug 17 11:37 packages-stable/term-alert-readme.txt
