Package: tide
Fetcher: github
Source:  https://github.com/ananthakumaran/tide.git

Updating /mnt/store/melpa/working/tide/
Checking out 2a3ac4f38472d66e2d8a6bbe5dadb52bc008acbd
Copying files (->) and directories (=>)
  from /mnt/store/melpa/working/tide/
  to /tmp/tidelK4m3O/tide-4.2.3
    tide-lv.el -> tide-lv.el
    tide.el -> tide.el
    tsserver => tsserver
Created tide-4.2.3.tar containing:
  tide-4.2.3/
  tide-4.2.3/tide-lv.el
  tide-4.2.3/tide-pkg.el
  tide-4.2.3/tide.el
  tide-4.2.3/tsserver/
  tide-4.2.3/tsserver/lib.core.d.ts
  tide-4.2.3/tsserver/lib.core.es6.d.ts
  tide-4.2.3/tsserver/lib.d.ts
  tide-4.2.3/tsserver/lib.dom.d.ts
  tide-4.2.3/tsserver/lib.dom.iterable.d.ts
  tide-4.2.3/tsserver/lib.es2015.collection.d.ts
  tide-4.2.3/tsserver/lib.es2015.core.d.ts
  tide-4.2.3/tsserver/lib.es2015.d.ts
  tide-4.2.3/tsserver/lib.es2015.generator.d.ts
  tide-4.2.3/tsserver/lib.es2015.iterable.d.ts
  tide-4.2.3/tsserver/lib.es2015.promise.d.ts
  tide-4.2.3/tsserver/lib.es2015.proxy.d.ts
  tide-4.2.3/tsserver/lib.es2015.reflect.d.ts
  tide-4.2.3/tsserver/lib.es2015.symbol.d.ts
  tide-4.2.3/tsserver/lib.es2015.symbol.wellknown.d.ts
  tide-4.2.3/tsserver/lib.es2016.array.include.d.ts
  tide-4.2.3/tsserver/lib.es2016.d.ts
  tide-4.2.3/tsserver/lib.es2016.full.d.ts
  tide-4.2.3/tsserver/lib.es2017.d.ts
  tide-4.2.3/tsserver/lib.es2017.full.d.ts
  tide-4.2.3/tsserver/lib.es2017.intl.d.ts
  tide-4.2.3/tsserver/lib.es2017.object.d.ts
  tide-4.2.3/tsserver/lib.es2017.sharedmemory.d.ts
  tide-4.2.3/tsserver/lib.es2017.string.d.ts
  tide-4.2.3/tsserver/lib.es2017.typedarrays.d.ts
  tide-4.2.3/tsserver/lib.es2018.asyncgenerator.d.ts
  tide-4.2.3/tsserver/lib.es2018.asynciterable.d.ts
  tide-4.2.3/tsserver/lib.es2018.d.ts
  tide-4.2.3/tsserver/lib.es2018.full.d.ts
  tide-4.2.3/tsserver/lib.es2018.intl.d.ts
  tide-4.2.3/tsserver/lib.es2018.promise.d.ts
  tide-4.2.3/tsserver/lib.es2018.regexp.d.ts
  tide-4.2.3/tsserver/lib.es2019.array.d.ts
  tide-4.2.3/tsserver/lib.es2019.d.ts
  tide-4.2.3/tsserver/lib.es2019.full.d.ts
  tide-4.2.3/tsserver/lib.es2019.object.d.ts
  tide-4.2.3/tsserver/lib.es2019.string.d.ts
  tide-4.2.3/tsserver/lib.es2019.symbol.d.ts
  tide-4.2.3/tsserver/lib.es2020.bigint.d.ts
  tide-4.2.3/tsserver/lib.es2020.d.ts
  tide-4.2.3/tsserver/lib.es2020.full.d.ts
  tide-4.2.3/tsserver/lib.es2020.intl.d.ts
  tide-4.2.3/tsserver/lib.es2020.promise.d.ts
  tide-4.2.3/tsserver/lib.es2020.sharedmemory.d.ts
  tide-4.2.3/tsserver/lib.es2020.string.d.ts
  tide-4.2.3/tsserver/lib.es2020.symbol.wellknown.d.ts
  tide-4.2.3/tsserver/lib.es5.d.ts
  tide-4.2.3/tsserver/lib.es6.d.ts
  tide-4.2.3/tsserver/lib.esnext.array.d.ts
  tide-4.2.3/tsserver/lib.esnext.asynciterable.d.ts
  tide-4.2.3/tsserver/lib.esnext.bigint.d.ts
  tide-4.2.3/tsserver/lib.esnext.d.ts
  tide-4.2.3/tsserver/lib.esnext.full.d.ts
  tide-4.2.3/tsserver/lib.esnext.intl.d.ts
  tide-4.2.3/tsserver/lib.esnext.promise.d.ts
  tide-4.2.3/tsserver/lib.esnext.string.d.ts
  tide-4.2.3/tsserver/lib.esnext.symbol.d.ts
  tide-4.2.3/tsserver/lib.esnext.weakref.d.ts
  tide-4.2.3/tsserver/lib.scripthost.d.ts
  tide-4.2.3/tsserver/lib.webworker.d.ts
  tide-4.2.3/tsserver/lib.webworker.importscripts.d.ts
  tide-4.2.3/tsserver/lib.webworker.iterable.d.ts
  tide-4.2.3/tsserver/tsconfig.json
  tide-4.2.3/tsserver/tsserver.js
  tide-4.2.3/tsserver/typingsInstaller.js
Built tide in 4.510s, finished at 2021-08-17T11:37:37+0000
 ✓ Success:
4.0K -rw-r--r-- 1 root root  475 Aug 17 11:37 packages-stable/tide-4.2.3.entry
 19M -rw-r--r-- 1 root root  19M Aug 17 11:37 packages-stable/tide-4.2.3.tar
4.0K -rw-r--r-- 1 root root 1.2K Aug 17 11:37 packages-stable/tide-badge.svg
   0 -rw-r--r-- 1 root root    0 Aug 17 11:37 packages-stable/tide-readme.txt
