Package: timesheet
Fetcher: github
Source:  https://github.com/tmarble/timesheet.el.git

Updating /mnt/store/melpa/working/timesheet/
Checking out 67ca6a9f6733052066b438301fb2dd81b8b3f6eb
Copying files (->) and directories (=>)
  from /mnt/store/melpa/working/timesheet/
  to /tmp/timesheetP947FF/timesheet-0.4.1
    timesheet.el -> timesheet.el
    bin => bin
    share => share
Created timesheet-0.4.1.tar containing:
  timesheet-0.4.1/
  timesheet-0.4.1/bin/
  timesheet-0.4.1/bin/shell.funcs
  timesheet-0.4.1/bin/timesheet-invoice
  timesheet-0.4.1/share/
  timesheet-0.4.1/share/defs.tex
  timesheet-0.4.1/share/logo.pdf
  timesheet-0.4.1/share/main.tex
  timesheet-0.4.1/share/yoyodyne-fr.org
  timesheet-0.4.1/share/yoyodyne-uk.org
  timesheet-0.4.1/share/yoyodyne.org
  timesheet-0.4.1/timesheet-pkg.el
  timesheet-0.4.1/timesheet.el
Built timesheet in 3.612s, finished at 2021-08-17T11:37:42+0000
 ✓ Success:
4.0K -rw-r--r-- 1 root root  379 Aug 17 11:37 packages-stable/timesheet-0.4.1.entry
140K -rw-r--r-- 1 root root 140K Aug 17 11:37 packages-stable/timesheet-0.4.1.tar
4.0K -rw-r--r-- 1 root root 1.2K Aug 17 11:37 packages-stable/timesheet-badge.svg
4.0K -rw-r--r-- 1 root root 1.1K Aug 17 11:37 packages-stable/timesheet-readme.txt
