Package: tracking
Fetcher: github
Source:  https://github.com/jorgenschaefer/circe.git

Updating /mnt/store/melpa/working/tracking/
Copying files (->) and directories (=>)
  from /mnt/store/melpa/working/tracking/
  to /tmp/trackingLuLyzz/tracking-2.11
    tracking.el -> tracking.el
    shorten.el -> shorten.el
Created tracking-2.11.tar containing:
  tracking-2.11/
  tracking-2.11/shorten.el
  tracking-2.11/tracking-pkg.el
  tracking-2.11/tracking.el
Built tracking in 3.037s, finished at Wed May 19 01:52:36 2021
 ✓ Success:
4.0K -rw-r--r-- 1 root root  320 May 19 01:52 packages-stable/tracking-2.11.entry
 32K -rw-r--r-- 1 root root  30K May 19 01:52 packages-stable/tracking-2.11.tar
4.0K -rw-r--r-- 1 root root 1.2K May 19 01:52 packages-stable/tracking-badge.svg
4.0K -rw-r--r-- 1 root root  357 May 19 01:52 packages-stable/tracking-readme.txt
