Package: treemacs
Fetcher: github
Source:  https://github.com/Alexander-Miller/treemacs.git

Updating /mnt/store/melpa/working/treemacs/
Checking out 16b0819c6f27f45fe0495a29eeff5f01bd765b04
Copying files (->) and directories (=>)
  from /mnt/store/melpa/working/treemacs/
  to /tmp/treemacsrO0sjd/treemacs-2.8
    Changelog.org -> Changelog.org
    icons => icons
  ! src/elisp/treemacs-async.el -> treemacs-async.el
  ! src/elisp/treemacs-bookmarks.el -> treemacs-bookmarks.el
  ! src/elisp/treemacs-compatibility.el -> treemacs-compatibility.el
  ! src/elisp/treemacs-core-utils.el -> treemacs-core-utils.el
  ! src/elisp/treemacs-customization.el -> treemacs-customization.el
  ! src/elisp/treemacs-diagnostics.el -> treemacs-diagnostics.el
  ! src/elisp/treemacs-dom.el -> treemacs-dom.el
  ! src/elisp/treemacs-extensions.el -> treemacs-extensions.el
  ! src/elisp/treemacs-faces.el -> treemacs-faces.el
  ! src/elisp/treemacs-filewatch-mode.el -> treemacs-filewatch-mode.el
  ! src/elisp/treemacs-follow-mode.el -> treemacs-follow-mode.el
  ! src/elisp/treemacs-fringe-indicator.el -> treemacs-fringe-indicator.el
  ! src/elisp/treemacs-icons.el -> treemacs-icons.el
  ! src/elisp/treemacs-interface.el -> treemacs-interface.el
  ! src/elisp/treemacs-macros.el -> treemacs-macros.el
  ! src/elisp/treemacs-mode.el -> treemacs-mode.el
  ! src/elisp/treemacs-mouse-interface.el -> treemacs-mouse-interface.el
  ! src/elisp/treemacs-persistence.el -> treemacs-persistence.el
  ! src/elisp/treemacs-rendering.el -> treemacs-rendering.el
  ! src/elisp/treemacs-scope.el -> treemacs-scope.el
  ! src/elisp/treemacs-tag-follow-mode.el -> treemacs-tag-follow-mode.el
  ! src/elisp/treemacs-tags.el -> treemacs-tags.el
  ! src/elisp/treemacs-themes.el -> treemacs-themes.el
  ! src/elisp/treemacs-visuals.el -> treemacs-visuals.el
  ! src/elisp/treemacs-workspaces.el -> treemacs-workspaces.el
  ! src/elisp/treemacs.el -> treemacs.el
  ! src/scripts/treemacs-dirs-to-collapse.py -> treemacs-dirs-to-collapse.py
  ! src/scripts/treemacs-git-status.py -> treemacs-git-status.py
  ! src/scripts/treemacs-single-file-git-status.py -> treemacs-single-file-git-status.py
Created treemacs-2.8.tar containing:
  treemacs-2.8/
  treemacs-2.8/Changelog.org
  treemacs-2.8/icons/
  treemacs-2.8/icons/default/
  treemacs-2.8/icons/default/asciidoc.png
  treemacs-2.8/icons/default/audio.png
  treemacs-2.8/icons/default/babel.png
  treemacs-2.8/icons/default/buffer-group-closed.png
  treemacs-2.8/icons/default/buffer-group-open.png
  treemacs-2.8/icons/default/c.png
  treemacs-2.8/icons/default/cabal.png
  treemacs-2.8/icons/default/clojure.png
  treemacs-2.8/icons/default/conf.png
  treemacs-2.8/icons/default/css.png
  treemacs-2.8/icons/default/dart.png
  treemacs-2.8/icons/default/direnv.png
  treemacs-2.8/icons/default/docker.png
  treemacs-2.8/icons/default/elx-light.png
  treemacs-2.8/icons/default/elx.png
  treemacs-2.8/icons/default/emacs.png
  treemacs-2.8/icons/default/erlang.png
  treemacs-2.8/icons/default/error.png
  treemacs-2.8/icons/default/git.png
  treemacs-2.8/icons/default/go.png
  treemacs-2.8/icons/default/haskell.png
  treemacs-2.8/icons/default/html.png
  treemacs-2.8/icons/default/hy.png
  treemacs-2.8/icons/default/image.png
  treemacs-2.8/icons/default/info.png
  treemacs-2.8/icons/default/jar.png
  treemacs-2.8/icons/default/jinja2.png
  treemacs-2.8/icons/default/js.png
  treemacs-2.8/icons/default/json.png
  treemacs-2.8/icons/default/julia.png
  treemacs-2.8/icons/default/kotlin.png
  treemacs-2.8/icons/default/ledger.png
  treemacs-2.8/icons/default/lock.png
  treemacs-2.8/icons/default/markdown.png
  treemacs-2.8/icons/default/nix.png
  treemacs-2.8/icons/default/ocaml.png
  treemacs-2.8/icons/default/pdf.png
  treemacs-2.8/icons/default/php.png
  treemacs-2.8/icons/default/project.png
  treemacs-2.8/icons/default/puppet.png
  treemacs-2.8/icons/default/purescript.png
  treemacs-2.8/icons/default/python.png
  treemacs-2.8/icons/default/racket.png
  treemacs-2.8/icons/default/rust.png
  treemacs-2.8/icons/default/sbt.png
  treemacs-2.8/icons/default/scala.png
  treemacs-2.8/icons/default/scons.png
  treemacs-2.8/icons/default/shell.png
  treemacs-2.8/icons/default/tags-closed.png
  treemacs-2.8/icons/default/tags-leaf.png
  treemacs-2.8/icons/default/tags-open.png
  treemacs-2.8/icons/default/tex.png
  treemacs-2.8/icons/default/ts.png
  treemacs-2.8/icons/default/txt.png
  treemacs-2.8/icons/default/vagrant.png
  treemacs-2.8/icons/default/video.png
  treemacs-2.8/icons/default/vsc/
  treemacs-2.8/icons/default/vsc/README.txt
  treemacs-2.8/icons/default/vsc/access.png
  treemacs-2.8/icons/default/vsc/ai.png
  treemacs-2.8/icons/default/vsc/alaw.png
  treemacs-2.8/icons/default/vsc/angular.png
  treemacs-2.8/icons/default/vsc/ansible.png
  treemacs-2.8/icons/default/vsc/antlr.png
  treemacs-2.8/icons/default/vsc/any.png
  treemacs-2.8/icons/default/vsc/apache.png
  treemacs-2.8/icons/default/vsc/apple.png
  treemacs-2.8/icons/default/vsc/appveyor.png
  treemacs-2.8/icons/default/vsc/arduino.png
  treemacs-2.8/icons/default/vsc/ascript.png
  treemacs-2.8/icons/default/vsc/asm.png
  treemacs-2.8/icons/default/vsc/asp.png
  treemacs-2.8/icons/default/vsc/autohk.png
  treemacs-2.8/icons/default/vsc/babel.png
  treemacs-2.8/icons/default/vsc/bat.png
  treemacs-2.8/icons/default/vsc/bazel.png
  treemacs-2.8/icons/default/vsc/binary.png
  treemacs-2.8/icons/default/vsc/bower.png
  treemacs-2.8/icons/default/vsc/bundler.png
  treemacs-2.8/icons/default/vsc/cargo.png
  treemacs-2.8/icons/default/vsc/cert.png
  treemacs-2.8/icons/default/vsc/cfscript.png
  treemacs-2.8/icons/default/vsc/class.png
  treemacs-2.8/icons/default/vsc/cmake.png
  treemacs-2.8/icons/default/vsc/cobol.png
  treemacs-2.8/icons/default/vsc/cpp.png
  treemacs-2.8/icons/default/vsc/cpph.png
  treemacs-2.8/icons/default/vsc/cucumber.png
  treemacs-2.8/icons/default/vsc/cython.png
  treemacs-2.8/icons/default/vsc/delphi.png
  treemacs-2.8/icons/default/vsc/deps.png
  treemacs-2.8/icons/default/vsc/diff.png
  treemacs-2.8/icons/default/vsc/dir-closed.png
  treemacs-2.8/icons/default/vsc/dir-open.png
  treemacs-2.8/icons/default/vsc/django.png
  treemacs-2.8/icons/default/vsc/dlang.png
  treemacs-2.8/icons/default/vsc/editorcfg.png
  treemacs-2.8/icons/default/vsc/elm.png
  treemacs-2.8/icons/default/vsc/elx.png
  treemacs-2.8/icons/default/vsc/erb.png
  treemacs-2.8/icons/default/vsc/eslint.png
  treemacs-2.8/icons/default/vsc/excel.png
  treemacs-2.8/icons/default/vsc/font.png
  treemacs-2.8/icons/default/vsc/fortran.png
  treemacs-2.8/icons/default/vsc/fsharp.png
  treemacs-2.8/icons/default/vsc/fsproj.png
  treemacs-2.8/icons/default/vsc/godot.png
  treemacs-2.8/icons/default/vsc/graphql.png
  treemacs-2.8/icons/default/vsc/helm.png
  treemacs-2.8/icons/default/vsc/jar.png
  treemacs-2.8/icons/default/vsc/java.png
  treemacs-2.8/icons/default/vsc/jenkins.png
  treemacs-2.8/icons/default/vsc/jupyter.png
  treemacs-2.8/icons/default/vsc/key.png
  treemacs-2.8/icons/default/vsc/less.png
  treemacs-2.8/icons/default/vsc/license.png
  treemacs-2.8/icons/default/vsc/lisp.png
  treemacs-2.8/icons/default/vsc/locale.png
  treemacs-2.8/icons/default/vsc/log.png
  treemacs-2.8/icons/default/vsc/lua.png
  treemacs-2.8/icons/default/vsc/make.png
  treemacs-2.8/icons/default/vsc/manifest.png
  treemacs-2.8/icons/default/vsc/maven.png
  treemacs-2.8/icons/default/vsc/meson.png
  treemacs-2.8/icons/default/vsc/nginx.png
  treemacs-2.8/icons/default/vsc/nim.png
  treemacs-2.8/icons/default/vsc/npm.png
  treemacs-2.8/icons/default/vsc/org.png
  treemacs-2.8/icons/default/vsc/patch.png
  treemacs-2.8/icons/default/vsc/perl.png
  treemacs-2.8/icons/default/vsc/perl6.png
  treemacs-2.8/icons/default/vsc/pgsql.png
  treemacs-2.8/icons/default/vsc/phpunit.png
  treemacs-2.8/icons/default/vsc/pip.png
  treemacs-2.8/icons/default/vsc/pkg.png
  treemacs-2.8/icons/default/vsc/plsql.png
  treemacs-2.8/icons/default/vsc/pp.png
  treemacs-2.8/icons/default/vsc/prettier.png
  treemacs-2.8/icons/default/vsc/prolog.png
  treemacs-2.8/icons/default/vsc/protobuf.png
  treemacs-2.8/icons/default/vsc/r.png
  treemacs-2.8/icons/default/vsc/rake.png
  treemacs-2.8/icons/default/vsc/reason.png
  treemacs-2.8/icons/default/vsc/root-closed.png
  treemacs-2.8/icons/default/vsc/root-open.png
  treemacs-2.8/icons/default/vsc/ruby.png
  treemacs-2.8/icons/default/vsc/scss.png
  treemacs-2.8/icons/default/vsc/sql.png
  treemacs-2.8/icons/default/vsc/sqlite.png
  treemacs-2.8/icons/default/vsc/swagger.png
  treemacs-2.8/icons/default/vsc/swift.png
  treemacs-2.8/icons/default/vsc/toml.png
  treemacs-2.8/icons/default/vsc/vim.png
  treemacs-2.8/icons/default/vsc/wasm.png
  treemacs-2.8/icons/default/vsc/xml.png
  treemacs-2.8/icons/default/vsc/yarn.png
  treemacs-2.8/icons/default/vsc/zip.png
  treemacs-2.8/icons/default/vue.png
  treemacs-2.8/icons/default/warning.png
  treemacs-2.8/icons/default/yaml.png
  treemacs-2.8/treemacs-async.el
  treemacs-2.8/treemacs-bookmarks.el
  treemacs-2.8/treemacs-compatibility.el
  treemacs-2.8/treemacs-core-utils.el
  treemacs-2.8/treemacs-customization.el
  treemacs-2.8/treemacs-diagnostics.el
  treemacs-2.8/treemacs-dirs-to-collapse.py
  treemacs-2.8/treemacs-dom.el
  treemacs-2.8/treemacs-extensions.el
  treemacs-2.8/treemacs-faces.el
  treemacs-2.8/treemacs-filewatch-mode.el
  treemacs-2.8/treemacs-follow-mode.el
  treemacs-2.8/treemacs-fringe-indicator.el
  treemacs-2.8/treemacs-git-status.py
  treemacs-2.8/treemacs-icons.el
  treemacs-2.8/treemacs-interface.el
  treemacs-2.8/treemacs-macros.el
  treemacs-2.8/treemacs-mode.el
  treemacs-2.8/treemacs-mouse-interface.el
  treemacs-2.8/treemacs-persistence.el
  treemacs-2.8/treemacs-pkg.el
  treemacs-2.8/treemacs-rendering.el
  treemacs-2.8/treemacs-scope.el
  treemacs-2.8/treemacs-single-file-git-status.py
  treemacs-2.8/treemacs-tag-follow-mode.el
  treemacs-2.8/treemacs-tags.el
  treemacs-2.8/treemacs-themes.el
  treemacs-2.8/treemacs-visuals.el
  treemacs-2.8/treemacs-workspaces.el
  treemacs-2.8/treemacs.el
Built treemacs in 5.041s, finished at 2021-08-17T11:38:18+0000
 ✓ Success:
4.0K -rw-r--r-- 1 root root  553 Aug 17 11:38 packages-stable/treemacs-2.8.entry
940K -rw-r--r-- 1 root root 940K Aug 17 11:38 packages-stable/treemacs-2.8.tar
4.0K -rw-r--r-- 1 root root  336 Aug 17 11:38 packages-stable/treemacs-all-the-icons.log
4.0K -rw-r--r-- 1 root root 1.2K Aug 17 11:38 packages-stable/treemacs-badge.svg
8.0K -rw-r--r-- 1 root root 4.7K Aug 17 11:38 packages-stable/treemacs-evil-2.8.el
4.0K -rw-r--r-- 1 root root  385 Aug 17 11:38 packages-stable/treemacs-evil-2.8.entry
4.0K -rw-r--r-- 1 root root 1.2K Aug 17 11:38 packages-stable/treemacs-evil-badge.svg
4.0K -rw-r--r-- 1 root root   27 Aug 17 11:38 packages-stable/treemacs-evil-readme.txt
4.0K -rw-r--r-- 1 root root  269 Aug 17 11:38 packages-stable/treemacs-evil.log
8.0K -rw-r--r-- 1 root root 6.9K Aug 17 08:13 packages-stable/treemacs-icons-dired-2.8.el
4.0K -rw-r--r-- 1 root root  404 Aug 17 08:13 packages-stable/treemacs-icons-dired-2.8.entry
4.0K -rw-r--r-- 1 root root 1.2K Aug 17 08:13 packages-stable/treemacs-icons-dired-badge.svg
4.0K -rw-r--r-- 1 root root   68 Aug 17 08:13 packages-stable/treemacs-icons-dired-readme.txt
4.0K -rw-r--r-- 1 root root  161 Aug 17 11:38 packages-stable/treemacs-icons-dired.log
8.0K -rw-r--r-- 1 root root 7.2K Aug 17 08:13 packages-stable/treemacs-magit-2.8.el
4.0K -rw-r--r-- 1 root root  416 Aug 17 08:13 packages-stable/treemacs-magit-2.8.entry
4.0K -rw-r--r-- 1 root root 1.2K Aug 17 08:13 packages-stable/treemacs-magit-badge.svg
4.0K -rw-r--r-- 1 root root  277 Aug 17 08:13 packages-stable/treemacs-magit-readme.txt
   0 -rw-r--r-- 1 root root    0 Aug 17 11:38 packages-stable/treemacs-magit.log
8.0K -rw-r--r-- 1 root root 5.1K Aug 17 08:13 packages-stable/treemacs-persp-2.8.el
4.0K -rw-r--r-- 1 root root  425 Aug 17 08:13 packages-stable/treemacs-persp-2.8.entry
4.0K -rw-r--r-- 1 root root 1.2K Aug 17 08:13 packages-stable/treemacs-persp-badge.svg
4.0K -rw-r--r-- 1 root root   69 Aug 17 08:13 packages-stable/treemacs-persp-readme.txt
   0 -rw-r--r-- 1 root root    0 Aug 17 11:38 packages-stable/treemacs-persp.log
   0 -rw-r--r-- 1 root root    0 Aug 17 11:38 packages-stable/treemacs-perspective.log
8.0K -rw-r--r-- 1 root root 4.1K Aug 17 08:13 packages-stable/treemacs-projectile-2.8.el
4.0K -rw-r--r-- 1 root root  443 Aug 17 08:13 packages-stable/treemacs-projectile-2.8.entry
4.0K -rw-r--r-- 1 root root 1.2K Aug 17 08:13 packages-stable/treemacs-projectile-badge.svg
4.0K -rw-r--r-- 1 root root   38 Aug 17 08:13 packages-stable/treemacs-projectile-readme.txt
   0 -rw-r--r-- 1 root root    0 Aug 17 11:38 packages-stable/treemacs-projectile.log
4.0K -rw-r--r-- 1 root root   54 Aug 17 11:38 packages-stable/treemacs-readme.txt
