Package: tree-sitter-langs
Fetcher: github
Source:  https://github.com/emacs-tree-sitter/tree-sitter-langs.git

Updating /mnt/store/melpa/working/tree-sitter-langs/
Checking out 982e19879a38eea99707d05bb19933a6eae99563
Copying files (->) and directories (=>)
  from /mnt/store/melpa/working/tree-sitter-langs/
  to /tmp/tree-sitter-langsXgsRDk/tree-sitter-langs-0.10.4
    tree-sitter-langs-build.el -> tree-sitter-langs-build.el
    tree-sitter-langs.el -> tree-sitter-langs.el
    queries => queries
Created tree-sitter-langs-0.10.4.tar containing:
  tree-sitter-langs-0.10.4/
  tree-sitter-langs-0.10.4/queries/
  tree-sitter-langs-0.10.4/queries/bash/
  tree-sitter-langs-0.10.4/queries/bash/highlights.scm
  tree-sitter-langs-0.10.4/queries/c/
  tree-sitter-langs-0.10.4/queries/c/highlights.scm
  tree-sitter-langs-0.10.4/queries/cpp/
  tree-sitter-langs-0.10.4/queries/cpp/highlights.scm
  tree-sitter-langs-0.10.4/queries/css/
  tree-sitter-langs-0.10.4/queries/css/highlights.scm
  tree-sitter-langs-0.10.4/queries/go/
  tree-sitter-langs-0.10.4/queries/go/highlights.scm
  tree-sitter-langs-0.10.4/queries/hcl/
  tree-sitter-langs-0.10.4/queries/hcl/highlights.scm
  tree-sitter-langs-0.10.4/queries/html/
  tree-sitter-langs-0.10.4/queries/html/highlights.scm
  tree-sitter-langs-0.10.4/queries/java/
  tree-sitter-langs-0.10.4/queries/java/highlights.scm
  tree-sitter-langs-0.10.4/queries/javascript/
  tree-sitter-langs-0.10.4/queries/javascript/highlights.scm
  tree-sitter-langs-0.10.4/queries/json/
  tree-sitter-langs-0.10.4/queries/json/highlights.scm
  tree-sitter-langs-0.10.4/queries/ocaml/
  tree-sitter-langs-0.10.4/queries/ocaml/highlights.scm
  tree-sitter-langs-0.10.4/queries/pgn/
  tree-sitter-langs-0.10.4/queries/pgn/highlights.scm
  tree-sitter-langs-0.10.4/queries/php/
  tree-sitter-langs-0.10.4/queries/php/highlights.scm
  tree-sitter-langs-0.10.4/queries/python/
  tree-sitter-langs-0.10.4/queries/python/highlights.scm
  tree-sitter-langs-0.10.4/queries/ruby/
  tree-sitter-langs-0.10.4/queries/ruby/highlights.scm
  tree-sitter-langs-0.10.4/queries/rust/
  tree-sitter-langs-0.10.4/queries/rust/highlights.scm
  tree-sitter-langs-0.10.4/queries/tsx/
  tree-sitter-langs-0.10.4/queries/tsx/highlights.scm
  tree-sitter-langs-0.10.4/queries/typescript/
  tree-sitter-langs-0.10.4/queries/typescript/highlights.scm
  tree-sitter-langs-0.10.4/tree-sitter-langs-build.el
  tree-sitter-langs-0.10.4/tree-sitter-langs-pkg.el
  tree-sitter-langs-0.10.4/tree-sitter-langs.el
Built tree-sitter-langs in 5.407s, finished at 2021-08-17T11:38:17+0000
 ✓ Success:
4.0K -rw-r--r-- 1 root root  490 Aug 17 11:38 packages-stable/tree-sitter-langs-0.10.4.entry
 92K -rw-r--r-- 1 root root  90K Aug 17 11:38 packages-stable/tree-sitter-langs-0.10.4.tar
4.0K -rw-r--r-- 1 root root 1.2K Aug 17 11:38 packages-stable/tree-sitter-langs-badge.svg
4.0K -rw-r--r-- 1 root root 1.1K Aug 17 11:38 packages-stable/tree-sitter-langs-readme.txt
