Package: trr
Fetcher: github
Source:  https://github.com/kawabata/emacs-trr.git

Updating /mnt/store/melpa/working/trr/
Checking out 6d1eb97a9d51c8cd45d9510432da96a11099ac02
Copying files (->) and directories (=>)
  from /mnt/store/melpa/working/trr/
  to /tmp/trrm9XUkb/trr-2.0.0
    trr-files.el -> trr-files.el
    trr-graphs.el -> trr-graphs.el
    trr-menus.el -> trr-menus.el
    trr-mesg.el -> trr-mesg.el
    trr-sess.el -> trr-sess.el
    trr.el -> trr.el
    trr.info -> trr.info
    trr.texi -> trr.texi
    record => record
    text => text
    CONTENTS -> CONTENTS
Created trr-2.0.0.tar containing:
  trr-2.0.0/
  trr-2.0.0/CONTENTS
  trr-2.0.0/dir
  trr-2.0.0/record/
  trr-2.0.0/record/SCORES-CA
  trr-2.0.0/record/SCORES-CJ
  trr-2.0.0/record/SCORES-EL
  trr-2.0.0/record/SCORES-IC
  trr-2.0.0/record/SCORES-JV
  trr-2.0.0/record/SCORES-OC
  trr-2.0.0/record/SCORES-PY
  trr-2.0.0/record/SCORES-TR
  trr-2.0.0/text/
  trr-2.0.0/text/C_programs
  trr-2.0.0/text/C_programs.formed
  trr-2.0.0/text/Constitution_of_the_USA
  trr-2.0.0/text/Constitution_of_the_USA.formed
  trr-2.0.0/text/Elisp_programs
  trr-2.0.0/text/Elisp_programs.formed
  trr-2.0.0/text/Iccad_90
  trr-2.0.0/text/Iccad_90.formed
  trr-2.0.0/text/Java_programs
  trr-2.0.0/text/Java_programs.formed
  trr-2.0.0/text/Ocaml_programs
  trr-2.0.0/text/Ocaml_programs.formed
  trr-2.0.0/text/Python_programs
  trr-2.0.0/text/Python_programs.formed
  trr-2.0.0/text/The_Constitution_Of_JAPAN
  trr-2.0.0/text/The_Constitution_Of_JAPAN.formed
  trr-2.0.0/trr-files.el
  trr-2.0.0/trr-graphs.el
  trr-2.0.0/trr-menus.el
  trr-2.0.0/trr-mesg.el
  trr-2.0.0/trr-pkg.el
  trr-2.0.0/trr-sess.el
  trr-2.0.0/trr.el
  trr-2.0.0/trr.info
Built trr in 3.735s, finished at 2021-08-17T11:38:28+0000
 ✓ Success:
4.0K -rw-r--r-- 1 root root  443 Aug 17 11:38 packages-stable/trr-2.0.0.entry
460K -rw-r--r-- 1 root root 460K Aug 17 11:38 packages-stable/trr-2.0.0.tar
4.0K -rw-r--r-- 1 root root 1.2K Aug 17 11:38 packages-stable/trr-badge.svg
4.0K -rw-r--r-- 1 root root  772 Aug 17 11:38 packages-stable/trr-readme.txt
