Package: vc-msg
Fetcher: github
Source:  https://github.com/redguardtoo/vc-msg.git

Updating /mnt/store/melpa/working/vc-msg/
Copying files (->) and directories (=>)
  from /mnt/store/melpa/working/vc-msg/
  to /tmp/vc-msgwNCyCz/vc-msg-1.1.0
    vc-msg-git.el -> vc-msg-git.el
    vc-msg-hg.el -> vc-msg-hg.el
    vc-msg-p4.el -> vc-msg-p4.el
    vc-msg-sdk.el -> vc-msg-sdk.el
    vc-msg-svn.el -> vc-msg-svn.el
    vc-msg.el -> vc-msg.el
Created vc-msg-1.1.0.tar containing:
  vc-msg-1.1.0/
  vc-msg-1.1.0/vc-msg-git.el
  vc-msg-1.1.0/vc-msg-hg.el
  vc-msg-1.1.0/vc-msg-p4.el
  vc-msg-1.1.0/vc-msg-pkg.el
  vc-msg-1.1.0/vc-msg-sdk.el
  vc-msg-1.1.0/vc-msg-svn.el
  vc-msg-1.1.0/vc-msg.el
Built vc-msg in 3.003s, finished at Wed May 19 01:53:52 2021
 ✓ Success:
4.0K -rw-r--r-- 1 root root  402 May 19 01:53 packages-stable/vc-msg-1.1.0.entry
 52K -rw-r--r-- 1 root root  50K May 19 01:53 packages-stable/vc-msg-1.1.0.tar
4.0K -rw-r--r-- 1 root root 1.2K May 19 01:53 packages-stable/vc-msg-badge.svg
4.0K -rw-r--r-- 1 root root 2.4K May 19 01:53 packages-stable/vc-msg-readme.txt
