Package: vulpea
Fetcher: github
Source:  https://github.com/d12frosted/vulpea.git

Updating /mnt/store/melpa/working/vulpea/
Copying files (->) and directories (=>)
  from /mnt/store/melpa/working/vulpea/
  to /tmp/vulpeaudlUvE/vulpea-0.1.1
    vulpea-db.el -> vulpea-db.el
    vulpea-meta.el -> vulpea-meta.el
    vulpea-note.el -> vulpea-note.el
    vulpea-utils.el -> vulpea-utils.el
    vulpea.el -> vulpea.el
Created vulpea-0.1.1.tar containing:
  vulpea-0.1.1/
  vulpea-0.1.1/vulpea-db.el
  vulpea-0.1.1/vulpea-meta.el
  vulpea-0.1.1/vulpea-note.el
  vulpea-0.1.1/vulpea-pkg.el
  vulpea-0.1.1/vulpea-utils.el
  vulpea-0.1.1/vulpea.el
Built vulpea in 3.284s, finished at Wed May 19 01:54:28 2021
 ✓ Success:
4.0K -rw-r--r-- 1 root root  390 May 19 01:54 packages-stable/vulpea-0.1.1.entry
 40K -rw-r--r-- 1 root root  40K May 19 01:54 packages-stable/vulpea-0.1.1.tar
4.0K -rw-r--r-- 1 root root 1.2K May 19 01:54 packages-stable/vulpea-badge.svg
4.0K -rw-r--r-- 1 root root  170 May 19 01:54 packages-stable/vulpea-readme.txt
