Package: wandbox
Fetcher: github
Source:  https://github.com/kosh04/emacs-wandbox.git

Updating /mnt/store/melpa/working/wandbox/
Copying files (->) and directories (=>)
  from /mnt/store/melpa/working/wandbox/
  to /tmp/wandboxfQbZoc/wandbox-0.6.4
    tls-patch.el -> tls-patch.el
    wandbox.el -> wandbox.el
Created wandbox-0.6.4.tar containing:
  wandbox-0.6.4/
  wandbox-0.6.4/tls-patch.el
  wandbox-0.6.4/wandbox-pkg.el
  wandbox-0.6.4/wandbox.el
Built wandbox in 3.265s, finished at Wed May 19 01:54:37 2021
 ✓ Success:
4.0K -rw-r--r-- 1 root root  403 May 19 01:54 packages-stable/wandbox-0.6.4.entry
 40K -rw-r--r-- 1 root root  40K May 19 01:54 packages-stable/wandbox-0.6.4.tar
4.0K -rw-r--r-- 1 root root 1.2K May 19 01:54 packages-stable/wandbox-badge.svg
4.0K -rw-r--r-- 1 root root 1.3K May 19 01:54 packages-stable/wandbox-readme.txt
