Package: weather-metno
Fetcher: github
Source:  https://github.com/ruediger/weather-metno-el.git

Updating /mnt/store/melpa/working/weather-metno/
Copying files (->) and directories (=>)
  from /mnt/store/melpa/working/weather-metno/
  to /tmp/weather-metnoW7QYdR/weather-metno-0.1.0
    org-weather-metno.el -> org-weather-metno.el
    weather-metno-mode-line.el -> weather-metno-mode-line.el
    weather-metno-query.el -> weather-metno-query.el
    weather-metno.el -> weather-metno.el
  ! weather-metno-pkg.el.in -> weather-metno-pkg.el
Created weather-metno-0.1.0.tar containing:
  weather-metno-0.1.0/
  weather-metno-0.1.0/org-weather-metno.el
  weather-metno-0.1.0/weather-metno-mode-line.el
  weather-metno-0.1.0/weather-metno-pkg.el
  weather-metno-0.1.0/weather-metno-query.el
  weather-metno-0.1.0/weather-metno.el
Built weather-metno in 3.620s, finished at Wed May 19 01:54:41 2021
 ✓ Success:
4.0K -rw-r--r-- 1 root root  396 May 19 01:54 packages-stable/weather-metno-0.1.0.entry
 60K -rw-r--r-- 1 root root  60K May 19 01:54 packages-stable/weather-metno-0.1.0.tar
4.0K -rw-r--r-- 1 root root 1.2K May 19 01:54 packages-stable/weather-metno-badge.svg
4.0K -rw-r--r-- 1 root root   87 May 19 01:54 packages-stable/weather-metno-readme.txt
