Package: web-mode-edit-element
Fetcher: github
Source:  https://github.com/jtkDvlp/web-mode-edit-element.git

Updating /mnt/store/melpa/working/web-mode-edit-element/
Checking out f7bcfccc7d24d5aabdb77ccc94514dbd1b359e49
Copying files (->) and directories (=>)
  from /mnt/store/melpa/working/web-mode-edit-element/
  to /tmp/web-mode-edit-elementcmjzwo/web-mode-edit-element-2.3
    web-mode-edit-element-attributes.el -> web-mode-edit-element-attributes.el
    web-mode-edit-element-elements.el -> web-mode-edit-element-elements.el
    web-mode-edit-element-utils.el -> web-mode-edit-element-utils.el
    web-mode-edit-element.el -> web-mode-edit-element.el
Created web-mode-edit-element-2.3.tar containing:
  web-mode-edit-element-2.3/
  web-mode-edit-element-2.3/web-mode-edit-element-attributes.el
  web-mode-edit-element-2.3/web-mode-edit-element-elements.el
  web-mode-edit-element-2.3/web-mode-edit-element-pkg.el
  web-mode-edit-element-2.3/web-mode-edit-element-utils.el
  web-mode-edit-element-2.3/web-mode-edit-element.el
Built web-mode-edit-element in 3.981s, finished at 2021-08-17T11:40:30+0000
 ✓ Success:
4.0K -rw-r--r-- 1 root root  469 Aug 17 11:40 packages-stable/web-mode-edit-element-2.3.entry
 20K -rw-r--r-- 1 root root  20K Aug 17 11:40 packages-stable/web-mode-edit-element-2.3.tar
4.0K -rw-r--r-- 1 root root 1.2K Aug 17 11:40 packages-stable/web-mode-edit-element-badge.svg
4.0K -rw-r--r-- 1 root root  752 Aug 17 11:40 packages-stable/web-mode-edit-element-readme.txt
