Package: xcode-project
Fetcher: github
Source:  https://github.com/nhojb/xcode-project.git

Updating /mnt/store/melpa/working/xcode-project/
Copying files (->) and directories (=>)
  from /mnt/store/melpa/working/xcode-project/
  to /tmp/xcode-projectlIXhCa/xcode-project-1.0.0
    xcode-parser.el -> xcode-parser.el
    xcode-project.el -> xcode-project.el
Created xcode-project-1.0.0.tar containing:
  xcode-project-1.0.0/
  xcode-project-1.0.0/xcode-parser.el
  xcode-project-1.0.0/xcode-project-pkg.el
  xcode-project-1.0.0/xcode-project.el
Built xcode-project in 3.072s, finished at Wed May 19 01:55:55 2021
 ✓ Success:
4.0K -rw-r--r-- 1 root root  374 May 19 01:55 packages-stable/xcode-project-1.0.0.entry
 40K -rw-r--r-- 1 root root  40K May 19 01:55 packages-stable/xcode-project-1.0.0.tar
4.0K -rw-r--r-- 1 root root 1.2K May 19 01:55 packages-stable/xcode-project-badge.svg
4.0K -rw-r--r-- 1 root root 1.1K May 19 01:55 packages-stable/xcode-project-readme.txt
