Package: zetteldeft
Fetcher: github
Source:  https://github.com/EFLS/zetteldeft.git

Updating /mnt/store/melpa/working/zetteldeft/
Copying files (->) and directories (=>)
  from /mnt/store/melpa/working/zetteldeft/
  to /tmp/zetteldeftNcoURc/zetteldeft-0.3
    zetteldeft.el -> zetteldeft.el
    zetteldeft.org -> zetteldeft.org
Created zetteldeft-0.3.tar containing:
  zetteldeft-0.3/
  zetteldeft-0.3/zetteldeft-pkg.el
  zetteldeft-0.3/zetteldeft.el
  zetteldeft-0.3/zetteldeft.org
Built zetteldeft in 2.890s, finished at Wed May 19 01:56:43 2021
 ✓ Success:
4.0K -rw-r--r-- 1 root root  406 May 19 01:56 packages-stable/zetteldeft-0.3.entry
100K -rw-r--r-- 1 root root 100K May 19 01:56 packages-stable/zetteldeft-0.3.tar
4.0K -rw-r--r-- 1 root root 1.2K May 19 01:56 packages-stable/zetteldeft-badge.svg
4.0K -rw-r--r-- 1 root root  435 May 19 01:56 packages-stable/zetteldeft-readme.txt
