Package: zmq
Fetcher: github
Source:  https://github.com/nnicandro/emacs-zmq.git

Updating /mnt/store/melpa/working/zmq/
Checking out 6b20e2361e78d12de1eeb671ce7ea49c7cc46fec
Copying files (->) and directories (=>)
  from /mnt/store/melpa/working/zmq/
  to /tmp/zmqwN3dOk/zmq-0.10.10
    zmq.el -> zmq.el
    Makefile -> Makefile
    src => src
Created zmq-0.10.10.tar containing:
  zmq-0.10.10/
  zmq-0.10.10/Makefile
  zmq-0.10.10/src/
  zmq-0.10.10/src/Makefile.am
  zmq-0.10.10/src/configure.ac
  zmq-0.10.10/src/constants.c
  zmq-0.10.10/src/context.c
  zmq-0.10.10/src/context.h
  zmq-0.10.10/src/core.c
  zmq-0.10.10/src/core.h
  zmq-0.10.10/src/emacs-module.h
  zmq-0.10.10/src/emacs-zmq.c
  zmq-0.10.10/src/emacs-zmq.h
  zmq-0.10.10/src/msg.c
  zmq-0.10.10/src/msg.h
  zmq-0.10.10/src/poll.c
  zmq-0.10.10/src/poll.h
  zmq-0.10.10/src/socket.c
  zmq-0.10.10/src/socket.h
  zmq-0.10.10/src/util.c
  zmq-0.10.10/src/util.h
  zmq-0.10.10/zmq-pkg.el
  zmq-0.10.10/zmq.el
Built zmq in 3.765s, finished at 2021-08-17T11:42:59+0000
 ✓ Success:
4.0K -rw-r--r-- 1 root root  393 Aug 17 11:42 packages-stable/zmq-0.10.10.entry
152K -rw-r--r-- 1 root root 150K Aug 17 11:42 packages-stable/zmq-0.10.10.tar
4.0K -rw-r--r-- 1 root root 1.2K Aug 17 11:42 packages-stable/zmq-badge.svg
4.0K -rw-r--r-- 1 root root   60 Aug 17 11:42 packages-stable/zmq-readme.txt
